803,2026-04-01 16:44:02.905796+00:00,4672,Microsoft-Windows-Security-Auditing,,,,,,,,,,,,,,,,,,,,,,,,,,,,,,,,,,,,,,,,,,,,,,,,,,,,,,,,,,,,,,,,,,,,,,,,,,,,,,,,,,,,,"SeAssignPrimaryTokenPrivilege
			SeTcbPrivilege
			SeSecurityPrivilege
			SeTakeOwnershipPrivilege
			SeLoadDriverPrivilege
			SeBackupPrivilege
			SeRestorePrivilege
			SeDebugPrivilege
			SeAuditPrivilege
			SeSystemEnvironmentPrivilege
			SeImpersonatePrivilege
			SeDelegateSessionUserImpersonatePrivilege",,,,,,,,,,,,,,,,,,,,,NT AUTHORITY,0x00000000000003e7,SYSTEM,S-1-5-18,,,,,,,,,,,,,,,,,,,,,,,,,,,
804,2026-04-01 16:46:55.962854+00:00,4624,Microsoft-Windows-Security-Auditing,,,,,,,,,,Negotiate,,,,,,,,,,,,,,,%%1842,,,,,,,,,,,,%%1833,-,-,,,0,,,,-,,,,,{00000000-0000-0000-0000-000000000000},,Advapi  ,5,,,,,,,,,,,,,,,,,,,,,,,,,,,,,,,,,0x00000000000002e4,C:\Windows\System32\services.exe,,,,,,-,,,,,-,,,,,,,WORKGROUP,0x00000000000003e7,NORMALVM$,S-1-5-18,NT AUTHORITY,,0x0000000000000000,,0x00000000000003e7,,-,-,,,,,SYSTEM,S-1-5-18,,,,-,,,,,,%%1843,,,-
805,2026-04-01 16:46:55.962885+00:00,4672,Microsoft-Windows-Security-Auditing,,,,,,,,,,,,,,,,,,,,,,,,,,,,,,,,,,,,,,,,,,,,,,,,,,,,,,,,,,,,,,,,,,,,,,,,,,,,,,,,,,,,,"SeAssignPrimaryTokenPrivilege
			SeTcbPrivilege
			SeSecurityPrivilege
			SeTakeOwnershipPrivilege
			SeLoadDriverPrivilege
			SeBackupPrivilege
			SeRestorePrivilege
			SeDebugPrivilege
			SeAuditPrivilege
			SeSystemEnvironmentPrivilege
			SeImpersonatePrivilege
			SeDelegateSessionUserImpersonatePrivilege",,,,,,,,,,,,,,,,,,,,,NT AUTHORITY,0x00000000000003e7,SYSTEM,S-1-5-18,,,,,,,,,,,,,,,,,,,,,,,,,,,
806,2026-04-01 16:46:56.414209+00:00,5379,Microsoft-Windows-Security-Auditing,,,,,,,,,,,,,,2452,,,0,,,,,,,,,,,,,,,,,,,,,,,,,,,,,,,,,,,,,,,,,,,,,,,,,,,,,,,,,,,,,,,,,,,,,2026-04-01 16:43:51.213001+00:00,,,,,,,%%8100,,,,,,,3221226021,,,,,,WORKGROUP,0x00000000000003e7,NORMALVM$,S-1-5-18,,,,,,MicrosoftAccount:user=02gbacshevaotnyn,,,,,,,,,,,,,0,,,,,,,,
807,2026-04-01 16:46:56.414274+00:00,5379,Microsoft-Windows-Security-Auditing,,,,,,,,,,,,,,2452,,,0,,,,,,,,,,,,,,,,,,,,,,,,,,,,,,,,,,,,,,,,,,,,,,,,,,,,,,,,,,,,,,,,,,,,,2026-04-01 16:43:51.213001+00:00,,,,,,,%%8100,,,,,,,3221226021,,,,,,WORKGROUP,0x00000000000003e7,NORMALVM$,S-1-5-18,,,,,,WindowsLive:(token):name=02gbacshevaotnyn;serviceuri=*,,,,,,,,,,,,,0,,,,,,,,
808,2026-04-01 16:46:56.414648+00:00,5379,Microsoft-Windows-Security-Auditing,,,,,,,,,,,,,,2452,,,0,,,,,,,,,,,,,,,,,,,,,,,,,,,,,,,,,,,,,,,,,,,,,,,,,,,,,,,,,,,,,,,,,,,,,2026-04-01 16:43:51.213001+00:00,,,,,,,%%8100,,,,,,,3221226021,,,,,,WORKGROUP,0x00000000000003e7,NORMALVM$,S-1-5-18,,,,,,WindowsLive:(cert):name=02gbacshevaotnyn;serviceuri=*,,,,,,,,,,,,,0,,,,,,,,
809,2026-04-01 16:46:56.693918+00:00,5379,Microsoft-Windows-Security-Auditing,,,,,,,,,,,,,,2452,,,0,,,,,,,,,,,,,,,,,,,,,,,,,,,,,,,,,,,,,,,,,,,,,,,,,,,,,,,,,,,,,,,,,,,,,2026-04-01 16:43:51.213001+00:00,,,,,,,%%8100,,,,,,,3221226021,,,,,,WORKGROUP,0x00000000000003e7,NORMALVM$,S-1-5-18,,,,,,MicrosoftAccount:user=02gbacshevaotnyn,,,,,,,,,,,,,0,,,,,,,,
810,2026-04-01 16:46:56.694216+00:00,5379,Microsoft-Windows-Security-Auditing,,,,,,,,,,,,,,2452,,,0,,,,,,,,,,,,,,,,,,,,,,,,,,,,,,,,,,,,,,,,,,,,,,,,,,,,,,,,,,,,,,,,,,,,,2026-04-01 16:43:51.213001+00:00,,,,,,,%%8100,,,,,,,3221226021,,,,,,WORKGROUP,0x00000000000003e7,NORMALVM$,S-1-5-18,,,,,,MicrosoftAccount:user=02gbacshevaotnyn,,,,,,,,,,,,,0,,,,,,,,
811,2026-04-01 16:46:56.698408+00:00,5379,Microsoft-Windows-Security-Auditing,,,,,,,,,,,,,,2452,,,0,,,,,,,,,,,,,,,,,,,,,,,,,,,,,,,,,,,,,,,,,,,,,,,,,,,,,,,,,,,,,,,,,,,,,2026-04-01 16:43:51.213001+00:00,,,,,,,%%8100,,,,,,,3221226021,,,,,,WORKGROUP,0x00000000000003e7,NORMALVM$,S-1-5-18,,,,,,MicrosoftAccount:user=02gbacshevaotnyn,,,,,,,,,,,,,0,,,,,,,,
812,2026-04-01 16:46:56.698503+00:00,5379,Microsoft-Windows-Security-Auditing,,,,,,,,,,,,,,2452,,,0,,,,,,,,,,,,,,,,,,,,,,,,,,,,,,,,,,,,,,,,,,,,,,,,,,,,,,,,,,,,,,,,,,,,,2026-04-01 16:43:51.213001+00:00,,,,,,,%%8100,,,,,,,3221226021,,,,,,WORKGROUP,0x00000000000003e7,NORMALVM$,S-1-5-18,,,,,,MicrosoftAccount:user=02gbacshevaotnyn,,,,,,,,,,,,,0,,,,,,,,
813,2026-04-01 16:47:57.238430+00:00,4728,Microsoft-Windows-Security-Auditing,,,,,,,,,,,,,,,,,,,,,,,,,,,,,,,,,,,,,,,,,,,,,,,,,,,,,,,,,,-,S-1-5-21-2352865859-2334931103-2005901029-1001,,,,,,,,,,,,,,,,,,,,,,,,,,-,,,,,,,,,,,,,,,,,,,,,WORKGROUP,0x00000000000003e7,NORMALVM$,S-1-5-18,NormalVM,,,,,,,,,,,S-1-5-21-2352865859-2334931103-2005901029-513,None,,,,,,,,,,,,,,
814,2026-04-01 16:47:57.238894+00:00,4720,Microsoft-Windows-Security-Auditing,,,,,,%%1794,,,-,,,,,,,,,,%%1793,,,,,,,,,,,,%%1793,%%1793,,,,,,,,,,,,,,,,,,,,%%1797,,,,,,,,,,,,,,,,,0x15,,,,,,,0x0,,,,,%%1794,,,513,-,,,,%%1793,,,,,,,,,,,,pizza,,,%%1793,-,WORKGROUP,0x00000000000003e7,NORMALVM$,S-1-5-18,NormalVM,,,,,,,,,,,S-1-5-21-2352865859-2334931103-2005901029-1001,pizza,,,,,,,"
		%%2080
		%%2082
		%%2084",%%1793,-,%%1793,,,,
815,2026-04-01 16:47:57.240011+00:00,4732,Microsoft-Windows-Security-Auditing,,,,,,,,,,,,,,,,,,,,,,,,,,,,,,,,,,,,,,,,,,,,,,,,,,,,,,,,,,-,S-1-5-21-2352865859-2334931103-2005901029-1001,,,,,,,,,,,,,,,,,,,,,,,,,,-,,,,,,,,,,,,,,,,,,,,,WORKGROUP,0x00000000000003e7,NORMALVM$,S-1-5-18,Builtin,,,,,,,,,,,S-1-5-32-545,Users,,,,,,,,,,,,,,
816,2026-04-01 16:47:57.240194+00:00,4732,Microsoft-Windows-Security-Auditing,,,,,,,,,,,,,,,,,,,,,,,,,,,,,,,,,,,,,,,,,,,,,,,,,,,,,,,,,,-,S-1-5-21-2352865859-2334931103-2005901029-1001,,,,,,,,,,,,,,,,,,,,,,,,,,-,,,,,,,,,,,,,,,,,,,,,WORKGROUP,0x00000000000003e7,NORMALVM$,S-1-5-18,Builtin,,,,,,,,,,,S-1-5-32-544,Administrators,,,,,,,,,,,,,,
817,2026-04-01 16:47:57.295542+00:00,4724,Microsoft-Windows-Security-Auditing,,,,,,,,,,,,,,,,,,,,,,,,,,,,,,,,,,,,,,,,,,,,,,,,,,,,,,,,,,,,,,,,,,,,,,,,,,,,,,,,,,,,,,,,,,,,,,,,,,,,,,,,,,WORKGROUP,0x00000000000003e7,NORMALVM$,S-1-5-18,NormalVM,,,,,,,,,,,S-1-5-21-2352865859-2334931103-2005901029-1001,pizza,,,,,,,,,,,,,,
818,2026-04-01 16:47:57.298208+00:00,4722,Microsoft-Windows-Security-Auditing,,,,,,,,,,,,,,,,,,,,,,,,,,,,,,,,,,,,,,,,,,,,,,,,,,,,,,,,,,,,,,,,,,,,,,,,,,,,,,,,,,,,,,,,,,,,,,,,,,,,,,,,,,WORKGROUP,0x00000000000003e7,NORMALVM$,S-1-5-18,NormalVM,,,,,,,,,,,S-1-5-21-2352865859-2334931103-2005901029-1001,pizza,,,,,,,,,,,,,,
819,2026-04-01 16:47:57.298225+00:00,4738,Microsoft-Windows-Security-Auditing,,,,,,-,,,-,,,,,,,,,,-,,,,,-,,,,,,,-,-,,,,,,,,,,,,,,,,,,,,-,,,,,,,,,,,,,,,,,0x210,,,,,,,0x15,,,,,-,,,-,-,,,,-,,,,,,,,,,,,-,,,-,-,WORKGROUP,0x00000000000003e7,NORMALVM$,S-1-5-18,NormalVM,,,,,,,,,,,S-1-5-21-2352865859-2334931103-2005901029-1001,pizza,,,,,,,"
		%%2048
		%%2050
		%%2089",-,-,-,,,,
820,2026-04-01 16:47:57.298326+00:00,4738,Microsoft-Windows-Security-Auditing,,,,,,-,,,-,,,,,,,,,,-,,,,,-,,,,,,,-,-,,,,,,,,,,,,,,,,,,,,-,,,,,,,,,,,,,,,,,-,,,,,,,-,,,,,-,,,-,-,,,,-,,,,,,,,,,,,-,,,-,-,WORKGROUP,0x00000000000003e7,NORMALVM$,S-1-5-18,NormalVM,,,,,,,,,,,S-1-5-21-2352865859-2334931103-2005901029-1001,pizza,,,,,,,-,-,-,-,,,,
821,2026-04-01 16:47:57.307333+00:00,5379,Microsoft-Windows-Security-Auditing,,,,,,,,,,,,,,2452,,,0,,,,,,,,,,,,,,,,,,,,,,,,,,,,,,,,,,,,,,,,,,,,,,,,,,,,,,,,,,,,,,,,,,,,,2026-04-01 16:43:51.213001+00:00,,,,,,,%%8100,,,,,,,3221226021,,,,,,WORKGROUP,0x00000000000003e7,NORMALVM$,S-1-5-18,,,,,,MicrosoftAccount:user=pizzahuthacker@gmail.com,,,,,,,,,,,,,0,,,,,,,,
822,2026-04-01 16:47:57.307381+00:00,5379,Microsoft-Windows-Security-Auditing,,,,,,,,,,,,,,2452,,,0,,,,,,,,,,,,,,,,,,,,,,,,,,,,,,,,,,,,,,,,,,,,,,,,,,,,,,,,,,,,,,,,,,,,,2026-04-01 16:43:51.213001+00:00,,,,,,,%%8100,,,,,,,3221226021,,,,,,WORKGROUP,0x00000000000003e7,NORMALVM$,S-1-5-18,,,,,,MicrosoftAccount:user=pizzahuthacker@gmail.com,,,,,,,,,,,,,0,,,,,,,,
823,2026-04-01 16:47:57.307411+00:00,5379,Microsoft-Windows-Security-Auditing,,,,,,,,,,,,,,2452,,,0,,,,,,,,,,,,,,,,,,,,,,,,,,,,,,,,,,,,,,,,,,,,,,,,,,,,,,,,,,,,,,,,,,,,,2026-04-01 16:43:51.213001+00:00,,,,,,,%%8100,,,,,,,3221226021,,,,,,WORKGROUP,0x00000000000003e7,NORMALVM$,S-1-5-18,,,,,,MicrosoftAccount:user=pizzahuthacker@gmail.com,,,,,,,,,,,,,0,,,,,,,,
824,2026-04-01 16:47:57.698593+00:00,5379,Microsoft-Windows-Security-Auditing,,,,,,,,,,,,,,2452,,,0,,,,,,,,,,,,,,,,,,,,,,,,,,,,,,,,,,,,,,,,,,,,,,,,,,,,,,,,,,,,,,,,,,,,,2026-04-01 16:43:51.213001+00:00,,,,,,,%%8100,,,,,,,3221226021,,,,,,WORKGROUP,0x00000000000003e7,NORMALVM$,S-1-5-18,,,,,,MicrosoftAccount:user=pizzahuthacker@gmail.com,,,,,,,,,,,,,0,,,,,,,,
825,2026-04-01 16:47:57.698643+00:00,5379,Microsoft-Windows-Security-Auditing,,,,,,,,,,,,,,2452,,,0,,,,,,,,,,,,,,,,,,,,,,,,,,,,,,,,,,,,,,,,,,,,,,,,,,,,,,,,,,,,,,,,,,,,,2026-04-01 16:43:51.213001+00:00,,,,,,,%%8100,,,,,,,3221226021,,,,,,WORKGROUP,0x00000000000003e7,NORMALVM$,S-1-5-18,,,,,,MicrosoftAccount:user=pizzahuthacker@gmail.com,,,,,,,,,,,,,0,,,,,,,,
826,2026-04-01 16:47:57.698683+00:00,5379,Microsoft-Windows-Security-Auditing,,,,,,,,,,,,,,2452,,,0,,,,,,,,,,,,,,,,,,,,,,,,,,,,,,,,,,,,,,,,,,,,,,,,,,,,,,,,,,,,,,,,,,,,,2026-04-01 16:43:51.213001+00:00,,,,,,,%%8100,,,,,,,3221226021,,,,,,WORKGROUP,0x00000000000003e7,NORMALVM$,S-1-5-18,,,,,,MicrosoftAccount:user=pizzahuthacker@gmail.com,,,,,,,,,,,,,0,,,,,,,,
827,2026-04-01 16:47:57.698711+00:00,5379,Microsoft-Windows-Security-Auditing,,,,,,,,,,,,,,2452,,,0,,,,,,,,,,,,,,,,,,,,,,,,,,,,,,,,,,,,,,,,,,,,,,,,,,,,,,,,,,,,,,,,,,,,,2026-04-01 16:43:51.213001+00:00,,,,,,,%%8100,,,,,,,3221226021,,,,,,WORKGROUP,0x00000000000003e7,NORMALVM$,S-1-5-18,,,,,,MicrosoftAccount:user=pizzahuthacker@gmail.com,,,,,,,,,,,,,0,,,,,,,,
828,2026-04-01 16:47:57.698744+00:00,5379,Microsoft-Windows-Security-Auditing,,,,,,,,,,,,,,2452,,,0,,,,,,,,,,,,,,,,,,,,,,,,,,,,,,,,,,,,,,,,,,,,,,,,,,,,,,,,,,,,,,,,,,,,,2026-04-01 16:43:51.213001+00:00,,,,,,,%%8100,,,,,,,3221226021,,,,,,WORKGROUP,0x00000000000003e7,NORMALVM$,S-1-5-18,,,,,,MicrosoftAccount:user=pizzahuthacker@gmail.com,,,,,,,,,,,,,0,,,,,,,,
829,2026-04-01 16:47:57.698772+00:00,5379,Microsoft-Windows-Security-Auditing,,,,,,,,,,,,,,2452,,,0,,,,,,,,,,,,,,,,,,,,,,,,,,,,,,,,,,,,,,,,,,,,,,,,,,,,,,,,,,,,,,,,,,,,,2026-04-01 16:43:51.213001+00:00,,,,,,,%%8100,,,,,,,3221226021,,,,,,WORKGROUP,0x00000000000003e7,NORMALVM$,S-1-5-18,,,,,,MicrosoftAccount:user=pizzahuthacker@gmail.com,,,,,,,,,,,,,0,,,,,,,,
830,2026-04-01 16:47:57.698803+00:00,5379,Microsoft-Windows-Security-Auditing,,,,,,,,,,,,,,2452,,,0,,,,,,,,,,,,,,,,,,,,,,,,,,,,,,,,,,,,,,,,,,,,,,,,,,,,,,,,,,,,,,,,,,,,,2026-04-01 16:43:51.213001+00:00,,,,,,,%%8100,,,,,,,3221226021,,,,,,WORKGROUP,0x00000000000003e7,NORMALVM$,S-1-5-18,,,,,,MicrosoftAccount:user=pizzahuthacker@gmail.com,,,,,,,,,,,,,0,,,,,,,,
831,2026-04-01 16:47:57.698832+00:00,5379,Microsoft-Windows-Security-Auditing,,,,,,,,,,,,,,2452,,,0,,,,,,,,,,,,,,,,,,,,,,,,,,,,,,,,,,,,,,,,,,,,,,,,,,,,,,,,,,,,,,,,,,,,,2026-04-01 16:43:51.213001+00:00,,,,,,,%%8100,,,,,,,3221226021,,,,,,WORKGROUP,0x00000000000003e7,NORMALVM$,S-1-5-18,,,,,,MicrosoftAccount:user=pizzahuthacker@gmail.com,,,,,,,,,,,,,0,,,,,,,,
832,2026-04-01 16:47:57.698975+00:00,5379,Microsoft-Windows-Security-Auditing,,,,,,,,,,,,,,2452,,,1,,,,,,,,,,,,,,,,,,,,,,,,,,,,,,,,,,,,,,,,,,,,,,,,,,,,,,,,,,,,,,,,,,,,,2026-04-01 16:43:51.213001+00:00,,,,,,,%%8099,,,,,,,3221226021,,,,,,WORKGROUP,0x00000000000003e7,NORMALVM$,S-1-5-18,,,,,,MicrosoftAccount:user=pizzahuthacker@gmail.com,,,,,,,,,,,,,1,,,,,,,,
833,2026-04-01 16:47:57.699106+00:00,5379,Microsoft-Windows-Security-Auditing,,,,,,,,,,,,,,2452,,,0,,,,,,,,,,,,,,,,,,,,,,,,,,,,,,,,,,,,,,,,,,,,,,,,,,,,,,,,,,,,,,,,,,,,,2026-04-01 16:43:51.213001+00:00,,,,,,,%%8100,,,,,,,3221226021,,,,,,WORKGROUP,0x00000000000003e7,NORMALVM$,S-1-5-18,,,,,,MicrosoftAccount:user=pizzahuthacker@gmail.com,,,,,,,,,,,,,0,,,,,,,,
834,2026-04-01 16:47:57.699163+00:00,5379,Microsoft-Windows-Security-Auditing,,,,,,,,,,,,,,2452,,,0,,,,,,,,,,,,,,,,,,,,,,,,,,,,,,,,,,,,,,,,,,,,,,,,,,,,,,,,,,,,,,,,,,,,,2026-04-01 16:43:51.213001+00:00,,,,,,,%%8100,,,,,,,3221226021,,,,,,WORKGROUP,0x00000000000003e7,NORMALVM$,S-1-5-18,,,,,,MicrosoftAccount:user=pizzahuthacker@gmail.com,,,,,,,,,,,,,0,,,,,,,,
835,2026-04-01 16:47:57.699200+00:00,5379,Microsoft-Windows-Security-Auditing,,,,,,,,,,,,,,2452,,,0,,,,,,,,,,,,,,,,,,,,,,,,,,,,,,,,,,,,,,,,,,,,,,,,,,,,,,,,,,,,,,,,,,,,,2026-04-01 16:43:51.213001+00:00,,,,,,,%%8100,,,,,,,3221226021,,,,,,WORKGROUP,0x00000000000003e7,NORMALVM$,S-1-5-18,,,,,,MicrosoftAccount:user=pizzahuthacker@gmail.com,,,,,,,,,,,,,0,,,,,,,,
836,2026-04-01 16:47:57.699226+00:00,5379,Microsoft-Windows-Security-Auditing,,,,,,,,,,,,,,2452,,,0,,,,,,,,,,,,,,,,,,,,,,,,,,,,,,,,,,,,,,,,,,,,,,,,,,,,,,,,,,,,,,,,,,,,,2026-04-01 16:43:51.213001+00:00,,,,,,,%%8100,,,,,,,3221226021,,,,,,WORKGROUP,0x00000000000003e7,NORMALVM$,S-1-5-18,,,,,,MicrosoftAccount:user=pizzahuthacker@gmail.com,,,,,,,,,,,,,0,,,,,,,,
837,2026-04-01 16:47:57.699253+00:00,5379,Microsoft-Windows-Security-Auditing,,,,,,,,,,,,,,2452,,,0,,,,,,,,,,,,,,,,,,,,,,,,,,,,,,,,,,,,,,,,,,,,,,,,,,,,,,,,,,,,,,,,,,,,,2026-04-01 16:43:51.213001+00:00,,,,,,,%%8100,,,,,,,3221226021,,,,,,WORKGROUP,0x00000000000003e7,NORMALVM$,S-1-5-18,,,,,,MicrosoftAccount:user=pizzahuthacker@gmail.com,,,,,,,,,,,,,0,,,,,,,,
838,2026-04-01 16:47:57.699427+00:00,5379,Microsoft-Windows-Security-Auditing,,,,,,,,,,,,,,2452,,,0,,,,,,,,,,,,,,,,,,,,,,,,,,,,,,,,,,,,,,,,,,,,,,,,,,,,,,,,,,,,,,,,,,,,,2026-04-01 16:43:51.213001+00:00,,,,,,,%%8100,,,,,,,3221226021,,,,,,WORKGROUP,0x00000000000003e7,NORMALVM$,S-1-5-18,,,,,,MicrosoftAccount:user=pizzahuthacker@gmail.com,,,,,,,,,,,,,0,,,,,,,,
839,2026-04-01 16:47:57.699490+00:00,5379,Microsoft-Windows-Security-Auditing,,,,,,,,,,,,,,2452,,,0,,,,,,,,,,,,,,,,,,,,,,,,,,,,,,,,,,,,,,,,,,,,,,,,,,,,,,,,,,,,,,,,,,,,,2026-04-01 16:43:51.213001+00:00,,,,,,,%%8100,,,,,,,3221226021,,,,,,WORKGROUP,0x00000000000003e7,NORMALVM$,S-1-5-18,,,,,,MicrosoftAccount:user=pizzahuthacker@gmail.com,,,,,,,,,,,,,0,,,,,,,,
840,2026-04-01 16:47:57.700230+00:00,5379,Microsoft-Windows-Security-Auditing,,,,,,,,,,,,,,2452,,,0,,,,,,,,,,,,,,,,,,,,,,,,,,,,,,,,,,,,,,,,,,,,,,,,,,,,,,,,,,,,,,,,,,,,,2026-04-01 16:43:51.213001+00:00,,,,,,,%%8100,,,,,,,3221226021,,,,,,WORKGROUP,0x00000000000003e7,NORMALVM$,S-1-5-18,,,,,,MicrosoftAccount:user=pizzahuthacker@gmail.com,,,,,,,,,,,,,0,,,,,,,,
841,2026-04-01 16:47:57.700266+00:00,5379,Microsoft-Windows-Security-Auditing,,,,,,,,,,,,,,2452,,,0,,,,,,,,,,,,,,,,,,,,,,,,,,,,,,,,,,,,,,,,,,,,,,,,,,,,,,,,,,,,,,,,,,,,,2026-04-01 16:43:51.213001+00:00,,,,,,,%%8100,,,,,,,3221226021,,,,,,WORKGROUP,0x00000000000003e7,NORMALVM$,S-1-5-18,,,,,,MicrosoftAccount:user=pizzahuthacker@gmail.com,,,,,,,,,,,,,0,,,,,,,,
842,2026-04-01 16:47:57.700603+00:00,5379,Microsoft-Windows-Security-Auditing,,,,,,,,,,,,,,2452,,,0,,,,,,,,,,,,,,,,,,,,,,,,,,,,,,,,,,,,,,,,,,,,,,,,,,,,,,,,,,,,,,,,,,,,,2026-04-01 16:43:51.213001+00:00,,,,,,,%%8100,,,,,,,3221226021,,,,,,WORKGROUP,0x00000000000003e7,NORMALVM$,S-1-5-18,,,,,,MicrosoftAccount:user=pizzahuthacker@gmail.com,,,,,,,,,,,,,0,,,,,,,,
843,2026-04-01 16:47:57.700745+00:00,5379,Microsoft-Windows-Security-Auditing,,,,,,,,,,,,,,2452,,,0,,,,,,,,,,,,,,,,,,,,,,,,,,,,,,,,,,,,,,,,,,,,,,,,,,,,,,,,,,,,,,,,,,,,,2026-04-01 16:43:51.213001+00:00,,,,,,,%%8100,,,,,,,3221226021,,,,,,WORKGROUP,0x00000000000003e7,NORMALVM$,S-1-5-18,,,,,,MicrosoftAccount:user=pizzahuthacker@gmail.com,,,,,,,,,,,,,0,,,,,,,,
844,2026-04-01 16:47:57.700790+00:00,5379,Microsoft-Windows-Security-Auditing,,,,,,,,,,,,,,2452,,,0,,,,,,,,,,,,,,,,,,,,,,,,,,,,,,,,,,,,,,,,,,,,,,,,,,,,,,,,,,,,,,,,,,,,,2026-04-01 16:43:51.213001+00:00,,,,,,,%%8100,,,,,,,3221226021,,,,,,WORKGROUP,0x00000000000003e7,NORMALVM$,S-1-5-18,,,,,,MicrosoftAccount:user=pizzahuthacker@gmail.com,,,,,,,,,,,,,0,,,,,,,,
845,2026-04-01 16:47:57.700821+00:00,5379,Microsoft-Windows-Security-Auditing,,,,,,,,,,,,,,2452,,,0,,,,,,,,,,,,,,,,,,,,,,,,,,,,,,,,,,,,,,,,,,,,,,,,,,,,,,,,,,,,,,,,,,,,,2026-04-01 16:43:51.213001+00:00,,,,,,,%%8100,,,,,,,3221226021,,,,,,WORKGROUP,0x00000000000003e7,NORMALVM$,S-1-5-18,,,,,,MicrosoftAccount:user=pizzahuthacker@gmail.com,,,,,,,,,,,,,0,,,,,,,,
846,2026-04-01 16:47:57.700846+00:00,5379,Microsoft-Windows-Security-Auditing,,,,,,,,,,,,,,2452,,,0,,,,,,,,,,,,,,,,,,,,,,,,,,,,,,,,,,,,,,,,,,,,,,,,,,,,,,,,,,,,,,,,,,,,,2026-04-01 16:43:51.213001+00:00,,,,,,,%%8100,,,,,,,3221226021,,,,,,WORKGROUP,0x00000000000003e7,NORMALVM$,S-1-5-18,,,,,,MicrosoftAccount:user=pizzahuthacker@gmail.com,,,,,,,,,,,,,0,,,,,,,,
847,2026-04-01 16:47:57.700871+00:00,5379,Microsoft-Windows-Security-Auditing,,,,,,,,,,,,,,2452,,,0,,,,,,,,,,,,,,,,,,,,,,,,,,,,,,,,,,,,,,,,,,,,,,,,,,,,,,,,,,,,,,,,,,,,,2026-04-01 16:43:51.213001+00:00,,,,,,,%%8100,,,,,,,3221226021,,,,,,WORKGROUP,0x00000000000003e7,NORMALVM$,S-1-5-18,,,,,,MicrosoftAccount:user=pizzahuthacker@gmail.com,,,,,,,,,,,,,0,,,,,,,,
848,2026-04-01 16:47:57.701605+00:00,5379,Microsoft-Windows-Security-Auditing,,,,,,,,,,,,,,2452,,,0,,,,,,,,,,,,,,,,,,,,,,,,,,,,,,,,,,,,,,,,,,,,,,,,,,,,,,,,,,,,,,,,,,,,,2026-04-01 16:43:51.213001+00:00,,,,,,,%%8100,,,,,,,3221226021,,,,,,WORKGROUP,0x00000000000003e7,NORMALVM$,S-1-5-18,,,,,,MicrosoftAccount:user=pizzahuthacker@gmail.com,,,,,,,,,,,,,0,,,,,,,,
849,2026-04-01 16:47:57.701645+00:00,5379,Microsoft-Windows-Security-Auditing,,,,,,,,,,,,,,2452,,,0,,,,,,,,,,,,,,,,,,,,,,,,,,,,,,,,,,,,,,,,,,,,,,,,,,,,,,,,,,,,,,,,,,,,,2026-04-01 16:43:51.213001+00:00,,,,,,,%%8100,,,,,,,3221226021,,,,,,WORKGROUP,0x00000000000003e7,NORMALVM$,S-1-5-18,,,,,,WindowsLive:(token):name=pizzahuthacker@gmail.com;serviceuri=*,,,,,,,,,,,,,0,,,,,,,,
850,2026-04-01 16:47:57.701670+00:00,5379,Microsoft-Windows-Security-Auditing,,,,,,,,,,,,,,2452,,,0,,,,,,,,,,,,,,,,,,,,,,,,,,,,,,,,,,,,,,,,,,,,,,,,,,,,,,,,,,,,,,,,,,,,,2026-04-01 16:43:51.213001+00:00,,,,,,,%%8100,,,,,,,3221226021,,,,,,WORKGROUP,0x00000000000003e7,NORMALVM$,S-1-5-18,,,,,,WindowsLive:(cert):name=pizzahuthacker@gmail.com;serviceuri=*,,,,,,,,,,,,,0,,,,,,,,
851,2026-04-01 16:47:58.090908+00:00,5379,Microsoft-Windows-Security-Auditing,,,,,,,,,,,,,,2452,,,0,,,,,,,,,,,,,,,,,,,,,,,,,,,,,,,,,,,,,,,,,,,,,,,,,,,,,,,,,,,,,,,,,,,,,2026-04-01 16:43:51.213001+00:00,,,,,,,%%8100,,,,,,,3221226021,,,,,,WORKGROUP,0x00000000000003e7,NORMALVM$,S-1-5-18,,,,,,MicrosoftAccount:user=pizzahuthacker@gmail.com,,,,,,,,,,,,,0,,,,,,,,
852,2026-04-01 16:47:58.090961+00:00,5379,Microsoft-Windows-Security-Auditing,,,,,,,,,,,,,,2452,,,0,,,,,,,,,,,,,,,,,,,,,,,,,,,,,,,,,,,,,,,,,,,,,,,,,,,,,,,,,,,,,,,,,,,,,2026-04-01 16:43:51.213001+00:00,,,,,,,%%8100,,,,,,,3221226021,,,,,,WORKGROUP,0x00000000000003e7,NORMALVM$,S-1-5-18,,,,,,MicrosoftAccount:user=pizzahuthacker@gmail.com,,,,,,,,,,,,,0,,,,,,,,
853,2026-04-01 16:47:58.109707+00:00,4738,Microsoft-Windows-Security-Auditing,,,,,,-,,,-,,,,,,,,,,pizza hut,,,,,-,,,,,,,-,-,,,,,,,,,,,,,,,,,,,,-,,,,,,,,,,,,,,,,,-,,,,,,,-,,,,,-,,,-,-,,,,-,,,,,,,,,,,,-,,,-,-,WORKGROUP,0x00000000000003e7,NORMALVM$,S-1-5-18,NormalVM,,,,,,,,,,,S-1-5-21-2352865859-2334931103-2005901029-1001,pizza,,,,,,,-,-,-,-,,,,
854,2026-04-01 16:47:58.110195+00:00,4738,Microsoft-Windows-Security-Auditing,,,,,,-,,,-,,,,,,,,,,-,,,,,-,,,,,,,-,-,,,,,,,,,,,,,,,,,,,,-,,,,,,,,,,,,,,,,,-,,,,,,,-,,,,,-,,,-,-,,,,-,,,,,,,,,,,,-,,,-,-,WORKGROUP,0x00000000000003e7,NORMALVM$,S-1-5-18,NormalVM,,,,,,,,,,,S-1-5-21-2352865859-2334931103-2005901029-1001,pizza,,,,,,,-,-,-,-,,,,
855,2026-04-01 16:47:58.113953+00:00,5379,Microsoft-Windows-Security-Auditing,,,,,,,,,,,,,,2452,,,0,,,,,,,,,,,,,,,,,,,,,,,,,,,,,,,,,,,,,,,,,,,,,,,,,,,,,,,,,,,,,,,,,,,,,2026-04-01 16:43:51.213001+00:00,,,,,,,%%8100,,,,,,,3221226021,,,,,,WORKGROUP,0x00000000000003e7,NORMALVM$,S-1-5-18,,,,,,MicrosoftAccount:user=pizzahuthacker@gmail.com,,,,,,,,,,,,,0,,,,,,,,
856,2026-04-01 16:47:58.114002+00:00,5379,Microsoft-Windows-Security-Auditing,,,,,,,,,,,,,,2452,,,0,,,,,,,,,,,,,,,,,,,,,,,,,,,,,,,,,,,,,,,,,,,,,,,,,,,,,,,,,,,,,,,,,,,,,2026-04-01 16:43:51.213001+00:00,,,,,,,%%8100,,,,,,,3221226021,,,,,,WORKGROUP,0x00000000000003e7,NORMALVM$,S-1-5-18,,,,,,MicrosoftAccount:user=pizzahuthacker@gmail.com,,,,,,,,,,,,,0,,,,,,,,
857,2026-04-01 16:47:58.114298+00:00,4738,Microsoft-Windows-Security-Auditing,,,,,,-,,,-,,,,,,,,,,-,,,,,-,,,,,,,-,-,,,,,,,,,,,,,,,,,,,,-,,,,,,,,,,,,,,,,,-,,,,,,,-,,,,,-,,,-,-,,,,-,,,,,,,,,,,,-,,,-,-,WORKGROUP,0x00000000000003e7,NORMALVM$,S-1-5-18,NormalVM,,,,,,,,,,,S-1-5-21-2352865859-2334931103-2005901029-1001,pizza,,,,,,,-,-,-,-,,,,
858,2026-04-01 16:47:58.142963+00:00,4724,Microsoft-Windows-Security-Auditing,,,,,,,,,,,,,,,,,,,,,,,,,,,,,,,,,,,,,,,,,,,,,,,,,,,,,,,,,,,,,,,,,,,,,,,,,,,,,,,,,,,,,,,,,,,,,,,,,,,,,,,,,,WORKGROUP,0x00000000000003e7,NORMALVM$,S-1-5-18,NormalVM,,,,,,,,,,,S-1-5-21-2352865859-2334931103-2005901029-1001,pizza,,,,,,,,,,,,,,
859,2026-04-01 16:47:58.186954+00:00,4624,Microsoft-Windows-Security-Auditing,,,,,,,,,,Negotiate,,,,,,,,,,,,,,,%%1842,,,,,,,,,,,,%%1833,-,-,,,0,,,,-,,,,,{00000000-0000-0000-0000-000000000000},,Advapi  ,5,,,,,,,,,,,,,,,,,,,,,,,,,,,,,,,,,0x00000000000002e4,C:\Windows\System32\services.exe,,,,,,-,,,,,-,,,,,,,WORKGROUP,0x00000000000003e7,NORMALVM$,S-1-5-18,NT AUTHORITY,,0x0000000000000000,,0x00000000000003e7,,-,-,,,,,SYSTEM,S-1-5-18,,,,-,,,,,,%%1843,,,-
860,2026-04-01 16:47:58.186960+00:00,4672,Microsoft-Windows-Security-Auditing,,,,,,,,,,,,,,,,,,,,,,,,,,,,,,,,,,,,,,,,,,,,,,,,,,,,,,,,,,,,,,,,,,,,,,,,,,,,,,,,,,,,,"SeAssignPrimaryTokenPrivilege
			SeTcbPrivilege
			SeSecurityPrivilege
			SeTakeOwnershipPrivilege
			SeLoadDriverPrivilege
			SeBackupPrivilege
			SeRestorePrivilege
			SeDebugPrivilege
			SeAuditPrivilege
			SeSystemEnvironmentPrivilege
			SeImpersonatePrivilege
			SeDelegateSessionUserImpersonatePrivilege",,,,,,,,,,,,,,,,,,,,,NT AUTHORITY,0x00000000000003e7,SYSTEM,S-1-5-18,,,,,,,,,,,,,,,,,,,,,,,,,,,
861,2026-04-01 16:47:58.241911+00:00,5382,Microsoft-Windows-Security-Auditing,,,,,,,,,,,,,,1488,,,,,,,,,,,,,0,,,,,,,,,01050000000000051500000043E23D8C9F382C8BE59E8F77E9030000,,,,,,,,,,,,,,,,,,,,,,,,,,,,,,,,,,,,,,,,,,,,,,,,,,2026-04-01 16:47:58.188095+00:00,,,,,,,,,,NGC Local Accoount Logon Vault Resource,,,,1168,,{1d4350a3-330d-4af9-b3ff-a927a45998ac},NGC Local Accoount Logon Vault Resource Schema,,,WORKGROUP,0x00000000000003e7,NORMALVM$,S-1-5-18,,,,,,,,,,,,,,,,,,,,,,,,,,,
862,2026-04-01 16:47:58.247576+00:00,5382,Microsoft-Windows-Security-Auditing,,,,,,,,,,,,,,1488,,,,,,,,,,,,,0,,,,,,,,,010B00000000000B600000008F88F9D7FCE30000B04900005BA8A69E4F2A395FB1E38E0B9B0CFEF448364F9A2D65CD06E6F3C65E,,,,,,,,,,,,,,,,,,,,,,,,,,,,,,,,,,,,,,,,,,,,,,,,,,2026-04-01 16:47:58.188095+00:00,,,,,,,,,,NGC Local Accoount Logon Vault Resource,,,,1168,,{1d4350a3-330d-4af9-b3ff-a927a45998ac},NGC Local Accoount Logon Vault Resource Schema,,,WORKGROUP,0x00000000000003e7,NORMALVM$,S-1-5-18,,,,,,,,,,,,,,,,,,,,,,,,,,,
863,2026-04-01 16:47:58.252420+00:00,4648,Microsoft-Windows-Security-Auditing,,,,,,,,,,,,,,,,,,,,,,,,,,,,,,,,,,,,,,-,-,,,,,,,,,,,,{00000000-0000-0000-0000-000000000000},,,,,,,,,,,,,,,,,,,,,,,,,,,,,,,,,,,,0x00000000000002ec,C:\Windows\System32\lsass.exe,,,,,,,,,,,,,,,,,,WORKGROUP,0x00000000000003e7,NORMALVM$,S-1-5-18,MicrosoftAccount,localhost,,{00000000-0000-0000-0000-000000000000},,,,,,,localhost,,pizzahuthacker@gmail.com,,,,,,,,,,,,,,
864,2026-04-01 16:47:58.252438+00:00,4624,Microsoft-Windows-Security-Auditing,,,,,,,,,,Negotiate,,,,,,,,,,,,,,,%%1842,,,,,,,,,,,,%%1833,-,-,,,0,,,,-,,,,,{00000000-0000-0000-0000-000000000000},,,2,,,,,,,,,,,,,,,,,,,,,,,,,,,,,,,,,0x00000000000002ec,C:\Windows\System32\lsass.exe,,,,,,-,,,,,-,,,,,,,WORKGROUP,0x00000000000003e7,NORMALVM$,S-1-5-18,MicrosoftAccount,,0x000000000012f329,,0x000000000012f2ad,,-,-,,,,,pizzahuthacker@gmail.com,S-1-5-21-2352865859-2334931103-2005901029-1001,,,,-,,,,,,%%1843,,,NORMALVM
865,2026-04-01 16:47:58.252449+00:00,4624,Microsoft-Windows-Security-Auditing,,,,,,,,,,Negotiate,,,,,,,,,,,,,,,%%1843,,,,,,,,,,,,%%1833,-,-,,,0,,,,-,,,,,{00000000-0000-0000-0000-000000000000},,,2,,,,,,,,,,,,,,,,,,,,,,,,,,,,,,,,,0x00000000000002ec,C:\Windows\System32\lsass.exe,,,,,,-,,,,,-,,,,,,,WORKGROUP,0x00000000000003e7,NORMALVM$,S-1-5-18,MicrosoftAccount,,0x000000000012f2ad,,0x000000000012f329,,-,-,,,,,pizzahuthacker@gmail.com,S-1-5-21-2352865859-2334931103-2005901029-1001,,,,-,,,,,,%%1843,,,NORMALVM
866,2026-04-01 16:47:58.252453+00:00,4672,Microsoft-Windows-Security-Auditing,,,,,,,,,,,,,,,,,,,,,,,,,,,,,,,,,,,,,,,,,,,,,,,,,,,,,,,,,,,,,,,,,,,,,,,,,,,,,,,,,,,,,"SeSecurityPrivilege
			SeTakeOwnershipPrivilege
			SeLoadDriverPrivilege
			SeBackupPrivilege
			SeRestorePrivilege
			SeDebugPrivilege
			SeSystemEnvironmentPrivilege
			SeImpersonatePrivilege
			SeDelegateSessionUserImpersonatePrivilege",,,,,,,,,,,,,,,,,,,,,MicrosoftAccount,0x000000000012f2ad,pizzahuthacker@gmail.com,S-1-5-21-2352865859-2334931103-2005901029-1001,,,,,,,,,,,,,,,,,,,,,,,,,,,
867,2026-04-01 16:47:59.275845+00:00,5379,Microsoft-Windows-Security-Auditing,,,,,,,,,,,,,,2452,,,1,,,,,,,,,,,,,,,,,,,,,,,,,,,,,,,,,,,,,,,,,,,,,,,,,,,,,,,,,,,,,,,,,,,,,2026-04-01 16:43:51.213001+00:00,,,,,,,%%8100,,,,,,,0,,,,,,NORMALVM,0x000000000012f329,pizza,S-1-5-21-2352865859-2334931103-2005901029-1001,,,,,,MicrosoftAccount:user=pizzahuthacker@gmail.com,,,,,,,,,,,,,0,,,,,,,,
868,2026-04-01 16:47:59.276396+00:00,5379,Microsoft-Windows-Security-Auditing,,,,,,,,,,,,,,2452,,,0,,,,,,,,,,,,,,,,,,,,,,,,,,,,,,,,,,,,,,,,,,,,,,,,,,,,,,,,,,,,,,,,,,,,,2026-04-01 16:43:51.213001+00:00,,,,,,,%%8100,,,,,,,3221226021,,,,,,NORMALVM,0x000000000012f329,pizza,S-1-5-21-2352865859-2334931103-2005901029-1001,,,,,,WindowsLive:(token):name=pizzahuthacker@gmail.com;serviceuri=*,,,,,,,,,,,,,0,,,,,,,,
869,2026-04-01 16:47:59.276442+00:00,5379,Microsoft-Windows-Security-Auditing,,,,,,,,,,,,,,2452,,,0,,,,,,,,,,,,,,,,,,,,,,,,,,,,,,,,,,,,,,,,,,,,,,,,,,,,,,,,,,,,,,,,,,,,,2026-04-01 16:43:51.213001+00:00,,,,,,,%%8100,,,,,,,3221226021,,,,,,NORMALVM,0x000000000012f329,pizza,S-1-5-21-2352865859-2334931103-2005901029-1001,,,,,,WindowsLive:(cert):name=pizzahuthacker@gmail.com;serviceuri=*,,,,,,,,,,,,,0,,,,,,,,
870,2026-04-01 16:47:59.307941+00:00,5379,Microsoft-Windows-Security-Auditing,,,,,,,,,,,,,,2452,,,1,,,,,,,,,,,,,,,,,,,,,,,,,,,,,,,,,,,,,,,,,,,,,,,,,,,,,,,,,,,,,,,,,,,,,2026-04-01 16:43:51.213001+00:00,,,,,,,%%8100,,,,,,,0,,,,,,NORMALVM,0x000000000012f329,pizza,S-1-5-21-2352865859-2334931103-2005901029-1001,,,,,,MicrosoftAccount:user=pizzahuthacker@gmail.com,,,,,,,,,,,,,0,,,,,,,,
871,2026-04-01 16:47:59.322716+00:00,5379,Microsoft-Windows-Security-Auditing,,,,,,,,,,,,,,2452,,,0,,,,,,,,,,,,,,,,,,,,,,,,,,,,,,,,,,,,,,,,,,,,,,,,,,,,,,,,,,,,,,,,,,,,,2026-04-01 16:43:51.213001+00:00,,,,,,,%%8100,,,,,,,3221226021,,,,,,NORMALVM,0x000000000012f329,pizza,S-1-5-21-2352865859-2334931103-2005901029-1001,,,,,,WindowsLive:(token):name=02hajktffambuots;serviceuri=*,,,,,,,,,,,,,0,,,,,,,,
872,2026-04-01 16:47:59.322931+00:00,5379,Microsoft-Windows-Security-Auditing,,,,,,,,,,,,,,2452,,,0,,,,,,,,,,,,,,,,,,,,,,,,,,,,,,,,,,,,,,,,,,,,,,,,,,,,,,,,,,,,,,,,,,,,,2026-04-01 16:43:51.213001+00:00,,,,,,,%%8100,,,,,,,3221226021,,,,,,NORMALVM,0x000000000012f329,pizza,S-1-5-21-2352865859-2334931103-2005901029-1001,,,,,,WindowsLive:(cert):name=02hajktffambuots;serviceuri=*,,,,,,,,,,,,,0,,,,,,,,
873,2026-04-01 16:47:59.322969+00:00,5379,Microsoft-Windows-Security-Auditing,,,,,,,,,,,,,,2452,,,0,,,,,,,,,,,,,,,,,,,,,,,,,,,,,,,,,,,,,,,,,,,,,,,,,,,,,,,,,,,,,,,,,,,,,2026-04-01 16:43:51.213001+00:00,,,,,,,%%8100,,,,,,,3221226021,,,,,,NORMALVM,0x000000000012f329,pizza,S-1-5-21-2352865859-2334931103-2005901029-1001,,,,,,WindowsLive:target=virtualapp/didlogical,,,,,,,,,,,,,0,,,,,,,,
874,2026-04-01 16:47:59.836643+00:00,5379,Microsoft-Windows-Security-Auditing,,,,,,,,,,,,,,2452,,,0,,,,,,,,,,,,,,,,,,,,,,,,,,,,,,,,,,,,,,,,,,,,,,,,,,,,,,,,,,,,,,,,,,,,,2026-04-01 16:43:51.213001+00:00,,,,,,,%%8100,,,,,,,3221226021,,,,,,NORMALVM,0x000000000012f329,pizza,S-1-5-21-2352865859-2334931103-2005901029-1001,,,,,,MicrosoftAccount:user=02hajktffambuots,,,,,,,,,,,,,0,,,,,,,,
875,2026-04-01 16:47:59.896902+00:00,5379,Microsoft-Windows-Security-Auditing,,,,,,,,,,,,,,2452,,,1,,,,,,,,,,,,,,,,,,,,,,,,,,,,,,,,,,,,,,,,,,,,,,,,,,,,,,,,,,,,,,,,,,,,,2026-04-01 16:43:51.213001+00:00,,,,,,,%%8099,,,,,,,3221226021,,,,,,NORMALVM,0x000000000012f329,pizza,S-1-5-21-2352865859-2334931103-2005901029-1001,,,,,,MicrosoftAccount:user=02hajktffambuots,,,,,,,,,,,,,1,,,,,,,,
876,2026-04-01 16:47:59.953213+00:00,5379,Microsoft-Windows-Security-Auditing,,,,,,,,,,,,,,2452,,,0,,,,,,,,,,,,,,,,,,,,,,,,,,,,,,,,,,,,,,,,,,,,,,,,,,,,,,,,,,,,,,,,,,,,,2026-04-01 16:43:51.213001+00:00,,,,,,,%%8100,,,,,,,3221226021,,,,,,NORMALVM,0x000000000012f329,pizza,S-1-5-21-2352865859-2334931103-2005901029-1001,,,,,,MicrosoftAccount:user=02hajktffambuots,,,,,,,,,,,,,0,,,,,,,,
877,2026-04-01 16:47:59.957085+00:00,5379,Microsoft-Windows-Security-Auditing,,,,,,,,,,,,,,2452,,,0,,,,,,,,,,,,,,,,,,,,,,,,,,,,,,,,,,,,,,,,,,,,,,,,,,,,,,,,,,,,,,,,,,,,,2026-04-01 16:43:51.213001+00:00,,,,,,,%%8100,,,,,,,3221226021,,,,,,NORMALVM,0x000000000012f329,pizza,S-1-5-21-2352865859-2334931103-2005901029-1001,,,,,,WindowsLive:target=virtualapp/didlogical,,,,,,,,,,,,,0,,,,,,,,
878,2026-04-01 16:47:59.962439+00:00,5379,Microsoft-Windows-Security-Auditing,,,,,,,,,,,,,,2452,,,1,,,,,,,,,,,,,,,,,,,,,,,,,,,,,,,,,,,,,,,,,,,,,,,,,,,,,,,,,,,,,,,,,,,,,2026-04-01 16:43:51.213001+00:00,,,,,,,%%8100,,,,,,,0,,,,,,NORMALVM,0x000000000012f329,pizza,S-1-5-21-2352865859-2334931103-2005901029-1001,,,,,,MicrosoftAccount:user=pizzahuthacker@gmail.com,,,,,,,,,,,,,0,,,,,,,,
879,2026-04-01 16:48:00.240536+00:00,5379,Microsoft-Windows-Security-Auditing,,,,,,,,,,,,,,2452,,,1,,,,,,,,,,,,,,,,,,,,,,,,,,,,,,,,,,,,,,,,,,,,,,,,,,,,,,,,,,,,,,,,,,,,,2026-04-01 16:43:51.213001+00:00,,,,,,,%%8100,,,,,,,0,,,,,,NORMALVM,0x000000000012f329,pizza,S-1-5-21-2352865859-2334931103-2005901029-1001,,,,,,MicrosoftAccount:user=pizzahuthacker@gmail.com,,,,,,,,,,,,,0,,,,,,,,
880,2026-04-01 16:48:00.243923+00:00,5379,Microsoft-Windows-Security-Auditing,,,,,,,,,,,,,,2452,,,1,,,,,,,,,,,,,,,,,,,,,,,,,,,,,,,,,,,,,,,,,,,,,,,,,,,,,,,,,,,,,,,,,,,,,2026-04-01 16:43:51.213001+00:00,,,,,,,%%8100,,,,,,,0,,,,,,NORMALVM,0x000000000012f329,pizza,S-1-5-21-2352865859-2334931103-2005901029-1001,,,,,,MicrosoftAccount:user=pizzahuthacker@gmail.com,,,,,,,,,,,,,0,,,,,,,,
881,2026-04-01 16:48:00.244053+00:00,5379,Microsoft-Windows-Security-Auditing,,,,,,,,,,,,,,2452,,,1,,,,,,,,,,,,,,,,,,,,,,,,,,,,,,,,,,,,,,,,,,,,,,,,,,,,,,,,,,,,,,,,,,,,,2026-04-01 16:43:51.213001+00:00,,,,,,,%%8100,,,,,,,0,,,,,,NORMALVM,0x000000000012f329,pizza,S-1-5-21-2352865859-2334931103-2005901029-1001,,,,,,MicrosoftAccount:user=pizzahuthacker@gmail.com,,,,,,,,,,,,,0,,,,,,,,
882,2026-04-01 16:48:00.244114+00:00,5379,Microsoft-Windows-Security-Auditing,,,,,,,,,,,,,,2452,,,1,,,,,,,,,,,,,,,,,,,,,,,,,,,,,,,,,,,,,,,,,,,,,,,,,,,,,,,,,,,,,,,,,,,,,2026-04-01 16:43:51.213001+00:00,,,,,,,%%8100,,,,,,,0,,,,,,NORMALVM,0x000000000012f329,pizza,S-1-5-21-2352865859-2334931103-2005901029-1001,,,,,,MicrosoftAccount:user=pizzahuthacker@gmail.com,,,,,,,,,,,,,0,,,,,,,,
883,2026-04-01 16:48:00.244209+00:00,5379,Microsoft-Windows-Security-Auditing,,,,,,,,,,,,,,2452,,,1,,,,,,,,,,,,,,,,,,,,,,,,,,,,,,,,,,,,,,,,,,,,,,,,,,,,,,,,,,,,,,,,,,,,,2026-04-01 16:43:51.213001+00:00,,,,,,,%%8100,,,,,,,0,,,,,,NORMALVM,0x000000000012f329,pizza,S-1-5-21-2352865859-2334931103-2005901029-1001,,,,,,MicrosoftAccount:user=pizzahuthacker@gmail.com,,,,,,,,,,,,,0,,,,,,,,
884,2026-04-01 16:48:00.244257+00:00,5379,Microsoft-Windows-Security-Auditing,,,,,,,,,,,,,,2452,,,1,,,,,,,,,,,,,,,,,,,,,,,,,,,,,,,,,,,,,,,,,,,,,,,,,,,,,,,,,,,,,,,,,,,,,2026-04-01 16:43:51.213001+00:00,,,,,,,%%8100,,,,,,,0,,,,,,NORMALVM,0x000000000012f329,pizza,S-1-5-21-2352865859-2334931103-2005901029-1001,,,,,,MicrosoftAccount:user=pizzahuthacker@gmail.com,,,,,,,,,,,,,0,,,,,,,,
885,2026-04-01 16:48:00.254761+00:00,5379,Microsoft-Windows-Security-Auditing,,,,,,,,,,,,,,2452,,,1,,,,,,,,,,,,,,,,,,,,,,,,,,,,,,,,,,,,,,,,,,,,,,,,,,,,,,,,,,,,,,,,,,,,,2026-04-01 16:43:51.213001+00:00,,,,,,,%%8100,,,,,,,0,,,,,,NORMALVM,0x000000000012f329,pizza,S-1-5-21-2352865859-2334931103-2005901029-1001,,,,,,MicrosoftAccount:user=pizzahuthacker@gmail.com,,,,,,,,,,,,,0,,,,,,,,
886,2026-04-01 16:48:00.254845+00:00,5379,Microsoft-Windows-Security-Auditing,,,,,,,,,,,,,,2452,,,1,,,,,,,,,,,,,,,,,,,,,,,,,,,,,,,,,,,,,,,,,,,,,,,,,,,,,,,,,,,,,,,,,,,,,2026-04-01 16:43:51.213001+00:00,,,,,,,%%8100,,,,,,,0,,,,,,NORMALVM,0x000000000012f329,pizza,S-1-5-21-2352865859-2334931103-2005901029-1001,,,,,,MicrosoftAccount:user=pizzahuthacker@gmail.com,,,,,,,,,,,,,0,,,,,,,,
887,2026-04-01 16:48:00.254955+00:00,5379,Microsoft-Windows-Security-Auditing,,,,,,,,,,,,,,2452,,,1,,,,,,,,,,,,,,,,,,,,,,,,,,,,,,,,,,,,,,,,,,,,,,,,,,,,,,,,,,,,,,,,,,,,,2026-04-01 16:43:51.213001+00:00,,,,,,,%%8100,,,,,,,0,,,,,,NORMALVM,0x000000000012f329,pizza,S-1-5-21-2352865859-2334931103-2005901029-1001,,,,,,MicrosoftAccount:user=pizzahuthacker@gmail.com,,,,,,,,,,,,,0,,,,,,,,
888,2026-04-01 16:48:00.255007+00:00,5379,Microsoft-Windows-Security-Auditing,,,,,,,,,,,,,,2452,,,1,,,,,,,,,,,,,,,,,,,,,,,,,,,,,,,,,,,,,,,,,,,,,,,,,,,,,,,,,,,,,,,,,,,,,2026-04-01 16:43:51.213001+00:00,,,,,,,%%8100,,,,,,,0,,,,,,NORMALVM,0x000000000012f329,pizza,S-1-5-21-2352865859-2334931103-2005901029-1001,,,,,,MicrosoftAccount:user=pizzahuthacker@gmail.com,,,,,,,,,,,,,0,,,,,,,,
889,2026-04-01 16:48:00.255085+00:00,5379,Microsoft-Windows-Security-Auditing,,,,,,,,,,,,,,2452,,,1,,,,,,,,,,,,,,,,,,,,,,,,,,,,,,,,,,,,,,,,,,,,,,,,,,,,,,,,,,,,,,,,,,,,,2026-04-01 16:43:51.213001+00:00,,,,,,,%%8100,,,,,,,0,,,,,,NORMALVM,0x000000000012f329,pizza,S-1-5-21-2352865859-2334931103-2005901029-1001,,,,,,MicrosoftAccount:user=pizzahuthacker@gmail.com,,,,,,,,,,,,,0,,,,,,,,
890,2026-04-01 16:48:00.255133+00:00,5379,Microsoft-Windows-Security-Auditing,,,,,,,,,,,,,,2452,,,1,,,,,,,,,,,,,,,,,,,,,,,,,,,,,,,,,,,,,,,,,,,,,,,,,,,,,,,,,,,,,,,,,,,,,2026-04-01 16:43:51.213001+00:00,,,,,,,%%8100,,,,,,,0,,,,,,NORMALVM,0x000000000012f329,pizza,S-1-5-21-2352865859-2334931103-2005901029-1001,,,,,,MicrosoftAccount:user=pizzahuthacker@gmail.com,,,,,,,,,,,,,0,,,,,,,,
891,2026-04-01 16:48:00.255487+00:00,5379,Microsoft-Windows-Security-Auditing,,,,,,,,,,,,,,2452,,,1,,,,,,,,,,,,,,,,,,,,,,,,,,,,,,,,,,,,,,,,,,,,,,,,,,,,,,,,,,,,,,,,,,,,,2026-04-01 16:43:51.213001+00:00,,,,,,,%%8100,,,,,,,0,,,,,,NORMALVM,0x000000000012f329,pizza,S-1-5-21-2352865859-2334931103-2005901029-1001,,,,,,MicrosoftAccount:user=pizzahuthacker@gmail.com,,,,,,,,,,,,,0,,,,,,,,
892,2026-04-01 16:48:00.255550+00:00,5379,Microsoft-Windows-Security-Auditing,,,,,,,,,,,,,,2452,,,1,,,,,,,,,,,,,,,,,,,,,,,,,,,,,,,,,,,,,,,,,,,,,,,,,,,,,,,,,,,,,,,,,,,,,2026-04-01 16:43:51.213001+00:00,,,,,,,%%8100,,,,,,,0,,,,,,NORMALVM,0x000000000012f329,pizza,S-1-5-21-2352865859-2334931103-2005901029-1001,,,,,,MicrosoftAccount:user=pizzahuthacker@gmail.com,,,,,,,,,,,,,0,,,,,,,,
893,2026-04-01 16:48:00.255625+00:00,5379,Microsoft-Windows-Security-Auditing,,,,,,,,,,,,,,2452,,,1,,,,,,,,,,,,,,,,,,,,,,,,,,,,,,,,,,,,,,,,,,,,,,,,,,,,,,,,,,,,,,,,,,,,,2026-04-01 16:43:51.213001+00:00,,,,,,,%%8100,,,,,,,0,,,,,,NORMALVM,0x000000000012f329,pizza,S-1-5-21-2352865859-2334931103-2005901029-1001,,,,,,MicrosoftAccount:user=pizzahuthacker@gmail.com,,,,,,,,,,,,,0,,,,,,,,
894,2026-04-01 16:48:00.255867+00:00,5379,Microsoft-Windows-Security-Auditing,,,,,,,,,,,,,,2452,,,1,,,,,,,,,,,,,,,,,,,,,,,,,,,,,,,,,,,,,,,,,,,,,,,,,,,,,,,,,,,,,,,,,,,,,2026-04-01 16:43:51.213001+00:00,,,,,,,%%8099,,,,,,,0,,,,,,NORMALVM,0x000000000012f329,pizza,S-1-5-21-2352865859-2334931103-2005901029-1001,,,,,,MicrosoftAccount:user=pizzahuthacker@gmail.com,,,,,,,,,,,,,1,,,,,,,,
895,2026-04-01 16:48:00.271528+00:00,5379,Microsoft-Windows-Security-Auditing,,,,,,,,,,,,,,2452,,,1,,,,,,,,,,,,,,,,,,,,,,,,,,,,,,,,,,,,,,,,,,,,,,,,,,,,,,,,,,,,,,,,,,,,,2026-04-01 16:43:51.213001+00:00,,,,,,,%%8100,,,,,,,0,,,,,,NORMALVM,0x000000000012f329,pizza,S-1-5-21-2352865859-2334931103-2005901029-1001,,,,,,MicrosoftAccount:user=pizzahuthacker@gmail.com,,,,,,,,,,,,,0,,,,,,,,
896,2026-04-01 16:48:00.271708+00:00,5379,Microsoft-Windows-Security-Auditing,,,,,,,,,,,,,,2452,,,1,,,,,,,,,,,,,,,,,,,,,,,,,,,,,,,,,,,,,,,,,,,,,,,,,,,,,,,,,,,,,,,,,,,,,2026-04-01 16:43:51.213001+00:00,,,,,,,%%8100,,,,,,,0,,,,,,NORMALVM,0x000000000012f329,pizza,S-1-5-21-2352865859-2334931103-2005901029-1001,,,,,,MicrosoftAccount:user=pizzahuthacker@gmail.com,,,,,,,,,,,,,0,,,,,,,,
897,2026-04-01 16:48:00.271851+00:00,5379,Microsoft-Windows-Security-Auditing,,,,,,,,,,,,,,2452,,,1,,,,,,,,,,,,,,,,,,,,,,,,,,,,,,,,,,,,,,,,,,,,,,,,,,,,,,,,,,,,,,,,,,,,,2026-04-01 16:43:51.213001+00:00,,,,,,,%%8100,,,,,,,0,,,,,,NORMALVM,0x000000000012f329,pizza,S-1-5-21-2352865859-2334931103-2005901029-1001,,,,,,MicrosoftAccount:user=pizzahuthacker@gmail.com,,,,,,,,,,,,,0,,,,,,,,
898,2026-04-01 16:48:00.271948+00:00,5379,Microsoft-Windows-Security-Auditing,,,,,,,,,,,,,,2452,,,1,,,,,,,,,,,,,,,,,,,,,,,,,,,,,,,,,,,,,,,,,,,,,,,,,,,,,,,,,,,,,,,,,,,,,2026-04-01 16:43:51.213001+00:00,,,,,,,%%8100,,,,,,,0,,,,,,NORMALVM,0x000000000012f329,pizza,S-1-5-21-2352865859-2334931103-2005901029-1001,,,,,,MicrosoftAccount:user=pizzahuthacker@gmail.com,,,,,,,,,,,,,0,,,,,,,,
899,2026-04-01 16:48:00.272129+00:00,5379,Microsoft-Windows-Security-Auditing,,,,,,,,,,,,,,2452,,,1,,,,,,,,,,,,,,,,,,,,,,,,,,,,,,,,,,,,,,,,,,,,,,,,,,,,,,,,,,,,,,,,,,,,,2026-04-01 16:43:51.213001+00:00,,,,,,,%%8100,,,,,,,0,,,,,,NORMALVM,0x000000000012f329,pizza,S-1-5-21-2352865859-2334931103-2005901029-1001,,,,,,MicrosoftAccount:user=pizzahuthacker@gmail.com,,,,,,,,,,,,,0,,,,,,,,
900,2026-04-01 16:48:00.272249+00:00,5379,Microsoft-Windows-Security-Auditing,,,,,,,,,,,,,,2452,,,1,,,,,,,,,,,,,,,,,,,,,,,,,,,,,,,,,,,,,,,,,,,,,,,,,,,,,,,,,,,,,,,,,,,,,2026-04-01 16:43:51.213001+00:00,,,,,,,%%8100,,,,,,,0,,,,,,NORMALVM,0x000000000012f329,pizza,S-1-5-21-2352865859-2334931103-2005901029-1001,,,,,,MicrosoftAccount:user=pizzahuthacker@gmail.com,,,,,,,,,,,,,0,,,,,,,,
901,2026-04-01 16:48:00.272383+00:00,5379,Microsoft-Windows-Security-Auditing,,,,,,,,,,,,,,2452,,,1,,,,,,,,,,,,,,,,,,,,,,,,,,,,,,,,,,,,,,,,,,,,,,,,,,,,,,,,,,,,,,,,,,,,,2026-04-01 16:43:51.213001+00:00,,,,,,,%%8100,,,,,,,0,,,,,,NORMALVM,0x000000000012f329,pizza,S-1-5-21-2352865859-2334931103-2005901029-1001,,,,,,MicrosoftAccount:user=pizzahuthacker@gmail.com,,,,,,,,,,,,,0,,,,,,,,
902,2026-04-01 16:48:00.272470+00:00,5379,Microsoft-Windows-Security-Auditing,,,,,,,,,,,,,,2452,,,1,,,,,,,,,,,,,,,,,,,,,,,,,,,,,,,,,,,,,,,,,,,,,,,,,,,,,,,,,,,,,,,,,,,,,2026-04-01 16:43:51.213001+00:00,,,,,,,%%8100,,,,,,,0,,,,,,NORMALVM,0x000000000012f329,pizza,S-1-5-21-2352865859-2334931103-2005901029-1001,,,,,,MicrosoftAccount:user=pizzahuthacker@gmail.com,,,,,,,,,,,,,0,,,,,,,,
903,2026-04-01 16:48:00.272564+00:00,5379,Microsoft-Windows-Security-Auditing,,,,,,,,,,,,,,2452,,,1,,,,,,,,,,,,,,,,,,,,,,,,,,,,,,,,,,,,,,,,,,,,,,,,,,,,,,,,,,,,,,,,,,,,,2026-04-01 16:43:51.213001+00:00,,,,,,,%%8100,,,,,,,0,,,,,,NORMALVM,0x000000000012f329,pizza,S-1-5-21-2352865859-2334931103-2005901029-1001,,,,,,MicrosoftAccount:user=pizzahuthacker@gmail.com,,,,,,,,,,,,,0,,,,,,,,
904,2026-04-01 16:48:00.272631+00:00,5379,Microsoft-Windows-Security-Auditing,,,,,,,,,,,,,,2452,,,1,,,,,,,,,,,,,,,,,,,,,,,,,,,,,,,,,,,,,,,,,,,,,,,,,,,,,,,,,,,,,,,,,,,,,2026-04-01 16:43:51.213001+00:00,,,,,,,%%8100,,,,,,,0,,,,,,NORMALVM,0x000000000012f329,pizza,S-1-5-21-2352865859-2334931103-2005901029-1001,,,,,,MicrosoftAccount:user=pizzahuthacker@gmail.com,,,,,,,,,,,,,0,,,,,,,,
905,2026-04-01 16:48:00.272718+00:00,5379,Microsoft-Windows-Security-Auditing,,,,,,,,,,,,,,2452,,,1,,,,,,,,,,,,,,,,,,,,,,,,,,,,,,,,,,,,,,,,,,,,,,,,,,,,,,,,,,,,,,,,,,,,,2026-04-01 16:43:51.213001+00:00,,,,,,,%%8100,,,,,,,0,,,,,,NORMALVM,0x000000000012f329,pizza,S-1-5-21-2352865859-2334931103-2005901029-1001,,,,,,MicrosoftAccount:user=pizzahuthacker@gmail.com,,,,,,,,,,,,,0,,,,,,,,
906,2026-04-01 16:48:00.272789+00:00,5379,Microsoft-Windows-Security-Auditing,,,,,,,,,,,,,,2452,,,1,,,,,,,,,,,,,,,,,,,,,,,,,,,,,,,,,,,,,,,,,,,,,,,,,,,,,,,,,,,,,,,,,,,,,2026-04-01 16:43:51.213001+00:00,,,,,,,%%8100,,,,,,,0,,,,,,NORMALVM,0x000000000012f329,pizza,S-1-5-21-2352865859-2334931103-2005901029-1001,,,,,,MicrosoftAccount:user=pizzahuthacker@gmail.com,,,,,,,,,,,,,0,,,,,,,,
907,2026-04-01 16:48:00.272890+00:00,5379,Microsoft-Windows-Security-Auditing,,,,,,,,,,,,,,2452,,,1,,,,,,,,,,,,,,,,,,,,,,,,,,,,,,,,,,,,,,,,,,,,,,,,,,,,,,,,,,,,,,,,,,,,,2026-04-01 16:43:51.213001+00:00,,,,,,,%%8100,,,,,,,0,,,,,,NORMALVM,0x000000000012f329,pizza,S-1-5-21-2352865859-2334931103-2005901029-1001,,,,,,MicrosoftAccount:user=pizzahuthacker@gmail.com,,,,,,,,,,,,,0,,,,,,,,
908,2026-04-01 16:48:00.276800+00:00,5379,Microsoft-Windows-Security-Auditing,,,,,,,,,,,,,,2452,,,1,,,,,,,,,,,,,,,,,,,,,,,,,,,,,,,,,,,,,,,,,,,,,,,,,,,,,,,,,,,,,,,,,,,,,2026-04-01 16:43:51.213001+00:00,,,,,,,%%8100,,,,,,,0,,,,,,NORMALVM,0x000000000012f329,pizza,S-1-5-21-2352865859-2334931103-2005901029-1001,,,,,,MicrosoftAccount:user=pizzahuthacker@gmail.com,,,,,,,,,,,,,0,,,,,,,,
909,2026-04-01 16:48:00.287954+00:00,5379,Microsoft-Windows-Security-Auditing,,,,,,,,,,,,,,2452,,,1,,,,,,,,,,,,,,,,,,,,,,,,,,,,,,,,,,,,,,,,,,,,,,,,,,,,,,,,,,,,,,,,,,,,,2026-04-01 16:43:51.213001+00:00,,,,,,,%%8100,,,,,,,0,,,,,,NORMALVM,0x000000000012f329,pizza,S-1-5-21-2352865859-2334931103-2005901029-1001,,,,,,MicrosoftAccount:user=pizzahuthacker@gmail.com,,,,,,,,,,,,,0,,,,,,,,
910,2026-04-01 16:48:00.288160+00:00,5379,Microsoft-Windows-Security-Auditing,,,,,,,,,,,,,,2452,,,1,,,,,,,,,,,,,,,,,,,,,,,,,,,,,,,,,,,,,,,,,,,,,,,,,,,,,,,,,,,,,,,,,,,,,2026-04-01 16:43:51.213001+00:00,,,,,,,%%8100,,,,,,,0,,,,,,NORMALVM,0x000000000012f329,pizza,S-1-5-21-2352865859-2334931103-2005901029-1001,,,,,,MicrosoftAccount:user=pizzahuthacker@gmail.com,,,,,,,,,,,,,0,,,,,,,,
911,2026-04-01 16:48:00.288267+00:00,5379,Microsoft-Windows-Security-Auditing,,,,,,,,,,,,,,2452,,,1,,,,,,,,,,,,,,,,,,,,,,,,,,,,,,,,,,,,,,,,,,,,,,,,,,,,,,,,,,,,,,,,,,,,,2026-04-01 16:43:51.213001+00:00,,,,,,,%%8100,,,,,,,0,,,,,,NORMALVM,0x000000000012f329,pizza,S-1-5-21-2352865859-2334931103-2005901029-1001,,,,,,MicrosoftAccount:user=pizzahuthacker@gmail.com,,,,,,,,,,,,,0,,,,,,,,
912,2026-04-01 16:48:00.288397+00:00,5379,Microsoft-Windows-Security-Auditing,,,,,,,,,,,,,,2452,,,1,,,,,,,,,,,,,,,,,,,,,,,,,,,,,,,,,,,,,,,,,,,,,,,,,,,,,,,,,,,,,,,,,,,,,2026-04-01 16:43:51.213001+00:00,,,,,,,%%8100,,,,,,,0,,,,,,NORMALVM,0x000000000012f329,pizza,S-1-5-21-2352865859-2334931103-2005901029-1001,,,,,,MicrosoftAccount:user=pizzahuthacker@gmail.com,,,,,,,,,,,,,0,,,,,,,,
913,2026-04-01 16:48:00.288475+00:00,5379,Microsoft-Windows-Security-Auditing,,,,,,,,,,,,,,2452,,,1,,,,,,,,,,,,,,,,,,,,,,,,,,,,,,,,,,,,,,,,,,,,,,,,,,,,,,,,,,,,,,,,,,,,,2026-04-01 16:43:51.213001+00:00,,,,,,,%%8100,,,,,,,0,,,,,,NORMALVM,0x000000000012f329,pizza,S-1-5-21-2352865859-2334931103-2005901029-1001,,,,,,MicrosoftAccount:user=pizzahuthacker@gmail.com,,,,,,,,,,,,,0,,,,,,,,
914,2026-04-01 16:48:00.288578+00:00,5379,Microsoft-Windows-Security-Auditing,,,,,,,,,,,,,,2452,,,1,,,,,,,,,,,,,,,,,,,,,,,,,,,,,,,,,,,,,,,,,,,,,,,,,,,,,,,,,,,,,,,,,,,,,2026-04-01 16:43:51.213001+00:00,,,,,,,%%8100,,,,,,,0,,,,,,NORMALVM,0x000000000012f329,pizza,S-1-5-21-2352865859-2334931103-2005901029-1001,,,,,,MicrosoftAccount:user=pizzahuthacker@gmail.com,,,,,,,,,,,,,0,,,,,,,,
915,2026-04-01 16:48:00.288660+00:00,5379,Microsoft-Windows-Security-Auditing,,,,,,,,,,,,,,2452,,,1,,,,,,,,,,,,,,,,,,,,,,,,,,,,,,,,,,,,,,,,,,,,,,,,,,,,,,,,,,,,,,,,,,,,,2026-04-01 16:43:51.213001+00:00,,,,,,,%%8100,,,,,,,0,,,,,,NORMALVM,0x000000000012f329,pizza,S-1-5-21-2352865859-2334931103-2005901029-1001,,,,,,MicrosoftAccount:user=pizzahuthacker@gmail.com,,,,,,,,,,,,,0,,,,,,,,
916,2026-04-01 16:48:00.288763+00:00,5379,Microsoft-Windows-Security-Auditing,,,,,,,,,,,,,,2452,,,1,,,,,,,,,,,,,,,,,,,,,,,,,,,,,,,,,,,,,,,,,,,,,,,,,,,,,,,,,,,,,,,,,,,,,2026-04-01 16:43:51.213001+00:00,,,,,,,%%8100,,,,,,,0,,,,,,NORMALVM,0x000000000012f329,pizza,S-1-5-21-2352865859-2334931103-2005901029-1001,,,,,,MicrosoftAccount:user=pizzahuthacker@gmail.com,,,,,,,,,,,,,0,,,,,,,,
917,2026-04-01 16:48:00.288830+00:00,5379,Microsoft-Windows-Security-Auditing,,,,,,,,,,,,,,2452,,,1,,,,,,,,,,,,,,,,,,,,,,,,,,,,,,,,,,,,,,,,,,,,,,,,,,,,,,,,,,,,,,,,,,,,,2026-04-01 16:43:51.213001+00:00,,,,,,,%%8100,,,,,,,0,,,,,,NORMALVM,0x000000000012f329,pizza,S-1-5-21-2352865859-2334931103-2005901029-1001,,,,,,MicrosoftAccount:user=pizzahuthacker@gmail.com,,,,,,,,,,,,,0,,,,,,,,
918,2026-04-01 16:48:00.288954+00:00,5379,Microsoft-Windows-Security-Auditing,,,,,,,,,,,,,,2452,,,1,,,,,,,,,,,,,,,,,,,,,,,,,,,,,,,,,,,,,,,,,,,,,,,,,,,,,,,,,,,,,,,,,,,,,2026-04-01 16:43:51.213001+00:00,,,,,,,%%8100,,,,,,,0,,,,,,NORMALVM,0x000000000012f329,pizza,S-1-5-21-2352865859-2334931103-2005901029-1001,,,,,,MicrosoftAccount:user=pizzahuthacker@gmail.com,,,,,,,,,,,,,0,,,,,,,,
919,2026-04-01 16:48:00.289053+00:00,5379,Microsoft-Windows-Security-Auditing,,,,,,,,,,,,,,2452,,,1,,,,,,,,,,,,,,,,,,,,,,,,,,,,,,,,,,,,,,,,,,,,,,,,,,,,,,,,,,,,,,,,,,,,,2026-04-01 16:43:51.213001+00:00,,,,,,,%%8100,,,,,,,0,,,,,,NORMALVM,0x000000000012f329,pizza,S-1-5-21-2352865859-2334931103-2005901029-1001,,,,,,MicrosoftAccount:user=pizzahuthacker@gmail.com,,,,,,,,,,,,,0,,,,,,,,
920,2026-04-01 16:48:00.289177+00:00,5379,Microsoft-Windows-Security-Auditing,,,,,,,,,,,,,,2452,,,1,,,,,,,,,,,,,,,,,,,,,,,,,,,,,,,,,,,,,,,,,,,,,,,,,,,,,,,,,,,,,,,,,,,,,2026-04-01 16:43:51.213001+00:00,,,,,,,%%8100,,,,,,,0,,,,,,NORMALVM,0x000000000012f329,pizza,S-1-5-21-2352865859-2334931103-2005901029-1001,,,,,,MicrosoftAccount:user=pizzahuthacker@gmail.com,,,,,,,,,,,,,0,,,,,,,,
921,2026-04-01 16:48:00.289539+00:00,5379,Microsoft-Windows-Security-Auditing,,,,,,,,,,,,,,2452,,,1,,,,,,,,,,,,,,,,,,,,,,,,,,,,,,,,,,,,,,,,,,,,,,,,,,,,,,,,,,,,,,,,,,,,,2026-04-01 16:43:51.213001+00:00,,,,,,,%%8100,,,,,,,0,,,,,,NORMALVM,0x000000000012f329,pizza,S-1-5-21-2352865859-2334931103-2005901029-1001,,,,,,MicrosoftAccount:user=pizzahuthacker@gmail.com,,,,,,,,,,,,,0,,,,,,,,
922,2026-04-01 16:48:00.290596+00:00,5379,Microsoft-Windows-Security-Auditing,,,,,,,,,,,,,,2452,,,0,,,,,,,,,,,,,,,,,,,,,,,,,,,,,,,,,,,,,,,,,,,,,,,,,,,,,,,,,,,,,,,,,,,,,2026-04-01 16:43:51.213001+00:00,,,,,,,%%8100,,,,,,,3221226021,,,,,,NORMALVM,0x000000000012f329,pizza,S-1-5-21-2352865859-2334931103-2005901029-1001,,,,,,WindowsLive:(token):name=pizzahuthacker@gmail.com;serviceuri=*,,,,,,,,,,,,,0,,,,,,,,
923,2026-04-01 16:48:00.290642+00:00,5379,Microsoft-Windows-Security-Auditing,,,,,,,,,,,,,,2452,,,0,,,,,,,,,,,,,,,,,,,,,,,,,,,,,,,,,,,,,,,,,,,,,,,,,,,,,,,,,,,,,,,,,,,,,2026-04-01 16:43:51.213001+00:00,,,,,,,%%8100,,,,,,,3221226021,,,,,,NORMALVM,0x000000000012f329,pizza,S-1-5-21-2352865859-2334931103-2005901029-1001,,,,,,WindowsLive:(cert):name=pizzahuthacker@gmail.com;serviceuri=*,,,,,,,,,,,,,0,,,,,,,,
924,2026-04-01 16:48:00.657032+00:00,5379,Microsoft-Windows-Security-Auditing,,,,,,,,,,,,,,2452,,,1,,,,,,,,,,,,,,,,,,,,,,,,,,,,,,,,,,,,,,,,,,,,,,,,,,,,,,,,,,,,,,,,,,,,,2026-04-01 16:43:51.213001+00:00,,,,,,,%%8100,,,,,,,0,,,,,,NORMALVM,0x000000000012f329,pizza,S-1-5-21-2352865859-2334931103-2005901029-1001,,,,,,MicrosoftAccount:user=pizzahuthacker@gmail.com,,,,,,,,,,,,,0,,,,,,,,
925,2026-04-01 16:48:00.657421+00:00,5379,Microsoft-Windows-Security-Auditing,,,,,,,,,,,,,,2452,,,1,,,,,,,,,,,,,,,,,,,,,,,,,,,,,,,,,,,,,,,,,,,,,,,,,,,,,,,,,,,,,,,,,,,,,2026-04-01 16:43:51.213001+00:00,,,,,,,%%8100,,,,,,,0,,,,,,NORMALVM,0x000000000012f329,pizza,S-1-5-21-2352865859-2334931103-2005901029-1001,,,,,,MicrosoftAccount:user=pizzahuthacker@gmail.com,,,,,,,,,,,,,0,,,,,,,,
926,2026-04-01 16:48:00.657610+00:00,5379,Microsoft-Windows-Security-Auditing,,,,,,,,,,,,,,2452,,,1,,,,,,,,,,,,,,,,,,,,,,,,,,,,,,,,,,,,,,,,,,,,,,,,,,,,,,,,,,,,,,,,,,,,,2026-04-01 16:43:51.213001+00:00,,,,,,,%%8100,,,,,,,0,,,,,,NORMALVM,0x000000000012f329,pizza,S-1-5-21-2352865859-2334931103-2005901029-1001,,,,,,MicrosoftAccount:user=pizzahuthacker@gmail.com,,,,,,,,,,,,,0,,,,,,,,
927,2026-04-01 16:48:00.657705+00:00,5379,Microsoft-Windows-Security-Auditing,,,,,,,,,,,,,,2452,,,1,,,,,,,,,,,,,,,,,,,,,,,,,,,,,,,,,,,,,,,,,,,,,,,,,,,,,,,,,,,,,,,,,,,,,2026-04-01 16:43:51.213001+00:00,,,,,,,%%8100,,,,,,,0,,,,,,NORMALVM,0x000000000012f329,pizza,S-1-5-21-2352865859-2334931103-2005901029-1001,,,,,,MicrosoftAccount:user=pizzahuthacker@gmail.com,,,,,,,,,,,,,0,,,,,,,,
928,2026-04-01 16:48:00.657818+00:00,5379,Microsoft-Windows-Security-Auditing,,,,,,,,,,,,,,2452,,,1,,,,,,,,,,,,,,,,,,,,,,,,,,,,,,,,,,,,,,,,,,,,,,,,,,,,,,,,,,,,,,,,,,,,,2026-04-01 16:43:51.213001+00:00,,,,,,,%%8100,,,,,,,0,,,,,,NORMALVM,0x000000000012f329,pizza,S-1-5-21-2352865859-2334931103-2005901029-1001,,,,,,MicrosoftAccount:user=pizzahuthacker@gmail.com,,,,,,,,,,,,,0,,,,,,,,
929,2026-04-01 16:48:00.657902+00:00,5379,Microsoft-Windows-Security-Auditing,,,,,,,,,,,,,,2452,,,1,,,,,,,,,,,,,,,,,,,,,,,,,,,,,,,,,,,,,,,,,,,,,,,,,,,,,,,,,,,,,,,,,,,,,2026-04-01 16:43:51.213001+00:00,,,,,,,%%8100,,,,,,,0,,,,,,NORMALVM,0x000000000012f329,pizza,S-1-5-21-2352865859-2334931103-2005901029-1001,,,,,,MicrosoftAccount:user=pizzahuthacker@gmail.com,,,,,,,,,,,,,0,,,,,,,,
930,2026-04-01 16:48:00.658730+00:00,5379,Microsoft-Windows-Security-Auditing,,,,,,,,,,,,,,2452,,,1,,,,,,,,,,,,,,,,,,,,,,,,,,,,,,,,,,,,,,,,,,,,,,,,,,,,,,,,,,,,,,,,,,,,,2026-04-01 16:43:51.213001+00:00,,,,,,,%%8100,,,,,,,0,,,,,,NORMALVM,0x000000000012f329,pizza,S-1-5-21-2352865859-2334931103-2005901029-1001,,,,,,MicrosoftAccount:user=pizzahuthacker@gmail.com,,,,,,,,,,,,,0,,,,,,,,
931,2026-04-01 16:48:00.658867+00:00,5379,Microsoft-Windows-Security-Auditing,,,,,,,,,,,,,,2452,,,1,,,,,,,,,,,,,,,,,,,,,,,,,,,,,,,,,,,,,,,,,,,,,,,,,,,,,,,,,,,,,,,,,,,,,2026-04-01 16:43:51.213001+00:00,,,,,,,%%8100,,,,,,,0,,,,,,NORMALVM,0x000000000012f329,pizza,S-1-5-21-2352865859-2334931103-2005901029-1001,,,,,,MicrosoftAccount:user=pizzahuthacker@gmail.com,,,,,,,,,,,,,0,,,,,,,,
932,2026-04-01 16:48:00.658987+00:00,5379,Microsoft-Windows-Security-Auditing,,,,,,,,,,,,,,2452,,,1,,,,,,,,,,,,,,,,,,,,,,,,,,,,,,,,,,,,,,,,,,,,,,,,,,,,,,,,,,,,,,,,,,,,,2026-04-01 16:43:51.213001+00:00,,,,,,,%%8100,,,,,,,0,,,,,,NORMALVM,0x000000000012f329,pizza,S-1-5-21-2352865859-2334931103-2005901029-1001,,,,,,MicrosoftAccount:user=pizzahuthacker@gmail.com,,,,,,,,,,,,,0,,,,,,,,
