3864,2026-04-01 17:20:34.763628+00:00,5379,Microsoft-Windows-Security-Auditing,,,,,,,,,,,,,,3780,,,1,,,,,,,,,,,,,,,,,,,,,,,,,,,,,,,,,,,,,,,,,,,,,,,,,,,,,,,,,,,,,,,,,,,,,2026-04-01 17:17:51.206451+00:00,,,,,,,%%8100,,,,,,,0,,,,,,NORMALVM,0x000000000003f7ec,pizza,S-1-5-21-2352865859-2334931103-2005901029-1001,,,,,,MicrosoftAccount:user=pizzahuthacker@gmail.com,,,,,,,,,,,,,0,,,,,,,,
3865,2026-04-01 17:20:34.763720+00:00,5379,Microsoft-Windows-Security-Auditing,,,,,,,,,,,,,,3780,,,1,,,,,,,,,,,,,,,,,,,,,,,,,,,,,,,,,,,,,,,,,,,,,,,,,,,,,,,,,,,,,,,,,,,,,2026-04-01 17:17:51.206451+00:00,,,,,,,%%8100,,,,,,,0,,,,,,NORMALVM,0x000000000003f7ec,pizza,S-1-5-21-2352865859-2334931103-2005901029-1001,,,,,,MicrosoftAccount:user=pizzahuthacker@gmail.com,,,,,,,,,,,,,0,,,,,,,,
3866,2026-04-01 17:20:34.763798+00:00,5379,Microsoft-Windows-Security-Auditing,,,,,,,,,,,,,,3780,,,1,,,,,,,,,,,,,,,,,,,,,,,,,,,,,,,,,,,,,,,,,,,,,,,,,,,,,,,,,,,,,,,,,,,,,2026-04-01 17:17:51.206451+00:00,,,,,,,%%8100,,,,,,,0,,,,,,NORMALVM,0x000000000003f7ec,pizza,S-1-5-21-2352865859-2334931103-2005901029-1001,,,,,,MicrosoftAccount:user=pizzahuthacker@gmail.com,,,,,,,,,,,,,0,,,,,,,,
3867,2026-04-01 17:20:35.160915+00:00,5058,Microsoft-Windows-Security-Auditing,,,,,,,,UNKNOWN,,,,,2026-04-01 17:20:34.953438+00:00,7492,,,,,,,,,,,,,,,,,,,,,,,,,,,C:\ProgramData\Microsoft\Crypto\SystemKeys\2a61780cbc53cdf276b46ac8e1698f67_8a77c4b8-41bd-4429-86d0-b73425f5c602,,Microsoft Edgekey1,%%2500,,,,,,,,,,,,,,,,,,,,,,,,,,,,,,,,,%%2458,,,,,,,,,,,,,Microsoft Software Key Storage Provider,,,,,,,,,,0x00000000,,,,,,WORKGROUP,0x00000000000003e7,NORMALVM$,S-1-5-18,,,,,,,,,,,,,,,,,,,,,,,,,,,
3868,2026-04-01 17:20:35.161173+00:00,5061,Microsoft-Windows-Security-Auditing,,,,,,,,AES,,,,,,,,,,,,,,,,,,,,,,,,,,,,,,,,,,,Microsoft Edgekey1,%%2500,,,,,,,,,,,,,,,,,,,,,,,,,,,,,,,,,%%2480,,,,,,,,,,,,,Microsoft Software Key Storage Provider,,,,,,,,,,0x00000000,,,,,,WORKGROUP,0x00000000000003e7,NORMALVM$,S-1-5-18,,,,,,,,,,,,,,,,,,,,,,,,,,,
3869,2026-04-01 17:20:36.922079+00:00,5379,Microsoft-Windows-Security-Auditing,,,,,,,,,,,,,,3780,,,1,,,,,,,,,,,,,,,,,,,,,,,,,,,,,,,,,,,,,,,,,,,,,,,,,,,,,,,,,,,,,,,,,,,,,2026-04-01 17:17:51.206451+00:00,,,,,,,%%8100,,,,,,,0,,,,,,NORMALVM,0x000000000003f7ec,pizza,S-1-5-21-2352865859-2334931103-2005901029-1001,,,,,,MicrosoftAccount:user=pizzahuthacker@gmail.com,,,,,,,,,,,,,0,,,,,,,,
3870,2026-04-01 17:20:36.923079+00:00,5379,Microsoft-Windows-Security-Auditing,,,,,,,,,,,,,,3780,,,1,,,,,,,,,,,,,,,,,,,,,,,,,,,,,,,,,,,,,,,,,,,,,,,,,,,,,,,,,,,,,,,,,,,,,2026-04-01 17:17:51.206451+00:00,,,,,,,%%8100,,,,,,,0,,,,,,NORMALVM,0x000000000003f7ec,pizza,S-1-5-21-2352865859-2334931103-2005901029-1001,,,,,,MicrosoftAccount:user=pizzahuthacker@gmail.com,,,,,,,,,,,,,0,,,,,,,,
3871,2026-04-01 17:20:36.923542+00:00,5379,Microsoft-Windows-Security-Auditing,,,,,,,,,,,,,,3780,,,1,,,,,,,,,,,,,,,,,,,,,,,,,,,,,,,,,,,,,,,,,,,,,,,,,,,,,,,,,,,,,,,,,,,,,2026-04-01 17:17:51.206451+00:00,,,,,,,%%8100,,,,,,,0,,,,,,NORMALVM,0x000000000003f7ec,pizza,S-1-5-21-2352865859-2334931103-2005901029-1001,,,,,,MicrosoftAccount:user=pizzahuthacker@gmail.com,,,,,,,,,,,,,0,,,,,,,,
3872,2026-04-01 17:20:37.034590+00:00,5379,Microsoft-Windows-Security-Auditing,,,,,,,,,,,,,,3780,,,1,,,,,,,,,,,,,,,,,,,,,,,,,,,,,,,,,,,,,,,,,,,,,,,,,,,,,,,,,,,,,,,,,,,,,2026-04-01 17:17:51.206451+00:00,,,,,,,%%8100,,,,,,,0,,,,,,NORMALVM,0x000000000003f7ec,pizza,S-1-5-21-2352865859-2334931103-2005901029-1001,,,,,,MicrosoftAccount:user=pizzahuthacker@gmail.com,,,,,,,,,,,,,0,,,,,,,,
3873,2026-04-01 17:20:37.035337+00:00,5379,Microsoft-Windows-Security-Auditing,,,,,,,,,,,,,,3780,,,0,,,,,,,,,,,,,,,,,,,,,,,,,,,,,,,,,,,,,,,,,,,,,,,,,,,,,,,,,,,,,,,,,,,,,2026-04-01 17:17:51.206451+00:00,,,,,,,%%8100,,,,,,,3221226021,,,,,,NORMALVM,0x000000000003f7ec,pizza,S-1-5-21-2352865859-2334931103-2005901029-1001,,,,,,WindowsLive:(token):name=pizzahuthacker@gmail.com;serviceuri=*,,,,,,,,,,,,,0,,,,,,,,
3874,2026-04-01 17:20:37.035381+00:00,5379,Microsoft-Windows-Security-Auditing,,,,,,,,,,,,,,3780,,,0,,,,,,,,,,,,,,,,,,,,,,,,,,,,,,,,,,,,,,,,,,,,,,,,,,,,,,,,,,,,,,,,,,,,,2026-04-01 17:17:51.206451+00:00,,,,,,,%%8100,,,,,,,3221226021,,,,,,NORMALVM,0x000000000003f7ec,pizza,S-1-5-21-2352865859-2334931103-2005901029-1001,,,,,,WindowsLive:(cert):name=pizzahuthacker@gmail.com;serviceuri=*,,,,,,,,,,,,,0,,,,,,,,
3875,2026-04-01 17:20:37.037561+00:00,5379,Microsoft-Windows-Security-Auditing,,,,,,,,,,,,,,3780,,,1,,,,,,,,,,,,,,,,,,,,,,,,,,,,,,,,,,,,,,,,,,,,,,,,,,,,,,,,,,,,,,,,,,,,,2026-04-01 17:17:51.206451+00:00,,,,,,,%%8100,,,,,,,0,,,,,,NORMALVM,0x000000000003f7ec,pizza,S-1-5-21-2352865859-2334931103-2005901029-1001,,,,,,MicrosoftAccount:user=pizzahuthacker@gmail.com,,,,,,,,,,,,,0,,,,,,,,
3876,2026-04-01 17:20:37.040134+00:00,5379,Microsoft-Windows-Security-Auditing,,,,,,,,,,,,,,3780,,,1,,,,,,,,,,,,,,,,,,,,,,,,,,,,,,,,,,,,,,,,,,,,,,,,,,,,,,,,,,,,,,,,,,,,,2026-04-01 17:17:51.206451+00:00,,,,,,,%%8100,,,,,,,0,,,,,,NORMALVM,0x000000000003f7ec,pizza,S-1-5-21-2352865859-2334931103-2005901029-1001,,,,,,MicrosoftAccount:user=pizzahuthacker@gmail.com,,,,,,,,,,,,,0,,,,,,,,
3877,2026-04-01 17:20:37.042997+00:00,5379,Microsoft-Windows-Security-Auditing,,,,,,,,,,,,,,3780,,,0,,,,,,,,,,,,,,,,,,,,,,,,,,,,,,,,,,,,,,,,,,,,,,,,,,,,,,,,,,,,,,,,,,,,,2026-04-01 17:17:51.206451+00:00,,,,,,,%%8100,,,,,,,3221226021,,,,,,NORMALVM,0x000000000003f7ec,pizza,S-1-5-21-2352865859-2334931103-2005901029-1001,,,,,,WindowsLive:(token):name=pizzahuthacker@gmail.com;serviceuri=*,,,,,,,,,,,,,0,,,,,,,,
3878,2026-04-01 17:20:37.043129+00:00,5379,Microsoft-Windows-Security-Auditing,,,,,,,,,,,,,,3780,,,0,,,,,,,,,,,,,,,,,,,,,,,,,,,,,,,,,,,,,,,,,,,,,,,,,,,,,,,,,,,,,,,,,,,,,2026-04-01 17:17:51.206451+00:00,,,,,,,%%8100,,,,,,,3221226021,,,,,,NORMALVM,0x000000000003f7ec,pizza,S-1-5-21-2352865859-2334931103-2005901029-1001,,,,,,WindowsLive:(token):name=pizzahuthacker@gmail.com;serviceuri=*,,,,,,,,,,,,,0,,,,,,,,
3879,2026-04-01 17:20:37.043152+00:00,5379,Microsoft-Windows-Security-Auditing,,,,,,,,,,,,,,3780,,,0,,,,,,,,,,,,,,,,,,,,,,,,,,,,,,,,,,,,,,,,,,,,,,,,,,,,,,,,,,,,,,,,,,,,,2026-04-01 17:17:51.206451+00:00,,,,,,,%%8100,,,,,,,3221226021,,,,,,NORMALVM,0x000000000003f7ec,pizza,S-1-5-21-2352865859-2334931103-2005901029-1001,,,,,,WindowsLive:(cert):name=pizzahuthacker@gmail.com;serviceuri=*,,,,,,,,,,,,,0,,,,,,,,
3880,2026-04-01 17:20:37.043343+00:00,5379,Microsoft-Windows-Security-Auditing,,,,,,,,,,,,,,3780,,,0,,,,,,,,,,,,,,,,,,,,,,,,,,,,,,,,,,,,,,,,,,,,,,,,,,,,,,,,,,,,,,,,,,,,,2026-04-01 17:17:51.206451+00:00,,,,,,,%%8100,,,,,,,3221226021,,,,,,NORMALVM,0x000000000003f7ec,pizza,S-1-5-21-2352865859-2334931103-2005901029-1001,,,,,,WindowsLive:(cert):name=pizzahuthacker@gmail.com;serviceuri=*,,,,,,,,,,,,,0,,,,,,,,
3881,2026-04-01 17:20:37.046156+00:00,5379,Microsoft-Windows-Security-Auditing,,,,,,,,,,,,,,3780,,,1,,,,,,,,,,,,,,,,,,,,,,,,,,,,,,,,,,,,,,,,,,,,,,,,,,,,,,,,,,,,,,,,,,,,,2026-04-01 17:17:51.206451+00:00,,,,,,,%%8100,,,,,,,0,,,,,,NORMALVM,0x000000000003f7ec,pizza,S-1-5-21-2352865859-2334931103-2005901029-1001,,,,,,MicrosoftAccount:user=pizzahuthacker@gmail.com,,,,,,,,,,,,,0,,,,,,,,
3882,2026-04-01 17:20:37.047403+00:00,5379,Microsoft-Windows-Security-Auditing,,,,,,,,,,,,,,3780,,,1,,,,,,,,,,,,,,,,,,,,,,,,,,,,,,,,,,,,,,,,,,,,,,,,,,,,,,,,,,,,,,,,,,,,,2026-04-01 17:17:51.206451+00:00,,,,,,,%%8100,,,,,,,0,,,,,,NORMALVM,0x000000000003f7ec,pizza,S-1-5-21-2352865859-2334931103-2005901029-1001,,,,,,MicrosoftAccount:user=pizzahuthacker@gmail.com,,,,,,,,,,,,,0,,,,,,,,
3883,2026-04-01 17:20:37.048914+00:00,5379,Microsoft-Windows-Security-Auditing,,,,,,,,,,,,,,3780,,,1,,,,,,,,,,,,,,,,,,,,,,,,,,,,,,,,,,,,,,,,,,,,,,,,,,,,,,,,,,,,,,,,,,,,,2026-04-01 17:17:51.206451+00:00,,,,,,,%%8100,,,,,,,0,,,,,,NORMALVM,0x000000000003f7ec,pizza,S-1-5-21-2352865859-2334931103-2005901029-1001,,,,,,MicrosoftAccount:user=pizzahuthacker@gmail.com,,,,,,,,,,,,,0,,,,,,,,
3884,2026-04-01 17:20:37.215807+00:00,5379,Microsoft-Windows-Security-Auditing,,,,,,,,,,,,,,3780,,,0,,,,,,,,,,,,,,,,,,,,,,,,,,,,,,,,,,,,,,,,,,,,,,,,,,,,,,,,,,,,,,,,,,,,,2026-04-01 17:17:51.206451+00:00,,,,,,,%%8100,,,,,,,3221226021,,,,,,NORMALVM,0x000000000003f7ec,pizza,S-1-5-21-2352865859-2334931103-2005901029-1001,,,,,,WindowsLive:(token):name=pizzahuthacker@gmail.com;serviceuri=*,,,,,,,,,,,,,0,,,,,,,,
3885,2026-04-01 17:20:37.215874+00:00,5379,Microsoft-Windows-Security-Auditing,,,,,,,,,,,,,,3780,,,0,,,,,,,,,,,,,,,,,,,,,,,,,,,,,,,,,,,,,,,,,,,,,,,,,,,,,,,,,,,,,,,,,,,,,2026-04-01 17:17:51.206451+00:00,,,,,,,%%8100,,,,,,,3221226021,,,,,,NORMALVM,0x000000000003f7ec,pizza,S-1-5-21-2352865859-2334931103-2005901029-1001,,,,,,WindowsLive:(cert):name=pizzahuthacker@gmail.com;serviceuri=*,,,,,,,,,,,,,0,,,,,,,,
3886,2026-04-01 17:20:37.218130+00:00,5379,Microsoft-Windows-Security-Auditing,,,,,,,,,,,,,,3780,,,1,,,,,,,,,,,,,,,,,,,,,,,,,,,,,,,,,,,,,,,,,,,,,,,,,,,,,,,,,,,,,,,,,,,,,2026-04-01 17:17:51.206451+00:00,,,,,,,%%8100,,,,,,,0,,,,,,NORMALVM,0x000000000003f7ec,pizza,S-1-5-21-2352865859-2334931103-2005901029-1001,,,,,,MicrosoftAccount:user=pizzahuthacker@gmail.com,,,,,,,,,,,,,0,,,,,,,,
3887,2026-04-01 17:20:37.219381+00:00,5379,Microsoft-Windows-Security-Auditing,,,,,,,,,,,,,,3780,,,1,,,,,,,,,,,,,,,,,,,,,,,,,,,,,,,,,,,,,,,,,,,,,,,,,,,,,,,,,,,,,,,,,,,,,2026-04-01 17:17:51.206451+00:00,,,,,,,%%8100,,,,,,,0,,,,,,NORMALVM,0x000000000003f7ec,pizza,S-1-5-21-2352865859-2334931103-2005901029-1001,,,,,,MicrosoftAccount:user=pizzahuthacker@gmail.com,,,,,,,,,,,,,0,,,,,,,,
3888,2026-04-01 17:20:37.221958+00:00,5379,Microsoft-Windows-Security-Auditing,,,,,,,,,,,,,,3780,,,1,,,,,,,,,,,,,,,,,,,,,,,,,,,,,,,,,,,,,,,,,,,,,,,,,,,,,,,,,,,,,,,,,,,,,2026-04-01 17:17:51.206451+00:00,,,,,,,%%8100,,,,,,,0,,,,,,NORMALVM,0x000000000003f7ec,pizza,S-1-5-21-2352865859-2334931103-2005901029-1001,,,,,,MicrosoftAccount:user=pizzahuthacker@gmail.com,,,,,,,,,,,,,0,,,,,,,,
3889,2026-04-01 17:20:37.482357+00:00,5379,Microsoft-Windows-Security-Auditing,,,,,,,,,,,,,,3780,,,1,,,,,,,,,,,,,,,,,,,,,,,,,,,,,,,,,,,,,,,,,,,,,,,,,,,,,,,,,,,,,,,,,,,,,2026-04-01 17:17:51.206451+00:00,,,,,,,%%8100,,,,,,,0,,,,,,NORMALVM,0x000000000003f7ec,pizza,S-1-5-21-2352865859-2334931103-2005901029-1001,,,,,,MicrosoftAccount:user=pizzahuthacker@gmail.com,,,,,,,,,,,,,0,,,,,,,,
3890,2026-04-01 17:20:37.482555+00:00,5379,Microsoft-Windows-Security-Auditing,,,,,,,,,,,,,,3780,,,1,,,,,,,,,,,,,,,,,,,,,,,,,,,,,,,,,,,,,,,,,,,,,,,,,,,,,,,,,,,,,,,,,,,,,2026-04-01 17:17:51.206451+00:00,,,,,,,%%8100,,,,,,,0,,,,,,NORMALVM,0x000000000003f7ec,pizza,S-1-5-21-2352865859-2334931103-2005901029-1001,,,,,,MicrosoftAccount:user=pizzahuthacker@gmail.com,,,,,,,,,,,,,0,,,,,,,,
3891,2026-04-01 17:20:37.482735+00:00,5379,Microsoft-Windows-Security-Auditing,,,,,,,,,,,,,,3780,,,1,,,,,,,,,,,,,,,,,,,,,,,,,,,,,,,,,,,,,,,,,,,,,,,,,,,,,,,,,,,,,,,,,,,,,2026-04-01 17:17:51.206451+00:00,,,,,,,%%8100,,,,,,,0,,,,,,NORMALVM,0x000000000003f7ec,pizza,S-1-5-21-2352865859-2334931103-2005901029-1001,,,,,,MicrosoftAccount:user=pizzahuthacker@gmail.com,,,,,,,,,,,,,0,,,,,,,,
3892,2026-04-01 17:20:37.482834+00:00,5379,Microsoft-Windows-Security-Auditing,,,,,,,,,,,,,,3780,,,1,,,,,,,,,,,,,,,,,,,,,,,,,,,,,,,,,,,,,,,,,,,,,,,,,,,,,,,,,,,,,,,,,,,,,2026-04-01 17:17:51.206451+00:00,,,,,,,%%8100,,,,,,,0,,,,,,NORMALVM,0x000000000003f7ec,pizza,S-1-5-21-2352865859-2334931103-2005901029-1001,,,,,,MicrosoftAccount:user=pizzahuthacker@gmail.com,,,,,,,,,,,,,0,,,,,,,,
3893,2026-04-01 17:20:37.482973+00:00,5379,Microsoft-Windows-Security-Auditing,,,,,,,,,,,,,,3780,,,1,,,,,,,,,,,,,,,,,,,,,,,,,,,,,,,,,,,,,,,,,,,,,,,,,,,,,,,,,,,,,,,,,,,,,2026-04-01 17:17:51.206451+00:00,,,,,,,%%8100,,,,,,,0,,,,,,NORMALVM,0x000000000003f7ec,pizza,S-1-5-21-2352865859-2334931103-2005901029-1001,,,,,,MicrosoftAccount:user=pizzahuthacker@gmail.com,,,,,,,,,,,,,0,,,,,,,,
3894,2026-04-01 17:20:37.483063+00:00,5379,Microsoft-Windows-Security-Auditing,,,,,,,,,,,,,,3780,,,1,,,,,,,,,,,,,,,,,,,,,,,,,,,,,,,,,,,,,,,,,,,,,,,,,,,,,,,,,,,,,,,,,,,,,2026-04-01 17:17:51.206451+00:00,,,,,,,%%8100,,,,,,,0,,,,,,NORMALVM,0x000000000003f7ec,pizza,S-1-5-21-2352865859-2334931103-2005901029-1001,,,,,,MicrosoftAccount:user=pizzahuthacker@gmail.com,,,,,,,,,,,,,0,,,,,,,,
3895,2026-04-01 17:20:37.483196+00:00,5379,Microsoft-Windows-Security-Auditing,,,,,,,,,,,,,,3780,,,1,,,,,,,,,,,,,,,,,,,,,,,,,,,,,,,,,,,,,,,,,,,,,,,,,,,,,,,,,,,,,,,,,,,,,2026-04-01 17:17:51.206451+00:00,,,,,,,%%8100,,,,,,,0,,,,,,NORMALVM,0x000000000003f7ec,pizza,S-1-5-21-2352865859-2334931103-2005901029-1001,,,,,,MicrosoftAccount:user=pizzahuthacker@gmail.com,,,,,,,,,,,,,0,,,,,,,,
3896,2026-04-01 17:20:37.483271+00:00,5379,Microsoft-Windows-Security-Auditing,,,,,,,,,,,,,,3780,,,1,,,,,,,,,,,,,,,,,,,,,,,,,,,,,,,,,,,,,,,,,,,,,,,,,,,,,,,,,,,,,,,,,,,,,2026-04-01 17:17:51.206451+00:00,,,,,,,%%8100,,,,,,,0,,,,,,NORMALVM,0x000000000003f7ec,pizza,S-1-5-21-2352865859-2334931103-2005901029-1001,,,,,,MicrosoftAccount:user=pizzahuthacker@gmail.com,,,,,,,,,,,,,0,,,,,,,,
3897,2026-04-01 17:20:37.483381+00:00,5379,Microsoft-Windows-Security-Auditing,,,,,,,,,,,,,,3780,,,1,,,,,,,,,,,,,,,,,,,,,,,,,,,,,,,,,,,,,,,,,,,,,,,,,,,,,,,,,,,,,,,,,,,,,2026-04-01 17:17:51.206451+00:00,,,,,,,%%8100,,,,,,,0,,,,,,NORMALVM,0x000000000003f7ec,pizza,S-1-5-21-2352865859-2334931103-2005901029-1001,,,,,,MicrosoftAccount:user=pizzahuthacker@gmail.com,,,,,,,,,,,,,0,,,,,,,,
3898,2026-04-01 17:20:37.483599+00:00,5379,Microsoft-Windows-Security-Auditing,,,,,,,,,,,,,,3780,,,1,,,,,,,,,,,,,,,,,,,,,,,,,,,,,,,,,,,,,,,,,,,,,,,,,,,,,,,,,,,,,,,,,,,,,2026-04-01 17:17:51.206451+00:00,,,,,,,%%8100,,,,,,,0,,,,,,NORMALVM,0x000000000003f7ec,pizza,S-1-5-21-2352865859-2334931103-2005901029-1001,,,,,,MicrosoftAccount:user=pizzahuthacker@gmail.com,,,,,,,,,,,,,0,,,,,,,,
3899,2026-04-01 17:20:37.483768+00:00,5379,Microsoft-Windows-Security-Auditing,,,,,,,,,,,,,,3780,,,1,,,,,,,,,,,,,,,,,,,,,,,,,,,,,,,,,,,,,,,,,,,,,,,,,,,,,,,,,,,,,,,,,,,,,2026-04-01 17:17:51.206451+00:00,,,,,,,%%8100,,,,,,,0,,,,,,NORMALVM,0x000000000003f7ec,pizza,S-1-5-21-2352865859-2334931103-2005901029-1001,,,,,,MicrosoftAccount:user=pizzahuthacker@gmail.com,,,,,,,,,,,,,0,,,,,,,,
3900,2026-04-01 17:20:37.483856+00:00,5379,Microsoft-Windows-Security-Auditing,,,,,,,,,,,,,,3780,,,1,,,,,,,,,,,,,,,,,,,,,,,,,,,,,,,,,,,,,,,,,,,,,,,,,,,,,,,,,,,,,,,,,,,,,2026-04-01 17:17:51.206451+00:00,,,,,,,%%8100,,,,,,,0,,,,,,NORMALVM,0x000000000003f7ec,pizza,S-1-5-21-2352865859-2334931103-2005901029-1001,,,,,,MicrosoftAccount:user=pizzahuthacker@gmail.com,,,,,,,,,,,,,0,,,,,,,,
3901,2026-04-01 17:20:37.484035+00:00,5379,Microsoft-Windows-Security-Auditing,,,,,,,,,,,,,,3780,,,1,,,,,,,,,,,,,,,,,,,,,,,,,,,,,,,,,,,,,,,,,,,,,,,,,,,,,,,,,,,,,,,,,,,,,2026-04-01 17:17:51.206451+00:00,,,,,,,%%8100,,,,,,,0,,,,,,NORMALVM,0x000000000003f7ec,pizza,S-1-5-21-2352865859-2334931103-2005901029-1001,,,,,,MicrosoftAccount:user=pizzahuthacker@gmail.com,,,,,,,,,,,,,0,,,,,,,,
3902,2026-04-01 17:20:37.484133+00:00,5379,Microsoft-Windows-Security-Auditing,,,,,,,,,,,,,,3780,,,1,,,,,,,,,,,,,,,,,,,,,,,,,,,,,,,,,,,,,,,,,,,,,,,,,,,,,,,,,,,,,,,,,,,,,2026-04-01 17:17:51.206451+00:00,,,,,,,%%8100,,,,,,,0,,,,,,NORMALVM,0x000000000003f7ec,pizza,S-1-5-21-2352865859-2334931103-2005901029-1001,,,,,,MicrosoftAccount:user=pizzahuthacker@gmail.com,,,,,,,,,,,,,0,,,,,,,,
3903,2026-04-01 17:20:37.484257+00:00,5379,Microsoft-Windows-Security-Auditing,,,,,,,,,,,,,,3780,,,1,,,,,,,,,,,,,,,,,,,,,,,,,,,,,,,,,,,,,,,,,,,,,,,,,,,,,,,,,,,,,,,,,,,,,2026-04-01 17:17:51.206451+00:00,,,,,,,%%8100,,,,,,,0,,,,,,NORMALVM,0x000000000003f7ec,pizza,S-1-5-21-2352865859-2334931103-2005901029-1001,,,,,,MicrosoftAccount:user=pizzahuthacker@gmail.com,,,,,,,,,,,,,0,,,,,,,,
3904,2026-04-01 17:20:37.484573+00:00,5379,Microsoft-Windows-Security-Auditing,,,,,,,,,,,,,,3780,,,1,,,,,,,,,,,,,,,,,,,,,,,,,,,,,,,,,,,,,,,,,,,,,,,,,,,,,,,,,,,,,,,,,,,,,2026-04-01 17:17:51.206451+00:00,,,,,,,%%8099,,,,,,,0,,,,,,NORMALVM,0x000000000003f7ec,pizza,S-1-5-21-2352865859-2334931103-2005901029-1001,,,,,,MicrosoftAccount:user=pizzahuthacker@gmail.com,,,,,,,,,,,,,1,,,,,,,,
3905,2026-04-01 17:20:37.490376+00:00,5379,Microsoft-Windows-Security-Auditing,,,,,,,,,,,,,,3780,,,1,,,,,,,,,,,,,,,,,,,,,,,,,,,,,,,,,,,,,,,,,,,,,,,,,,,,,,,,,,,,,,,,,,,,,2026-04-01 17:17:51.206451+00:00,,,,,,,%%8100,,,,,,,0,,,,,,NORMALVM,0x000000000003f7ec,pizza,S-1-5-21-2352865859-2334931103-2005901029-1001,,,,,,MicrosoftAccount:user=pizzahuthacker@gmail.com,,,,,,,,,,,,,0,,,,,,,,
3906,2026-04-01 17:20:37.490513+00:00,5379,Microsoft-Windows-Security-Auditing,,,,,,,,,,,,,,3780,,,1,,,,,,,,,,,,,,,,,,,,,,,,,,,,,,,,,,,,,,,,,,,,,,,,,,,,,,,,,,,,,,,,,,,,,2026-04-01 17:17:51.206451+00:00,,,,,,,%%8100,,,,,,,0,,,,,,NORMALVM,0x000000000003f7ec,pizza,S-1-5-21-2352865859-2334931103-2005901029-1001,,,,,,MicrosoftAccount:user=pizzahuthacker@gmail.com,,,,,,,,,,,,,0,,,,,,,,
3907,2026-04-01 17:20:37.490648+00:00,5379,Microsoft-Windows-Security-Auditing,,,,,,,,,,,,,,3780,,,1,,,,,,,,,,,,,,,,,,,,,,,,,,,,,,,,,,,,,,,,,,,,,,,,,,,,,,,,,,,,,,,,,,,,,2026-04-01 17:17:51.206451+00:00,,,,,,,%%8100,,,,,,,0,,,,,,NORMALVM,0x000000000003f7ec,pizza,S-1-5-21-2352865859-2334931103-2005901029-1001,,,,,,MicrosoftAccount:user=pizzahuthacker@gmail.com,,,,,,,,,,,,,0,,,,,,,,
3908,2026-04-01 17:20:37.490728+00:00,5379,Microsoft-Windows-Security-Auditing,,,,,,,,,,,,,,3780,,,1,,,,,,,,,,,,,,,,,,,,,,,,,,,,,,,,,,,,,,,,,,,,,,,,,,,,,,,,,,,,,,,,,,,,,2026-04-01 17:17:51.206451+00:00,,,,,,,%%8100,,,,,,,0,,,,,,NORMALVM,0x000000000003f7ec,pizza,S-1-5-21-2352865859-2334931103-2005901029-1001,,,,,,MicrosoftAccount:user=pizzahuthacker@gmail.com,,,,,,,,,,,,,0,,,,,,,,
3909,2026-04-01 17:20:37.490847+00:00,5379,Microsoft-Windows-Security-Auditing,,,,,,,,,,,,,,3780,,,1,,,,,,,,,,,,,,,,,,,,,,,,,,,,,,,,,,,,,,,,,,,,,,,,,,,,,,,,,,,,,,,,,,,,,2026-04-01 17:17:51.206451+00:00,,,,,,,%%8100,,,,,,,0,,,,,,NORMALVM,0x000000000003f7ec,pizza,S-1-5-21-2352865859-2334931103-2005901029-1001,,,,,,MicrosoftAccount:user=pizzahuthacker@gmail.com,,,,,,,,,,,,,0,,,,,,,,
3910,2026-04-01 17:20:37.490921+00:00,5379,Microsoft-Windows-Security-Auditing,,,,,,,,,,,,,,3780,,,1,,,,,,,,,,,,,,,,,,,,,,,,,,,,,,,,,,,,,,,,,,,,,,,,,,,,,,,,,,,,,,,,,,,,,2026-04-01 17:17:51.206451+00:00,,,,,,,%%8100,,,,,,,0,,,,,,NORMALVM,0x000000000003f7ec,pizza,S-1-5-21-2352865859-2334931103-2005901029-1001,,,,,,MicrosoftAccount:user=pizzahuthacker@gmail.com,,,,,,,,,,,,,0,,,,,,,,
3911,2026-04-01 17:20:37.491293+00:00,5379,Microsoft-Windows-Security-Auditing,,,,,,,,,,,,,,3780,,,1,,,,,,,,,,,,,,,,,,,,,,,,,,,,,,,,,,,,,,,,,,,,,,,,,,,,,,,,,,,,,,,,,,,,,2026-04-01 17:17:51.206451+00:00,,,,,,,%%8100,,,,,,,0,,,,,,NORMALVM,0x000000000003f7ec,pizza,S-1-5-21-2352865859-2334931103-2005901029-1001,,,,,,MicrosoftAccount:user=pizzahuthacker@gmail.com,,,,,,,,,,,,,0,,,,,,,,
3912,2026-04-01 17:20:37.491455+00:00,5379,Microsoft-Windows-Security-Auditing,,,,,,,,,,,,,,3780,,,1,,,,,,,,,,,,,,,,,,,,,,,,,,,,,,,,,,,,,,,,,,,,,,,,,,,,,,,,,,,,,,,,,,,,,2026-04-01 17:17:51.206451+00:00,,,,,,,%%8100,,,,,,,0,,,,,,NORMALVM,0x000000000003f7ec,pizza,S-1-5-21-2352865859-2334931103-2005901029-1001,,,,,,MicrosoftAccount:user=pizzahuthacker@gmail.com,,,,,,,,,,,,,0,,,,,,,,
3913,2026-04-01 17:20:37.491632+00:00,5379,Microsoft-Windows-Security-Auditing,,,,,,,,,,,,,,3780,,,1,,,,,,,,,,,,,,,,,,,,,,,,,,,,,,,,,,,,,,,,,,,,,,,,,,,,,,,,,,,,,,,,,,,,,2026-04-01 17:17:51.206451+00:00,,,,,,,%%8100,,,,,,,0,,,,,,NORMALVM,0x000000000003f7ec,pizza,S-1-5-21-2352865859-2334931103-2005901029-1001,,,,,,MicrosoftAccount:user=pizzahuthacker@gmail.com,,,,,,,,,,,,,0,,,,,,,,
3914,2026-04-01 17:20:37.491714+00:00,5379,Microsoft-Windows-Security-Auditing,,,,,,,,,,,,,,3780,,,1,,,,,,,,,,,,,,,,,,,,,,,,,,,,,,,,,,,,,,,,,,,,,,,,,,,,,,,,,,,,,,,,,,,,,2026-04-01 17:17:51.206451+00:00,,,,,,,%%8100,,,,,,,0,,,,,,NORMALVM,0x000000000003f7ec,pizza,S-1-5-21-2352865859-2334931103-2005901029-1001,,,,,,MicrosoftAccount:user=pizzahuthacker@gmail.com,,,,,,,,,,,,,0,,,,,,,,
3915,2026-04-01 17:20:37.491819+00:00,5379,Microsoft-Windows-Security-Auditing,,,,,,,,,,,,,,3780,,,1,,,,,,,,,,,,,,,,,,,,,,,,,,,,,,,,,,,,,,,,,,,,,,,,,,,,,,,,,,,,,,,,,,,,,2026-04-01 17:17:51.206451+00:00,,,,,,,%%8100,,,,,,,0,,,,,,NORMALVM,0x000000000003f7ec,pizza,S-1-5-21-2352865859-2334931103-2005901029-1001,,,,,,MicrosoftAccount:user=pizzahuthacker@gmail.com,,,,,,,,,,,,,0,,,,,,,,
3916,2026-04-01 17:20:37.491899+00:00,5379,Microsoft-Windows-Security-Auditing,,,,,,,,,,,,,,3780,,,1,,,,,,,,,,,,,,,,,,,,,,,,,,,,,,,,,,,,,,,,,,,,,,,,,,,,,,,,,,,,,,,,,,,,,2026-04-01 17:17:51.206451+00:00,,,,,,,%%8100,,,,,,,0,,,,,,NORMALVM,0x000000000003f7ec,pizza,S-1-5-21-2352865859-2334931103-2005901029-1001,,,,,,MicrosoftAccount:user=pizzahuthacker@gmail.com,,,,,,,,,,,,,0,,,,,,,,
3917,2026-04-01 17:20:37.492006+00:00,5379,Microsoft-Windows-Security-Auditing,,,,,,,,,,,,,,3780,,,1,,,,,,,,,,,,,,,,,,,,,,,,,,,,,,,,,,,,,,,,,,,,,,,,,,,,,,,,,,,,,,,,,,,,,2026-04-01 17:17:51.206451+00:00,,,,,,,%%8100,,,,,,,0,,,,,,NORMALVM,0x000000000003f7ec,pizza,S-1-5-21-2352865859-2334931103-2005901029-1001,,,,,,MicrosoftAccount:user=pizzahuthacker@gmail.com,,,,,,,,,,,,,0,,,,,,,,
3918,2026-04-01 17:20:37.500591+00:00,5379,Microsoft-Windows-Security-Auditing,,,,,,,,,,,,,,3780,,,1,,,,,,,,,,,,,,,,,,,,,,,,,,,,,,,,,,,,,,,,,,,,,,,,,,,,,,,,,,,,,,,,,,,,,2026-04-01 17:17:51.206451+00:00,,,,,,,%%8100,,,,,,,0,,,,,,NORMALVM,0x000000000003f7ec,pizza,S-1-5-21-2352865859-2334931103-2005901029-1001,,,,,,MicrosoftAccount:user=pizzahuthacker@gmail.com,,,,,,,,,,,,,0,,,,,,,,
3919,2026-04-01 17:20:37.500729+00:00,5379,Microsoft-Windows-Security-Auditing,,,,,,,,,,,,,,3780,,,1,,,,,,,,,,,,,,,,,,,,,,,,,,,,,,,,,,,,,,,,,,,,,,,,,,,,,,,,,,,,,,,,,,,,,2026-04-01 17:17:51.206451+00:00,,,,,,,%%8100,,,,,,,0,,,,,,NORMALVM,0x000000000003f7ec,pizza,S-1-5-21-2352865859-2334931103-2005901029-1001,,,,,,MicrosoftAccount:user=pizzahuthacker@gmail.com,,,,,,,,,,,,,0,,,,,,,,
3920,2026-04-01 17:20:37.500845+00:00,5379,Microsoft-Windows-Security-Auditing,,,,,,,,,,,,,,3780,,,1,,,,,,,,,,,,,,,,,,,,,,,,,,,,,,,,,,,,,,,,,,,,,,,,,,,,,,,,,,,,,,,,,,,,,2026-04-01 17:17:51.206451+00:00,,,,,,,%%8100,,,,,,,0,,,,,,NORMALVM,0x000000000003f7ec,pizza,S-1-5-21-2352865859-2334931103-2005901029-1001,,,,,,MicrosoftAccount:user=pizzahuthacker@gmail.com,,,,,,,,,,,,,0,,,,,,,,
3921,2026-04-01 17:20:37.500929+00:00,5379,Microsoft-Windows-Security-Auditing,,,,,,,,,,,,,,3780,,,1,,,,,,,,,,,,,,,,,,,,,,,,,,,,,,,,,,,,,,,,,,,,,,,,,,,,,,,,,,,,,,,,,,,,,2026-04-01 17:17:51.206451+00:00,,,,,,,%%8100,,,,,,,0,,,,,,NORMALVM,0x000000000003f7ec,pizza,S-1-5-21-2352865859-2334931103-2005901029-1001,,,,,,MicrosoftAccount:user=pizzahuthacker@gmail.com,,,,,,,,,,,,,0,,,,,,,,
3922,2026-04-01 17:20:37.501024+00:00,5379,Microsoft-Windows-Security-Auditing,,,,,,,,,,,,,,3780,,,1,,,,,,,,,,,,,,,,,,,,,,,,,,,,,,,,,,,,,,,,,,,,,,,,,,,,,,,,,,,,,,,,,,,,,2026-04-01 17:17:51.206451+00:00,,,,,,,%%8100,,,,,,,0,,,,,,NORMALVM,0x000000000003f7ec,pizza,S-1-5-21-2352865859-2334931103-2005901029-1001,,,,,,MicrosoftAccount:user=pizzahuthacker@gmail.com,,,,,,,,,,,,,0,,,,,,,,
3923,2026-04-01 17:20:37.501106+00:00,5379,Microsoft-Windows-Security-Auditing,,,,,,,,,,,,,,3780,,,1,,,,,,,,,,,,,,,,,,,,,,,,,,,,,,,,,,,,,,,,,,,,,,,,,,,,,,,,,,,,,,,,,,,,,2026-04-01 17:17:51.206451+00:00,,,,,,,%%8100,,,,,,,0,,,,,,NORMALVM,0x000000000003f7ec,pizza,S-1-5-21-2352865859-2334931103-2005901029-1001,,,,,,MicrosoftAccount:user=pizzahuthacker@gmail.com,,,,,,,,,,,,,0,,,,,,,,
3924,2026-04-01 17:20:37.501204+00:00,5379,Microsoft-Windows-Security-Auditing,,,,,,,,,,,,,,3780,,,1,,,,,,,,,,,,,,,,,,,,,,,,,,,,,,,,,,,,,,,,,,,,,,,,,,,,,,,,,,,,,,,,,,,,,2026-04-01 17:17:51.206451+00:00,,,,,,,%%8100,,,,,,,0,,,,,,NORMALVM,0x000000000003f7ec,pizza,S-1-5-21-2352865859-2334931103-2005901029-1001,,,,,,MicrosoftAccount:user=pizzahuthacker@gmail.com,,,,,,,,,,,,,0,,,,,,,,
3925,2026-04-01 17:20:37.501352+00:00,5379,Microsoft-Windows-Security-Auditing,,,,,,,,,,,,,,3780,,,1,,,,,,,,,,,,,,,,,,,,,,,,,,,,,,,,,,,,,,,,,,,,,,,,,,,,,,,,,,,,,,,,,,,,,2026-04-01 17:17:51.206451+00:00,,,,,,,%%8100,,,,,,,0,,,,,,NORMALVM,0x000000000003f7ec,pizza,S-1-5-21-2352865859-2334931103-2005901029-1001,,,,,,MicrosoftAccount:user=pizzahuthacker@gmail.com,,,,,,,,,,,,,0,,,,,,,,
3926,2026-04-01 17:20:37.501451+00:00,5379,Microsoft-Windows-Security-Auditing,,,,,,,,,,,,,,3780,,,1,,,,,,,,,,,,,,,,,,,,,,,,,,,,,,,,,,,,,,,,,,,,,,,,,,,,,,,,,,,,,,,,,,,,,2026-04-01 17:17:51.206451+00:00,,,,,,,%%8100,,,,,,,0,,,,,,NORMALVM,0x000000000003f7ec,pizza,S-1-5-21-2352865859-2334931103-2005901029-1001,,,,,,MicrosoftAccount:user=pizzahuthacker@gmail.com,,,,,,,,,,,,,0,,,,,,,,
3927,2026-04-01 17:20:37.501530+00:00,5379,Microsoft-Windows-Security-Auditing,,,,,,,,,,,,,,3780,,,1,,,,,,,,,,,,,,,,,,,,,,,,,,,,,,,,,,,,,,,,,,,,,,,,,,,,,,,,,,,,,,,,,,,,,2026-04-01 17:17:51.206451+00:00,,,,,,,%%8100,,,,,,,0,,,,,,NORMALVM,0x000000000003f7ec,pizza,S-1-5-21-2352865859-2334931103-2005901029-1001,,,,,,MicrosoftAccount:user=pizzahuthacker@gmail.com,,,,,,,,,,,,,0,,,,,,,,
3928,2026-04-01 17:20:37.501640+00:00,5379,Microsoft-Windows-Security-Auditing,,,,,,,,,,,,,,3780,,,1,,,,,,,,,,,,,,,,,,,,,,,,,,,,,,,,,,,,,,,,,,,,,,,,,,,,,,,,,,,,,,,,,,,,,2026-04-01 17:17:51.206451+00:00,,,,,,,%%8100,,,,,,,0,,,,,,NORMALVM,0x000000000003f7ec,pizza,S-1-5-21-2352865859-2334931103-2005901029-1001,,,,,,MicrosoftAccount:user=pizzahuthacker@gmail.com,,,,,,,,,,,,,0,,,,,,,,
3929,2026-04-01 17:20:37.501717+00:00,5379,Microsoft-Windows-Security-Auditing,,,,,,,,,,,,,,3780,,,1,,,,,,,,,,,,,,,,,,,,,,,,,,,,,,,,,,,,,,,,,,,,,,,,,,,,,,,,,,,,,,,,,,,,,2026-04-01 17:17:51.206451+00:00,,,,,,,%%8100,,,,,,,0,,,,,,NORMALVM,0x000000000003f7ec,pizza,S-1-5-21-2352865859-2334931103-2005901029-1001,,,,,,MicrosoftAccount:user=pizzahuthacker@gmail.com,,,,,,,,,,,,,0,,,,,,,,
3930,2026-04-01 17:20:37.501858+00:00,5379,Microsoft-Windows-Security-Auditing,,,,,,,,,,,,,,3780,,,1,,,,,,,,,,,,,,,,,,,,,,,,,,,,,,,,,,,,,,,,,,,,,,,,,,,,,,,,,,,,,,,,,,,,,2026-04-01 17:17:51.206451+00:00,,,,,,,%%8100,,,,,,,0,,,,,,NORMALVM,0x000000000003f7ec,pizza,S-1-5-21-2352865859-2334931103-2005901029-1001,,,,,,MicrosoftAccount:user=pizzahuthacker@gmail.com,,,,,,,,,,,,,0,,,,,,,,
3931,2026-04-01 17:20:37.502607+00:00,5379,Microsoft-Windows-Security-Auditing,,,,,,,,,,,,,,3780,,,1,,,,,,,,,,,,,,,,,,,,,,,,,,,,,,,,,,,,,,,,,,,,,,,,,,,,,,,,,,,,,,,,,,,,,2026-04-01 17:17:51.206451+00:00,,,,,,,%%8100,,,,,,,0,,,,,,NORMALVM,0x000000000003f7ec,pizza,S-1-5-21-2352865859-2334931103-2005901029-1001,,,,,,MicrosoftAccount:user=pizzahuthacker@gmail.com,,,,,,,,,,,,,0,,,,,,,,
3932,2026-04-01 17:20:37.502775+00:00,5379,Microsoft-Windows-Security-Auditing,,,,,,,,,,,,,,3780,,,1,,,,,,,,,,,,,,,,,,,,,,,,,,,,,,,,,,,,,,,,,,,,,,,,,,,,,,,,,,,,,,,,,,,,,2026-04-01 17:17:51.206451+00:00,,,,,,,%%8100,,,,,,,0,,,,,,NORMALVM,0x000000000003f7ec,pizza,S-1-5-21-2352865859-2334931103-2005901029-1001,,,,,,MicrosoftAccount:user=pizzahuthacker@gmail.com,,,,,,,,,,,,,0,,,,,,,,
3933,2026-04-01 17:20:37.541157+00:00,5379,Microsoft-Windows-Security-Auditing,,,,,,,,,,,,,,3780,,,1,,,,,,,,,,,,,,,,,,,,,,,,,,,,,,,,,,,,,,,,,,,,,,,,,,,,,,,,,,,,,,,,,,,,,2026-04-01 17:17:51.206451+00:00,,,,,,,%%8100,,,,,,,0,,,,,,NORMALVM,0x000000000003f7ec,pizza,S-1-5-21-2352865859-2334931103-2005901029-1001,,,,,,MicrosoftAccount:user=pizzahuthacker@gmail.com,,,,,,,,,,,,,0,,,,,,,,
3934,2026-04-01 17:20:37.541349+00:00,5379,Microsoft-Windows-Security-Auditing,,,,,,,,,,,,,,3780,,,1,,,,,,,,,,,,,,,,,,,,,,,,,,,,,,,,,,,,,,,,,,,,,,,,,,,,,,,,,,,,,,,,,,,,,2026-04-01 17:17:51.206451+00:00,,,,,,,%%8100,,,,,,,0,,,,,,NORMALVM,0x000000000003f7ec,pizza,S-1-5-21-2352865859-2334931103-2005901029-1001,,,,,,MicrosoftAccount:user=pizzahuthacker@gmail.com,,,,,,,,,,,,,0,,,,,,,,
3935,2026-04-01 17:20:37.541487+00:00,5379,Microsoft-Windows-Security-Auditing,,,,,,,,,,,,,,3780,,,1,,,,,,,,,,,,,,,,,,,,,,,,,,,,,,,,,,,,,,,,,,,,,,,,,,,,,,,,,,,,,,,,,,,,,2026-04-01 17:17:51.206451+00:00,,,,,,,%%8100,,,,,,,0,,,,,,NORMALVM,0x000000000003f7ec,pizza,S-1-5-21-2352865859-2334931103-2005901029-1001,,,,,,MicrosoftAccount:user=pizzahuthacker@gmail.com,,,,,,,,,,,,,0,,,,,,,,
3936,2026-04-01 17:20:37.541576+00:00,5379,Microsoft-Windows-Security-Auditing,,,,,,,,,,,,,,3780,,,1,,,,,,,,,,,,,,,,,,,,,,,,,,,,,,,,,,,,,,,,,,,,,,,,,,,,,,,,,,,,,,,,,,,,,2026-04-01 17:17:51.206451+00:00,,,,,,,%%8100,,,,,,,0,,,,,,NORMALVM,0x000000000003f7ec,pizza,S-1-5-21-2352865859-2334931103-2005901029-1001,,,,,,MicrosoftAccount:user=pizzahuthacker@gmail.com,,,,,,,,,,,,,0,,,,,,,,
3937,2026-04-01 17:20:37.541687+00:00,5379,Microsoft-Windows-Security-Auditing,,,,,,,,,,,,,,3780,,,1,,,,,,,,,,,,,,,,,,,,,,,,,,,,,,,,,,,,,,,,,,,,,,,,,,,,,,,,,,,,,,,,,,,,,2026-04-01 17:17:51.206451+00:00,,,,,,,%%8100,,,,,,,0,,,,,,NORMALVM,0x000000000003f7ec,pizza,S-1-5-21-2352865859-2334931103-2005901029-1001,,,,,,MicrosoftAccount:user=pizzahuthacker@gmail.com,,,,,,,,,,,,,0,,,,,,,,
3938,2026-04-01 17:20:37.541887+00:00,5379,Microsoft-Windows-Security-Auditing,,,,,,,,,,,,,,3780,,,1,,,,,,,,,,,,,,,,,,,,,,,,,,,,,,,,,,,,,,,,,,,,,,,,,,,,,,,,,,,,,,,,,,,,,2026-04-01 17:17:51.206451+00:00,,,,,,,%%8100,,,,,,,0,,,,,,NORMALVM,0x000000000003f7ec,pizza,S-1-5-21-2352865859-2334931103-2005901029-1001,,,,,,MicrosoftAccount:user=pizzahuthacker@gmail.com,,,,,,,,,,,,,0,,,,,,,,
3939,2026-04-01 17:20:37.542000+00:00,5379,Microsoft-Windows-Security-Auditing,,,,,,,,,,,,,,3780,,,1,,,,,,,,,,,,,,,,,,,,,,,,,,,,,,,,,,,,,,,,,,,,,,,,,,,,,,,,,,,,,,,,,,,,,2026-04-01 17:17:51.206451+00:00,,,,,,,%%8100,,,,,,,0,,,,,,NORMALVM,0x000000000003f7ec,pizza,S-1-5-21-2352865859-2334931103-2005901029-1001,,,,,,MicrosoftAccount:user=pizzahuthacker@gmail.com,,,,,,,,,,,,,0,,,,,,,,
3940,2026-04-01 17:20:37.542133+00:00,5379,Microsoft-Windows-Security-Auditing,,,,,,,,,,,,,,3780,,,1,,,,,,,,,,,,,,,,,,,,,,,,,,,,,,,,,,,,,,,,,,,,,,,,,,,,,,,,,,,,,,,,,,,,,2026-04-01 17:17:51.206451+00:00,,,,,,,%%8100,,,,,,,0,,,,,,NORMALVM,0x000000000003f7ec,pizza,S-1-5-21-2352865859-2334931103-2005901029-1001,,,,,,MicrosoftAccount:user=pizzahuthacker@gmail.com,,,,,,,,,,,,,0,,,,,,,,
3941,2026-04-01 17:20:37.542330+00:00,5379,Microsoft-Windows-Security-Auditing,,,,,,,,,,,,,,3780,,,1,,,,,,,,,,,,,,,,,,,,,,,,,,,,,,,,,,,,,,,,,,,,,,,,,,,,,,,,,,,,,,,,,,,,,2026-04-01 17:17:51.206451+00:00,,,,,,,%%8100,,,,,,,0,,,,,,NORMALVM,0x000000000003f7ec,pizza,S-1-5-21-2352865859-2334931103-2005901029-1001,,,,,,MicrosoftAccount:user=pizzahuthacker@gmail.com,,,,,,,,,,,,,0,,,,,,,,
3942,2026-04-01 17:20:37.543076+00:00,5379,Microsoft-Windows-Security-Auditing,,,,,,,,,,,,,,3780,,,1,,,,,,,,,,,,,,,,,,,,,,,,,,,,,,,,,,,,,,,,,,,,,,,,,,,,,,,,,,,,,,,,,,,,,2026-04-01 17:17:51.206451+00:00,,,,,,,%%8100,,,,,,,0,,,,,,NORMALVM,0x000000000003f7ec,pizza,S-1-5-21-2352865859-2334931103-2005901029-1001,,,,,,MicrosoftAccount:user=pizzahuthacker@gmail.com,,,,,,,,,,,,,0,,,,,,,,
3943,2026-04-01 17:20:37.543285+00:00,5379,Microsoft-Windows-Security-Auditing,,,,,,,,,,,,,,3780,,,1,,,,,,,,,,,,,,,,,,,,,,,,,,,,,,,,,,,,,,,,,,,,,,,,,,,,,,,,,,,,,,,,,,,,,2026-04-01 17:17:51.206451+00:00,,,,,,,%%8100,,,,,,,0,,,,,,NORMALVM,0x000000000003f7ec,pizza,S-1-5-21-2352865859-2334931103-2005901029-1001,,,,,,MicrosoftAccount:user=pizzahuthacker@gmail.com,,,,,,,,,,,,,0,,,,,,,,
3944,2026-04-01 17:20:37.543400+00:00,5379,Microsoft-Windows-Security-Auditing,,,,,,,,,,,,,,3780,,,1,,,,,,,,,,,,,,,,,,,,,,,,,,,,,,,,,,,,,,,,,,,,,,,,,,,,,,,,,,,,,,,,,,,,,2026-04-01 17:17:51.206451+00:00,,,,,,,%%8100,,,,,,,0,,,,,,NORMALVM,0x000000000003f7ec,pizza,S-1-5-21-2352865859-2334931103-2005901029-1001,,,,,,MicrosoftAccount:user=pizzahuthacker@gmail.com,,,,,,,,,,,,,0,,,,,,,,
3945,2026-04-01 17:20:37.543509+00:00,5379,Microsoft-Windows-Security-Auditing,,,,,,,,,,,,,,3780,,,1,,,,,,,,,,,,,,,,,,,,,,,,,,,,,,,,,,,,,,,,,,,,,,,,,,,,,,,,,,,,,,,,,,,,,2026-04-01 17:17:51.206451+00:00,,,,,,,%%8100,,,,,,,0,,,,,,NORMALVM,0x000000000003f7ec,pizza,S-1-5-21-2352865859-2334931103-2005901029-1001,,,,,,MicrosoftAccount:user=pizzahuthacker@gmail.com,,,,,,,,,,,,,0,,,,,,,,
3946,2026-04-01 17:20:37.543600+00:00,5379,Microsoft-Windows-Security-Auditing,,,,,,,,,,,,,,3780,,,1,,,,,,,,,,,,,,,,,,,,,,,,,,,,,,,,,,,,,,,,,,,,,,,,,,,,,,,,,,,,,,,,,,,,,2026-04-01 17:17:51.206451+00:00,,,,,,,%%8100,,,,,,,0,,,,,,NORMALVM,0x000000000003f7ec,pizza,S-1-5-21-2352865859-2334931103-2005901029-1001,,,,,,MicrosoftAccount:user=pizzahuthacker@gmail.com,,,,,,,,,,,,,0,,,,,,,,
3947,2026-04-01 17:20:38.145390+00:00,5379,Microsoft-Windows-Security-Auditing,,,,,,,,,,,,,,3780,,,1,,,,,,,,,,,,,,,,,,,,,,,,,,,,,,,,,,,,,,,,,,,,,,,,,,,,,,,,,,,,,,,,,,,,,2026-04-01 17:17:51.206451+00:00,,,,,,,%%8100,,,,,,,0,,,,,,NORMALVM,0x000000000003f7ec,pizza,S-1-5-21-2352865859-2334931103-2005901029-1001,,,,,,MicrosoftAccount:user=pizzahuthacker@gmail.com,,,,,,,,,,,,,0,,,,,,,,
3948,2026-04-01 17:20:38.145590+00:00,5379,Microsoft-Windows-Security-Auditing,,,,,,,,,,,,,,3780,,,1,,,,,,,,,,,,,,,,,,,,,,,,,,,,,,,,,,,,,,,,,,,,,,,,,,,,,,,,,,,,,,,,,,,,,2026-04-01 17:17:51.206451+00:00,,,,,,,%%8100,,,,,,,0,,,,,,NORMALVM,0x000000000003f7ec,pizza,S-1-5-21-2352865859-2334931103-2005901029-1001,,,,,,MicrosoftAccount:user=pizzahuthacker@gmail.com,,,,,,,,,,,,,0,,,,,,,,
3949,2026-04-01 17:20:38.145691+00:00,5379,Microsoft-Windows-Security-Auditing,,,,,,,,,,,,,,3780,,,1,,,,,,,,,,,,,,,,,,,,,,,,,,,,,,,,,,,,,,,,,,,,,,,,,,,,,,,,,,,,,,,,,,,,,2026-04-01 17:17:51.206451+00:00,,,,,,,%%8100,,,,,,,0,,,,,,NORMALVM,0x000000000003f7ec,pizza,S-1-5-21-2352865859-2334931103-2005901029-1001,,,,,,MicrosoftAccount:user=pizzahuthacker@gmail.com,,,,,,,,,,,,,0,,,,,,,,
3950,2026-04-01 17:20:38.145834+00:00,5379,Microsoft-Windows-Security-Auditing,,,,,,,,,,,,,,3780,,,1,,,,,,,,,,,,,,,,,,,,,,,,,,,,,,,,,,,,,,,,,,,,,,,,,,,,,,,,,,,,,,,,,,,,,2026-04-01 17:17:51.206451+00:00,,,,,,,%%8100,,,,,,,0,,,,,,NORMALVM,0x000000000003f7ec,pizza,S-1-5-21-2352865859-2334931103-2005901029-1001,,,,,,MicrosoftAccount:user=pizzahuthacker@gmail.com,,,,,,,,,,,,,0,,,,,,,,
3951,2026-04-01 17:20:38.145958+00:00,5379,Microsoft-Windows-Security-Auditing,,,,,,,,,,,,,,3780,,,1,,,,,,,,,,,,,,,,,,,,,,,,,,,,,,,,,,,,,,,,,,,,,,,,,,,,,,,,,,,,,,,,,,,,,2026-04-01 17:17:51.206451+00:00,,,,,,,%%8100,,,,,,,0,,,,,,NORMALVM,0x000000000003f7ec,pizza,S-1-5-21-2352865859-2334931103-2005901029-1001,,,,,,MicrosoftAccount:user=pizzahuthacker@gmail.com,,,,,,,,,,,,,0,,,,,,,,
3952,2026-04-01 17:20:38.146038+00:00,5379,Microsoft-Windows-Security-Auditing,,,,,,,,,,,,,,3780,,,1,,,,,,,,,,,,,,,,,,,,,,,,,,,,,,,,,,,,,,,,,,,,,,,,,,,,,,,,,,,,,,,,,,,,,2026-04-01 17:17:51.206451+00:00,,,,,,,%%8100,,,,,,,0,,,,,,NORMALVM,0x000000000003f7ec,pizza,S-1-5-21-2352865859-2334931103-2005901029-1001,,,,,,MicrosoftAccount:user=pizzahuthacker@gmail.com,,,,,,,,,,,,,0,,,,,,,,
3953,2026-04-01 17:20:38.146145+00:00,5379,Microsoft-Windows-Security-Auditing,,,,,,,,,,,,,,3780,,,1,,,,,,,,,,,,,,,,,,,,,,,,,,,,,,,,,,,,,,,,,,,,,,,,,,,,,,,,,,,,,,,,,,,,,2026-04-01 17:17:51.206451+00:00,,,,,,,%%8100,,,,,,,0,,,,,,NORMALVM,0x000000000003f7ec,pizza,S-1-5-21-2352865859-2334931103-2005901029-1001,,,,,,MicrosoftAccount:user=pizzahuthacker@gmail.com,,,,,,,,,,,,,0,,,,,,,,
3954,2026-04-01 17:20:38.146294+00:00,5379,Microsoft-Windows-Security-Auditing,,,,,,,,,,,,,,3780,,,1,,,,,,,,,,,,,,,,,,,,,,,,,,,,,,,,,,,,,,,,,,,,,,,,,,,,,,,,,,,,,,,,,,,,,2026-04-01 17:17:51.206451+00:00,,,,,,,%%8100,,,,,,,0,,,,,,NORMALVM,0x000000000003f7ec,pizza,S-1-5-21-2352865859-2334931103-2005901029-1001,,,,,,MicrosoftAccount:user=pizzahuthacker@gmail.com,,,,,,,,,,,,,0,,,,,,,,
3955,2026-04-01 17:20:38.146460+00:00,5379,Microsoft-Windows-Security-Auditing,,,,,,,,,,,,,,3780,,,1,,,,,,,,,,,,,,,,,,,,,,,,,,,,,,,,,,,,,,,,,,,,,,,,,,,,,,,,,,,,,,,,,,,,,2026-04-01 17:17:51.206451+00:00,,,,,,,%%8100,,,,,,,0,,,,,,NORMALVM,0x000000000003f7ec,pizza,S-1-5-21-2352865859-2334931103-2005901029-1001,,,,,,MicrosoftAccount:user=pizzahuthacker@gmail.com,,,,,,,,,,,,,0,,,,,,,,
3956,2026-04-01 17:20:38.149080+00:00,5379,Microsoft-Windows-Security-Auditing,,,,,,,,,,,,,,3780,,,1,,,,,,,,,,,,,,,,,,,,,,,,,,,,,,,,,,,,,,,,,,,,,,,,,,,,,,,,,,,,,,,,,,,,,2026-04-01 17:17:51.206451+00:00,,,,,,,%%8100,,,,,,,0,,,,,,NORMALVM,0x000000000003f7ec,pizza,S-1-5-21-2352865859-2334931103-2005901029-1001,,,,,,MicrosoftAccount:user=pizzahuthacker@gmail.com,,,,,,,,,,,,,0,,,,,,,,
3957,2026-04-01 17:20:38.149218+00:00,5379,Microsoft-Windows-Security-Auditing,,,,,,,,,,,,,,3780,,,1,,,,,,,,,,,,,,,,,,,,,,,,,,,,,,,,,,,,,,,,,,,,,,,,,,,,,,,,,,,,,,,,,,,,,2026-04-01 17:17:51.206451+00:00,,,,,,,%%8100,,,,,,,0,,,,,,NORMALVM,0x000000000003f7ec,pizza,S-1-5-21-2352865859-2334931103-2005901029-1001,,,,,,MicrosoftAccount:user=pizzahuthacker@gmail.com,,,,,,,,,,,,,0,,,,,,,,
3958,2026-04-01 17:20:38.149368+00:00,5379,Microsoft-Windows-Security-Auditing,,,,,,,,,,,,,,3780,,,1,,,,,,,,,,,,,,,,,,,,,,,,,,,,,,,,,,,,,,,,,,,,,,,,,,,,,,,,,,,,,,,,,,,,,2026-04-01 17:17:51.206451+00:00,,,,,,,%%8100,,,,,,,0,,,,,,NORMALVM,0x000000000003f7ec,pizza,S-1-5-21-2352865859-2334931103-2005901029-1001,,,,,,MicrosoftAccount:user=pizzahuthacker@gmail.com,,,,,,,,,,,,,0,,,,,,,,
3959,2026-04-01 17:20:38.149555+00:00,5379,Microsoft-Windows-Security-Auditing,,,,,,,,,,,,,,3780,,,1,,,,,,,,,,,,,,,,,,,,,,,,,,,,,,,,,,,,,,,,,,,,,,,,,,,,,,,,,,,,,,,,,,,,,2026-04-01 17:17:51.206451+00:00,,,,,,,%%8100,,,,,,,0,,,,,,NORMALVM,0x000000000003f7ec,pizza,S-1-5-21-2352865859-2334931103-2005901029-1001,,,,,,MicrosoftAccount:user=pizzahuthacker@gmail.com,,,,,,,,,,,,,0,,,,,,,,
3960,2026-04-01 17:20:38.149637+00:00,5379,Microsoft-Windows-Security-Auditing,,,,,,,,,,,,,,3780,,,1,,,,,,,,,,,,,,,,,,,,,,,,,,,,,,,,,,,,,,,,,,,,,,,,,,,,,,,,,,,,,,,,,,,,,2026-04-01 17:17:51.206451+00:00,,,,,,,%%8100,,,,,,,0,,,,,,NORMALVM,0x000000000003f7ec,pizza,S-1-5-21-2352865859-2334931103-2005901029-1001,,,,,,MicrosoftAccount:user=pizzahuthacker@gmail.com,,,,,,,,,,,,,0,,,,,,,,
3961,2026-04-01 17:20:38.149723+00:00,5379,Microsoft-Windows-Security-Auditing,,,,,,,,,,,,,,3780,,,1,,,,,,,,,,,,,,,,,,,,,,,,,,,,,,,,,,,,,,,,,,,,,,,,,,,,,,,,,,,,,,,,,,,,,2026-04-01 17:17:51.206451+00:00,,,,,,,%%8100,,,,,,,0,,,,,,NORMALVM,0x000000000003f7ec,pizza,S-1-5-21-2352865859-2334931103-2005901029-1001,,,,,,MicrosoftAccount:user=pizzahuthacker@gmail.com,,,,,,,,,,,,,0,,,,,,,,
3962,2026-04-01 17:20:38.149845+00:00,5379,Microsoft-Windows-Security-Auditing,,,,,,,,,,,,,,3780,,,1,,,,,,,,,,,,,,,,,,,,,,,,,,,,,,,,,,,,,,,,,,,,,,,,,,,,,,,,,,,,,,,,,,,,,2026-04-01 17:17:51.206451+00:00,,,,,,,%%8100,,,,,,,0,,,,,,NORMALVM,0x000000000003f7ec,pizza,S-1-5-21-2352865859-2334931103-2005901029-1001,,,,,,MicrosoftAccount:user=pizzahuthacker@gmail.com,,,,,,,,,,,,,0,,,,,,,,
3963,2026-04-01 17:20:38.150103+00:00,5379,Microsoft-Windows-Security-Auditing,,,,,,,,,,,,,,3780,,,1,,,,,,,,,,,,,,,,,,,,,,,,,,,,,,,,,,,,,,,,,,,,,,,,,,,,,,,,,,,,,,,,,,,,,2026-04-01 17:17:51.206451+00:00,,,,,,,%%8100,,,,,,,0,,,,,,NORMALVM,0x000000000003f7ec,pizza,S-1-5-21-2352865859-2334931103-2005901029-1001,,,,,,MicrosoftAccount:user=pizzahuthacker@gmail.com,,,,,,,,,,,,,0,,,,,,,,
3964,2026-04-01 17:20:38.150211+00:00,5379,Microsoft-Windows-Security-Auditing,,,,,,,,,,,,,,3780,,,1,,,,,,,,,,,,,,,,,,,,,,,,,,,,,,,,,,,,,,,,,,,,,,,,,,,,,,,,,,,,,,,,,,,,,2026-04-01 17:17:51.206451+00:00,,,,,,,%%8100,,,,,,,0,,,,,,NORMALVM,0x000000000003f7ec,pizza,S-1-5-21-2352865859-2334931103-2005901029-1001,,,,,,MicrosoftAccount:user=pizzahuthacker@gmail.com,,,,,,,,,,,,,0,,,,,,,,
3965,2026-04-01 17:20:38.150301+00:00,5379,Microsoft-Windows-Security-Auditing,,,,,,,,,,,,,,3780,,,1,,,,,,,,,,,,,,,,,,,,,,,,,,,,,,,,,,,,,,,,,,,,,,,,,,,,,,,,,,,,,,,,,,,,,2026-04-01 17:17:51.206451+00:00,,,,,,,%%8100,,,,,,,0,,,,,,NORMALVM,0x000000000003f7ec,pizza,S-1-5-21-2352865859-2334931103-2005901029-1001,,,,,,MicrosoftAccount:user=pizzahuthacker@gmail.com,,,,,,,,,,,,,0,,,,,,,,
3966,2026-04-01 17:20:38.150408+00:00,5379,Microsoft-Windows-Security-Auditing,,,,,,,,,,,,,,3780,,,1,,,,,,,,,,,,,,,,,,,,,,,,,,,,,,,,,,,,,,,,,,,,,,,,,,,,,,,,,,,,,,,,,,,,,2026-04-01 17:17:51.206451+00:00,,,,,,,%%8100,,,,,,,0,,,,,,NORMALVM,0x000000000003f7ec,pizza,S-1-5-21-2352865859-2334931103-2005901029-1001,,,,,,MicrosoftAccount:user=pizzahuthacker@gmail.com,,,,,,,,,,,,,0,,,,,,,,
3967,2026-04-01 17:20:38.150517+00:00,5379,Microsoft-Windows-Security-Auditing,,,,,,,,,,,,,,3780,,,1,,,,,,,,,,,,,,,,,,,,,,,,,,,,,,,,,,,,,,,,,,,,,,,,,,,,,,,,,,,,,,,,,,,,,2026-04-01 17:17:51.206451+00:00,,,,,,,%%8100,,,,,,,0,,,,,,NORMALVM,0x000000000003f7ec,pizza,S-1-5-21-2352865859-2334931103-2005901029-1001,,,,,,MicrosoftAccount:user=pizzahuthacker@gmail.com,,,,,,,,,,,,,0,,,,,,,,
3968,2026-04-01 17:20:38.150589+00:00,5379,Microsoft-Windows-Security-Auditing,,,,,,,,,,,,,,3780,,,1,,,,,,,,,,,,,,,,,,,,,,,,,,,,,,,,,,,,,,,,,,,,,,,,,,,,,,,,,,,,,,,,,,,,,2026-04-01 17:17:51.206451+00:00,,,,,,,%%8100,,,,,,,0,,,,,,NORMALVM,0x000000000003f7ec,pizza,S-1-5-21-2352865859-2334931103-2005901029-1001,,,,,,MicrosoftAccount:user=pizzahuthacker@gmail.com,,,,,,,,,,,,,0,,,,,,,,
3969,2026-04-01 17:20:38.150669+00:00,5379,Microsoft-Windows-Security-Auditing,,,,,,,,,,,,,,3780,,,1,,,,,,,,,,,,,,,,,,,,,,,,,,,,,,,,,,,,,,,,,,,,,,,,,,,,,,,,,,,,,,,,,,,,,2026-04-01 17:17:51.206451+00:00,,,,,,,%%8100,,,,,,,0,,,,,,NORMALVM,0x000000000003f7ec,pizza,S-1-5-21-2352865859-2334931103-2005901029-1001,,,,,,MicrosoftAccount:user=pizzahuthacker@gmail.com,,,,,,,,,,,,,0,,,,,,,,
3970,2026-04-01 17:20:38.150768+00:00,5379,Microsoft-Windows-Security-Auditing,,,,,,,,,,,,,,3780,,,1,,,,,,,,,,,,,,,,,,,,,,,,,,,,,,,,,,,,,,,,,,,,,,,,,,,,,,,,,,,,,,,,,,,,,2026-04-01 17:17:51.206451+00:00,,,,,,,%%8100,,,,,,,0,,,,,,NORMALVM,0x000000000003f7ec,pizza,S-1-5-21-2352865859-2334931103-2005901029-1001,,,,,,MicrosoftAccount:user=pizzahuthacker@gmail.com,,,,,,,,,,,,,0,,,,,,,,
3971,2026-04-01 17:20:38.150871+00:00,5379,Microsoft-Windows-Security-Auditing,,,,,,,,,,,,,,3780,,,1,,,,,,,,,,,,,,,,,,,,,,,,,,,,,,,,,,,,,,,,,,,,,,,,,,,,,,,,,,,,,,,,,,,,,2026-04-01 17:17:51.206451+00:00,,,,,,,%%8100,,,,,,,0,,,,,,NORMALVM,0x000000000003f7ec,pizza,S-1-5-21-2352865859-2334931103-2005901029-1001,,,,,,MicrosoftAccount:user=pizzahuthacker@gmail.com,,,,,,,,,,,,,0,,,,,,,,
3972,2026-04-01 17:20:38.150942+00:00,5379,Microsoft-Windows-Security-Auditing,,,,,,,,,,,,,,3780,,,1,,,,,,,,,,,,,,,,,,,,,,,,,,,,,,,,,,,,,,,,,,,,,,,,,,,,,,,,,,,,,,,,,,,,,2026-04-01 17:17:51.206451+00:00,,,,,,,%%8100,,,,,,,0,,,,,,NORMALVM,0x000000000003f7ec,pizza,S-1-5-21-2352865859-2334931103-2005901029-1001,,,,,,MicrosoftAccount:user=pizzahuthacker@gmail.com,,,,,,,,,,,,,0,,,,,,,,
3973,2026-04-01 17:20:38.151016+00:00,5379,Microsoft-Windows-Security-Auditing,,,,,,,,,,,,,,3780,,,1,,,,,,,,,,,,,,,,,,,,,,,,,,,,,,,,,,,,,,,,,,,,,,,,,,,,,,,,,,,,,,,,,,,,,2026-04-01 17:17:51.206451+00:00,,,,,,,%%8100,,,,,,,0,,,,,,NORMALVM,0x000000000003f7ec,pizza,S-1-5-21-2352865859-2334931103-2005901029-1001,,,,,,MicrosoftAccount:user=pizzahuthacker@gmail.com,,,,,,,,,,,,,0,,,,,,,,
3974,2026-04-01 17:20:38.151155+00:00,5379,Microsoft-Windows-Security-Auditing,,,,,,,,,,,,,,3780,,,1,,,,,,,,,,,,,,,,,,,,,,,,,,,,,,,,,,,,,,,,,,,,,,,,,,,,,,,,,,,,,,,,,,,,,2026-04-01 17:17:51.206451+00:00,,,,,,,%%8100,,,,,,,0,,,,,,NORMALVM,0x000000000003f7ec,pizza,S-1-5-21-2352865859-2334931103-2005901029-1001,,,,,,MicrosoftAccount:user=pizzahuthacker@gmail.com,,,,,,,,,,,,,0,,,,,,,,
3975,2026-04-01 17:20:38.151283+00:00,5379,Microsoft-Windows-Security-Auditing,,,,,,,,,,,,,,3780,,,1,,,,,,,,,,,,,,,,,,,,,,,,,,,,,,,,,,,,,,,,,,,,,,,,,,,,,,,,,,,,,,,,,,,,,2026-04-01 17:17:51.206451+00:00,,,,,,,%%8100,,,,,,,0,,,,,,NORMALVM,0x000000000003f7ec,pizza,S-1-5-21-2352865859-2334931103-2005901029-1001,,,,,,MicrosoftAccount:user=pizzahuthacker@gmail.com,,,,,,,,,,,,,0,,,,,,,,
3976,2026-04-01 17:20:38.151545+00:00,5379,Microsoft-Windows-Security-Auditing,,,,,,,,,,,,,,3780,,,1,,,,,,,,,,,,,,,,,,,,,,,,,,,,,,,,,,,,,,,,,,,,,,,,,,,,,,,,,,,,,,,,,,,,,2026-04-01 17:17:51.206451+00:00,,,,,,,%%8100,,,,,,,0,,,,,,NORMALVM,0x000000000003f7ec,pizza,S-1-5-21-2352865859-2334931103-2005901029-1001,,,,,,MicrosoftAccount:user=pizzahuthacker@gmail.com,,,,,,,,,,,,,0,,,,,,,,
3977,2026-04-01 17:20:38.151802+00:00,5379,Microsoft-Windows-Security-Auditing,,,,,,,,,,,,,,3780,,,1,,,,,,,,,,,,,,,,,,,,,,,,,,,,,,,,,,,,,,,,,,,,,,,,,,,,,,,,,,,,,,,,,,,,,2026-04-01 17:17:51.206451+00:00,,,,,,,%%8099,,,,,,,0,,,,,,NORMALVM,0x000000000003f7ec,pizza,S-1-5-21-2352865859-2334931103-2005901029-1001,,,,,,MicrosoftAccount:user=pizzahuthacker@gmail.com,,,,,,,,,,,,,1,,,,,,,,
3978,2026-04-01 17:20:38.152416+00:00,5379,Microsoft-Windows-Security-Auditing,,,,,,,,,,,,,,3780,,,1,,,,,,,,,,,,,,,,,,,,,,,,,,,,,,,,,,,,,,,,,,,,,,,,,,,,,,,,,,,,,,,,,,,,,2026-04-01 17:17:51.206451+00:00,,,,,,,%%8099,,,,,,,0,,,,,,NORMALVM,0x000000000003f7ec,pizza,S-1-5-21-2352865859-2334931103-2005901029-1001,,,,,,MicrosoftAccount:user=pizzahuthacker@gmail.com,,,,,,,,,,,,,1,,,,,,,,
3979,2026-04-01 17:20:38.155180+00:00,5379,Microsoft-Windows-Security-Auditing,,,,,,,,,,,,,,3780,,,1,,,,,,,,,,,,,,,,,,,,,,,,,,,,,,,,,,,,,,,,,,,,,,,,,,,,,,,,,,,,,,,,,,,,,2026-04-01 17:17:51.206451+00:00,,,,,,,%%8100,,,,,,,0,,,,,,NORMALVM,0x000000000003f7ec,pizza,S-1-5-21-2352865859-2334931103-2005901029-1001,,,,,,MicrosoftAccount:user=pizzahuthacker@gmail.com,,,,,,,,,,,,,0,,,,,,,,
3980,2026-04-01 17:20:38.156048+00:00,5379,Microsoft-Windows-Security-Auditing,,,,,,,,,,,,,,3780,,,1,,,,,,,,,,,,,,,,,,,,,,,,,,,,,,,,,,,,,,,,,,,,,,,,,,,,,,,,,,,,,,,,,,,,,2026-04-01 17:17:51.206451+00:00,,,,,,,%%8100,,,,,,,0,,,,,,NORMALVM,0x000000000003f7ec,pizza,S-1-5-21-2352865859-2334931103-2005901029-1001,,,,,,MicrosoftAccount:user=pizzahuthacker@gmail.com,,,,,,,,,,,,,0,,,,,,,,
3981,2026-04-01 17:20:38.157322+00:00,5379,Microsoft-Windows-Security-Auditing,,,,,,,,,,,,,,3780,,,1,,,,,,,,,,,,,,,,,,,,,,,,,,,,,,,,,,,,,,,,,,,,,,,,,,,,,,,,,,,,,,,,,,,,,2026-04-01 17:17:51.206451+00:00,,,,,,,%%8100,,,,,,,0,,,,,,NORMALVM,0x000000000003f7ec,pizza,S-1-5-21-2352865859-2334931103-2005901029-1001,,,,,,MicrosoftAccount:user=pizzahuthacker@gmail.com,,,,,,,,,,,,,0,,,,,,,,
3982,2026-04-01 17:20:38.157463+00:00,5379,Microsoft-Windows-Security-Auditing,,,,,,,,,,,,,,3780,,,1,,,,,,,,,,,,,,,,,,,,,,,,,,,,,,,,,,,,,,,,,,,,,,,,,,,,,,,,,,,,,,,,,,,,,2026-04-01 17:17:51.206451+00:00,,,,,,,%%8100,,,,,,,0,,,,,,NORMALVM,0x000000000003f7ec,pizza,S-1-5-21-2352865859-2334931103-2005901029-1001,,,,,,MicrosoftAccount:user=pizzahuthacker@gmail.com,,,,,,,,,,,,,0,,,,,,,,
3983,2026-04-01 17:20:38.157619+00:00,5379,Microsoft-Windows-Security-Auditing,,,,,,,,,,,,,,3780,,,1,,,,,,,,,,,,,,,,,,,,,,,,,,,,,,,,,,,,,,,,,,,,,,,,,,,,,,,,,,,,,,,,,,,,,2026-04-01 17:17:51.206451+00:00,,,,,,,%%8100,,,,,,,0,,,,,,NORMALVM,0x000000000003f7ec,pizza,S-1-5-21-2352865859-2334931103-2005901029-1001,,,,,,MicrosoftAccount:user=pizzahuthacker@gmail.com,,,,,,,,,,,,,0,,,,,,,,
3984,2026-04-01 17:20:38.157715+00:00,5379,Microsoft-Windows-Security-Auditing,,,,,,,,,,,,,,3780,,,1,,,,,,,,,,,,,,,,,,,,,,,,,,,,,,,,,,,,,,,,,,,,,,,,,,,,,,,,,,,,,,,,,,,,,2026-04-01 17:17:51.206451+00:00,,,,,,,%%8100,,,,,,,0,,,,,,NORMALVM,0x000000000003f7ec,pizza,S-1-5-21-2352865859-2334931103-2005901029-1001,,,,,,MicrosoftAccount:user=pizzahuthacker@gmail.com,,,,,,,,,,,,,0,,,,,,,,
3985,2026-04-01 17:20:38.157862+00:00,5379,Microsoft-Windows-Security-Auditing,,,,,,,,,,,,,,3780,,,1,,,,,,,,,,,,,,,,,,,,,,,,,,,,,,,,,,,,,,,,,,,,,,,,,,,,,,,,,,,,,,,,,,,,,2026-04-01 17:17:51.206451+00:00,,,,,,,%%8100,,,,,,,0,,,,,,NORMALVM,0x000000000003f7ec,pizza,S-1-5-21-2352865859-2334931103-2005901029-1001,,,,,,MicrosoftAccount:user=pizzahuthacker@gmail.com,,,,,,,,,,,,,0,,,,,,,,
3986,2026-04-01 17:20:38.157957+00:00,5379,Microsoft-Windows-Security-Auditing,,,,,,,,,,,,,,3780,,,1,,,,,,,,,,,,,,,,,,,,,,,,,,,,,,,,,,,,,,,,,,,,,,,,,,,,,,,,,,,,,,,,,,,,,2026-04-01 17:17:51.206451+00:00,,,,,,,%%8100,,,,,,,0,,,,,,NORMALVM,0x000000000003f7ec,pizza,S-1-5-21-2352865859-2334931103-2005901029-1001,,,,,,MicrosoftAccount:user=pizzahuthacker@gmail.com,,,,,,,,,,,,,0,,,,,,,,
3987,2026-04-01 17:20:38.158064+00:00,5379,Microsoft-Windows-Security-Auditing,,,,,,,,,,,,,,3780,,,1,,,,,,,,,,,,,,,,,,,,,,,,,,,,,,,,,,,,,,,,,,,,,,,,,,,,,,,,,,,,,,,,,,,,,2026-04-01 17:17:51.206451+00:00,,,,,,,%%8100,,,,,,,0,,,,,,NORMALVM,0x000000000003f7ec,pizza,S-1-5-21-2352865859-2334931103-2005901029-1001,,,,,,MicrosoftAccount:user=pizzahuthacker@gmail.com,,,,,,,,,,,,,0,,,,,,,,
3988,2026-04-01 17:20:38.158140+00:00,5379,Microsoft-Windows-Security-Auditing,,,,,,,,,,,,,,3780,,,1,,,,,,,,,,,,,,,,,,,,,,,,,,,,,,,,,,,,,,,,,,,,,,,,,,,,,,,,,,,,,,,,,,,,,2026-04-01 17:17:51.206451+00:00,,,,,,,%%8100,,,,,,,0,,,,,,NORMALVM,0x000000000003f7ec,pizza,S-1-5-21-2352865859-2334931103-2005901029-1001,,,,,,MicrosoftAccount:user=pizzahuthacker@gmail.com,,,,,,,,,,,,,0,,,,,,,,
3989,2026-04-01 17:20:38.158234+00:00,5379,Microsoft-Windows-Security-Auditing,,,,,,,,,,,,,,3780,,,1,,,,,,,,,,,,,,,,,,,,,,,,,,,,,,,,,,,,,,,,,,,,,,,,,,,,,,,,,,,,,,,,,,,,,2026-04-01 17:17:51.206451+00:00,,,,,,,%%8100,,,,,,,0,,,,,,NORMALVM,0x000000000003f7ec,pizza,S-1-5-21-2352865859-2334931103-2005901029-1001,,,,,,MicrosoftAccount:user=pizzahuthacker@gmail.com,,,,,,,,,,,,,0,,,,,,,,
3990,2026-04-01 17:20:38.158304+00:00,5379,Microsoft-Windows-Security-Auditing,,,,,,,,,,,,,,3780,,,1,,,,,,,,,,,,,,,,,,,,,,,,,,,,,,,,,,,,,,,,,,,,,,,,,,,,,,,,,,,,,,,,,,,,,2026-04-01 17:17:51.206451+00:00,,,,,,,%%8100,,,,,,,0,,,,,,NORMALVM,0x000000000003f7ec,pizza,S-1-5-21-2352865859-2334931103-2005901029-1001,,,,,,MicrosoftAccount:user=pizzahuthacker@gmail.com,,,,,,,,,,,,,0,,,,,,,,
3991,2026-04-01 17:20:38.158403+00:00,5379,Microsoft-Windows-Security-Auditing,,,,,,,,,,,,,,3780,,,1,,,,,,,,,,,,,,,,,,,,,,,,,,,,,,,,,,,,,,,,,,,,,,,,,,,,,,,,,,,,,,,,,,,,,2026-04-01 17:17:51.206451+00:00,,,,,,,%%8100,,,,,,,0,,,,,,NORMALVM,0x000000000003f7ec,pizza,S-1-5-21-2352865859-2334931103-2005901029-1001,,,,,,MicrosoftAccount:user=pizzahuthacker@gmail.com,,,,,,,,,,,,,0,,,,,,,,
3992,2026-04-01 17:20:38.159786+00:00,5379,Microsoft-Windows-Security-Auditing,,,,,,,,,,,,,,3780,,,1,,,,,,,,,,,,,,,,,,,,,,,,,,,,,,,,,,,,,,,,,,,,,,,,,,,,,,,,,,,,,,,,,,,,,2026-04-01 17:17:51.206451+00:00,,,,,,,%%8100,,,,,,,0,,,,,,NORMALVM,0x000000000003f7ec,pizza,S-1-5-21-2352865859-2334931103-2005901029-1001,,,,,,MicrosoftAccount:user=pizzahuthacker@gmail.com,,,,,,,,,,,,,0,,,,,,,,
