1570,2026-04-01 16:49:46.689440+00:00,5379,Microsoft-Windows-Security-Auditing,,,,,,,,,,,,,,2452,,,1,,,,,,,,,,,,,,,,,,,,,,,,,,,,,,,,,,,,,,,,,,,,,,,,,,,,,,,,,,,,,,,,,,,,,2026-04-01 16:43:51.213001+00:00,,,,,,,%%8100,,,,,,,0,,,,,,NORMALVM,0x00000000001d0778,pizza,S-1-5-21-2352865859-2334931103-2005901029-1001,,,,,,MicrosoftAccount:user=pizzahuthacker@gmail.com,,,,,,,,,,,,,0,,,,,,,,
1571,2026-04-01 16:49:46.689627+00:00,5379,Microsoft-Windows-Security-Auditing,,,,,,,,,,,,,,2452,,,1,,,,,,,,,,,,,,,,,,,,,,,,,,,,,,,,,,,,,,,,,,,,,,,,,,,,,,,,,,,,,,,,,,,,,2026-04-01 16:43:51.213001+00:00,,,,,,,%%8100,,,,,,,0,,,,,,NORMALVM,0x00000000001d0778,pizza,S-1-5-21-2352865859-2334931103-2005901029-1001,,,,,,MicrosoftAccount:user=pizzahuthacker@gmail.com,,,,,,,,,,,,,0,,,,,,,,
1572,2026-04-01 16:49:46.689764+00:00,5379,Microsoft-Windows-Security-Auditing,,,,,,,,,,,,,,2452,,,1,,,,,,,,,,,,,,,,,,,,,,,,,,,,,,,,,,,,,,,,,,,,,,,,,,,,,,,,,,,,,,,,,,,,,2026-04-01 16:43:51.213001+00:00,,,,,,,%%8100,,,,,,,0,,,,,,NORMALVM,0x00000000001d0778,pizza,S-1-5-21-2352865859-2334931103-2005901029-1001,,,,,,MicrosoftAccount:user=pizzahuthacker@gmail.com,,,,,,,,,,,,,0,,,,,,,,
1573,2026-04-01 16:49:46.689871+00:00,5379,Microsoft-Windows-Security-Auditing,,,,,,,,,,,,,,2452,,,1,,,,,,,,,,,,,,,,,,,,,,,,,,,,,,,,,,,,,,,,,,,,,,,,,,,,,,,,,,,,,,,,,,,,,2026-04-01 16:43:51.213001+00:00,,,,,,,%%8100,,,,,,,0,,,,,,NORMALVM,0x00000000001d0778,pizza,S-1-5-21-2352865859-2334931103-2005901029-1001,,,,,,MicrosoftAccount:user=pizzahuthacker@gmail.com,,,,,,,,,,,,,0,,,,,,,,
1574,2026-04-01 16:49:46.689999+00:00,5379,Microsoft-Windows-Security-Auditing,,,,,,,,,,,,,,2452,,,1,,,,,,,,,,,,,,,,,,,,,,,,,,,,,,,,,,,,,,,,,,,,,,,,,,,,,,,,,,,,,,,,,,,,,2026-04-01 16:43:51.213001+00:00,,,,,,,%%8100,,,,,,,0,,,,,,NORMALVM,0x00000000001d0778,pizza,S-1-5-21-2352865859-2334931103-2005901029-1001,,,,,,MicrosoftAccount:user=pizzahuthacker@gmail.com,,,,,,,,,,,,,0,,,,,,,,
1575,2026-04-01 16:49:46.690079+00:00,5379,Microsoft-Windows-Security-Auditing,,,,,,,,,,,,,,2452,,,1,,,,,,,,,,,,,,,,,,,,,,,,,,,,,,,,,,,,,,,,,,,,,,,,,,,,,,,,,,,,,,,,,,,,,2026-04-01 16:43:51.213001+00:00,,,,,,,%%8100,,,,,,,0,,,,,,NORMALVM,0x00000000001d0778,pizza,S-1-5-21-2352865859-2334931103-2005901029-1001,,,,,,MicrosoftAccount:user=pizzahuthacker@gmail.com,,,,,,,,,,,,,0,,,,,,,,
1576,2026-04-01 16:49:46.690178+00:00,5379,Microsoft-Windows-Security-Auditing,,,,,,,,,,,,,,2452,,,1,,,,,,,,,,,,,,,,,,,,,,,,,,,,,,,,,,,,,,,,,,,,,,,,,,,,,,,,,,,,,,,,,,,,,2026-04-01 16:43:51.213001+00:00,,,,,,,%%8100,,,,,,,0,,,,,,NORMALVM,0x00000000001d0778,pizza,S-1-5-21-2352865859-2334931103-2005901029-1001,,,,,,MicrosoftAccount:user=pizzahuthacker@gmail.com,,,,,,,,,,,,,0,,,,,,,,
1577,2026-04-01 16:49:46.690247+00:00,5379,Microsoft-Windows-Security-Auditing,,,,,,,,,,,,,,2452,,,1,,,,,,,,,,,,,,,,,,,,,,,,,,,,,,,,,,,,,,,,,,,,,,,,,,,,,,,,,,,,,,,,,,,,,2026-04-01 16:43:51.213001+00:00,,,,,,,%%8100,,,,,,,0,,,,,,NORMALVM,0x00000000001d0778,pizza,S-1-5-21-2352865859-2334931103-2005901029-1001,,,,,,MicrosoftAccount:user=pizzahuthacker@gmail.com,,,,,,,,,,,,,0,,,,,,,,
1578,2026-04-01 16:49:46.690342+00:00,5379,Microsoft-Windows-Security-Auditing,,,,,,,,,,,,,,2452,,,1,,,,,,,,,,,,,,,,,,,,,,,,,,,,,,,,,,,,,,,,,,,,,,,,,,,,,,,,,,,,,,,,,,,,,2026-04-01 16:43:51.213001+00:00,,,,,,,%%8100,,,,,,,0,,,,,,NORMALVM,0x00000000001d0778,pizza,S-1-5-21-2352865859-2334931103-2005901029-1001,,,,,,MicrosoftAccount:user=pizzahuthacker@gmail.com,,,,,,,,,,,,,0,,,,,,,,
1579,2026-04-01 16:49:46.690407+00:00,5379,Microsoft-Windows-Security-Auditing,,,,,,,,,,,,,,2452,,,1,,,,,,,,,,,,,,,,,,,,,,,,,,,,,,,,,,,,,,,,,,,,,,,,,,,,,,,,,,,,,,,,,,,,,2026-04-01 16:43:51.213001+00:00,,,,,,,%%8100,,,,,,,0,,,,,,NORMALVM,0x00000000001d0778,pizza,S-1-5-21-2352865859-2334931103-2005901029-1001,,,,,,MicrosoftAccount:user=pizzahuthacker@gmail.com,,,,,,,,,,,,,0,,,,,,,,
1580,2026-04-01 16:49:46.690504+00:00,5379,Microsoft-Windows-Security-Auditing,,,,,,,,,,,,,,2452,,,1,,,,,,,,,,,,,,,,,,,,,,,,,,,,,,,,,,,,,,,,,,,,,,,,,,,,,,,,,,,,,,,,,,,,,2026-04-01 16:43:51.213001+00:00,,,,,,,%%8100,,,,,,,0,,,,,,NORMALVM,0x00000000001d0778,pizza,S-1-5-21-2352865859-2334931103-2005901029-1001,,,,,,MicrosoftAccount:user=pizzahuthacker@gmail.com,,,,,,,,,,,,,0,,,,,,,,
1581,2026-04-01 16:49:46.727877+00:00,5379,Microsoft-Windows-Security-Auditing,,,,,,,,,,,,,,2452,,,1,,,,,,,,,,,,,,,,,,,,,,,,,,,,,,,,,,,,,,,,,,,,,,,,,,,,,,,,,,,,,,,,,,,,,2026-04-01 16:43:51.213001+00:00,,,,,,,%%8100,,,,,,,0,,,,,,NORMALVM,0x00000000001d0778,pizza,S-1-5-21-2352865859-2334931103-2005901029-1001,,,,,,MicrosoftAccount:user=pizzahuthacker@gmail.com,,,,,,,,,,,,,0,,,,,,,,
1582,2026-04-01 16:49:46.728149+00:00,5379,Microsoft-Windows-Security-Auditing,,,,,,,,,,,,,,2452,,,1,,,,,,,,,,,,,,,,,,,,,,,,,,,,,,,,,,,,,,,,,,,,,,,,,,,,,,,,,,,,,,,,,,,,,2026-04-01 16:43:51.213001+00:00,,,,,,,%%8100,,,,,,,0,,,,,,NORMALVM,0x00000000001d0778,pizza,S-1-5-21-2352865859-2334931103-2005901029-1001,,,,,,MicrosoftAccount:user=pizzahuthacker@gmail.com,,,,,,,,,,,,,0,,,,,,,,
1583,2026-04-01 16:49:46.728468+00:00,5379,Microsoft-Windows-Security-Auditing,,,,,,,,,,,,,,2452,,,1,,,,,,,,,,,,,,,,,,,,,,,,,,,,,,,,,,,,,,,,,,,,,,,,,,,,,,,,,,,,,,,,,,,,,2026-04-01 16:43:51.213001+00:00,,,,,,,%%8100,,,,,,,0,,,,,,NORMALVM,0x00000000001d0778,pizza,S-1-5-21-2352865859-2334931103-2005901029-1001,,,,,,MicrosoftAccount:user=pizzahuthacker@gmail.com,,,,,,,,,,,,,0,,,,,,,,
1584,2026-04-01 16:49:46.728598+00:00,5379,Microsoft-Windows-Security-Auditing,,,,,,,,,,,,,,2452,,,1,,,,,,,,,,,,,,,,,,,,,,,,,,,,,,,,,,,,,,,,,,,,,,,,,,,,,,,,,,,,,,,,,,,,,2026-04-01 16:43:51.213001+00:00,,,,,,,%%8100,,,,,,,0,,,,,,NORMALVM,0x00000000001d0778,pizza,S-1-5-21-2352865859-2334931103-2005901029-1001,,,,,,MicrosoftAccount:user=pizzahuthacker@gmail.com,,,,,,,,,,,,,0,,,,,,,,
1585,2026-04-01 16:49:46.728870+00:00,5379,Microsoft-Windows-Security-Auditing,,,,,,,,,,,,,,2452,,,1,,,,,,,,,,,,,,,,,,,,,,,,,,,,,,,,,,,,,,,,,,,,,,,,,,,,,,,,,,,,,,,,,,,,,2026-04-01 16:43:51.213001+00:00,,,,,,,%%8100,,,,,,,0,,,,,,NORMALVM,0x00000000001d0778,pizza,S-1-5-21-2352865859-2334931103-2005901029-1001,,,,,,MicrosoftAccount:user=pizzahuthacker@gmail.com,,,,,,,,,,,,,0,,,,,,,,
1586,2026-04-01 16:49:46.728973+00:00,5379,Microsoft-Windows-Security-Auditing,,,,,,,,,,,,,,2452,,,1,,,,,,,,,,,,,,,,,,,,,,,,,,,,,,,,,,,,,,,,,,,,,,,,,,,,,,,,,,,,,,,,,,,,,2026-04-01 16:43:51.213001+00:00,,,,,,,%%8100,,,,,,,0,,,,,,NORMALVM,0x00000000001d0778,pizza,S-1-5-21-2352865859-2334931103-2005901029-1001,,,,,,MicrosoftAccount:user=pizzahuthacker@gmail.com,,,,,,,,,,,,,0,,,,,,,,
1587,2026-04-01 16:49:46.729347+00:00,5379,Microsoft-Windows-Security-Auditing,,,,,,,,,,,,,,2452,,,1,,,,,,,,,,,,,,,,,,,,,,,,,,,,,,,,,,,,,,,,,,,,,,,,,,,,,,,,,,,,,,,,,,,,,2026-04-01 16:43:51.213001+00:00,,,,,,,%%8100,,,,,,,0,,,,,,NORMALVM,0x00000000001d0778,pizza,S-1-5-21-2352865859-2334931103-2005901029-1001,,,,,,MicrosoftAccount:user=pizzahuthacker@gmail.com,,,,,,,,,,,,,0,,,,,,,,
1588,2026-04-01 16:49:46.729471+00:00,5379,Microsoft-Windows-Security-Auditing,,,,,,,,,,,,,,2452,,,1,,,,,,,,,,,,,,,,,,,,,,,,,,,,,,,,,,,,,,,,,,,,,,,,,,,,,,,,,,,,,,,,,,,,,2026-04-01 16:43:51.213001+00:00,,,,,,,%%8100,,,,,,,0,,,,,,NORMALVM,0x00000000001d0778,pizza,S-1-5-21-2352865859-2334931103-2005901029-1001,,,,,,MicrosoftAccount:user=pizzahuthacker@gmail.com,,,,,,,,,,,,,0,,,,,,,,
1589,2026-04-01 16:49:46.729731+00:00,5379,Microsoft-Windows-Security-Auditing,,,,,,,,,,,,,,2452,,,1,,,,,,,,,,,,,,,,,,,,,,,,,,,,,,,,,,,,,,,,,,,,,,,,,,,,,,,,,,,,,,,,,,,,,2026-04-01 16:43:51.213001+00:00,,,,,,,%%8100,,,,,,,0,,,,,,NORMALVM,0x00000000001d0778,pizza,S-1-5-21-2352865859-2334931103-2005901029-1001,,,,,,MicrosoftAccount:user=pizzahuthacker@gmail.com,,,,,,,,,,,,,0,,,,,,,,
1590,2026-04-01 16:49:46.729986+00:00,5379,Microsoft-Windows-Security-Auditing,,,,,,,,,,,,,,2452,,,1,,,,,,,,,,,,,,,,,,,,,,,,,,,,,,,,,,,,,,,,,,,,,,,,,,,,,,,,,,,,,,,,,,,,,2026-04-01 16:43:51.213001+00:00,,,,,,,%%8100,,,,,,,0,,,,,,NORMALVM,0x00000000001d0778,pizza,S-1-5-21-2352865859-2334931103-2005901029-1001,,,,,,MicrosoftAccount:user=pizzahuthacker@gmail.com,,,,,,,,,,,,,0,,,,,,,,
1591,2026-04-01 16:49:46.730116+00:00,5379,Microsoft-Windows-Security-Auditing,,,,,,,,,,,,,,2452,,,1,,,,,,,,,,,,,,,,,,,,,,,,,,,,,,,,,,,,,,,,,,,,,,,,,,,,,,,,,,,,,,,,,,,,,2026-04-01 16:43:51.213001+00:00,,,,,,,%%8100,,,,,,,0,,,,,,NORMALVM,0x00000000001d0778,pizza,S-1-5-21-2352865859-2334931103-2005901029-1001,,,,,,MicrosoftAccount:user=pizzahuthacker@gmail.com,,,,,,,,,,,,,0,,,,,,,,
1592,2026-04-01 16:49:46.731230+00:00,5379,Microsoft-Windows-Security-Auditing,,,,,,,,,,,,,,2452,,,1,,,,,,,,,,,,,,,,,,,,,,,,,,,,,,,,,,,,,,,,,,,,,,,,,,,,,,,,,,,,,,,,,,,,,2026-04-01 16:43:51.213001+00:00,,,,,,,%%8100,,,,,,,0,,,,,,NORMALVM,0x00000000001d0778,pizza,S-1-5-21-2352865859-2334931103-2005901029-1001,,,,,,MicrosoftAccount:user=pizzahuthacker@gmail.com,,,,,,,,,,,,,0,,,,,,,,
1593,2026-04-01 16:49:46.731546+00:00,5379,Microsoft-Windows-Security-Auditing,,,,,,,,,,,,,,2452,,,1,,,,,,,,,,,,,,,,,,,,,,,,,,,,,,,,,,,,,,,,,,,,,,,,,,,,,,,,,,,,,,,,,,,,,2026-04-01 16:43:51.213001+00:00,,,,,,,%%8100,,,,,,,0,,,,,,NORMALVM,0x00000000001d0778,pizza,S-1-5-21-2352865859-2334931103-2005901029-1001,,,,,,MicrosoftAccount:user=pizzahuthacker@gmail.com,,,,,,,,,,,,,0,,,,,,,,
1594,2026-04-01 16:49:47.064810+00:00,4624,Microsoft-Windows-Security-Auditing,,,,,,,,,,Negotiate,,,,,,,,,,,,,,,%%1842,,,,,,,,,,,,%%1833,-,-,,,0,,,,-,,,,,{00000000-0000-0000-0000-000000000000},,Advapi  ,5,,,,,,,,,,,,,,,,,,,,,,,,,,,,,,,,,0x00000000000002e4,C:\Windows\System32\services.exe,,,,,,-,,,,,-,,,,,,,WORKGROUP,0x00000000000003e7,NORMALVM$,S-1-5-18,NT AUTHORITY,,0x0000000000000000,,0x00000000000003e7,,-,-,,,,,SYSTEM,S-1-5-18,,,,-,,,,,,%%1843,,,-
1595,2026-04-01 16:49:47.064817+00:00,4672,Microsoft-Windows-Security-Auditing,,,,,,,,,,,,,,,,,,,,,,,,,,,,,,,,,,,,,,,,,,,,,,,,,,,,,,,,,,,,,,,,,,,,,,,,,,,,,,,,,,,,,"SeAssignPrimaryTokenPrivilege
			SeTcbPrivilege
			SeSecurityPrivilege
			SeTakeOwnershipPrivilege
			SeLoadDriverPrivilege
			SeBackupPrivilege
			SeRestorePrivilege
			SeDebugPrivilege
			SeAuditPrivilege
			SeSystemEnvironmentPrivilege
			SeImpersonatePrivilege
			SeDelegateSessionUserImpersonatePrivilege",,,,,,,,,,,,,,,,,,,,,NT AUTHORITY,0x00000000000003e7,SYSTEM,S-1-5-18,,,,,,,,,,,,,,,,,,,,,,,,,,,
1596,2026-04-01 16:49:48.745697+00:00,5379,Microsoft-Windows-Security-Auditing,,,,,,,,,,,,,,2452,,,1,,,,,,,,,,,,,,,,,,,,,,,,,,,,,,,,,,,,,,,,,,,,,,,,,,,,,,,,,,,,,,,,,,,,,2026-04-01 16:43:51.213001+00:00,,,,,,,%%8100,,,,,,,0,,,,,,NORMALVM,0x00000000001d0778,pizza,S-1-5-21-2352865859-2334931103-2005901029-1001,,,,,,MicrosoftAccount:user=pizzahuthacker@gmail.com,,,,,,,,,,,,,0,,,,,,,,
1597,2026-04-01 16:49:48.746517+00:00,5379,Microsoft-Windows-Security-Auditing,,,,,,,,,,,,,,2452,,,0,,,,,,,,,,,,,,,,,,,,,,,,,,,,,,,,,,,,,,,,,,,,,,,,,,,,,,,,,,,,,,,,,,,,,2026-04-01 16:43:51.213001+00:00,,,,,,,%%8100,,,,,,,3221226021,,,,,,NORMALVM,0x00000000001d0778,pizza,S-1-5-21-2352865859-2334931103-2005901029-1001,,,,,,WindowsLive:(token):name=pizzahuthacker@gmail.com;serviceuri=*,,,,,,,,,,,,,0,,,,,,,,
1598,2026-04-01 16:49:48.746595+00:00,5379,Microsoft-Windows-Security-Auditing,,,,,,,,,,,,,,2452,,,0,,,,,,,,,,,,,,,,,,,,,,,,,,,,,,,,,,,,,,,,,,,,,,,,,,,,,,,,,,,,,,,,,,,,,2026-04-01 16:43:51.213001+00:00,,,,,,,%%8100,,,,,,,3221226021,,,,,,NORMALVM,0x00000000001d0778,pizza,S-1-5-21-2352865859-2334931103-2005901029-1001,,,,,,WindowsLive:(cert):name=pizzahuthacker@gmail.com;serviceuri=*,,,,,,,,,,,,,0,,,,,,,,
1599,2026-04-01 16:49:48.749159+00:00,5379,Microsoft-Windows-Security-Auditing,,,,,,,,,,,,,,2452,,,1,,,,,,,,,,,,,,,,,,,,,,,,,,,,,,,,,,,,,,,,,,,,,,,,,,,,,,,,,,,,,,,,,,,,,2026-04-01 16:43:51.213001+00:00,,,,,,,%%8100,,,,,,,0,,,,,,NORMALVM,0x00000000001d0778,pizza,S-1-5-21-2352865859-2334931103-2005901029-1001,,,,,,MicrosoftAccount:user=pizzahuthacker@gmail.com,,,,,,,,,,,,,0,,,,,,,,
1600,2026-04-01 16:49:48.750435+00:00,5379,Microsoft-Windows-Security-Auditing,,,,,,,,,,,,,,2452,,,1,,,,,,,,,,,,,,,,,,,,,,,,,,,,,,,,,,,,,,,,,,,,,,,,,,,,,,,,,,,,,,,,,,,,,2026-04-01 16:43:51.213001+00:00,,,,,,,%%8100,,,,,,,0,,,,,,NORMALVM,0x00000000001d0778,pizza,S-1-5-21-2352865859-2334931103-2005901029-1001,,,,,,MicrosoftAccount:user=pizzahuthacker@gmail.com,,,,,,,,,,,,,0,,,,,,,,
1601,2026-04-01 16:49:48.997837+00:00,5379,Microsoft-Windows-Security-Auditing,,,,,,,,,,,,,,2452,,,1,,,,,,,,,,,,,,,,,,,,,,,,,,,,,,,,,,,,,,,,,,,,,,,,,,,,,,,,,,,,,,,,,,,,,2026-04-01 16:43:51.213001+00:00,,,,,,,%%8100,,,,,,,0,,,,,,NORMALVM,0x00000000001d0778,pizza,S-1-5-21-2352865859-2334931103-2005901029-1001,,,,,,MicrosoftAccount:user=pizzahuthacker@gmail.com,,,,,,,,,,,,,0,,,,,,,,
1602,2026-04-01 16:49:49.216999+00:00,5379,Microsoft-Windows-Security-Auditing,,,,,,,,,,,,,,2452,,,1,,,,,,,,,,,,,,,,,,,,,,,,,,,,,,,,,,,,,,,,,,,,,,,,,,,,,,,,,,,,,,,,,,,,,2026-04-01 16:43:51.213001+00:00,,,,,,,%%8100,,,,,,,0,,,,,,NORMALVM,0x00000000001d0778,pizza,S-1-5-21-2352865859-2334931103-2005901029-1001,,,,,,MicrosoftAccount:user=pizzahuthacker@gmail.com,,,,,,,,,,,,,0,,,,,,,,
1603,2026-04-01 16:49:49.855083+00:00,5379,Microsoft-Windows-Security-Auditing,,,,,,,,,,,,,,2452,,,1,,,,,,,,,,,,,,,,,,,,,,,,,,,,,,,,,,,,,,,,,,,,,,,,,,,,,,,,,,,,,,,,,,,,,2026-04-01 16:43:51.213001+00:00,,,,,,,%%8100,,,,,,,0,,,,,,NORMALVM,0x00000000001d0778,pizza,S-1-5-21-2352865859-2334931103-2005901029-1001,,,,,,MicrosoftAccount:user=pizzahuthacker@gmail.com,,,,,,,,,,,,,0,,,,,,,,
1604,2026-04-01 16:49:49.855301+00:00,5379,Microsoft-Windows-Security-Auditing,,,,,,,,,,,,,,2452,,,1,,,,,,,,,,,,,,,,,,,,,,,,,,,,,,,,,,,,,,,,,,,,,,,,,,,,,,,,,,,,,,,,,,,,,2026-04-01 16:43:51.213001+00:00,,,,,,,%%8100,,,,,,,0,,,,,,NORMALVM,0x00000000001d0778,pizza,S-1-5-21-2352865859-2334931103-2005901029-1001,,,,,,MicrosoftAccount:user=pizzahuthacker@gmail.com,,,,,,,,,,,,,0,,,,,,,,
1605,2026-04-01 16:49:49.855515+00:00,5379,Microsoft-Windows-Security-Auditing,,,,,,,,,,,,,,2452,,,1,,,,,,,,,,,,,,,,,,,,,,,,,,,,,,,,,,,,,,,,,,,,,,,,,,,,,,,,,,,,,,,,,,,,,2026-04-01 16:43:51.213001+00:00,,,,,,,%%8100,,,,,,,0,,,,,,NORMALVM,0x00000000001d0778,pizza,S-1-5-21-2352865859-2334931103-2005901029-1001,,,,,,MicrosoftAccount:user=pizzahuthacker@gmail.com,,,,,,,,,,,,,0,,,,,,,,
1606,2026-04-01 16:49:49.855625+00:00,5379,Microsoft-Windows-Security-Auditing,,,,,,,,,,,,,,2452,,,1,,,,,,,,,,,,,,,,,,,,,,,,,,,,,,,,,,,,,,,,,,,,,,,,,,,,,,,,,,,,,,,,,,,,,2026-04-01 16:43:51.213001+00:00,,,,,,,%%8100,,,,,,,0,,,,,,NORMALVM,0x00000000001d0778,pizza,S-1-5-21-2352865859-2334931103-2005901029-1001,,,,,,MicrosoftAccount:user=pizzahuthacker@gmail.com,,,,,,,,,,,,,0,,,,,,,,
1607,2026-04-01 16:49:49.855759+00:00,5379,Microsoft-Windows-Security-Auditing,,,,,,,,,,,,,,2452,,,1,,,,,,,,,,,,,,,,,,,,,,,,,,,,,,,,,,,,,,,,,,,,,,,,,,,,,,,,,,,,,,,,,,,,,2026-04-01 16:43:51.213001+00:00,,,,,,,%%8100,,,,,,,0,,,,,,NORMALVM,0x00000000001d0778,pizza,S-1-5-21-2352865859-2334931103-2005901029-1001,,,,,,MicrosoftAccount:user=pizzahuthacker@gmail.com,,,,,,,,,,,,,0,,,,,,,,
1608,2026-04-01 16:49:49.855835+00:00,5379,Microsoft-Windows-Security-Auditing,,,,,,,,,,,,,,2452,,,1,,,,,,,,,,,,,,,,,,,,,,,,,,,,,,,,,,,,,,,,,,,,,,,,,,,,,,,,,,,,,,,,,,,,,2026-04-01 16:43:51.213001+00:00,,,,,,,%%8100,,,,,,,0,,,,,,NORMALVM,0x00000000001d0778,pizza,S-1-5-21-2352865859-2334931103-2005901029-1001,,,,,,MicrosoftAccount:user=pizzahuthacker@gmail.com,,,,,,,,,,,,,0,,,,,,,,
1609,2026-04-01 16:49:49.855932+00:00,5379,Microsoft-Windows-Security-Auditing,,,,,,,,,,,,,,2452,,,1,,,,,,,,,,,,,,,,,,,,,,,,,,,,,,,,,,,,,,,,,,,,,,,,,,,,,,,,,,,,,,,,,,,,,2026-04-01 16:43:51.213001+00:00,,,,,,,%%8100,,,,,,,0,,,,,,NORMALVM,0x00000000001d0778,pizza,S-1-5-21-2352865859-2334931103-2005901029-1001,,,,,,MicrosoftAccount:user=pizzahuthacker@gmail.com,,,,,,,,,,,,,0,,,,,,,,
1610,2026-04-01 16:49:49.856014+00:00,5379,Microsoft-Windows-Security-Auditing,,,,,,,,,,,,,,2452,,,1,,,,,,,,,,,,,,,,,,,,,,,,,,,,,,,,,,,,,,,,,,,,,,,,,,,,,,,,,,,,,,,,,,,,,2026-04-01 16:43:51.213001+00:00,,,,,,,%%8100,,,,,,,0,,,,,,NORMALVM,0x00000000001d0778,pizza,S-1-5-21-2352865859-2334931103-2005901029-1001,,,,,,MicrosoftAccount:user=pizzahuthacker@gmail.com,,,,,,,,,,,,,0,,,,,,,,
1611,2026-04-01 16:49:49.856108+00:00,5379,Microsoft-Windows-Security-Auditing,,,,,,,,,,,,,,2452,,,1,,,,,,,,,,,,,,,,,,,,,,,,,,,,,,,,,,,,,,,,,,,,,,,,,,,,,,,,,,,,,,,,,,,,,2026-04-01 16:43:51.213001+00:00,,,,,,,%%8100,,,,,,,0,,,,,,NORMALVM,0x00000000001d0778,pizza,S-1-5-21-2352865859-2334931103-2005901029-1001,,,,,,MicrosoftAccount:user=pizzahuthacker@gmail.com,,,,,,,,,,,,,0,,,,,,,,
1612,2026-04-01 16:49:49.856180+00:00,5379,Microsoft-Windows-Security-Auditing,,,,,,,,,,,,,,2452,,,1,,,,,,,,,,,,,,,,,,,,,,,,,,,,,,,,,,,,,,,,,,,,,,,,,,,,,,,,,,,,,,,,,,,,,2026-04-01 16:43:51.213001+00:00,,,,,,,%%8100,,,,,,,0,,,,,,NORMALVM,0x00000000001d0778,pizza,S-1-5-21-2352865859-2334931103-2005901029-1001,,,,,,MicrosoftAccount:user=pizzahuthacker@gmail.com,,,,,,,,,,,,,0,,,,,,,,
1613,2026-04-01 16:49:49.856272+00:00,5379,Microsoft-Windows-Security-Auditing,,,,,,,,,,,,,,2452,,,1,,,,,,,,,,,,,,,,,,,,,,,,,,,,,,,,,,,,,,,,,,,,,,,,,,,,,,,,,,,,,,,,,,,,,2026-04-01 16:43:51.213001+00:00,,,,,,,%%8100,,,,,,,0,,,,,,NORMALVM,0x00000000001d0778,pizza,S-1-5-21-2352865859-2334931103-2005901029-1001,,,,,,MicrosoftAccount:user=pizzahuthacker@gmail.com,,,,,,,,,,,,,0,,,,,,,,
1614,2026-04-01 16:49:49.856344+00:00,5379,Microsoft-Windows-Security-Auditing,,,,,,,,,,,,,,2452,,,1,,,,,,,,,,,,,,,,,,,,,,,,,,,,,,,,,,,,,,,,,,,,,,,,,,,,,,,,,,,,,,,,,,,,,2026-04-01 16:43:51.213001+00:00,,,,,,,%%8100,,,,,,,0,,,,,,NORMALVM,0x00000000001d0778,pizza,S-1-5-21-2352865859-2334931103-2005901029-1001,,,,,,MicrosoftAccount:user=pizzahuthacker@gmail.com,,,,,,,,,,,,,0,,,,,,,,
1615,2026-04-01 16:49:49.856440+00:00,5379,Microsoft-Windows-Security-Auditing,,,,,,,,,,,,,,2452,,,1,,,,,,,,,,,,,,,,,,,,,,,,,,,,,,,,,,,,,,,,,,,,,,,,,,,,,,,,,,,,,,,,,,,,,2026-04-01 16:43:51.213001+00:00,,,,,,,%%8100,,,,,,,0,,,,,,NORMALVM,0x00000000001d0778,pizza,S-1-5-21-2352865859-2334931103-2005901029-1001,,,,,,MicrosoftAccount:user=pizzahuthacker@gmail.com,,,,,,,,,,,,,0,,,,,,,,
1616,2026-04-01 16:49:49.856518+00:00,5379,Microsoft-Windows-Security-Auditing,,,,,,,,,,,,,,2452,,,1,,,,,,,,,,,,,,,,,,,,,,,,,,,,,,,,,,,,,,,,,,,,,,,,,,,,,,,,,,,,,,,,,,,,,2026-04-01 16:43:51.213001+00:00,,,,,,,%%8100,,,,,,,0,,,,,,NORMALVM,0x00000000001d0778,pizza,S-1-5-21-2352865859-2334931103-2005901029-1001,,,,,,MicrosoftAccount:user=pizzahuthacker@gmail.com,,,,,,,,,,,,,0,,,,,,,,
1617,2026-04-01 16:49:50.897589+00:00,5379,Microsoft-Windows-Security-Auditing,,,,,,,,,,,,,,2452,,,1,,,,,,,,,,,,,,,,,,,,,,,,,,,,,,,,,,,,,,,,,,,,,,,,,,,,,,,,,,,,,,,,,,,,,2026-04-01 16:43:51.213001+00:00,,,,,,,%%8100,,,,,,,0,,,,,,NORMALVM,0x00000000001d0778,pizza,S-1-5-21-2352865859-2334931103-2005901029-1001,,,,,,MicrosoftAccount:user=pizzahuthacker@gmail.com,,,,,,,,,,,,,0,,,,,,,,
1618,2026-04-01 16:49:50.897738+00:00,5379,Microsoft-Windows-Security-Auditing,,,,,,,,,,,,,,2452,,,1,,,,,,,,,,,,,,,,,,,,,,,,,,,,,,,,,,,,,,,,,,,,,,,,,,,,,,,,,,,,,,,,,,,,,2026-04-01 16:43:51.213001+00:00,,,,,,,%%8100,,,,,,,0,,,,,,NORMALVM,0x00000000001d0778,pizza,S-1-5-21-2352865859-2334931103-2005901029-1001,,,,,,MicrosoftAccount:user=pizzahuthacker@gmail.com,,,,,,,,,,,,,0,,,,,,,,
1619,2026-04-01 16:49:50.897879+00:00,5379,Microsoft-Windows-Security-Auditing,,,,,,,,,,,,,,2452,,,1,,,,,,,,,,,,,,,,,,,,,,,,,,,,,,,,,,,,,,,,,,,,,,,,,,,,,,,,,,,,,,,,,,,,,2026-04-01 16:43:51.213001+00:00,,,,,,,%%8100,,,,,,,0,,,,,,NORMALVM,0x00000000001d0778,pizza,S-1-5-21-2352865859-2334931103-2005901029-1001,,,,,,MicrosoftAccount:user=pizzahuthacker@gmail.com,,,,,,,,,,,,,0,,,,,,,,
1620,2026-04-01 16:49:50.897961+00:00,5379,Microsoft-Windows-Security-Auditing,,,,,,,,,,,,,,2452,,,1,,,,,,,,,,,,,,,,,,,,,,,,,,,,,,,,,,,,,,,,,,,,,,,,,,,,,,,,,,,,,,,,,,,,,2026-04-01 16:43:51.213001+00:00,,,,,,,%%8100,,,,,,,0,,,,,,NORMALVM,0x00000000001d0778,pizza,S-1-5-21-2352865859-2334931103-2005901029-1001,,,,,,MicrosoftAccount:user=pizzahuthacker@gmail.com,,,,,,,,,,,,,0,,,,,,,,
1621,2026-04-01 16:49:50.898083+00:00,5379,Microsoft-Windows-Security-Auditing,,,,,,,,,,,,,,2452,,,1,,,,,,,,,,,,,,,,,,,,,,,,,,,,,,,,,,,,,,,,,,,,,,,,,,,,,,,,,,,,,,,,,,,,,2026-04-01 16:43:51.213001+00:00,,,,,,,%%8100,,,,,,,0,,,,,,NORMALVM,0x00000000001d0778,pizza,S-1-5-21-2352865859-2334931103-2005901029-1001,,,,,,MicrosoftAccount:user=pizzahuthacker@gmail.com,,,,,,,,,,,,,0,,,,,,,,
1622,2026-04-01 16:49:50.898157+00:00,5379,Microsoft-Windows-Security-Auditing,,,,,,,,,,,,,,2452,,,1,,,,,,,,,,,,,,,,,,,,,,,,,,,,,,,,,,,,,,,,,,,,,,,,,,,,,,,,,,,,,,,,,,,,,2026-04-01 16:43:51.213001+00:00,,,,,,,%%8100,,,,,,,0,,,,,,NORMALVM,0x00000000001d0778,pizza,S-1-5-21-2352865859-2334931103-2005901029-1001,,,,,,MicrosoftAccount:user=pizzahuthacker@gmail.com,,,,,,,,,,,,,0,,,,,,,,
1623,2026-04-01 16:49:50.898266+00:00,5379,Microsoft-Windows-Security-Auditing,,,,,,,,,,,,,,2452,,,1,,,,,,,,,,,,,,,,,,,,,,,,,,,,,,,,,,,,,,,,,,,,,,,,,,,,,,,,,,,,,,,,,,,,,2026-04-01 16:43:51.213001+00:00,,,,,,,%%8100,,,,,,,0,,,,,,NORMALVM,0x00000000001d0778,pizza,S-1-5-21-2352865859-2334931103-2005901029-1001,,,,,,MicrosoftAccount:user=pizzahuthacker@gmail.com,,,,,,,,,,,,,0,,,,,,,,
1624,2026-04-01 16:49:50.898335+00:00,5379,Microsoft-Windows-Security-Auditing,,,,,,,,,,,,,,2452,,,1,,,,,,,,,,,,,,,,,,,,,,,,,,,,,,,,,,,,,,,,,,,,,,,,,,,,,,,,,,,,,,,,,,,,,2026-04-01 16:43:51.213001+00:00,,,,,,,%%8100,,,,,,,0,,,,,,NORMALVM,0x00000000001d0778,pizza,S-1-5-21-2352865859-2334931103-2005901029-1001,,,,,,MicrosoftAccount:user=pizzahuthacker@gmail.com,,,,,,,,,,,,,0,,,,,,,,
1625,2026-04-01 16:49:50.898491+00:00,5379,Microsoft-Windows-Security-Auditing,,,,,,,,,,,,,,2452,,,1,,,,,,,,,,,,,,,,,,,,,,,,,,,,,,,,,,,,,,,,,,,,,,,,,,,,,,,,,,,,,,,,,,,,,2026-04-01 16:43:51.213001+00:00,,,,,,,%%8100,,,,,,,0,,,,,,NORMALVM,0x00000000001d0778,pizza,S-1-5-21-2352865859-2334931103-2005901029-1001,,,,,,MicrosoftAccount:user=pizzahuthacker@gmail.com,,,,,,,,,,,,,0,,,,,,,,
1626,2026-04-01 16:49:50.898575+00:00,5379,Microsoft-Windows-Security-Auditing,,,,,,,,,,,,,,2452,,,1,,,,,,,,,,,,,,,,,,,,,,,,,,,,,,,,,,,,,,,,,,,,,,,,,,,,,,,,,,,,,,,,,,,,,2026-04-01 16:43:51.213001+00:00,,,,,,,%%8100,,,,,,,0,,,,,,NORMALVM,0x00000000001d0778,pizza,S-1-5-21-2352865859-2334931103-2005901029-1001,,,,,,MicrosoftAccount:user=pizzahuthacker@gmail.com,,,,,,,,,,,,,0,,,,,,,,
1627,2026-04-01 16:49:50.898706+00:00,5379,Microsoft-Windows-Security-Auditing,,,,,,,,,,,,,,2452,,,1,,,,,,,,,,,,,,,,,,,,,,,,,,,,,,,,,,,,,,,,,,,,,,,,,,,,,,,,,,,,,,,,,,,,,2026-04-01 16:43:51.213001+00:00,,,,,,,%%8100,,,,,,,0,,,,,,NORMALVM,0x00000000001d0778,pizza,S-1-5-21-2352865859-2334931103-2005901029-1001,,,,,,MicrosoftAccount:user=pizzahuthacker@gmail.com,,,,,,,,,,,,,0,,,,,,,,
1628,2026-04-01 16:49:50.898785+00:00,5379,Microsoft-Windows-Security-Auditing,,,,,,,,,,,,,,2452,,,1,,,,,,,,,,,,,,,,,,,,,,,,,,,,,,,,,,,,,,,,,,,,,,,,,,,,,,,,,,,,,,,,,,,,,2026-04-01 16:43:51.213001+00:00,,,,,,,%%8100,,,,,,,0,,,,,,NORMALVM,0x00000000001d0778,pizza,S-1-5-21-2352865859-2334931103-2005901029-1001,,,,,,MicrosoftAccount:user=pizzahuthacker@gmail.com,,,,,,,,,,,,,0,,,,,,,,
1629,2026-04-01 16:49:50.898891+00:00,5379,Microsoft-Windows-Security-Auditing,,,,,,,,,,,,,,2452,,,1,,,,,,,,,,,,,,,,,,,,,,,,,,,,,,,,,,,,,,,,,,,,,,,,,,,,,,,,,,,,,,,,,,,,,2026-04-01 16:43:51.213001+00:00,,,,,,,%%8100,,,,,,,0,,,,,,NORMALVM,0x00000000001d0778,pizza,S-1-5-21-2352865859-2334931103-2005901029-1001,,,,,,MicrosoftAccount:user=pizzahuthacker@gmail.com,,,,,,,,,,,,,0,,,,,,,,
1630,2026-04-01 16:49:50.898966+00:00,5379,Microsoft-Windows-Security-Auditing,,,,,,,,,,,,,,2452,,,1,,,,,,,,,,,,,,,,,,,,,,,,,,,,,,,,,,,,,,,,,,,,,,,,,,,,,,,,,,,,,,,,,,,,,2026-04-01 16:43:51.213001+00:00,,,,,,,%%8100,,,,,,,0,,,,,,NORMALVM,0x00000000001d0778,pizza,S-1-5-21-2352865859-2334931103-2005901029-1001,,,,,,MicrosoftAccount:user=pizzahuthacker@gmail.com,,,,,,,,,,,,,0,,,,,,,,
1631,2026-04-01 16:49:50.899067+00:00,5379,Microsoft-Windows-Security-Auditing,,,,,,,,,,,,,,2452,,,1,,,,,,,,,,,,,,,,,,,,,,,,,,,,,,,,,,,,,,,,,,,,,,,,,,,,,,,,,,,,,,,,,,,,,2026-04-01 16:43:51.213001+00:00,,,,,,,%%8100,,,,,,,0,,,,,,NORMALVM,0x00000000001d0778,pizza,S-1-5-21-2352865859-2334931103-2005901029-1001,,,,,,MicrosoftAccount:user=pizzahuthacker@gmail.com,,,,,,,,,,,,,0,,,,,,,,
1632,2026-04-01 16:49:50.899311+00:00,5379,Microsoft-Windows-Security-Auditing,,,,,,,,,,,,,,2452,,,1,,,,,,,,,,,,,,,,,,,,,,,,,,,,,,,,,,,,,,,,,,,,,,,,,,,,,,,,,,,,,,,,,,,,,2026-04-01 16:43:51.213001+00:00,,,,,,,%%8099,,,,,,,0,,,,,,NORMALVM,0x00000000001d0778,pizza,S-1-5-21-2352865859-2334931103-2005901029-1001,,,,,,MicrosoftAccount:user=pizzahuthacker@gmail.com,,,,,,,,,,,,,1,,,,,,,,
1633,2026-04-01 16:49:50.909555+00:00,5379,Microsoft-Windows-Security-Auditing,,,,,,,,,,,,,,2452,,,1,,,,,,,,,,,,,,,,,,,,,,,,,,,,,,,,,,,,,,,,,,,,,,,,,,,,,,,,,,,,,,,,,,,,,2026-04-01 16:43:51.213001+00:00,,,,,,,%%8100,,,,,,,0,,,,,,NORMALVM,0x00000000001d0778,pizza,S-1-5-21-2352865859-2334931103-2005901029-1001,,,,,,MicrosoftAccount:user=pizzahuthacker@gmail.com,,,,,,,,,,,,,0,,,,,,,,
1634,2026-04-01 16:49:50.909889+00:00,5379,Microsoft-Windows-Security-Auditing,,,,,,,,,,,,,,2452,,,1,,,,,,,,,,,,,,,,,,,,,,,,,,,,,,,,,,,,,,,,,,,,,,,,,,,,,,,,,,,,,,,,,,,,,2026-04-01 16:43:51.213001+00:00,,,,,,,%%8100,,,,,,,0,,,,,,NORMALVM,0x00000000001d0778,pizza,S-1-5-21-2352865859-2334931103-2005901029-1001,,,,,,MicrosoftAccount:user=pizzahuthacker@gmail.com,,,,,,,,,,,,,0,,,,,,,,
1635,2026-04-01 16:49:50.910114+00:00,5379,Microsoft-Windows-Security-Auditing,,,,,,,,,,,,,,2452,,,1,,,,,,,,,,,,,,,,,,,,,,,,,,,,,,,,,,,,,,,,,,,,,,,,,,,,,,,,,,,,,,,,,,,,,2026-04-01 16:43:51.213001+00:00,,,,,,,%%8100,,,,,,,0,,,,,,NORMALVM,0x00000000001d0778,pizza,S-1-5-21-2352865859-2334931103-2005901029-1001,,,,,,MicrosoftAccount:user=pizzahuthacker@gmail.com,,,,,,,,,,,,,0,,,,,,,,
1636,2026-04-01 16:49:50.910322+00:00,5379,Microsoft-Windows-Security-Auditing,,,,,,,,,,,,,,2452,,,1,,,,,,,,,,,,,,,,,,,,,,,,,,,,,,,,,,,,,,,,,,,,,,,,,,,,,,,,,,,,,,,,,,,,,2026-04-01 16:43:51.213001+00:00,,,,,,,%%8100,,,,,,,0,,,,,,NORMALVM,0x00000000001d0778,pizza,S-1-5-21-2352865859-2334931103-2005901029-1001,,,,,,MicrosoftAccount:user=pizzahuthacker@gmail.com,,,,,,,,,,,,,0,,,,,,,,
1637,2026-04-01 16:49:50.910549+00:00,5379,Microsoft-Windows-Security-Auditing,,,,,,,,,,,,,,2452,,,1,,,,,,,,,,,,,,,,,,,,,,,,,,,,,,,,,,,,,,,,,,,,,,,,,,,,,,,,,,,,,,,,,,,,,2026-04-01 16:43:51.213001+00:00,,,,,,,%%8100,,,,,,,0,,,,,,NORMALVM,0x00000000001d0778,pizza,S-1-5-21-2352865859-2334931103-2005901029-1001,,,,,,MicrosoftAccount:user=pizzahuthacker@gmail.com,,,,,,,,,,,,,0,,,,,,,,
1638,2026-04-01 16:49:50.910639+00:00,5379,Microsoft-Windows-Security-Auditing,,,,,,,,,,,,,,2452,,,1,,,,,,,,,,,,,,,,,,,,,,,,,,,,,,,,,,,,,,,,,,,,,,,,,,,,,,,,,,,,,,,,,,,,,2026-04-01 16:43:51.213001+00:00,,,,,,,%%8100,,,,,,,0,,,,,,NORMALVM,0x00000000001d0778,pizza,S-1-5-21-2352865859-2334931103-2005901029-1001,,,,,,MicrosoftAccount:user=pizzahuthacker@gmail.com,,,,,,,,,,,,,0,,,,,,,,
1639,2026-04-01 16:49:50.910749+00:00,5379,Microsoft-Windows-Security-Auditing,,,,,,,,,,,,,,2452,,,1,,,,,,,,,,,,,,,,,,,,,,,,,,,,,,,,,,,,,,,,,,,,,,,,,,,,,,,,,,,,,,,,,,,,,2026-04-01 16:43:51.213001+00:00,,,,,,,%%8100,,,,,,,0,,,,,,NORMALVM,0x00000000001d0778,pizza,S-1-5-21-2352865859-2334931103-2005901029-1001,,,,,,MicrosoftAccount:user=pizzahuthacker@gmail.com,,,,,,,,,,,,,0,,,,,,,,
1640,2026-04-01 16:49:50.910824+00:00,5379,Microsoft-Windows-Security-Auditing,,,,,,,,,,,,,,2452,,,1,,,,,,,,,,,,,,,,,,,,,,,,,,,,,,,,,,,,,,,,,,,,,,,,,,,,,,,,,,,,,,,,,,,,,2026-04-01 16:43:51.213001+00:00,,,,,,,%%8100,,,,,,,0,,,,,,NORMALVM,0x00000000001d0778,pizza,S-1-5-21-2352865859-2334931103-2005901029-1001,,,,,,MicrosoftAccount:user=pizzahuthacker@gmail.com,,,,,,,,,,,,,0,,,,,,,,
1641,2026-04-01 16:49:50.910957+00:00,5379,Microsoft-Windows-Security-Auditing,,,,,,,,,,,,,,2452,,,1,,,,,,,,,,,,,,,,,,,,,,,,,,,,,,,,,,,,,,,,,,,,,,,,,,,,,,,,,,,,,,,,,,,,,2026-04-01 16:43:51.213001+00:00,,,,,,,%%8100,,,,,,,0,,,,,,NORMALVM,0x00000000001d0778,pizza,S-1-5-21-2352865859-2334931103-2005901029-1001,,,,,,MicrosoftAccount:user=pizzahuthacker@gmail.com,,,,,,,,,,,,,0,,,,,,,,
1642,2026-04-01 16:49:50.911068+00:00,5379,Microsoft-Windows-Security-Auditing,,,,,,,,,,,,,,2452,,,1,,,,,,,,,,,,,,,,,,,,,,,,,,,,,,,,,,,,,,,,,,,,,,,,,,,,,,,,,,,,,,,,,,,,,2026-04-01 16:43:51.213001+00:00,,,,,,,%%8100,,,,,,,0,,,,,,NORMALVM,0x00000000001d0778,pizza,S-1-5-21-2352865859-2334931103-2005901029-1001,,,,,,MicrosoftAccount:user=pizzahuthacker@gmail.com,,,,,,,,,,,,,0,,,,,,,,
1643,2026-04-01 16:49:50.911186+00:00,5379,Microsoft-Windows-Security-Auditing,,,,,,,,,,,,,,2452,,,1,,,,,,,,,,,,,,,,,,,,,,,,,,,,,,,,,,,,,,,,,,,,,,,,,,,,,,,,,,,,,,,,,,,,,2026-04-01 16:43:51.213001+00:00,,,,,,,%%8100,,,,,,,0,,,,,,NORMALVM,0x00000000001d0778,pizza,S-1-5-21-2352865859-2334931103-2005901029-1001,,,,,,MicrosoftAccount:user=pizzahuthacker@gmail.com,,,,,,,,,,,,,0,,,,,,,,
1644,2026-04-01 16:49:50.911257+00:00,5379,Microsoft-Windows-Security-Auditing,,,,,,,,,,,,,,2452,,,1,,,,,,,,,,,,,,,,,,,,,,,,,,,,,,,,,,,,,,,,,,,,,,,,,,,,,,,,,,,,,,,,,,,,,2026-04-01 16:43:51.213001+00:00,,,,,,,%%8100,,,,,,,0,,,,,,NORMALVM,0x00000000001d0778,pizza,S-1-5-21-2352865859-2334931103-2005901029-1001,,,,,,MicrosoftAccount:user=pizzahuthacker@gmail.com,,,,,,,,,,,,,0,,,,,,,,
1645,2026-04-01 16:49:50.911358+00:00,5379,Microsoft-Windows-Security-Auditing,,,,,,,,,,,,,,2452,,,1,,,,,,,,,,,,,,,,,,,,,,,,,,,,,,,,,,,,,,,,,,,,,,,,,,,,,,,,,,,,,,,,,,,,,2026-04-01 16:43:51.213001+00:00,,,,,,,%%8100,,,,,,,0,,,,,,NORMALVM,0x00000000001d0778,pizza,S-1-5-21-2352865859-2334931103-2005901029-1001,,,,,,MicrosoftAccount:user=pizzahuthacker@gmail.com,,,,,,,,,,,,,0,,,,,,,,
1646,2026-04-01 16:49:50.940018+00:00,5379,Microsoft-Windows-Security-Auditing,,,,,,,,,,,,,,2452,,,1,,,,,,,,,,,,,,,,,,,,,,,,,,,,,,,,,,,,,,,,,,,,,,,,,,,,,,,,,,,,,,,,,,,,,2026-04-01 16:43:51.213001+00:00,,,,,,,%%8100,,,,,,,0,,,,,,NORMALVM,0x00000000001d0778,pizza,S-1-5-21-2352865859-2334931103-2005901029-1001,,,,,,MicrosoftAccount:user=pizzahuthacker@gmail.com,,,,,,,,,,,,,0,,,,,,,,
1647,2026-04-01 16:49:50.940186+00:00,5379,Microsoft-Windows-Security-Auditing,,,,,,,,,,,,,,2452,,,1,,,,,,,,,,,,,,,,,,,,,,,,,,,,,,,,,,,,,,,,,,,,,,,,,,,,,,,,,,,,,,,,,,,,,2026-04-01 16:43:51.213001+00:00,,,,,,,%%8100,,,,,,,0,,,,,,NORMALVM,0x00000000001d0778,pizza,S-1-5-21-2352865859-2334931103-2005901029-1001,,,,,,MicrosoftAccount:user=pizzahuthacker@gmail.com,,,,,,,,,,,,,0,,,,,,,,
1648,2026-04-01 16:49:50.940401+00:00,5379,Microsoft-Windows-Security-Auditing,,,,,,,,,,,,,,2452,,,1,,,,,,,,,,,,,,,,,,,,,,,,,,,,,,,,,,,,,,,,,,,,,,,,,,,,,,,,,,,,,,,,,,,,,2026-04-01 16:43:51.213001+00:00,,,,,,,%%8100,,,,,,,0,,,,,,NORMALVM,0x00000000001d0778,pizza,S-1-5-21-2352865859-2334931103-2005901029-1001,,,,,,MicrosoftAccount:user=pizzahuthacker@gmail.com,,,,,,,,,,,,,0,,,,,,,,
1649,2026-04-01 16:49:50.940525+00:00,5379,Microsoft-Windows-Security-Auditing,,,,,,,,,,,,,,2452,,,1,,,,,,,,,,,,,,,,,,,,,,,,,,,,,,,,,,,,,,,,,,,,,,,,,,,,,,,,,,,,,,,,,,,,,2026-04-01 16:43:51.213001+00:00,,,,,,,%%8100,,,,,,,0,,,,,,NORMALVM,0x00000000001d0778,pizza,S-1-5-21-2352865859-2334931103-2005901029-1001,,,,,,MicrosoftAccount:user=pizzahuthacker@gmail.com,,,,,,,,,,,,,0,,,,,,,,
1650,2026-04-01 16:49:50.940647+00:00,5379,Microsoft-Windows-Security-Auditing,,,,,,,,,,,,,,2452,,,1,,,,,,,,,,,,,,,,,,,,,,,,,,,,,,,,,,,,,,,,,,,,,,,,,,,,,,,,,,,,,,,,,,,,,2026-04-01 16:43:51.213001+00:00,,,,,,,%%8100,,,,,,,0,,,,,,NORMALVM,0x00000000001d0778,pizza,S-1-5-21-2352865859-2334931103-2005901029-1001,,,,,,MicrosoftAccount:user=pizzahuthacker@gmail.com,,,,,,,,,,,,,0,,,,,,,,
1651,2026-04-01 16:49:50.940733+00:00,5379,Microsoft-Windows-Security-Auditing,,,,,,,,,,,,,,2452,,,1,,,,,,,,,,,,,,,,,,,,,,,,,,,,,,,,,,,,,,,,,,,,,,,,,,,,,,,,,,,,,,,,,,,,,2026-04-01 16:43:51.213001+00:00,,,,,,,%%8100,,,,,,,0,,,,,,NORMALVM,0x00000000001d0778,pizza,S-1-5-21-2352865859-2334931103-2005901029-1001,,,,,,MicrosoftAccount:user=pizzahuthacker@gmail.com,,,,,,,,,,,,,0,,,,,,,,
1652,2026-04-01 16:49:50.940832+00:00,5379,Microsoft-Windows-Security-Auditing,,,,,,,,,,,,,,2452,,,1,,,,,,,,,,,,,,,,,,,,,,,,,,,,,,,,,,,,,,,,,,,,,,,,,,,,,,,,,,,,,,,,,,,,,2026-04-01 16:43:51.213001+00:00,,,,,,,%%8100,,,,,,,0,,,,,,NORMALVM,0x00000000001d0778,pizza,S-1-5-21-2352865859-2334931103-2005901029-1001,,,,,,MicrosoftAccount:user=pizzahuthacker@gmail.com,,,,,,,,,,,,,0,,,,,,,,
1653,2026-04-01 16:49:50.940910+00:00,5379,Microsoft-Windows-Security-Auditing,,,,,,,,,,,,,,2452,,,1,,,,,,,,,,,,,,,,,,,,,,,,,,,,,,,,,,,,,,,,,,,,,,,,,,,,,,,,,,,,,,,,,,,,,2026-04-01 16:43:51.213001+00:00,,,,,,,%%8100,,,,,,,0,,,,,,NORMALVM,0x00000000001d0778,pizza,S-1-5-21-2352865859-2334931103-2005901029-1001,,,,,,MicrosoftAccount:user=pizzahuthacker@gmail.com,,,,,,,,,,,,,0,,,,,,,,
1654,2026-04-01 16:49:50.941006+00:00,5379,Microsoft-Windows-Security-Auditing,,,,,,,,,,,,,,2452,,,1,,,,,,,,,,,,,,,,,,,,,,,,,,,,,,,,,,,,,,,,,,,,,,,,,,,,,,,,,,,,,,,,,,,,,2026-04-01 16:43:51.213001+00:00,,,,,,,%%8100,,,,,,,0,,,,,,NORMALVM,0x00000000001d0778,pizza,S-1-5-21-2352865859-2334931103-2005901029-1001,,,,,,MicrosoftAccount:user=pizzahuthacker@gmail.com,,,,,,,,,,,,,0,,,,,,,,
1655,2026-04-01 16:49:50.941078+00:00,5379,Microsoft-Windows-Security-Auditing,,,,,,,,,,,,,,2452,,,1,,,,,,,,,,,,,,,,,,,,,,,,,,,,,,,,,,,,,,,,,,,,,,,,,,,,,,,,,,,,,,,,,,,,,2026-04-01 16:43:51.213001+00:00,,,,,,,%%8100,,,,,,,0,,,,,,NORMALVM,0x00000000001d0778,pizza,S-1-5-21-2352865859-2334931103-2005901029-1001,,,,,,MicrosoftAccount:user=pizzahuthacker@gmail.com,,,,,,,,,,,,,0,,,,,,,,
1656,2026-04-01 16:49:50.941174+00:00,5379,Microsoft-Windows-Security-Auditing,,,,,,,,,,,,,,2452,,,1,,,,,,,,,,,,,,,,,,,,,,,,,,,,,,,,,,,,,,,,,,,,,,,,,,,,,,,,,,,,,,,,,,,,,2026-04-01 16:43:51.213001+00:00,,,,,,,%%8100,,,,,,,0,,,,,,NORMALVM,0x00000000001d0778,pizza,S-1-5-21-2352865859-2334931103-2005901029-1001,,,,,,MicrosoftAccount:user=pizzahuthacker@gmail.com,,,,,,,,,,,,,0,,,,,,,,
1657,2026-04-01 16:49:50.941248+00:00,5379,Microsoft-Windows-Security-Auditing,,,,,,,,,,,,,,2452,,,1,,,,,,,,,,,,,,,,,,,,,,,,,,,,,,,,,,,,,,,,,,,,,,,,,,,,,,,,,,,,,,,,,,,,,2026-04-01 16:43:51.213001+00:00,,,,,,,%%8100,,,,,,,0,,,,,,NORMALVM,0x00000000001d0778,pizza,S-1-5-21-2352865859-2334931103-2005901029-1001,,,,,,MicrosoftAccount:user=pizzahuthacker@gmail.com,,,,,,,,,,,,,0,,,,,,,,
1658,2026-04-01 16:49:50.941395+00:00,5379,Microsoft-Windows-Security-Auditing,,,,,,,,,,,,,,2452,,,1,,,,,,,,,,,,,,,,,,,,,,,,,,,,,,,,,,,,,,,,,,,,,,,,,,,,,,,,,,,,,,,,,,,,,2026-04-01 16:43:51.213001+00:00,,,,,,,%%8100,,,,,,,0,,,,,,NORMALVM,0x00000000001d0778,pizza,S-1-5-21-2352865859-2334931103-2005901029-1001,,,,,,MicrosoftAccount:user=pizzahuthacker@gmail.com,,,,,,,,,,,,,0,,,,,,,,
1659,2026-04-01 16:49:50.942181+00:00,5379,Microsoft-Windows-Security-Auditing,,,,,,,,,,,,,,2452,,,1,,,,,,,,,,,,,,,,,,,,,,,,,,,,,,,,,,,,,,,,,,,,,,,,,,,,,,,,,,,,,,,,,,,,,2026-04-01 16:43:51.213001+00:00,,,,,,,%%8100,,,,,,,0,,,,,,NORMALVM,0x00000000001d0778,pizza,S-1-5-21-2352865859-2334931103-2005901029-1001,,,,,,MicrosoftAccount:user=pizzahuthacker@gmail.com,,,,,,,,,,,,,0,,,,,,,,
1660,2026-04-01 16:49:50.942356+00:00,5379,Microsoft-Windows-Security-Auditing,,,,,,,,,,,,,,2452,,,1,,,,,,,,,,,,,,,,,,,,,,,,,,,,,,,,,,,,,,,,,,,,,,,,,,,,,,,,,,,,,,,,,,,,,2026-04-01 16:43:51.213001+00:00,,,,,,,%%8100,,,,,,,0,,,,,,NORMALVM,0x00000000001d0778,pizza,S-1-5-21-2352865859-2334931103-2005901029-1001,,,,,,MicrosoftAccount:user=pizzahuthacker@gmail.com,,,,,,,,,,,,,0,,,,,,,,
1661,2026-04-01 16:49:51.514214+00:00,5379,Microsoft-Windows-Security-Auditing,,,,,,,,,,,,,,2452,,,1,,,,,,,,,,,,,,,,,,,,,,,,,,,,,,,,,,,,,,,,,,,,,,,,,,,,,,,,,,,,,,,,,,,,,2026-04-01 16:43:51.213001+00:00,,,,,,,%%8100,,,,,,,0,,,,,,NORMALVM,0x00000000001d0778,pizza,S-1-5-21-2352865859-2334931103-2005901029-1001,,,,,,MicrosoftAccount:user=pizzahuthacker@gmail.com,,,,,,,,,,,,,0,,,,,,,,
1662,2026-04-01 16:49:51.514389+00:00,5379,Microsoft-Windows-Security-Auditing,,,,,,,,,,,,,,2452,,,1,,,,,,,,,,,,,,,,,,,,,,,,,,,,,,,,,,,,,,,,,,,,,,,,,,,,,,,,,,,,,,,,,,,,,2026-04-01 16:43:51.213001+00:00,,,,,,,%%8100,,,,,,,0,,,,,,NORMALVM,0x00000000001d0778,pizza,S-1-5-21-2352865859-2334931103-2005901029-1001,,,,,,MicrosoftAccount:user=pizzahuthacker@gmail.com,,,,,,,,,,,,,0,,,,,,,,
1663,2026-04-01 16:49:51.514608+00:00,5379,Microsoft-Windows-Security-Auditing,,,,,,,,,,,,,,2452,,,1,,,,,,,,,,,,,,,,,,,,,,,,,,,,,,,,,,,,,,,,,,,,,,,,,,,,,,,,,,,,,,,,,,,,,2026-04-01 16:43:51.213001+00:00,,,,,,,%%8100,,,,,,,0,,,,,,NORMALVM,0x00000000001d0778,pizza,S-1-5-21-2352865859-2334931103-2005901029-1001,,,,,,MicrosoftAccount:user=pizzahuthacker@gmail.com,,,,,,,,,,,,,0,,,,,,,,
1664,2026-04-01 16:49:51.514717+00:00,5379,Microsoft-Windows-Security-Auditing,,,,,,,,,,,,,,2452,,,1,,,,,,,,,,,,,,,,,,,,,,,,,,,,,,,,,,,,,,,,,,,,,,,,,,,,,,,,,,,,,,,,,,,,,2026-04-01 16:43:51.213001+00:00,,,,,,,%%8100,,,,,,,0,,,,,,NORMALVM,0x00000000001d0778,pizza,S-1-5-21-2352865859-2334931103-2005901029-1001,,,,,,MicrosoftAccount:user=pizzahuthacker@gmail.com,,,,,,,,,,,,,0,,,,,,,,
1665,2026-04-01 16:49:51.514893+00:00,5379,Microsoft-Windows-Security-Auditing,,,,,,,,,,,,,,2452,,,1,,,,,,,,,,,,,,,,,,,,,,,,,,,,,,,,,,,,,,,,,,,,,,,,,,,,,,,,,,,,,,,,,,,,,2026-04-01 16:43:51.213001+00:00,,,,,,,%%8100,,,,,,,0,,,,,,NORMALVM,0x00000000001d0778,pizza,S-1-5-21-2352865859-2334931103-2005901029-1001,,,,,,MicrosoftAccount:user=pizzahuthacker@gmail.com,,,,,,,,,,,,,0,,,,,,,,
1666,2026-04-01 16:49:51.515020+00:00,5379,Microsoft-Windows-Security-Auditing,,,,,,,,,,,,,,2452,,,1,,,,,,,,,,,,,,,,,,,,,,,,,,,,,,,,,,,,,,,,,,,,,,,,,,,,,,,,,,,,,,,,,,,,,2026-04-01 16:43:51.213001+00:00,,,,,,,%%8100,,,,,,,0,,,,,,NORMALVM,0x00000000001d0778,pizza,S-1-5-21-2352865859-2334931103-2005901029-1001,,,,,,MicrosoftAccount:user=pizzahuthacker@gmail.com,,,,,,,,,,,,,0,,,,,,,,
1667,2026-04-01 16:49:51.515137+00:00,5379,Microsoft-Windows-Security-Auditing,,,,,,,,,,,,,,2452,,,1,,,,,,,,,,,,,,,,,,,,,,,,,,,,,,,,,,,,,,,,,,,,,,,,,,,,,,,,,,,,,,,,,,,,,2026-04-01 16:43:51.213001+00:00,,,,,,,%%8100,,,,,,,0,,,,,,NORMALVM,0x00000000001d0778,pizza,S-1-5-21-2352865859-2334931103-2005901029-1001,,,,,,MicrosoftAccount:user=pizzahuthacker@gmail.com,,,,,,,,,,,,,0,,,,,,,,
1668,2026-04-01 16:49:51.515257+00:00,5379,Microsoft-Windows-Security-Auditing,,,,,,,,,,,,,,2452,,,1,,,,,,,,,,,,,,,,,,,,,,,,,,,,,,,,,,,,,,,,,,,,,,,,,,,,,,,,,,,,,,,,,,,,,2026-04-01 16:43:51.213001+00:00,,,,,,,%%8100,,,,,,,0,,,,,,NORMALVM,0x00000000001d0778,pizza,S-1-5-21-2352865859-2334931103-2005901029-1001,,,,,,MicrosoftAccount:user=pizzahuthacker@gmail.com,,,,,,,,,,,,,0,,,,,,,,
1669,2026-04-01 16:49:51.515362+00:00,5379,Microsoft-Windows-Security-Auditing,,,,,,,,,,,,,,2452,,,1,,,,,,,,,,,,,,,,,,,,,,,,,,,,,,,,,,,,,,,,,,,,,,,,,,,,,,,,,,,,,,,,,,,,,2026-04-01 16:43:51.213001+00:00,,,,,,,%%8100,,,,,,,0,,,,,,NORMALVM,0x00000000001d0778,pizza,S-1-5-21-2352865859-2334931103-2005901029-1001,,,,,,MicrosoftAccount:user=pizzahuthacker@gmail.com,,,,,,,,,,,,,0,,,,,,,,
1670,2026-04-01 16:49:51.515438+00:00,5379,Microsoft-Windows-Security-Auditing,,,,,,,,,,,,,,2452,,,1,,,,,,,,,,,,,,,,,,,,,,,,,,,,,,,,,,,,,,,,,,,,,,,,,,,,,,,,,,,,,,,,,,,,,2026-04-01 16:43:51.213001+00:00,,,,,,,%%8100,,,,,,,0,,,,,,NORMALVM,0x00000000001d0778,pizza,S-1-5-21-2352865859-2334931103-2005901029-1001,,,,,,MicrosoftAccount:user=pizzahuthacker@gmail.com,,,,,,,,,,,,,0,,,,,,,,
1671,2026-04-01 16:49:51.515568+00:00,5379,Microsoft-Windows-Security-Auditing,,,,,,,,,,,,,,2452,,,1,,,,,,,,,,,,,,,,,,,,,,,,,,,,,,,,,,,,,,,,,,,,,,,,,,,,,,,,,,,,,,,,,,,,,2026-04-01 16:43:51.213001+00:00,,,,,,,%%8100,,,,,,,0,,,,,,NORMALVM,0x00000000001d0778,pizza,S-1-5-21-2352865859-2334931103-2005901029-1001,,,,,,MicrosoftAccount:user=pizzahuthacker@gmail.com,,,,,,,,,,,,,0,,,,,,,,
1672,2026-04-01 16:49:51.515722+00:00,5379,Microsoft-Windows-Security-Auditing,,,,,,,,,,,,,,2452,,,1,,,,,,,,,,,,,,,,,,,,,,,,,,,,,,,,,,,,,,,,,,,,,,,,,,,,,,,,,,,,,,,,,,,,,2026-04-01 16:43:51.213001+00:00,,,,,,,%%8100,,,,,,,0,,,,,,NORMALVM,0x00000000001d0778,pizza,S-1-5-21-2352865859-2334931103-2005901029-1001,,,,,,MicrosoftAccount:user=pizzahuthacker@gmail.com,,,,,,,,,,,,,0,,,,,,,,
1673,2026-04-01 16:49:51.515881+00:00,5379,Microsoft-Windows-Security-Auditing,,,,,,,,,,,,,,2452,,,1,,,,,,,,,,,,,,,,,,,,,,,,,,,,,,,,,,,,,,,,,,,,,,,,,,,,,,,,,,,,,,,,,,,,,2026-04-01 16:43:51.213001+00:00,,,,,,,%%8100,,,,,,,0,,,,,,NORMALVM,0x00000000001d0778,pizza,S-1-5-21-2352865859-2334931103-2005901029-1001,,,,,,MicrosoftAccount:user=pizzahuthacker@gmail.com,,,,,,,,,,,,,0,,,,,,,,
1674,2026-04-01 16:49:51.515984+00:00,5379,Microsoft-Windows-Security-Auditing,,,,,,,,,,,,,,2452,,,1,,,,,,,,,,,,,,,,,,,,,,,,,,,,,,,,,,,,,,,,,,,,,,,,,,,,,,,,,,,,,,,,,,,,,2026-04-01 16:43:51.213001+00:00,,,,,,,%%8100,,,,,,,0,,,,,,NORMALVM,0x00000000001d0778,pizza,S-1-5-21-2352865859-2334931103-2005901029-1001,,,,,,MicrosoftAccount:user=pizzahuthacker@gmail.com,,,,,,,,,,,,,0,,,,,,,,
1675,2026-04-01 16:49:52.009584+00:00,5379,Microsoft-Windows-Security-Auditing,,,,,,,,,,,,,,2452,,,1,,,,,,,,,,,,,,,,,,,,,,,,,,,,,,,,,,,,,,,,,,,,,,,,,,,,,,,,,,,,,,,,,,,,,2026-04-01 16:43:51.213001+00:00,,,,,,,%%8100,,,,,,,0,,,,,,NORMALVM,0x00000000001d0778,pizza,S-1-5-21-2352865859-2334931103-2005901029-1001,,,,,,MicrosoftAccount:user=pizzahuthacker@gmail.com,,,,,,,,,,,,,0,,,,,,,,
1676,2026-04-01 16:49:52.010366+00:00,5379,Microsoft-Windows-Security-Auditing,,,,,,,,,,,,,,2452,,,0,,,,,,,,,,,,,,,,,,,,,,,,,,,,,,,,,,,,,,,,,,,,,,,,,,,,,,,,,,,,,,,,,,,,,2026-04-01 16:43:51.213001+00:00,,,,,,,%%8100,,,,,,,3221226021,,,,,,NORMALVM,0x00000000001d0778,pizza,S-1-5-21-2352865859-2334931103-2005901029-1001,,,,,,WindowsLive:(token):name=pizzahuthacker@gmail.com;serviceuri=*,,,,,,,,,,,,,0,,,,,,,,
1677,2026-04-01 16:49:52.010471+00:00,5379,Microsoft-Windows-Security-Auditing,,,,,,,,,,,,,,2452,,,0,,,,,,,,,,,,,,,,,,,,,,,,,,,,,,,,,,,,,,,,,,,,,,,,,,,,,,,,,,,,,,,,,,,,,2026-04-01 16:43:51.213001+00:00,,,,,,,%%8100,,,,,,,3221226021,,,,,,NORMALVM,0x00000000001d0778,pizza,S-1-5-21-2352865859-2334931103-2005901029-1001,,,,,,WindowsLive:(cert):name=pizzahuthacker@gmail.com;serviceuri=*,,,,,,,,,,,,,0,,,,,,,,
1678,2026-04-01 16:49:52.012333+00:00,5379,Microsoft-Windows-Security-Auditing,,,,,,,,,,,,,,2452,,,1,,,,,,,,,,,,,,,,,,,,,,,,,,,,,,,,,,,,,,,,,,,,,,,,,,,,,,,,,,,,,,,,,,,,,2026-04-01 16:43:51.213001+00:00,,,,,,,%%8100,,,,,,,0,,,,,,NORMALVM,0x00000000001d0778,pizza,S-1-5-21-2352865859-2334931103-2005901029-1001,,,,,,MicrosoftAccount:user=pizzahuthacker@gmail.com,,,,,,,,,,,,,0,,,,,,,,
1679,2026-04-01 16:49:52.013975+00:00,5379,Microsoft-Windows-Security-Auditing,,,,,,,,,,,,,,2452,,,1,,,,,,,,,,,,,,,,,,,,,,,,,,,,,,,,,,,,,,,,,,,,,,,,,,,,,,,,,,,,,,,,,,,,,2026-04-01 16:43:51.213001+00:00,,,,,,,%%8100,,,,,,,0,,,,,,NORMALVM,0x00000000001d0778,pizza,S-1-5-21-2352865859-2334931103-2005901029-1001,,,,,,MicrosoftAccount:user=pizzahuthacker@gmail.com,,,,,,,,,,,,,0,,,,,,,,
1680,2026-04-01 16:49:52.100523+00:00,5379,Microsoft-Windows-Security-Auditing,,,,,,,,,,,,,,2452,,,1,,,,,,,,,,,,,,,,,,,,,,,,,,,,,,,,,,,,,,,,,,,,,,,,,,,,,,,,,,,,,,,,,,,,,2026-04-01 16:43:51.213001+00:00,,,,,,,%%8100,,,,,,,0,,,,,,NORMALVM,0x00000000001d0778,pizza,S-1-5-21-2352865859-2334931103-2005901029-1001,,,,,,MicrosoftAccount:user=pizzahuthacker@gmail.com,,,,,,,,,,,,,0,,,,,,,,
1681,2026-04-01 16:49:52.101200+00:00,5379,Microsoft-Windows-Security-Auditing,,,,,,,,,,,,,,2452,,,0,,,,,,,,,,,,,,,,,,,,,,,,,,,,,,,,,,,,,,,,,,,,,,,,,,,,,,,,,,,,,,,,,,,,,2026-04-01 16:43:51.213001+00:00,,,,,,,%%8100,,,,,,,3221226021,,,,,,NORMALVM,0x00000000001d0778,pizza,S-1-5-21-2352865859-2334931103-2005901029-1001,,,,,,WindowsLive:(token):name=pizzahuthacker@gmail.com;serviceuri=*,,,,,,,,,,,,,0,,,,,,,,
1682,2026-04-01 16:49:52.133640+00:00,5379,Microsoft-Windows-Security-Auditing,,,,,,,,,,,,,,2452,,,0,,,,,,,,,,,,,,,,,,,,,,,,,,,,,,,,,,,,,,,,,,,,,,,,,,,,,,,,,,,,,,,,,,,,,2026-04-01 16:43:51.213001+00:00,,,,,,,%%8100,,,,,,,3221226021,,,,,,NORMALVM,0x00000000001d0778,pizza,S-1-5-21-2352865859-2334931103-2005901029-1001,,,,,,WindowsLive:(cert):name=pizzahuthacker@gmail.com;serviceuri=*,,,,,,,,,,,,,0,,,,,,,,
1683,2026-04-01 16:49:52.197901+00:00,5379,Microsoft-Windows-Security-Auditing,,,,,,,,,,,,,,2452,,,1,,,,,,,,,,,,,,,,,,,,,,,,,,,,,,,,,,,,,,,,,,,,,,,,,,,,,,,,,,,,,,,,,,,,,2026-04-01 16:43:51.213001+00:00,,,,,,,%%8100,,,,,,,0,,,,,,NORMALVM,0x00000000001d0778,pizza,S-1-5-21-2352865859-2334931103-2005901029-1001,,,,,,MicrosoftAccount:user=pizzahuthacker@gmail.com,,,,,,,,,,,,,0,,,,,,,,
1684,2026-04-01 16:49:52.199003+00:00,5379,Microsoft-Windows-Security-Auditing,,,,,,,,,,,,,,2452,,,1,,,,,,,,,,,,,,,,,,,,,,,,,,,,,,,,,,,,,,,,,,,,,,,,,,,,,,,,,,,,,,,,,,,,,2026-04-01 16:43:51.213001+00:00,,,,,,,%%8100,,,,,,,0,,,,,,NORMALVM,0x00000000001d0778,pizza,S-1-5-21-2352865859-2334931103-2005901029-1001,,,,,,MicrosoftAccount:user=pizzahuthacker@gmail.com,,,,,,,,,,,,,0,,,,,,,,
1685,2026-04-01 16:49:52.320492+00:00,5379,Microsoft-Windows-Security-Auditing,,,,,,,,,,,,,,2452,,,1,,,,,,,,,,,,,,,,,,,,,,,,,,,,,,,,,,,,,,,,,,,,,,,,,,,,,,,,,,,,,,,,,,,,,2026-04-01 16:43:51.213001+00:00,,,,,,,%%8100,,,,,,,0,,,,,,NORMALVM,0x00000000001d0778,pizza,S-1-5-21-2352865859-2334931103-2005901029-1001,,,,,,MicrosoftAccount:user=pizzahuthacker@gmail.com,,,,,,,,,,,,,0,,,,,,,,
1686,2026-04-01 16:49:52.320837+00:00,5379,Microsoft-Windows-Security-Auditing,,,,,,,,,,,,,,2452,,,1,,,,,,,,,,,,,,,,,,,,,,,,,,,,,,,,,,,,,,,,,,,,,,,,,,,,,,,,,,,,,,,,,,,,,2026-04-01 16:43:51.213001+00:00,,,,,,,%%8100,,,,,,,0,,,,,,NORMALVM,0x00000000001d0778,pizza,S-1-5-21-2352865859-2334931103-2005901029-1001,,,,,,MicrosoftAccount:user=pizzahuthacker@gmail.com,,,,,,,,,,,,,0,,,,,,,,
1687,2026-04-01 16:49:52.321054+00:00,5379,Microsoft-Windows-Security-Auditing,,,,,,,,,,,,,,2452,,,1,,,,,,,,,,,,,,,,,,,,,,,,,,,,,,,,,,,,,,,,,,,,,,,,,,,,,,,,,,,,,,,,,,,,,2026-04-01 16:43:51.213001+00:00,,,,,,,%%8100,,,,,,,0,,,,,,NORMALVM,0x00000000001d0778,pizza,S-1-5-21-2352865859-2334931103-2005901029-1001,,,,,,MicrosoftAccount:user=pizzahuthacker@gmail.com,,,,,,,,,,,,,0,,,,,,,,
1688,2026-04-01 16:49:52.321159+00:00,5379,Microsoft-Windows-Security-Auditing,,,,,,,,,,,,,,2452,,,1,,,,,,,,,,,,,,,,,,,,,,,,,,,,,,,,,,,,,,,,,,,,,,,,,,,,,,,,,,,,,,,,,,,,,2026-04-01 16:43:51.213001+00:00,,,,,,,%%8100,,,,,,,0,,,,,,NORMALVM,0x00000000001d0778,pizza,S-1-5-21-2352865859-2334931103-2005901029-1001,,,,,,MicrosoftAccount:user=pizzahuthacker@gmail.com,,,,,,,,,,,,,0,,,,,,,,
1689,2026-04-01 16:49:52.321363+00:00,5379,Microsoft-Windows-Security-Auditing,,,,,,,,,,,,,,2452,,,1,,,,,,,,,,,,,,,,,,,,,,,,,,,,,,,,,,,,,,,,,,,,,,,,,,,,,,,,,,,,,,,,,,,,,2026-04-01 16:43:51.213001+00:00,,,,,,,%%8100,,,,,,,0,,,,,,NORMALVM,0x00000000001d0778,pizza,S-1-5-21-2352865859-2334931103-2005901029-1001,,,,,,MicrosoftAccount:user=pizzahuthacker@gmail.com,,,,,,,,,,,,,0,,,,,,,,
1690,2026-04-01 16:49:52.321463+00:00,5379,Microsoft-Windows-Security-Auditing,,,,,,,,,,,,,,2452,,,1,,,,,,,,,,,,,,,,,,,,,,,,,,,,,,,,,,,,,,,,,,,,,,,,,,,,,,,,,,,,,,,,,,,,,2026-04-01 16:43:51.213001+00:00,,,,,,,%%8100,,,,,,,0,,,,,,NORMALVM,0x00000000001d0778,pizza,S-1-5-21-2352865859-2334931103-2005901029-1001,,,,,,MicrosoftAccount:user=pizzahuthacker@gmail.com,,,,,,,,,,,,,0,,,,,,,,
1691,2026-04-01 16:49:52.321571+00:00,5379,Microsoft-Windows-Security-Auditing,,,,,,,,,,,,,,2452,,,1,,,,,,,,,,,,,,,,,,,,,,,,,,,,,,,,,,,,,,,,,,,,,,,,,,,,,,,,,,,,,,,,,,,,,2026-04-01 16:43:51.213001+00:00,,,,,,,%%8100,,,,,,,0,,,,,,NORMALVM,0x00000000001d0778,pizza,S-1-5-21-2352865859-2334931103-2005901029-1001,,,,,,MicrosoftAccount:user=pizzahuthacker@gmail.com,,,,,,,,,,,,,0,,,,,,,,
1692,2026-04-01 16:49:52.321651+00:00,5379,Microsoft-Windows-Security-Auditing,,,,,,,,,,,,,,2452,,,1,,,,,,,,,,,,,,,,,,,,,,,,,,,,,,,,,,,,,,,,,,,,,,,,,,,,,,,,,,,,,,,,,,,,,2026-04-01 16:43:51.213001+00:00,,,,,,,%%8100,,,,,,,0,,,,,,NORMALVM,0x00000000001d0778,pizza,S-1-5-21-2352865859-2334931103-2005901029-1001,,,,,,MicrosoftAccount:user=pizzahuthacker@gmail.com,,,,,,,,,,,,,0,,,,,,,,
1693,2026-04-01 16:49:52.321751+00:00,5379,Microsoft-Windows-Security-Auditing,,,,,,,,,,,,,,2452,,,1,,,,,,,,,,,,,,,,,,,,,,,,,,,,,,,,,,,,,,,,,,,,,,,,,,,,,,,,,,,,,,,,,,,,,2026-04-01 16:43:51.213001+00:00,,,,,,,%%8100,,,,,,,0,,,,,,NORMALVM,0x00000000001d0778,pizza,S-1-5-21-2352865859-2334931103-2005901029-1001,,,,,,MicrosoftAccount:user=pizzahuthacker@gmail.com,,,,,,,,,,,,,0,,,,,,,,
1694,2026-04-01 16:49:52.321827+00:00,5379,Microsoft-Windows-Security-Auditing,,,,,,,,,,,,,,2452,,,1,,,,,,,,,,,,,,,,,,,,,,,,,,,,,,,,,,,,,,,,,,,,,,,,,,,,,,,,,,,,,,,,,,,,,2026-04-01 16:43:51.213001+00:00,,,,,,,%%8100,,,,,,,0,,,,,,NORMALVM,0x00000000001d0778,pizza,S-1-5-21-2352865859-2334931103-2005901029-1001,,,,,,MicrosoftAccount:user=pizzahuthacker@gmail.com,,,,,,,,,,,,,0,,,,,,,,
1695,2026-04-01 16:49:52.321924+00:00,5379,Microsoft-Windows-Security-Auditing,,,,,,,,,,,,,,2452,,,1,,,,,,,,,,,,,,,,,,,,,,,,,,,,,,,,,,,,,,,,,,,,,,,,,,,,,,,,,,,,,,,,,,,,,2026-04-01 16:43:51.213001+00:00,,,,,,,%%8100,,,,,,,0,,,,,,NORMALVM,0x00000000001d0778,pizza,S-1-5-21-2352865859-2334931103-2005901029-1001,,,,,,MicrosoftAccount:user=pizzahuthacker@gmail.com,,,,,,,,,,,,,0,,,,,,,,
1696,2026-04-01 16:49:52.322001+00:00,5379,Microsoft-Windows-Security-Auditing,,,,,,,,,,,,,,2452,,,1,,,,,,,,,,,,,,,,,,,,,,,,,,,,,,,,,,,,,,,,,,,,,,,,,,,,,,,,,,,,,,,,,,,,,2026-04-01 16:43:51.213001+00:00,,,,,,,%%8100,,,,,,,0,,,,,,NORMALVM,0x00000000001d0778,pizza,S-1-5-21-2352865859-2334931103-2005901029-1001,,,,,,MicrosoftAccount:user=pizzahuthacker@gmail.com,,,,,,,,,,,,,0,,,,,,,,
1697,2026-04-01 16:49:52.322100+00:00,5379,Microsoft-Windows-Security-Auditing,,,,,,,,,,,,,,2452,,,1,,,,,,,,,,,,,,,,,,,,,,,,,,,,,,,,,,,,,,,,,,,,,,,,,,,,,,,,,,,,,,,,,,,,,2026-04-01 16:43:51.213001+00:00,,,,,,,%%8100,,,,,,,0,,,,,,NORMALVM,0x00000000001d0778,pizza,S-1-5-21-2352865859-2334931103-2005901029-1001,,,,,,MicrosoftAccount:user=pizzahuthacker@gmail.com,,,,,,,,,,,,,0,,,,,,,,
1698,2026-04-01 16:49:52.322182+00:00,5379,Microsoft-Windows-Security-Auditing,,,,,,,,,,,,,,2452,,,1,,,,,,,,,,,,,,,,,,,,,,,,,,,,,,,,,,,,,,,,,,,,,,,,,,,,,,,,,,,,,,,,,,,,,2026-04-01 16:43:51.213001+00:00,,,,,,,%%8100,,,,,,,0,,,,,,NORMALVM,0x00000000001d0778,pizza,S-1-5-21-2352865859-2334931103-2005901029-1001,,,,,,MicrosoftAccount:user=pizzahuthacker@gmail.com,,,,,,,,,,,,,0,,,,,,,,
