2735,2026-04-01 16:51:16.659664+00:00,5379,Microsoft-Windows-Security-Auditing,,,,,,,,,,,,,,2452,,,0,,,,,,,,,,,,,,,,,,,,,,,,,,,,,,,,,,,,,,,,,,,,,,,,,,,,,,,,,,,,,,,,,,,,,2026-04-01 16:43:51.213001+00:00,,,,,,,%%8100,,,,,,,3221226021,,,,,,NORMALVM,0x00000000001d0778,pizza,S-1-5-21-2352865859-2334931103-2005901029-1001,,,,,,WindowsLive:(cert):name=pizzahuthacker@gmail.com;serviceuri=*,,,,,,,,,,,,,0,,,,,,,,
2736,2026-04-01 16:51:16.779284+00:00,5379,Microsoft-Windows-Security-Auditing,,,,,,,,,,,,,,2452,,,1,,,,,,,,,,,,,,,,,,,,,,,,,,,,,,,,,,,,,,,,,,,,,,,,,,,,,,,,,,,,,,,,,,,,,2026-04-01 16:43:51.213001+00:00,,,,,,,%%8100,,,,,,,0,,,,,,NORMALVM,0x00000000001d0778,pizza,S-1-5-21-2352865859-2334931103-2005901029-1001,,,,,,MicrosoftAccount:user=pizzahuthacker@gmail.com,,,,,,,,,,,,,0,,,,,,,,
2737,2026-04-01 16:51:16.780966+00:00,5379,Microsoft-Windows-Security-Auditing,,,,,,,,,,,,,,2452,,,1,,,,,,,,,,,,,,,,,,,,,,,,,,,,,,,,,,,,,,,,,,,,,,,,,,,,,,,,,,,,,,,,,,,,,2026-04-01 16:43:51.213001+00:00,,,,,,,%%8100,,,,,,,0,,,,,,NORMALVM,0x00000000001d0778,pizza,S-1-5-21-2352865859-2334931103-2005901029-1001,,,,,,MicrosoftAccount:user=pizzahuthacker@gmail.com,,,,,,,,,,,,,0,,,,,,,,
2738,2026-04-01 16:51:17.120207+00:00,4624,Microsoft-Windows-Security-Auditing,,,,,,,,,,Negotiate,,,,,,,,,,,,,,,%%1842,,,,,,,,,,,,%%1833,-,-,,,0,,,,-,,,,,{00000000-0000-0000-0000-000000000000},,Advapi  ,5,,,,,,,,,,,,,,,,,,,,,,,,,,,,,,,,,0x00000000000002e4,C:\Windows\System32\services.exe,,,,,,-,,,,,-,,,,,,,WORKGROUP,0x00000000000003e7,NORMALVM$,S-1-5-18,NT AUTHORITY,,0x0000000000000000,,0x00000000000003e7,,-,-,,,,,SYSTEM,S-1-5-18,,,,-,,,,,,%%1843,,,-
2739,2026-04-01 16:51:17.120211+00:00,4672,Microsoft-Windows-Security-Auditing,,,,,,,,,,,,,,,,,,,,,,,,,,,,,,,,,,,,,,,,,,,,,,,,,,,,,,,,,,,,,,,,,,,,,,,,,,,,,,,,,,,,,"SeAssignPrimaryTokenPrivilege
			SeTcbPrivilege
			SeSecurityPrivilege
			SeTakeOwnershipPrivilege
			SeLoadDriverPrivilege
			SeBackupPrivilege
			SeRestorePrivilege
			SeDebugPrivilege
			SeAuditPrivilege
			SeSystemEnvironmentPrivilege
			SeImpersonatePrivilege
			SeDelegateSessionUserImpersonatePrivilege",,,,,,,,,,,,,,,,,,,,,NT AUTHORITY,0x00000000000003e7,SYSTEM,S-1-5-18,,,,,,,,,,,,,,,,,,,,,,,,,,,
2740,2026-04-01 16:51:17.819357+00:00,5379,Microsoft-Windows-Security-Auditing,,,,,,,,,,,,,,2452,,,1,,,,,,,,,,,,,,,,,,,,,,,,,,,,,,,,,,,,,,,,,,,,,,,,,,,,,,,,,,,,,,,,,,,,,2026-04-01 16:43:51.213001+00:00,,,,,,,%%8100,,,,,,,0,,,,,,NORMALVM,0x00000000001d0778,pizza,S-1-5-21-2352865859-2334931103-2005901029-1001,,,,,,MicrosoftAccount:user=pizzahuthacker@gmail.com,,,,,,,,,,,,,0,,,,,,,,
2741,2026-04-01 16:51:17.819586+00:00,5379,Microsoft-Windows-Security-Auditing,,,,,,,,,,,,,,2452,,,1,,,,,,,,,,,,,,,,,,,,,,,,,,,,,,,,,,,,,,,,,,,,,,,,,,,,,,,,,,,,,,,,,,,,,2026-04-01 16:43:51.213001+00:00,,,,,,,%%8100,,,,,,,0,,,,,,NORMALVM,0x00000000001d0778,pizza,S-1-5-21-2352865859-2334931103-2005901029-1001,,,,,,MicrosoftAccount:user=pizzahuthacker@gmail.com,,,,,,,,,,,,,0,,,,,,,,
2742,2026-04-01 16:51:17.820002+00:00,5379,Microsoft-Windows-Security-Auditing,,,,,,,,,,,,,,2452,,,1,,,,,,,,,,,,,,,,,,,,,,,,,,,,,,,,,,,,,,,,,,,,,,,,,,,,,,,,,,,,,,,,,,,,,2026-04-01 16:43:51.213001+00:00,,,,,,,%%8100,,,,,,,0,,,,,,NORMALVM,0x00000000001d0778,pizza,S-1-5-21-2352865859-2334931103-2005901029-1001,,,,,,MicrosoftAccount:user=pizzahuthacker@gmail.com,,,,,,,,,,,,,0,,,,,,,,
2743,2026-04-01 16:51:17.820160+00:00,5379,Microsoft-Windows-Security-Auditing,,,,,,,,,,,,,,2452,,,1,,,,,,,,,,,,,,,,,,,,,,,,,,,,,,,,,,,,,,,,,,,,,,,,,,,,,,,,,,,,,,,,,,,,,2026-04-01 16:43:51.213001+00:00,,,,,,,%%8100,,,,,,,0,,,,,,NORMALVM,0x00000000001d0778,pizza,S-1-5-21-2352865859-2334931103-2005901029-1001,,,,,,MicrosoftAccount:user=pizzahuthacker@gmail.com,,,,,,,,,,,,,0,,,,,,,,
2744,2026-04-01 16:51:17.820337+00:00,5379,Microsoft-Windows-Security-Auditing,,,,,,,,,,,,,,2452,,,1,,,,,,,,,,,,,,,,,,,,,,,,,,,,,,,,,,,,,,,,,,,,,,,,,,,,,,,,,,,,,,,,,,,,,2026-04-01 16:43:51.213001+00:00,,,,,,,%%8100,,,,,,,0,,,,,,NORMALVM,0x00000000001d0778,pizza,S-1-5-21-2352865859-2334931103-2005901029-1001,,,,,,MicrosoftAccount:user=pizzahuthacker@gmail.com,,,,,,,,,,,,,0,,,,,,,,
2745,2026-04-01 16:51:17.820501+00:00,5379,Microsoft-Windows-Security-Auditing,,,,,,,,,,,,,,2452,,,1,,,,,,,,,,,,,,,,,,,,,,,,,,,,,,,,,,,,,,,,,,,,,,,,,,,,,,,,,,,,,,,,,,,,,2026-04-01 16:43:51.213001+00:00,,,,,,,%%8100,,,,,,,0,,,,,,NORMALVM,0x00000000001d0778,pizza,S-1-5-21-2352865859-2334931103-2005901029-1001,,,,,,MicrosoftAccount:user=pizzahuthacker@gmail.com,,,,,,,,,,,,,0,,,,,,,,
2746,2026-04-01 16:51:17.820732+00:00,5379,Microsoft-Windows-Security-Auditing,,,,,,,,,,,,,,2452,,,1,,,,,,,,,,,,,,,,,,,,,,,,,,,,,,,,,,,,,,,,,,,,,,,,,,,,,,,,,,,,,,,,,,,,,2026-04-01 16:43:51.213001+00:00,,,,,,,%%8100,,,,,,,0,,,,,,NORMALVM,0x00000000001d0778,pizza,S-1-5-21-2352865859-2334931103-2005901029-1001,,,,,,MicrosoftAccount:user=pizzahuthacker@gmail.com,,,,,,,,,,,,,0,,,,,,,,
2747,2026-04-01 16:51:17.820889+00:00,5379,Microsoft-Windows-Security-Auditing,,,,,,,,,,,,,,2452,,,1,,,,,,,,,,,,,,,,,,,,,,,,,,,,,,,,,,,,,,,,,,,,,,,,,,,,,,,,,,,,,,,,,,,,,2026-04-01 16:43:51.213001+00:00,,,,,,,%%8100,,,,,,,0,,,,,,NORMALVM,0x00000000001d0778,pizza,S-1-5-21-2352865859-2334931103-2005901029-1001,,,,,,MicrosoftAccount:user=pizzahuthacker@gmail.com,,,,,,,,,,,,,0,,,,,,,,
2748,2026-04-01 16:51:17.821751+00:00,5379,Microsoft-Windows-Security-Auditing,,,,,,,,,,,,,,2452,,,1,,,,,,,,,,,,,,,,,,,,,,,,,,,,,,,,,,,,,,,,,,,,,,,,,,,,,,,,,,,,,,,,,,,,,2026-04-01 16:43:51.213001+00:00,,,,,,,%%8100,,,,,,,0,,,,,,NORMALVM,0x00000000001d0778,pizza,S-1-5-21-2352865859-2334931103-2005901029-1001,,,,,,MicrosoftAccount:user=pizzahuthacker@gmail.com,,,,,,,,,,,,,0,,,,,,,,
2749,2026-04-01 16:51:17.822058+00:00,5379,Microsoft-Windows-Security-Auditing,,,,,,,,,,,,,,2452,,,1,,,,,,,,,,,,,,,,,,,,,,,,,,,,,,,,,,,,,,,,,,,,,,,,,,,,,,,,,,,,,,,,,,,,,2026-04-01 16:43:51.213001+00:00,,,,,,,%%8100,,,,,,,0,,,,,,NORMALVM,0x00000000001d0778,pizza,S-1-5-21-2352865859-2334931103-2005901029-1001,,,,,,MicrosoftAccount:user=pizzahuthacker@gmail.com,,,,,,,,,,,,,0,,,,,,,,
2750,2026-04-01 16:51:17.822344+00:00,5379,Microsoft-Windows-Security-Auditing,,,,,,,,,,,,,,2452,,,1,,,,,,,,,,,,,,,,,,,,,,,,,,,,,,,,,,,,,,,,,,,,,,,,,,,,,,,,,,,,,,,,,,,,,2026-04-01 16:43:51.213001+00:00,,,,,,,%%8100,,,,,,,0,,,,,,NORMALVM,0x00000000001d0778,pizza,S-1-5-21-2352865859-2334931103-2005901029-1001,,,,,,MicrosoftAccount:user=pizzahuthacker@gmail.com,,,,,,,,,,,,,0,,,,,,,,
2751,2026-04-01 16:51:17.822542+00:00,5379,Microsoft-Windows-Security-Auditing,,,,,,,,,,,,,,2452,,,1,,,,,,,,,,,,,,,,,,,,,,,,,,,,,,,,,,,,,,,,,,,,,,,,,,,,,,,,,,,,,,,,,,,,,2026-04-01 16:43:51.213001+00:00,,,,,,,%%8100,,,,,,,0,,,,,,NORMALVM,0x00000000001d0778,pizza,S-1-5-21-2352865859-2334931103-2005901029-1001,,,,,,MicrosoftAccount:user=pizzahuthacker@gmail.com,,,,,,,,,,,,,0,,,,,,,,
2752,2026-04-01 16:51:17.822863+00:00,5379,Microsoft-Windows-Security-Auditing,,,,,,,,,,,,,,2452,,,1,,,,,,,,,,,,,,,,,,,,,,,,,,,,,,,,,,,,,,,,,,,,,,,,,,,,,,,,,,,,,,,,,,,,,2026-04-01 16:43:51.213001+00:00,,,,,,,%%8100,,,,,,,0,,,,,,NORMALVM,0x00000000001d0778,pizza,S-1-5-21-2352865859-2334931103-2005901029-1001,,,,,,MicrosoftAccount:user=pizzahuthacker@gmail.com,,,,,,,,,,,,,0,,,,,,,,
2753,2026-04-01 16:51:17.823011+00:00,5379,Microsoft-Windows-Security-Auditing,,,,,,,,,,,,,,2452,,,1,,,,,,,,,,,,,,,,,,,,,,,,,,,,,,,,,,,,,,,,,,,,,,,,,,,,,,,,,,,,,,,,,,,,,2026-04-01 16:43:51.213001+00:00,,,,,,,%%8100,,,,,,,0,,,,,,NORMALVM,0x00000000001d0778,pizza,S-1-5-21-2352865859-2334931103-2005901029-1001,,,,,,MicrosoftAccount:user=pizzahuthacker@gmail.com,,,,,,,,,,,,,0,,,,,,,,
2754,2026-04-01 16:51:17.823219+00:00,5379,Microsoft-Windows-Security-Auditing,,,,,,,,,,,,,,2452,,,1,,,,,,,,,,,,,,,,,,,,,,,,,,,,,,,,,,,,,,,,,,,,,,,,,,,,,,,,,,,,,,,,,,,,,2026-04-01 16:43:51.213001+00:00,,,,,,,%%8100,,,,,,,0,,,,,,NORMALVM,0x00000000001d0778,pizza,S-1-5-21-2352865859-2334931103-2005901029-1001,,,,,,MicrosoftAccount:user=pizzahuthacker@gmail.com,,,,,,,,,,,,,0,,,,,,,,
2755,2026-04-01 16:51:17.823599+00:00,5379,Microsoft-Windows-Security-Auditing,,,,,,,,,,,,,,2452,,,1,,,,,,,,,,,,,,,,,,,,,,,,,,,,,,,,,,,,,,,,,,,,,,,,,,,,,,,,,,,,,,,,,,,,,2026-04-01 16:43:51.213001+00:00,,,,,,,%%8099,,,,,,,0,,,,,,NORMALVM,0x00000000001d0778,pizza,S-1-5-21-2352865859-2334931103-2005901029-1001,,,,,,MicrosoftAccount:user=pizzahuthacker@gmail.com,,,,,,,,,,,,,1,,,,,,,,
2756,2026-04-01 16:51:17.829741+00:00,5379,Microsoft-Windows-Security-Auditing,,,,,,,,,,,,,,2452,,,1,,,,,,,,,,,,,,,,,,,,,,,,,,,,,,,,,,,,,,,,,,,,,,,,,,,,,,,,,,,,,,,,,,,,,2026-04-01 16:43:51.213001+00:00,,,,,,,%%8100,,,,,,,0,,,,,,NORMALVM,0x00000000001d0778,pizza,S-1-5-21-2352865859-2334931103-2005901029-1001,,,,,,MicrosoftAccount:user=pizzahuthacker@gmail.com,,,,,,,,,,,,,0,,,,,,,,
2757,2026-04-01 16:51:17.830074+00:00,5379,Microsoft-Windows-Security-Auditing,,,,,,,,,,,,,,2452,,,1,,,,,,,,,,,,,,,,,,,,,,,,,,,,,,,,,,,,,,,,,,,,,,,,,,,,,,,,,,,,,,,,,,,,,2026-04-01 16:43:51.213001+00:00,,,,,,,%%8100,,,,,,,0,,,,,,NORMALVM,0x00000000001d0778,pizza,S-1-5-21-2352865859-2334931103-2005901029-1001,,,,,,MicrosoftAccount:user=pizzahuthacker@gmail.com,,,,,,,,,,,,,0,,,,,,,,
2758,2026-04-01 16:51:17.832212+00:00,5379,Microsoft-Windows-Security-Auditing,,,,,,,,,,,,,,2452,,,1,,,,,,,,,,,,,,,,,,,,,,,,,,,,,,,,,,,,,,,,,,,,,,,,,,,,,,,,,,,,,,,,,,,,,2026-04-01 16:43:51.213001+00:00,,,,,,,%%8100,,,,,,,0,,,,,,NORMALVM,0x00000000001d0778,pizza,S-1-5-21-2352865859-2334931103-2005901029-1001,,,,,,MicrosoftAccount:user=pizzahuthacker@gmail.com,,,,,,,,,,,,,0,,,,,,,,
2759,2026-04-01 16:51:17.833775+00:00,5379,Microsoft-Windows-Security-Auditing,,,,,,,,,,,,,,2452,,,1,,,,,,,,,,,,,,,,,,,,,,,,,,,,,,,,,,,,,,,,,,,,,,,,,,,,,,,,,,,,,,,,,,,,,2026-04-01 16:43:51.213001+00:00,,,,,,,%%8100,,,,,,,0,,,,,,NORMALVM,0x00000000001d0778,pizza,S-1-5-21-2352865859-2334931103-2005901029-1001,,,,,,MicrosoftAccount:user=pizzahuthacker@gmail.com,,,,,,,,,,,,,0,,,,,,,,
2760,2026-04-01 16:51:17.833992+00:00,5379,Microsoft-Windows-Security-Auditing,,,,,,,,,,,,,,2452,,,1,,,,,,,,,,,,,,,,,,,,,,,,,,,,,,,,,,,,,,,,,,,,,,,,,,,,,,,,,,,,,,,,,,,,,2026-04-01 16:43:51.213001+00:00,,,,,,,%%8100,,,,,,,0,,,,,,NORMALVM,0x00000000001d0778,pizza,S-1-5-21-2352865859-2334931103-2005901029-1001,,,,,,MicrosoftAccount:user=pizzahuthacker@gmail.com,,,,,,,,,,,,,0,,,,,,,,
2761,2026-04-01 16:51:17.834526+00:00,5379,Microsoft-Windows-Security-Auditing,,,,,,,,,,,,,,2452,,,1,,,,,,,,,,,,,,,,,,,,,,,,,,,,,,,,,,,,,,,,,,,,,,,,,,,,,,,,,,,,,,,,,,,,,2026-04-01 16:43:51.213001+00:00,,,,,,,%%8100,,,,,,,0,,,,,,NORMALVM,0x00000000001d0778,pizza,S-1-5-21-2352865859-2334931103-2005901029-1001,,,,,,MicrosoftAccount:user=pizzahuthacker@gmail.com,,,,,,,,,,,,,0,,,,,,,,
2762,2026-04-01 16:51:17.834854+00:00,5379,Microsoft-Windows-Security-Auditing,,,,,,,,,,,,,,2452,,,1,,,,,,,,,,,,,,,,,,,,,,,,,,,,,,,,,,,,,,,,,,,,,,,,,,,,,,,,,,,,,,,,,,,,,2026-04-01 16:43:51.213001+00:00,,,,,,,%%8100,,,,,,,0,,,,,,NORMALVM,0x00000000001d0778,pizza,S-1-5-21-2352865859-2334931103-2005901029-1001,,,,,,MicrosoftAccount:user=pizzahuthacker@gmail.com,,,,,,,,,,,,,0,,,,,,,,
2763,2026-04-01 16:51:17.834999+00:00,5379,Microsoft-Windows-Security-Auditing,,,,,,,,,,,,,,2452,,,1,,,,,,,,,,,,,,,,,,,,,,,,,,,,,,,,,,,,,,,,,,,,,,,,,,,,,,,,,,,,,,,,,,,,,2026-04-01 16:43:51.213001+00:00,,,,,,,%%8100,,,,,,,0,,,,,,NORMALVM,0x00000000001d0778,pizza,S-1-5-21-2352865859-2334931103-2005901029-1001,,,,,,MicrosoftAccount:user=pizzahuthacker@gmail.com,,,,,,,,,,,,,0,,,,,,,,
2764,2026-04-01 16:51:17.835159+00:00,5379,Microsoft-Windows-Security-Auditing,,,,,,,,,,,,,,2452,,,1,,,,,,,,,,,,,,,,,,,,,,,,,,,,,,,,,,,,,,,,,,,,,,,,,,,,,,,,,,,,,,,,,,,,,2026-04-01 16:43:51.213001+00:00,,,,,,,%%8100,,,,,,,0,,,,,,NORMALVM,0x00000000001d0778,pizza,S-1-5-21-2352865859-2334931103-2005901029-1001,,,,,,MicrosoftAccount:user=pizzahuthacker@gmail.com,,,,,,,,,,,,,0,,,,,,,,
2765,2026-04-01 16:51:17.835304+00:00,5379,Microsoft-Windows-Security-Auditing,,,,,,,,,,,,,,2452,,,1,,,,,,,,,,,,,,,,,,,,,,,,,,,,,,,,,,,,,,,,,,,,,,,,,,,,,,,,,,,,,,,,,,,,,2026-04-01 16:43:51.213001+00:00,,,,,,,%%8100,,,,,,,0,,,,,,NORMALVM,0x00000000001d0778,pizza,S-1-5-21-2352865859-2334931103-2005901029-1001,,,,,,MicrosoftAccount:user=pizzahuthacker@gmail.com,,,,,,,,,,,,,0,,,,,,,,
2766,2026-04-01 16:51:17.835468+00:00,5379,Microsoft-Windows-Security-Auditing,,,,,,,,,,,,,,2452,,,1,,,,,,,,,,,,,,,,,,,,,,,,,,,,,,,,,,,,,,,,,,,,,,,,,,,,,,,,,,,,,,,,,,,,,2026-04-01 16:43:51.213001+00:00,,,,,,,%%8100,,,,,,,0,,,,,,NORMALVM,0x00000000001d0778,pizza,S-1-5-21-2352865859-2334931103-2005901029-1001,,,,,,MicrosoftAccount:user=pizzahuthacker@gmail.com,,,,,,,,,,,,,0,,,,,,,,
2767,2026-04-01 16:51:17.837469+00:00,5379,Microsoft-Windows-Security-Auditing,,,,,,,,,,,,,,2452,,,1,,,,,,,,,,,,,,,,,,,,,,,,,,,,,,,,,,,,,,,,,,,,,,,,,,,,,,,,,,,,,,,,,,,,,2026-04-01 16:43:51.213001+00:00,,,,,,,%%8100,,,,,,,0,,,,,,NORMALVM,0x00000000001d0778,pizza,S-1-5-21-2352865859-2334931103-2005901029-1001,,,,,,MicrosoftAccount:user=pizzahuthacker@gmail.com,,,,,,,,,,,,,0,,,,,,,,
2768,2026-04-01 16:51:17.837782+00:00,5379,Microsoft-Windows-Security-Auditing,,,,,,,,,,,,,,2452,,,1,,,,,,,,,,,,,,,,,,,,,,,,,,,,,,,,,,,,,,,,,,,,,,,,,,,,,,,,,,,,,,,,,,,,,2026-04-01 16:43:51.213001+00:00,,,,,,,%%8100,,,,,,,0,,,,,,NORMALVM,0x00000000001d0778,pizza,S-1-5-21-2352865859-2334931103-2005901029-1001,,,,,,MicrosoftAccount:user=pizzahuthacker@gmail.com,,,,,,,,,,,,,0,,,,,,,,
2769,2026-04-01 16:51:17.890171+00:00,5379,Microsoft-Windows-Security-Auditing,,,,,,,,,,,,,,2452,,,1,,,,,,,,,,,,,,,,,,,,,,,,,,,,,,,,,,,,,,,,,,,,,,,,,,,,,,,,,,,,,,,,,,,,,2026-04-01 16:43:51.213001+00:00,,,,,,,%%8100,,,,,,,0,,,,,,NORMALVM,0x00000000001d0778,pizza,S-1-5-21-2352865859-2334931103-2005901029-1001,,,,,,MicrosoftAccount:user=pizzahuthacker@gmail.com,,,,,,,,,,,,,0,,,,,,,,
2770,2026-04-01 16:51:17.890381+00:00,5379,Microsoft-Windows-Security-Auditing,,,,,,,,,,,,,,2452,,,1,,,,,,,,,,,,,,,,,,,,,,,,,,,,,,,,,,,,,,,,,,,,,,,,,,,,,,,,,,,,,,,,,,,,,2026-04-01 16:43:51.213001+00:00,,,,,,,%%8100,,,,,,,0,,,,,,NORMALVM,0x00000000001d0778,pizza,S-1-5-21-2352865859-2334931103-2005901029-1001,,,,,,MicrosoftAccount:user=pizzahuthacker@gmail.com,,,,,,,,,,,,,0,,,,,,,,
2771,2026-04-01 16:51:17.890516+00:00,5379,Microsoft-Windows-Security-Auditing,,,,,,,,,,,,,,2452,,,1,,,,,,,,,,,,,,,,,,,,,,,,,,,,,,,,,,,,,,,,,,,,,,,,,,,,,,,,,,,,,,,,,,,,,2026-04-01 16:43:51.213001+00:00,,,,,,,%%8100,,,,,,,0,,,,,,NORMALVM,0x00000000001d0778,pizza,S-1-5-21-2352865859-2334931103-2005901029-1001,,,,,,MicrosoftAccount:user=pizzahuthacker@gmail.com,,,,,,,,,,,,,0,,,,,,,,
2772,2026-04-01 16:51:17.890614+00:00,5379,Microsoft-Windows-Security-Auditing,,,,,,,,,,,,,,2452,,,1,,,,,,,,,,,,,,,,,,,,,,,,,,,,,,,,,,,,,,,,,,,,,,,,,,,,,,,,,,,,,,,,,,,,,2026-04-01 16:43:51.213001+00:00,,,,,,,%%8100,,,,,,,0,,,,,,NORMALVM,0x00000000001d0778,pizza,S-1-5-21-2352865859-2334931103-2005901029-1001,,,,,,MicrosoftAccount:user=pizzahuthacker@gmail.com,,,,,,,,,,,,,0,,,,,,,,
2773,2026-04-01 16:51:17.890753+00:00,5379,Microsoft-Windows-Security-Auditing,,,,,,,,,,,,,,2452,,,1,,,,,,,,,,,,,,,,,,,,,,,,,,,,,,,,,,,,,,,,,,,,,,,,,,,,,,,,,,,,,,,,,,,,,2026-04-01 16:43:51.213001+00:00,,,,,,,%%8100,,,,,,,0,,,,,,NORMALVM,0x00000000001d0778,pizza,S-1-5-21-2352865859-2334931103-2005901029-1001,,,,,,MicrosoftAccount:user=pizzahuthacker@gmail.com,,,,,,,,,,,,,0,,,,,,,,
2774,2026-04-01 16:51:17.890892+00:00,5379,Microsoft-Windows-Security-Auditing,,,,,,,,,,,,,,2452,,,1,,,,,,,,,,,,,,,,,,,,,,,,,,,,,,,,,,,,,,,,,,,,,,,,,,,,,,,,,,,,,,,,,,,,,2026-04-01 16:43:51.213001+00:00,,,,,,,%%8100,,,,,,,0,,,,,,NORMALVM,0x00000000001d0778,pizza,S-1-5-21-2352865859-2334931103-2005901029-1001,,,,,,MicrosoftAccount:user=pizzahuthacker@gmail.com,,,,,,,,,,,,,0,,,,,,,,
2775,2026-04-01 16:51:17.891016+00:00,5379,Microsoft-Windows-Security-Auditing,,,,,,,,,,,,,,2452,,,1,,,,,,,,,,,,,,,,,,,,,,,,,,,,,,,,,,,,,,,,,,,,,,,,,,,,,,,,,,,,,,,,,,,,,2026-04-01 16:43:51.213001+00:00,,,,,,,%%8100,,,,,,,0,,,,,,NORMALVM,0x00000000001d0778,pizza,S-1-5-21-2352865859-2334931103-2005901029-1001,,,,,,MicrosoftAccount:user=pizzahuthacker@gmail.com,,,,,,,,,,,,,0,,,,,,,,
2776,2026-04-01 16:51:17.891108+00:00,5379,Microsoft-Windows-Security-Auditing,,,,,,,,,,,,,,2452,,,1,,,,,,,,,,,,,,,,,,,,,,,,,,,,,,,,,,,,,,,,,,,,,,,,,,,,,,,,,,,,,,,,,,,,,2026-04-01 16:43:51.213001+00:00,,,,,,,%%8100,,,,,,,0,,,,,,NORMALVM,0x00000000001d0778,pizza,S-1-5-21-2352865859-2334931103-2005901029-1001,,,,,,MicrosoftAccount:user=pizzahuthacker@gmail.com,,,,,,,,,,,,,0,,,,,,,,
2777,2026-04-01 16:51:17.891207+00:00,5379,Microsoft-Windows-Security-Auditing,,,,,,,,,,,,,,2452,,,1,,,,,,,,,,,,,,,,,,,,,,,,,,,,,,,,,,,,,,,,,,,,,,,,,,,,,,,,,,,,,,,,,,,,,2026-04-01 16:43:51.213001+00:00,,,,,,,%%8100,,,,,,,0,,,,,,NORMALVM,0x00000000001d0778,pizza,S-1-5-21-2352865859-2334931103-2005901029-1001,,,,,,MicrosoftAccount:user=pizzahuthacker@gmail.com,,,,,,,,,,,,,0,,,,,,,,
2778,2026-04-01 16:51:17.891291+00:00,5379,Microsoft-Windows-Security-Auditing,,,,,,,,,,,,,,2452,,,1,,,,,,,,,,,,,,,,,,,,,,,,,,,,,,,,,,,,,,,,,,,,,,,,,,,,,,,,,,,,,,,,,,,,,2026-04-01 16:43:51.213001+00:00,,,,,,,%%8100,,,,,,,0,,,,,,NORMALVM,0x00000000001d0778,pizza,S-1-5-21-2352865859-2334931103-2005901029-1001,,,,,,MicrosoftAccount:user=pizzahuthacker@gmail.com,,,,,,,,,,,,,0,,,,,,,,
2779,2026-04-01 16:51:17.891382+00:00,5379,Microsoft-Windows-Security-Auditing,,,,,,,,,,,,,,2452,,,1,,,,,,,,,,,,,,,,,,,,,,,,,,,,,,,,,,,,,,,,,,,,,,,,,,,,,,,,,,,,,,,,,,,,,2026-04-01 16:43:51.213001+00:00,,,,,,,%%8100,,,,,,,0,,,,,,NORMALVM,0x00000000001d0778,pizza,S-1-5-21-2352865859-2334931103-2005901029-1001,,,,,,MicrosoftAccount:user=pizzahuthacker@gmail.com,,,,,,,,,,,,,0,,,,,,,,
2780,2026-04-01 16:51:17.891460+00:00,5379,Microsoft-Windows-Security-Auditing,,,,,,,,,,,,,,2452,,,1,,,,,,,,,,,,,,,,,,,,,,,,,,,,,,,,,,,,,,,,,,,,,,,,,,,,,,,,,,,,,,,,,,,,,2026-04-01 16:43:51.213001+00:00,,,,,,,%%8100,,,,,,,0,,,,,,NORMALVM,0x00000000001d0778,pizza,S-1-5-21-2352865859-2334931103-2005901029-1001,,,,,,MicrosoftAccount:user=pizzahuthacker@gmail.com,,,,,,,,,,,,,0,,,,,,,,
2781,2026-04-01 16:51:17.891554+00:00,5379,Microsoft-Windows-Security-Auditing,,,,,,,,,,,,,,2452,,,1,,,,,,,,,,,,,,,,,,,,,,,,,,,,,,,,,,,,,,,,,,,,,,,,,,,,,,,,,,,,,,,,,,,,,2026-04-01 16:43:51.213001+00:00,,,,,,,%%8100,,,,,,,0,,,,,,NORMALVM,0x00000000001d0778,pizza,S-1-5-21-2352865859-2334931103-2005901029-1001,,,,,,MicrosoftAccount:user=pizzahuthacker@gmail.com,,,,,,,,,,,,,0,,,,,,,,
2782,2026-04-01 16:51:17.914124+00:00,5379,Microsoft-Windows-Security-Auditing,,,,,,,,,,,,,,2452,,,1,,,,,,,,,,,,,,,,,,,,,,,,,,,,,,,,,,,,,,,,,,,,,,,,,,,,,,,,,,,,,,,,,,,,,2026-04-01 16:43:51.213001+00:00,,,,,,,%%8100,,,,,,,0,,,,,,NORMALVM,0x00000000001d0778,pizza,S-1-5-21-2352865859-2334931103-2005901029-1001,,,,,,MicrosoftAccount:user=pizzahuthacker@gmail.com,,,,,,,,,,,,,0,,,,,,,,
2783,2026-04-01 16:51:17.914858+00:00,5379,Microsoft-Windows-Security-Auditing,,,,,,,,,,,,,,2452,,,1,,,,,,,,,,,,,,,,,,,,,,,,,,,,,,,,,,,,,,,,,,,,,,,,,,,,,,,,,,,,,,,,,,,,,2026-04-01 16:43:51.213001+00:00,,,,,,,%%8100,,,,,,,0,,,,,,NORMALVM,0x00000000001d0778,pizza,S-1-5-21-2352865859-2334931103-2005901029-1001,,,,,,MicrosoftAccount:user=pizzahuthacker@gmail.com,,,,,,,,,,,,,0,,,,,,,,
2784,2026-04-01 16:51:18.710642+00:00,5379,Microsoft-Windows-Security-Auditing,,,,,,,,,,,,,,2452,,,1,,,,,,,,,,,,,,,,,,,,,,,,,,,,,,,,,,,,,,,,,,,,,,,,,,,,,,,,,,,,,,,,,,,,,2026-04-01 16:43:51.213001+00:00,,,,,,,%%8100,,,,,,,0,,,,,,NORMALVM,0x00000000001d0778,pizza,S-1-5-21-2352865859-2334931103-2005901029-1001,,,,,,MicrosoftAccount:user=pizzahuthacker@gmail.com,,,,,,,,,,,,,0,,,,,,,,
2785,2026-04-01 16:51:18.711491+00:00,5379,Microsoft-Windows-Security-Auditing,,,,,,,,,,,,,,2452,,,0,,,,,,,,,,,,,,,,,,,,,,,,,,,,,,,,,,,,,,,,,,,,,,,,,,,,,,,,,,,,,,,,,,,,,2026-04-01 16:43:51.213001+00:00,,,,,,,%%8100,,,,,,,3221226021,,,,,,NORMALVM,0x00000000001d0778,pizza,S-1-5-21-2352865859-2334931103-2005901029-1001,,,,,,WindowsLive:(token):name=pizzahuthacker@gmail.com;serviceuri=*,,,,,,,,,,,,,0,,,,,,,,
2786,2026-04-01 16:51:18.711538+00:00,5379,Microsoft-Windows-Security-Auditing,,,,,,,,,,,,,,2452,,,0,,,,,,,,,,,,,,,,,,,,,,,,,,,,,,,,,,,,,,,,,,,,,,,,,,,,,,,,,,,,,,,,,,,,,2026-04-01 16:43:51.213001+00:00,,,,,,,%%8100,,,,,,,3221226021,,,,,,NORMALVM,0x00000000001d0778,pizza,S-1-5-21-2352865859-2334931103-2005901029-1001,,,,,,WindowsLive:(cert):name=pizzahuthacker@gmail.com;serviceuri=*,,,,,,,,,,,,,0,,,,,,,,
2787,2026-04-01 16:51:18.747400+00:00,5379,Microsoft-Windows-Security-Auditing,,,,,,,,,,,,,,2452,,,1,,,,,,,,,,,,,,,,,,,,,,,,,,,,,,,,,,,,,,,,,,,,,,,,,,,,,,,,,,,,,,,,,,,,,2026-04-01 16:43:51.213001+00:00,,,,,,,%%8100,,,,,,,0,,,,,,NORMALVM,0x00000000001d0778,pizza,S-1-5-21-2352865859-2334931103-2005901029-1001,,,,,,MicrosoftAccount:user=pizzahuthacker@gmail.com,,,,,,,,,,,,,0,,,,,,,,
2788,2026-04-01 16:51:18.764963+00:00,5379,Microsoft-Windows-Security-Auditing,,,,,,,,,,,,,,2452,,,1,,,,,,,,,,,,,,,,,,,,,,,,,,,,,,,,,,,,,,,,,,,,,,,,,,,,,,,,,,,,,,,,,,,,,2026-04-01 16:43:51.213001+00:00,,,,,,,%%8100,,,,,,,0,,,,,,NORMALVM,0x00000000001d0778,pizza,S-1-5-21-2352865859-2334931103-2005901029-1001,,,,,,MicrosoftAccount:user=pizzahuthacker@gmail.com,,,,,,,,,,,,,0,,,,,,,,
2789,2026-04-01 16:51:19.080690+00:00,5379,Microsoft-Windows-Security-Auditing,,,,,,,,,,,,,,2452,,,1,,,,,,,,,,,,,,,,,,,,,,,,,,,,,,,,,,,,,,,,,,,,,,,,,,,,,,,,,,,,,,,,,,,,,2026-04-01 16:43:51.213001+00:00,,,,,,,%%8100,,,,,,,0,,,,,,NORMALVM,0x00000000001d0778,pizza,S-1-5-21-2352865859-2334931103-2005901029-1001,,,,,,MicrosoftAccount:user=pizzahuthacker@gmail.com,,,,,,,,,,,,,0,,,,,,,,
2790,2026-04-01 16:51:19.080843+00:00,5379,Microsoft-Windows-Security-Auditing,,,,,,,,,,,,,,2452,,,1,,,,,,,,,,,,,,,,,,,,,,,,,,,,,,,,,,,,,,,,,,,,,,,,,,,,,,,,,,,,,,,,,,,,,2026-04-01 16:43:51.213001+00:00,,,,,,,%%8100,,,,,,,0,,,,,,NORMALVM,0x00000000001d0778,pizza,S-1-5-21-2352865859-2334931103-2005901029-1001,,,,,,MicrosoftAccount:user=pizzahuthacker@gmail.com,,,,,,,,,,,,,0,,,,,,,,
2791,2026-04-01 16:51:19.081139+00:00,5379,Microsoft-Windows-Security-Auditing,,,,,,,,,,,,,,2452,,,1,,,,,,,,,,,,,,,,,,,,,,,,,,,,,,,,,,,,,,,,,,,,,,,,,,,,,,,,,,,,,,,,,,,,,2026-04-01 16:43:51.213001+00:00,,,,,,,%%8100,,,,,,,0,,,,,,NORMALVM,0x00000000001d0778,pizza,S-1-5-21-2352865859-2334931103-2005901029-1001,,,,,,MicrosoftAccount:user=pizzahuthacker@gmail.com,,,,,,,,,,,,,0,,,,,,,,
2792,2026-04-01 16:51:19.081244+00:00,5379,Microsoft-Windows-Security-Auditing,,,,,,,,,,,,,,2452,,,1,,,,,,,,,,,,,,,,,,,,,,,,,,,,,,,,,,,,,,,,,,,,,,,,,,,,,,,,,,,,,,,,,,,,,2026-04-01 16:43:51.213001+00:00,,,,,,,%%8100,,,,,,,0,,,,,,NORMALVM,0x00000000001d0778,pizza,S-1-5-21-2352865859-2334931103-2005901029-1001,,,,,,MicrosoftAccount:user=pizzahuthacker@gmail.com,,,,,,,,,,,,,0,,,,,,,,
2793,2026-04-01 16:51:19.081381+00:00,5379,Microsoft-Windows-Security-Auditing,,,,,,,,,,,,,,2452,,,1,,,,,,,,,,,,,,,,,,,,,,,,,,,,,,,,,,,,,,,,,,,,,,,,,,,,,,,,,,,,,,,,,,,,,2026-04-01 16:43:51.213001+00:00,,,,,,,%%8100,,,,,,,0,,,,,,NORMALVM,0x00000000001d0778,pizza,S-1-5-21-2352865859-2334931103-2005901029-1001,,,,,,MicrosoftAccount:user=pizzahuthacker@gmail.com,,,,,,,,,,,,,0,,,,,,,,
2794,2026-04-01 16:51:19.081459+00:00,5379,Microsoft-Windows-Security-Auditing,,,,,,,,,,,,,,2452,,,1,,,,,,,,,,,,,,,,,,,,,,,,,,,,,,,,,,,,,,,,,,,,,,,,,,,,,,,,,,,,,,,,,,,,,2026-04-01 16:43:51.213001+00:00,,,,,,,%%8100,,,,,,,0,,,,,,NORMALVM,0x00000000001d0778,pizza,S-1-5-21-2352865859-2334931103-2005901029-1001,,,,,,MicrosoftAccount:user=pizzahuthacker@gmail.com,,,,,,,,,,,,,0,,,,,,,,
2795,2026-04-01 16:51:19.081579+00:00,5379,Microsoft-Windows-Security-Auditing,,,,,,,,,,,,,,2452,,,1,,,,,,,,,,,,,,,,,,,,,,,,,,,,,,,,,,,,,,,,,,,,,,,,,,,,,,,,,,,,,,,,,,,,,2026-04-01 16:43:51.213001+00:00,,,,,,,%%8100,,,,,,,0,,,,,,NORMALVM,0x00000000001d0778,pizza,S-1-5-21-2352865859-2334931103-2005901029-1001,,,,,,MicrosoftAccount:user=pizzahuthacker@gmail.com,,,,,,,,,,,,,0,,,,,,,,
2796,2026-04-01 16:51:19.081650+00:00,5379,Microsoft-Windows-Security-Auditing,,,,,,,,,,,,,,2452,,,1,,,,,,,,,,,,,,,,,,,,,,,,,,,,,,,,,,,,,,,,,,,,,,,,,,,,,,,,,,,,,,,,,,,,,2026-04-01 16:43:51.213001+00:00,,,,,,,%%8100,,,,,,,0,,,,,,NORMALVM,0x00000000001d0778,pizza,S-1-5-21-2352865859-2334931103-2005901029-1001,,,,,,MicrosoftAccount:user=pizzahuthacker@gmail.com,,,,,,,,,,,,,0,,,,,,,,
2797,2026-04-01 16:51:19.081760+00:00,5379,Microsoft-Windows-Security-Auditing,,,,,,,,,,,,,,2452,,,1,,,,,,,,,,,,,,,,,,,,,,,,,,,,,,,,,,,,,,,,,,,,,,,,,,,,,,,,,,,,,,,,,,,,,2026-04-01 16:43:51.213001+00:00,,,,,,,%%8100,,,,,,,0,,,,,,NORMALVM,0x00000000001d0778,pizza,S-1-5-21-2352865859-2334931103-2005901029-1001,,,,,,MicrosoftAccount:user=pizzahuthacker@gmail.com,,,,,,,,,,,,,0,,,,,,,,
2798,2026-04-01 16:51:19.081831+00:00,5379,Microsoft-Windows-Security-Auditing,,,,,,,,,,,,,,2452,,,1,,,,,,,,,,,,,,,,,,,,,,,,,,,,,,,,,,,,,,,,,,,,,,,,,,,,,,,,,,,,,,,,,,,,,2026-04-01 16:43:51.213001+00:00,,,,,,,%%8100,,,,,,,0,,,,,,NORMALVM,0x00000000001d0778,pizza,S-1-5-21-2352865859-2334931103-2005901029-1001,,,,,,MicrosoftAccount:user=pizzahuthacker@gmail.com,,,,,,,,,,,,,0,,,,,,,,
2799,2026-04-01 16:51:19.081934+00:00,5379,Microsoft-Windows-Security-Auditing,,,,,,,,,,,,,,2452,,,1,,,,,,,,,,,,,,,,,,,,,,,,,,,,,,,,,,,,,,,,,,,,,,,,,,,,,,,,,,,,,,,,,,,,,2026-04-01 16:43:51.213001+00:00,,,,,,,%%8100,,,,,,,0,,,,,,NORMALVM,0x00000000001d0778,pizza,S-1-5-21-2352865859-2334931103-2005901029-1001,,,,,,MicrosoftAccount:user=pizzahuthacker@gmail.com,,,,,,,,,,,,,0,,,,,,,,
2800,2026-04-01 16:51:19.082026+00:00,5379,Microsoft-Windows-Security-Auditing,,,,,,,,,,,,,,2452,,,1,,,,,,,,,,,,,,,,,,,,,,,,,,,,,,,,,,,,,,,,,,,,,,,,,,,,,,,,,,,,,,,,,,,,,2026-04-01 16:43:51.213001+00:00,,,,,,,%%8100,,,,,,,0,,,,,,NORMALVM,0x00000000001d0778,pizza,S-1-5-21-2352865859-2334931103-2005901029-1001,,,,,,MicrosoftAccount:user=pizzahuthacker@gmail.com,,,,,,,,,,,,,0,,,,,,,,
2801,2026-04-01 16:51:19.082148+00:00,5379,Microsoft-Windows-Security-Auditing,,,,,,,,,,,,,,2452,,,1,,,,,,,,,,,,,,,,,,,,,,,,,,,,,,,,,,,,,,,,,,,,,,,,,,,,,,,,,,,,,,,,,,,,,2026-04-01 16:43:51.213001+00:00,,,,,,,%%8100,,,,,,,0,,,,,,NORMALVM,0x00000000001d0778,pizza,S-1-5-21-2352865859-2334931103-2005901029-1001,,,,,,MicrosoftAccount:user=pizzahuthacker@gmail.com,,,,,,,,,,,,,0,,,,,,,,
2802,2026-04-01 16:51:19.082222+00:00,5379,Microsoft-Windows-Security-Auditing,,,,,,,,,,,,,,2452,,,1,,,,,,,,,,,,,,,,,,,,,,,,,,,,,,,,,,,,,,,,,,,,,,,,,,,,,,,,,,,,,,,,,,,,,2026-04-01 16:43:51.213001+00:00,,,,,,,%%8100,,,,,,,0,,,,,,NORMALVM,0x00000000001d0778,pizza,S-1-5-21-2352865859-2334931103-2005901029-1001,,,,,,MicrosoftAccount:user=pizzahuthacker@gmail.com,,,,,,,,,,,,,0,,,,,,,,
2803,2026-04-01 16:51:19.082331+00:00,5379,Microsoft-Windows-Security-Auditing,,,,,,,,,,,,,,2452,,,1,,,,,,,,,,,,,,,,,,,,,,,,,,,,,,,,,,,,,,,,,,,,,,,,,,,,,,,,,,,,,,,,,,,,,2026-04-01 16:43:51.213001+00:00,,,,,,,%%8100,,,,,,,0,,,,,,NORMALVM,0x00000000001d0778,pizza,S-1-5-21-2352865859-2334931103-2005901029-1001,,,,,,MicrosoftAccount:user=pizzahuthacker@gmail.com,,,,,,,,,,,,,0,,,,,,,,
2804,2026-04-01 16:51:19.082579+00:00,5379,Microsoft-Windows-Security-Auditing,,,,,,,,,,,,,,2452,,,1,,,,,,,,,,,,,,,,,,,,,,,,,,,,,,,,,,,,,,,,,,,,,,,,,,,,,,,,,,,,,,,,,,,,,2026-04-01 16:43:51.213001+00:00,,,,,,,%%8099,,,,,,,0,,,,,,NORMALVM,0x00000000001d0778,pizza,S-1-5-21-2352865859-2334931103-2005901029-1001,,,,,,MicrosoftAccount:user=pizzahuthacker@gmail.com,,,,,,,,,,,,,1,,,,,,,,
2805,2026-04-01 16:51:19.085665+00:00,5379,Microsoft-Windows-Security-Auditing,,,,,,,,,,,,,,2452,,,1,,,,,,,,,,,,,,,,,,,,,,,,,,,,,,,,,,,,,,,,,,,,,,,,,,,,,,,,,,,,,,,,,,,,,2026-04-01 16:43:51.213001+00:00,,,,,,,%%8100,,,,,,,0,,,,,,NORMALVM,0x00000000001d0778,pizza,S-1-5-21-2352865859-2334931103-2005901029-1001,,,,,,MicrosoftAccount:user=pizzahuthacker@gmail.com,,,,,,,,,,,,,0,,,,,,,,
2806,2026-04-01 16:51:19.085779+00:00,5379,Microsoft-Windows-Security-Auditing,,,,,,,,,,,,,,2452,,,1,,,,,,,,,,,,,,,,,,,,,,,,,,,,,,,,,,,,,,,,,,,,,,,,,,,,,,,,,,,,,,,,,,,,,2026-04-01 16:43:51.213001+00:00,,,,,,,%%8100,,,,,,,0,,,,,,NORMALVM,0x00000000001d0778,pizza,S-1-5-21-2352865859-2334931103-2005901029-1001,,,,,,MicrosoftAccount:user=pizzahuthacker@gmail.com,,,,,,,,,,,,,0,,,,,,,,
2807,2026-04-01 16:51:19.085899+00:00,5379,Microsoft-Windows-Security-Auditing,,,,,,,,,,,,,,2452,,,1,,,,,,,,,,,,,,,,,,,,,,,,,,,,,,,,,,,,,,,,,,,,,,,,,,,,,,,,,,,,,,,,,,,,,2026-04-01 16:43:51.213001+00:00,,,,,,,%%8100,,,,,,,0,,,,,,NORMALVM,0x00000000001d0778,pizza,S-1-5-21-2352865859-2334931103-2005901029-1001,,,,,,MicrosoftAccount:user=pizzahuthacker@gmail.com,,,,,,,,,,,,,0,,,,,,,,
2808,2026-04-01 16:51:19.085974+00:00,5379,Microsoft-Windows-Security-Auditing,,,,,,,,,,,,,,2452,,,1,,,,,,,,,,,,,,,,,,,,,,,,,,,,,,,,,,,,,,,,,,,,,,,,,,,,,,,,,,,,,,,,,,,,,2026-04-01 16:43:51.213001+00:00,,,,,,,%%8100,,,,,,,0,,,,,,NORMALVM,0x00000000001d0778,pizza,S-1-5-21-2352865859-2334931103-2005901029-1001,,,,,,MicrosoftAccount:user=pizzahuthacker@gmail.com,,,,,,,,,,,,,0,,,,,,,,
2809,2026-04-01 16:51:19.086113+00:00,5379,Microsoft-Windows-Security-Auditing,,,,,,,,,,,,,,2452,,,1,,,,,,,,,,,,,,,,,,,,,,,,,,,,,,,,,,,,,,,,,,,,,,,,,,,,,,,,,,,,,,,,,,,,,2026-04-01 16:43:51.213001+00:00,,,,,,,%%8100,,,,,,,0,,,,,,NORMALVM,0x00000000001d0778,pizza,S-1-5-21-2352865859-2334931103-2005901029-1001,,,,,,MicrosoftAccount:user=pizzahuthacker@gmail.com,,,,,,,,,,,,,0,,,,,,,,
2810,2026-04-01 16:51:19.086187+00:00,5379,Microsoft-Windows-Security-Auditing,,,,,,,,,,,,,,2452,,,1,,,,,,,,,,,,,,,,,,,,,,,,,,,,,,,,,,,,,,,,,,,,,,,,,,,,,,,,,,,,,,,,,,,,,2026-04-01 16:43:51.213001+00:00,,,,,,,%%8100,,,,,,,0,,,,,,NORMALVM,0x00000000001d0778,pizza,S-1-5-21-2352865859-2334931103-2005901029-1001,,,,,,MicrosoftAccount:user=pizzahuthacker@gmail.com,,,,,,,,,,,,,0,,,,,,,,
2811,2026-04-01 16:51:19.086292+00:00,5379,Microsoft-Windows-Security-Auditing,,,,,,,,,,,,,,2452,,,1,,,,,,,,,,,,,,,,,,,,,,,,,,,,,,,,,,,,,,,,,,,,,,,,,,,,,,,,,,,,,,,,,,,,,2026-04-01 16:43:51.213001+00:00,,,,,,,%%8100,,,,,,,0,,,,,,NORMALVM,0x00000000001d0778,pizza,S-1-5-21-2352865859-2334931103-2005901029-1001,,,,,,MicrosoftAccount:user=pizzahuthacker@gmail.com,,,,,,,,,,,,,0,,,,,,,,
2812,2026-04-01 16:51:19.086365+00:00,5379,Microsoft-Windows-Security-Auditing,,,,,,,,,,,,,,2452,,,1,,,,,,,,,,,,,,,,,,,,,,,,,,,,,,,,,,,,,,,,,,,,,,,,,,,,,,,,,,,,,,,,,,,,,2026-04-01 16:43:51.213001+00:00,,,,,,,%%8100,,,,,,,0,,,,,,NORMALVM,0x00000000001d0778,pizza,S-1-5-21-2352865859-2334931103-2005901029-1001,,,,,,MicrosoftAccount:user=pizzahuthacker@gmail.com,,,,,,,,,,,,,0,,,,,,,,
2813,2026-04-01 16:51:19.086466+00:00,5379,Microsoft-Windows-Security-Auditing,,,,,,,,,,,,,,2452,,,1,,,,,,,,,,,,,,,,,,,,,,,,,,,,,,,,,,,,,,,,,,,,,,,,,,,,,,,,,,,,,,,,,,,,,2026-04-01 16:43:51.213001+00:00,,,,,,,%%8100,,,,,,,0,,,,,,NORMALVM,0x00000000001d0778,pizza,S-1-5-21-2352865859-2334931103-2005901029-1001,,,,,,MicrosoftAccount:user=pizzahuthacker@gmail.com,,,,,,,,,,,,,0,,,,,,,,
2814,2026-04-01 16:51:19.086536+00:00,5379,Microsoft-Windows-Security-Auditing,,,,,,,,,,,,,,2452,,,1,,,,,,,,,,,,,,,,,,,,,,,,,,,,,,,,,,,,,,,,,,,,,,,,,,,,,,,,,,,,,,,,,,,,,2026-04-01 16:43:51.213001+00:00,,,,,,,%%8100,,,,,,,0,,,,,,NORMALVM,0x00000000001d0778,pizza,S-1-5-21-2352865859-2334931103-2005901029-1001,,,,,,MicrosoftAccount:user=pizzahuthacker@gmail.com,,,,,,,,,,,,,0,,,,,,,,
2815,2026-04-01 16:51:19.086630+00:00,5379,Microsoft-Windows-Security-Auditing,,,,,,,,,,,,,,2452,,,1,,,,,,,,,,,,,,,,,,,,,,,,,,,,,,,,,,,,,,,,,,,,,,,,,,,,,,,,,,,,,,,,,,,,,2026-04-01 16:43:51.213001+00:00,,,,,,,%%8100,,,,,,,0,,,,,,NORMALVM,0x00000000001d0778,pizza,S-1-5-21-2352865859-2334931103-2005901029-1001,,,,,,MicrosoftAccount:user=pizzahuthacker@gmail.com,,,,,,,,,,,,,0,,,,,,,,
2816,2026-04-01 16:51:19.086697+00:00,5379,Microsoft-Windows-Security-Auditing,,,,,,,,,,,,,,2452,,,1,,,,,,,,,,,,,,,,,,,,,,,,,,,,,,,,,,,,,,,,,,,,,,,,,,,,,,,,,,,,,,,,,,,,,2026-04-01 16:43:51.213001+00:00,,,,,,,%%8100,,,,,,,0,,,,,,NORMALVM,0x00000000001d0778,pizza,S-1-5-21-2352865859-2334931103-2005901029-1001,,,,,,MicrosoftAccount:user=pizzahuthacker@gmail.com,,,,,,,,,,,,,0,,,,,,,,
2817,2026-04-01 16:51:19.086794+00:00,5379,Microsoft-Windows-Security-Auditing,,,,,,,,,,,,,,2452,,,1,,,,,,,,,,,,,,,,,,,,,,,,,,,,,,,,,,,,,,,,,,,,,,,,,,,,,,,,,,,,,,,,,,,,,2026-04-01 16:43:51.213001+00:00,,,,,,,%%8100,,,,,,,0,,,,,,NORMALVM,0x00000000001d0778,pizza,S-1-5-21-2352865859-2334931103-2005901029-1001,,,,,,MicrosoftAccount:user=pizzahuthacker@gmail.com,,,,,,,,,,,,,0,,,,,,,,
2818,2026-04-01 16:51:19.111826+00:00,5379,Microsoft-Windows-Security-Auditing,,,,,,,,,,,,,,2452,,,1,,,,,,,,,,,,,,,,,,,,,,,,,,,,,,,,,,,,,,,,,,,,,,,,,,,,,,,,,,,,,,,,,,,,,2026-04-01 16:43:51.213001+00:00,,,,,,,%%8100,,,,,,,0,,,,,,NORMALVM,0x00000000001d0778,pizza,S-1-5-21-2352865859-2334931103-2005901029-1001,,,,,,MicrosoftAccount:user=pizzahuthacker@gmail.com,,,,,,,,,,,,,0,,,,,,,,
2819,2026-04-01 16:51:19.111975+00:00,5379,Microsoft-Windows-Security-Auditing,,,,,,,,,,,,,,2452,,,1,,,,,,,,,,,,,,,,,,,,,,,,,,,,,,,,,,,,,,,,,,,,,,,,,,,,,,,,,,,,,,,,,,,,,2026-04-01 16:43:51.213001+00:00,,,,,,,%%8100,,,,,,,0,,,,,,NORMALVM,0x00000000001d0778,pizza,S-1-5-21-2352865859-2334931103-2005901029-1001,,,,,,MicrosoftAccount:user=pizzahuthacker@gmail.com,,,,,,,,,,,,,0,,,,,,,,
2820,2026-04-01 16:51:19.112099+00:00,5379,Microsoft-Windows-Security-Auditing,,,,,,,,,,,,,,2452,,,1,,,,,,,,,,,,,,,,,,,,,,,,,,,,,,,,,,,,,,,,,,,,,,,,,,,,,,,,,,,,,,,,,,,,,2026-04-01 16:43:51.213001+00:00,,,,,,,%%8100,,,,,,,0,,,,,,NORMALVM,0x00000000001d0778,pizza,S-1-5-21-2352865859-2334931103-2005901029-1001,,,,,,MicrosoftAccount:user=pizzahuthacker@gmail.com,,,,,,,,,,,,,0,,,,,,,,
2821,2026-04-01 16:51:19.112246+00:00,5379,Microsoft-Windows-Security-Auditing,,,,,,,,,,,,,,2452,,,1,,,,,,,,,,,,,,,,,,,,,,,,,,,,,,,,,,,,,,,,,,,,,,,,,,,,,,,,,,,,,,,,,,,,,2026-04-01 16:43:51.213001+00:00,,,,,,,%%8100,,,,,,,0,,,,,,NORMALVM,0x00000000001d0778,pizza,S-1-5-21-2352865859-2334931103-2005901029-1001,,,,,,MicrosoftAccount:user=pizzahuthacker@gmail.com,,,,,,,,,,,,,0,,,,,,,,
2822,2026-04-01 16:51:19.112383+00:00,5379,Microsoft-Windows-Security-Auditing,,,,,,,,,,,,,,2452,,,1,,,,,,,,,,,,,,,,,,,,,,,,,,,,,,,,,,,,,,,,,,,,,,,,,,,,,,,,,,,,,,,,,,,,,2026-04-01 16:43:51.213001+00:00,,,,,,,%%8100,,,,,,,0,,,,,,NORMALVM,0x00000000001d0778,pizza,S-1-5-21-2352865859-2334931103-2005901029-1001,,,,,,MicrosoftAccount:user=pizzahuthacker@gmail.com,,,,,,,,,,,,,0,,,,,,,,
2823,2026-04-01 16:51:19.112476+00:00,5379,Microsoft-Windows-Security-Auditing,,,,,,,,,,,,,,2452,,,1,,,,,,,,,,,,,,,,,,,,,,,,,,,,,,,,,,,,,,,,,,,,,,,,,,,,,,,,,,,,,,,,,,,,,2026-04-01 16:43:51.213001+00:00,,,,,,,%%8100,,,,,,,0,,,,,,NORMALVM,0x00000000001d0778,pizza,S-1-5-21-2352865859-2334931103-2005901029-1001,,,,,,MicrosoftAccount:user=pizzahuthacker@gmail.com,,,,,,,,,,,,,0,,,,,,,,
2824,2026-04-01 16:51:19.112570+00:00,5379,Microsoft-Windows-Security-Auditing,,,,,,,,,,,,,,2452,,,1,,,,,,,,,,,,,,,,,,,,,,,,,,,,,,,,,,,,,,,,,,,,,,,,,,,,,,,,,,,,,,,,,,,,,2026-04-01 16:43:51.213001+00:00,,,,,,,%%8100,,,,,,,0,,,,,,NORMALVM,0x00000000001d0778,pizza,S-1-5-21-2352865859-2334931103-2005901029-1001,,,,,,MicrosoftAccount:user=pizzahuthacker@gmail.com,,,,,,,,,,,,,0,,,,,,,,
2825,2026-04-01 16:51:19.112650+00:00,5379,Microsoft-Windows-Security-Auditing,,,,,,,,,,,,,,2452,,,1,,,,,,,,,,,,,,,,,,,,,,,,,,,,,,,,,,,,,,,,,,,,,,,,,,,,,,,,,,,,,,,,,,,,,2026-04-01 16:43:51.213001+00:00,,,,,,,%%8100,,,,,,,0,,,,,,NORMALVM,0x00000000001d0778,pizza,S-1-5-21-2352865859-2334931103-2005901029-1001,,,,,,MicrosoftAccount:user=pizzahuthacker@gmail.com,,,,,,,,,,,,,0,,,,,,,,
2826,2026-04-01 16:51:19.112741+00:00,5379,Microsoft-Windows-Security-Auditing,,,,,,,,,,,,,,2452,,,1,,,,,,,,,,,,,,,,,,,,,,,,,,,,,,,,,,,,,,,,,,,,,,,,,,,,,,,,,,,,,,,,,,,,,2026-04-01 16:43:51.213001+00:00,,,,,,,%%8100,,,,,,,0,,,,,,NORMALVM,0x00000000001d0778,pizza,S-1-5-21-2352865859-2334931103-2005901029-1001,,,,,,MicrosoftAccount:user=pizzahuthacker@gmail.com,,,,,,,,,,,,,0,,,,,,,,
2827,2026-04-01 16:51:19.112818+00:00,5379,Microsoft-Windows-Security-Auditing,,,,,,,,,,,,,,2452,,,1,,,,,,,,,,,,,,,,,,,,,,,,,,,,,,,,,,,,,,,,,,,,,,,,,,,,,,,,,,,,,,,,,,,,,2026-04-01 16:43:51.213001+00:00,,,,,,,%%8100,,,,,,,0,,,,,,NORMALVM,0x00000000001d0778,pizza,S-1-5-21-2352865859-2334931103-2005901029-1001,,,,,,MicrosoftAccount:user=pizzahuthacker@gmail.com,,,,,,,,,,,,,0,,,,,,,,
2828,2026-04-01 16:51:19.112907+00:00,5379,Microsoft-Windows-Security-Auditing,,,,,,,,,,,,,,2452,,,1,,,,,,,,,,,,,,,,,,,,,,,,,,,,,,,,,,,,,,,,,,,,,,,,,,,,,,,,,,,,,,,,,,,,,2026-04-01 16:43:51.213001+00:00,,,,,,,%%8100,,,,,,,0,,,,,,NORMALVM,0x00000000001d0778,pizza,S-1-5-21-2352865859-2334931103-2005901029-1001,,,,,,MicrosoftAccount:user=pizzahuthacker@gmail.com,,,,,,,,,,,,,0,,,,,,,,
2829,2026-04-01 16:51:19.112988+00:00,5379,Microsoft-Windows-Security-Auditing,,,,,,,,,,,,,,2452,,,1,,,,,,,,,,,,,,,,,,,,,,,,,,,,,,,,,,,,,,,,,,,,,,,,,,,,,,,,,,,,,,,,,,,,,2026-04-01 16:43:51.213001+00:00,,,,,,,%%8100,,,,,,,0,,,,,,NORMALVM,0x00000000001d0778,pizza,S-1-5-21-2352865859-2334931103-2005901029-1001,,,,,,MicrosoftAccount:user=pizzahuthacker@gmail.com,,,,,,,,,,,,,0,,,,,,,,
2830,2026-04-01 16:51:19.113106+00:00,5379,Microsoft-Windows-Security-Auditing,,,,,,,,,,,,,,2452,,,1,,,,,,,,,,,,,,,,,,,,,,,,,,,,,,,,,,,,,,,,,,,,,,,,,,,,,,,,,,,,,,,,,,,,,2026-04-01 16:43:51.213001+00:00,,,,,,,%%8100,,,,,,,0,,,,,,NORMALVM,0x00000000001d0778,pizza,S-1-5-21-2352865859-2334931103-2005901029-1001,,,,,,MicrosoftAccount:user=pizzahuthacker@gmail.com,,,,,,,,,,,,,0,,,,,,,,
2831,2026-04-01 16:51:19.113741+00:00,5379,Microsoft-Windows-Security-Auditing,,,,,,,,,,,,,,2452,,,1,,,,,,,,,,,,,,,,,,,,,,,,,,,,,,,,,,,,,,,,,,,,,,,,,,,,,,,,,,,,,,,,,,,,,2026-04-01 16:43:51.213001+00:00,,,,,,,%%8100,,,,,,,0,,,,,,NORMALVM,0x00000000001d0778,pizza,S-1-5-21-2352865859-2334931103-2005901029-1001,,,,,,MicrosoftAccount:user=pizzahuthacker@gmail.com,,,,,,,,,,,,,0,,,,,,,,
2832,2026-04-01 16:51:19.113911+00:00,5379,Microsoft-Windows-Security-Auditing,,,,,,,,,,,,,,2452,,,1,,,,,,,,,,,,,,,,,,,,,,,,,,,,,,,,,,,,,,,,,,,,,,,,,,,,,,,,,,,,,,,,,,,,,2026-04-01 16:43:51.213001+00:00,,,,,,,%%8100,,,,,,,0,,,,,,NORMALVM,0x00000000001d0778,pizza,S-1-5-21-2352865859-2334931103-2005901029-1001,,,,,,MicrosoftAccount:user=pizzahuthacker@gmail.com,,,,,,,,,,,,,0,,,,,,,,
2833,2026-04-01 16:51:19.147898+00:00,4799,Microsoft-Windows-Security-Auditing,,,,,,,,,,,0x0000000000001888,C:\Windows\System32\RuntimeBroker.exe,,,,,,,,,,,,,,,,,,,,,,,,,,,,,,,,,,,,,,,,,,,,,,,,,,,,,,,,,,,,,,,,,,,,,,,,,,,,,,,,,,,,,,,,,,,,,,NORMALVM,0x00000000001d0778,pizza,S-1-5-21-2352865859-2334931103-2005901029-1001,Builtin,,,,,,,,,,,S-1-5-32-544,Administrators,,,,,,,,,,,,,,
2834,2026-04-01 16:51:19.182032+00:00,4799,Microsoft-Windows-Security-Auditing,,,,,,,,,,,0x0000000000001888,C:\Windows\System32\RuntimeBroker.exe,,,,,,,,,,,,,,,,,,,,,,,,,,,,,,,,,,,,,,,,,,,,,,,,,,,,,,,,,,,,,,,,,,,,,,,,,,,,,,,,,,,,,,,,,,,,,,NORMALVM,0x00000000001d0778,pizza,S-1-5-21-2352865859-2334931103-2005901029-1001,Builtin,,,,,,,,,,,S-1-5-32-544,Administrators,,,,,,,,,,,,,,
2835,2026-04-01 16:51:19.217173+00:00,5379,Microsoft-Windows-Security-Auditing,,,,,,,,,,,,,,2452,,,1,,,,,,,,,,,,,,,,,,,,,,,,,,,,,,,,,,,,,,,,,,,,,,,,,,,,,,,,,,,,,,,,,,,,,2026-04-01 16:43:51.213001+00:00,,,,,,,%%8100,,,,,,,0,,,,,,NORMALVM,0x00000000001d0778,pizza,S-1-5-21-2352865859-2334931103-2005901029-1001,,,,,,MicrosoftAccount:user=pizzahuthacker@gmail.com,,,,,,,,,,,,,0,,,,,,,,
2836,2026-04-01 16:51:19.218506+00:00,5379,Microsoft-Windows-Security-Auditing,,,,,,,,,,,,,,2452,,,1,,,,,,,,,,,,,,,,,,,,,,,,,,,,,,,,,,,,,,,,,,,,,,,,,,,,,,,,,,,,,,,,,,,,,2026-04-01 16:43:51.213001+00:00,,,,,,,%%8100,,,,,,,0,,,,,,NORMALVM,0x00000000001d0778,pizza,S-1-5-21-2352865859-2334931103-2005901029-1001,,,,,,MicrosoftAccount:user=pizzahuthacker@gmail.com,,,,,,,,,,,,,0,,,,,,,,
2837,2026-04-01 16:51:19.219259+00:00,5379,Microsoft-Windows-Security-Auditing,,,,,,,,,,,,,,2452,,,1,,,,,,,,,,,,,,,,,,,,,,,,,,,,,,,,,,,,,,,,,,,,,,,,,,,,,,,,,,,,,,,,,,,,,2026-04-01 16:43:51.213001+00:00,,,,,,,%%8100,,,,,,,0,,,,,,NORMALVM,0x00000000001d0778,pizza,S-1-5-21-2352865859-2334931103-2005901029-1001,,,,,,MicrosoftAccount:user=pizzahuthacker@gmail.com,,,,,,,,,,,,,0,,,,,,,,
2838,2026-04-01 16:51:19.219412+00:00,5379,Microsoft-Windows-Security-Auditing,,,,,,,,,,,,,,2452,,,1,,,,,,,,,,,,,,,,,,,,,,,,,,,,,,,,,,,,,,,,,,,,,,,,,,,,,,,,,,,,,,,,,,,,,2026-04-01 16:43:51.213001+00:00,,,,,,,%%8100,,,,,,,0,,,,,,NORMALVM,0x00000000001d0778,pizza,S-1-5-21-2352865859-2334931103-2005901029-1001,,,,,,MicrosoftAccount:user=pizzahuthacker@gmail.com,,,,,,,,,,,,,0,,,,,,,,
2839,2026-04-01 16:51:19.219559+00:00,5379,Microsoft-Windows-Security-Auditing,,,,,,,,,,,,,,2452,,,1,,,,,,,,,,,,,,,,,,,,,,,,,,,,,,,,,,,,,,,,,,,,,,,,,,,,,,,,,,,,,,,,,,,,,2026-04-01 16:43:51.213001+00:00,,,,,,,%%8100,,,,,,,0,,,,,,NORMALVM,0x00000000001d0778,pizza,S-1-5-21-2352865859-2334931103-2005901029-1001,,,,,,MicrosoftAccount:user=pizzahuthacker@gmail.com,,,,,,,,,,,,,0,,,,,,,,
2840,2026-04-01 16:51:19.219648+00:00,5379,Microsoft-Windows-Security-Auditing,,,,,,,,,,,,,,2452,,,1,,,,,,,,,,,,,,,,,,,,,,,,,,,,,,,,,,,,,,,,,,,,,,,,,,,,,,,,,,,,,,,,,,,,,2026-04-01 16:43:51.213001+00:00,,,,,,,%%8100,,,,,,,0,,,,,,NORMALVM,0x00000000001d0778,pizza,S-1-5-21-2352865859-2334931103-2005901029-1001,,,,,,MicrosoftAccount:user=pizzahuthacker@gmail.com,,,,,,,,,,,,,0,,,,,,,,
2841,2026-04-01 16:51:19.219759+00:00,5379,Microsoft-Windows-Security-Auditing,,,,,,,,,,,,,,2452,,,1,,,,,,,,,,,,,,,,,,,,,,,,,,,,,,,,,,,,,,,,,,,,,,,,,,,,,,,,,,,,,,,,,,,,,2026-04-01 16:43:51.213001+00:00,,,,,,,%%8100,,,,,,,0,,,,,,NORMALVM,0x00000000001d0778,pizza,S-1-5-21-2352865859-2334931103-2005901029-1001,,,,,,MicrosoftAccount:user=pizzahuthacker@gmail.com,,,,,,,,,,,,,0,,,,,,,,
2842,2026-04-01 16:51:19.219837+00:00,5379,Microsoft-Windows-Security-Auditing,,,,,,,,,,,,,,2452,,,1,,,,,,,,,,,,,,,,,,,,,,,,,,,,,,,,,,,,,,,,,,,,,,,,,,,,,,,,,,,,,,,,,,,,,2026-04-01 16:43:51.213001+00:00,,,,,,,%%8100,,,,,,,0,,,,,,NORMALVM,0x00000000001d0778,pizza,S-1-5-21-2352865859-2334931103-2005901029-1001,,,,,,MicrosoftAccount:user=pizzahuthacker@gmail.com,,,,,,,,,,,,,0,,,,,,,,
2843,2026-04-01 16:51:19.219980+00:00,5379,Microsoft-Windows-Security-Auditing,,,,,,,,,,,,,,2452,,,1,,,,,,,,,,,,,,,,,,,,,,,,,,,,,,,,,,,,,,,,,,,,,,,,,,,,,,,,,,,,,,,,,,,,,2026-04-01 16:43:51.213001+00:00,,,,,,,%%8100,,,,,,,0,,,,,,NORMALVM,0x00000000001d0778,pizza,S-1-5-21-2352865859-2334931103-2005901029-1001,,,,,,MicrosoftAccount:user=pizzahuthacker@gmail.com,,,,,,,,,,,,,0,,,,,,,,
2844,2026-04-01 16:51:19.220074+00:00,5379,Microsoft-Windows-Security-Auditing,,,,,,,,,,,,,,2452,,,1,,,,,,,,,,,,,,,,,,,,,,,,,,,,,,,,,,,,,,,,,,,,,,,,,,,,,,,,,,,,,,,,,,,,,2026-04-01 16:43:51.213001+00:00,,,,,,,%%8100,,,,,,,0,,,,,,NORMALVM,0x00000000001d0778,pizza,S-1-5-21-2352865859-2334931103-2005901029-1001,,,,,,MicrosoftAccount:user=pizzahuthacker@gmail.com,,,,,,,,,,,,,0,,,,,,,,
2845,2026-04-01 16:51:19.220177+00:00,5379,Microsoft-Windows-Security-Auditing,,,,,,,,,,,,,,2452,,,1,,,,,,,,,,,,,,,,,,,,,,,,,,,,,,,,,,,,,,,,,,,,,,,,,,,,,,,,,,,,,,,,,,,,,2026-04-01 16:43:51.213001+00:00,,,,,,,%%8100,,,,,,,0,,,,,,NORMALVM,0x00000000001d0778,pizza,S-1-5-21-2352865859-2334931103-2005901029-1001,,,,,,MicrosoftAccount:user=pizzahuthacker@gmail.com,,,,,,,,,,,,,0,,,,,,,,
2846,2026-04-01 16:51:19.220263+00:00,5379,Microsoft-Windows-Security-Auditing,,,,,,,,,,,,,,2452,,,1,,,,,,,,,,,,,,,,,,,,,,,,,,,,,,,,,,,,,,,,,,,,,,,,,,,,,,,,,,,,,,,,,,,,,2026-04-01 16:43:51.213001+00:00,,,,,,,%%8100,,,,,,,0,,,,,,NORMALVM,0x00000000001d0778,pizza,S-1-5-21-2352865859-2334931103-2005901029-1001,,,,,,MicrosoftAccount:user=pizzahuthacker@gmail.com,,,,,,,,,,,,,0,,,,,,,,
2847,2026-04-01 16:51:19.220400+00:00,5379,Microsoft-Windows-Security-Auditing,,,,,,,,,,,,,,2452,,,1,,,,,,,,,,,,,,,,,,,,,,,,,,,,,,,,,,,,,,,,,,,,,,,,,,,,,,,,,,,,,,,,,,,,,2026-04-01 16:43:51.213001+00:00,,,,,,,%%8100,,,,,,,0,,,,,,NORMALVM,0x00000000001d0778,pizza,S-1-5-21-2352865859-2334931103-2005901029-1001,,,,,,MicrosoftAccount:user=pizzahuthacker@gmail.com,,,,,,,,,,,,,0,,,,,,,,
2848,2026-04-01 16:51:19.220482+00:00,5379,Microsoft-Windows-Security-Auditing,,,,,,,,,,,,,,2452,,,1,,,,,,,,,,,,,,,,,,,,,,,,,,,,,,,,,,,,,,,,,,,,,,,,,,,,,,,,,,,,,,,,,,,,,2026-04-01 16:43:51.213001+00:00,,,,,,,%%8100,,,,,,,0,,,,,,NORMALVM,0x00000000001d0778,pizza,S-1-5-21-2352865859-2334931103-2005901029-1001,,,,,,MicrosoftAccount:user=pizzahuthacker@gmail.com,,,,,,,,,,,,,0,,,,,,,,
2849,2026-04-01 16:51:19.364832+00:00,4799,Microsoft-Windows-Security-Auditing,,,,,,,,,,,0x0000000000001888,C:\Windows\System32\RuntimeBroker.exe,,,,,,,,,,,,,,,,,,,,,,,,,,,,,,,,,,,,,,,,,,,,,,,,,,,,,,,,,,,,,,,,,,,,,,,,,,,,,,,,,,,,,,,,,,,,,,NORMALVM,0x00000000001d0778,pizza,S-1-5-21-2352865859-2334931103-2005901029-1001,Builtin,,,,,,,,,,,S-1-5-32-544,Administrators,,,,,,,,,,,,,,
2850,2026-04-01 16:51:19.366020+00:00,4799,Microsoft-Windows-Security-Auditing,,,,,,,,,,,0x0000000000001888,C:\Windows\System32\RuntimeBroker.exe,,,,,,,,,,,,,,,,,,,,,,,,,,,,,,,,,,,,,,,,,,,,,,,,,,,,,,,,,,,,,,,,,,,,,,,,,,,,,,,,,,,,,,,,,,,,,,NORMALVM,0x00000000001d0778,pizza,S-1-5-21-2352865859-2334931103-2005901029-1001,Builtin,,,,,,,,,,,S-1-5-32-544,Administrators,,,,,,,,,,,,,,
2851,2026-04-01 16:51:19.893951+00:00,5379,Microsoft-Windows-Security-Auditing,,,,,,,,,,,,,,2452,,,1,,,,,,,,,,,,,,,,,,,,,,,,,,,,,,,,,,,,,,,,,,,,,,,,,,,,,,,,,,,,,,,,,,,,,2026-04-01 16:43:51.213001+00:00,,,,,,,%%8100,,,,,,,0,,,,,,NORMALVM,0x00000000001d0778,pizza,S-1-5-21-2352865859-2334931103-2005901029-1001,,,,,,MicrosoftAccount:user=pizzahuthacker@gmail.com,,,,,,,,,,,,,0,,,,,,,,
2852,2026-04-01 16:51:19.894194+00:00,5379,Microsoft-Windows-Security-Auditing,,,,,,,,,,,,,,2452,,,1,,,,,,,,,,,,,,,,,,,,,,,,,,,,,,,,,,,,,,,,,,,,,,,,,,,,,,,,,,,,,,,,,,,,,2026-04-01 16:43:51.213001+00:00,,,,,,,%%8100,,,,,,,0,,,,,,NORMALVM,0x00000000001d0778,pizza,S-1-5-21-2352865859-2334931103-2005901029-1001,,,,,,MicrosoftAccount:user=pizzahuthacker@gmail.com,,,,,,,,,,,,,0,,,,,,,,
2853,2026-04-01 16:51:19.894344+00:00,5379,Microsoft-Windows-Security-Auditing,,,,,,,,,,,,,,2452,,,1,,,,,,,,,,,,,,,,,,,,,,,,,,,,,,,,,,,,,,,,,,,,,,,,,,,,,,,,,,,,,,,,,,,,,2026-04-01 16:43:51.213001+00:00,,,,,,,%%8100,,,,,,,0,,,,,,NORMALVM,0x00000000001d0778,pizza,S-1-5-21-2352865859-2334931103-2005901029-1001,,,,,,MicrosoftAccount:user=pizzahuthacker@gmail.com,,,,,,,,,,,,,0,,,,,,,,
2854,2026-04-01 16:51:19.894432+00:00,5379,Microsoft-Windows-Security-Auditing,,,,,,,,,,,,,,2452,,,1,,,,,,,,,,,,,,,,,,,,,,,,,,,,,,,,,,,,,,,,,,,,,,,,,,,,,,,,,,,,,,,,,,,,,2026-04-01 16:43:51.213001+00:00,,,,,,,%%8100,,,,,,,0,,,,,,NORMALVM,0x00000000001d0778,pizza,S-1-5-21-2352865859-2334931103-2005901029-1001,,,,,,MicrosoftAccount:user=pizzahuthacker@gmail.com,,,,,,,,,,,,,0,,,,,,,,
2855,2026-04-01 16:51:19.894548+00:00,5379,Microsoft-Windows-Security-Auditing,,,,,,,,,,,,,,2452,,,1,,,,,,,,,,,,,,,,,,,,,,,,,,,,,,,,,,,,,,,,,,,,,,,,,,,,,,,,,,,,,,,,,,,,,2026-04-01 16:43:51.213001+00:00,,,,,,,%%8100,,,,,,,0,,,,,,NORMALVM,0x00000000001d0778,pizza,S-1-5-21-2352865859-2334931103-2005901029-1001,,,,,,MicrosoftAccount:user=pizzahuthacker@gmail.com,,,,,,,,,,,,,0,,,,,,,,
2856,2026-04-01 16:51:19.894623+00:00,5379,Microsoft-Windows-Security-Auditing,,,,,,,,,,,,,,2452,,,1,,,,,,,,,,,,,,,,,,,,,,,,,,,,,,,,,,,,,,,,,,,,,,,,,,,,,,,,,,,,,,,,,,,,,2026-04-01 16:43:51.213001+00:00,,,,,,,%%8100,,,,,,,0,,,,,,NORMALVM,0x00000000001d0778,pizza,S-1-5-21-2352865859-2334931103-2005901029-1001,,,,,,MicrosoftAccount:user=pizzahuthacker@gmail.com,,,,,,,,,,,,,0,,,,,,,,
2857,2026-04-01 16:51:19.894718+00:00,5379,Microsoft-Windows-Security-Auditing,,,,,,,,,,,,,,2452,,,1,,,,,,,,,,,,,,,,,,,,,,,,,,,,,,,,,,,,,,,,,,,,,,,,,,,,,,,,,,,,,,,,,,,,,2026-04-01 16:43:51.213001+00:00,,,,,,,%%8100,,,,,,,0,,,,,,NORMALVM,0x00000000001d0778,pizza,S-1-5-21-2352865859-2334931103-2005901029-1001,,,,,,MicrosoftAccount:user=pizzahuthacker@gmail.com,,,,,,,,,,,,,0,,,,,,,,
2858,2026-04-01 16:51:19.894789+00:00,5379,Microsoft-Windows-Security-Auditing,,,,,,,,,,,,,,2452,,,1,,,,,,,,,,,,,,,,,,,,,,,,,,,,,,,,,,,,,,,,,,,,,,,,,,,,,,,,,,,,,,,,,,,,,2026-04-01 16:43:51.213001+00:00,,,,,,,%%8100,,,,,,,0,,,,,,NORMALVM,0x00000000001d0778,pizza,S-1-5-21-2352865859-2334931103-2005901029-1001,,,,,,MicrosoftAccount:user=pizzahuthacker@gmail.com,,,,,,,,,,,,,0,,,,,,,,
2859,2026-04-01 16:51:19.894880+00:00,5379,Microsoft-Windows-Security-Auditing,,,,,,,,,,,,,,2452,,,1,,,,,,,,,,,,,,,,,,,,,,,,,,,,,,,,,,,,,,,,,,,,,,,,,,,,,,,,,,,,,,,,,,,,,2026-04-01 16:43:51.213001+00:00,,,,,,,%%8100,,,,,,,0,,,,,,NORMALVM,0x00000000001d0778,pizza,S-1-5-21-2352865859-2334931103-2005901029-1001,,,,,,MicrosoftAccount:user=pizzahuthacker@gmail.com,,,,,,,,,,,,,0,,,,,,,,
2860,2026-04-01 16:51:19.894955+00:00,5379,Microsoft-Windows-Security-Auditing,,,,,,,,,,,,,,2452,,,1,,,,,,,,,,,,,,,,,,,,,,,,,,,,,,,,,,,,,,,,,,,,,,,,,,,,,,,,,,,,,,,,,,,,,2026-04-01 16:43:51.213001+00:00,,,,,,,%%8100,,,,,,,0,,,,,,NORMALVM,0x00000000001d0778,pizza,S-1-5-21-2352865859-2334931103-2005901029-1001,,,,,,MicrosoftAccount:user=pizzahuthacker@gmail.com,,,,,,,,,,,,,0,,,,,,,,
2861,2026-04-01 16:51:19.895044+00:00,5379,Microsoft-Windows-Security-Auditing,,,,,,,,,,,,,,2452,,,1,,,,,,,,,,,,,,,,,,,,,,,,,,,,,,,,,,,,,,,,,,,,,,,,,,,,,,,,,,,,,,,,,,,,,2026-04-01 16:43:51.213001+00:00,,,,,,,%%8100,,,,,,,0,,,,,,NORMALVM,0x00000000001d0778,pizza,S-1-5-21-2352865859-2334931103-2005901029-1001,,,,,,MicrosoftAccount:user=pizzahuthacker@gmail.com,,,,,,,,,,,,,0,,,,,,,,
2862,2026-04-01 16:51:19.895115+00:00,5379,Microsoft-Windows-Security-Auditing,,,,,,,,,,,,,,2452,,,1,,,,,,,,,,,,,,,,,,,,,,,,,,,,,,,,,,,,,,,,,,,,,,,,,,,,,,,,,,,,,,,,,,,,,2026-04-01 16:43:51.213001+00:00,,,,,,,%%8100,,,,,,,0,,,,,,NORMALVM,0x00000000001d0778,pizza,S-1-5-21-2352865859-2334931103-2005901029-1001,,,,,,MicrosoftAccount:user=pizzahuthacker@gmail.com,,,,,,,,,,,,,0,,,,,,,,
2863,2026-04-01 16:51:19.895208+00:00,5379,Microsoft-Windows-Security-Auditing,,,,,,,,,,,,,,2452,,,1,,,,,,,,,,,,,,,,,,,,,,,,,,,,,,,,,,,,,,,,,,,,,,,,,,,,,,,,,,,,,,,,,,,,,2026-04-01 16:43:51.213001+00:00,,,,,,,%%8100,,,,,,,0,,,,,,NORMALVM,0x00000000001d0778,pizza,S-1-5-21-2352865859-2334931103-2005901029-1001,,,,,,MicrosoftAccount:user=pizzahuthacker@gmail.com,,,,,,,,,,,,,0,,,,,,,,
