5032,2026-04-01 17:22:52.814674+00:00,5379,Microsoft-Windows-Security-Auditing,,,,,,,,,,,,,,3780,,,1,,,,,,,,,,,,,,,,,,,,,,,,,,,,,,,,,,,,,,,,,,,,,,,,,,,,,,,,,,,,,,,,,,,,,2026-04-01 17:17:51.206451+00:00,,,,,,,%%8100,,,,,,,0,,,,,,NORMALVM,0x000000000003f7ec,pizza,S-1-5-21-2352865859-2334931103-2005901029-1001,,,,,,MicrosoftAccount:user=pizzahuthacker@gmail.com,,,,,,,,,,,,,0,,,,,,,,
5033,2026-04-01 17:22:52.814779+00:00,5379,Microsoft-Windows-Security-Auditing,,,,,,,,,,,,,,3780,,,1,,,,,,,,,,,,,,,,,,,,,,,,,,,,,,,,,,,,,,,,,,,,,,,,,,,,,,,,,,,,,,,,,,,,,2026-04-01 17:17:51.206451+00:00,,,,,,,%%8100,,,,,,,0,,,,,,NORMALVM,0x000000000003f7ec,pizza,S-1-5-21-2352865859-2334931103-2005901029-1001,,,,,,MicrosoftAccount:user=pizzahuthacker@gmail.com,,,,,,,,,,,,,0,,,,,,,,
5034,2026-04-01 17:22:52.815992+00:00,5379,Microsoft-Windows-Security-Auditing,,,,,,,,,,,,,,3780,,,1,,,,,,,,,,,,,,,,,,,,,,,,,,,,,,,,,,,,,,,,,,,,,,,,,,,,,,,,,,,,,,,,,,,,,2026-04-01 17:17:51.206451+00:00,,,,,,,%%8100,,,,,,,0,,,,,,NORMALVM,0x000000000003f7ec,pizza,S-1-5-21-2352865859-2334931103-2005901029-1001,,,,,,MicrosoftAccount:user=pizzahuthacker@gmail.com,,,,,,,,,,,,,0,,,,,,,,
5035,2026-04-01 17:22:52.816223+00:00,5379,Microsoft-Windows-Security-Auditing,,,,,,,,,,,,,,3780,,,1,,,,,,,,,,,,,,,,,,,,,,,,,,,,,,,,,,,,,,,,,,,,,,,,,,,,,,,,,,,,,,,,,,,,,2026-04-01 17:17:51.206451+00:00,,,,,,,%%8100,,,,,,,0,,,,,,NORMALVM,0x000000000003f7ec,pizza,S-1-5-21-2352865859-2334931103-2005901029-1001,,,,,,MicrosoftAccount:user=pizzahuthacker@gmail.com,,,,,,,,,,,,,0,,,,,,,,
5036,2026-04-01 17:22:52.868204+00:00,5379,Microsoft-Windows-Security-Auditing,,,,,,,,,,,,,,3780,,,1,,,,,,,,,,,,,,,,,,,,,,,,,,,,,,,,,,,,,,,,,,,,,,,,,,,,,,,,,,,,,,,,,,,,,2026-04-01 17:17:51.206451+00:00,,,,,,,%%8100,,,,,,,0,,,,,,NORMALVM,0x000000000003f7ec,pizza,S-1-5-21-2352865859-2334931103-2005901029-1001,,,,,,MicrosoftAccount:user=pizzahuthacker@gmail.com,,,,,,,,,,,,,0,,,,,,,,
5037,2026-04-01 17:22:52.869516+00:00,5379,Microsoft-Windows-Security-Auditing,,,,,,,,,,,,,,3780,,,1,,,,,,,,,,,,,,,,,,,,,,,,,,,,,,,,,,,,,,,,,,,,,,,,,,,,,,,,,,,,,,,,,,,,,2026-04-01 17:17:51.206451+00:00,,,,,,,%%8100,,,,,,,0,,,,,,NORMALVM,0x000000000003f7ec,pizza,S-1-5-21-2352865859-2334931103-2005901029-1001,,,,,,MicrosoftAccount:user=pizzahuthacker@gmail.com,,,,,,,,,,,,,0,,,,,,,,
5038,2026-04-01 17:22:52.869759+00:00,5379,Microsoft-Windows-Security-Auditing,,,,,,,,,,,,,,3780,,,1,,,,,,,,,,,,,,,,,,,,,,,,,,,,,,,,,,,,,,,,,,,,,,,,,,,,,,,,,,,,,,,,,,,,,2026-04-01 17:17:51.206451+00:00,,,,,,,%%8100,,,,,,,0,,,,,,NORMALVM,0x000000000003f7ec,pizza,S-1-5-21-2352865859-2334931103-2005901029-1001,,,,,,MicrosoftAccount:user=pizzahuthacker@gmail.com,,,,,,,,,,,,,0,,,,,,,,
5039,2026-04-01 17:22:52.869877+00:00,5379,Microsoft-Windows-Security-Auditing,,,,,,,,,,,,,,3780,,,1,,,,,,,,,,,,,,,,,,,,,,,,,,,,,,,,,,,,,,,,,,,,,,,,,,,,,,,,,,,,,,,,,,,,,2026-04-01 17:17:51.206451+00:00,,,,,,,%%8100,,,,,,,0,,,,,,NORMALVM,0x000000000003f7ec,pizza,S-1-5-21-2352865859-2334931103-2005901029-1001,,,,,,MicrosoftAccount:user=pizzahuthacker@gmail.com,,,,,,,,,,,,,0,,,,,,,,
5040,2026-04-01 17:22:52.869997+00:00,5379,Microsoft-Windows-Security-Auditing,,,,,,,,,,,,,,3780,,,1,,,,,,,,,,,,,,,,,,,,,,,,,,,,,,,,,,,,,,,,,,,,,,,,,,,,,,,,,,,,,,,,,,,,,2026-04-01 17:17:51.206451+00:00,,,,,,,%%8100,,,,,,,0,,,,,,NORMALVM,0x000000000003f7ec,pizza,S-1-5-21-2352865859-2334931103-2005901029-1001,,,,,,MicrosoftAccount:user=pizzahuthacker@gmail.com,,,,,,,,,,,,,0,,,,,,,,
5041,2026-04-01 17:22:52.870157+00:00,5379,Microsoft-Windows-Security-Auditing,,,,,,,,,,,,,,3780,,,1,,,,,,,,,,,,,,,,,,,,,,,,,,,,,,,,,,,,,,,,,,,,,,,,,,,,,,,,,,,,,,,,,,,,,2026-04-01 17:17:51.206451+00:00,,,,,,,%%8100,,,,,,,0,,,,,,NORMALVM,0x000000000003f7ec,pizza,S-1-5-21-2352865859-2334931103-2005901029-1001,,,,,,MicrosoftAccount:user=pizzahuthacker@gmail.com,,,,,,,,,,,,,0,,,,,,,,
5042,2026-04-01 17:22:52.870277+00:00,5379,Microsoft-Windows-Security-Auditing,,,,,,,,,,,,,,3780,,,1,,,,,,,,,,,,,,,,,,,,,,,,,,,,,,,,,,,,,,,,,,,,,,,,,,,,,,,,,,,,,,,,,,,,,2026-04-01 17:17:51.206451+00:00,,,,,,,%%8100,,,,,,,0,,,,,,NORMALVM,0x000000000003f7ec,pizza,S-1-5-21-2352865859-2334931103-2005901029-1001,,,,,,MicrosoftAccount:user=pizzahuthacker@gmail.com,,,,,,,,,,,,,0,,,,,,,,
5043,2026-04-01 17:22:52.870358+00:00,5379,Microsoft-Windows-Security-Auditing,,,,,,,,,,,,,,3780,,,1,,,,,,,,,,,,,,,,,,,,,,,,,,,,,,,,,,,,,,,,,,,,,,,,,,,,,,,,,,,,,,,,,,,,,2026-04-01 17:17:51.206451+00:00,,,,,,,%%8100,,,,,,,0,,,,,,NORMALVM,0x000000000003f7ec,pizza,S-1-5-21-2352865859-2334931103-2005901029-1001,,,,,,MicrosoftAccount:user=pizzahuthacker@gmail.com,,,,,,,,,,,,,0,,,,,,,,
5044,2026-04-01 17:22:52.870462+00:00,5379,Microsoft-Windows-Security-Auditing,,,,,,,,,,,,,,3780,,,1,,,,,,,,,,,,,,,,,,,,,,,,,,,,,,,,,,,,,,,,,,,,,,,,,,,,,,,,,,,,,,,,,,,,,2026-04-01 17:17:51.206451+00:00,,,,,,,%%8100,,,,,,,0,,,,,,NORMALVM,0x000000000003f7ec,pizza,S-1-5-21-2352865859-2334931103-2005901029-1001,,,,,,MicrosoftAccount:user=pizzahuthacker@gmail.com,,,,,,,,,,,,,0,,,,,,,,
5045,2026-04-01 17:22:52.870541+00:00,5379,Microsoft-Windows-Security-Auditing,,,,,,,,,,,,,,3780,,,1,,,,,,,,,,,,,,,,,,,,,,,,,,,,,,,,,,,,,,,,,,,,,,,,,,,,,,,,,,,,,,,,,,,,,2026-04-01 17:17:51.206451+00:00,,,,,,,%%8100,,,,,,,0,,,,,,NORMALVM,0x000000000003f7ec,pizza,S-1-5-21-2352865859-2334931103-2005901029-1001,,,,,,MicrosoftAccount:user=pizzahuthacker@gmail.com,,,,,,,,,,,,,0,,,,,,,,
5046,2026-04-01 17:22:52.871655+00:00,5379,Microsoft-Windows-Security-Auditing,,,,,,,,,,,,,,3780,,,1,,,,,,,,,,,,,,,,,,,,,,,,,,,,,,,,,,,,,,,,,,,,,,,,,,,,,,,,,,,,,,,,,,,,,2026-04-01 17:17:51.206451+00:00,,,,,,,%%8100,,,,,,,0,,,,,,NORMALVM,0x000000000003f7ec,pizza,S-1-5-21-2352865859-2334931103-2005901029-1001,,,,,,MicrosoftAccount:user=pizzahuthacker@gmail.com,,,,,,,,,,,,,0,,,,,,,,
5047,2026-04-01 17:22:52.871811+00:00,5379,Microsoft-Windows-Security-Auditing,,,,,,,,,,,,,,3780,,,1,,,,,,,,,,,,,,,,,,,,,,,,,,,,,,,,,,,,,,,,,,,,,,,,,,,,,,,,,,,,,,,,,,,,,2026-04-01 17:17:51.206451+00:00,,,,,,,%%8100,,,,,,,0,,,,,,NORMALVM,0x000000000003f7ec,pizza,S-1-5-21-2352865859-2334931103-2005901029-1001,,,,,,MicrosoftAccount:user=pizzahuthacker@gmail.com,,,,,,,,,,,,,0,,,,,,,,
5048,2026-04-01 17:22:52.871983+00:00,5379,Microsoft-Windows-Security-Auditing,,,,,,,,,,,,,,3780,,,1,,,,,,,,,,,,,,,,,,,,,,,,,,,,,,,,,,,,,,,,,,,,,,,,,,,,,,,,,,,,,,,,,,,,,2026-04-01 17:17:51.206451+00:00,,,,,,,%%8100,,,,,,,0,,,,,,NORMALVM,0x000000000003f7ec,pizza,S-1-5-21-2352865859-2334931103-2005901029-1001,,,,,,MicrosoftAccount:user=pizzahuthacker@gmail.com,,,,,,,,,,,,,0,,,,,,,,
5049,2026-04-01 17:22:52.872082+00:00,5379,Microsoft-Windows-Security-Auditing,,,,,,,,,,,,,,3780,,,1,,,,,,,,,,,,,,,,,,,,,,,,,,,,,,,,,,,,,,,,,,,,,,,,,,,,,,,,,,,,,,,,,,,,,2026-04-01 17:17:51.206451+00:00,,,,,,,%%8100,,,,,,,0,,,,,,NORMALVM,0x000000000003f7ec,pizza,S-1-5-21-2352865859-2334931103-2005901029-1001,,,,,,MicrosoftAccount:user=pizzahuthacker@gmail.com,,,,,,,,,,,,,0,,,,,,,,
5050,2026-04-01 17:22:53.724707+00:00,5379,Microsoft-Windows-Security-Auditing,,,,,,,,,,,,,,3780,,,1,,,,,,,,,,,,,,,,,,,,,,,,,,,,,,,,,,,,,,,,,,,,,,,,,,,,,,,,,,,,,,,,,,,,,2026-04-01 17:17:51.206451+00:00,,,,,,,%%8100,,,,,,,0,,,,,,NORMALVM,0x000000000003f7ec,pizza,S-1-5-21-2352865859-2334931103-2005901029-1001,,,,,,MicrosoftAccount:user=pizzahuthacker@gmail.com,,,,,,,,,,,,,0,,,,,,,,
5051,2026-04-01 17:22:53.725613+00:00,5379,Microsoft-Windows-Security-Auditing,,,,,,,,,,,,,,3780,,,0,,,,,,,,,,,,,,,,,,,,,,,,,,,,,,,,,,,,,,,,,,,,,,,,,,,,,,,,,,,,,,,,,,,,,2026-04-01 17:17:51.206451+00:00,,,,,,,%%8100,,,,,,,3221226021,,,,,,NORMALVM,0x000000000003f7ec,pizza,S-1-5-21-2352865859-2334931103-2005901029-1001,,,,,,WindowsLive:(token):name=pizzahuthacker@gmail.com;serviceuri=*,,,,,,,,,,,,,0,,,,,,,,
5052,2026-04-01 17:22:53.725655+00:00,5379,Microsoft-Windows-Security-Auditing,,,,,,,,,,,,,,3780,,,0,,,,,,,,,,,,,,,,,,,,,,,,,,,,,,,,,,,,,,,,,,,,,,,,,,,,,,,,,,,,,,,,,,,,,2026-04-01 17:17:51.206451+00:00,,,,,,,%%8100,,,,,,,3221226021,,,,,,NORMALVM,0x000000000003f7ec,pizza,S-1-5-21-2352865859-2334931103-2005901029-1001,,,,,,WindowsLive:(cert):name=pizzahuthacker@gmail.com;serviceuri=*,,,,,,,,,,,,,0,,,,,,,,
5053,2026-04-01 17:22:53.728777+00:00,5379,Microsoft-Windows-Security-Auditing,,,,,,,,,,,,,,3780,,,1,,,,,,,,,,,,,,,,,,,,,,,,,,,,,,,,,,,,,,,,,,,,,,,,,,,,,,,,,,,,,,,,,,,,,2026-04-01 17:17:51.206451+00:00,,,,,,,%%8100,,,,,,,0,,,,,,NORMALVM,0x000000000003f7ec,pizza,S-1-5-21-2352865859-2334931103-2005901029-1001,,,,,,MicrosoftAccount:user=pizzahuthacker@gmail.com,,,,,,,,,,,,,0,,,,,,,,
5054,2026-04-01 17:22:53.730364+00:00,5379,Microsoft-Windows-Security-Auditing,,,,,,,,,,,,,,3780,,,1,,,,,,,,,,,,,,,,,,,,,,,,,,,,,,,,,,,,,,,,,,,,,,,,,,,,,,,,,,,,,,,,,,,,,2026-04-01 17:17:51.206451+00:00,,,,,,,%%8100,,,,,,,0,,,,,,NORMALVM,0x000000000003f7ec,pizza,S-1-5-21-2352865859-2334931103-2005901029-1001,,,,,,MicrosoftAccount:user=pizzahuthacker@gmail.com,,,,,,,,,,,,,0,,,,,,,,
5055,2026-04-01 17:22:53.955530+00:00,5379,Microsoft-Windows-Security-Auditing,,,,,,,,,,,,,,3780,,,1,,,,,,,,,,,,,,,,,,,,,,,,,,,,,,,,,,,,,,,,,,,,,,,,,,,,,,,,,,,,,,,,,,,,,2026-04-01 17:17:51.206451+00:00,,,,,,,%%8100,,,,,,,0,,,,,,NORMALVM,0x000000000003f7ec,pizza,S-1-5-21-2352865859-2334931103-2005901029-1001,,,,,,MicrosoftAccount:user=pizzahuthacker@gmail.com,,,,,,,,,,,,,0,,,,,,,,
5056,2026-04-01 17:22:53.955688+00:00,5379,Microsoft-Windows-Security-Auditing,,,,,,,,,,,,,,3780,,,1,,,,,,,,,,,,,,,,,,,,,,,,,,,,,,,,,,,,,,,,,,,,,,,,,,,,,,,,,,,,,,,,,,,,,2026-04-01 17:17:51.206451+00:00,,,,,,,%%8100,,,,,,,0,,,,,,NORMALVM,0x000000000003f7ec,pizza,S-1-5-21-2352865859-2334931103-2005901029-1001,,,,,,MicrosoftAccount:user=pizzahuthacker@gmail.com,,,,,,,,,,,,,0,,,,,,,,
5057,2026-04-01 17:22:53.955849+00:00,5379,Microsoft-Windows-Security-Auditing,,,,,,,,,,,,,,3780,,,1,,,,,,,,,,,,,,,,,,,,,,,,,,,,,,,,,,,,,,,,,,,,,,,,,,,,,,,,,,,,,,,,,,,,,2026-04-01 17:17:51.206451+00:00,,,,,,,%%8100,,,,,,,0,,,,,,NORMALVM,0x000000000003f7ec,pizza,S-1-5-21-2352865859-2334931103-2005901029-1001,,,,,,MicrosoftAccount:user=pizzahuthacker@gmail.com,,,,,,,,,,,,,0,,,,,,,,
5058,2026-04-01 17:22:53.955942+00:00,5379,Microsoft-Windows-Security-Auditing,,,,,,,,,,,,,,3780,,,1,,,,,,,,,,,,,,,,,,,,,,,,,,,,,,,,,,,,,,,,,,,,,,,,,,,,,,,,,,,,,,,,,,,,,2026-04-01 17:17:51.206451+00:00,,,,,,,%%8100,,,,,,,0,,,,,,NORMALVM,0x000000000003f7ec,pizza,S-1-5-21-2352865859-2334931103-2005901029-1001,,,,,,MicrosoftAccount:user=pizzahuthacker@gmail.com,,,,,,,,,,,,,0,,,,,,,,
5059,2026-04-01 17:22:53.956066+00:00,5379,Microsoft-Windows-Security-Auditing,,,,,,,,,,,,,,3780,,,1,,,,,,,,,,,,,,,,,,,,,,,,,,,,,,,,,,,,,,,,,,,,,,,,,,,,,,,,,,,,,,,,,,,,,2026-04-01 17:17:51.206451+00:00,,,,,,,%%8100,,,,,,,0,,,,,,NORMALVM,0x000000000003f7ec,pizza,S-1-5-21-2352865859-2334931103-2005901029-1001,,,,,,MicrosoftAccount:user=pizzahuthacker@gmail.com,,,,,,,,,,,,,0,,,,,,,,
5060,2026-04-01 17:22:53.956148+00:00,5379,Microsoft-Windows-Security-Auditing,,,,,,,,,,,,,,3780,,,1,,,,,,,,,,,,,,,,,,,,,,,,,,,,,,,,,,,,,,,,,,,,,,,,,,,,,,,,,,,,,,,,,,,,,2026-04-01 17:17:51.206451+00:00,,,,,,,%%8100,,,,,,,0,,,,,,NORMALVM,0x000000000003f7ec,pizza,S-1-5-21-2352865859-2334931103-2005901029-1001,,,,,,MicrosoftAccount:user=pizzahuthacker@gmail.com,,,,,,,,,,,,,0,,,,,,,,
5061,2026-04-01 17:22:53.956270+00:00,5379,Microsoft-Windows-Security-Auditing,,,,,,,,,,,,,,3780,,,1,,,,,,,,,,,,,,,,,,,,,,,,,,,,,,,,,,,,,,,,,,,,,,,,,,,,,,,,,,,,,,,,,,,,,2026-04-01 17:17:51.206451+00:00,,,,,,,%%8100,,,,,,,0,,,,,,NORMALVM,0x000000000003f7ec,pizza,S-1-5-21-2352865859-2334931103-2005901029-1001,,,,,,MicrosoftAccount:user=pizzahuthacker@gmail.com,,,,,,,,,,,,,0,,,,,,,,
5062,2026-04-01 17:22:53.956348+00:00,5379,Microsoft-Windows-Security-Auditing,,,,,,,,,,,,,,3780,,,1,,,,,,,,,,,,,,,,,,,,,,,,,,,,,,,,,,,,,,,,,,,,,,,,,,,,,,,,,,,,,,,,,,,,,2026-04-01 17:17:51.206451+00:00,,,,,,,%%8100,,,,,,,0,,,,,,NORMALVM,0x000000000003f7ec,pizza,S-1-5-21-2352865859-2334931103-2005901029-1001,,,,,,MicrosoftAccount:user=pizzahuthacker@gmail.com,,,,,,,,,,,,,0,,,,,,,,
5063,2026-04-01 17:22:53.956457+00:00,5379,Microsoft-Windows-Security-Auditing,,,,,,,,,,,,,,3780,,,1,,,,,,,,,,,,,,,,,,,,,,,,,,,,,,,,,,,,,,,,,,,,,,,,,,,,,,,,,,,,,,,,,,,,,2026-04-01 17:17:51.206451+00:00,,,,,,,%%8100,,,,,,,0,,,,,,NORMALVM,0x000000000003f7ec,pizza,S-1-5-21-2352865859-2334931103-2005901029-1001,,,,,,MicrosoftAccount:user=pizzahuthacker@gmail.com,,,,,,,,,,,,,0,,,,,,,,
5064,2026-04-01 17:22:53.956547+00:00,5379,Microsoft-Windows-Security-Auditing,,,,,,,,,,,,,,3780,,,1,,,,,,,,,,,,,,,,,,,,,,,,,,,,,,,,,,,,,,,,,,,,,,,,,,,,,,,,,,,,,,,,,,,,,2026-04-01 17:17:51.206451+00:00,,,,,,,%%8100,,,,,,,0,,,,,,NORMALVM,0x000000000003f7ec,pizza,S-1-5-21-2352865859-2334931103-2005901029-1001,,,,,,MicrosoftAccount:user=pizzahuthacker@gmail.com,,,,,,,,,,,,,0,,,,,,,,
5065,2026-04-01 17:22:53.956652+00:00,5379,Microsoft-Windows-Security-Auditing,,,,,,,,,,,,,,3780,,,1,,,,,,,,,,,,,,,,,,,,,,,,,,,,,,,,,,,,,,,,,,,,,,,,,,,,,,,,,,,,,,,,,,,,,2026-04-01 17:17:51.206451+00:00,,,,,,,%%8100,,,,,,,0,,,,,,NORMALVM,0x000000000003f7ec,pizza,S-1-5-21-2352865859-2334931103-2005901029-1001,,,,,,MicrosoftAccount:user=pizzahuthacker@gmail.com,,,,,,,,,,,,,0,,,,,,,,
5066,2026-04-01 17:22:53.956730+00:00,5379,Microsoft-Windows-Security-Auditing,,,,,,,,,,,,,,3780,,,1,,,,,,,,,,,,,,,,,,,,,,,,,,,,,,,,,,,,,,,,,,,,,,,,,,,,,,,,,,,,,,,,,,,,,2026-04-01 17:17:51.206451+00:00,,,,,,,%%8100,,,,,,,0,,,,,,NORMALVM,0x000000000003f7ec,pizza,S-1-5-21-2352865859-2334931103-2005901029-1001,,,,,,MicrosoftAccount:user=pizzahuthacker@gmail.com,,,,,,,,,,,,,0,,,,,,,,
5067,2026-04-01 17:22:53.956839+00:00,5379,Microsoft-Windows-Security-Auditing,,,,,,,,,,,,,,3780,,,1,,,,,,,,,,,,,,,,,,,,,,,,,,,,,,,,,,,,,,,,,,,,,,,,,,,,,,,,,,,,,,,,,,,,,2026-04-01 17:17:51.206451+00:00,,,,,,,%%8100,,,,,,,0,,,,,,NORMALVM,0x000000000003f7ec,pizza,S-1-5-21-2352865859-2334931103-2005901029-1001,,,,,,MicrosoftAccount:user=pizzahuthacker@gmail.com,,,,,,,,,,,,,0,,,,,,,,
5068,2026-04-01 17:22:53.956928+00:00,5379,Microsoft-Windows-Security-Auditing,,,,,,,,,,,,,,3780,,,1,,,,,,,,,,,,,,,,,,,,,,,,,,,,,,,,,,,,,,,,,,,,,,,,,,,,,,,,,,,,,,,,,,,,,2026-04-01 17:17:51.206451+00:00,,,,,,,%%8100,,,,,,,0,,,,,,NORMALVM,0x000000000003f7ec,pizza,S-1-5-21-2352865859-2334931103-2005901029-1001,,,,,,MicrosoftAccount:user=pizzahuthacker@gmail.com,,,,,,,,,,,,,0,,,,,,,,
5069,2026-04-01 17:22:53.959358+00:00,5379,Microsoft-Windows-Security-Auditing,,,,,,,,,,,,,,3780,,,1,,,,,,,,,,,,,,,,,,,,,,,,,,,,,,,,,,,,,,,,,,,,,,,,,,,,,,,,,,,,,,,,,,,,,2026-04-01 17:17:51.206451+00:00,,,,,,,%%8100,,,,,,,0,,,,,,NORMALVM,0x000000000003f7ec,pizza,S-1-5-21-2352865859-2334931103-2005901029-1001,,,,,,MicrosoftAccount:user=pizzahuthacker@gmail.com,,,,,,,,,,,,,0,,,,,,,,
5070,2026-04-01 17:22:53.959801+00:00,5379,Microsoft-Windows-Security-Auditing,,,,,,,,,,,,,,3780,,,1,,,,,,,,,,,,,,,,,,,,,,,,,,,,,,,,,,,,,,,,,,,,,,,,,,,,,,,,,,,,,,,,,,,,,2026-04-01 17:17:51.206451+00:00,,,,,,,%%8099,,,,,,,0,,,,,,NORMALVM,0x000000000003f7ec,pizza,S-1-5-21-2352865859-2334931103-2005901029-1001,,,,,,MicrosoftAccount:user=pizzahuthacker@gmail.com,,,,,,,,,,,,,1,,,,,,,,
5071,2026-04-01 17:22:53.963591+00:00,5379,Microsoft-Windows-Security-Auditing,,,,,,,,,,,,,,3780,,,1,,,,,,,,,,,,,,,,,,,,,,,,,,,,,,,,,,,,,,,,,,,,,,,,,,,,,,,,,,,,,,,,,,,,,2026-04-01 17:17:51.206451+00:00,,,,,,,%%8100,,,,,,,0,,,,,,NORMALVM,0x000000000003f7ec,pizza,S-1-5-21-2352865859-2334931103-2005901029-1001,,,,,,MicrosoftAccount:user=pizzahuthacker@gmail.com,,,,,,,,,,,,,0,,,,,,,,
5072,2026-04-01 17:22:53.963722+00:00,5379,Microsoft-Windows-Security-Auditing,,,,,,,,,,,,,,3780,,,1,,,,,,,,,,,,,,,,,,,,,,,,,,,,,,,,,,,,,,,,,,,,,,,,,,,,,,,,,,,,,,,,,,,,,2026-04-01 17:17:51.206451+00:00,,,,,,,%%8100,,,,,,,0,,,,,,NORMALVM,0x000000000003f7ec,pizza,S-1-5-21-2352865859-2334931103-2005901029-1001,,,,,,MicrosoftAccount:user=pizzahuthacker@gmail.com,,,,,,,,,,,,,0,,,,,,,,
5073,2026-04-01 17:22:53.963858+00:00,5379,Microsoft-Windows-Security-Auditing,,,,,,,,,,,,,,3780,,,1,,,,,,,,,,,,,,,,,,,,,,,,,,,,,,,,,,,,,,,,,,,,,,,,,,,,,,,,,,,,,,,,,,,,,2026-04-01 17:17:51.206451+00:00,,,,,,,%%8100,,,,,,,0,,,,,,NORMALVM,0x000000000003f7ec,pizza,S-1-5-21-2352865859-2334931103-2005901029-1001,,,,,,MicrosoftAccount:user=pizzahuthacker@gmail.com,,,,,,,,,,,,,0,,,,,,,,
5074,2026-04-01 17:22:53.963947+00:00,5379,Microsoft-Windows-Security-Auditing,,,,,,,,,,,,,,3780,,,1,,,,,,,,,,,,,,,,,,,,,,,,,,,,,,,,,,,,,,,,,,,,,,,,,,,,,,,,,,,,,,,,,,,,,2026-04-01 17:17:51.206451+00:00,,,,,,,%%8100,,,,,,,0,,,,,,NORMALVM,0x000000000003f7ec,pizza,S-1-5-21-2352865859-2334931103-2005901029-1001,,,,,,MicrosoftAccount:user=pizzahuthacker@gmail.com,,,,,,,,,,,,,0,,,,,,,,
5075,2026-04-01 17:22:53.964058+00:00,5379,Microsoft-Windows-Security-Auditing,,,,,,,,,,,,,,3780,,,1,,,,,,,,,,,,,,,,,,,,,,,,,,,,,,,,,,,,,,,,,,,,,,,,,,,,,,,,,,,,,,,,,,,,,2026-04-01 17:17:51.206451+00:00,,,,,,,%%8100,,,,,,,0,,,,,,NORMALVM,0x000000000003f7ec,pizza,S-1-5-21-2352865859-2334931103-2005901029-1001,,,,,,MicrosoftAccount:user=pizzahuthacker@gmail.com,,,,,,,,,,,,,0,,,,,,,,
5076,2026-04-01 17:22:53.964224+00:00,5379,Microsoft-Windows-Security-Auditing,,,,,,,,,,,,,,3780,,,1,,,,,,,,,,,,,,,,,,,,,,,,,,,,,,,,,,,,,,,,,,,,,,,,,,,,,,,,,,,,,,,,,,,,,2026-04-01 17:17:51.206451+00:00,,,,,,,%%8100,,,,,,,0,,,,,,NORMALVM,0x000000000003f7ec,pizza,S-1-5-21-2352865859-2334931103-2005901029-1001,,,,,,MicrosoftAccount:user=pizzahuthacker@gmail.com,,,,,,,,,,,,,0,,,,,,,,
5077,2026-04-01 17:22:53.964338+00:00,5379,Microsoft-Windows-Security-Auditing,,,,,,,,,,,,,,3780,,,1,,,,,,,,,,,,,,,,,,,,,,,,,,,,,,,,,,,,,,,,,,,,,,,,,,,,,,,,,,,,,,,,,,,,,2026-04-01 17:17:51.206451+00:00,,,,,,,%%8100,,,,,,,0,,,,,,NORMALVM,0x000000000003f7ec,pizza,S-1-5-21-2352865859-2334931103-2005901029-1001,,,,,,MicrosoftAccount:user=pizzahuthacker@gmail.com,,,,,,,,,,,,,0,,,,,,,,
5078,2026-04-01 17:22:53.964418+00:00,5379,Microsoft-Windows-Security-Auditing,,,,,,,,,,,,,,3780,,,1,,,,,,,,,,,,,,,,,,,,,,,,,,,,,,,,,,,,,,,,,,,,,,,,,,,,,,,,,,,,,,,,,,,,,2026-04-01 17:17:51.206451+00:00,,,,,,,%%8100,,,,,,,0,,,,,,NORMALVM,0x000000000003f7ec,pizza,S-1-5-21-2352865859-2334931103-2005901029-1001,,,,,,MicrosoftAccount:user=pizzahuthacker@gmail.com,,,,,,,,,,,,,0,,,,,,,,
5079,2026-04-01 17:22:53.964523+00:00,5379,Microsoft-Windows-Security-Auditing,,,,,,,,,,,,,,3780,,,1,,,,,,,,,,,,,,,,,,,,,,,,,,,,,,,,,,,,,,,,,,,,,,,,,,,,,,,,,,,,,,,,,,,,,2026-04-01 17:17:51.206451+00:00,,,,,,,%%8100,,,,,,,0,,,,,,NORMALVM,0x000000000003f7ec,pizza,S-1-5-21-2352865859-2334931103-2005901029-1001,,,,,,MicrosoftAccount:user=pizzahuthacker@gmail.com,,,,,,,,,,,,,0,,,,,,,,
5080,2026-04-01 17:22:53.964603+00:00,5379,Microsoft-Windows-Security-Auditing,,,,,,,,,,,,,,3780,,,1,,,,,,,,,,,,,,,,,,,,,,,,,,,,,,,,,,,,,,,,,,,,,,,,,,,,,,,,,,,,,,,,,,,,,2026-04-01 17:17:51.206451+00:00,,,,,,,%%8100,,,,,,,0,,,,,,NORMALVM,0x000000000003f7ec,pizza,S-1-5-21-2352865859-2334931103-2005901029-1001,,,,,,MicrosoftAccount:user=pizzahuthacker@gmail.com,,,,,,,,,,,,,0,,,,,,,,
5081,2026-04-01 17:22:53.964710+00:00,5379,Microsoft-Windows-Security-Auditing,,,,,,,,,,,,,,3780,,,1,,,,,,,,,,,,,,,,,,,,,,,,,,,,,,,,,,,,,,,,,,,,,,,,,,,,,,,,,,,,,,,,,,,,,2026-04-01 17:17:51.206451+00:00,,,,,,,%%8100,,,,,,,0,,,,,,NORMALVM,0x000000000003f7ec,pizza,S-1-5-21-2352865859-2334931103-2005901029-1001,,,,,,MicrosoftAccount:user=pizzahuthacker@gmail.com,,,,,,,,,,,,,0,,,,,,,,
5082,2026-04-01 17:22:53.964788+00:00,5379,Microsoft-Windows-Security-Auditing,,,,,,,,,,,,,,3780,,,1,,,,,,,,,,,,,,,,,,,,,,,,,,,,,,,,,,,,,,,,,,,,,,,,,,,,,,,,,,,,,,,,,,,,,2026-04-01 17:17:51.206451+00:00,,,,,,,%%8100,,,,,,,0,,,,,,NORMALVM,0x000000000003f7ec,pizza,S-1-5-21-2352865859-2334931103-2005901029-1001,,,,,,MicrosoftAccount:user=pizzahuthacker@gmail.com,,,,,,,,,,,,,0,,,,,,,,
5083,2026-04-01 17:22:53.964890+00:00,5379,Microsoft-Windows-Security-Auditing,,,,,,,,,,,,,,3780,,,1,,,,,,,,,,,,,,,,,,,,,,,,,,,,,,,,,,,,,,,,,,,,,,,,,,,,,,,,,,,,,,,,,,,,,2026-04-01 17:17:51.206451+00:00,,,,,,,%%8100,,,,,,,0,,,,,,NORMALVM,0x000000000003f7ec,pizza,S-1-5-21-2352865859-2334931103-2005901029-1001,,,,,,MicrosoftAccount:user=pizzahuthacker@gmail.com,,,,,,,,,,,,,0,,,,,,,,
5084,2026-04-01 17:22:53.969425+00:00,5379,Microsoft-Windows-Security-Auditing,,,,,,,,,,,,,,3780,,,1,,,,,,,,,,,,,,,,,,,,,,,,,,,,,,,,,,,,,,,,,,,,,,,,,,,,,,,,,,,,,,,,,,,,,2026-04-01 17:17:51.206451+00:00,,,,,,,%%8100,,,,,,,0,,,,,,NORMALVM,0x000000000003f7ec,pizza,S-1-5-21-2352865859-2334931103-2005901029-1001,,,,,,MicrosoftAccount:user=pizzahuthacker@gmail.com,,,,,,,,,,,,,0,,,,,,,,
5085,2026-04-01 17:22:53.969618+00:00,5379,Microsoft-Windows-Security-Auditing,,,,,,,,,,,,,,3780,,,1,,,,,,,,,,,,,,,,,,,,,,,,,,,,,,,,,,,,,,,,,,,,,,,,,,,,,,,,,,,,,,,,,,,,,2026-04-01 17:17:51.206451+00:00,,,,,,,%%8100,,,,,,,0,,,,,,NORMALVM,0x000000000003f7ec,pizza,S-1-5-21-2352865859-2334931103-2005901029-1001,,,,,,MicrosoftAccount:user=pizzahuthacker@gmail.com,,,,,,,,,,,,,0,,,,,,,,
5086,2026-04-01 17:22:53.969757+00:00,5379,Microsoft-Windows-Security-Auditing,,,,,,,,,,,,,,3780,,,1,,,,,,,,,,,,,,,,,,,,,,,,,,,,,,,,,,,,,,,,,,,,,,,,,,,,,,,,,,,,,,,,,,,,,2026-04-01 17:17:51.206451+00:00,,,,,,,%%8100,,,,,,,0,,,,,,NORMALVM,0x000000000003f7ec,pizza,S-1-5-21-2352865859-2334931103-2005901029-1001,,,,,,MicrosoftAccount:user=pizzahuthacker@gmail.com,,,,,,,,,,,,,0,,,,,,,,
5087,2026-04-01 17:22:53.969852+00:00,5379,Microsoft-Windows-Security-Auditing,,,,,,,,,,,,,,3780,,,1,,,,,,,,,,,,,,,,,,,,,,,,,,,,,,,,,,,,,,,,,,,,,,,,,,,,,,,,,,,,,,,,,,,,,2026-04-01 17:17:51.206451+00:00,,,,,,,%%8100,,,,,,,0,,,,,,NORMALVM,0x000000000003f7ec,pizza,S-1-5-21-2352865859-2334931103-2005901029-1001,,,,,,MicrosoftAccount:user=pizzahuthacker@gmail.com,,,,,,,,,,,,,0,,,,,,,,
5088,2026-04-01 17:22:53.969955+00:00,5379,Microsoft-Windows-Security-Auditing,,,,,,,,,,,,,,3780,,,1,,,,,,,,,,,,,,,,,,,,,,,,,,,,,,,,,,,,,,,,,,,,,,,,,,,,,,,,,,,,,,,,,,,,,2026-04-01 17:17:51.206451+00:00,,,,,,,%%8100,,,,,,,0,,,,,,NORMALVM,0x000000000003f7ec,pizza,S-1-5-21-2352865859-2334931103-2005901029-1001,,,,,,MicrosoftAccount:user=pizzahuthacker@gmail.com,,,,,,,,,,,,,0,,,,,,,,
5089,2026-04-01 17:22:53.970037+00:00,5379,Microsoft-Windows-Security-Auditing,,,,,,,,,,,,,,3780,,,1,,,,,,,,,,,,,,,,,,,,,,,,,,,,,,,,,,,,,,,,,,,,,,,,,,,,,,,,,,,,,,,,,,,,,2026-04-01 17:17:51.206451+00:00,,,,,,,%%8100,,,,,,,0,,,,,,NORMALVM,0x000000000003f7ec,pizza,S-1-5-21-2352865859-2334931103-2005901029-1001,,,,,,MicrosoftAccount:user=pizzahuthacker@gmail.com,,,,,,,,,,,,,0,,,,,,,,
5090,2026-04-01 17:22:53.970129+00:00,5379,Microsoft-Windows-Security-Auditing,,,,,,,,,,,,,,3780,,,1,,,,,,,,,,,,,,,,,,,,,,,,,,,,,,,,,,,,,,,,,,,,,,,,,,,,,,,,,,,,,,,,,,,,,2026-04-01 17:17:51.206451+00:00,,,,,,,%%8100,,,,,,,0,,,,,,NORMALVM,0x000000000003f7ec,pizza,S-1-5-21-2352865859-2334931103-2005901029-1001,,,,,,MicrosoftAccount:user=pizzahuthacker@gmail.com,,,,,,,,,,,,,0,,,,,,,,
5091,2026-04-01 17:22:53.970211+00:00,5379,Microsoft-Windows-Security-Auditing,,,,,,,,,,,,,,3780,,,1,,,,,,,,,,,,,,,,,,,,,,,,,,,,,,,,,,,,,,,,,,,,,,,,,,,,,,,,,,,,,,,,,,,,,2026-04-01 17:17:51.206451+00:00,,,,,,,%%8100,,,,,,,0,,,,,,NORMALVM,0x000000000003f7ec,pizza,S-1-5-21-2352865859-2334931103-2005901029-1001,,,,,,MicrosoftAccount:user=pizzahuthacker@gmail.com,,,,,,,,,,,,,0,,,,,,,,
5092,2026-04-01 17:22:53.970303+00:00,5379,Microsoft-Windows-Security-Auditing,,,,,,,,,,,,,,3780,,,1,,,,,,,,,,,,,,,,,,,,,,,,,,,,,,,,,,,,,,,,,,,,,,,,,,,,,,,,,,,,,,,,,,,,,2026-04-01 17:17:51.206451+00:00,,,,,,,%%8100,,,,,,,0,,,,,,NORMALVM,0x000000000003f7ec,pizza,S-1-5-21-2352865859-2334931103-2005901029-1001,,,,,,MicrosoftAccount:user=pizzahuthacker@gmail.com,,,,,,,,,,,,,0,,,,,,,,
5093,2026-04-01 17:22:53.970377+00:00,5379,Microsoft-Windows-Security-Auditing,,,,,,,,,,,,,,3780,,,1,,,,,,,,,,,,,,,,,,,,,,,,,,,,,,,,,,,,,,,,,,,,,,,,,,,,,,,,,,,,,,,,,,,,,2026-04-01 17:17:51.206451+00:00,,,,,,,%%8100,,,,,,,0,,,,,,NORMALVM,0x000000000003f7ec,pizza,S-1-5-21-2352865859-2334931103-2005901029-1001,,,,,,MicrosoftAccount:user=pizzahuthacker@gmail.com,,,,,,,,,,,,,0,,,,,,,,
5094,2026-04-01 17:22:53.970463+00:00,5379,Microsoft-Windows-Security-Auditing,,,,,,,,,,,,,,3780,,,1,,,,,,,,,,,,,,,,,,,,,,,,,,,,,,,,,,,,,,,,,,,,,,,,,,,,,,,,,,,,,,,,,,,,,2026-04-01 17:17:51.206451+00:00,,,,,,,%%8100,,,,,,,0,,,,,,NORMALVM,0x000000000003f7ec,pizza,S-1-5-21-2352865859-2334931103-2005901029-1001,,,,,,MicrosoftAccount:user=pizzahuthacker@gmail.com,,,,,,,,,,,,,0,,,,,,,,
5095,2026-04-01 17:22:53.970575+00:00,5379,Microsoft-Windows-Security-Auditing,,,,,,,,,,,,,,3780,,,1,,,,,,,,,,,,,,,,,,,,,,,,,,,,,,,,,,,,,,,,,,,,,,,,,,,,,,,,,,,,,,,,,,,,,2026-04-01 17:17:51.206451+00:00,,,,,,,%%8100,,,,,,,0,,,,,,NORMALVM,0x000000000003f7ec,pizza,S-1-5-21-2352865859-2334931103-2005901029-1001,,,,,,MicrosoftAccount:user=pizzahuthacker@gmail.com,,,,,,,,,,,,,0,,,,,,,,
5096,2026-04-01 17:22:53.970760+00:00,5379,Microsoft-Windows-Security-Auditing,,,,,,,,,,,,,,3780,,,1,,,,,,,,,,,,,,,,,,,,,,,,,,,,,,,,,,,,,,,,,,,,,,,,,,,,,,,,,,,,,,,,,,,,,2026-04-01 17:17:51.206451+00:00,,,,,,,%%8100,,,,,,,0,,,,,,NORMALVM,0x000000000003f7ec,pizza,S-1-5-21-2352865859-2334931103-2005901029-1001,,,,,,MicrosoftAccount:user=pizzahuthacker@gmail.com,,,,,,,,,,,,,0,,,,,,,,
5097,2026-04-01 17:22:53.971493+00:00,5379,Microsoft-Windows-Security-Auditing,,,,,,,,,,,,,,3780,,,1,,,,,,,,,,,,,,,,,,,,,,,,,,,,,,,,,,,,,,,,,,,,,,,,,,,,,,,,,,,,,,,,,,,,,2026-04-01 17:17:51.206451+00:00,,,,,,,%%8100,,,,,,,0,,,,,,NORMALVM,0x000000000003f7ec,pizza,S-1-5-21-2352865859-2334931103-2005901029-1001,,,,,,MicrosoftAccount:user=pizzahuthacker@gmail.com,,,,,,,,,,,,,0,,,,,,,,
5098,2026-04-01 17:22:53.971670+00:00,5379,Microsoft-Windows-Security-Auditing,,,,,,,,,,,,,,3780,,,1,,,,,,,,,,,,,,,,,,,,,,,,,,,,,,,,,,,,,,,,,,,,,,,,,,,,,,,,,,,,,,,,,,,,,2026-04-01 17:17:51.206451+00:00,,,,,,,%%8100,,,,,,,0,,,,,,NORMALVM,0x000000000003f7ec,pizza,S-1-5-21-2352865859-2334931103-2005901029-1001,,,,,,MicrosoftAccount:user=pizzahuthacker@gmail.com,,,,,,,,,,,,,0,,,,,,,,
5099,2026-04-01 17:22:54.008078+00:00,5379,Microsoft-Windows-Security-Auditing,,,,,,,,,,,,,,3780,,,1,,,,,,,,,,,,,,,,,,,,,,,,,,,,,,,,,,,,,,,,,,,,,,,,,,,,,,,,,,,,,,,,,,,,,2026-04-01 17:17:51.206451+00:00,,,,,,,%%8100,,,,,,,0,,,,,,NORMALVM,0x000000000003f7ec,pizza,S-1-5-21-2352865859-2334931103-2005901029-1001,,,,,,MicrosoftAccount:user=pizzahuthacker@gmail.com,,,,,,,,,,,,,0,,,,,,,,
5100,2026-04-01 17:22:54.008434+00:00,5379,Microsoft-Windows-Security-Auditing,,,,,,,,,,,,,,3780,,,1,,,,,,,,,,,,,,,,,,,,,,,,,,,,,,,,,,,,,,,,,,,,,,,,,,,,,,,,,,,,,,,,,,,,,2026-04-01 17:17:51.206451+00:00,,,,,,,%%8100,,,,,,,0,,,,,,NORMALVM,0x000000000003f7ec,pizza,S-1-5-21-2352865859-2334931103-2005901029-1001,,,,,,MicrosoftAccount:user=pizzahuthacker@gmail.com,,,,,,,,,,,,,0,,,,,,,,
5101,2026-04-01 17:22:54.008619+00:00,5379,Microsoft-Windows-Security-Auditing,,,,,,,,,,,,,,3780,,,1,,,,,,,,,,,,,,,,,,,,,,,,,,,,,,,,,,,,,,,,,,,,,,,,,,,,,,,,,,,,,,,,,,,,,2026-04-01 17:17:51.206451+00:00,,,,,,,%%8100,,,,,,,0,,,,,,NORMALVM,0x000000000003f7ec,pizza,S-1-5-21-2352865859-2334931103-2005901029-1001,,,,,,MicrosoftAccount:user=pizzahuthacker@gmail.com,,,,,,,,,,,,,0,,,,,,,,
5102,2026-04-01 17:22:54.008726+00:00,5379,Microsoft-Windows-Security-Auditing,,,,,,,,,,,,,,3780,,,1,,,,,,,,,,,,,,,,,,,,,,,,,,,,,,,,,,,,,,,,,,,,,,,,,,,,,,,,,,,,,,,,,,,,,2026-04-01 17:17:51.206451+00:00,,,,,,,%%8100,,,,,,,0,,,,,,NORMALVM,0x000000000003f7ec,pizza,S-1-5-21-2352865859-2334931103-2005901029-1001,,,,,,MicrosoftAccount:user=pizzahuthacker@gmail.com,,,,,,,,,,,,,0,,,,,,,,
5103,2026-04-01 17:22:54.008839+00:00,5379,Microsoft-Windows-Security-Auditing,,,,,,,,,,,,,,3780,,,1,,,,,,,,,,,,,,,,,,,,,,,,,,,,,,,,,,,,,,,,,,,,,,,,,,,,,,,,,,,,,,,,,,,,,2026-04-01 17:17:51.206451+00:00,,,,,,,%%8100,,,,,,,0,,,,,,NORMALVM,0x000000000003f7ec,pizza,S-1-5-21-2352865859-2334931103-2005901029-1001,,,,,,MicrosoftAccount:user=pizzahuthacker@gmail.com,,,,,,,,,,,,,0,,,,,,,,
5104,2026-04-01 17:22:54.008921+00:00,5379,Microsoft-Windows-Security-Auditing,,,,,,,,,,,,,,3780,,,1,,,,,,,,,,,,,,,,,,,,,,,,,,,,,,,,,,,,,,,,,,,,,,,,,,,,,,,,,,,,,,,,,,,,,2026-04-01 17:17:51.206451+00:00,,,,,,,%%8100,,,,,,,0,,,,,,NORMALVM,0x000000000003f7ec,pizza,S-1-5-21-2352865859-2334931103-2005901029-1001,,,,,,MicrosoftAccount:user=pizzahuthacker@gmail.com,,,,,,,,,,,,,0,,,,,,,,
5105,2026-04-01 17:22:54.009020+00:00,5379,Microsoft-Windows-Security-Auditing,,,,,,,,,,,,,,3780,,,1,,,,,,,,,,,,,,,,,,,,,,,,,,,,,,,,,,,,,,,,,,,,,,,,,,,,,,,,,,,,,,,,,,,,,2026-04-01 17:17:51.206451+00:00,,,,,,,%%8100,,,,,,,0,,,,,,NORMALVM,0x000000000003f7ec,pizza,S-1-5-21-2352865859-2334931103-2005901029-1001,,,,,,MicrosoftAccount:user=pizzahuthacker@gmail.com,,,,,,,,,,,,,0,,,,,,,,
5106,2026-04-01 17:22:54.009155+00:00,5379,Microsoft-Windows-Security-Auditing,,,,,,,,,,,,,,3780,,,1,,,,,,,,,,,,,,,,,,,,,,,,,,,,,,,,,,,,,,,,,,,,,,,,,,,,,,,,,,,,,,,,,,,,,2026-04-01 17:17:51.206451+00:00,,,,,,,%%8100,,,,,,,0,,,,,,NORMALVM,0x000000000003f7ec,pizza,S-1-5-21-2352865859-2334931103-2005901029-1001,,,,,,MicrosoftAccount:user=pizzahuthacker@gmail.com,,,,,,,,,,,,,0,,,,,,,,
5107,2026-04-01 17:22:54.010056+00:00,5379,Microsoft-Windows-Security-Auditing,,,,,,,,,,,,,,3780,,,1,,,,,,,,,,,,,,,,,,,,,,,,,,,,,,,,,,,,,,,,,,,,,,,,,,,,,,,,,,,,,,,,,,,,,2026-04-01 17:17:51.206451+00:00,,,,,,,%%8100,,,,,,,0,,,,,,NORMALVM,0x000000000003f7ec,pizza,S-1-5-21-2352865859-2334931103-2005901029-1001,,,,,,MicrosoftAccount:user=pizzahuthacker@gmail.com,,,,,,,,,,,,,0,,,,,,,,
5108,2026-04-01 17:22:54.010300+00:00,5379,Microsoft-Windows-Security-Auditing,,,,,,,,,,,,,,3780,,,1,,,,,,,,,,,,,,,,,,,,,,,,,,,,,,,,,,,,,,,,,,,,,,,,,,,,,,,,,,,,,,,,,,,,,2026-04-01 17:17:51.206451+00:00,,,,,,,%%8100,,,,,,,0,,,,,,NORMALVM,0x000000000003f7ec,pizza,S-1-5-21-2352865859-2334931103-2005901029-1001,,,,,,MicrosoftAccount:user=pizzahuthacker@gmail.com,,,,,,,,,,,,,0,,,,,,,,
5109,2026-04-01 17:22:54.010586+00:00,5379,Microsoft-Windows-Security-Auditing,,,,,,,,,,,,,,3780,,,1,,,,,,,,,,,,,,,,,,,,,,,,,,,,,,,,,,,,,,,,,,,,,,,,,,,,,,,,,,,,,,,,,,,,,2026-04-01 17:17:51.206451+00:00,,,,,,,%%8100,,,,,,,0,,,,,,NORMALVM,0x000000000003f7ec,pizza,S-1-5-21-2352865859-2334931103-2005901029-1001,,,,,,MicrosoftAccount:user=pizzahuthacker@gmail.com,,,,,,,,,,,,,0,,,,,,,,
5110,2026-04-01 17:22:54.010736+00:00,5379,Microsoft-Windows-Security-Auditing,,,,,,,,,,,,,,3780,,,1,,,,,,,,,,,,,,,,,,,,,,,,,,,,,,,,,,,,,,,,,,,,,,,,,,,,,,,,,,,,,,,,,,,,,2026-04-01 17:17:51.206451+00:00,,,,,,,%%8100,,,,,,,0,,,,,,NORMALVM,0x000000000003f7ec,pizza,S-1-5-21-2352865859-2334931103-2005901029-1001,,,,,,MicrosoftAccount:user=pizzahuthacker@gmail.com,,,,,,,,,,,,,0,,,,,,,,
5111,2026-04-01 17:22:54.010893+00:00,5379,Microsoft-Windows-Security-Auditing,,,,,,,,,,,,,,3780,,,1,,,,,,,,,,,,,,,,,,,,,,,,,,,,,,,,,,,,,,,,,,,,,,,,,,,,,,,,,,,,,,,,,,,,,2026-04-01 17:17:51.206451+00:00,,,,,,,%%8100,,,,,,,0,,,,,,NORMALVM,0x000000000003f7ec,pizza,S-1-5-21-2352865859-2334931103-2005901029-1001,,,,,,MicrosoftAccount:user=pizzahuthacker@gmail.com,,,,,,,,,,,,,0,,,,,,,,
5112,2026-04-01 17:22:54.010996+00:00,5379,Microsoft-Windows-Security-Auditing,,,,,,,,,,,,,,3780,,,1,,,,,,,,,,,,,,,,,,,,,,,,,,,,,,,,,,,,,,,,,,,,,,,,,,,,,,,,,,,,,,,,,,,,,2026-04-01 17:17:51.206451+00:00,,,,,,,%%8100,,,,,,,0,,,,,,NORMALVM,0x000000000003f7ec,pizza,S-1-5-21-2352865859-2334931103-2005901029-1001,,,,,,MicrosoftAccount:user=pizzahuthacker@gmail.com,,,,,,,,,,,,,0,,,,,,,,
5113,2026-04-01 17:23:10.556282+00:00,4624,Microsoft-Windows-Security-Auditing,,,,,,,,,,Negotiate,,,,,,,,,,,,,,,%%1842,,,,,,,,,,,,%%1833,-,-,,,0,,,,-,,,,,{00000000-0000-0000-0000-000000000000},,Advapi  ,5,,,,,,,,,,,,,,,,,,,,,,,,,,,,,,,,,0x00000000000002dc,C:\Windows\System32\services.exe,,,,,,-,,,,,-,,,,,,,WORKGROUP,0x00000000000003e7,NORMALVM$,S-1-5-18,NT AUTHORITY,,0x0000000000000000,,0x00000000000003e7,,-,-,,,,,SYSTEM,S-1-5-18,,,,-,,,,,,%%1843,,,-
5114,2026-04-01 17:23:10.556288+00:00,4672,Microsoft-Windows-Security-Auditing,,,,,,,,,,,,,,,,,,,,,,,,,,,,,,,,,,,,,,,,,,,,,,,,,,,,,,,,,,,,,,,,,,,,,,,,,,,,,,,,,,,,,"SeAssignPrimaryTokenPrivilege
			SeTcbPrivilege
			SeSecurityPrivilege
			SeTakeOwnershipPrivilege
			SeLoadDriverPrivilege
			SeBackupPrivilege
			SeRestorePrivilege
			SeDebugPrivilege
			SeAuditPrivilege
			SeSystemEnvironmentPrivilege
			SeImpersonatePrivilege
			SeDelegateSessionUserImpersonatePrivilege",,,,,,,,,,,,,,,,,,,,,NT AUTHORITY,0x00000000000003e7,SYSTEM,S-1-5-18,,,,,,,,,,,,,,,,,,,,,,,,,,,
5115,2026-04-01 17:23:23.958588+00:00,4624,Microsoft-Windows-Security-Auditing,,,,,,,,,,Negotiate,,,,,,,,,,,,,,,%%1842,,,,,,,,,,,,%%1833,-,-,,,0,,,,-,,,,,{00000000-0000-0000-0000-000000000000},,Advapi  ,5,,,,,,,,,,,,,,,,,,,,,,,,,,,,,,,,,0x00000000000002dc,C:\Windows\System32\services.exe,,,,,,-,,,,,-,,,,,,,WORKGROUP,0x00000000000003e7,NORMALVM$,S-1-5-18,NT AUTHORITY,,0x0000000000000000,,0x00000000000003e7,,-,-,,,,,SYSTEM,S-1-5-18,,,,-,,,,,,%%1843,,,-
5116,2026-04-01 17:23:23.958595+00:00,4672,Microsoft-Windows-Security-Auditing,,,,,,,,,,,,,,,,,,,,,,,,,,,,,,,,,,,,,,,,,,,,,,,,,,,,,,,,,,,,,,,,,,,,,,,,,,,,,,,,,,,,,"SeAssignPrimaryTokenPrivilege
			SeTcbPrivilege
			SeSecurityPrivilege
			SeTakeOwnershipPrivilege
			SeLoadDriverPrivilege
			SeBackupPrivilege
			SeRestorePrivilege
			SeDebugPrivilege
			SeAuditPrivilege
			SeSystemEnvironmentPrivilege
			SeImpersonatePrivilege
			SeDelegateSessionUserImpersonatePrivilege",,,,,,,,,,,,,,,,,,,,,NT AUTHORITY,0x00000000000003e7,SYSTEM,S-1-5-18,,,,,,,,,,,,,,,,,,,,,,,,,,,
5117,2026-04-01 17:23:38.767109+00:00,4799,Microsoft-Windows-Security-Auditing,,,,,,,,,,,0x0000000000001f90,C:\Windows\System32\taskhostw.exe,,,,,,,,,,,,,,,,,,,,,,,,,,,,,,,,,,,,,,,,,,,,,,,,,,,,,,,,,,,,,,,,,,,,,,,,,,,,,,,,,,,,,,,,,,,,,,NORMALVM,0x000000000003f7ae,pizza,S-1-5-21-2352865859-2334931103-2005901029-1001,Builtin,,,,,,,,,,,S-1-5-32-544,Administrators,,,,,,,,,,,,,,
5118,2026-04-01 17:23:40.366465+00:00,4624,Microsoft-Windows-Security-Auditing,,,,,,,,,,Negotiate,,,,,,,,,,,,,,,%%1842,,,,,,,,,,,,%%1833,-,-,,,0,,,,-,,,,,{00000000-0000-0000-0000-000000000000},,Advapi  ,5,,,,,,,,,,,,,,,,,,,,,,,,,,,,,,,,,0x00000000000002dc,C:\Windows\System32\services.exe,,,,,,-,,,,,-,,,,,,,WORKGROUP,0x00000000000003e7,NORMALVM$,S-1-5-18,NT AUTHORITY,,0x0000000000000000,,0x00000000000003e7,,-,-,,,,,SYSTEM,S-1-5-18,,,,-,,,,,,%%1843,,,-
5119,2026-04-01 17:23:40.366472+00:00,4672,Microsoft-Windows-Security-Auditing,,,,,,,,,,,,,,,,,,,,,,,,,,,,,,,,,,,,,,,,,,,,,,,,,,,,,,,,,,,,,,,,,,,,,,,,,,,,,,,,,,,,,"SeAssignPrimaryTokenPrivilege
			SeTcbPrivilege
			SeSecurityPrivilege
			SeTakeOwnershipPrivilege
			SeLoadDriverPrivilege
			SeBackupPrivilege
			SeRestorePrivilege
			SeDebugPrivilege
			SeAuditPrivilege
			SeSystemEnvironmentPrivilege
			SeImpersonatePrivilege
			SeDelegateSessionUserImpersonatePrivilege",,,,,,,,,,,,,,,,,,,,,NT AUTHORITY,0x00000000000003e7,SYSTEM,S-1-5-18,,,,,,,,,,,,,,,,,,,,,,,,,,,
5120,2026-04-01 17:23:41.245506+00:00,5379,Microsoft-Windows-Security-Auditing,,,,,,,,,,,,,,3780,,,1,,,,,,,,,,,,,,,,,,,,,,,,,,,,,,,,,,,,,,,,,,,,,,,,,,,,,,,,,,,,,,,,,,,,,2026-04-01 17:17:51.206451+00:00,,,,,,,%%8100,,,,,,,0,,,,,,NORMALVM,0x000000000003f7ec,pizza,S-1-5-21-2352865859-2334931103-2005901029-1001,,,,,,MicrosoftAccount:user=pizzahuthacker@gmail.com,,,,,,,,,,,,,0,,,,,,,,
5121,2026-04-01 17:23:41.246334+00:00,5379,Microsoft-Windows-Security-Auditing,,,,,,,,,,,,,,3780,,,0,,,,,,,,,,,,,,,,,,,,,,,,,,,,,,,,,,,,,,,,,,,,,,,,,,,,,,,,,,,,,,,,,,,,,2026-04-01 17:17:51.206451+00:00,,,,,,,%%8100,,,,,,,3221226021,,,,,,NORMALVM,0x000000000003f7ec,pizza,S-1-5-21-2352865859-2334931103-2005901029-1001,,,,,,WindowsLive:(token):name=pizzahuthacker@gmail.com;serviceuri=*,,,,,,,,,,,,,0,,,,,,,,
5122,2026-04-01 17:23:41.246378+00:00,5379,Microsoft-Windows-Security-Auditing,,,,,,,,,,,,,,3780,,,0,,,,,,,,,,,,,,,,,,,,,,,,,,,,,,,,,,,,,,,,,,,,,,,,,,,,,,,,,,,,,,,,,,,,,2026-04-01 17:17:51.206451+00:00,,,,,,,%%8100,,,,,,,3221226021,,,,,,NORMALVM,0x000000000003f7ec,pizza,S-1-5-21-2352865859-2334931103-2005901029-1001,,,,,,WindowsLive:(cert):name=pizzahuthacker@gmail.com;serviceuri=*,,,,,,,,,,,,,0,,,,,,,,
5123,2026-04-01 17:23:41.251051+00:00,5379,Microsoft-Windows-Security-Auditing,,,,,,,,,,,,,,3780,,,1,,,,,,,,,,,,,,,,,,,,,,,,,,,,,,,,,,,,,,,,,,,,,,,,,,,,,,,,,,,,,,,,,,,,,2026-04-01 17:17:51.206451+00:00,,,,,,,%%8100,,,,,,,0,,,,,,NORMALVM,0x000000000003f7ec,pizza,S-1-5-21-2352865859-2334931103-2005901029-1001,,,,,,MicrosoftAccount:user=pizzahuthacker@gmail.com,,,,,,,,,,,,,0,,,,,,,,
5124,2026-04-01 17:23:41.252310+00:00,5379,Microsoft-Windows-Security-Auditing,,,,,,,,,,,,,,3780,,,1,,,,,,,,,,,,,,,,,,,,,,,,,,,,,,,,,,,,,,,,,,,,,,,,,,,,,,,,,,,,,,,,,,,,,2026-04-01 17:17:51.206451+00:00,,,,,,,%%8100,,,,,,,0,,,,,,NORMALVM,0x000000000003f7ec,pizza,S-1-5-21-2352865859-2334931103-2005901029-1001,,,,,,MicrosoftAccount:user=pizzahuthacker@gmail.com,,,,,,,,,,,,,0,,,,,,,,
5125,2026-04-01 17:23:41.485798+00:00,5379,Microsoft-Windows-Security-Auditing,,,,,,,,,,,,,,3780,,,1,,,,,,,,,,,,,,,,,,,,,,,,,,,,,,,,,,,,,,,,,,,,,,,,,,,,,,,,,,,,,,,,,,,,,2026-04-01 17:17:51.206451+00:00,,,,,,,%%8100,,,,,,,0,,,,,,NORMALVM,0x000000000003f7ec,pizza,S-1-5-21-2352865859-2334931103-2005901029-1001,,,,,,MicrosoftAccount:user=pizzahuthacker@gmail.com,,,,,,,,,,,,,0,,,,,,,,
5126,2026-04-01 17:23:41.485977+00:00,5379,Microsoft-Windows-Security-Auditing,,,,,,,,,,,,,,3780,,,1,,,,,,,,,,,,,,,,,,,,,,,,,,,,,,,,,,,,,,,,,,,,,,,,,,,,,,,,,,,,,,,,,,,,,2026-04-01 17:17:51.206451+00:00,,,,,,,%%8100,,,,,,,0,,,,,,NORMALVM,0x000000000003f7ec,pizza,S-1-5-21-2352865859-2334931103-2005901029-1001,,,,,,MicrosoftAccount:user=pizzahuthacker@gmail.com,,,,,,,,,,,,,0,,,,,,,,
5127,2026-04-01 17:23:41.486151+00:00,5379,Microsoft-Windows-Security-Auditing,,,,,,,,,,,,,,3780,,,1,,,,,,,,,,,,,,,,,,,,,,,,,,,,,,,,,,,,,,,,,,,,,,,,,,,,,,,,,,,,,,,,,,,,,2026-04-01 17:17:51.206451+00:00,,,,,,,%%8100,,,,,,,0,,,,,,NORMALVM,0x000000000003f7ec,pizza,S-1-5-21-2352865859-2334931103-2005901029-1001,,,,,,MicrosoftAccount:user=pizzahuthacker@gmail.com,,,,,,,,,,,,,0,,,,,,,,
5128,2026-04-01 17:23:41.486254+00:00,5379,Microsoft-Windows-Security-Auditing,,,,,,,,,,,,,,3780,,,1,,,,,,,,,,,,,,,,,,,,,,,,,,,,,,,,,,,,,,,,,,,,,,,,,,,,,,,,,,,,,,,,,,,,,2026-04-01 17:17:51.206451+00:00,,,,,,,%%8100,,,,,,,0,,,,,,NORMALVM,0x000000000003f7ec,pizza,S-1-5-21-2352865859-2334931103-2005901029-1001,,,,,,MicrosoftAccount:user=pizzahuthacker@gmail.com,,,,,,,,,,,,,0,,,,,,,,
5129,2026-04-01 17:23:41.486376+00:00,5379,Microsoft-Windows-Security-Auditing,,,,,,,,,,,,,,3780,,,1,,,,,,,,,,,,,,,,,,,,,,,,,,,,,,,,,,,,,,,,,,,,,,,,,,,,,,,,,,,,,,,,,,,,,2026-04-01 17:17:51.206451+00:00,,,,,,,%%8100,,,,,,,0,,,,,,NORMALVM,0x000000000003f7ec,pizza,S-1-5-21-2352865859-2334931103-2005901029-1001,,,,,,MicrosoftAccount:user=pizzahuthacker@gmail.com,,,,,,,,,,,,,0,,,,,,,,
5130,2026-04-01 17:23:41.486477+00:00,5379,Microsoft-Windows-Security-Auditing,,,,,,,,,,,,,,3780,,,1,,,,,,,,,,,,,,,,,,,,,,,,,,,,,,,,,,,,,,,,,,,,,,,,,,,,,,,,,,,,,,,,,,,,,2026-04-01 17:17:51.206451+00:00,,,,,,,%%8100,,,,,,,0,,,,,,NORMALVM,0x000000000003f7ec,pizza,S-1-5-21-2352865859-2334931103-2005901029-1001,,,,,,MicrosoftAccount:user=pizzahuthacker@gmail.com,,,,,,,,,,,,,0,,,,,,,,
5131,2026-04-01 17:23:41.487141+00:00,5379,Microsoft-Windows-Security-Auditing,,,,,,,,,,,,,,3780,,,1,,,,,,,,,,,,,,,,,,,,,,,,,,,,,,,,,,,,,,,,,,,,,,,,,,,,,,,,,,,,,,,,,,,,,2026-04-01 17:17:51.206451+00:00,,,,,,,%%8100,,,,,,,0,,,,,,NORMALVM,0x000000000003f7ec,pizza,S-1-5-21-2352865859-2334931103-2005901029-1001,,,,,,MicrosoftAccount:user=pizzahuthacker@gmail.com,,,,,,,,,,,,,0,,,,,,,,
5132,2026-04-01 17:23:41.487268+00:00,5379,Microsoft-Windows-Security-Auditing,,,,,,,,,,,,,,3780,,,1,,,,,,,,,,,,,,,,,,,,,,,,,,,,,,,,,,,,,,,,,,,,,,,,,,,,,,,,,,,,,,,,,,,,,2026-04-01 17:17:51.206451+00:00,,,,,,,%%8100,,,,,,,0,,,,,,NORMALVM,0x000000000003f7ec,pizza,S-1-5-21-2352865859-2334931103-2005901029-1001,,,,,,MicrosoftAccount:user=pizzahuthacker@gmail.com,,,,,,,,,,,,,0,,,,,,,,
5133,2026-04-01 17:23:41.487400+00:00,5379,Microsoft-Windows-Security-Auditing,,,,,,,,,,,,,,3780,,,1,,,,,,,,,,,,,,,,,,,,,,,,,,,,,,,,,,,,,,,,,,,,,,,,,,,,,,,,,,,,,,,,,,,,,2026-04-01 17:17:51.206451+00:00,,,,,,,%%8100,,,,,,,0,,,,,,NORMALVM,0x000000000003f7ec,pizza,S-1-5-21-2352865859-2334931103-2005901029-1001,,,,,,MicrosoftAccount:user=pizzahuthacker@gmail.com,,,,,,,,,,,,,0,,,,,,,,
5134,2026-04-01 17:23:41.487488+00:00,5379,Microsoft-Windows-Security-Auditing,,,,,,,,,,,,,,3780,,,1,,,,,,,,,,,,,,,,,,,,,,,,,,,,,,,,,,,,,,,,,,,,,,,,,,,,,,,,,,,,,,,,,,,,,2026-04-01 17:17:51.206451+00:00,,,,,,,%%8100,,,,,,,0,,,,,,NORMALVM,0x000000000003f7ec,pizza,S-1-5-21-2352865859-2334931103-2005901029-1001,,,,,,MicrosoftAccount:user=pizzahuthacker@gmail.com,,,,,,,,,,,,,0,,,,,,,,
5135,2026-04-01 17:23:41.487585+00:00,5379,Microsoft-Windows-Security-Auditing,,,,,,,,,,,,,,3780,,,1,,,,,,,,,,,,,,,,,,,,,,,,,,,,,,,,,,,,,,,,,,,,,,,,,,,,,,,,,,,,,,,,,,,,,2026-04-01 17:17:51.206451+00:00,,,,,,,%%8100,,,,,,,0,,,,,,NORMALVM,0x000000000003f7ec,pizza,S-1-5-21-2352865859-2334931103-2005901029-1001,,,,,,MicrosoftAccount:user=pizzahuthacker@gmail.com,,,,,,,,,,,,,0,,,,,,,,
5136,2026-04-01 17:23:41.490366+00:00,5379,Microsoft-Windows-Security-Auditing,,,,,,,,,,,,,,3780,,,1,,,,,,,,,,,,,,,,,,,,,,,,,,,,,,,,,,,,,,,,,,,,,,,,,,,,,,,,,,,,,,,,,,,,,2026-04-01 17:17:51.206451+00:00,,,,,,,%%8100,,,,,,,0,,,,,,NORMALVM,0x000000000003f7ec,pizza,S-1-5-21-2352865859-2334931103-2005901029-1001,,,,,,MicrosoftAccount:user=pizzahuthacker@gmail.com,,,,,,,,,,,,,0,,,,,,,,
5137,2026-04-01 17:23:41.491478+00:00,5379,Microsoft-Windows-Security-Auditing,,,,,,,,,,,,,,3780,,,1,,,,,,,,,,,,,,,,,,,,,,,,,,,,,,,,,,,,,,,,,,,,,,,,,,,,,,,,,,,,,,,,,,,,,2026-04-01 17:17:51.206451+00:00,,,,,,,%%8100,,,,,,,0,,,,,,NORMALVM,0x000000000003f7ec,pizza,S-1-5-21-2352865859-2334931103-2005901029-1001,,,,,,MicrosoftAccount:user=pizzahuthacker@gmail.com,,,,,,,,,,,,,0,,,,,,,,
5138,2026-04-01 17:23:41.491594+00:00,5379,Microsoft-Windows-Security-Auditing,,,,,,,,,,,,,,3780,,,1,,,,,,,,,,,,,,,,,,,,,,,,,,,,,,,,,,,,,,,,,,,,,,,,,,,,,,,,,,,,,,,,,,,,,2026-04-01 17:17:51.206451+00:00,,,,,,,%%8100,,,,,,,0,,,,,,NORMALVM,0x000000000003f7ec,pizza,S-1-5-21-2352865859-2334931103-2005901029-1001,,,,,,MicrosoftAccount:user=pizzahuthacker@gmail.com,,,,,,,,,,,,,0,,,,,,,,
5139,2026-04-01 17:23:41.491728+00:00,5379,Microsoft-Windows-Security-Auditing,,,,,,,,,,,,,,3780,,,1,,,,,,,,,,,,,,,,,,,,,,,,,,,,,,,,,,,,,,,,,,,,,,,,,,,,,,,,,,,,,,,,,,,,,2026-04-01 17:17:51.206451+00:00,,,,,,,%%8100,,,,,,,0,,,,,,NORMALVM,0x000000000003f7ec,pizza,S-1-5-21-2352865859-2334931103-2005901029-1001,,,,,,MicrosoftAccount:user=pizzahuthacker@gmail.com,,,,,,,,,,,,,0,,,,,,,,
5140,2026-04-01 17:23:41.492023+00:00,5379,Microsoft-Windows-Security-Auditing,,,,,,,,,,,,,,3780,,,1,,,,,,,,,,,,,,,,,,,,,,,,,,,,,,,,,,,,,,,,,,,,,,,,,,,,,,,,,,,,,,,,,,,,,2026-04-01 17:17:51.206451+00:00,,,,,,,%%8099,,,,,,,0,,,,,,NORMALVM,0x000000000003f7ec,pizza,S-1-5-21-2352865859-2334931103-2005901029-1001,,,,,,MicrosoftAccount:user=pizzahuthacker@gmail.com,,,,,,,,,,,,,1,,,,,,,,
5141,2026-04-01 17:23:41.497700+00:00,5379,Microsoft-Windows-Security-Auditing,,,,,,,,,,,,,,3780,,,1,,,,,,,,,,,,,,,,,,,,,,,,,,,,,,,,,,,,,,,,,,,,,,,,,,,,,,,,,,,,,,,,,,,,,2026-04-01 17:17:51.206451+00:00,,,,,,,%%8100,,,,,,,0,,,,,,NORMALVM,0x000000000003f7ec,pizza,S-1-5-21-2352865859-2334931103-2005901029-1001,,,,,,MicrosoftAccount:user=pizzahuthacker@gmail.com,,,,,,,,,,,,,0,,,,,,,,
5142,2026-04-01 17:23:41.497833+00:00,5379,Microsoft-Windows-Security-Auditing,,,,,,,,,,,,,,3780,,,1,,,,,,,,,,,,,,,,,,,,,,,,,,,,,,,,,,,,,,,,,,,,,,,,,,,,,,,,,,,,,,,,,,,,,2026-04-01 17:17:51.206451+00:00,,,,,,,%%8100,,,,,,,0,,,,,,NORMALVM,0x000000000003f7ec,pizza,S-1-5-21-2352865859-2334931103-2005901029-1001,,,,,,MicrosoftAccount:user=pizzahuthacker@gmail.com,,,,,,,,,,,,,0,,,,,,,,
5143,2026-04-01 17:23:41.497950+00:00,5379,Microsoft-Windows-Security-Auditing,,,,,,,,,,,,,,3780,,,1,,,,,,,,,,,,,,,,,,,,,,,,,,,,,,,,,,,,,,,,,,,,,,,,,,,,,,,,,,,,,,,,,,,,,2026-04-01 17:17:51.206451+00:00,,,,,,,%%8100,,,,,,,0,,,,,,NORMALVM,0x000000000003f7ec,pizza,S-1-5-21-2352865859-2334931103-2005901029-1001,,,,,,MicrosoftAccount:user=pizzahuthacker@gmail.com,,,,,,,,,,,,,0,,,,,,,,
5144,2026-04-01 17:23:41.498043+00:00,5379,Microsoft-Windows-Security-Auditing,,,,,,,,,,,,,,3780,,,1,,,,,,,,,,,,,,,,,,,,,,,,,,,,,,,,,,,,,,,,,,,,,,,,,,,,,,,,,,,,,,,,,,,,,2026-04-01 17:17:51.206451+00:00,,,,,,,%%8100,,,,,,,0,,,,,,NORMALVM,0x000000000003f7ec,pizza,S-1-5-21-2352865859-2334931103-2005901029-1001,,,,,,MicrosoftAccount:user=pizzahuthacker@gmail.com,,,,,,,,,,,,,0,,,,,,,,
5145,2026-04-01 17:23:41.498159+00:00,5379,Microsoft-Windows-Security-Auditing,,,,,,,,,,,,,,3780,,,1,,,,,,,,,,,,,,,,,,,,,,,,,,,,,,,,,,,,,,,,,,,,,,,,,,,,,,,,,,,,,,,,,,,,,2026-04-01 17:17:51.206451+00:00,,,,,,,%%8100,,,,,,,0,,,,,,NORMALVM,0x000000000003f7ec,pizza,S-1-5-21-2352865859-2334931103-2005901029-1001,,,,,,MicrosoftAccount:user=pizzahuthacker@gmail.com,,,,,,,,,,,,,0,,,,,,,,
5146,2026-04-01 17:23:41.498240+00:00,5379,Microsoft-Windows-Security-Auditing,,,,,,,,,,,,,,3780,,,1,,,,,,,,,,,,,,,,,,,,,,,,,,,,,,,,,,,,,,,,,,,,,,,,,,,,,,,,,,,,,,,,,,,,,2026-04-01 17:17:51.206451+00:00,,,,,,,%%8100,,,,,,,0,,,,,,NORMALVM,0x000000000003f7ec,pizza,S-1-5-21-2352865859-2334931103-2005901029-1001,,,,,,MicrosoftAccount:user=pizzahuthacker@gmail.com,,,,,,,,,,,,,0,,,,,,,,
5147,2026-04-01 17:23:41.498341+00:00,5379,Microsoft-Windows-Security-Auditing,,,,,,,,,,,,,,3780,,,1,,,,,,,,,,,,,,,,,,,,,,,,,,,,,,,,,,,,,,,,,,,,,,,,,,,,,,,,,,,,,,,,,,,,,2026-04-01 17:17:51.206451+00:00,,,,,,,%%8100,,,,,,,0,,,,,,NORMALVM,0x000000000003f7ec,pizza,S-1-5-21-2352865859-2334931103-2005901029-1001,,,,,,MicrosoftAccount:user=pizzahuthacker@gmail.com,,,,,,,,,,,,,0,,,,,,,,
5148,2026-04-01 17:23:41.498415+00:00,5379,Microsoft-Windows-Security-Auditing,,,,,,,,,,,,,,3780,,,1,,,,,,,,,,,,,,,,,,,,,,,,,,,,,,,,,,,,,,,,,,,,,,,,,,,,,,,,,,,,,,,,,,,,,2026-04-01 17:17:51.206451+00:00,,,,,,,%%8100,,,,,,,0,,,,,,NORMALVM,0x000000000003f7ec,pizza,S-1-5-21-2352865859-2334931103-2005901029-1001,,,,,,MicrosoftAccount:user=pizzahuthacker@gmail.com,,,,,,,,,,,,,0,,,,,,,,
5149,2026-04-01 17:23:41.498514+00:00,5379,Microsoft-Windows-Security-Auditing,,,,,,,,,,,,,,3780,,,1,,,,,,,,,,,,,,,,,,,,,,,,,,,,,,,,,,,,,,,,,,,,,,,,,,,,,,,,,,,,,,,,,,,,,2026-04-01 17:17:51.206451+00:00,,,,,,,%%8100,,,,,,,0,,,,,,NORMALVM,0x000000000003f7ec,pizza,S-1-5-21-2352865859-2334931103-2005901029-1001,,,,,,MicrosoftAccount:user=pizzahuthacker@gmail.com,,,,,,,,,,,,,0,,,,,,,,
5150,2026-04-01 17:23:41.498631+00:00,5379,Microsoft-Windows-Security-Auditing,,,,,,,,,,,,,,3780,,,1,,,,,,,,,,,,,,,,,,,,,,,,,,,,,,,,,,,,,,,,,,,,,,,,,,,,,,,,,,,,,,,,,,,,,2026-04-01 17:17:51.206451+00:00,,,,,,,%%8100,,,,,,,0,,,,,,NORMALVM,0x000000000003f7ec,pizza,S-1-5-21-2352865859-2334931103-2005901029-1001,,,,,,MicrosoftAccount:user=pizzahuthacker@gmail.com,,,,,,,,,,,,,0,,,,,,,,
5151,2026-04-01 17:23:41.498741+00:00,5379,Microsoft-Windows-Security-Auditing,,,,,,,,,,,,,,3780,,,1,,,,,,,,,,,,,,,,,,,,,,,,,,,,,,,,,,,,,,,,,,,,,,,,,,,,,,,,,,,,,,,,,,,,,2026-04-01 17:17:51.206451+00:00,,,,,,,%%8100,,,,,,,0,,,,,,NORMALVM,0x000000000003f7ec,pizza,S-1-5-21-2352865859-2334931103-2005901029-1001,,,,,,MicrosoftAccount:user=pizzahuthacker@gmail.com,,,,,,,,,,,,,0,,,,,,,,
5152,2026-04-01 17:23:41.498821+00:00,5379,Microsoft-Windows-Security-Auditing,,,,,,,,,,,,,,3780,,,1,,,,,,,,,,,,,,,,,,,,,,,,,,,,,,,,,,,,,,,,,,,,,,,,,,,,,,,,,,,,,,,,,,,,,2026-04-01 17:17:51.206451+00:00,,,,,,,%%8100,,,,,,,0,,,,,,NORMALVM,0x000000000003f7ec,pizza,S-1-5-21-2352865859-2334931103-2005901029-1001,,,,,,MicrosoftAccount:user=pizzahuthacker@gmail.com,,,,,,,,,,,,,0,,,,,,,,
5153,2026-04-01 17:23:41.498922+00:00,5379,Microsoft-Windows-Security-Auditing,,,,,,,,,,,,,,3780,,,1,,,,,,,,,,,,,,,,,,,,,,,,,,,,,,,,,,,,,,,,,,,,,,,,,,,,,,,,,,,,,,,,,,,,,2026-04-01 17:17:51.206451+00:00,,,,,,,%%8100,,,,,,,0,,,,,,NORMALVM,0x000000000003f7ec,pizza,S-1-5-21-2352865859-2334931103-2005901029-1001,,,,,,MicrosoftAccount:user=pizzahuthacker@gmail.com,,,,,,,,,,,,,0,,,,,,,,
5154,2026-04-01 17:23:41.505327+00:00,5379,Microsoft-Windows-Security-Auditing,,,,,,,,,,,,,,3780,,,1,,,,,,,,,,,,,,,,,,,,,,,,,,,,,,,,,,,,,,,,,,,,,,,,,,,,,,,,,,,,,,,,,,,,,2026-04-01 17:17:51.206451+00:00,,,,,,,%%8100,,,,,,,0,,,,,,NORMALVM,0x000000000003f7ec,pizza,S-1-5-21-2352865859-2334931103-2005901029-1001,,,,,,MicrosoftAccount:user=pizzahuthacker@gmail.com,,,,,,,,,,,,,0,,,,,,,,
5155,2026-04-01 17:23:41.506256+00:00,5379,Microsoft-Windows-Security-Auditing,,,,,,,,,,,,,,3780,,,1,,,,,,,,,,,,,,,,,,,,,,,,,,,,,,,,,,,,,,,,,,,,,,,,,,,,,,,,,,,,,,,,,,,,,2026-04-01 17:17:51.206451+00:00,,,,,,,%%8100,,,,,,,0,,,,,,NORMALVM,0x000000000003f7ec,pizza,S-1-5-21-2352865859-2334931103-2005901029-1001,,,,,,MicrosoftAccount:user=pizzahuthacker@gmail.com,,,,,,,,,,,,,0,,,,,,,,
5156,2026-04-01 17:23:41.506441+00:00,5379,Microsoft-Windows-Security-Auditing,,,,,,,,,,,,,,3780,,,1,,,,,,,,,,,,,,,,,,,,,,,,,,,,,,,,,,,,,,,,,,,,,,,,,,,,,,,,,,,,,,,,,,,,,2026-04-01 17:17:51.206451+00:00,,,,,,,%%8100,,,,,,,0,,,,,,NORMALVM,0x000000000003f7ec,pizza,S-1-5-21-2352865859-2334931103-2005901029-1001,,,,,,MicrosoftAccount:user=pizzahuthacker@gmail.com,,,,,,,,,,,,,0,,,,,,,,
5157,2026-04-01 17:23:41.506540+00:00,5379,Microsoft-Windows-Security-Auditing,,,,,,,,,,,,,,3780,,,1,,,,,,,,,,,,,,,,,,,,,,,,,,,,,,,,,,,,,,,,,,,,,,,,,,,,,,,,,,,,,,,,,,,,,2026-04-01 17:17:51.206451+00:00,,,,,,,%%8100,,,,,,,0,,,,,,NORMALVM,0x000000000003f7ec,pizza,S-1-5-21-2352865859-2334931103-2005901029-1001,,,,,,MicrosoftAccount:user=pizzahuthacker@gmail.com,,,,,,,,,,,,,0,,,,,,,,
5158,2026-04-01 17:23:41.506670+00:00,5379,Microsoft-Windows-Security-Auditing,,,,,,,,,,,,,,3780,,,1,,,,,,,,,,,,,,,,,,,,,,,,,,,,,,,,,,,,,,,,,,,,,,,,,,,,,,,,,,,,,,,,,,,,,2026-04-01 17:17:51.206451+00:00,,,,,,,%%8100,,,,,,,0,,,,,,NORMALVM,0x000000000003f7ec,pizza,S-1-5-21-2352865859-2334931103-2005901029-1001,,,,,,MicrosoftAccount:user=pizzahuthacker@gmail.com,,,,,,,,,,,,,0,,,,,,,,
5159,2026-04-01 17:23:41.506752+00:00,5379,Microsoft-Windows-Security-Auditing,,,,,,,,,,,,,,3780,,,1,,,,,,,,,,,,,,,,,,,,,,,,,,,,,,,,,,,,,,,,,,,,,,,,,,,,,,,,,,,,,,,,,,,,,2026-04-01 17:17:51.206451+00:00,,,,,,,%%8100,,,,,,,0,,,,,,NORMALVM,0x000000000003f7ec,pizza,S-1-5-21-2352865859-2334931103-2005901029-1001,,,,,,MicrosoftAccount:user=pizzahuthacker@gmail.com,,,,,,,,,,,,,0,,,,,,,,
