233,2026-04-01 19:18:17.261189+00:00,4672,Microsoft-Windows-Security-Auditing,,,,,,,,,,,,,,,,,,,,,,,,,,,,,,,,,,,,,,,,,,,,,,,,,,,,,,,,,,,,,,,,,,,,,,,,,,,,,,,,,,,,,"SeAssignPrimaryTokenPrivilege
			SeTcbPrivilege
			SeSecurityPrivilege
			SeTakeOwnershipPrivilege
			SeLoadDriverPrivilege
			SeBackupPrivilege
			SeRestorePrivilege
			SeDebugPrivilege
			SeAuditPrivilege
			SeSystemEnvironmentPrivilege
			SeImpersonatePrivilege
			SeDelegateSessionUserImpersonatePrivilege",,,,,,,,,,,,,,,,,,,,,NT AUTHORITY,0x00000000000003e7,SYSTEM,S-1-5-18,,,,,,,,,,,,,,,,,,,,,,,,,,,
234,2026-04-01 19:18:17.589401+00:00,4728,Microsoft-Windows-Security-Auditing,,,,,,,,,,,,,,,,,,,,,,,,,,,,,,,,,,,,,,,,,,,,,,,,,,,,,,,,,,-,S-1-5-21-2352865859-2334931103-2005901029-1000,,,,,,,,,,,,,,,,,,,,,,,,,,-,,,,,,,,,,,,,,,,,,,,,WORKGROUP,0x00000000000003e7,WIN-2RR949GCCSV$,S-1-5-18,DESKTOP-3RQPMJ6,,,,,,,,,,,S-1-5-21-2352865859-2334931103-2005901029-513,None,,,,,,,,,,,,,,
235,2026-04-01 19:18:17.589563+00:00,4720,Microsoft-Windows-Security-Auditing,,,,,,%%1794,,,-,,,,,,,,,,%%1793,,,,,,,,,,,,%%1793,%%1793,,,,,,,,,,,,,,,,,,,,%%1797,,,,,,,,,,,,,,,,,0x15,,,,,,,0x0,,,,,%%1794,,,513,-,,,,%%1793,,,,,,,,,,,,defaultuser0,,,%%1793,-,WORKGROUP,0x00000000000003e7,WIN-2RR949GCCSV$,S-1-5-18,DESKTOP-3RQPMJ6,,,,,,,,,,,S-1-5-21-2352865859-2334931103-2005901029-1000,defaultuser0,,,,,,,"
		%%2080
		%%2082
		%%2084",%%1793,-,%%1793,,,,
236,2026-04-01 19:18:17.591085+00:00,4732,Microsoft-Windows-Security-Auditing,,,,,,,,,,,,,,,,,,,,,,,,,,,,,,,,,,,,,,,,,,,,,,,,,,,,,,,,,,-,S-1-5-21-2352865859-2334931103-2005901029-1000,,,,,,,,,,,,,,,,,,,,,,,,,,-,,,,,,,,,,,,,,,,,,,,,WORKGROUP,0x00000000000003e7,WIN-2RR949GCCSV$,S-1-5-18,Builtin,,,,,,,,,,,S-1-5-32-545,Users,,,,,,,,,,,,,,
237,2026-04-01 19:18:17.598967+00:00,4722,Microsoft-Windows-Security-Auditing,,,,,,,,,,,,,,,,,,,,,,,,,,,,,,,,,,,,,,,,,,,,,,,,,,,,,,,,,,,,,,,,,,,,,,,,,,,,,,,,,,,,,,,,,,,,,,,,,,,,,,,,,,WORKGROUP,0x00000000000003e7,WIN-2RR949GCCSV$,S-1-5-18,DESKTOP-3RQPMJ6,,,,,,,,,,,S-1-5-21-2352865859-2334931103-2005901029-1000,defaultuser0,,,,,,,,,,,,,,
238,2026-04-01 19:18:17.599010+00:00,4738,Microsoft-Windows-Security-Auditing,,,,,,%%1794,,,-,,,,,,,,,,%%1793,,,,,-,,,,,,,%%1793,%%1793,,,,,,,,,,,,,,,,,,,,%%1797,,,,,,,,,,,,,,,,,0x14,,,,,,,0x15,,,,,%%1794,,,513,-,,,,%%1793,,,,,,,,,,,,defaultuser0,,,%%1793,-,WORKGROUP,0x00000000000003e7,WIN-2RR949GCCSV$,S-1-5-18,DESKTOP-3RQPMJ6,,,,,,,,,,,S-1-5-21-2352865859-2334931103-2005901029-1000,defaultuser0,,,,,,,"
		%%2048",%%1793,-,%%1793,,,,
239,2026-04-01 19:18:17.601500+00:00,4735,Microsoft-Windows-Security-Auditing,,,,,,,,,,,,,,,,,,,,,,,,,,,,,,,,,,,,,,,,,,,,,,,,,,,,,,,,,,,,,,,,,,,,,,,,,,,,,,,,,,,,,-,,,,,,,,,,,,,,,,-,,,,-,WORKGROUP,0x00000000000003e7,WIN-2RR949GCCSV$,S-1-5-18,Builtin,,,,,,,,,,,S-1-5-32-544,Administrators,,,,,,,,,,,,,,
240,2026-04-01 19:18:17.601610+00:00,4781,Microsoft-Windows-Security-Auditing,,,,,,,,,,,,,,,,,,,,,,,,,,,,,,,,,,,,,,,,,,,,,,,,,,,,,,,,,,,,,,,,,,,Administrators,,,,,,,,Administrators,,,,,,,,,,-,,,,,,,,,,,,,,,,,,,,,WORKGROUP,0x00000000000003e7,WIN-2RR949GCCSV$,S-1-5-18,Builtin,,,,,,,,,,,S-1-5-32-544,,,,,,,,,,,,,,,
241,2026-04-01 19:18:17.601618+00:00,4735,Microsoft-Windows-Security-Auditing,,,,,,,,,,,,,,,,,,,,,,,,,,,,,,,,,,,,,,,,,,,,,,,,,,,,,,,,,,,,,,,,,,,,,,,,,,,,,,,,,,,,,-,,,,,,,,,,,,,,,,Administrators,,,,-,WORKGROUP,0x00000000000003e7,WIN-2RR949GCCSV$,S-1-5-18,Builtin,,,,,,,,,,,S-1-5-32-544,Administrators,,,,,,,,,,,,,,
242,2026-04-01 19:18:17.601875+00:00,4735,Microsoft-Windows-Security-Auditing,,,,,,,,,,,,,,,,,,,,,,,,,,,,,,,,,,,,,,,,,,,,,,,,,,,,,,,,,,,,,,,,,,,,,,,,,,,,,,,,,,,,,-,,,,,,,,,,,,,,,,-,,,,-,WORKGROUP,0x00000000000003e7,WIN-2RR949GCCSV$,S-1-5-18,Builtin,,,,,,,,,,,S-1-5-32-545,Users,,,,,,,,,,,,,,
243,2026-04-01 19:18:17.601982+00:00,4781,Microsoft-Windows-Security-Auditing,,,,,,,,,,,,,,,,,,,,,,,,,,,,,,,,,,,,,,,,,,,,,,,,,,,,,,,,,,,,,,,,,,,Users,,,,,,,,Users,,,,,,,,,,-,,,,,,,,,,,,,,,,,,,,,WORKGROUP,0x00000000000003e7,WIN-2RR949GCCSV$,S-1-5-18,Builtin,,,,,,,,,,,S-1-5-32-545,,,,,,,,,,,,,,,
244,2026-04-01 19:18:17.601995+00:00,4735,Microsoft-Windows-Security-Auditing,,,,,,,,,,,,,,,,,,,,,,,,,,,,,,,,,,,,,,,,,,,,,,,,,,,,,,,,,,,,,,,,,,,,,,,,,,,,,,,,,,,,,-,,,,,,,,,,,,,,,,Users,,,,-,WORKGROUP,0x00000000000003e7,WIN-2RR949GCCSV$,S-1-5-18,Builtin,,,,,,,,,,,S-1-5-32-545,Users,,,,,,,,,,,,,,
245,2026-04-01 19:18:17.602146+00:00,4735,Microsoft-Windows-Security-Auditing,,,,,,,,,,,,,,,,,,,,,,,,,,,,,,,,,,,,,,,,,,,,,,,,,,,,,,,,,,,,,,,,,,,,,,,,,,,,,,,,,,,,,-,,,,,,,,,,,,,,,,-,,,,-,WORKGROUP,0x00000000000003e7,WIN-2RR949GCCSV$,S-1-5-18,Builtin,,,,,,,,,,,S-1-5-32-546,Guests,,,,,,,,,,,,,,
246,2026-04-01 19:18:17.602234+00:00,4781,Microsoft-Windows-Security-Auditing,,,,,,,,,,,,,,,,,,,,,,,,,,,,,,,,,,,,,,,,,,,,,,,,,,,,,,,,,,,,,,,,,,,Guests,,,,,,,,Guests,,,,,,,,,,-,,,,,,,,,,,,,,,,,,,,,WORKGROUP,0x00000000000003e7,WIN-2RR949GCCSV$,S-1-5-18,Builtin,,,,,,,,,,,S-1-5-32-546,,,,,,,,,,,,,,,
247,2026-04-01 19:18:17.602240+00:00,4735,Microsoft-Windows-Security-Auditing,,,,,,,,,,,,,,,,,,,,,,,,,,,,,,,,,,,,,,,,,,,,,,,,,,,,,,,,,,,,,,,,,,,,,,,,,,,,,,,,,,,,,-,,,,,,,,,,,,,,,,Guests,,,,-,WORKGROUP,0x00000000000003e7,WIN-2RR949GCCSV$,S-1-5-18,Builtin,,,,,,,,,,,S-1-5-32-546,Guests,,,,,,,,,,,,,,
248,2026-04-01 19:18:17.602375+00:00,4735,Microsoft-Windows-Security-Auditing,,,,,,,,,,,,,,,,,,,,,,,,,,,,,,,,,,,,,,,,,,,,,,,,,,,,,,,,,,,,,,,,,,,,,,,,,,,,,,,,,,,,,-,,,,,,,,,,,,,,,,-,,,,-,WORKGROUP,0x00000000000003e7,WIN-2RR949GCCSV$,S-1-5-18,Builtin,,,,,,,,,,,S-1-5-32-558,Performance Monitor Users,,,,,,,,,,,,,,
249,2026-04-01 19:18:17.602476+00:00,4781,Microsoft-Windows-Security-Auditing,,,,,,,,,,,,,,,,,,,,,,,,,,,,,,,,,,,,,,,,,,,,,,,,,,,,,,,,,,,,,,,,,,,Performance Monitor Users,,,,,,,,Performance Monitor Users,,,,,,,,,,-,,,,,,,,,,,,,,,,,,,,,WORKGROUP,0x00000000000003e7,WIN-2RR949GCCSV$,S-1-5-18,Builtin,,,,,,,,,,,S-1-5-32-558,,,,,,,,,,,,,,,
250,2026-04-01 19:18:17.602486+00:00,4735,Microsoft-Windows-Security-Auditing,,,,,,,,,,,,,,,,,,,,,,,,,,,,,,,,,,,,,,,,,,,,,,,,,,,,,,,,,,,,,,,,,,,,,,,,,,,,,,,,,,,,,-,,,,,,,,,,,,,,,,Performance Monitor Users,,,,-,WORKGROUP,0x00000000000003e7,WIN-2RR949GCCSV$,S-1-5-18,Builtin,,,,,,,,,,,S-1-5-32-558,Performance Monitor Users,,,,,,,,,,,,,,
251,2026-04-01 19:18:17.602661+00:00,4735,Microsoft-Windows-Security-Auditing,,,,,,,,,,,,,,,,,,,,,,,,,,,,,,,,,,,,,,,,,,,,,,,,,,,,,,,,,,,,,,,,,,,,,,,,,,,,,,,,,,,,,-,,,,,,,,,,,,,,,,-,,,,-,WORKGROUP,0x00000000000003e7,WIN-2RR949GCCSV$,S-1-5-18,Builtin,,,,,,,,,,,S-1-5-32-559,Performance Log Users,,,,,,,,,,,,,,
252,2026-04-01 19:18:17.602770+00:00,4781,Microsoft-Windows-Security-Auditing,,,,,,,,,,,,,,,,,,,,,,,,,,,,,,,,,,,,,,,,,,,,,,,,,,,,,,,,,,,,,,,,,,,Performance Log Users,,,,,,,,Performance Log Users,,,,,,,,,,-,,,,,,,,,,,,,,,,,,,,,WORKGROUP,0x00000000000003e7,WIN-2RR949GCCSV$,S-1-5-18,Builtin,,,,,,,,,,,S-1-5-32-559,,,,,,,,,,,,,,,
253,2026-04-01 19:18:17.602777+00:00,4735,Microsoft-Windows-Security-Auditing,,,,,,,,,,,,,,,,,,,,,,,,,,,,,,,,,,,,,,,,,,,,,,,,,,,,,,,,,,,,,,,,,,,,,,,,,,,,,,,,,,,,,-,,,,,,,,,,,,,,,,Performance Log Users,,,,-,WORKGROUP,0x00000000000003e7,WIN-2RR949GCCSV$,S-1-5-18,Builtin,,,,,,,,,,,S-1-5-32-559,Performance Log Users,,,,,,,,,,,,,,
254,2026-04-01 19:18:17.602928+00:00,4735,Microsoft-Windows-Security-Auditing,,,,,,,,,,,,,,,,,,,,,,,,,,,,,,,,,,,,,,,,,,,,,,,,,,,,,,,,,,,,,,,,,,,,,,,,,,,,,,,,,,,,,-,,,,,,,,,,,,,,,,-,,,,-,WORKGROUP,0x00000000000003e7,WIN-2RR949GCCSV$,S-1-5-18,Builtin,,,,,,,,,,,S-1-5-32-562,Distributed COM Users,,,,,,,,,,,,,,
255,2026-04-01 19:18:17.603025+00:00,4781,Microsoft-Windows-Security-Auditing,,,,,,,,,,,,,,,,,,,,,,,,,,,,,,,,,,,,,,,,,,,,,,,,,,,,,,,,,,,,,,,,,,,Distributed COM Users,,,,,,,,Distributed COM Users,,,,,,,,,,-,,,,,,,,,,,,,,,,,,,,,WORKGROUP,0x00000000000003e7,WIN-2RR949GCCSV$,S-1-5-18,Builtin,,,,,,,,,,,S-1-5-32-562,,,,,,,,,,,,,,,
256,2026-04-01 19:18:17.603029+00:00,4735,Microsoft-Windows-Security-Auditing,,,,,,,,,,,,,,,,,,,,,,,,,,,,,,,,,,,,,,,,,,,,,,,,,,,,,,,,,,,,,,,,,,,,,,,,,,,,,,,,,,,,,-,,,,,,,,,,,,,,,,Distributed COM Users,,,,-,WORKGROUP,0x00000000000003e7,WIN-2RR949GCCSV$,S-1-5-18,Builtin,,,,,,,,,,,S-1-5-32-562,Distributed COM Users,,,,,,,,,,,,,,
257,2026-04-01 19:18:17.603203+00:00,4735,Microsoft-Windows-Security-Auditing,,,,,,,,,,,,,,,,,,,,,,,,,,,,,,,,,,,,,,,,,,,,,,,,,,,,,,,,,,,,,,,,,,,,,,,,,,,,,,,,,,,,,-,,,,,,,,,,,,,,,,-,,,,-,WORKGROUP,0x00000000000003e7,WIN-2RR949GCCSV$,S-1-5-18,Builtin,,,,,,,,,,,S-1-5-32-568,IIS_IUSRS,,,,,,,,,,,,,,
258,2026-04-01 19:18:17.603275+00:00,4781,Microsoft-Windows-Security-Auditing,,,,,,,,,,,,,,,,,,,,,,,,,,,,,,,,,,,,,,,,,,,,,,,,,,,,,,,,,,,,,,,,,,,IIS_IUSRS,,,,,,,,IIS_IUSRS,,,,,,,,,,-,,,,,,,,,,,,,,,,,,,,,WORKGROUP,0x00000000000003e7,WIN-2RR949GCCSV$,S-1-5-18,Builtin,,,,,,,,,,,S-1-5-32-568,,,,,,,,,,,,,,,
259,2026-04-01 19:18:17.603279+00:00,4735,Microsoft-Windows-Security-Auditing,,,,,,,,,,,,,,,,,,,,,,,,,,,,,,,,,,,,,,,,,,,,,,,,,,,,,,,,,,,,,,,,,,,,,,,,,,,,,,,,,,,,,-,,,,,,,,,,,,,,,,IIS_IUSRS,,,,-,WORKGROUP,0x00000000000003e7,WIN-2RR949GCCSV$,S-1-5-18,Builtin,,,,,,,,,,,S-1-5-32-568,IIS_IUSRS,,,,,,,,,,,,,,
260,2026-04-01 19:18:17.603411+00:00,4735,Microsoft-Windows-Security-Auditing,,,,,,,,,,,,,,,,,,,,,,,,,,,,,,,,,,,,,,,,,,,,,,,,,,,,,,,,,,,,,,,,,,,,,,,,,,,,,,,,,,,,,-,,,,,,,,,,,,,,,,-,,,,-,WORKGROUP,0x00000000000003e7,WIN-2RR949GCCSV$,S-1-5-18,Builtin,,,,,,,,,,,S-1-5-32-573,Event Log Readers,,,,,,,,,,,,,,
261,2026-04-01 19:18:17.603498+00:00,4781,Microsoft-Windows-Security-Auditing,,,,,,,,,,,,,,,,,,,,,,,,,,,,,,,,,,,,,,,,,,,,,,,,,,,,,,,,,,,,,,,,,,,Event Log Readers,,,,,,,,Event Log Readers,,,,,,,,,,-,,,,,,,,,,,,,,,,,,,,,WORKGROUP,0x00000000000003e7,WIN-2RR949GCCSV$,S-1-5-18,Builtin,,,,,,,,,,,S-1-5-32-573,,,,,,,,,,,,,,,
262,2026-04-01 19:18:17.603504+00:00,4735,Microsoft-Windows-Security-Auditing,,,,,,,,,,,,,,,,,,,,,,,,,,,,,,,,,,,,,,,,,,,,,,,,,,,,,,,,,,,,,,,,,,,,,,,,,,,,,,,,,,,,,-,,,,,,,,,,,,,,,,Event Log Readers,,,,-,WORKGROUP,0x00000000000003e7,WIN-2RR949GCCSV$,S-1-5-18,Builtin,,,,,,,,,,,S-1-5-32-573,Event Log Readers,,,,,,,,,,,,,,
263,2026-04-01 19:18:17.603704+00:00,4735,Microsoft-Windows-Security-Auditing,,,,,,,,,,,,,,,,,,,,,,,,,,,,,,,,,,,,,,,,,,,,,,,,,,,,,,,,,,,,,,,,,,,,,,,,,,,,,,,,,,,,,-,,,,,,,,,,,,,,,,-,,,,-,WORKGROUP,0x00000000000003e7,WIN-2RR949GCCSV$,S-1-5-18,Builtin,,,,,,,,,,,S-1-5-32-580,Remote Management Users,,,,,,,,,,,,,,
264,2026-04-01 19:18:17.603819+00:00,4781,Microsoft-Windows-Security-Auditing,,,,,,,,,,,,,,,,,,,,,,,,,,,,,,,,,,,,,,,,,,,,,,,,,,,,,,,,,,,,,,,,,,,Remote Management Users,,,,,,,,Remote Management Users,,,,,,,,,,-,,,,,,,,,,,,,,,,,,,,,WORKGROUP,0x00000000000003e7,WIN-2RR949GCCSV$,S-1-5-18,Builtin,,,,,,,,,,,S-1-5-32-580,,,,,,,,,,,,,,,
265,2026-04-01 19:18:17.603825+00:00,4735,Microsoft-Windows-Security-Auditing,,,,,,,,,,,,,,,,,,,,,,,,,,,,,,,,,,,,,,,,,,,,,,,,,,,,,,,,,,,,,,,,,,,,,,,,,,,,,,,,,,,,,-,,,,,,,,,,,,,,,,Remote Management Users,,,,-,WORKGROUP,0x00000000000003e7,WIN-2RR949GCCSV$,S-1-5-18,Builtin,,,,,,,,,,,S-1-5-32-580,Remote Management Users,,,,,,,,,,,,,,
266,2026-04-01 19:18:17.625385+00:00,4738,Microsoft-Windows-Security-Auditing,,,,,,%%1794,,,-,,,,,,,,,,%%1793,,,,,-,,,,,,,%%1793,%%1793,,,,,,,,,,,,,,,,,,,,%%1797,,,,,,,,,,,,,,,,,0x14,,,,,,,0x14,,,,,4/1/2026 12:18:17 PM,,,513,-,,,,%%1793,,,,,,,,,,,,defaultuser0,,,%%1793,-,WORKGROUP,0x00000000000003e7,WIN-2RR949GCCSV$,S-1-5-18,DESKTOP-3RQPMJ6,,,,,,,,,,,S-1-5-21-2352865859-2334931103-2005901029-1000,defaultuser0,,,,,,,-,-,-,%%1793,,,,
267,2026-04-01 19:18:17.625399+00:00,4724,Microsoft-Windows-Security-Auditing,,,,,,,,,,,,,,,,,,,,,,,,,,,,,,,,,,,,,,,,,,,,,,,,,,,,,,,,,,,,,,,,,,,,,,,,,,,,,,,,,,,,,,,,,,,,,,,,,,,,,,,,,,WORKGROUP,0x00000000000003e7,WIN-2RR949GCCSV$,S-1-5-18,DESKTOP-3RQPMJ6,,,,,,,,,,,S-1-5-21-2352865859-2334931103-2005901029-1000,defaultuser0,,,,,,,,,,,,,,
268,2026-04-01 19:18:17.625669+00:00,4735,Microsoft-Windows-Security-Auditing,,,,,,,,,,,,,,,,,,,,,,,,,,,,,,,,,,,,,,,,,,,,,,,,,,,,,,,,,,,,,,,,,,,,,,,,,,,,,,,,,,,,,-,,,,,,,,,,,,,,,,-,,,,-,WORKGROUP,0x00000000000003e7,WIN-2RR949GCCSV$,S-1-5-18,Builtin,,,,,,,,,,,S-1-5-32-581,System Managed Accounts Group,,,,,,,,,,,,,,
269,2026-04-01 19:18:17.625751+00:00,4781,Microsoft-Windows-Security-Auditing,,,,,,,,,,,,,,,,,,,,,,,,,,,,,,,,,,,,,,,,,,,,,,,,,,,,,,,,,,,,,,,,,,,System Managed Accounts Group,,,,,,,,System Managed Accounts Group,,,,,,,,,,-,,,,,,,,,,,,,,,,,,,,,WORKGROUP,0x00000000000003e7,WIN-2RR949GCCSV$,S-1-5-18,Builtin,,,,,,,,,,,S-1-5-32-581,,,,,,,,,,,,,,,
270,2026-04-01 19:18:17.625757+00:00,4735,Microsoft-Windows-Security-Auditing,,,,,,,,,,,,,,,,,,,,,,,,,,,,,,,,,,,,,,,,,,,,,,,,,,,,,,,,,,,,,,,,,,,,,,,,,,,,,,,,,,,,,-,,,,,,,,,,,,,,,,System Managed Accounts Group,,,,-,WORKGROUP,0x00000000000003e7,WIN-2RR949GCCSV$,S-1-5-18,Builtin,,,,,,,,,,,S-1-5-32-581,System Managed Accounts Group,,,,,,,,,,,,,,
271,2026-04-01 19:18:17.626225+00:00,4735,Microsoft-Windows-Security-Auditing,,,,,,,,,,,,,,,,,,,,,,,,,,,,,,,,,,,,,,,,,,,,,,,,,,,,,,,,,,,,,,,,,,,,,,,,,,,,,,,,,,,,,-,,,,,,,,,,,,,,,,-,,,,-,WORKGROUP,0x00000000000003e7,WIN-2RR949GCCSV$,S-1-5-18,Builtin,,,,,,,,,,,S-1-5-32-583,Device Owners,,,,,,,,,,,,,,
272,2026-04-01 19:18:17.626583+00:00,4781,Microsoft-Windows-Security-Auditing,,,,,,,,,,,,,,,,,,,,,,,,,,,,,,,,,,,,,,,,,,,,,,,,,,,,,,,,,,,,,,,,,,,Device Owners,,,,,,,,Device Owners,,,,,,,,,,-,,,,,,,,,,,,,,,,,,,,,WORKGROUP,0x00000000000003e7,WIN-2RR949GCCSV$,S-1-5-18,Builtin,,,,,,,,,,,S-1-5-32-583,,,,,,,,,,,,,,,
273,2026-04-01 19:18:17.626591+00:00,4735,Microsoft-Windows-Security-Auditing,,,,,,,,,,,,,,,,,,,,,,,,,,,,,,,,,,,,,,,,,,,,,,,,,,,,,,,,,,,,,,,,,,,,,,,,,,,,,,,,,,,,,-,,,,,,,,,,,,,,,,Device Owners,,,,-,WORKGROUP,0x00000000000003e7,WIN-2RR949GCCSV$,S-1-5-18,Builtin,,,,,,,,,,,S-1-5-32-583,Device Owners,,,,,,,,,,,,,,
274,2026-04-01 19:18:17.627106+00:00,4735,Microsoft-Windows-Security-Auditing,,,,,,,,,,,,,,,,,,,,,,,,,,,,,,,,,,,,,,,,,,,,,,,,,,,,,,,,,,,,,,,,,,,,,,,,,,,,,,,,,,,,,-,,,,,,,,,,,,,,,,-,,,,-,WORKGROUP,0x00000000000003e7,WIN-2RR949GCCSV$,S-1-5-18,Builtin,,,,,,,,,,,S-1-5-32-584,User Mode Hardware Operators,,,,,,,,,,,,,,
275,2026-04-01 19:18:17.627235+00:00,4781,Microsoft-Windows-Security-Auditing,,,,,,,,,,,,,,,,,,,,,,,,,,,,,,,,,,,,,,,,,,,,,,,,,,,,,,,,,,,,,,,,,,,User Mode Hardware Operators,,,,,,,,User Mode Hardware Operators,,,,,,,,,,-,,,,,,,,,,,,,,,,,,,,,WORKGROUP,0x00000000000003e7,WIN-2RR949GCCSV$,S-1-5-18,Builtin,,,,,,,,,,,S-1-5-32-584,,,,,,,,,,,,,,,
276,2026-04-01 19:18:17.627243+00:00,4735,Microsoft-Windows-Security-Auditing,,,,,,,,,,,,,,,,,,,,,,,,,,,,,,,,,,,,,,,,,,,,,,,,,,,,,,,,,,,,,,,,,,,,,,,,,,,,,,,,,,,,,-,,,,,,,,,,,,,,,,User Mode Hardware Operators,,,,-,WORKGROUP,0x00000000000003e7,WIN-2RR949GCCSV$,S-1-5-18,Builtin,,,,,,,,,,,S-1-5-32-584,User Mode Hardware Operators,,,,,,,,,,,,,,
277,2026-04-01 19:18:17.627375+00:00,4735,Microsoft-Windows-Security-Auditing,,,,,,,,,,,,,,,,,,,,,,,,,,,,,,,,,,,,,,,,,,,,,,,,,,,,,,,,,,,,,,,,,,,,,,,,,,,,,,,,,,,,,-,,,,,,,,,,,,,,,,-,,,,-,WORKGROUP,0x00000000000003e7,WIN-2RR949GCCSV$,S-1-5-18,Builtin,,,,,,,,,,,S-1-5-32-585,OpenSSH Users,,,,,,,,,,,,,,
278,2026-04-01 19:18:17.627453+00:00,4781,Microsoft-Windows-Security-Auditing,,,,,,,,,,,,,,,,,,,,,,,,,,,,,,,,,,,,,,,,,,,,,,,,,,,,,,,,,,,,,,,,,,,OpenSSH Users,,,,,,,,OpenSSH Users,,,,,,,,,,-,,,,,,,,,,,,,,,,,,,,,WORKGROUP,0x00000000000003e7,WIN-2RR949GCCSV$,S-1-5-18,Builtin,,,,,,,,,,,S-1-5-32-585,,,,,,,,,,,,,,,
279,2026-04-01 19:18:17.627460+00:00,4735,Microsoft-Windows-Security-Auditing,,,,,,,,,,,,,,,,,,,,,,,,,,,,,,,,,,,,,,,,,,,,,,,,,,,,,,,,,,,,,,,,,,,,,,,,,,,,,,,,,,,,,-,,,,,,,,,,,,,,,,OpenSSH Users,,,,-,WORKGROUP,0x00000000000003e7,WIN-2RR949GCCSV$,S-1-5-18,Builtin,,,,,,,,,,,S-1-5-32-585,OpenSSH Users,,,,,,,,,,,,,,
280,2026-04-01 19:18:17.628765+00:00,4738,Microsoft-Windows-Security-Auditing,,,,,,%%1794,,,-,,,,,,,,,,%%1793,,,,,-,,,,,,,%%1793,%%1793,,,,,,,,,,,,,,,,,,,,%%1797,,,,,,,,,,,,,,,,,0x211,,,,,,,0x211,,,,,%%1794,,,513,-,,,,%%1793,,,,,,,,,,,,Administrator,,,%%1793,-,WORKGROUP,0x00000000000003e7,WIN-2RR949GCCSV$,S-1-5-18,DESKTOP-3RQPMJ6,,,,,,,,,,,S-1-5-21-2352865859-2334931103-2005901029-500,Administrator,,,,,,,-,%%1793,-,%%1793,,,,
281,2026-04-01 19:18:17.628901+00:00,4738,Microsoft-Windows-Security-Auditing,,,,,,%%1794,,,-,,,,,,,,,,%%1793,,,,,-,,,,,,,%%1793,%%1793,,,,,,,,,,,,,,,,,,,,%%1797,,,,,,,,,,,,,,,,,0x211,,,,,,,0x211,,,,,%%1794,,,513,-,,,,%%1793,,,,,,,,,,,,Administrator,,,%%1793,-,WORKGROUP,0x00000000000003e7,WIN-2RR949GCCSV$,S-1-5-18,DESKTOP-3RQPMJ6,,,,,,,,,,,S-1-5-21-2352865859-2334931103-2005901029-500,Administrator,,,,,,,-,%%1793,-,%%1793,,,,
282,2026-04-01 19:18:17.648861+00:00,4738,Microsoft-Windows-Security-Auditing,,,,,,%%1794,,,-,,,,,,,,,,%%1793,,,,,-,,,,,,,%%1793,%%1793,,,,,,,,,,,,,,,,,,,,%%1797,,,,,,,,,,,,,,,,,0x214,,,,,,,0x14,,,,,4/1/2026 12:18:17 PM,,,513,-,,,,%%1793,,,,,,,,,,,,defaultuser0,,,%%1793,-,WORKGROUP,0x00000000000003e7,WIN-2RR949GCCSV$,S-1-5-18,DESKTOP-3RQPMJ6,,,,,,,,,,,S-1-5-21-2352865859-2334931103-2005901029-1000,defaultuser0,,,,,,,"
		%%2089",-,-,%%1793,,,,
283,2026-04-01 19:18:17.648872+00:00,4724,Microsoft-Windows-Security-Auditing,,,,,,,,,,,,,,,,,,,,,,,,,,,,,,,,,,,,,,,,,,,,,,,,,,,,,,,,,,,,,,,,,,,,,,,,,,,,,,,,,,,,,,,,,,,,,,,,,,,,,,,,,,WORKGROUP,0x00000000000003e7,WIN-2RR949GCCSV$,S-1-5-18,DESKTOP-3RQPMJ6,,,,,,,,,,,S-1-5-21-2352865859-2334931103-2005901029-1000,defaultuser0,,,,,,,,,,,,,,
284,2026-04-01 19:18:17.649078+00:00,4738,Microsoft-Windows-Security-Auditing,,,,,,%%1794,,,-,,,,,,,,,,%%1793,,,,,-,,,,,,,%%1793,%%1793,,,,,,,,,,,,,,,,,,,,%%1797,,,,,,,,,,,,,,,,,0x215,,,,,,,0x215,,,,,%%1794,,,513,-,,,,%%1793,,,,,,,,,,,,Guest,,,%%1793,-,WORKGROUP,0x00000000000003e7,WIN-2RR949GCCSV$,S-1-5-18,DESKTOP-3RQPMJ6,,,,,,,,,,,S-1-5-21-2352865859-2334931103-2005901029-501,Guest,,,,,,,-,%%1793,-,%%1793,,,,
285,2026-04-01 19:18:17.649181+00:00,4738,Microsoft-Windows-Security-Auditing,,,,,,%%1794,,,-,,,,,,,,,,%%1793,,,,,-,,,,,,,%%1793,%%1793,,,,,,,,,,,,,,,,,,,,%%1797,,,,,,,,,,,,,,,,,0x215,,,,,,,0x215,,,,,%%1794,,,513,-,,,,%%1793,,,,,,,,,,,,Guest,,,%%1793,-,WORKGROUP,0x00000000000003e7,WIN-2RR949GCCSV$,S-1-5-18,DESKTOP-3RQPMJ6,,,,,,,,,,,S-1-5-21-2352865859-2334931103-2005901029-501,Guest,,,,,,,-,%%1793,-,%%1793,,,,
286,2026-04-01 19:18:17.649586+00:00,4738,Microsoft-Windows-Security-Auditing,,,,,,%%1794,,,-,,,,,,,,,,%%1793,,,,,-,,,,,,,%%1793,%%1793,,,,,,,,,,,,,,,,,,,,%%1797,,,,,,,,,,,,,,,,,0x215,,,,,,,0x215,,,,,%%1794,,,513,-,,,,%%1793,,,,,,,,,,,,DefaultAccount,,,%%1793,-,WORKGROUP,0x00000000000003e7,WIN-2RR949GCCSV$,S-1-5-18,DESKTOP-3RQPMJ6,,,,,,,,,,,S-1-5-21-2352865859-2334931103-2005901029-503,DefaultAccount,,,,,,,-,%%1793,-,%%1793,,,,
287,2026-04-01 19:18:17.650158+00:00,4738,Microsoft-Windows-Security-Auditing,,,,,,%%1794,,,-,,,,,,,,,,%%1793,,,,,-,,,,,,,%%1793,%%1793,,,,,,,,,,,,,,,,,,,,%%1797,,,,,,,,,,,,,,,,,0x215,,,,,,,0x215,,,,,%%1794,,,513,-,,,,%%1793,,,,,,,,,,,,DefaultAccount,,,%%1793,-,WORKGROUP,0x00000000000003e7,WIN-2RR949GCCSV$,S-1-5-18,DESKTOP-3RQPMJ6,,,,,,,,,,,S-1-5-21-2352865859-2334931103-2005901029-503,DefaultAccount,,,,,,,-,%%1793,-,%%1793,,,,
288,2026-04-01 19:18:17.650805+00:00,4738,Microsoft-Windows-Security-Auditing,,,,,,%%1794,,,-,,,,,,,,,,%%1793,,,,,-,,,,,,,%%1793,%%1793,,,,,,,,,,,,,,,,,,,,%%1797,,,,,,,,,,,,,,,,,0x11,,,,,,,0x11,,,,,4/1/2026 12:15:58 PM,,,513,-,,,,%%1793,,,,,,,,,,,,WDAGUtilityAccount,,,%%1793,-,WORKGROUP,0x00000000000003e7,WIN-2RR949GCCSV$,S-1-5-18,DESKTOP-3RQPMJ6,,,,,,,,,,,S-1-5-21-2352865859-2334931103-2005901029-504,WDAGUtilityAccount,,,,,,,-,%%1793,-,%%1793,,,,
289,2026-04-01 19:18:17.650936+00:00,4738,Microsoft-Windows-Security-Auditing,,,,,,%%1794,,,-,,,,,,,,,,%%1793,,,,,-,,,,,,,%%1793,%%1793,,,,,,,,,,,,,,,,,,,,%%1797,,,,,,,,,,,,,,,,,0x11,,,,,,,0x11,,,,,4/1/2026 12:15:58 PM,,,513,-,,,,%%1793,,,,,,,,,,,,WDAGUtilityAccount,,,%%1793,-,WORKGROUP,0x00000000000003e7,WIN-2RR949GCCSV$,S-1-5-18,DESKTOP-3RQPMJ6,,,,,,,,,,,S-1-5-21-2352865859-2334931103-2005901029-504,WDAGUtilityAccount,,,,,,,-,%%1793,-,%%1793,,,,
290,2026-04-01 19:18:17.651102+00:00,4737,Microsoft-Windows-Security-Auditing,,,,,,,,,,,,,,,,,,,,,,,,,,,,,,,,,,,,,,,,,,,,,,,,,,,,,,,,,,,,,,,,,,,,,,,,,,,,,,,,,,,,,-,,,,,,,,,,,,,,,,-,,,,-,WORKGROUP,0x00000000000003e7,WIN-2RR949GCCSV$,S-1-5-18,DESKTOP-3RQPMJ6,,,,,,,,,,,S-1-5-21-2352865859-2334931103-2005901029-513,None,,,,,,,,,,,,,,
291,2026-04-01 19:18:17.651442+00:00,4781,Microsoft-Windows-Security-Auditing,,,,,,,,,,,,,,,,,,,,,,,,,,,,,,,,,,,,,,,,,,,,,,,,,,,,,,,,,,,,,,,,,,,None,,,,,,,,None,,,,,,,,,,-,,,,,,,,,,,,,,,,,,,,,WORKGROUP,0x00000000000003e7,WIN-2RR949GCCSV$,S-1-5-18,DESKTOP-3RQPMJ6,,,,,,,,,,,S-1-5-21-2352865859-2334931103-2005901029-513,,,,,,,,,,,,,,,
292,2026-04-01 19:18:17.651453+00:00,4737,Microsoft-Windows-Security-Auditing,,,,,,,,,,,,,,,,,,,,,,,,,,,,,,,,,,,,,,,,,,,,,,,,,,,,,,,,,,,,,,,,,,,,,,,,,,,,,,,,,,,,,-,,,,,,,,,,,,,,,,None,,,,-,WORKGROUP,0x00000000000003e7,WIN-2RR949GCCSV$,S-1-5-18,DESKTOP-3RQPMJ6,,,,,,,,,,,S-1-5-21-2352865859-2334931103-2005901029-513,None,,,,,,,,,,,,,,
293,2026-04-01 19:18:17.652790+00:00,4799,Microsoft-Windows-Security-Auditing,,,,,,,,,,,0x000000000000052c,C:\Windows\System32\oobe\msoobe.exe,,,,,,,,,,,,,,,,,,,,,,,,,,,,,,,,,,,,,,,,,,,,,,,,,,,,,,,,,,,,,,,,,,,,,,,,,,,,,,,,,,,,,,,,,,,,,,WORKGROUP,0x00000000000003e7,WIN-2RR949GCCSV$,S-1-5-18,Builtin,,,,,,,,,,,S-1-5-32-544,Administrators,,,,,,,,,,,,,,
294,2026-04-01 19:18:17.652832+00:00,4799,Microsoft-Windows-Security-Auditing,,,,,,,,,,,0x000000000000052c,C:\Windows\System32\oobe\msoobe.exe,,,,,,,,,,,,,,,,,,,,,,,,,,,,,,,,,,,,,,,,,,,,,,,,,,,,,,,,,,,,,,,,,,,,,,,,,,,,,,,,,,,,,,,,,,,,,,WORKGROUP,0x00000000000003e7,WIN-2RR949GCCSV$,S-1-5-18,Builtin,,,,,,,,,,,S-1-5-32-544,Administrators,,,,,,,,,,,,,,
295,2026-04-01 19:18:17.662430+00:00,4732,Microsoft-Windows-Security-Auditing,,,,,,,,,,,,,,,,,,,,,,,,,,,,,,,,,,,,,,,,,,,,,,,,,,,,,,,,,,-,S-1-5-21-2352865859-2334931103-2005901029-1000,,,,,,,,,,,,,,,,,,,,,,,,,,-,,,,,,,,,,,,,,,,,,,,,WORKGROUP,0x00000000000003e7,WIN-2RR949GCCSV$,S-1-5-18,Builtin,,,,,,,,,,,S-1-5-32-544,Administrators,,,,,,,,,,,,,,
296,2026-04-01 19:18:17.663717+00:00,4799,Microsoft-Windows-Security-Auditing,,,,,,,,,,,0x000000000000052c,C:\Windows\System32\oobe\msoobe.exe,,,,,,,,,,,,,,,,,,,,,,,,,,,,,,,,,,,,,,,,,,,,,,,,,,,,,,,,,,,,,,,,,,,,,,,,,,,,,,,,,,,,,,,,,,,,,,WORKGROUP,0x00000000000003e7,WIN-2RR949GCCSV$,S-1-5-18,Builtin,,,,,,,,,,,S-1-5-32-544,Administrators,,,,,,,,,,,,,,
297,2026-04-01 19:18:17.663855+00:00,4799,Microsoft-Windows-Security-Auditing,,,,,,,,,,,0x000000000000052c,C:\Windows\System32\oobe\msoobe.exe,,,,,,,,,,,,,,,,,,,,,,,,,,,,,,,,,,,,,,,,,,,,,,,,,,,,,,,,,,,,,,,,,,,,,,,,,,,,,,,,,,,,,,,,,,,,,,WORKGROUP,0x00000000000003e7,WIN-2RR949GCCSV$,S-1-5-18,Builtin,,,,,,,,,,,S-1-5-32-544,Administrators,,,,,,,,,,,,,,
298,2026-04-01 19:18:17.667976+00:00,4798,Microsoft-Windows-Security-Auditing,,,,,,,,,,,0x00000000000002ec,C:\Windows\System32\lsass.exe,,,,,,,,,,,,,,,,,,,,,,,,,,,,,,,,,,,,,,,,,,,,,,,,,,,,,,,,,,,,,,,,,,,,,,,,,,,,,,,,,,,,,,,,,,,,,,WORKGROUP,0x00000000000003e7,WIN-2RR949GCCSV$,S-1-5-18,DESKTOP-3RQPMJ6,,,,,,,,,,,S-1-5-21-2352865859-2334931103-2005901029-1000,defaultuser0,,,,,,,,,,,,,,
299,2026-04-01 19:18:17.669617+00:00,4648,Microsoft-Windows-Security-Auditing,,,,,,,,,,,,,,,,,,,,,,,,,,,,,,,,,,,,,,-,-,,,,,,,,,,,,{00000000-0000-0000-0000-000000000000},,,,,,,,,,,,,,,,,,,,,,,,,,,,,,,,,,,,0x000000000000052c,C:\Windows\System32\oobe\msoobe.exe,,,,,,,,,,,,,,,,,,WORKGROUP,0x00000000000003e7,WIN-2RR949GCCSV$,S-1-5-18,DESKTOP-3RQPMJ6,localhost,,{00000000-0000-0000-0000-000000000000},,,,,,,localhost,,defaultuser0,,,,,,,,,,,,,,
300,2026-04-01 19:18:17.669626+00:00,4624,Microsoft-Windows-Security-Auditing,,,,,,,,,,Negotiate,,,,,,,,,,,,,,,%%1842,,,,,,,,,,,,%%1833,-,-,,,0,,,,-,,,,,{00000000-0000-0000-0000-000000000000},,Advapi  ,2,,,,,,,,,,,,,,,,,,,,,,,,,,,,,,,,,0x000000000000052c,C:\Windows\System32\oobe\msoobe.exe,,,,,,-,,,,,-,,,,,,,WORKGROUP,0x00000000000003e7,WIN-2RR949GCCSV$,S-1-5-18,DESKTOP-3RQPMJ6,,0x000000000001f6c2,,0x000000000001f679,,-,-,,,,,defaultuser0,S-1-5-21-2352865859-2334931103-2005901029-1000,,,,-,,,,,,%%1843,,,WIN-2RR949GCCSV
301,2026-04-01 19:18:17.669636+00:00,4624,Microsoft-Windows-Security-Auditing,,,,,,,,,,Negotiate,,,,,,,,,,,,,,,%%1843,,,,,,,,,,,,%%1833,-,-,,,0,,,,-,,,,,{00000000-0000-0000-0000-000000000000},,Advapi  ,2,,,,,,,,,,,,,,,,,,,,,,,,,,,,,,,,,0x000000000000052c,C:\Windows\System32\oobe\msoobe.exe,,,,,,-,,,,,-,,,,,,,WORKGROUP,0x00000000000003e7,WIN-2RR949GCCSV$,S-1-5-18,DESKTOP-3RQPMJ6,,0x000000000001f679,,0x000000000001f6c2,,-,-,,,,,defaultuser0,S-1-5-21-2352865859-2334931103-2005901029-1000,,,,-,,,,,,%%1843,,,WIN-2RR949GCCSV
302,2026-04-01 19:18:17.669640+00:00,4672,Microsoft-Windows-Security-Auditing,,,,,,,,,,,,,,,,,,,,,,,,,,,,,,,,,,,,,,,,,,,,,,,,,,,,,,,,,,,,,,,,,,,,,,,,,,,,,,,,,,,,,"SeSecurityPrivilege
			SeTakeOwnershipPrivilege
			SeLoadDriverPrivilege
			SeBackupPrivilege
			SeRestorePrivilege
			SeDebugPrivilege
			SeSystemEnvironmentPrivilege
			SeImpersonatePrivilege
			SeDelegateSessionUserImpersonatePrivilege",,,,,,,,,,,,,,,,,,,,,DESKTOP-3RQPMJ6,0x000000000001f679,defaultuser0,S-1-5-21-2352865859-2334931103-2005901029-1000,,,,,,,,,,,,,,,,,,,,,,,,,,,
303,2026-04-01 19:18:17.704000+00:00,5379,Microsoft-Windows-Security-Auditing,,,,,,,,,,,,,,1508,,,0,,,,,,,,,,,,,,,,,,,,,,,,,,,,,,,,,,,,,,,,,,,,,,,,,,,,,,,,,,,,,,,,,,,,,2026-04-01 19:18:17.263266+00:00,,,,,,,%%8100,,,,,,,3221226021,,,,,,WORKGROUP,0x00000000000003e7,WIN-2RR949GCCSV$,S-1-5-18,,,,,,WindowsLive:(token):name=02rdatkcyacqkiby;serviceuri=*,,,,,,,,,,,,,0,,,,,,,,
304,2026-04-01 19:18:17.704945+00:00,5379,Microsoft-Windows-Security-Auditing,,,,,,,,,,,,,,1508,,,0,,,,,,,,,,,,,,,,,,,,,,,,,,,,,,,,,,,,,,,,,,,,,,,,,,,,,,,,,,,,,,,,,,,,,2026-04-01 19:18:17.263266+00:00,,,,,,,%%8100,,,,,,,3221226021,,,,,,WORKGROUP,0x00000000000003e7,WIN-2RR949GCCSV$,S-1-5-18,,,,,,WindowsLive:(cert):name=02rdatkcyacqkiby;serviceuri=*,,,,,,,,,,,,,0,,,,,,,,
305,2026-04-01 19:18:17.704994+00:00,5379,Microsoft-Windows-Security-Auditing,,,,,,,,,,,,,,1508,,,0,,,,,,,,,,,,,,,,,,,,,,,,,,,,,,,,,,,,,,,,,,,,,,,,,,,,,,,,,,,,,,,,,,,,,2026-04-01 19:18:17.263266+00:00,,,,,,,%%8100,,,,,,,3221226021,,,,,,WORKGROUP,0x00000000000003e7,WIN-2RR949GCCSV$,S-1-5-18,,,,,,WindowsLive:target=virtualapp/didlogical,,,,,,,,,,,,,0,,,,,,,,
306,2026-04-01 19:18:18.174311+00:00,4624,Microsoft-Windows-Security-Auditing,,,,,,,,,,Negotiate,,,,,,,,,,,,,,,%%1842,,,,,,,,,,,,%%1833,-,-,,,0,,,,-,,,,,{00000000-0000-0000-0000-000000000000},,Advapi  ,5,,,,,,,,,,,,,,,,,,,,,,,,,,,,,,,,,0x00000000000002e4,C:\Windows\System32\services.exe,,,,,,-,,,,,-,,,,,,,WORKGROUP,0x00000000000003e7,WIN-2RR949GCCSV$,S-1-5-18,NT AUTHORITY,,0x0000000000000000,,0x00000000000003e7,,-,-,,,,,SYSTEM,S-1-5-18,,,,-,,,,,,%%1843,,,-
307,2026-04-01 19:18:18.174314+00:00,4672,Microsoft-Windows-Security-Auditing,,,,,,,,,,,,,,,,,,,,,,,,,,,,,,,,,,,,,,,,,,,,,,,,,,,,,,,,,,,,,,,,,,,,,,,,,,,,,,,,,,,,,"SeAssignPrimaryTokenPrivilege
			SeTcbPrivilege
			SeSecurityPrivilege
			SeTakeOwnershipPrivilege
			SeLoadDriverPrivilege
			SeBackupPrivilege
			SeRestorePrivilege
			SeDebugPrivilege
			SeAuditPrivilege
			SeSystemEnvironmentPrivilege
			SeImpersonatePrivilege
			SeDelegateSessionUserImpersonatePrivilege",,,,,,,,,,,,,,,,,,,,,NT AUTHORITY,0x00000000000003e7,SYSTEM,S-1-5-18,,,,,,,,,,,,,,,,,,,,,,,,,,,
308,2026-04-01 19:18:18.174410+00:00,4624,Microsoft-Windows-Security-Auditing,,,,,,,,,,Negotiate,,,,,,,,,,,,,,,%%1842,,,,,,,,,,,,%%1833,-,-,,,0,,,,-,,,,,{00000000-0000-0000-0000-000000000000},,Advapi  ,5,,,,,,,,,,,,,,,,,,,,,,,,,,,,,,,,,0x00000000000002e4,C:\Windows\System32\services.exe,,,,,,-,,,,,-,,,,,,,WORKGROUP,0x00000000000003e7,WIN-2RR949GCCSV$,S-1-5-18,NT AUTHORITY,,0x0000000000000000,,0x00000000000003e7,,-,-,,,,,SYSTEM,S-1-5-18,,,,-,,,,,,%%1843,,,-
309,2026-04-01 19:18:18.174410+00:00,4672,Microsoft-Windows-Security-Auditing,,,,,,,,,,,,,,,,,,,,,,,,,,,,,,,,,,,,,,,,,,,,,,,,,,,,,,,,,,,,,,,,,,,,,,,,,,,,,,,,,,,,,"SeAssignPrimaryTokenPrivilege
			SeTcbPrivilege
			SeSecurityPrivilege
			SeTakeOwnershipPrivilege
			SeLoadDriverPrivilege
			SeBackupPrivilege
			SeRestorePrivilege
			SeDebugPrivilege
			SeAuditPrivilege
			SeSystemEnvironmentPrivilege
			SeImpersonatePrivilege
			SeDelegateSessionUserImpersonatePrivilege",,,,,,,,,,,,,,,,,,,,,NT AUTHORITY,0x00000000000003e7,SYSTEM,S-1-5-18,,,,,,,,,,,,,,,,,,,,,,,,,,,
310,2026-04-01 19:18:18.174486+00:00,4624,Microsoft-Windows-Security-Auditing,,,,,,,,,,Negotiate,,,,,,,,,,,,,,,%%1842,,,,,,,,,,,,%%1833,-,-,,,0,,,,-,,,,,{00000000-0000-0000-0000-000000000000},,Advapi  ,5,,,,,,,,,,,,,,,,,,,,,,,,,,,,,,,,,0x00000000000002e4,C:\Windows\System32\services.exe,,,,,,-,,,,,-,,,,,,,WORKGROUP,0x00000000000003e7,WIN-2RR949GCCSV$,S-1-5-18,NT AUTHORITY,,0x0000000000000000,,0x00000000000003e7,,-,-,,,,,SYSTEM,S-1-5-18,,,,-,,,,,,%%1843,,,-
311,2026-04-01 19:18:18.174488+00:00,4672,Microsoft-Windows-Security-Auditing,,,,,,,,,,,,,,,,,,,,,,,,,,,,,,,,,,,,,,,,,,,,,,,,,,,,,,,,,,,,,,,,,,,,,,,,,,,,,,,,,,,,,"SeAssignPrimaryTokenPrivilege
			SeTcbPrivilege
			SeSecurityPrivilege
			SeTakeOwnershipPrivilege
			SeLoadDriverPrivilege
			SeBackupPrivilege
			SeRestorePrivilege
			SeDebugPrivilege
			SeAuditPrivilege
			SeSystemEnvironmentPrivilege
			SeImpersonatePrivilege
			SeDelegateSessionUserImpersonatePrivilege",,,,,,,,,,,,,,,,,,,,,NT AUTHORITY,0x00000000000003e7,SYSTEM,S-1-5-18,,,,,,,,,,,,,,,,,,,,,,,,,,,
312,2026-04-01 19:18:18.183634+00:00,4624,Microsoft-Windows-Security-Auditing,,,,,,,,,,Negotiate,,,,,,,,,,,,,,,%%1842,,,,,,,,,,,,%%1833,-,-,,,0,,,,-,,,,,{00000000-0000-0000-0000-000000000000},,Advapi  ,5,,,,,,,,,,,,,,,,,,,,,,,,,,,,,,,,,0x00000000000002e4,C:\Windows\System32\services.exe,,,,,,-,,,,,-,,,,,,,WORKGROUP,0x00000000000003e7,WIN-2RR949GCCSV$,S-1-5-18,NT AUTHORITY,,0x0000000000000000,,0x00000000000003e7,,-,-,,,,,SYSTEM,S-1-5-18,,,,-,,,,,,%%1843,,,-
313,2026-04-01 19:18:18.183638+00:00,4672,Microsoft-Windows-Security-Auditing,,,,,,,,,,,,,,,,,,,,,,,,,,,,,,,,,,,,,,,,,,,,,,,,,,,,,,,,,,,,,,,,,,,,,,,,,,,,,,,,,,,,,"SeAssignPrimaryTokenPrivilege
			SeTcbPrivilege
			SeSecurityPrivilege
			SeTakeOwnershipPrivilege
			SeLoadDriverPrivilege
			SeBackupPrivilege
			SeRestorePrivilege
			SeDebugPrivilege
			SeAuditPrivilege
			SeSystemEnvironmentPrivilege
			SeImpersonatePrivilege
			SeDelegateSessionUserImpersonatePrivilege",,,,,,,,,,,,,,,,,,,,,NT AUTHORITY,0x00000000000003e7,SYSTEM,S-1-5-18,,,,,,,,,,,,,,,,,,,,,,,,,,,
314,2026-04-01 19:18:18.193789+00:00,4799,Microsoft-Windows-Security-Auditing,,,,,,,,,,,0x000000000000042c,C:\Windows\System32\svchost.exe,,,,,,,,,,,,,,,,,,,,,,,,,,,,,,,,,,,,,,,,,,,,,,,,,,,,,,,,,,,,,,,,,,,,,,,,,,,,,,,,,,,,,,,,,,,,,,WORKGROUP,0x00000000000003e7,WIN-2RR949GCCSV$,S-1-5-18,Builtin,,,,,,,,,,,S-1-5-32-544,Administrators,,,,,,,,,,,,,,
315,2026-04-01 19:18:18.310780+00:00,4624,Microsoft-Windows-Security-Auditing,,,,,,,,,,Negotiate,,,,,,,,,,,,,,,%%1842,,,,,,,,,,,,%%1833,-,-,,,0,,,,-,,,,,{00000000-0000-0000-0000-000000000000},,Advapi  ,5,,,,,,,,,,,,,,,,,,,,,,,,,,,,,,,,,0x00000000000002e4,C:\Windows\System32\services.exe,,,,,,-,,,,,-,,,,,,,WORKGROUP,0x00000000000003e7,WIN-2RR949GCCSV$,S-1-5-18,NT AUTHORITY,,0x0000000000000000,,0x00000000000003e7,,-,-,,,,,SYSTEM,S-1-5-18,,,,-,,,,,,%%1843,,,-
316,2026-04-01 19:18:18.310785+00:00,4672,Microsoft-Windows-Security-Auditing,,,,,,,,,,,,,,,,,,,,,,,,,,,,,,,,,,,,,,,,,,,,,,,,,,,,,,,,,,,,,,,,,,,,,,,,,,,,,,,,,,,,,"SeAssignPrimaryTokenPrivilege
			SeTcbPrivilege
			SeSecurityPrivilege
			SeTakeOwnershipPrivilege
			SeLoadDriverPrivilege
			SeBackupPrivilege
			SeRestorePrivilege
			SeDebugPrivilege
			SeAuditPrivilege
			SeSystemEnvironmentPrivilege
			SeImpersonatePrivilege
			SeDelegateSessionUserImpersonatePrivilege",,,,,,,,,,,,,,,,,,,,,NT AUTHORITY,0x00000000000003e7,SYSTEM,S-1-5-18,,,,,,,,,,,,,,,,,,,,,,,,,,,
317,2026-04-01 19:18:18.315357+00:00,4624,Microsoft-Windows-Security-Auditing,,,,,,,,,,Negotiate,,,,,,,,,,,,,,,%%1842,,,,,,,,,,,,%%1833,-,-,,,0,,,,-,,,,,{00000000-0000-0000-0000-000000000000},,Advapi  ,5,,,,,,,,,,,,,,,,,,,,,,,,,,,,,,,,,0x00000000000002e4,C:\Windows\System32\services.exe,,,,,,-,,,,,-,,,,,,,WORKGROUP,0x00000000000003e7,WIN-2RR949GCCSV$,S-1-5-18,NT AUTHORITY,,0x0000000000000000,,0x00000000000003e7,,-,-,,,,,SYSTEM,S-1-5-18,,,,-,,,,,,%%1843,,,-
318,2026-04-01 19:18:18.315363+00:00,4672,Microsoft-Windows-Security-Auditing,,,,,,,,,,,,,,,,,,,,,,,,,,,,,,,,,,,,,,,,,,,,,,,,,,,,,,,,,,,,,,,,,,,,,,,,,,,,,,,,,,,,,"SeAssignPrimaryTokenPrivilege
			SeTcbPrivilege
			SeSecurityPrivilege
			SeTakeOwnershipPrivilege
			SeLoadDriverPrivilege
			SeBackupPrivilege
			SeRestorePrivilege
			SeDebugPrivilege
			SeAuditPrivilege
			SeSystemEnvironmentPrivilege
			SeImpersonatePrivilege
			SeDelegateSessionUserImpersonatePrivilege",,,,,,,,,,,,,,,,,,,,,NT AUTHORITY,0x00000000000003e7,SYSTEM,S-1-5-18,,,,,,,,,,,,,,,,,,,,,,,,,,,
319,2026-04-01 19:18:18.547714+00:00,4634,Microsoft-Windows-Security-Auditing,,,,,,,,,,,,,,,,,,,,,,,,,,,,,,,,,,,,,,,,,,,,,,,,,,,,,,2,,,,,,,,,,,,,,,,,,,,,,,,,,,,,,,,,,,,,,,,,,,,,,,,,,,,,,,,DESKTOP-3RQPMJ6,,,,0x000000000001f6c2,,,,,,,,defaultuser0,S-1-5-21-2352865859-2334931103-2005901029-1000,,,,,,,,,,,,,
320,2026-04-01 19:18:18.549318+00:00,4634,Microsoft-Windows-Security-Auditing,,,,,,,,,,,,,,,,,,,,,,,,,,,,,,,,,,,,,,,,,,,,,,,,,,,,,,2,,,,,,,,,,,,,,,,,,,,,,,,,,,,,,,,,,,,,,,,,,,,,,,,,,,,,,,,DESKTOP-3RQPMJ6,,,,0x000000000001f679,,,,,,,,defaultuser0,S-1-5-21-2352865859-2334931103-2005901029-1000,,,,,,,,,,,,,
321,2026-04-01 19:18:18.601351+00:00,4624,Microsoft-Windows-Security-Auditing,,,,,,,,,,Negotiate,,,,,,,,,,,,,,,%%1842,,,,,,,,,,,,%%1833,-,-,,,0,,,,-,,,,,{00000000-0000-0000-0000-000000000000},,Advapi  ,5,,,,,,,,,,,,,,,,,,,,,,,,,,,,,,,,,0x00000000000002e4,C:\Windows\System32\services.exe,,,,,,-,,,,,-,,,,,,,WORKGROUP,0x00000000000003e7,WIN-2RR949GCCSV$,S-1-5-18,NT AUTHORITY,,0x0000000000000000,,0x00000000000003e7,,-,-,,,,,SYSTEM,S-1-5-18,,,,-,,,,,,%%1843,,,-
322,2026-04-01 19:18:18.601357+00:00,4672,Microsoft-Windows-Security-Auditing,,,,,,,,,,,,,,,,,,,,,,,,,,,,,,,,,,,,,,,,,,,,,,,,,,,,,,,,,,,,,,,,,,,,,,,,,,,,,,,,,,,,,"SeAssignPrimaryTokenPrivilege
			SeTcbPrivilege
			SeSecurityPrivilege
			SeTakeOwnershipPrivilege
			SeLoadDriverPrivilege
			SeBackupPrivilege
			SeRestorePrivilege
			SeDebugPrivilege
			SeAuditPrivilege
			SeSystemEnvironmentPrivilege
			SeImpersonatePrivilege
			SeDelegateSessionUserImpersonatePrivilege",,,,,,,,,,,,,,,,,,,,,NT AUTHORITY,0x00000000000003e7,SYSTEM,S-1-5-18,,,,,,,,,,,,,,,,,,,,,,,,,,,
323,2026-04-01 19:18:19.021915+00:00,4624,Microsoft-Windows-Security-Auditing,,,,,,,,,,Negotiate,,,,,,,,,,,,,,,%%1842,,,,,,,,,,,,%%1833,-,-,,,0,,,,-,,,,,{00000000-0000-0000-0000-000000000000},,Advapi  ,5,,,,,,,,,,,,,,,,,,,,,,,,,,,,,,,,,0x00000000000002e4,C:\Windows\System32\services.exe,,,,,,-,,,,,-,,,,,,,WORKGROUP,0x00000000000003e7,WIN-2RR949GCCSV$,S-1-5-18,NT AUTHORITY,,0x0000000000000000,,0x00000000000003e7,,-,-,,,,,SYSTEM,S-1-5-18,,,,-,,,,,,%%1843,,,-
324,2026-04-01 19:18:19.021921+00:00,4672,Microsoft-Windows-Security-Auditing,,,,,,,,,,,,,,,,,,,,,,,,,,,,,,,,,,,,,,,,,,,,,,,,,,,,,,,,,,,,,,,,,,,,,,,,,,,,,,,,,,,,,"SeAssignPrimaryTokenPrivilege
			SeTcbPrivilege
			SeSecurityPrivilege
			SeTakeOwnershipPrivilege
			SeLoadDriverPrivilege
			SeBackupPrivilege
			SeRestorePrivilege
			SeDebugPrivilege
			SeAuditPrivilege
			SeSystemEnvironmentPrivilege
			SeImpersonatePrivilege
			SeDelegateSessionUserImpersonatePrivilege",,,,,,,,,,,,,,,,,,,,,NT AUTHORITY,0x00000000000003e7,SYSTEM,S-1-5-18,,,,,,,,,,,,,,,,,,,,,,,,,,,
325,2026-04-01 19:18:19.024649+00:00,4624,Microsoft-Windows-Security-Auditing,,,,,,,,,,Negotiate,,,,,,,,,,,,,,,%%1842,,,,,,,,,,,,%%1833,-,-,,,0,,,,-,,,,,{00000000-0000-0000-0000-000000000000},,Advapi  ,5,,,,,,,,,,,,,,,,,,,,,,,,,,,,,,,,,0x00000000000002e4,C:\Windows\System32\services.exe,,,,,,-,,,,,-,,,,,,,WORKGROUP,0x00000000000003e7,WIN-2RR949GCCSV$,S-1-5-18,NT AUTHORITY,,0x0000000000000000,,0x00000000000003e7,,-,-,,,,,SYSTEM,S-1-5-18,,,,-,,,,,,%%1843,,,-
326,2026-04-01 19:18:19.024652+00:00,4672,Microsoft-Windows-Security-Auditing,,,,,,,,,,,,,,,,,,,,,,,,,,,,,,,,,,,,,,,,,,,,,,,,,,,,,,,,,,,,,,,,,,,,,,,,,,,,,,,,,,,,,"SeAssignPrimaryTokenPrivilege
			SeTcbPrivilege
			SeSecurityPrivilege
			SeTakeOwnershipPrivilege
			SeLoadDriverPrivilege
			SeBackupPrivilege
			SeRestorePrivilege
			SeDebugPrivilege
			SeAuditPrivilege
			SeSystemEnvironmentPrivilege
			SeImpersonatePrivilege
			SeDelegateSessionUserImpersonatePrivilege",,,,,,,,,,,,,,,,,,,,,NT AUTHORITY,0x00000000000003e7,SYSTEM,S-1-5-18,,,,,,,,,,,,,,,,,,,,,,,,,,,
327,2026-04-01 19:18:19.153154+00:00,4624,Microsoft-Windows-Security-Auditing,,,,,,,,,,Negotiate,,,,,,,,,,,,,,,%%1842,,,,,,,,,,,,%%1833,-,-,,,0,,,,-,,,,,{00000000-0000-0000-0000-000000000000},,Advapi  ,5,,,,,,,,,,,,,,,,,,,,,,,,,,,,,,,,,0x00000000000002e4,C:\Windows\System32\services.exe,,,,,,-,,,,,-,,,,,,,WORKGROUP,0x00000000000003e7,WIN-2RR949GCCSV$,S-1-5-18,NT AUTHORITY,,0x0000000000000000,,0x00000000000003e7,,-,-,,,,,SYSTEM,S-1-5-18,,,,-,,,,,,%%1843,,,-
328,2026-04-01 19:18:19.153160+00:00,4672,Microsoft-Windows-Security-Auditing,,,,,,,,,,,,,,,,,,,,,,,,,,,,,,,,,,,,,,,,,,,,,,,,,,,,,,,,,,,,,,,,,,,,,,,,,,,,,,,,,,,,,"SeAssignPrimaryTokenPrivilege
			SeTcbPrivilege
			SeSecurityPrivilege
			SeTakeOwnershipPrivilege
			SeLoadDriverPrivilege
			SeBackupPrivilege
			SeRestorePrivilege
			SeDebugPrivilege
			SeAuditPrivilege
			SeSystemEnvironmentPrivilege
			SeImpersonatePrivilege
			SeDelegateSessionUserImpersonatePrivilege",,,,,,,,,,,,,,,,,,,,,NT AUTHORITY,0x00000000000003e7,SYSTEM,S-1-5-18,,,,,,,,,,,,,,,,,,,,,,,,,,,
329,2026-04-01 19:18:19.298555+00:00,4799,Microsoft-Windows-Security-Auditing,,,,,,,,,,,0x0000000000000808,C:\Windows\System32\svchost.exe,,,,,,,,,,,,,,,,,,,,,,,,,,,,,,,,,,,,,,,,,,,,,,,,,,,,,,,,,,,,,,,,,,,,,,,,,,,,,,,,,,,,,,,,,,,,,,WORKGROUP,0x00000000000003e4,WIN-2RR949GCCSV$,S-1-5-20,Builtin,,,,,,,,,,,S-1-5-32-544,Administrators,,,,,,,,,,,,,,
330,2026-04-01 19:18:19.531002+00:00,4624,Microsoft-Windows-Security-Auditing,,,,,,,,,,Negotiate,,,,,,,,,,,,,,,%%1842,,,,,,,,,,,,%%1833,-,-,,,0,,,,-,,,,,{00000000-0000-0000-0000-000000000000},,Advapi  ,5,,,,,,,,,,,,,,,,,,,,,,,,,,,,,,,,,0x00000000000002e4,C:\Windows\System32\services.exe,,,,,,-,,,,,-,,,,,,,WORKGROUP,0x00000000000003e7,WIN-2RR949GCCSV$,S-1-5-18,NT AUTHORITY,,0x0000000000000000,,0x00000000000003e7,,-,-,,,,,SYSTEM,S-1-5-18,,,,-,,,,,,%%1843,,,-
331,2026-04-01 19:18:19.531008+00:00,4672,Microsoft-Windows-Security-Auditing,,,,,,,,,,,,,,,,,,,,,,,,,,,,,,,,,,,,,,,,,,,,,,,,,,,,,,,,,,,,,,,,,,,,,,,,,,,,,,,,,,,,,"SeAssignPrimaryTokenPrivilege
			SeTcbPrivilege
			SeSecurityPrivilege
			SeTakeOwnershipPrivilege
			SeLoadDriverPrivilege
			SeBackupPrivilege
			SeRestorePrivilege
			SeDebugPrivilege
			SeAuditPrivilege
			SeSystemEnvironmentPrivilege
			SeImpersonatePrivilege
			SeDelegateSessionUserImpersonatePrivilege",,,,,,,,,,,,,,,,,,,,,NT AUTHORITY,0x00000000000003e7,SYSTEM,S-1-5-18,,,,,,,,,,,,,,,,,,,,,,,,,,,
332,2026-04-01 19:18:19.695707+00:00,4624,Microsoft-Windows-Security-Auditing,,,,,,,,,,Negotiate,,,,,,,,,,,,,,,%%1842,,,,,,,,,,,,%%1833,-,-,,,0,,,,-,,,,,{00000000-0000-0000-0000-000000000000},,Advapi  ,5,,,,,,,,,,,,,,,,,,,,,,,,,,,,,,,,,0x00000000000002e4,C:\Windows\System32\services.exe,,,,,,-,,,,,-,,,,,,,WORKGROUP,0x00000000000003e7,WIN-2RR949GCCSV$,S-1-5-18,NT AUTHORITY,,0x0000000000000000,,0x00000000000003e7,,-,-,,,,,SYSTEM,S-1-5-18,,,,-,,,,,,%%1843,,,-
333,2026-04-01 19:18:19.695713+00:00,4672,Microsoft-Windows-Security-Auditing,,,,,,,,,,,,,,,,,,,,,,,,,,,,,,,,,,,,,,,,,,,,,,,,,,,,,,,,,,,,,,,,,,,,,,,,,,,,,,,,,,,,,"SeAssignPrimaryTokenPrivilege
			SeTcbPrivilege
			SeSecurityPrivilege
			SeTakeOwnershipPrivilege
			SeLoadDriverPrivilege
			SeBackupPrivilege
			SeRestorePrivilege
			SeDebugPrivilege
			SeAuditPrivilege
			SeSystemEnvironmentPrivilege
			SeImpersonatePrivilege
			SeDelegateSessionUserImpersonatePrivilege",,,,,,,,,,,,,,,,,,,,,NT AUTHORITY,0x00000000000003e7,SYSTEM,S-1-5-18,,,,,,,,,,,,,,,,,,,,,,,,,,,
334,2026-04-01 19:18:19.748259+00:00,4624,Microsoft-Windows-Security-Auditing,,,,,,,,,,Negotiate,,,,,,,,,,,,,,,%%1842,,,,,,,,,,,,%%1833,-,-,,,0,,,,-,,,,,{00000000-0000-0000-0000-000000000000},,Advapi  ,5,,,,,,,,,,,,,,,,,,,,,,,,,,,,,,,,,0x00000000000002e4,C:\Windows\System32\services.exe,,,,,,-,,,,,-,,,,,,,WORKGROUP,0x00000000000003e7,WIN-2RR949GCCSV$,S-1-5-18,NT AUTHORITY,,0x0000000000000000,,0x00000000000003e7,,-,-,,,,,SYSTEM,S-1-5-18,,,,-,,,,,,%%1843,,,-
335,2026-04-01 19:18:19.748264+00:00,4672,Microsoft-Windows-Security-Auditing,,,,,,,,,,,,,,,,,,,,,,,,,,,,,,,,,,,,,,,,,,,,,,,,,,,,,,,,,,,,,,,,,,,,,,,,,,,,,,,,,,,,,"SeAssignPrimaryTokenPrivilege
			SeTcbPrivilege
			SeSecurityPrivilege
			SeTakeOwnershipPrivilege
			SeLoadDriverPrivilege
			SeBackupPrivilege
			SeRestorePrivilege
			SeDebugPrivilege
			SeAuditPrivilege
			SeSystemEnvironmentPrivilege
			SeImpersonatePrivilege
			SeDelegateSessionUserImpersonatePrivilege",,,,,,,,,,,,,,,,,,,,,NT AUTHORITY,0x00000000000003e7,SYSTEM,S-1-5-18,,,,,,,,,,,,,,,,,,,,,,,,,,,
336,2026-04-01 19:18:19.866373+00:00,5033,Microsoft-Windows-Security-Auditing,,,,,,,,,,,,,,,,,,,,,,,,,,,,,,,,,,,,,,,,,,,,,,,,,,,,,,,,,,,,,,,,,,,,,,,,,,,,,,,,,,,,,,,,,,,,,,,,,,,,,,,,,,,,,,,,,,,,,,,,,,,,,,,,,,,,,,,,
337,2026-04-01 19:18:19.925522+00:00,4624,Microsoft-Windows-Security-Auditing,,,,,,,,,,Negotiate,,,,,,,,,,,,,,,%%1842,,,,,,,,,,,,%%1833,-,-,,,0,,,,-,,,,,{00000000-0000-0000-0000-000000000000},,Advapi  ,5,,,,,,,,,,,,,,,,,,,,,,,,,,,,,,,,,0x00000000000002e4,C:\Windows\System32\services.exe,,,,,,-,,,,,-,,,,,,,WORKGROUP,0x00000000000003e7,WIN-2RR949GCCSV$,S-1-5-18,NT AUTHORITY,,0x0000000000000000,,0x00000000000003e7,,-,-,,,,,SYSTEM,S-1-5-18,,,,-,,,,,,%%1843,,,-
338,2026-04-01 19:18:19.925528+00:00,4672,Microsoft-Windows-Security-Auditing,,,,,,,,,,,,,,,,,,,,,,,,,,,,,,,,,,,,,,,,,,,,,,,,,,,,,,,,,,,,,,,,,,,,,,,,,,,,,,,,,,,,,"SeAssignPrimaryTokenPrivilege
			SeTcbPrivilege
			SeSecurityPrivilege
			SeTakeOwnershipPrivilege
			SeLoadDriverPrivilege
			SeBackupPrivilege
			SeRestorePrivilege
			SeDebugPrivilege
			SeAuditPrivilege
			SeSystemEnvironmentPrivilege
			SeImpersonatePrivilege
			SeDelegateSessionUserImpersonatePrivilege",,,,,,,,,,,,,,,,,,,,,NT AUTHORITY,0x00000000000003e7,SYSTEM,S-1-5-18,,,,,,,,,,,,,,,,,,,,,,,,,,,
339,2026-04-01 19:18:19.933058+00:00,4624,Microsoft-Windows-Security-Auditing,,,,,,,,,,Negotiate,,,,,,,,,,,,,,,%%1842,,,,,,,,,,,,%%1833,-,-,,,0,,,,-,,,,,{00000000-0000-0000-0000-000000000000},,Advapi  ,5,,,,,,,,,,,,,,,,,,,,,,,,,,,,,,,,,0x00000000000002e4,C:\Windows\System32\services.exe,,,,,,-,,,,,-,,,,,,,WORKGROUP,0x00000000000003e7,WIN-2RR949GCCSV$,S-1-5-18,NT AUTHORITY,,0x0000000000000000,,0x00000000000003e7,,-,-,,,,,SYSTEM,S-1-5-18,,,,-,,,,,,%%1843,,,-
340,2026-04-01 19:18:19.933064+00:00,4672,Microsoft-Windows-Security-Auditing,,,,,,,,,,,,,,,,,,,,,,,,,,,,,,,,,,,,,,,,,,,,,,,,,,,,,,,,,,,,,,,,,,,,,,,,,,,,,,,,,,,,,"SeAssignPrimaryTokenPrivilege
			SeTcbPrivilege
			SeSecurityPrivilege
			SeTakeOwnershipPrivilege
			SeLoadDriverPrivilege
			SeBackupPrivilege
			SeRestorePrivilege
			SeDebugPrivilege
			SeAuditPrivilege
			SeSystemEnvironmentPrivilege
			SeImpersonatePrivilege
			SeDelegateSessionUserImpersonatePrivilege",,,,,,,,,,,,,,,,,,,,,NT AUTHORITY,0x00000000000003e7,SYSTEM,S-1-5-18,,,,,,,,,,,,,,,,,,,,,,,,,,,
341,2026-04-01 19:18:19.960745+00:00,4624,Microsoft-Windows-Security-Auditing,,,,,,,,,,Negotiate,,,,,,,,,,,,,,,%%1842,,,,,,,,,,,,%%1833,-,-,,,0,,,,-,,,,,{00000000-0000-0000-0000-000000000000},,Advapi  ,5,,,,,,,,,,,,,,,,,,,,,,,,,,,,,,,,,0x00000000000002e4,C:\Windows\System32\services.exe,,,,,,-,,,,,-,,,,,,,WORKGROUP,0x00000000000003e7,WIN-2RR949GCCSV$,S-1-5-18,NT AUTHORITY,,0x0000000000000000,,0x00000000000003e7,,-,-,,,,,SYSTEM,S-1-5-18,,,,-,,,,,,%%1843,,,-
342,2026-04-01 19:18:19.960751+00:00,4672,Microsoft-Windows-Security-Auditing,,,,,,,,,,,,,,,,,,,,,,,,,,,,,,,,,,,,,,,,,,,,,,,,,,,,,,,,,,,,,,,,,,,,,,,,,,,,,,,,,,,,,"SeAssignPrimaryTokenPrivilege
			SeTcbPrivilege
			SeSecurityPrivilege
			SeTakeOwnershipPrivilege
			SeLoadDriverPrivilege
			SeBackupPrivilege
			SeRestorePrivilege
			SeDebugPrivilege
			SeAuditPrivilege
			SeSystemEnvironmentPrivilege
			SeImpersonatePrivilege
			SeDelegateSessionUserImpersonatePrivilege",,,,,,,,,,,,,,,,,,,,,NT AUTHORITY,0x00000000000003e7,SYSTEM,S-1-5-18,,,,,,,,,,,,,,,,,,,,,,,,,,,
343,2026-04-01 19:18:20.017288+00:00,4624,Microsoft-Windows-Security-Auditing,,,,,,,,,,Negotiate,,,,,,,,,,,,,,,%%1842,,,,,,,,,,,,%%1833,-,-,,,0,,,,-,,,,,{00000000-0000-0000-0000-000000000000},,Advapi  ,5,,,,,,,,,,,,,,,,,,,,,,,,,,,,,,,,,0x00000000000002e4,C:\Windows\System32\services.exe,,,,,,-,,,,,-,,,,,,,WORKGROUP,0x00000000000003e7,WIN-2RR949GCCSV$,S-1-5-18,NT AUTHORITY,,0x0000000000000000,,0x00000000000003e7,,-,-,,,,,SYSTEM,S-1-5-18,,,,-,,,,,,%%1843,,,-
344,2026-04-01 19:18:20.017292+00:00,4672,Microsoft-Windows-Security-Auditing,,,,,,,,,,,,,,,,,,,,,,,,,,,,,,,,,,,,,,,,,,,,,,,,,,,,,,,,,,,,,,,,,,,,,,,,,,,,,,,,,,,,,"SeAssignPrimaryTokenPrivilege
			SeTcbPrivilege
			SeSecurityPrivilege
			SeTakeOwnershipPrivilege
			SeLoadDriverPrivilege
			SeBackupPrivilege
			SeRestorePrivilege
			SeDebugPrivilege
			SeAuditPrivilege
			SeSystemEnvironmentPrivilege
			SeImpersonatePrivilege
			SeDelegateSessionUserImpersonatePrivilege",,,,,,,,,,,,,,,,,,,,,NT AUTHORITY,0x00000000000003e7,SYSTEM,S-1-5-18,,,,,,,,,,,,,,,,,,,,,,,,,,,
345,2026-04-01 19:18:20.043810+00:00,4624,Microsoft-Windows-Security-Auditing,,,,,,,,,,Negotiate,,,,,,,,,,,,,,,%%1842,,,,,,,,,,,,%%1833,-,-,,,0,,,,-,,,,,{00000000-0000-0000-0000-000000000000},,Advapi  ,5,,,,,,,,,,,,,,,,,,,,,,,,,,,,,,,,,0x00000000000002e4,C:\Windows\System32\services.exe,,,,,,-,,,,,-,,,,,,,WORKGROUP,0x00000000000003e7,WIN-2RR949GCCSV$,S-1-5-18,NT AUTHORITY,,0x0000000000000000,,0x00000000000003e7,,-,-,,,,,SYSTEM,S-1-5-18,,,,-,,,,,,%%1843,,,-
346,2026-04-01 19:18:20.043818+00:00,4672,Microsoft-Windows-Security-Auditing,,,,,,,,,,,,,,,,,,,,,,,,,,,,,,,,,,,,,,,,,,,,,,,,,,,,,,,,,,,,,,,,,,,,,,,,,,,,,,,,,,,,,"SeAssignPrimaryTokenPrivilege
			SeTcbPrivilege
			SeSecurityPrivilege
			SeTakeOwnershipPrivilege
			SeLoadDriverPrivilege
			SeBackupPrivilege
			SeRestorePrivilege
			SeDebugPrivilege
			SeAuditPrivilege
			SeSystemEnvironmentPrivilege
			SeImpersonatePrivilege
			SeDelegateSessionUserImpersonatePrivilege",,,,,,,,,,,,,,,,,,,,,NT AUTHORITY,0x00000000000003e7,SYSTEM,S-1-5-18,,,,,,,,,,,,,,,,,,,,,,,,,,,
347,2026-04-01 19:18:20.045885+00:00,4624,Microsoft-Windows-Security-Auditing,,,,,,,,,,Negotiate,,,,,,,,,,,,,,,%%1842,,,,,,,,,,,,%%1833,-,-,,,0,,,,-,,,,,{00000000-0000-0000-0000-000000000000},,Advapi  ,5,,,,,,,,,,,,,,,,,,,,,,,,,,,,,,,,,0x00000000000002e4,C:\Windows\System32\services.exe,,,,,,-,,,,,-,,,,,,,WORKGROUP,0x00000000000003e7,WIN-2RR949GCCSV$,S-1-5-18,NT AUTHORITY,,0x0000000000000000,,0x00000000000003e7,,-,-,,,,,SYSTEM,S-1-5-18,,,,-,,,,,,%%1843,,,-
348,2026-04-01 19:18:20.045891+00:00,4672,Microsoft-Windows-Security-Auditing,,,,,,,,,,,,,,,,,,,,,,,,,,,,,,,,,,,,,,,,,,,,,,,,,,,,,,,,,,,,,,,,,,,,,,,,,,,,,,,,,,,,,"SeAssignPrimaryTokenPrivilege
			SeTcbPrivilege
			SeSecurityPrivilege
			SeTakeOwnershipPrivilege
			SeLoadDriverPrivilege
			SeBackupPrivilege
			SeRestorePrivilege
			SeDebugPrivilege
			SeAuditPrivilege
			SeSystemEnvironmentPrivilege
			SeImpersonatePrivilege
			SeDelegateSessionUserImpersonatePrivilege",,,,,,,,,,,,,,,,,,,,,NT AUTHORITY,0x00000000000003e7,SYSTEM,S-1-5-18,,,,,,,,,,,,,,,,,,,,,,,,,,,
349,2026-04-01 19:18:20.049662+00:00,4624,Microsoft-Windows-Security-Auditing,,,,,,,,,,Negotiate,,,,,,,,,,,,,,,%%1842,,,,,,,,,,,,%%1833,-,-,,,0,,,,-,,,,,{00000000-0000-0000-0000-000000000000},,Advapi  ,5,,,,,,,,,,,,,,,,,,,,,,,,,,,,,,,,,0x00000000000002e4,C:\Windows\System32\services.exe,,,,,,-,,,,,-,,,,,,,WORKGROUP,0x00000000000003e7,WIN-2RR949GCCSV$,S-1-5-18,NT AUTHORITY,,0x0000000000000000,,0x00000000000003e7,,-,-,,,,,SYSTEM,S-1-5-18,,,,-,,,,,,%%1843,,,-
350,2026-04-01 19:18:20.049667+00:00,4672,Microsoft-Windows-Security-Auditing,,,,,,,,,,,,,,,,,,,,,,,,,,,,,,,,,,,,,,,,,,,,,,,,,,,,,,,,,,,,,,,,,,,,,,,,,,,,,,,,,,,,,"SeAssignPrimaryTokenPrivilege
			SeTcbPrivilege
			SeSecurityPrivilege
			SeTakeOwnershipPrivilege
			SeLoadDriverPrivilege
			SeBackupPrivilege
			SeRestorePrivilege
			SeDebugPrivilege
			SeAuditPrivilege
			SeSystemEnvironmentPrivilege
			SeImpersonatePrivilege
			SeDelegateSessionUserImpersonatePrivilege",,,,,,,,,,,,,,,,,,,,,NT AUTHORITY,0x00000000000003e7,SYSTEM,S-1-5-18,,,,,,,,,,,,,,,,,,,,,,,,,,,
351,2026-04-01 19:18:20.095737+00:00,4624,Microsoft-Windows-Security-Auditing,,,,,,,,,,Negotiate,,,,,,,,,,,,,,,%%1842,,,,,,,,,,,,%%1833,-,-,,,0,,,,-,,,,,{00000000-0000-0000-0000-000000000000},,Advapi  ,5,,,,,,,,,,,,,,,,,,,,,,,,,,,,,,,,,0x00000000000002e4,C:\Windows\System32\services.exe,,,,,,-,,,,,-,,,,,,,WORKGROUP,0x00000000000003e7,WIN-2RR949GCCSV$,S-1-5-18,NT AUTHORITY,,0x0000000000000000,,0x00000000000003e7,,-,-,,,,,SYSTEM,S-1-5-18,,,,-,,,,,,%%1843,,,-
352,2026-04-01 19:18:20.095741+00:00,4672,Microsoft-Windows-Security-Auditing,,,,,,,,,,,,,,,,,,,,,,,,,,,,,,,,,,,,,,,,,,,,,,,,,,,,,,,,,,,,,,,,,,,,,,,,,,,,,,,,,,,,,"SeAssignPrimaryTokenPrivilege
			SeTcbPrivilege
			SeSecurityPrivilege
			SeTakeOwnershipPrivilege
			SeLoadDriverPrivilege
			SeBackupPrivilege
			SeRestorePrivilege
			SeDebugPrivilege
			SeAuditPrivilege
			SeSystemEnvironmentPrivilege
			SeImpersonatePrivilege
			SeDelegateSessionUserImpersonatePrivilege",,,,,,,,,,,,,,,,,,,,,NT AUTHORITY,0x00000000000003e7,SYSTEM,S-1-5-18,,,,,,,,,,,,,,,,,,,,,,,,,,,
353,2026-04-01 19:18:20.315178+00:00,4624,Microsoft-Windows-Security-Auditing,,,,,,,,,,Negotiate,,,,,,,,,,,,,,,%%1842,,,,,,,,,,,,%%1833,-,-,,,0,,,,-,,,,,{00000000-0000-0000-0000-000000000000},,Advapi  ,5,,,,,,,,,,,,,,,,,,,,,,,,,,,,,,,,,0x00000000000002e4,C:\Windows\System32\services.exe,,,,,,-,,,,,-,,,,,,,WORKGROUP,0x00000000000003e7,WIN-2RR949GCCSV$,S-1-5-18,NT AUTHORITY,,0x0000000000000000,,0x00000000000003e7,,-,-,,,,,SYSTEM,S-1-5-18,,,,-,,,,,,%%1843,,,-
