3227,2026-04-01 17:18:09.205379+00:00,5379,Microsoft-Windows-Security-Auditing,,,,,,,,,,,,,,3780,,,1,,,,,,,,,,,,,,,,,,,,,,,,,,,,,,,,,,,,,,,,,,,,,,,,,,,,,,,,,,,,,,,,,,,,,2026-04-01 17:17:51.206451+00:00,,,,,,,%%8100,,,,,,,0,,,,,,NORMALVM,0x000000000003f7ec,pizza,S-1-5-21-2352865859-2334931103-2005901029-1001,,,,,,MicrosoftAccount:user=pizzahuthacker@gmail.com,,,,,,,,,,,,,0,,,,,,,,
3228,2026-04-01 17:18:09.205587+00:00,5379,Microsoft-Windows-Security-Auditing,,,,,,,,,,,,,,3780,,,1,,,,,,,,,,,,,,,,,,,,,,,,,,,,,,,,,,,,,,,,,,,,,,,,,,,,,,,,,,,,,,,,,,,,,2026-04-01 17:17:51.206451+00:00,,,,,,,%%8100,,,,,,,0,,,,,,NORMALVM,0x000000000003f7ec,pizza,S-1-5-21-2352865859-2334931103-2005901029-1001,,,,,,MicrosoftAccount:user=pizzahuthacker@gmail.com,,,,,,,,,,,,,0,,,,,,,,
3229,2026-04-01 17:18:09.206137+00:00,5379,Microsoft-Windows-Security-Auditing,,,,,,,,,,,,,,3780,,,1,,,,,,,,,,,,,,,,,,,,,,,,,,,,,,,,,,,,,,,,,,,,,,,,,,,,,,,,,,,,,,,,,,,,,2026-04-01 17:17:51.206451+00:00,,,,,,,%%8100,,,,,,,0,,,,,,NORMALVM,0x000000000003f7ec,pizza,S-1-5-21-2352865859-2334931103-2005901029-1001,,,,,,MicrosoftAccount:user=pizzahuthacker@gmail.com,,,,,,,,,,,,,0,,,,,,,,
3230,2026-04-01 17:18:09.206270+00:00,5379,Microsoft-Windows-Security-Auditing,,,,,,,,,,,,,,3780,,,1,,,,,,,,,,,,,,,,,,,,,,,,,,,,,,,,,,,,,,,,,,,,,,,,,,,,,,,,,,,,,,,,,,,,,2026-04-01 17:17:51.206451+00:00,,,,,,,%%8100,,,,,,,0,,,,,,NORMALVM,0x000000000003f7ec,pizza,S-1-5-21-2352865859-2334931103-2005901029-1001,,,,,,MicrosoftAccount:user=pizzahuthacker@gmail.com,,,,,,,,,,,,,0,,,,,,,,
3231,2026-04-01 17:18:09.207119+00:00,5379,Microsoft-Windows-Security-Auditing,,,,,,,,,,,,,,3780,,,1,,,,,,,,,,,,,,,,,,,,,,,,,,,,,,,,,,,,,,,,,,,,,,,,,,,,,,,,,,,,,,,,,,,,,2026-04-01 17:17:51.206451+00:00,,,,,,,%%8100,,,,,,,0,,,,,,NORMALVM,0x000000000003f7ec,pizza,S-1-5-21-2352865859-2334931103-2005901029-1001,,,,,,MicrosoftAccount:user=pizzahuthacker@gmail.com,,,,,,,,,,,,,0,,,,,,,,
3232,2026-04-01 17:18:09.208059+00:00,5379,Microsoft-Windows-Security-Auditing,,,,,,,,,,,,,,3780,,,1,,,,,,,,,,,,,,,,,,,,,,,,,,,,,,,,,,,,,,,,,,,,,,,,,,,,,,,,,,,,,,,,,,,,,2026-04-01 17:17:51.206451+00:00,,,,,,,%%8100,,,,,,,0,,,,,,NORMALVM,0x000000000003f7ec,pizza,S-1-5-21-2352865859-2334931103-2005901029-1001,,,,,,MicrosoftAccount:user=pizzahuthacker@gmail.com,,,,,,,,,,,,,0,,,,,,,,
3233,2026-04-01 17:18:09.208746+00:00,5379,Microsoft-Windows-Security-Auditing,,,,,,,,,,,,,,3780,,,1,,,,,,,,,,,,,,,,,,,,,,,,,,,,,,,,,,,,,,,,,,,,,,,,,,,,,,,,,,,,,,,,,,,,,2026-04-01 17:17:51.206451+00:00,,,,,,,%%8100,,,,,,,0,,,,,,NORMALVM,0x000000000003f7ec,pizza,S-1-5-21-2352865859-2334931103-2005901029-1001,,,,,,MicrosoftAccount:user=pizzahuthacker@gmail.com,,,,,,,,,,,,,0,,,,,,,,
3234,2026-04-01 17:18:09.210320+00:00,5379,Microsoft-Windows-Security-Auditing,,,,,,,,,,,,,,3780,,,1,,,,,,,,,,,,,,,,,,,,,,,,,,,,,,,,,,,,,,,,,,,,,,,,,,,,,,,,,,,,,,,,,,,,,2026-04-01 17:17:51.206451+00:00,,,,,,,%%8100,,,,,,,0,,,,,,NORMALVM,0x000000000003f7ec,pizza,S-1-5-21-2352865859-2334931103-2005901029-1001,,,,,,MicrosoftAccount:user=pizzahuthacker@gmail.com,,,,,,,,,,,,,0,,,,,,,,
3235,2026-04-01 17:18:09.210476+00:00,5379,Microsoft-Windows-Security-Auditing,,,,,,,,,,,,,,3780,,,1,,,,,,,,,,,,,,,,,,,,,,,,,,,,,,,,,,,,,,,,,,,,,,,,,,,,,,,,,,,,,,,,,,,,,2026-04-01 17:17:51.206451+00:00,,,,,,,%%8100,,,,,,,0,,,,,,NORMALVM,0x000000000003f7ec,pizza,S-1-5-21-2352865859-2334931103-2005901029-1001,,,,,,MicrosoftAccount:user=pizzahuthacker@gmail.com,,,,,,,,,,,,,0,,,,,,,,
3236,2026-04-01 17:18:09.212084+00:00,5379,Microsoft-Windows-Security-Auditing,,,,,,,,,,,,,,3780,,,1,,,,,,,,,,,,,,,,,,,,,,,,,,,,,,,,,,,,,,,,,,,,,,,,,,,,,,,,,,,,,,,,,,,,,2026-04-01 17:17:51.206451+00:00,,,,,,,%%8100,,,,,,,0,,,,,,NORMALVM,0x000000000003f7ec,pizza,S-1-5-21-2352865859-2334931103-2005901029-1001,,,,,,MicrosoftAccount:user=pizzahuthacker@gmail.com,,,,,,,,,,,,,0,,,,,,,,
3237,2026-04-01 17:18:09.212444+00:00,5379,Microsoft-Windows-Security-Auditing,,,,,,,,,,,,,,3780,,,1,,,,,,,,,,,,,,,,,,,,,,,,,,,,,,,,,,,,,,,,,,,,,,,,,,,,,,,,,,,,,,,,,,,,,2026-04-01 17:17:51.206451+00:00,,,,,,,%%8100,,,,,,,0,,,,,,NORMALVM,0x000000000003f7ec,pizza,S-1-5-21-2352865859-2334931103-2005901029-1001,,,,,,MicrosoftAccount:user=pizzahuthacker@gmail.com,,,,,,,,,,,,,0,,,,,,,,
3238,2026-04-01 17:18:09.213783+00:00,5379,Microsoft-Windows-Security-Auditing,,,,,,,,,,,,,,3780,,,1,,,,,,,,,,,,,,,,,,,,,,,,,,,,,,,,,,,,,,,,,,,,,,,,,,,,,,,,,,,,,,,,,,,,,2026-04-01 17:17:51.206451+00:00,,,,,,,%%8100,,,,,,,0,,,,,,NORMALVM,0x000000000003f7ec,pizza,S-1-5-21-2352865859-2334931103-2005901029-1001,,,,,,MicrosoftAccount:user=pizzahuthacker@gmail.com,,,,,,,,,,,,,0,,,,,,,,
3239,2026-04-01 17:18:09.214376+00:00,5379,Microsoft-Windows-Security-Auditing,,,,,,,,,,,,,,3780,,,1,,,,,,,,,,,,,,,,,,,,,,,,,,,,,,,,,,,,,,,,,,,,,,,,,,,,,,,,,,,,,,,,,,,,,2026-04-01 17:17:51.206451+00:00,,,,,,,%%8100,,,,,,,0,,,,,,NORMALVM,0x000000000003f7ec,pizza,S-1-5-21-2352865859-2334931103-2005901029-1001,,,,,,MicrosoftAccount:user=pizzahuthacker@gmail.com,,,,,,,,,,,,,0,,,,,,,,
3240,2026-04-01 17:18:09.330845+00:00,5379,Microsoft-Windows-Security-Auditing,,,,,,,,,,,,,,3780,,,1,,,,,,,,,,,,,,,,,,,,,,,,,,,,,,,,,,,,,,,,,,,,,,,,,,,,,,,,,,,,,,,,,,,,,2026-04-01 17:17:51.206451+00:00,,,,,,,%%8100,,,,,,,0,,,,,,NORMALVM,0x000000000003f7ec,pizza,S-1-5-21-2352865859-2334931103-2005901029-1001,,,,,,MicrosoftAccount:user=pizzahuthacker@gmail.com,,,,,,,,,,,,,0,,,,,,,,
3241,2026-04-01 17:18:09.331015+00:00,5379,Microsoft-Windows-Security-Auditing,,,,,,,,,,,,,,3780,,,1,,,,,,,,,,,,,,,,,,,,,,,,,,,,,,,,,,,,,,,,,,,,,,,,,,,,,,,,,,,,,,,,,,,,,2026-04-01 17:17:51.206451+00:00,,,,,,,%%8100,,,,,,,0,,,,,,NORMALVM,0x000000000003f7ec,pizza,S-1-5-21-2352865859-2334931103-2005901029-1001,,,,,,MicrosoftAccount:user=pizzahuthacker@gmail.com,,,,,,,,,,,,,0,,,,,,,,
3242,2026-04-01 17:18:09.331230+00:00,5379,Microsoft-Windows-Security-Auditing,,,,,,,,,,,,,,3780,,,1,,,,,,,,,,,,,,,,,,,,,,,,,,,,,,,,,,,,,,,,,,,,,,,,,,,,,,,,,,,,,,,,,,,,,2026-04-01 17:17:51.206451+00:00,,,,,,,%%8100,,,,,,,0,,,,,,NORMALVM,0x000000000003f7ec,pizza,S-1-5-21-2352865859-2334931103-2005901029-1001,,,,,,MicrosoftAccount:user=pizzahuthacker@gmail.com,,,,,,,,,,,,,0,,,,,,,,
3243,2026-04-01 17:18:09.331408+00:00,5379,Microsoft-Windows-Security-Auditing,,,,,,,,,,,,,,3780,,,1,,,,,,,,,,,,,,,,,,,,,,,,,,,,,,,,,,,,,,,,,,,,,,,,,,,,,,,,,,,,,,,,,,,,,2026-04-01 17:17:51.206451+00:00,,,,,,,%%8100,,,,,,,0,,,,,,NORMALVM,0x000000000003f7ec,pizza,S-1-5-21-2352865859-2334931103-2005901029-1001,,,,,,MicrosoftAccount:user=pizzahuthacker@gmail.com,,,,,,,,,,,,,0,,,,,,,,
3244,2026-04-01 17:18:09.331583+00:00,5379,Microsoft-Windows-Security-Auditing,,,,,,,,,,,,,,3780,,,1,,,,,,,,,,,,,,,,,,,,,,,,,,,,,,,,,,,,,,,,,,,,,,,,,,,,,,,,,,,,,,,,,,,,,2026-04-01 17:17:51.206451+00:00,,,,,,,%%8100,,,,,,,0,,,,,,NORMALVM,0x000000000003f7ec,pizza,S-1-5-21-2352865859-2334931103-2005901029-1001,,,,,,MicrosoftAccount:user=pizzahuthacker@gmail.com,,,,,,,,,,,,,0,,,,,,,,
3245,2026-04-01 17:18:09.331680+00:00,5379,Microsoft-Windows-Security-Auditing,,,,,,,,,,,,,,3780,,,1,,,,,,,,,,,,,,,,,,,,,,,,,,,,,,,,,,,,,,,,,,,,,,,,,,,,,,,,,,,,,,,,,,,,,2026-04-01 17:17:51.206451+00:00,,,,,,,%%8100,,,,,,,0,,,,,,NORMALVM,0x000000000003f7ec,pizza,S-1-5-21-2352865859-2334931103-2005901029-1001,,,,,,MicrosoftAccount:user=pizzahuthacker@gmail.com,,,,,,,,,,,,,0,,,,,,,,
3246,2026-04-01 17:18:09.331848+00:00,5379,Microsoft-Windows-Security-Auditing,,,,,,,,,,,,,,3780,,,1,,,,,,,,,,,,,,,,,,,,,,,,,,,,,,,,,,,,,,,,,,,,,,,,,,,,,,,,,,,,,,,,,,,,,2026-04-01 17:17:51.206451+00:00,,,,,,,%%8100,,,,,,,0,,,,,,NORMALVM,0x000000000003f7ec,pizza,S-1-5-21-2352865859-2334931103-2005901029-1001,,,,,,MicrosoftAccount:user=pizzahuthacker@gmail.com,,,,,,,,,,,,,0,,,,,,,,
3247,2026-04-01 17:18:09.331984+00:00,5379,Microsoft-Windows-Security-Auditing,,,,,,,,,,,,,,3780,,,1,,,,,,,,,,,,,,,,,,,,,,,,,,,,,,,,,,,,,,,,,,,,,,,,,,,,,,,,,,,,,,,,,,,,,2026-04-01 17:17:51.206451+00:00,,,,,,,%%8100,,,,,,,0,,,,,,NORMALVM,0x000000000003f7ec,pizza,S-1-5-21-2352865859-2334931103-2005901029-1001,,,,,,MicrosoftAccount:user=pizzahuthacker@gmail.com,,,,,,,,,,,,,0,,,,,,,,
3248,2026-04-01 17:18:09.332146+00:00,5379,Microsoft-Windows-Security-Auditing,,,,,,,,,,,,,,3780,,,1,,,,,,,,,,,,,,,,,,,,,,,,,,,,,,,,,,,,,,,,,,,,,,,,,,,,,,,,,,,,,,,,,,,,,2026-04-01 17:17:51.206451+00:00,,,,,,,%%8100,,,,,,,0,,,,,,NORMALVM,0x000000000003f7ec,pizza,S-1-5-21-2352865859-2334931103-2005901029-1001,,,,,,MicrosoftAccount:user=pizzahuthacker@gmail.com,,,,,,,,,,,,,0,,,,,,,,
3249,2026-04-01 17:18:09.332268+00:00,5379,Microsoft-Windows-Security-Auditing,,,,,,,,,,,,,,3780,,,1,,,,,,,,,,,,,,,,,,,,,,,,,,,,,,,,,,,,,,,,,,,,,,,,,,,,,,,,,,,,,,,,,,,,,2026-04-01 17:17:51.206451+00:00,,,,,,,%%8100,,,,,,,0,,,,,,NORMALVM,0x000000000003f7ec,pizza,S-1-5-21-2352865859-2334931103-2005901029-1001,,,,,,MicrosoftAccount:user=pizzahuthacker@gmail.com,,,,,,,,,,,,,0,,,,,,,,
3250,2026-04-01 17:18:09.332409+00:00,5379,Microsoft-Windows-Security-Auditing,,,,,,,,,,,,,,3780,,,1,,,,,,,,,,,,,,,,,,,,,,,,,,,,,,,,,,,,,,,,,,,,,,,,,,,,,,,,,,,,,,,,,,,,,2026-04-01 17:17:51.206451+00:00,,,,,,,%%8100,,,,,,,0,,,,,,NORMALVM,0x000000000003f7ec,pizza,S-1-5-21-2352865859-2334931103-2005901029-1001,,,,,,MicrosoftAccount:user=pizzahuthacker@gmail.com,,,,,,,,,,,,,0,,,,,,,,
3251,2026-04-01 17:18:09.332546+00:00,5379,Microsoft-Windows-Security-Auditing,,,,,,,,,,,,,,3780,,,1,,,,,,,,,,,,,,,,,,,,,,,,,,,,,,,,,,,,,,,,,,,,,,,,,,,,,,,,,,,,,,,,,,,,,2026-04-01 17:17:51.206451+00:00,,,,,,,%%8100,,,,,,,0,,,,,,NORMALVM,0x000000000003f7ec,pizza,S-1-5-21-2352865859-2334931103-2005901029-1001,,,,,,MicrosoftAccount:user=pizzahuthacker@gmail.com,,,,,,,,,,,,,0,,,,,,,,
3252,2026-04-01 17:18:09.332712+00:00,5379,Microsoft-Windows-Security-Auditing,,,,,,,,,,,,,,3780,,,1,,,,,,,,,,,,,,,,,,,,,,,,,,,,,,,,,,,,,,,,,,,,,,,,,,,,,,,,,,,,,,,,,,,,,2026-04-01 17:17:51.206451+00:00,,,,,,,%%8100,,,,,,,0,,,,,,NORMALVM,0x000000000003f7ec,pizza,S-1-5-21-2352865859-2334931103-2005901029-1001,,,,,,MicrosoftAccount:user=pizzahuthacker@gmail.com,,,,,,,,,,,,,0,,,,,,,,
3253,2026-04-01 17:18:09.447956+00:00,4733,Microsoft-Windows-Security-Auditing,,,,,,,,,,,,,,,,,,,,,,,,,,,,,,,,,,,,,,,,,,,,,,,,,,,,,,,,,,-,S-1-5-21-2352865859-2334931103-2005901029-1000,,,,,,,,,,,,,,,,,,,,,,,,,,-,,,,,,,,,,,,,,,,,,,,,NORMALVM,0x000000000003f7ae,pizza,S-1-5-21-2352865859-2334931103-2005901029-1001,Builtin,,,,,,,,,,,S-1-5-32-545,Users,,,,,,,,,,,,,,
3254,2026-04-01 17:18:09.448174+00:00,4729,Microsoft-Windows-Security-Auditing,,,,,,,,,,,,,,,,,,,,,,,,,,,,,,,,,,,,,,,,,,,,,,,,,,,,,,,,,,-,S-1-5-21-2352865859-2334931103-2005901029-1000,,,,,,,,,,,,,,,,,,,,,,,,,,-,,,,,,,,,,,,,,,,,,,,,NORMALVM,0x000000000003f7ae,pizza,S-1-5-21-2352865859-2334931103-2005901029-1001,NormalVM,,,,,,,,,,,S-1-5-21-2352865859-2334931103-2005901029-513,None,,,,,,,,,,,,,,
3255,2026-04-01 17:18:09.448332+00:00,4726,Microsoft-Windows-Security-Auditing,,,,,,,,,,,,,,,,,,,,,,,,,,,,,,,,,,,,,,,,,,,,,,,,,,,,,,,,,,,,,,,,,,,,,,,,,,,,,,,,,,,,,-,,,,,,,,,,,,,,,,,,,,,NORMALVM,0x000000000003f7ae,pizza,S-1-5-21-2352865859-2334931103-2005901029-1001,NormalVM,,,,,,,,,,,S-1-5-21-2352865859-2334931103-2005901029-1000,defaultuser0,,,,,,,,,,,,,,
3256,2026-04-01 17:18:09.589861+00:00,5058,Microsoft-Windows-Security-Auditing,,,,,,,,UNKNOWN,,,,,2026-04-01 17:17:53.439054+00:00,4236,,,,,,,,,,,,,,,,,,,,,,,,,,,C:\WINDOWS\ServiceProfiles\LocalService\AppData\Roaming\Microsoft\Crypto\Keys\bbd5f57649bf312ade2b6701c8a8282b_8a77c4b8-41bd-4429-86d0-b73425f5c602,,1c6b2d13a42e19ff,%%2500,,,,,,,,,,,,,,,,,,,,,,,,,,,,,,,,,%%2458,,,,,,,,,,,,,Microsoft Software Key Storage Provider,,,,,,,,,,0x00000000,,,,,,NT AUTHORITY,0x00000000000003e5,LOCAL SERVICE,S-1-5-19,,,,,,,,,,,,,,,,,,,,,,,,,,,
3257,2026-04-01 17:18:09.590219+00:00,5061,Microsoft-Windows-Security-Auditing,,,,,,,,ECDSA_P256,,,,,,,,,,,,,,,,,,,,,,,,,,,,,,,,,,,1c6b2d13a42e19ff,%%2500,,,,,,,,,,,,,,,,,,,,,,,,,,,,,,,,,%%2480,,,,,,,,,,,,,Microsoft Software Key Storage Provider,,,,,,,,,,0x00000000,,,,,,NT AUTHORITY,0x00000000000003e5,LOCAL SERVICE,S-1-5-19,,,,,,,,,,,,,,,,,,,,,,,,,,,
3258,2026-04-01 17:18:09.590904+00:00,5059,Microsoft-Windows-Security-Auditing,,,,,,,,ECDSA_P256,,,,,2026-04-01 17:17:53.439054+00:00,4236,,,,,,,,,,,,,,,,,,,,,,,,,,,,,1c6b2d13a42e19ff,%%2500,,,,,,,,,,,,,,,,,,,,,,,,,,,,,,,,,%%2464,,,,,,,,,,,,,Microsoft Software Key Storage Provider,,,,,,,,,,0x00000000,,,,,,NT AUTHORITY,0x00000000000003e5,LOCAL SERVICE,S-1-5-19,,,,,,,,,,,,,,,,,,,,,,,,,,,
3259,2026-04-01 17:18:10.092295+00:00,5379,Microsoft-Windows-Security-Auditing,,,,,,,,,,,,,,3780,,,1,,,,,,,,,,,,,,,,,,,,,,,,,,,,,,,,,,,,,,,,,,,,,,,,,,,,,,,,,,,,,,,,,,,,,2026-04-01 17:17:51.206451+00:00,,,,,,,%%8100,,,,,,,0,,,,,,NORMALVM,0x000000000003f7ec,pizza,S-1-5-21-2352865859-2334931103-2005901029-1001,,,,,,MicrosoftAccount:user=pizzahuthacker@gmail.com,,,,,,,,,,,,,0,,,,,,,,
3260,2026-04-01 17:18:10.097597+00:00,5379,Microsoft-Windows-Security-Auditing,,,,,,,,,,,,,,3780,,,1,,,,,,,,,,,,,,,,,,,,,,,,,,,,,,,,,,,,,,,,,,,,,,,,,,,,,,,,,,,,,,,,,,,,,2026-04-01 17:17:51.206451+00:00,,,,,,,%%8100,,,,,,,0,,,,,,NORMALVM,0x000000000003f7ec,pizza,S-1-5-21-2352865859-2334931103-2005901029-1001,,,,,,MicrosoftAccount:user=pizzahuthacker@gmail.com,,,,,,,,,,,,,0,,,,,,,,
3261,2026-04-01 17:18:14.728106+00:00,5379,Microsoft-Windows-Security-Auditing,,,,,,,,,,,,,,3780,,,1,,,,,,,,,,,,,,,,,,,,,,,,,,,,,,,,,,,,,,,,,,,,,,,,,,,,,,,,,,,,,,,,,,,,,2026-04-01 17:17:51.206451+00:00,,,,,,,%%8100,,,,,,,0,,,,,,NORMALVM,0x000000000003f7ec,pizza,S-1-5-21-2352865859-2334931103-2005901029-1001,,,,,,MicrosoftAccount:user=pizzahuthacker@gmail.com,,,,,,,,,,,,,0,,,,,,,,
3262,2026-04-01 17:18:14.729044+00:00,5379,Microsoft-Windows-Security-Auditing,,,,,,,,,,,,,,3780,,,0,,,,,,,,,,,,,,,,,,,,,,,,,,,,,,,,,,,,,,,,,,,,,,,,,,,,,,,,,,,,,,,,,,,,,2026-04-01 17:17:51.206451+00:00,,,,,,,%%8100,,,,,,,3221226021,,,,,,NORMALVM,0x000000000003f7ec,pizza,S-1-5-21-2352865859-2334931103-2005901029-1001,,,,,,WindowsLive:(token):name=pizzahuthacker@gmail.com;serviceuri=*,,,,,,,,,,,,,0,,,,,,,,
3263,2026-04-01 17:18:14.729088+00:00,5379,Microsoft-Windows-Security-Auditing,,,,,,,,,,,,,,3780,,,0,,,,,,,,,,,,,,,,,,,,,,,,,,,,,,,,,,,,,,,,,,,,,,,,,,,,,,,,,,,,,,,,,,,,,2026-04-01 17:17:51.206451+00:00,,,,,,,%%8100,,,,,,,3221226021,,,,,,NORMALVM,0x000000000003f7ec,pizza,S-1-5-21-2352865859-2334931103-2005901029-1001,,,,,,WindowsLive:(cert):name=pizzahuthacker@gmail.com;serviceuri=*,,,,,,,,,,,,,0,,,,,,,,
3264,2026-04-01 17:18:14.731161+00:00,5379,Microsoft-Windows-Security-Auditing,,,,,,,,,,,,,,3780,,,1,,,,,,,,,,,,,,,,,,,,,,,,,,,,,,,,,,,,,,,,,,,,,,,,,,,,,,,,,,,,,,,,,,,,,2026-04-01 17:17:51.206451+00:00,,,,,,,%%8100,,,,,,,0,,,,,,NORMALVM,0x000000000003f7ec,pizza,S-1-5-21-2352865859-2334931103-2005901029-1001,,,,,,MicrosoftAccount:user=pizzahuthacker@gmail.com,,,,,,,,,,,,,0,,,,,,,,
3265,2026-04-01 17:18:14.732561+00:00,5379,Microsoft-Windows-Security-Auditing,,,,,,,,,,,,,,3780,,,1,,,,,,,,,,,,,,,,,,,,,,,,,,,,,,,,,,,,,,,,,,,,,,,,,,,,,,,,,,,,,,,,,,,,,2026-04-01 17:17:51.206451+00:00,,,,,,,%%8100,,,,,,,0,,,,,,NORMALVM,0x000000000003f7ec,pizza,S-1-5-21-2352865859-2334931103-2005901029-1001,,,,,,MicrosoftAccount:user=pizzahuthacker@gmail.com,,,,,,,,,,,,,0,,,,,,,,
3266,2026-04-01 17:18:15.405903+00:00,5379,Microsoft-Windows-Security-Auditing,,,,,,,,,,,,,,3780,,,1,,,,,,,,,,,,,,,,,,,,,,,,,,,,,,,,,,,,,,,,,,,,,,,,,,,,,,,,,,,,,,,,,,,,,2026-04-01 17:17:51.206451+00:00,,,,,,,%%8100,,,,,,,0,,,,,,NORMALVM,0x000000000003f7ec,pizza,S-1-5-21-2352865859-2334931103-2005901029-1001,,,,,,MicrosoftAccount:user=pizzahuthacker@gmail.com,,,,,,,,,,,,,0,,,,,,,,
3267,2026-04-01 17:18:15.406071+00:00,5379,Microsoft-Windows-Security-Auditing,,,,,,,,,,,,,,3780,,,1,,,,,,,,,,,,,,,,,,,,,,,,,,,,,,,,,,,,,,,,,,,,,,,,,,,,,,,,,,,,,,,,,,,,,2026-04-01 17:17:51.206451+00:00,,,,,,,%%8100,,,,,,,0,,,,,,NORMALVM,0x000000000003f7ec,pizza,S-1-5-21-2352865859-2334931103-2005901029-1001,,,,,,MicrosoftAccount:user=pizzahuthacker@gmail.com,,,,,,,,,,,,,0,,,,,,,,
3268,2026-04-01 17:18:15.406204+00:00,5379,Microsoft-Windows-Security-Auditing,,,,,,,,,,,,,,3780,,,1,,,,,,,,,,,,,,,,,,,,,,,,,,,,,,,,,,,,,,,,,,,,,,,,,,,,,,,,,,,,,,,,,,,,,2026-04-01 17:17:51.206451+00:00,,,,,,,%%8100,,,,,,,0,,,,,,NORMALVM,0x000000000003f7ec,pizza,S-1-5-21-2352865859-2334931103-2005901029-1001,,,,,,MicrosoftAccount:user=pizzahuthacker@gmail.com,,,,,,,,,,,,,0,,,,,,,,
3269,2026-04-01 17:18:15.406288+00:00,5379,Microsoft-Windows-Security-Auditing,,,,,,,,,,,,,,3780,,,1,,,,,,,,,,,,,,,,,,,,,,,,,,,,,,,,,,,,,,,,,,,,,,,,,,,,,,,,,,,,,,,,,,,,,2026-04-01 17:17:51.206451+00:00,,,,,,,%%8100,,,,,,,0,,,,,,NORMALVM,0x000000000003f7ec,pizza,S-1-5-21-2352865859-2334931103-2005901029-1001,,,,,,MicrosoftAccount:user=pizzahuthacker@gmail.com,,,,,,,,,,,,,0,,,,,,,,
3270,2026-04-01 17:18:15.406401+00:00,5379,Microsoft-Windows-Security-Auditing,,,,,,,,,,,,,,3780,,,1,,,,,,,,,,,,,,,,,,,,,,,,,,,,,,,,,,,,,,,,,,,,,,,,,,,,,,,,,,,,,,,,,,,,,2026-04-01 17:17:51.206451+00:00,,,,,,,%%8100,,,,,,,0,,,,,,NORMALVM,0x000000000003f7ec,pizza,S-1-5-21-2352865859-2334931103-2005901029-1001,,,,,,MicrosoftAccount:user=pizzahuthacker@gmail.com,,,,,,,,,,,,,0,,,,,,,,
3271,2026-04-01 17:18:15.406477+00:00,5379,Microsoft-Windows-Security-Auditing,,,,,,,,,,,,,,3780,,,1,,,,,,,,,,,,,,,,,,,,,,,,,,,,,,,,,,,,,,,,,,,,,,,,,,,,,,,,,,,,,,,,,,,,,2026-04-01 17:17:51.206451+00:00,,,,,,,%%8100,,,,,,,0,,,,,,NORMALVM,0x000000000003f7ec,pizza,S-1-5-21-2352865859-2334931103-2005901029-1001,,,,,,MicrosoftAccount:user=pizzahuthacker@gmail.com,,,,,,,,,,,,,0,,,,,,,,
3272,2026-04-01 17:18:15.406889+00:00,5379,Microsoft-Windows-Security-Auditing,,,,,,,,,,,,,,3780,,,1,,,,,,,,,,,,,,,,,,,,,,,,,,,,,,,,,,,,,,,,,,,,,,,,,,,,,,,,,,,,,,,,,,,,,2026-04-01 17:17:51.206451+00:00,,,,,,,%%8100,,,,,,,0,,,,,,NORMALVM,0x000000000003f7ec,pizza,S-1-5-21-2352865859-2334931103-2005901029-1001,,,,,,MicrosoftAccount:user=pizzahuthacker@gmail.com,,,,,,,,,,,,,0,,,,,,,,
3273,2026-04-01 17:18:15.407043+00:00,5379,Microsoft-Windows-Security-Auditing,,,,,,,,,,,,,,3780,,,1,,,,,,,,,,,,,,,,,,,,,,,,,,,,,,,,,,,,,,,,,,,,,,,,,,,,,,,,,,,,,,,,,,,,,2026-04-01 17:17:51.206451+00:00,,,,,,,%%8100,,,,,,,0,,,,,,NORMALVM,0x000000000003f7ec,pizza,S-1-5-21-2352865859-2334931103-2005901029-1001,,,,,,MicrosoftAccount:user=pizzahuthacker@gmail.com,,,,,,,,,,,,,0,,,,,,,,
3274,2026-04-01 17:18:15.407167+00:00,5379,Microsoft-Windows-Security-Auditing,,,,,,,,,,,,,,3780,,,1,,,,,,,,,,,,,,,,,,,,,,,,,,,,,,,,,,,,,,,,,,,,,,,,,,,,,,,,,,,,,,,,,,,,,2026-04-01 17:17:51.206451+00:00,,,,,,,%%8100,,,,,,,0,,,,,,NORMALVM,0x000000000003f7ec,pizza,S-1-5-21-2352865859-2334931103-2005901029-1001,,,,,,MicrosoftAccount:user=pizzahuthacker@gmail.com,,,,,,,,,,,,,0,,,,,,,,
3275,2026-04-01 17:18:15.407248+00:00,5379,Microsoft-Windows-Security-Auditing,,,,,,,,,,,,,,3780,,,1,,,,,,,,,,,,,,,,,,,,,,,,,,,,,,,,,,,,,,,,,,,,,,,,,,,,,,,,,,,,,,,,,,,,,2026-04-01 17:17:51.206451+00:00,,,,,,,%%8100,,,,,,,0,,,,,,NORMALVM,0x000000000003f7ec,pizza,S-1-5-21-2352865859-2334931103-2005901029-1001,,,,,,MicrosoftAccount:user=pizzahuthacker@gmail.com,,,,,,,,,,,,,0,,,,,,,,
3276,2026-04-01 17:18:15.407349+00:00,5379,Microsoft-Windows-Security-Auditing,,,,,,,,,,,,,,3780,,,1,,,,,,,,,,,,,,,,,,,,,,,,,,,,,,,,,,,,,,,,,,,,,,,,,,,,,,,,,,,,,,,,,,,,,2026-04-01 17:17:51.206451+00:00,,,,,,,%%8100,,,,,,,0,,,,,,NORMALVM,0x000000000003f7ec,pizza,S-1-5-21-2352865859-2334931103-2005901029-1001,,,,,,MicrosoftAccount:user=pizzahuthacker@gmail.com,,,,,,,,,,,,,0,,,,,,,,
3277,2026-04-01 17:18:15.407423+00:00,5379,Microsoft-Windows-Security-Auditing,,,,,,,,,,,,,,3780,,,1,,,,,,,,,,,,,,,,,,,,,,,,,,,,,,,,,,,,,,,,,,,,,,,,,,,,,,,,,,,,,,,,,,,,,2026-04-01 17:17:51.206451+00:00,,,,,,,%%8100,,,,,,,0,,,,,,NORMALVM,0x000000000003f7ec,pizza,S-1-5-21-2352865859-2334931103-2005901029-1001,,,,,,MicrosoftAccount:user=pizzahuthacker@gmail.com,,,,,,,,,,,,,0,,,,,,,,
3278,2026-04-01 17:18:15.407524+00:00,5379,Microsoft-Windows-Security-Auditing,,,,,,,,,,,,,,3780,,,1,,,,,,,,,,,,,,,,,,,,,,,,,,,,,,,,,,,,,,,,,,,,,,,,,,,,,,,,,,,,,,,,,,,,,2026-04-01 17:17:51.206451+00:00,,,,,,,%%8100,,,,,,,0,,,,,,NORMALVM,0x000000000003f7ec,pizza,S-1-5-21-2352865859-2334931103-2005901029-1001,,,,,,MicrosoftAccount:user=pizzahuthacker@gmail.com,,,,,,,,,,,,,0,,,,,,,,
3279,2026-04-01 17:18:15.407610+00:00,5379,Microsoft-Windows-Security-Auditing,,,,,,,,,,,,,,3780,,,1,,,,,,,,,,,,,,,,,,,,,,,,,,,,,,,,,,,,,,,,,,,,,,,,,,,,,,,,,,,,,,,,,,,,,2026-04-01 17:17:51.206451+00:00,,,,,,,%%8100,,,,,,,0,,,,,,NORMALVM,0x000000000003f7ec,pizza,S-1-5-21-2352865859-2334931103-2005901029-1001,,,,,,MicrosoftAccount:user=pizzahuthacker@gmail.com,,,,,,,,,,,,,0,,,,,,,,
3280,2026-04-01 17:18:15.763800+00:00,5379,Microsoft-Windows-Security-Auditing,,,,,,,,,,,,,,3780,,,1,,,,,,,,,,,,,,,,,,,,,,,,,,,,,,,,,,,,,,,,,,,,,,,,,,,,,,,,,,,,,,,,,,,,,2026-04-01 17:17:51.206451+00:00,,,,,,,%%8100,,,,,,,0,,,,,,NORMALVM,0x000000000003f7ec,pizza,S-1-5-21-2352865859-2334931103-2005901029-1001,,,,,,MicrosoftAccount:user=pizzahuthacker@gmail.com,,,,,,,,,,,,,0,,,,,,,,
3281,2026-04-01 17:18:15.765968+00:00,5379,Microsoft-Windows-Security-Auditing,,,,,,,,,,,,,,3780,,,1,,,,,,,,,,,,,,,,,,,,,,,,,,,,,,,,,,,,,,,,,,,,,,,,,,,,,,,,,,,,,,,,,,,,,2026-04-01 17:17:51.206451+00:00,,,,,,,%%8100,,,,,,,0,,,,,,NORMALVM,0x000000000003f7ec,pizza,S-1-5-21-2352865859-2334931103-2005901029-1001,,,,,,MicrosoftAccount:user=pizzahuthacker@gmail.com,,,,,,,,,,,,,0,,,,,,,,
3282,2026-04-01 17:18:15.766273+00:00,5379,Microsoft-Windows-Security-Auditing,,,,,,,,,,,,,,3780,,,1,,,,,,,,,,,,,,,,,,,,,,,,,,,,,,,,,,,,,,,,,,,,,,,,,,,,,,,,,,,,,,,,,,,,,2026-04-01 17:17:51.206451+00:00,,,,,,,%%8100,,,,,,,0,,,,,,NORMALVM,0x000000000003f7ec,pizza,S-1-5-21-2352865859-2334931103-2005901029-1001,,,,,,MicrosoftAccount:user=pizzahuthacker@gmail.com,,,,,,,,,,,,,0,,,,,,,,
3283,2026-04-01 17:18:15.773615+00:00,5379,Microsoft-Windows-Security-Auditing,,,,,,,,,,,,,,3780,,,1,,,,,,,,,,,,,,,,,,,,,,,,,,,,,,,,,,,,,,,,,,,,,,,,,,,,,,,,,,,,,,,,,,,,,2026-04-01 17:17:51.206451+00:00,,,,,,,%%8100,,,,,,,0,,,,,,NORMALVM,0x000000000003f7ec,pizza,S-1-5-21-2352865859-2334931103-2005901029-1001,,,,,,MicrosoftAccount:user=pizzahuthacker@gmail.com,,,,,,,,,,,,,0,,,,,,,,
3284,2026-04-01 17:18:15.773787+00:00,5379,Microsoft-Windows-Security-Auditing,,,,,,,,,,,,,,3780,,,1,,,,,,,,,,,,,,,,,,,,,,,,,,,,,,,,,,,,,,,,,,,,,,,,,,,,,,,,,,,,,,,,,,,,,2026-04-01 17:17:51.206451+00:00,,,,,,,%%8100,,,,,,,0,,,,,,NORMALVM,0x000000000003f7ec,pizza,S-1-5-21-2352865859-2334931103-2005901029-1001,,,,,,MicrosoftAccount:user=pizzahuthacker@gmail.com,,,,,,,,,,,,,0,,,,,,,,
3285,2026-04-01 17:18:15.773882+00:00,5379,Microsoft-Windows-Security-Auditing,,,,,,,,,,,,,,3780,,,1,,,,,,,,,,,,,,,,,,,,,,,,,,,,,,,,,,,,,,,,,,,,,,,,,,,,,,,,,,,,,,,,,,,,,2026-04-01 17:17:51.206451+00:00,,,,,,,%%8100,,,,,,,0,,,,,,NORMALVM,0x000000000003f7ec,pizza,S-1-5-21-2352865859-2334931103-2005901029-1001,,,,,,MicrosoftAccount:user=pizzahuthacker@gmail.com,,,,,,,,,,,,,0,,,,,,,,
3286,2026-04-01 17:18:15.773996+00:00,5379,Microsoft-Windows-Security-Auditing,,,,,,,,,,,,,,3780,,,1,,,,,,,,,,,,,,,,,,,,,,,,,,,,,,,,,,,,,,,,,,,,,,,,,,,,,,,,,,,,,,,,,,,,,2026-04-01 17:17:51.206451+00:00,,,,,,,%%8100,,,,,,,0,,,,,,NORMALVM,0x000000000003f7ec,pizza,S-1-5-21-2352865859-2334931103-2005901029-1001,,,,,,MicrosoftAccount:user=pizzahuthacker@gmail.com,,,,,,,,,,,,,0,,,,,,,,
3287,2026-04-01 17:18:15.774118+00:00,5379,Microsoft-Windows-Security-Auditing,,,,,,,,,,,,,,3780,,,1,,,,,,,,,,,,,,,,,,,,,,,,,,,,,,,,,,,,,,,,,,,,,,,,,,,,,,,,,,,,,,,,,,,,,2026-04-01 17:17:51.206451+00:00,,,,,,,%%8100,,,,,,,0,,,,,,NORMALVM,0x000000000003f7ec,pizza,S-1-5-21-2352865859-2334931103-2005901029-1001,,,,,,MicrosoftAccount:user=pizzahuthacker@gmail.com,,,,,,,,,,,,,0,,,,,,,,
3288,2026-04-01 17:18:15.774231+00:00,5379,Microsoft-Windows-Security-Auditing,,,,,,,,,,,,,,3780,,,1,,,,,,,,,,,,,,,,,,,,,,,,,,,,,,,,,,,,,,,,,,,,,,,,,,,,,,,,,,,,,,,,,,,,,2026-04-01 17:17:51.206451+00:00,,,,,,,%%8100,,,,,,,0,,,,,,NORMALVM,0x000000000003f7ec,pizza,S-1-5-21-2352865859-2334931103-2005901029-1001,,,,,,MicrosoftAccount:user=pizzahuthacker@gmail.com,,,,,,,,,,,,,0,,,,,,,,
3289,2026-04-01 17:18:15.774309+00:00,5379,Microsoft-Windows-Security-Auditing,,,,,,,,,,,,,,3780,,,1,,,,,,,,,,,,,,,,,,,,,,,,,,,,,,,,,,,,,,,,,,,,,,,,,,,,,,,,,,,,,,,,,,,,,2026-04-01 17:17:51.206451+00:00,,,,,,,%%8100,,,,,,,0,,,,,,NORMALVM,0x000000000003f7ec,pizza,S-1-5-21-2352865859-2334931103-2005901029-1001,,,,,,MicrosoftAccount:user=pizzahuthacker@gmail.com,,,,,,,,,,,,,0,,,,,,,,
3290,2026-04-01 17:18:15.774467+00:00,5379,Microsoft-Windows-Security-Auditing,,,,,,,,,,,,,,3780,,,1,,,,,,,,,,,,,,,,,,,,,,,,,,,,,,,,,,,,,,,,,,,,,,,,,,,,,,,,,,,,,,,,,,,,,2026-04-01 17:17:51.206451+00:00,,,,,,,%%8100,,,,,,,0,,,,,,NORMALVM,0x000000000003f7ec,pizza,S-1-5-21-2352865859-2334931103-2005901029-1001,,,,,,MicrosoftAccount:user=pizzahuthacker@gmail.com,,,,,,,,,,,,,0,,,,,,,,
3291,2026-04-01 17:18:15.774551+00:00,5379,Microsoft-Windows-Security-Auditing,,,,,,,,,,,,,,3780,,,1,,,,,,,,,,,,,,,,,,,,,,,,,,,,,,,,,,,,,,,,,,,,,,,,,,,,,,,,,,,,,,,,,,,,,2026-04-01 17:17:51.206451+00:00,,,,,,,%%8100,,,,,,,0,,,,,,NORMALVM,0x000000000003f7ec,pizza,S-1-5-21-2352865859-2334931103-2005901029-1001,,,,,,MicrosoftAccount:user=pizzahuthacker@gmail.com,,,,,,,,,,,,,0,,,,,,,,
3292,2026-04-01 17:18:15.774660+00:00,5379,Microsoft-Windows-Security-Auditing,,,,,,,,,,,,,,3780,,,1,,,,,,,,,,,,,,,,,,,,,,,,,,,,,,,,,,,,,,,,,,,,,,,,,,,,,,,,,,,,,,,,,,,,,2026-04-01 17:17:51.206451+00:00,,,,,,,%%8100,,,,,,,0,,,,,,NORMALVM,0x000000000003f7ec,pizza,S-1-5-21-2352865859-2334931103-2005901029-1001,,,,,,MicrosoftAccount:user=pizzahuthacker@gmail.com,,,,,,,,,,,,,0,,,,,,,,
3293,2026-04-01 17:18:15.785763+00:00,5379,Microsoft-Windows-Security-Auditing,,,,,,,,,,,,,,3780,,,1,,,,,,,,,,,,,,,,,,,,,,,,,,,,,,,,,,,,,,,,,,,,,,,,,,,,,,,,,,,,,,,,,,,,,2026-04-01 17:17:51.206451+00:00,,,,,,,%%8100,,,,,,,0,,,,,,NORMALVM,0x000000000003f7ec,pizza,S-1-5-21-2352865859-2334931103-2005901029-1001,,,,,,MicrosoftAccount:user=pizzahuthacker@gmail.com,,,,,,,,,,,,,0,,,,,,,,
3294,2026-04-01 17:18:15.786079+00:00,5379,Microsoft-Windows-Security-Auditing,,,,,,,,,,,,,,3780,,,1,,,,,,,,,,,,,,,,,,,,,,,,,,,,,,,,,,,,,,,,,,,,,,,,,,,,,,,,,,,,,,,,,,,,,2026-04-01 17:17:51.206451+00:00,,,,,,,%%8100,,,,,,,0,,,,,,NORMALVM,0x000000000003f7ec,pizza,S-1-5-21-2352865859-2334931103-2005901029-1001,,,,,,MicrosoftAccount:user=pizzahuthacker@gmail.com,,,,,,,,,,,,,0,,,,,,,,
3295,2026-04-01 17:18:15.786263+00:00,5379,Microsoft-Windows-Security-Auditing,,,,,,,,,,,,,,3780,,,1,,,,,,,,,,,,,,,,,,,,,,,,,,,,,,,,,,,,,,,,,,,,,,,,,,,,,,,,,,,,,,,,,,,,,2026-04-01 17:17:51.206451+00:00,,,,,,,%%8100,,,,,,,0,,,,,,NORMALVM,0x000000000003f7ec,pizza,S-1-5-21-2352865859-2334931103-2005901029-1001,,,,,,MicrosoftAccount:user=pizzahuthacker@gmail.com,,,,,,,,,,,,,0,,,,,,,,
3296,2026-04-01 17:18:15.786392+00:00,5379,Microsoft-Windows-Security-Auditing,,,,,,,,,,,,,,3780,,,1,,,,,,,,,,,,,,,,,,,,,,,,,,,,,,,,,,,,,,,,,,,,,,,,,,,,,,,,,,,,,,,,,,,,,2026-04-01 17:17:51.206451+00:00,,,,,,,%%8100,,,,,,,0,,,,,,NORMALVM,0x000000000003f7ec,pizza,S-1-5-21-2352865859-2334931103-2005901029-1001,,,,,,MicrosoftAccount:user=pizzahuthacker@gmail.com,,,,,,,,,,,,,0,,,,,,,,
3297,2026-04-01 17:18:15.786543+00:00,5379,Microsoft-Windows-Security-Auditing,,,,,,,,,,,,,,3780,,,1,,,,,,,,,,,,,,,,,,,,,,,,,,,,,,,,,,,,,,,,,,,,,,,,,,,,,,,,,,,,,,,,,,,,,2026-04-01 17:17:51.206451+00:00,,,,,,,%%8100,,,,,,,0,,,,,,NORMALVM,0x000000000003f7ec,pizza,S-1-5-21-2352865859-2334931103-2005901029-1001,,,,,,MicrosoftAccount:user=pizzahuthacker@gmail.com,,,,,,,,,,,,,0,,,,,,,,
3298,2026-04-01 17:18:15.786671+00:00,5379,Microsoft-Windows-Security-Auditing,,,,,,,,,,,,,,3780,,,1,,,,,,,,,,,,,,,,,,,,,,,,,,,,,,,,,,,,,,,,,,,,,,,,,,,,,,,,,,,,,,,,,,,,,2026-04-01 17:17:51.206451+00:00,,,,,,,%%8100,,,,,,,0,,,,,,NORMALVM,0x000000000003f7ec,pizza,S-1-5-21-2352865859-2334931103-2005901029-1001,,,,,,MicrosoftAccount:user=pizzahuthacker@gmail.com,,,,,,,,,,,,,0,,,,,,,,
3299,2026-04-01 17:18:15.786793+00:00,5379,Microsoft-Windows-Security-Auditing,,,,,,,,,,,,,,3780,,,1,,,,,,,,,,,,,,,,,,,,,,,,,,,,,,,,,,,,,,,,,,,,,,,,,,,,,,,,,,,,,,,,,,,,,2026-04-01 17:17:51.206451+00:00,,,,,,,%%8100,,,,,,,0,,,,,,NORMALVM,0x000000000003f7ec,pizza,S-1-5-21-2352865859-2334931103-2005901029-1001,,,,,,MicrosoftAccount:user=pizzahuthacker@gmail.com,,,,,,,,,,,,,0,,,,,,,,
3300,2026-04-01 17:18:15.786879+00:00,5379,Microsoft-Windows-Security-Auditing,,,,,,,,,,,,,,3780,,,1,,,,,,,,,,,,,,,,,,,,,,,,,,,,,,,,,,,,,,,,,,,,,,,,,,,,,,,,,,,,,,,,,,,,,2026-04-01 17:17:51.206451+00:00,,,,,,,%%8100,,,,,,,0,,,,,,NORMALVM,0x000000000003f7ec,pizza,S-1-5-21-2352865859-2334931103-2005901029-1001,,,,,,MicrosoftAccount:user=pizzahuthacker@gmail.com,,,,,,,,,,,,,0,,,,,,,,
3301,2026-04-01 17:18:15.786978+00:00,5379,Microsoft-Windows-Security-Auditing,,,,,,,,,,,,,,3780,,,1,,,,,,,,,,,,,,,,,,,,,,,,,,,,,,,,,,,,,,,,,,,,,,,,,,,,,,,,,,,,,,,,,,,,,2026-04-01 17:17:51.206451+00:00,,,,,,,%%8100,,,,,,,0,,,,,,NORMALVM,0x000000000003f7ec,pizza,S-1-5-21-2352865859-2334931103-2005901029-1001,,,,,,MicrosoftAccount:user=pizzahuthacker@gmail.com,,,,,,,,,,,,,0,,,,,,,,
3302,2026-04-01 17:18:15.787056+00:00,5379,Microsoft-Windows-Security-Auditing,,,,,,,,,,,,,,3780,,,1,,,,,,,,,,,,,,,,,,,,,,,,,,,,,,,,,,,,,,,,,,,,,,,,,,,,,,,,,,,,,,,,,,,,,2026-04-01 17:17:51.206451+00:00,,,,,,,%%8100,,,,,,,0,,,,,,NORMALVM,0x000000000003f7ec,pizza,S-1-5-21-2352865859-2334931103-2005901029-1001,,,,,,MicrosoftAccount:user=pizzahuthacker@gmail.com,,,,,,,,,,,,,0,,,,,,,,
3303,2026-04-01 17:18:15.787149+00:00,5379,Microsoft-Windows-Security-Auditing,,,,,,,,,,,,,,3780,,,1,,,,,,,,,,,,,,,,,,,,,,,,,,,,,,,,,,,,,,,,,,,,,,,,,,,,,,,,,,,,,,,,,,,,,2026-04-01 17:17:51.206451+00:00,,,,,,,%%8100,,,,,,,0,,,,,,NORMALVM,0x000000000003f7ec,pizza,S-1-5-21-2352865859-2334931103-2005901029-1001,,,,,,MicrosoftAccount:user=pizzahuthacker@gmail.com,,,,,,,,,,,,,0,,,,,,,,
3304,2026-04-01 17:18:15.787226+00:00,5379,Microsoft-Windows-Security-Auditing,,,,,,,,,,,,,,3780,,,1,,,,,,,,,,,,,,,,,,,,,,,,,,,,,,,,,,,,,,,,,,,,,,,,,,,,,,,,,,,,,,,,,,,,,2026-04-01 17:17:51.206451+00:00,,,,,,,%%8100,,,,,,,0,,,,,,NORMALVM,0x000000000003f7ec,pizza,S-1-5-21-2352865859-2334931103-2005901029-1001,,,,,,MicrosoftAccount:user=pizzahuthacker@gmail.com,,,,,,,,,,,,,0,,,,,,,,
3305,2026-04-01 17:18:15.787340+00:00,5379,Microsoft-Windows-Security-Auditing,,,,,,,,,,,,,,3780,,,1,,,,,,,,,,,,,,,,,,,,,,,,,,,,,,,,,,,,,,,,,,,,,,,,,,,,,,,,,,,,,,,,,,,,,2026-04-01 17:17:51.206451+00:00,,,,,,,%%8100,,,,,,,0,,,,,,NORMALVM,0x000000000003f7ec,pizza,S-1-5-21-2352865859-2334931103-2005901029-1001,,,,,,MicrosoftAccount:user=pizzahuthacker@gmail.com,,,,,,,,,,,,,0,,,,,,,,
3306,2026-04-01 17:18:15.788288+00:00,5379,Microsoft-Windows-Security-Auditing,,,,,,,,,,,,,,3780,,,1,,,,,,,,,,,,,,,,,,,,,,,,,,,,,,,,,,,,,,,,,,,,,,,,,,,,,,,,,,,,,,,,,,,,,2026-04-01 17:17:51.206451+00:00,,,,,,,%%8100,,,,,,,0,,,,,,NORMALVM,0x000000000003f7ec,pizza,S-1-5-21-2352865859-2334931103-2005901029-1001,,,,,,MicrosoftAccount:user=pizzahuthacker@gmail.com,,,,,,,,,,,,,0,,,,,,,,
3307,2026-04-01 17:18:15.788486+00:00,5379,Microsoft-Windows-Security-Auditing,,,,,,,,,,,,,,3780,,,1,,,,,,,,,,,,,,,,,,,,,,,,,,,,,,,,,,,,,,,,,,,,,,,,,,,,,,,,,,,,,,,,,,,,,2026-04-01 17:17:51.206451+00:00,,,,,,,%%8100,,,,,,,0,,,,,,NORMALVM,0x000000000003f7ec,pizza,S-1-5-21-2352865859-2334931103-2005901029-1001,,,,,,MicrosoftAccount:user=pizzahuthacker@gmail.com,,,,,,,,,,,,,0,,,,,,,,
3308,2026-04-01 17:18:16.696602+00:00,4624,Microsoft-Windows-Security-Auditing,,,,,,,,,,Negotiate,,,,,,,,,,,,,,,%%1842,,,,,,,,,,,,%%1833,-,-,,,0,,,,-,,,,,{00000000-0000-0000-0000-000000000000},,Advapi  ,5,,,,,,,,,,,,,,,,,,,,,,,,,,,,,,,,,0x00000000000002dc,C:\Windows\System32\services.exe,,,,,,-,,,,,-,,,,,,,WORKGROUP,0x00000000000003e7,NORMALVM$,S-1-5-18,NT AUTHORITY,,0x0000000000000000,,0x00000000000003e7,,-,-,,,,,SYSTEM,S-1-5-18,,,,-,,,,,,%%1843,,,-
3309,2026-04-01 17:18:16.696608+00:00,4672,Microsoft-Windows-Security-Auditing,,,,,,,,,,,,,,,,,,,,,,,,,,,,,,,,,,,,,,,,,,,,,,,,,,,,,,,,,,,,,,,,,,,,,,,,,,,,,,,,,,,,,"SeAssignPrimaryTokenPrivilege
			SeTcbPrivilege
			SeSecurityPrivilege
			SeTakeOwnershipPrivilege
			SeLoadDriverPrivilege
			SeBackupPrivilege
			SeRestorePrivilege
			SeDebugPrivilege
			SeAuditPrivilege
			SeSystemEnvironmentPrivilege
			SeImpersonatePrivilege
			SeDelegateSessionUserImpersonatePrivilege",,,,,,,,,,,,,,,,,,,,,NT AUTHORITY,0x00000000000003e7,SYSTEM,S-1-5-18,,,,,,,,,,,,,,,,,,,,,,,,,,,
3310,2026-04-01 17:18:16.858618+00:00,5379,Microsoft-Windows-Security-Auditing,,,,,,,,,,,,,,3780,,,1,,,,,,,,,,,,,,,,,,,,,,,,,,,,,,,,,,,,,,,,,,,,,,,,,,,,,,,,,,,,,,,,,,,,,2026-04-01 17:17:51.206451+00:00,,,,,,,%%8100,,,,,,,0,,,,,,NORMALVM,0x000000000003f7ec,pizza,S-1-5-21-2352865859-2334931103-2005901029-1001,,,,,,MicrosoftAccount:user=pizzahuthacker@gmail.com,,,,,,,,,,,,,0,,,,,,,,
3311,2026-04-01 17:18:16.858936+00:00,5379,Microsoft-Windows-Security-Auditing,,,,,,,,,,,,,,3780,,,1,,,,,,,,,,,,,,,,,,,,,,,,,,,,,,,,,,,,,,,,,,,,,,,,,,,,,,,,,,,,,,,,,,,,,2026-04-01 17:17:51.206451+00:00,,,,,,,%%8100,,,,,,,0,,,,,,NORMALVM,0x000000000003f7ec,pizza,S-1-5-21-2352865859-2334931103-2005901029-1001,,,,,,MicrosoftAccount:user=pizzahuthacker@gmail.com,,,,,,,,,,,,,0,,,,,,,,
3312,2026-04-01 17:18:16.859095+00:00,5379,Microsoft-Windows-Security-Auditing,,,,,,,,,,,,,,3780,,,1,,,,,,,,,,,,,,,,,,,,,,,,,,,,,,,,,,,,,,,,,,,,,,,,,,,,,,,,,,,,,,,,,,,,,2026-04-01 17:17:51.206451+00:00,,,,,,,%%8100,,,,,,,0,,,,,,NORMALVM,0x000000000003f7ec,pizza,S-1-5-21-2352865859-2334931103-2005901029-1001,,,,,,MicrosoftAccount:user=pizzahuthacker@gmail.com,,,,,,,,,,,,,0,,,,,,,,
3313,2026-04-01 17:18:16.859243+00:00,5379,Microsoft-Windows-Security-Auditing,,,,,,,,,,,,,,3780,,,1,,,,,,,,,,,,,,,,,,,,,,,,,,,,,,,,,,,,,,,,,,,,,,,,,,,,,,,,,,,,,,,,,,,,,2026-04-01 17:17:51.206451+00:00,,,,,,,%%8100,,,,,,,0,,,,,,NORMALVM,0x000000000003f7ec,pizza,S-1-5-21-2352865859-2334931103-2005901029-1001,,,,,,MicrosoftAccount:user=pizzahuthacker@gmail.com,,,,,,,,,,,,,0,,,,,,,,
3314,2026-04-01 17:18:16.859409+00:00,5379,Microsoft-Windows-Security-Auditing,,,,,,,,,,,,,,3780,,,1,,,,,,,,,,,,,,,,,,,,,,,,,,,,,,,,,,,,,,,,,,,,,,,,,,,,,,,,,,,,,,,,,,,,,2026-04-01 17:17:51.206451+00:00,,,,,,,%%8100,,,,,,,0,,,,,,NORMALVM,0x000000000003f7ec,pizza,S-1-5-21-2352865859-2334931103-2005901029-1001,,,,,,MicrosoftAccount:user=pizzahuthacker@gmail.com,,,,,,,,,,,,,0,,,,,,,,
3315,2026-04-01 17:18:16.859503+00:00,5379,Microsoft-Windows-Security-Auditing,,,,,,,,,,,,,,3780,,,1,,,,,,,,,,,,,,,,,,,,,,,,,,,,,,,,,,,,,,,,,,,,,,,,,,,,,,,,,,,,,,,,,,,,,2026-04-01 17:17:51.206451+00:00,,,,,,,%%8100,,,,,,,0,,,,,,NORMALVM,0x000000000003f7ec,pizza,S-1-5-21-2352865859-2334931103-2005901029-1001,,,,,,MicrosoftAccount:user=pizzahuthacker@gmail.com,,,,,,,,,,,,,0,,,,,,,,
3316,2026-04-01 17:18:16.859655+00:00,5379,Microsoft-Windows-Security-Auditing,,,,,,,,,,,,,,3780,,,1,,,,,,,,,,,,,,,,,,,,,,,,,,,,,,,,,,,,,,,,,,,,,,,,,,,,,,,,,,,,,,,,,,,,,2026-04-01 17:17:51.206451+00:00,,,,,,,%%8100,,,,,,,0,,,,,,NORMALVM,0x000000000003f7ec,pizza,S-1-5-21-2352865859-2334931103-2005901029-1001,,,,,,MicrosoftAccount:user=pizzahuthacker@gmail.com,,,,,,,,,,,,,0,,,,,,,,
3317,2026-04-01 17:18:16.859779+00:00,5379,Microsoft-Windows-Security-Auditing,,,,,,,,,,,,,,3780,,,1,,,,,,,,,,,,,,,,,,,,,,,,,,,,,,,,,,,,,,,,,,,,,,,,,,,,,,,,,,,,,,,,,,,,,2026-04-01 17:17:51.206451+00:00,,,,,,,%%8100,,,,,,,0,,,,,,NORMALVM,0x000000000003f7ec,pizza,S-1-5-21-2352865859-2334931103-2005901029-1001,,,,,,MicrosoftAccount:user=pizzahuthacker@gmail.com,,,,,,,,,,,,,0,,,,,,,,
3318,2026-04-01 17:18:16.859915+00:00,5379,Microsoft-Windows-Security-Auditing,,,,,,,,,,,,,,3780,,,1,,,,,,,,,,,,,,,,,,,,,,,,,,,,,,,,,,,,,,,,,,,,,,,,,,,,,,,,,,,,,,,,,,,,,2026-04-01 17:17:51.206451+00:00,,,,,,,%%8100,,,,,,,0,,,,,,NORMALVM,0x000000000003f7ec,pizza,S-1-5-21-2352865859-2334931103-2005901029-1001,,,,,,MicrosoftAccount:user=pizzahuthacker@gmail.com,,,,,,,,,,,,,0,,,,,,,,
3319,2026-04-01 17:18:16.860044+00:00,5379,Microsoft-Windows-Security-Auditing,,,,,,,,,,,,,,3780,,,1,,,,,,,,,,,,,,,,,,,,,,,,,,,,,,,,,,,,,,,,,,,,,,,,,,,,,,,,,,,,,,,,,,,,,2026-04-01 17:17:51.206451+00:00,,,,,,,%%8100,,,,,,,0,,,,,,NORMALVM,0x000000000003f7ec,pizza,S-1-5-21-2352865859-2334931103-2005901029-1001,,,,,,MicrosoftAccount:user=pizzahuthacker@gmail.com,,,,,,,,,,,,,0,,,,,,,,
3320,2026-04-01 17:18:16.860147+00:00,5379,Microsoft-Windows-Security-Auditing,,,,,,,,,,,,,,3780,,,1,,,,,,,,,,,,,,,,,,,,,,,,,,,,,,,,,,,,,,,,,,,,,,,,,,,,,,,,,,,,,,,,,,,,,2026-04-01 17:17:51.206451+00:00,,,,,,,%%8100,,,,,,,0,,,,,,NORMALVM,0x000000000003f7ec,pizza,S-1-5-21-2352865859-2334931103-2005901029-1001,,,,,,MicrosoftAccount:user=pizzahuthacker@gmail.com,,,,,,,,,,,,,0,,,,,,,,
3321,2026-04-01 17:18:16.860268+00:00,5379,Microsoft-Windows-Security-Auditing,,,,,,,,,,,,,,3780,,,1,,,,,,,,,,,,,,,,,,,,,,,,,,,,,,,,,,,,,,,,,,,,,,,,,,,,,,,,,,,,,,,,,,,,,2026-04-01 17:17:51.206451+00:00,,,,,,,%%8100,,,,,,,0,,,,,,NORMALVM,0x000000000003f7ec,pizza,S-1-5-21-2352865859-2334931103-2005901029-1001,,,,,,MicrosoftAccount:user=pizzahuthacker@gmail.com,,,,,,,,,,,,,0,,,,,,,,
3322,2026-04-01 17:18:16.860430+00:00,5379,Microsoft-Windows-Security-Auditing,,,,,,,,,,,,,,3780,,,1,,,,,,,,,,,,,,,,,,,,,,,,,,,,,,,,,,,,,,,,,,,,,,,,,,,,,,,,,,,,,,,,,,,,,2026-04-01 17:17:51.206451+00:00,,,,,,,%%8100,,,,,,,0,,,,,,NORMALVM,0x000000000003f7ec,pizza,S-1-5-21-2352865859-2334931103-2005901029-1001,,,,,,MicrosoftAccount:user=pizzahuthacker@gmail.com,,,,,,,,,,,,,0,,,,,,,,
3323,2026-04-01 17:18:16.860579+00:00,5379,Microsoft-Windows-Security-Auditing,,,,,,,,,,,,,,3780,,,1,,,,,,,,,,,,,,,,,,,,,,,,,,,,,,,,,,,,,,,,,,,,,,,,,,,,,,,,,,,,,,,,,,,,,2026-04-01 17:17:51.206451+00:00,,,,,,,%%8100,,,,,,,0,,,,,,NORMALVM,0x000000000003f7ec,pizza,S-1-5-21-2352865859-2334931103-2005901029-1001,,,,,,MicrosoftAccount:user=pizzahuthacker@gmail.com,,,,,,,,,,,,,0,,,,,,,,
3324,2026-04-01 17:18:18.543732+00:00,4799,Microsoft-Windows-Security-Auditing,,,,,,,,,,,0x0000000000000be0,C:\Windows\System32\svchost.exe,,,,,,,,,,,,,,,,,,,,,,,,,,,,,,,,,,,,,,,,,,,,,,,,,,,,,,,,,,,,,,,,,,,,,,,,,,,,,,,,,,,,,,,,,,,,,,WORKGROUP,0x00000000000003e7,NORMALVM$,S-1-5-18,Builtin,,,,,,,,,,,S-1-5-32-544,Administrators,,,,,,,,,,,,,,
3325,2026-04-01 17:18:19.260649+00:00,4799,Microsoft-Windows-Security-Auditing,,,,,,,,,,,0x00000000000019d0,C:\Windows\System32\taskhostw.exe,,,,,,,,,,,,,,,,,,,,,,,,,,,,,,,,,,,,,,,,,,,,,,,,,,,,,,,,,,,,,,,,,,,,,,,,,,,,,,,,,,,,,,,,,,,,,,NORMALVM,0x000000000003f7ae,pizza,S-1-5-21-2352865859-2334931103-2005901029-1001,Builtin,,,,,,,,,,,S-1-5-32-544,Administrators,,,,,,,,,,,,,,
3326,2026-04-01 17:18:24.039352+00:00,4799,Microsoft-Windows-Security-Auditing,,,,,,,,,,,0x0000000000000528,C:\Windows\System32\svchost.exe,,,,,,,,,,,,,,,,,,,,,,,,,,,,,,,,,,,,,,,,,,,,,,,,,,,,,,,,,,,,,,,,,,,,,,,,,,,,,,,,,,,,,,,,,,,,,,NORMALVM,0x000000000003f7ae,pizza,S-1-5-21-2352865859-2334931103-2005901029-1001,Builtin,,,,,,,,,,,S-1-5-32-544,Administrators,,,,,,,,,,,,,,
3327,2026-04-01 17:18:32.758942+00:00,5379,Microsoft-Windows-Security-Auditing,,,,,,,,,,,,,,3780,,,1,,,,,,,,,,,,,,,,,,,,,,,,,,,,,,,,,,,,,,,,,,,,,,,,,,,,,,,,,,,,,,,,,,,,,2026-04-01 17:17:51.206451+00:00,,,,,,,%%8100,,,,,,,0,,,,,,NORMALVM,0x000000000003f7ec,pizza,S-1-5-21-2352865859-2334931103-2005901029-1001,,,,,,MicrosoftAccount:user=pizzahuthacker@gmail.com,,,,,,,,,,,,,0,,,,,,,,
3328,2026-04-01 17:18:32.760105+00:00,5379,Microsoft-Windows-Security-Auditing,,,,,,,,,,,,,,3780,,,0,,,,,,,,,,,,,,,,,,,,,,,,,,,,,,,,,,,,,,,,,,,,,,,,,,,,,,,,,,,,,,,,,,,,,2026-04-01 17:17:51.206451+00:00,,,,,,,%%8100,,,,,,,3221226021,,,,,,NORMALVM,0x000000000003f7ec,pizza,S-1-5-21-2352865859-2334931103-2005901029-1001,,,,,,WindowsLive:(token):name=pizzahuthacker@gmail.com;serviceuri=*,,,,,,,,,,,,,0,,,,,,,,
3329,2026-04-01 17:18:32.760155+00:00,5379,Microsoft-Windows-Security-Auditing,,,,,,,,,,,,,,3780,,,0,,,,,,,,,,,,,,,,,,,,,,,,,,,,,,,,,,,,,,,,,,,,,,,,,,,,,,,,,,,,,,,,,,,,,2026-04-01 17:17:51.206451+00:00,,,,,,,%%8100,,,,,,,3221226021,,,,,,NORMALVM,0x000000000003f7ec,pizza,S-1-5-21-2352865859-2334931103-2005901029-1001,,,,,,WindowsLive:(cert):name=pizzahuthacker@gmail.com;serviceuri=*,,,,,,,,,,,,,0,,,,,,,,
3330,2026-04-01 17:18:32.784426+00:00,5379,Microsoft-Windows-Security-Auditing,,,,,,,,,,,,,,3780,,,1,,,,,,,,,,,,,,,,,,,,,,,,,,,,,,,,,,,,,,,,,,,,,,,,,,,,,,,,,,,,,,,,,,,,,2026-04-01 17:17:51.206451+00:00,,,,,,,%%8100,,,,,,,0,,,,,,NORMALVM,0x000000000003f7ec,pizza,S-1-5-21-2352865859-2334931103-2005901029-1001,,,,,,MicrosoftAccount:user=pizzahuthacker@gmail.com,,,,,,,,,,,,,0,,,,,,,,
3331,2026-04-01 17:18:32.785955+00:00,5379,Microsoft-Windows-Security-Auditing,,,,,,,,,,,,,,3780,,,1,,,,,,,,,,,,,,,,,,,,,,,,,,,,,,,,,,,,,,,,,,,,,,,,,,,,,,,,,,,,,,,,,,,,,2026-04-01 17:17:51.206451+00:00,,,,,,,%%8100,,,,,,,0,,,,,,NORMALVM,0x000000000003f7ec,pizza,S-1-5-21-2352865859-2334931103-2005901029-1001,,,,,,MicrosoftAccount:user=pizzahuthacker@gmail.com,,,,,,,,,,,,,0,,,,,,,,
3332,2026-04-01 17:18:33.063848+00:00,5379,Microsoft-Windows-Security-Auditing,,,,,,,,,,,,,,3780,,,1,,,,,,,,,,,,,,,,,,,,,,,,,,,,,,,,,,,,,,,,,,,,,,,,,,,,,,,,,,,,,,,,,,,,,2026-04-01 17:17:51.206451+00:00,,,,,,,%%8100,,,,,,,0,,,,,,NORMALVM,0x000000000003f7ec,pizza,S-1-5-21-2352865859-2334931103-2005901029-1001,,,,,,MicrosoftAccount:user=pizzahuthacker@gmail.com,,,,,,,,,,,,,0,,,,,,,,
3333,2026-04-01 17:18:33.064959+00:00,5379,Microsoft-Windows-Security-Auditing,,,,,,,,,,,,,,3780,,,1,,,,,,,,,,,,,,,,,,,,,,,,,,,,,,,,,,,,,,,,,,,,,,,,,,,,,,,,,,,,,,,,,,,,,2026-04-01 17:17:51.206451+00:00,,,,,,,%%8100,,,,,,,0,,,,,,NORMALVM,0x000000000003f7ec,pizza,S-1-5-21-2352865859-2334931103-2005901029-1001,,,,,,MicrosoftAccount:user=pizzahuthacker@gmail.com,,,,,,,,,,,,,0,,,,,,,,
3334,2026-04-01 17:18:33.065264+00:00,5379,Microsoft-Windows-Security-Auditing,,,,,,,,,,,,,,3780,,,1,,,,,,,,,,,,,,,,,,,,,,,,,,,,,,,,,,,,,,,,,,,,,,,,,,,,,,,,,,,,,,,,,,,,,2026-04-01 17:17:51.206451+00:00,,,,,,,%%8100,,,,,,,0,,,,,,NORMALVM,0x000000000003f7ec,pizza,S-1-5-21-2352865859-2334931103-2005901029-1001,,,,,,MicrosoftAccount:user=pizzahuthacker@gmail.com,,,,,,,,,,,,,0,,,,,,,,
3335,2026-04-01 17:18:33.065445+00:00,5379,Microsoft-Windows-Security-Auditing,,,,,,,,,,,,,,3780,,,1,,,,,,,,,,,,,,,,,,,,,,,,,,,,,,,,,,,,,,,,,,,,,,,,,,,,,,,,,,,,,,,,,,,,,2026-04-01 17:17:51.206451+00:00,,,,,,,%%8100,,,,,,,0,,,,,,NORMALVM,0x000000000003f7ec,pizza,S-1-5-21-2352865859-2334931103-2005901029-1001,,,,,,MicrosoftAccount:user=pizzahuthacker@gmail.com,,,,,,,,,,,,,0,,,,,,,,
3336,2026-04-01 17:18:33.065641+00:00,5379,Microsoft-Windows-Security-Auditing,,,,,,,,,,,,,,3780,,,1,,,,,,,,,,,,,,,,,,,,,,,,,,,,,,,,,,,,,,,,,,,,,,,,,,,,,,,,,,,,,,,,,,,,,2026-04-01 17:17:51.206451+00:00,,,,,,,%%8100,,,,,,,0,,,,,,NORMALVM,0x000000000003f7ec,pizza,S-1-5-21-2352865859-2334931103-2005901029-1001,,,,,,MicrosoftAccount:user=pizzahuthacker@gmail.com,,,,,,,,,,,,,0,,,,,,,,
3337,2026-04-01 17:18:33.065783+00:00,5379,Microsoft-Windows-Security-Auditing,,,,,,,,,,,,,,3780,,,1,,,,,,,,,,,,,,,,,,,,,,,,,,,,,,,,,,,,,,,,,,,,,,,,,,,,,,,,,,,,,,,,,,,,,2026-04-01 17:17:51.206451+00:00,,,,,,,%%8100,,,,,,,0,,,,,,NORMALVM,0x000000000003f7ec,pizza,S-1-5-21-2352865859-2334931103-2005901029-1001,,,,,,MicrosoftAccount:user=pizzahuthacker@gmail.com,,,,,,,,,,,,,0,,,,,,,,
3338,2026-04-01 17:18:33.065973+00:00,5379,Microsoft-Windows-Security-Auditing,,,,,,,,,,,,,,3780,,,1,,,,,,,,,,,,,,,,,,,,,,,,,,,,,,,,,,,,,,,,,,,,,,,,,,,,,,,,,,,,,,,,,,,,,2026-04-01 17:17:51.206451+00:00,,,,,,,%%8100,,,,,,,0,,,,,,NORMALVM,0x000000000003f7ec,pizza,S-1-5-21-2352865859-2334931103-2005901029-1001,,,,,,MicrosoftAccount:user=pizzahuthacker@gmail.com,,,,,,,,,,,,,0,,,,,,,,
3339,2026-04-01 17:18:33.066217+00:00,5379,Microsoft-Windows-Security-Auditing,,,,,,,,,,,,,,3780,,,1,,,,,,,,,,,,,,,,,,,,,,,,,,,,,,,,,,,,,,,,,,,,,,,,,,,,,,,,,,,,,,,,,,,,,2026-04-01 17:17:51.206451+00:00,,,,,,,%%8100,,,,,,,0,,,,,,NORMALVM,0x000000000003f7ec,pizza,S-1-5-21-2352865859-2334931103-2005901029-1001,,,,,,MicrosoftAccount:user=pizzahuthacker@gmail.com,,,,,,,,,,,,,0,,,,,,,,
3340,2026-04-01 17:18:33.066448+00:00,5379,Microsoft-Windows-Security-Auditing,,,,,,,,,,,,,,3780,,,1,,,,,,,,,,,,,,,,,,,,,,,,,,,,,,,,,,,,,,,,,,,,,,,,,,,,,,,,,,,,,,,,,,,,,2026-04-01 17:17:51.206451+00:00,,,,,,,%%8100,,,,,,,0,,,,,,NORMALVM,0x000000000003f7ec,pizza,S-1-5-21-2352865859-2334931103-2005901029-1001,,,,,,MicrosoftAccount:user=pizzahuthacker@gmail.com,,,,,,,,,,,,,0,,,,,,,,
3341,2026-04-01 17:18:33.066597+00:00,5379,Microsoft-Windows-Security-Auditing,,,,,,,,,,,,,,3780,,,1,,,,,,,,,,,,,,,,,,,,,,,,,,,,,,,,,,,,,,,,,,,,,,,,,,,,,,,,,,,,,,,,,,,,,2026-04-01 17:17:51.206451+00:00,,,,,,,%%8100,,,,,,,0,,,,,,NORMALVM,0x000000000003f7ec,pizza,S-1-5-21-2352865859-2334931103-2005901029-1001,,,,,,MicrosoftAccount:user=pizzahuthacker@gmail.com,,,,,,,,,,,,,0,,,,,,,,
3342,2026-04-01 17:18:33.066784+00:00,5379,Microsoft-Windows-Security-Auditing,,,,,,,,,,,,,,3780,,,1,,,,,,,,,,,,,,,,,,,,,,,,,,,,,,,,,,,,,,,,,,,,,,,,,,,,,,,,,,,,,,,,,,,,,2026-04-01 17:17:51.206451+00:00,,,,,,,%%8100,,,,,,,0,,,,,,NORMALVM,0x000000000003f7ec,pizza,S-1-5-21-2352865859-2334931103-2005901029-1001,,,,,,MicrosoftAccount:user=pizzahuthacker@gmail.com,,,,,,,,,,,,,0,,,,,,,,
3343,2026-04-01 17:18:33.066881+00:00,5379,Microsoft-Windows-Security-Auditing,,,,,,,,,,,,,,3780,,,1,,,,,,,,,,,,,,,,,,,,,,,,,,,,,,,,,,,,,,,,,,,,,,,,,,,,,,,,,,,,,,,,,,,,,2026-04-01 17:17:51.206451+00:00,,,,,,,%%8100,,,,,,,0,,,,,,NORMALVM,0x000000000003f7ec,pizza,S-1-5-21-2352865859-2334931103-2005901029-1001,,,,,,MicrosoftAccount:user=pizzahuthacker@gmail.com,,,,,,,,,,,,,0,,,,,,,,
3344,2026-04-01 17:18:33.066996+00:00,5379,Microsoft-Windows-Security-Auditing,,,,,,,,,,,,,,3780,,,1,,,,,,,,,,,,,,,,,,,,,,,,,,,,,,,,,,,,,,,,,,,,,,,,,,,,,,,,,,,,,,,,,,,,,2026-04-01 17:17:51.206451+00:00,,,,,,,%%8100,,,,,,,0,,,,,,NORMALVM,0x000000000003f7ec,pizza,S-1-5-21-2352865859-2334931103-2005901029-1001,,,,,,MicrosoftAccount:user=pizzahuthacker@gmail.com,,,,,,,,,,,,,0,,,,,,,,
3345,2026-04-01 17:18:33.067087+00:00,5379,Microsoft-Windows-Security-Auditing,,,,,,,,,,,,,,3780,,,1,,,,,,,,,,,,,,,,,,,,,,,,,,,,,,,,,,,,,,,,,,,,,,,,,,,,,,,,,,,,,,,,,,,,,2026-04-01 17:17:51.206451+00:00,,,,,,,%%8100,,,,,,,0,,,,,,NORMALVM,0x000000000003f7ec,pizza,S-1-5-21-2352865859-2334931103-2005901029-1001,,,,,,MicrosoftAccount:user=pizzahuthacker@gmail.com,,,,,,,,,,,,,0,,,,,,,,
3346,2026-04-01 17:18:33.067192+00:00,5379,Microsoft-Windows-Security-Auditing,,,,,,,,,,,,,,3780,,,1,,,,,,,,,,,,,,,,,,,,,,,,,,,,,,,,,,,,,,,,,,,,,,,,,,,,,,,,,,,,,,,,,,,,,2026-04-01 17:17:51.206451+00:00,,,,,,,%%8100,,,,,,,0,,,,,,NORMALVM,0x000000000003f7ec,pizza,S-1-5-21-2352865859-2334931103-2005901029-1001,,,,,,MicrosoftAccount:user=pizzahuthacker@gmail.com,,,,,,,,,,,,,0,,,,,,,,
3347,2026-04-01 17:18:33.067467+00:00,5379,Microsoft-Windows-Security-Auditing,,,,,,,,,,,,,,3780,,,1,,,,,,,,,,,,,,,,,,,,,,,,,,,,,,,,,,,,,,,,,,,,,,,,,,,,,,,,,,,,,,,,,,,,,2026-04-01 17:17:51.206451+00:00,,,,,,,%%8099,,,,,,,0,,,,,,NORMALVM,0x000000000003f7ec,pizza,S-1-5-21-2352865859-2334931103-2005901029-1001,,,,,,MicrosoftAccount:user=pizzahuthacker@gmail.com,,,,,,,,,,,,,1,,,,,,,,
3348,2026-04-01 17:18:33.076641+00:00,5379,Microsoft-Windows-Security-Auditing,,,,,,,,,,,,,,3780,,,1,,,,,,,,,,,,,,,,,,,,,,,,,,,,,,,,,,,,,,,,,,,,,,,,,,,,,,,,,,,,,,,,,,,,,2026-04-01 17:17:51.206451+00:00,,,,,,,%%8100,,,,,,,0,,,,,,NORMALVM,0x000000000003f7ec,pizza,S-1-5-21-2352865859-2334931103-2005901029-1001,,,,,,MicrosoftAccount:user=pizzahuthacker@gmail.com,,,,,,,,,,,,,0,,,,,,,,
3349,2026-04-01 17:18:33.076872+00:00,5379,Microsoft-Windows-Security-Auditing,,,,,,,,,,,,,,3780,,,1,,,,,,,,,,,,,,,,,,,,,,,,,,,,,,,,,,,,,,,,,,,,,,,,,,,,,,,,,,,,,,,,,,,,,2026-04-01 17:17:51.206451+00:00,,,,,,,%%8100,,,,,,,0,,,,,,NORMALVM,0x000000000003f7ec,pizza,S-1-5-21-2352865859-2334931103-2005901029-1001,,,,,,MicrosoftAccount:user=pizzahuthacker@gmail.com,,,,,,,,,,,,,0,,,,,,,,
3350,2026-04-01 17:18:33.077065+00:00,5379,Microsoft-Windows-Security-Auditing,,,,,,,,,,,,,,3780,,,1,,,,,,,,,,,,,,,,,,,,,,,,,,,,,,,,,,,,,,,,,,,,,,,,,,,,,,,,,,,,,,,,,,,,,2026-04-01 17:17:51.206451+00:00,,,,,,,%%8100,,,,,,,0,,,,,,NORMALVM,0x000000000003f7ec,pizza,S-1-5-21-2352865859-2334931103-2005901029-1001,,,,,,MicrosoftAccount:user=pizzahuthacker@gmail.com,,,,,,,,,,,,,0,,,,,,,,
3351,2026-04-01 17:18:33.077318+00:00,5379,Microsoft-Windows-Security-Auditing,,,,,,,,,,,,,,3780,,,1,,,,,,,,,,,,,,,,,,,,,,,,,,,,,,,,,,,,,,,,,,,,,,,,,,,,,,,,,,,,,,,,,,,,,2026-04-01 17:17:51.206451+00:00,,,,,,,%%8100,,,,,,,0,,,,,,NORMALVM,0x000000000003f7ec,pizza,S-1-5-21-2352865859-2334931103-2005901029-1001,,,,,,MicrosoftAccount:user=pizzahuthacker@gmail.com,,,,,,,,,,,,,0,,,,,,,,
3352,2026-04-01 17:18:33.077509+00:00,5379,Microsoft-Windows-Security-Auditing,,,,,,,,,,,,,,3780,,,1,,,,,,,,,,,,,,,,,,,,,,,,,,,,,,,,,,,,,,,,,,,,,,,,,,,,,,,,,,,,,,,,,,,,,2026-04-01 17:17:51.206451+00:00,,,,,,,%%8100,,,,,,,0,,,,,,NORMALVM,0x000000000003f7ec,pizza,S-1-5-21-2352865859-2334931103-2005901029-1001,,,,,,MicrosoftAccount:user=pizzahuthacker@gmail.com,,,,,,,,,,,,,0,,,,,,,,
3353,2026-04-01 17:18:33.077625+00:00,5379,Microsoft-Windows-Security-Auditing,,,,,,,,,,,,,,3780,,,1,,,,,,,,,,,,,,,,,,,,,,,,,,,,,,,,,,,,,,,,,,,,,,,,,,,,,,,,,,,,,,,,,,,,,2026-04-01 17:17:51.206451+00:00,,,,,,,%%8100,,,,,,,0,,,,,,NORMALVM,0x000000000003f7ec,pizza,S-1-5-21-2352865859-2334931103-2005901029-1001,,,,,,MicrosoftAccount:user=pizzahuthacker@gmail.com,,,,,,,,,,,,,0,,,,,,,,
3354,2026-04-01 17:18:33.077738+00:00,5379,Microsoft-Windows-Security-Auditing,,,,,,,,,,,,,,3780,,,1,,,,,,,,,,,,,,,,,,,,,,,,,,,,,,,,,,,,,,,,,,,,,,,,,,,,,,,,,,,,,,,,,,,,,2026-04-01 17:17:51.206451+00:00,,,,,,,%%8100,,,,,,,0,,,,,,NORMALVM,0x000000000003f7ec,pizza,S-1-5-21-2352865859-2334931103-2005901029-1001,,,,,,MicrosoftAccount:user=pizzahuthacker@gmail.com,,,,,,,,,,,,,0,,,,,,,,
3355,2026-04-01 17:18:33.077847+00:00,5379,Microsoft-Windows-Security-Auditing,,,,,,,,,,,,,,3780,,,1,,,,,,,,,,,,,,,,,,,,,,,,,,,,,,,,,,,,,,,,,,,,,,,,,,,,,,,,,,,,,,,,,,,,,2026-04-01 17:17:51.206451+00:00,,,,,,,%%8100,,,,,,,0,,,,,,NORMALVM,0x000000000003f7ec,pizza,S-1-5-21-2352865859-2334931103-2005901029-1001,,,,,,MicrosoftAccount:user=pizzahuthacker@gmail.com,,,,,,,,,,,,,0,,,,,,,,
