581,2026-04-01 16:28:11.029619+00:00,4624,Microsoft-Windows-Security-Auditing,,,,,,,,,,Negotiate,,,,,,,,,,,,,,,%%1842,,,,,,,,,,,,%%1833,-,-,,,0,,,,-,,,,,{00000000-0000-0000-0000-000000000000},,Advapi  ,5,,,,,,,,,,,,,,,,,,,,,,,,,,,,,,,,,0x00000000000002e4,C:\Windows\System32\services.exe,,,,,,-,,,,,-,,,,,,,WORKGROUP,0x00000000000003e7,WIN-2RR949GCCSV$,S-1-5-18,NT AUTHORITY,,0x0000000000000000,,0x00000000000003e7,,-,-,,,,,SYSTEM,S-1-5-18,,,,-,,,,,,%%1843,,,-
582,2026-04-01 16:28:11.029623+00:00,4672,Microsoft-Windows-Security-Auditing,,,,,,,,,,,,,,,,,,,,,,,,,,,,,,,,,,,,,,,,,,,,,,,,,,,,,,,,,,,,,,,,,,,,,,,,,,,,,,,,,,,,,"SeAssignPrimaryTokenPrivilege
			SeTcbPrivilege
			SeSecurityPrivilege
			SeTakeOwnershipPrivilege
			SeLoadDriverPrivilege
			SeBackupPrivilege
			SeRestorePrivilege
			SeDebugPrivilege
			SeAuditPrivilege
			SeSystemEnvironmentPrivilege
			SeImpersonatePrivilege
			SeDelegateSessionUserImpersonatePrivilege",,,,,,,,,,,,,,,,,,,,,NT AUTHORITY,0x00000000000003e7,SYSTEM,S-1-5-18,,,,,,,,,,,,,,,,,,,,,,,,,,,
583,2026-04-01 16:28:12.134254+00:00,4624,Microsoft-Windows-Security-Auditing,,,,,,,,,,Negotiate,,,,,,,,,,,,,,,%%1842,,,,,,,,,,,,%%1833,-,-,,,0,,,,-,,,,,{00000000-0000-0000-0000-000000000000},,Advapi  ,5,,,,,,,,,,,,,,,,,,,,,,,,,,,,,,,,,0x00000000000002e4,C:\Windows\System32\services.exe,,,,,,-,,,,,-,,,,,,,WORKGROUP,0x00000000000003e7,WIN-2RR949GCCSV$,S-1-5-18,NT AUTHORITY,,0x0000000000000000,,0x00000000000003e7,,-,-,,,,,SYSTEM,S-1-5-18,,,,-,,,,,,%%1843,,,-
584,2026-04-01 16:28:12.134258+00:00,4672,Microsoft-Windows-Security-Auditing,,,,,,,,,,,,,,,,,,,,,,,,,,,,,,,,,,,,,,,,,,,,,,,,,,,,,,,,,,,,,,,,,,,,,,,,,,,,,,,,,,,,,"SeAssignPrimaryTokenPrivilege
			SeTcbPrivilege
			SeSecurityPrivilege
			SeTakeOwnershipPrivilege
			SeLoadDriverPrivilege
			SeBackupPrivilege
			SeRestorePrivilege
			SeDebugPrivilege
			SeAuditPrivilege
			SeSystemEnvironmentPrivilege
			SeImpersonatePrivilege
			SeDelegateSessionUserImpersonatePrivilege",,,,,,,,,,,,,,,,,,,,,NT AUTHORITY,0x00000000000003e7,SYSTEM,S-1-5-18,,,,,,,,,,,,,,,,,,,,,,,,,,,
585,2026-04-01 16:28:12.915281+00:00,5379,Microsoft-Windows-Security-Auditing,,,,,,,,,,,,,,1876,,,0,,,,,,,,,,,,,,,,,,,,,,,,,,,,,,,,,,,,,,,,,,,,,,,,,,,,,,,,,,,,,,,,,,,,,2026-04-01 16:28:12.135397+00:00,,,,,,,%%8100,,,,,,,3221226021,,,,,,WORKGROUP,0x00000000000003e7,WIN-2RR949GCCSV$,S-1-5-18,,,,,,WindowsLive:(token):name=02gbacshevaotnyn;serviceuri=*,,,,,,,,,,,,,0,,,,,,,,
586,2026-04-01 16:28:12.915552+00:00,5379,Microsoft-Windows-Security-Auditing,,,,,,,,,,,,,,1876,,,0,,,,,,,,,,,,,,,,,,,,,,,,,,,,,,,,,,,,,,,,,,,,,,,,,,,,,,,,,,,,,,,,,,,,,2026-04-01 16:28:12.135397+00:00,,,,,,,%%8100,,,,,,,3221226021,,,,,,WORKGROUP,0x00000000000003e7,WIN-2RR949GCCSV$,S-1-5-18,,,,,,WindowsLive:(cert):name=02gbacshevaotnyn;serviceuri=*,,,,,,,,,,,,,0,,,,,,,,
587,2026-04-01 16:28:12.915663+00:00,5379,Microsoft-Windows-Security-Auditing,,,,,,,,,,,,,,1876,,,1,,,,,,,,,,,,,,,,,,,,,,,,,,,,,,,,,,,,,,,,,,,,,,,,,,,,,,,,,,,,,,,,,,,,,2026-04-01 16:28:12.135397+00:00,,,,,,,%%8100,,,,,,,0,,,,,,WORKGROUP,0x00000000000003e7,WIN-2RR949GCCSV$,S-1-5-18,,,,,,WindowsLive:target=virtualapp/didlogical,,,,,,,,,,,,,0,,,,,,,,
588,2026-04-01 16:28:12.929714+00:00,5379,Microsoft-Windows-Security-Auditing,,,,,,,,,,,,,,1876,,,0,,,,,,,,,,,,,,,,,,,,,,,,,,,,,,,,,,,,,,,,,,,,,,,,,,,,,,,,,,,,,,,,,,,,,2026-04-01 16:28:12.135397+00:00,,,,,,,%%8100,,,,,,,3221226021,,,,,,DESKTOP-3RQPMJ6,0x000000000005613e,defaultuser0,S-1-5-21-2352865859-2334931103-2005901029-1000,,,,,,WindowsLive:(token):name=02cdlbmzdcrkqvxq;serviceuri=*,,,,,,,,,,,,,0,,,,,,,,
589,2026-04-01 16:28:12.937107+00:00,5379,Microsoft-Windows-Security-Auditing,,,,,,,,,,,,,,1876,,,0,,,,,,,,,,,,,,,,,,,,,,,,,,,,,,,,,,,,,,,,,,,,,,,,,,,,,,,,,,,,,,,,,,,,,2026-04-01 16:28:12.135397+00:00,,,,,,,%%8100,,,,,,,3221226021,,,,,,DESKTOP-3RQPMJ6,0x000000000005613e,defaultuser0,S-1-5-21-2352865859-2334931103-2005901029-1000,,,,,,WindowsLive:(cert):name=02cdlbmzdcrkqvxq;serviceuri=*,,,,,,,,,,,,,0,,,,,,,,
590,2026-04-01 16:28:12.946684+00:00,5379,Microsoft-Windows-Security-Auditing,,,,,,,,,,,,,,1876,,,1,,,,,,,,,,,,,,,,,,,,,,,,,,,,,,,,,,,,,,,,,,,,,,,,,,,,,,,,,,,,,,,,,,,,,2026-04-01 16:28:12.135397+00:00,,,,,,,%%8100,,,,,,,0,,,,,,DESKTOP-3RQPMJ6,0x000000000005613e,defaultuser0,S-1-5-21-2352865859-2334931103-2005901029-1000,,,,,,WindowsLive:target=virtualapp/didlogical,,,,,,,,,,,,,0,,,,,,,,
591,2026-04-01 16:28:14.144817+00:00,5379,Microsoft-Windows-Security-Auditing,,,,,,,,,,,,,,1876,,,0,,,,,,,,,,,,,,,,,,,,,,,,,,,,,,,,,,,,,,,,,,,,,,,,,,,,,,,,,,,,,,,,,,,,,2026-04-01 16:28:12.135397+00:00,,,,,,,%%8100,,,,,,,3221226021,,,,,,DESKTOP-3RQPMJ6,0x000000000005613e,defaultuser0,S-1-5-21-2352865859-2334931103-2005901029-1000,,,,,,MicrosoftAccount:user=02cdlbmzdcrkqvxq,,,,,,,,,,,,,0,,,,,,,,
592,2026-04-01 16:28:14.145098+00:00,5379,Microsoft-Windows-Security-Auditing,,,,,,,,,,,,,,1876,,,0,,,,,,,,,,,,,,,,,,,,,,,,,,,,,,,,,,,,,,,,,,,,,,,,,,,,,,,,,,,,,,,,,,,,,2026-04-01 16:28:12.135397+00:00,,,,,,,%%8100,,,,,,,3221226021,,,,,,DESKTOP-3RQPMJ6,0x000000000005613e,defaultuser0,S-1-5-21-2352865859-2334931103-2005901029-1000,,,,,,WindowsLive:(token):name=02cdlbmzdcrkqvxq;serviceuri=*,,,,,,,,,,,,,0,,,,,,,,
593,2026-04-01 16:28:14.145493+00:00,5379,Microsoft-Windows-Security-Auditing,,,,,,,,,,,,,,1876,,,0,,,,,,,,,,,,,,,,,,,,,,,,,,,,,,,,,,,,,,,,,,,,,,,,,,,,,,,,,,,,,,,,,,,,,2026-04-01 16:28:12.135397+00:00,,,,,,,%%8100,,,,,,,3221226021,,,,,,DESKTOP-3RQPMJ6,0x000000000005613e,defaultuser0,S-1-5-21-2352865859-2334931103-2005901029-1000,,,,,,WindowsLive:(cert):name=02cdlbmzdcrkqvxq;serviceuri=*,,,,,,,,,,,,,0,,,,,,,,
594,2026-04-01 16:28:14.560467+00:00,5379,Microsoft-Windows-Security-Auditing,,,,,,,,,,,,,,1876,,,0,,,,,,,,,,,,,,,,,,,,,,,,,,,,,,,,,,,,,,,,,,,,,,,,,,,,,,,,,,,,,,,,,,,,,2026-04-01 16:28:12.135397+00:00,,,,,,,%%8100,,,,,,,3221226021,,,,,,DESKTOP-3RQPMJ6,0x000000000005613e,defaultuser0,S-1-5-21-2352865859-2334931103-2005901029-1000,,,,,,MicrosoftAccount:user=02cdlbmzdcrkqvxq,,,,,,,,,,,,,0,,,,,,,,
595,2026-04-01 16:28:14.574295+00:00,5379,Microsoft-Windows-Security-Auditing,,,,,,,,,,,,,,1876,,,0,,,,,,,,,,,,,,,,,,,,,,,,,,,,,,,,,,,,,,,,,,,,,,,,,,,,,,,,,,,,,,,,,,,,,2026-04-01 16:28:12.135397+00:00,,,,,,,%%8100,,,,,,,3221226021,,,,,,DESKTOP-3RQPMJ6,0x000000000005613e,defaultuser0,S-1-5-21-2352865859-2334931103-2005901029-1000,,,,,,MicrosoftAccount:user=02cdlbmzdcrkqvxq,,,,,,,,,,,,,0,,,,,,,,
596,2026-04-01 16:28:14.596918+00:00,5379,Microsoft-Windows-Security-Auditing,,,,,,,,,,,,,,1876,,,0,,,,,,,,,,,,,,,,,,,,,,,,,,,,,,,,,,,,,,,,,,,,,,,,,,,,,,,,,,,,,,,,,,,,,2026-04-01 16:28:12.135397+00:00,,,,,,,%%8100,,,,,,,3221226021,,,,,,DESKTOP-3RQPMJ6,0x000000000005613e,defaultuser0,S-1-5-21-2352865859-2334931103-2005901029-1000,,,,,,MicrosoftAccount:user=02cdlbmzdcrkqvxq,,,,,,,,,,,,,0,,,,,,,,
597,2026-04-01 16:28:14.597080+00:00,5379,Microsoft-Windows-Security-Auditing,,,,,,,,,,,,,,1876,,,0,,,,,,,,,,,,,,,,,,,,,,,,,,,,,,,,,,,,,,,,,,,,,,,,,,,,,,,,,,,,,,,,,,,,,2026-04-01 16:28:12.135397+00:00,,,,,,,%%8100,,,,,,,3221226021,,,,,,DESKTOP-3RQPMJ6,0x000000000005613e,defaultuser0,S-1-5-21-2352865859-2334931103-2005901029-1000,,,,,,MicrosoftAccount:user=02cdlbmzdcrkqvxq,,,,,,,,,,,,,0,,,,,,,,
598,2026-04-01 16:28:15.721233+00:00,4624,Microsoft-Windows-Security-Auditing,,,,,,,,,,Negotiate,,,,,,,,,,,,,,,%%1842,,,,,,,,,,,,%%1833,-,-,,,0,,,,-,,,,,{00000000-0000-0000-0000-000000000000},,Advapi  ,5,,,,,,,,,,,,,,,,,,,,,,,,,,,,,,,,,0x00000000000002e4,C:\Windows\System32\services.exe,,,,,,-,,,,,-,,,,,,,WORKGROUP,0x00000000000003e7,WIN-2RR949GCCSV$,S-1-5-18,NT AUTHORITY,,0x0000000000000000,,0x00000000000003e7,,-,-,,,,,SYSTEM,S-1-5-18,,,,-,,,,,,%%1843,,,-
599,2026-04-01 16:28:15.721241+00:00,4672,Microsoft-Windows-Security-Auditing,,,,,,,,,,,,,,,,,,,,,,,,,,,,,,,,,,,,,,,,,,,,,,,,,,,,,,,,,,,,,,,,,,,,,,,,,,,,,,,,,,,,,"SeAssignPrimaryTokenPrivilege
			SeTcbPrivilege
			SeSecurityPrivilege
			SeTakeOwnershipPrivilege
			SeLoadDriverPrivilege
			SeBackupPrivilege
			SeRestorePrivilege
			SeDebugPrivilege
			SeAuditPrivilege
			SeSystemEnvironmentPrivilege
			SeImpersonatePrivilege
			SeDelegateSessionUserImpersonatePrivilege",,,,,,,,,,,,,,,,,,,,,NT AUTHORITY,0x00000000000003e7,SYSTEM,S-1-5-18,,,,,,,,,,,,,,,,,,,,,,,,,,,
600,2026-04-01 16:28:31.279495+00:00,4624,Microsoft-Windows-Security-Auditing,,,,,,,,,,Negotiate,,,,,,,,,,,,,,,%%1842,,,,,,,,,,,,%%1833,-,-,,,0,,,,-,,,,,{00000000-0000-0000-0000-000000000000},,Advapi  ,5,,,,,,,,,,,,,,,,,,,,,,,,,,,,,,,,,0x00000000000002e4,C:\Windows\System32\services.exe,,,,,,-,,,,,-,,,,,,,WORKGROUP,0x00000000000003e7,WIN-2RR949GCCSV$,S-1-5-18,NT AUTHORITY,,0x0000000000000000,,0x00000000000003e7,,-,-,,,,,SYSTEM,S-1-5-18,,,,-,,,,,,%%1843,,,-
601,2026-04-01 16:28:31.279501+00:00,4672,Microsoft-Windows-Security-Auditing,,,,,,,,,,,,,,,,,,,,,,,,,,,,,,,,,,,,,,,,,,,,,,,,,,,,,,,,,,,,,,,,,,,,,,,,,,,,,,,,,,,,,"SeAssignPrimaryTokenPrivilege
			SeTcbPrivilege
			SeSecurityPrivilege
			SeTakeOwnershipPrivilege
			SeLoadDriverPrivilege
			SeBackupPrivilege
			SeRestorePrivilege
			SeDebugPrivilege
			SeAuditPrivilege
			SeSystemEnvironmentPrivilege
			SeImpersonatePrivilege
			SeDelegateSessionUserImpersonatePrivilege",,,,,,,,,,,,,,,,,,,,,NT AUTHORITY,0x00000000000003e7,SYSTEM,S-1-5-18,,,,,,,,,,,,,,,,,,,,,,,,,,,
602,2026-04-01 16:31:09.434341+00:00,4624,Microsoft-Windows-Security-Auditing,,,,,,,,,,Negotiate,,,,,,,,,,,,,,,%%1842,,,,,,,,,,,,%%1833,-,-,,,0,,,,-,,,,,{00000000-0000-0000-0000-000000000000},,Advapi  ,5,,,,,,,,,,,,,,,,,,,,,,,,,,,,,,,,,0x00000000000002e4,C:\Windows\System32\services.exe,,,,,,-,,,,,-,,,,,,,WORKGROUP,0x00000000000003e7,WIN-2RR949GCCSV$,S-1-5-18,NT AUTHORITY,,0x0000000000000000,,0x00000000000003e7,,-,-,,,,,SYSTEM,S-1-5-18,,,,-,,,,,,%%1843,,,-
603,2026-04-01 16:31:09.434347+00:00,4672,Microsoft-Windows-Security-Auditing,,,,,,,,,,,,,,,,,,,,,,,,,,,,,,,,,,,,,,,,,,,,,,,,,,,,,,,,,,,,,,,,,,,,,,,,,,,,,,,,,,,,,"SeAssignPrimaryTokenPrivilege
			SeTcbPrivilege
			SeSecurityPrivilege
			SeTakeOwnershipPrivilege
			SeLoadDriverPrivilege
			SeBackupPrivilege
			SeRestorePrivilege
			SeDebugPrivilege
			SeAuditPrivilege
			SeSystemEnvironmentPrivilege
			SeImpersonatePrivilege
			SeDelegateSessionUserImpersonatePrivilege",,,,,,,,,,,,,,,,,,,,,NT AUTHORITY,0x00000000000003e7,SYSTEM,S-1-5-18,,,,,,,,,,,,,,,,,,,,,,,,,,,
604,2026-04-01 16:31:10.053976+00:00,5379,Microsoft-Windows-Security-Auditing,,,,,,,,,,,,,,1876,,,0,,,,,,,,,,,,,,,,,,,,,,,,,,,,,,,,,,,,,,,,,,,,,,,,,,,,,,,,,,,,,,,,,,,,,2026-04-01 16:28:12.135397+00:00,,,,,,,%%8100,,,,,,,3221226021,,,,,,DESKTOP-3RQPMJ6,0x000000000005613e,defaultuser0,S-1-5-21-2352865859-2334931103-2005901029-1000,,,,,,MicrosoftAccount:user=02cdlbmzdcrkqvxq,,,,,,,,,,,,,0,,,,,,,,
605,2026-04-01 16:31:10.054043+00:00,5379,Microsoft-Windows-Security-Auditing,,,,,,,,,,,,,,1876,,,0,,,,,,,,,,,,,,,,,,,,,,,,,,,,,,,,,,,,,,,,,,,,,,,,,,,,,,,,,,,,,,,,,,,,,2026-04-01 16:28:12.135397+00:00,,,,,,,%%8100,,,,,,,3221226021,,,,,,DESKTOP-3RQPMJ6,0x000000000005613e,defaultuser0,S-1-5-21-2352865859-2334931103-2005901029-1000,,,,,,WindowsLive:(token):name=02cdlbmzdcrkqvxq;serviceuri=*,,,,,,,,,,,,,0,,,,,,,,
606,2026-04-01 16:31:10.056051+00:00,5379,Microsoft-Windows-Security-Auditing,,,,,,,,,,,,,,1876,,,0,,,,,,,,,,,,,,,,,,,,,,,,,,,,,,,,,,,,,,,,,,,,,,,,,,,,,,,,,,,,,,,,,,,,,2026-04-01 16:28:12.135397+00:00,,,,,,,%%8100,,,,,,,3221226021,,,,,,DESKTOP-3RQPMJ6,0x000000000005613e,defaultuser0,S-1-5-21-2352865859-2334931103-2005901029-1000,,,,,,WindowsLive:(cert):name=02cdlbmzdcrkqvxq;serviceuri=*,,,,,,,,,,,,,0,,,,,,,,
607,2026-04-01 16:31:10.303232+00:00,5379,Microsoft-Windows-Security-Auditing,,,,,,,,,,,,,,1876,,,0,,,,,,,,,,,,,,,,,,,,,,,,,,,,,,,,,,,,,,,,,,,,,,,,,,,,,,,,,,,,,,,,,,,,,2026-04-01 16:28:12.135397+00:00,,,,,,,%%8100,,,,,,,3221226021,,,,,,DESKTOP-3RQPMJ6,0x000000000005613e,defaultuser0,S-1-5-21-2352865859-2334931103-2005901029-1000,,,,,,MicrosoftAccount:user=02cdlbmzdcrkqvxq,,,,,,,,,,,,,0,,,,,,,,
608,2026-04-01 16:31:10.308193+00:00,5379,Microsoft-Windows-Security-Auditing,,,,,,,,,,,,,,1876,,,0,,,,,,,,,,,,,,,,,,,,,,,,,,,,,,,,,,,,,,,,,,,,,,,,,,,,,,,,,,,,,,,,,,,,,2026-04-01 16:28:12.135397+00:00,,,,,,,%%8100,,,,,,,3221226021,,,,,,DESKTOP-3RQPMJ6,0x000000000005613e,defaultuser0,S-1-5-21-2352865859-2334931103-2005901029-1000,,,,,,MicrosoftAccount:user=02cdlbmzdcrkqvxq,,,,,,,,,,,,,0,,,,,,,,
609,2026-04-01 16:31:10.309898+00:00,5379,Microsoft-Windows-Security-Auditing,,,,,,,,,,,,,,1876,,,0,,,,,,,,,,,,,,,,,,,,,,,,,,,,,,,,,,,,,,,,,,,,,,,,,,,,,,,,,,,,,,,,,,,,,2026-04-01 16:28:12.135397+00:00,,,,,,,%%8100,,,,,,,3221226021,,,,,,DESKTOP-3RQPMJ6,0x000000000005613e,defaultuser0,S-1-5-21-2352865859-2334931103-2005901029-1000,,,,,,MicrosoftAccount:user=02cdlbmzdcrkqvxq,,,,,,,,,,,,,0,,,,,,,,
610,2026-04-01 16:31:10.309944+00:00,5379,Microsoft-Windows-Security-Auditing,,,,,,,,,,,,,,1876,,,0,,,,,,,,,,,,,,,,,,,,,,,,,,,,,,,,,,,,,,,,,,,,,,,,,,,,,,,,,,,,,,,,,,,,,2026-04-01 16:28:12.135397+00:00,,,,,,,%%8100,,,,,,,3221226021,,,,,,DESKTOP-3RQPMJ6,0x000000000005613e,defaultuser0,S-1-5-21-2352865859-2334931103-2005901029-1000,,,,,,MicrosoftAccount:user=02cdlbmzdcrkqvxq,,,,,,,,,,,,,0,,,,,,,,
611,2026-04-01 16:31:17.301922+00:00,4624,Microsoft-Windows-Security-Auditing,,,,,,,,,,Negotiate,,,,,,,,,,,,,,,%%1842,,,,,,,,,,,,%%1833,-,-,,,0,,,,-,,,,,{00000000-0000-0000-0000-000000000000},,Advapi  ,5,,,,,,,,,,,,,,,,,,,,,,,,,,,,,,,,,0x00000000000002e4,C:\Windows\System32\services.exe,,,,,,-,,,,,-,,,,,,,WORKGROUP,0x00000000000003e7,WIN-2RR949GCCSV$,S-1-5-18,NT AUTHORITY,,0x0000000000000000,,0x00000000000003e7,,-,-,,,,,SYSTEM,S-1-5-18,,,,-,,,,,,%%1843,,,-
612,2026-04-01 16:31:17.301928+00:00,4672,Microsoft-Windows-Security-Auditing,,,,,,,,,,,,,,,,,,,,,,,,,,,,,,,,,,,,,,,,,,,,,,,,,,,,,,,,,,,,,,,,,,,,,,,,,,,,,,,,,,,,,"SeAssignPrimaryTokenPrivilege
			SeTcbPrivilege
			SeSecurityPrivilege
			SeTakeOwnershipPrivilege
			SeLoadDriverPrivilege
			SeBackupPrivilege
			SeRestorePrivilege
			SeDebugPrivilege
			SeAuditPrivilege
			SeSystemEnvironmentPrivilege
			SeImpersonatePrivilege
			SeDelegateSessionUserImpersonatePrivilege",,,,,,,,,,,,,,,,,,,,,NT AUTHORITY,0x00000000000003e7,SYSTEM,S-1-5-18,,,,,,,,,,,,,,,,,,,,,,,,,,,
613,2026-04-01 16:31:19.277378+00:00,4624,Microsoft-Windows-Security-Auditing,,,,,,,,,,Negotiate,,,,,,,,,,,,,,,%%1842,,,,,,,,,,,,%%1833,-,-,,,0,,,,-,,,,,{00000000-0000-0000-0000-000000000000},,Advapi  ,5,,,,,,,,,,,,,,,,,,,,,,,,,,,,,,,,,0x00000000000002e4,C:\Windows\System32\services.exe,,,,,,-,,,,,-,,,,,,,WORKGROUP,0x00000000000003e7,WIN-2RR949GCCSV$,S-1-5-18,NT AUTHORITY,,0x0000000000000000,,0x00000000000003e7,,-,-,,,,,SYSTEM,S-1-5-18,,,,-,,,,,,%%1843,,,-
614,2026-04-01 16:31:19.277386+00:00,4672,Microsoft-Windows-Security-Auditing,,,,,,,,,,,,,,,,,,,,,,,,,,,,,,,,,,,,,,,,,,,,,,,,,,,,,,,,,,,,,,,,,,,,,,,,,,,,,,,,,,,,,"SeAssignPrimaryTokenPrivilege
			SeTcbPrivilege
			SeSecurityPrivilege
			SeTakeOwnershipPrivilege
			SeLoadDriverPrivilege
			SeBackupPrivilege
			SeRestorePrivilege
			SeDebugPrivilege
			SeAuditPrivilege
			SeSystemEnvironmentPrivilege
			SeImpersonatePrivilege
			SeDelegateSessionUserImpersonatePrivilege",,,,,,,,,,,,,,,,,,,,,NT AUTHORITY,0x00000000000003e7,SYSTEM,S-1-5-18,,,,,,,,,,,,,,,,,,,,,,,,,,,
615,2026-04-01 16:31:23.700325+00:00,4624,Microsoft-Windows-Security-Auditing,,,,,,,,,,Negotiate,,,,,,,,,,,,,,,%%1842,,,,,,,,,,,,%%1833,-,-,,,0,,,,-,,,,,{00000000-0000-0000-0000-000000000000},,Advapi  ,5,,,,,,,,,,,,,,,,,,,,,,,,,,,,,,,,,0x00000000000002e4,C:\Windows\System32\services.exe,,,,,,-,,,,,-,,,,,,,WORKGROUP,0x00000000000003e7,WIN-2RR949GCCSV$,S-1-5-18,NT AUTHORITY,,0x0000000000000000,,0x00000000000003e7,,-,-,,,,,SYSTEM,S-1-5-18,,,,-,,,,,,%%1843,,,-
616,2026-04-01 16:31:23.700331+00:00,4672,Microsoft-Windows-Security-Auditing,,,,,,,,,,,,,,,,,,,,,,,,,,,,,,,,,,,,,,,,,,,,,,,,,,,,,,,,,,,,,,,,,,,,,,,,,,,,,,,,,,,,,"SeAssignPrimaryTokenPrivilege
			SeTcbPrivilege
			SeSecurityPrivilege
			SeTakeOwnershipPrivilege
			SeLoadDriverPrivilege
			SeBackupPrivilege
			SeRestorePrivilege
			SeDebugPrivilege
			SeAuditPrivilege
			SeSystemEnvironmentPrivilege
			SeImpersonatePrivilege
			SeDelegateSessionUserImpersonatePrivilege",,,,,,,,,,,,,,,,,,,,,NT AUTHORITY,0x00000000000003e7,SYSTEM,S-1-5-18,,,,,,,,,,,,,,,,,,,,,,,,,,,
617,2026-04-01 16:31:32.612560+00:00,4647,Microsoft-Windows-Security-Auditing,,,,,,,,,,,,,,,,,,,,,,,,,,,,,,,,,,,,,,,,,,,,,,,,,,,,,,,,,,,,,,,,,,,,,,,,,,,,,,,,,,,,,,,,,,,,,,,,,,,,,,,,,,,,,,DESKTOP-3RQPMJ6,,,,0x000000000005613e,,,,,,,,defaultuser0,S-1-5-21-2352865859-2334931103-2005901029-1000,,,,,,,,,,,,,
618,2026-04-01 16:31:34.977242+00:00,1100,Microsoft-Windows-Eventlog,,,,,,,,,,,,,,,,,,,,,,,,,,,,,,,,,,,,,,,,,,,,,,,,,,,,,,,,,,,,,,,,,,,,,,,,,,,,,,,,,,,,,,,,,,,,,,,,,,,,,,,,,,,,,,,,,,,,,,,,,,,,,,,,,,,,,,,,
619,2026-04-01 16:31:34.342485+00:00,4624,Microsoft-Windows-Security-Auditing,,,,,,,,,,Negotiate,,,,,,,,,,,,,,,%%1842,,,,,,,,,,,,%%1833,-,-,,,0,,,,-,,,,,{00000000-0000-0000-0000-000000000000},,Advapi  ,5,,,,,,,,,,,,,,,,,,,,,,,,,,,,,,,,,0x00000000000002e4,C:\Windows\System32\services.exe,,,,,,-,,,,,-,,,,,,,WORKGROUP,0x00000000000003e7,WIN-2RR949GCCSV$,S-1-5-18,NT AUTHORITY,,0x0000000000000000,,0x00000000000003e7,,-,-,,,,,SYSTEM,S-1-5-18,,,,-,,,,,,%%1843,,,-
620,2026-04-01 16:31:34.342493+00:00,4672,Microsoft-Windows-Security-Auditing,,,,,,,,,,,,,,,,,,,,,,,,,,,,,,,,,,,,,,,,,,,,,,,,,,,,,,,,,,,,,,,,,,,,,,,,,,,,,,,,,,,,,"SeAssignPrimaryTokenPrivilege
			SeTcbPrivilege
			SeSecurityPrivilege
			SeTakeOwnershipPrivilege
			SeLoadDriverPrivilege
			SeBackupPrivilege
			SeRestorePrivilege
			SeDebugPrivilege
			SeAuditPrivilege
			SeSystemEnvironmentPrivilege
			SeImpersonatePrivilege
			SeDelegateSessionUserImpersonatePrivilege",,,,,,,,,,,,,,,,,,,,,NT AUTHORITY,0x00000000000003e7,SYSTEM,S-1-5-18,,,,,,,,,,,,,,,,,,,,,,,,,,,
621,2026-04-01 16:31:49.730473+00:00,4688,Microsoft-Windows-Security-Auditing,,,,,,,,,,,,,,,,,,,,,,,,,,,,,,,,,,,,,,,,,,,,,,,,,,,,,,,,S-1-16-16384,,,,,,,0x000000000000004c,Registry,,,,,,,,,,,,,,,,,,,,,,,0x0000000000000004,,,,,,,,,,,,,,,,,,,-,0x00000000000003e7,-,S-1-5-18,-,,,,0x0000000000000000,,,,,,,,-,S-1-0-0,,%%1936,,,,,,,,,,,
622,2026-04-01 16:31:49.730579+00:00,4696,Microsoft-Windows-Security-Auditing,,,,,,,,,,,,,,,,,,,,,,,,,,,,,,,,,,,,,,,,,,,,,,,,,,,,,,,,,,,,,,,,,,,,,,,,,,,,,,,,,,,,,,,0x0000000000000004,,,,,,,,,,,,,,,,,,,-,0x00000000000003e7,-,S-1-5-18,-,,,,0x00000000000003e7,,,,0x000000000000004c,Registry,,,-,S-1-0-0,,,,,,,,,,,,,
623,2026-04-01 16:31:49.730581+00:00,4826,Microsoft-Windows-Security-Auditing,,,,,,,%%1843,,,,,,,,,%%1846,,%%1843,,,,,,,,,,%%1843,,,,,%%1843,%%1848,-,,,,,%%1843,,,,,,,-,,,,,,,,,,,,,,,,,,,,,,,,,,,,,,,,,,,,,,,,,,,,,,,,%%1843,,,,,,,,,,,-,0x00000000000003e7,-,S-1-5-18,,,,,,,,,,,,,,,%%1843,,,,,,,,,,%%1848,,
624,2026-04-01 16:31:49.736780+00:00,4688,Microsoft-Windows-Security-Auditing,,,,,,,,,,,,,,,,,,,,,,,,,,,,,,,,,,,,,,,,,,,,,,,,,,,,,,,,S-1-16-16384,,,,,,,0x0000000000000174,C:\Windows\System32\smss.exe,,,,,,,,,,,,,,,,,,,,,,,0x0000000000000004,,,,,,,,,,,,,,,,,,,-,0x00000000000003e7,-,S-1-5-18,-,,,,0x0000000000000000,,,,,,,,-,S-1-0-0,,%%1936,,,,,,,,,,,
625,2026-04-01 16:31:50.501728+00:00,4688,Microsoft-Windows-Security-Auditing,,,,,,,,,,,,,,,,,,,,,,,,,,,,,,,,,,,,,,,,,,,,,,,,,,,,,,,,S-1-16-16384,,,,,,,0x00000000000001a4,C:\Windows\System32\autochk.exe,,,,,,,,,,,,,,,C:\Windows\System32\smss.exe,,,,,,,,0x0000000000000174,,,,,,,,,,,,,,,,,,,-,0x00000000000003e7,-,S-1-5-18,-,,,,0x0000000000000000,,,,,,,,-,S-1-0-0,,%%1936,,,,,,,,,,,
626,2026-04-01 16:31:51.835451+00:00,4688,Microsoft-Windows-Security-Auditing,,,,,,,,,,,,,,,,,,,,,,,,,,,,,,,,,,,,,,,,,,,,,,,,,,,,,,,,S-1-16-16384,,,,,,,0x000000000000020c,C:\Windows\System32\smss.exe,,,,,,,,,,,,,,,C:\Windows\System32\smss.exe,,,,,,,,0x0000000000000174,,,,,,,,,,,,,,,,,,,-,0x00000000000003e7,-,S-1-5-18,-,,,,0x0000000000000000,,,,,,,,-,S-1-0-0,,%%1936,,,,,,,,,,,
627,2026-04-01 16:31:51.937588+00:00,4688,Microsoft-Windows-Security-Auditing,,,,,,,,,,,,,,,,,,,,,,,,,,,,,,,,,,,,,,,,,,,,,,,,,,,,,,,,S-1-16-16384,,,,,,,0x0000000000000228,C:\Windows\System32\csrss.exe,,,,,,,,,,,,,,,C:\Windows\System32\smss.exe,,,,,,,,0x000000000000020c,,,,,,,,,,,,,,,,,,,-,0x00000000000003e7,-,S-1-5-18,-,,,,0x0000000000000000,,,,,,,,-,S-1-0-0,,%%1936,,,,,,,,,,,
628,2026-04-01 16:31:52.034227+00:00,4688,Microsoft-Windows-Security-Auditing,,,,,,,,,,,,,,,,,,,,,,,,,,,,,,,,,,,,,,,,,,,,,,,,,,,,,,,,S-1-16-16384,,,,,,,0x0000000000000264,C:\Windows\System32\smss.exe,,,,,,,,,,,,,,,C:\Windows\System32\smss.exe,,,,,,,,0x0000000000000174,,,,,,,,,,,,,,,,,,,-,0x00000000000003e7,-,S-1-5-18,-,,,,0x0000000000000000,,,,,,,,-,S-1-0-0,,%%1936,,,,,,,,,,,
629,2026-04-01 16:31:52.038448+00:00,4688,Microsoft-Windows-Security-Auditing,,,,,,,,,,,,,,,,,,,,,,,,,,,,,,,,,,,,,,,,,,,,,,,,,,,,,,,,S-1-16-16384,,,,,,,0x000000000000026c,C:\Windows\System32\wininit.exe,,,,,,,,,,,,,,,C:\Windows\System32\smss.exe,,,,,,,,0x000000000000020c,,,,,,,,,,,,,,,,,,,-,0x00000000000003e7,-,S-1-5-18,-,,,,0x0000000000000000,,,,,,,,-,S-1-0-0,,%%1936,,,,,,,,,,,
630,2026-04-01 16:31:52.049234+00:00,4688,Microsoft-Windows-Security-Auditing,,,,,,,,,,,,,,,,,,,,,,,,,,,,,,,,,,,,,,,,,,,,,,,,,,,,,,,,S-1-16-16384,,,,,,,0x0000000000000274,C:\Windows\System32\csrss.exe,,,,,,,,,,,,,,,C:\Windows\System32\smss.exe,,,,,,,,0x0000000000000264,,,,,,,,,,,,,,,,,,,-,0x00000000000003e7,-,S-1-5-18,-,,,,0x0000000000000000,,,,,,,,-,S-1-0-0,,%%1936,,,,,,,,,,,
631,2026-04-01 16:31:52.070835+00:00,4688,Microsoft-Windows-Security-Auditing,,,,,,,,,,,,,,,,,,,,,,,,,,,,,,,,,,,,,,,,,,,,,,,,,,,,,,,,S-1-16-16384,,,,,,,0x00000000000002a4,C:\Windows\System32\winlogon.exe,,,,,,,,,,,,,,,C:\Windows\System32\smss.exe,,,,,,,,0x0000000000000264,,,,,,,,,,,,,,,,,,,-,0x00000000000003e7,-,S-1-5-18,-,,,,0x0000000000000000,,,,,,,,-,S-1-0-0,,%%1936,,,,,,,,,,,
632,2026-04-01 16:31:52.193682+00:00,4688,Microsoft-Windows-Security-Auditing,,,,,,,,,,,,,,,,,,,,,,,,,,,,,,,,,,,,,,,,,,,,,,,,,,,,,,,,S-1-16-16384,,,,,,,0x00000000000002e4,C:\Windows\System32\services.exe,,,,,,,,,,,,,,,C:\Windows\System32\wininit.exe,,,,,,,,0x000000000000026c,,,,,,,,,,,,,,,,,,,-,0x00000000000003e7,-,S-1-5-18,-,,,,0x0000000000000000,,,,,,,,-,S-1-0-0,,%%1936,,,,,,,,,,,
633,2026-04-01 16:31:52.250629+00:00,4688,Microsoft-Windows-Security-Auditing,,,,,,,,,,,,,,,,,,,,,,,,,,,,,,,,,,,,,,,,,,,,,,,,,,,,,,,,S-1-16-16384,,,,,,,0x00000000000002ec,C:\Windows\System32\lsass.exe,,,,,,,,,,,,,,,C:\Windows\System32\wininit.exe,,,,,,,,0x000000000000026c,,,,,,,,,,,,,,,,,,,-,0x00000000000003e7,-,S-1-5-18,-,,,,0x0000000000000000,,,,,,,,-,S-1-0-0,,%%1936,,,,,,,,,,,
634,2026-04-01 16:31:52.358156+00:00,6417,Microsoft-Windows-Security-Auditing,,,,,,,,,,,,,,,,,,,,,,,,,,,,,,,,,,,,,,,,,,,,,,,,,,,,,,,,,,,,,,,,,,,,,,,,,,,,,,,,,,,,,,,0x00000000000002ec,C:\Windows\System32\lsass.exe,,,,,,,,,,,,,,,,,,,,,,,,,,,,,,,,,,,,,,,,,,,,,,,,
635,2026-04-01 16:31:52.361340+00:00,4608,Microsoft-Windows-Security-Auditing,,,,,,,,,,,,,,,,,,,,,,,,,,,,,,,,,,,,,,,,,,,,,,,,,,,,,,,,,,,,,,,,,,,,,,,,,,,,,,,,,,,,,,,,,,,,,,,,,,,,,,,,,,,,,,,,,,,,,,,,,,,,,,,,,,,,,,,,
636,2026-04-01 16:31:52.366684+00:00,4624,Microsoft-Windows-Security-Auditing,,,,,,,,,,-,,,,,,,,,,,,,,,%%1842,,,,,,,,,,,,-,-,-,,,0,,,,-,,,,,{00000000-0000-0000-0000-000000000000},,-,0,,,,,,,,,,,,,,,,,,,,,,,,,,,,,,,,,0x0000000000000004,,,,,,,-,,,,,-,,,,,,,-,0x0000000000000000,-,S-1-0-0,NT AUTHORITY,,0x0000000000000000,,0x00000000000003e7,,-,-,,,,,SYSTEM,S-1-5-18,,,,-,,,,,,%%1843,,,-
637,2026-04-01 16:31:52.543308+00:00,4902,Microsoft-Windows-Security-Auditing,,,,,,,,,,,,,,,,,,,,,,,,,,,,,,,,,,,,,,,,,,,,,,,,,,,,,,,,,,,,,,,,,,,,,,,,,,,,,,,,,,,,,,,,,,,0,0x000000000000ca51,,,,,,,,,,,,,,,,,,,,,,,,,,,,,,,,,,,,,,,,,,,,
638,2026-04-01 16:31:52.609388+00:00,4648,Microsoft-Windows-Security-Auditing,,,,,,,,,,,,,,,,,,,,,,,,,,,,,,,,,,,,,,-,-,,,,,,,,,,,,{00000000-0000-0000-0000-000000000000},,,,,,,,,,,,,,,,,,,,,,,,,,,,,,,,,,,,0x00000000000002a4,C:\Windows\System32\winlogon.exe,,,,,,,,,,,,,,,,,,WORKGROUP,0x00000000000003e7,NORMALVM$,S-1-5-18,Font Driver Host,localhost,,{00000000-0000-0000-0000-000000000000},,,,,,,localhost,,UMFD-1,,,,,,,,,,,,,,
639,2026-04-01 16:31:52.609402+00:00,4624,Microsoft-Windows-Security-Auditing,,,,,,,,,,Negotiate,,,,,,,,,,,,,,,%%1843,,,,,,,,,,,,%%1833,-,-,,,0,,,,-,,,,,{00000000-0000-0000-0000-000000000000},,Advapi  ,2,,,,,,,,,,,,,,,,,,,,,,,,,,,,,,,,,0x00000000000002a4,C:\Windows\System32\winlogon.exe,,,,,,-,,,,,-,,,,,,,WORKGROUP,0x00000000000003e7,NORMALVM$,S-1-5-18,Font Driver Host,,0x0000000000000000,,0x000000000000cc6e,,-,-,,,,,UMFD-1,S-1-5-96-0-1,,,,-,,,,,,%%1842,,,-
640,2026-04-01 16:31:52.610674+00:00,4648,Microsoft-Windows-Security-Auditing,,,,,,,,,,,,,,,,,,,,,,,,,,,,,,,,,,,,,,-,-,,,,,,,,,,,,{00000000-0000-0000-0000-000000000000},,,,,,,,,,,,,,,,,,,,,,,,,,,,,,,,,,,,0x000000000000026c,C:\Windows\System32\wininit.exe,,,,,,,,,,,,,,,,,,WORKGROUP,0x00000000000003e7,NORMALVM$,S-1-5-18,Font Driver Host,localhost,,{00000000-0000-0000-0000-000000000000},,,,,,,localhost,,UMFD-0,,,,,,,,,,,,,,
641,2026-04-01 16:31:52.610977+00:00,4624,Microsoft-Windows-Security-Auditing,,,,,,,,,,Negotiate,,,,,,,,,,,,,,,%%1843,,,,,,,,,,,,%%1833,-,-,,,0,,,,-,,,,,{00000000-0000-0000-0000-000000000000},,Advapi  ,2,,,,,,,,,,,,,,,,,,,,,,,,,,,,,,,,,0x000000000000026c,C:\Windows\System32\wininit.exe,,,,,,-,,,,,-,,,,,,,WORKGROUP,0x00000000000003e7,NORMALVM$,S-1-5-18,Font Driver Host,,0x0000000000000000,,0x000000000000cc19,,-,-,,,,,UMFD-0,S-1-5-96-0-0,,,,-,,,,,,%%1842,,,-
642,2026-04-01 16:31:52.655733+00:00,4624,Microsoft-Windows-Security-Auditing,,,,,,,,,,Negotiate,,,,,,,,,,,,,,,%%1842,,,,,,,,,,,,%%1833,-,-,,,0,,,,-,,,,,{00000000-0000-0000-0000-000000000000},,Advapi  ,5,,,,,,,,,,,,,,,,,,,,,,,,,,,,,,,,,0x00000000000002e4,C:\Windows\System32\services.exe,,,,,,-,,,,,-,,,,,,,WORKGROUP,0x00000000000003e7,NORMALVM$,S-1-5-18,NT AUTHORITY,,0x0000000000000000,,0x00000000000003e7,,-,-,,,,,SYSTEM,S-1-5-18,,,,-,,,,,,%%1843,,,-
643,2026-04-01 16:31:52.655741+00:00,4672,Microsoft-Windows-Security-Auditing,,,,,,,,,,,,,,,,,,,,,,,,,,,,,,,,,,,,,,,,,,,,,,,,,,,,,,,,,,,,,,,,,,,,,,,,,,,,,,,,,,,,,"SeAssignPrimaryTokenPrivilege
			SeTcbPrivilege
			SeSecurityPrivilege
			SeTakeOwnershipPrivilege
			SeLoadDriverPrivilege
			SeBackupPrivilege
			SeRestorePrivilege
			SeDebugPrivilege
			SeAuditPrivilege
			SeSystemEnvironmentPrivilege
			SeImpersonatePrivilege
			SeDelegateSessionUserImpersonatePrivilege",,,,,,,,,,,,,,,,,,,,,NT AUTHORITY,0x00000000000003e7,SYSTEM,S-1-5-18,,,,,,,,,,,,,,,,,,,,,,,,,,,
644,2026-04-01 16:31:52.866335+00:00,4624,Microsoft-Windows-Security-Auditing,,,,,,,,,,Negotiate,,,,,,,,,,,,,,,%%1842,,,,,,,,,,,,%%1833,-,-,,,0,,,,-,,,,,{00000000-0000-0000-0000-000000000000},,Advapi  ,5,,,,,,,,,,,,,,,,,,,,,,,,,,,,,,,,,0x00000000000002e4,C:\Windows\System32\services.exe,,,,,,-,,,,,-,,,,,,,WORKGROUP,0x00000000000003e7,NORMALVM$,S-1-5-18,NT AUTHORITY,,0x0000000000000000,,0x00000000000003e4,,-,-,,,,,NETWORK SERVICE,S-1-5-20,,,,-,,,,,,%%1843,,,-
645,2026-04-01 16:31:52.866341+00:00,4672,Microsoft-Windows-Security-Auditing,,,,,,,,,,,,,,,,,,,,,,,,,,,,,,,,,,,,,,,,,,,,,,,,,,,,,,,,,,,,,,,,,,,,,,,,,,,,,,,,,,,,,"SeAssignPrimaryTokenPrivilege
			SeAuditPrivilege
			SeImpersonatePrivilege",,,,,,,,,,,,,,,,,,,,,NT AUTHORITY,0x00000000000003e4,NETWORK SERVICE,S-1-5-20,,,,,,,,,,,,,,,,,,,,,,,,,,,
646,2026-04-01 16:31:52.957737+00:00,4624,Microsoft-Windows-Security-Auditing,,,,,,,,,,Negotiate,,,,,,,,,,,,,,,%%1842,,,,,,,,,,,,%%1833,-,-,,,0,,,,-,,,,,{00000000-0000-0000-0000-000000000000},,Advapi  ,5,,,,,,,,,,,,,,,,,,,,,,,,,,,,,,,,,0x00000000000002e4,C:\Windows\System32\services.exe,,,,,,-,,,,,-,,,,,,,WORKGROUP,0x00000000000003e7,NORMALVM$,S-1-5-18,NT AUTHORITY,,0x0000000000000000,,0x00000000000003e7,,-,-,,,,,SYSTEM,S-1-5-18,,,,-,,,,,,%%1843,,,-
647,2026-04-01 16:31:52.957743+00:00,4672,Microsoft-Windows-Security-Auditing,,,,,,,,,,,,,,,,,,,,,,,,,,,,,,,,,,,,,,,,,,,,,,,,,,,,,,,,,,,,,,,,,,,,,,,,,,,,,,,,,,,,,"SeAssignPrimaryTokenPrivilege
			SeTcbPrivilege
			SeSecurityPrivilege
			SeTakeOwnershipPrivilege
			SeLoadDriverPrivilege
			SeBackupPrivilege
			SeRestorePrivilege
			SeDebugPrivilege
			SeAuditPrivilege
			SeSystemEnvironmentPrivilege
			SeImpersonatePrivilege
			SeDelegateSessionUserImpersonatePrivilege",,,,,,,,,,,,,,,,,,,,,NT AUTHORITY,0x00000000000003e7,SYSTEM,S-1-5-18,,,,,,,,,,,,,,,,,,,,,,,,,,,
648,2026-04-01 16:31:53.062967+00:00,4648,Microsoft-Windows-Security-Auditing,,,,,,,,,,,,,,,,,,,,,,,,,,,,,,,,,,,,,,-,-,,,,,,,,,,,,{00000000-0000-0000-0000-000000000000},,,,,,,,,,,,,,,,,,,,,,,,,,,,,,,,,,,,0x00000000000002a4,C:\Windows\System32\winlogon.exe,,,,,,,,,,,,,,,,,,WORKGROUP,0x00000000000003e7,NORMALVM$,S-1-5-18,Window Manager,localhost,,{00000000-0000-0000-0000-000000000000},,,,,,,localhost,,DWM-1,,,,,,,,,,,,,,
649,2026-04-01 16:31:53.062979+00:00,4624,Microsoft-Windows-Security-Auditing,,,,,,,,,,Negotiate,,,,,,,,,,,,,,,%%1842,,,,,,,,,,,,%%1833,-,-,,,0,,,,-,,,,,{00000000-0000-0000-0000-000000000000},,Advapi  ,2,,,,,,,,,,,,,,,,,,,,,,,,,,,,,,,,,0x00000000000002a4,C:\Windows\System32\winlogon.exe,,,,,,-,,,,,-,,,,,,,WORKGROUP,0x00000000000003e7,NORMALVM$,S-1-5-18,Window Manager,,0x0000000000012b97,,0x0000000000012b80,,-,-,,,,,DWM-1,S-1-5-90-0-1,,,,-,,,,,,%%1842,,,-
650,2026-04-01 16:31:53.062984+00:00,4624,Microsoft-Windows-Security-Auditing,,,,,,,,,,Negotiate,,,,,,,,,,,,,,,%%1843,,,,,,,,,,,,%%1833,-,-,,,0,,,,-,,,,,{00000000-0000-0000-0000-000000000000},,Advapi  ,2,,,,,,,,,,,,,,,,,,,,,,,,,,,,,,,,,0x00000000000002a4,C:\Windows\System32\winlogon.exe,,,,,,-,,,,,-,,,,,,,WORKGROUP,0x00000000000003e7,NORMALVM$,S-1-5-18,Window Manager,,0x0000000000012b80,,0x0000000000012b97,,-,-,,,,,DWM-1,S-1-5-90-0-1,,,,-,,,,,,%%1842,,,-
651,2026-04-01 16:31:53.062988+00:00,4672,Microsoft-Windows-Security-Auditing,,,,,,,,,,,,,,,,,,,,,,,,,,,,,,,,,,,,,,,,,,,,,,,,,,,,,,,,,,,,,,,,,,,,,,,,,,,,,,,,,,,,,"SeAssignPrimaryTokenPrivilege
			SeAuditPrivilege
			SeImpersonatePrivilege",,,,,,,,,,,,,,,,,,,,,Window Manager,0x0000000000012b80,DWM-1,S-1-5-90-0-1,,,,,,,,,,,,,,,,,,,,,,,,,,,
652,2026-04-01 16:31:53.062990+00:00,4672,Microsoft-Windows-Security-Auditing,,,,,,,,,,,,,,,,,,,,,,,,,,,,,,,,,,,,,,,,,,,,,,,,,,,,,,,,,,,,,,,,,,,,,,,,,,,,,,,,,,,,,"SeAssignPrimaryTokenPrivilege
			SeAuditPrivilege",,,,,,,,,,,,,,,,,,,,,Window Manager,0x0000000000012b97,DWM-1,S-1-5-90-0-1,,,,,,,,,,,,,,,,,,,,,,,,,,,
653,2026-04-01 16:31:53.275171+00:00,4624,Microsoft-Windows-Security-Auditing,,,,,,,,,,Negotiate,,,,,,,,,,,,,,,%%1842,,,,,,,,,,,,%%1833,-,-,,,0,,,,-,,,,,{00000000-0000-0000-0000-000000000000},,Advapi  ,5,,,,,,,,,,,,,,,,,,,,,,,,,,,,,,,,,0x00000000000002e4,C:\Windows\System32\services.exe,,,,,,-,,,,,-,,,,,,,WORKGROUP,0x00000000000003e7,NORMALVM$,S-1-5-18,NT AUTHORITY,,0x0000000000000000,,0x00000000000003e7,,-,-,,,,,SYSTEM,S-1-5-18,,,,-,,,,,,%%1843,,,-
654,2026-04-01 16:31:53.275177+00:00,4672,Microsoft-Windows-Security-Auditing,,,,,,,,,,,,,,,,,,,,,,,,,,,,,,,,,,,,,,,,,,,,,,,,,,,,,,,,,,,,,,,,,,,,,,,,,,,,,,,,,,,,,"SeAssignPrimaryTokenPrivilege
			SeTcbPrivilege
			SeSecurityPrivilege
			SeTakeOwnershipPrivilege
			SeLoadDriverPrivilege
			SeBackupPrivilege
			SeRestorePrivilege
			SeDebugPrivilege
			SeAuditPrivilege
			SeSystemEnvironmentPrivilege
			SeImpersonatePrivilege
			SeDelegateSessionUserImpersonatePrivilege",,,,,,,,,,,,,,,,,,,,,NT AUTHORITY,0x00000000000003e7,SYSTEM,S-1-5-18,,,,,,,,,,,,,,,,,,,,,,,,,,,
655,2026-04-01 16:31:53.283899+00:00,4624,Microsoft-Windows-Security-Auditing,,,,,,,,,,Negotiate,,,,,,,,,,,,,,,%%1842,,,,,,,,,,,,%%1833,-,-,,,0,,,,-,,,,,{00000000-0000-0000-0000-000000000000},,Advapi  ,5,,,,,,,,,,,,,,,,,,,,,,,,,,,,,,,,,0x00000000000002e4,C:\Windows\System32\services.exe,,,,,,-,,,,,-,,,,,,,WORKGROUP,0x00000000000003e7,NORMALVM$,S-1-5-18,NT AUTHORITY,,0x0000000000000000,,0x00000000000003e7,,-,-,,,,,SYSTEM,S-1-5-18,,,,-,,,,,,%%1843,,,-
656,2026-04-01 16:31:53.283903+00:00,4672,Microsoft-Windows-Security-Auditing,,,,,,,,,,,,,,,,,,,,,,,,,,,,,,,,,,,,,,,,,,,,,,,,,,,,,,,,,,,,,,,,,,,,,,,,,,,,,,,,,,,,,"SeAssignPrimaryTokenPrivilege
			SeTcbPrivilege
			SeSecurityPrivilege
			SeTakeOwnershipPrivilege
			SeLoadDriverPrivilege
			SeBackupPrivilege
			SeRestorePrivilege
			SeDebugPrivilege
			SeAuditPrivilege
			SeSystemEnvironmentPrivilege
			SeImpersonatePrivilege
			SeDelegateSessionUserImpersonatePrivilege",,,,,,,,,,,,,,,,,,,,,NT AUTHORITY,0x00000000000003e7,SYSTEM,S-1-5-18,,,,,,,,,,,,,,,,,,,,,,,,,,,
657,2026-04-01 16:31:53.312979+00:00,4624,Microsoft-Windows-Security-Auditing,,,,,,,,,,Negotiate,,,,,,,,,,,,,,,%%1842,,,,,,,,,,,,%%1833,-,-,,,0,,,,-,,,,,{00000000-0000-0000-0000-000000000000},,Advapi  ,5,,,,,,,,,,,,,,,,,,,,,,,,,,,,,,,,,0x00000000000002e4,C:\Windows\System32\services.exe,,,,,,-,,,,,-,,,,,,,WORKGROUP,0x00000000000003e7,NORMALVM$,S-1-5-18,NT AUTHORITY,,0x0000000000000000,,0x00000000000003e5,,-,-,,,,,LOCAL SERVICE,S-1-5-19,,,,-,,,,,,%%1843,,,-
658,2026-04-01 16:31:53.312983+00:00,4672,Microsoft-Windows-Security-Auditing,,,,,,,,,,,,,,,,,,,,,,,,,,,,,,,,,,,,,,,,,,,,,,,,,,,,,,,,,,,,,,,,,,,,,,,,,,,,,,,,,,,,,"SeAssignPrimaryTokenPrivilege
			SeAuditPrivilege
			SeImpersonatePrivilege",,,,,,,,,,,,,,,,,,,,,NT AUTHORITY,0x00000000000003e5,LOCAL SERVICE,S-1-5-19,,,,,,,,,,,,,,,,,,,,,,,,,,,
659,2026-04-01 16:31:53.378773+00:00,4624,Microsoft-Windows-Security-Auditing,,,,,,,,,,Negotiate,,,,,,,,,,,,,,,%%1842,,,,,,,,,,,,%%1833,-,-,,,0,,,,-,,,,,{00000000-0000-0000-0000-000000000000},,Advapi  ,5,,,,,,,,,,,,,,,,,,,,,,,,,,,,,,,,,0x00000000000002e4,C:\Windows\System32\services.exe,,,,,,-,,,,,-,,,,,,,WORKGROUP,0x00000000000003e7,NORMALVM$,S-1-5-18,NT AUTHORITY,,0x0000000000000000,,0x00000000000003e7,,-,-,,,,,SYSTEM,S-1-5-18,,,,-,,,,,,%%1843,,,-
660,2026-04-01 16:31:53.378777+00:00,4672,Microsoft-Windows-Security-Auditing,,,,,,,,,,,,,,,,,,,,,,,,,,,,,,,,,,,,,,,,,,,,,,,,,,,,,,,,,,,,,,,,,,,,,,,,,,,,,,,,,,,,,"SeAssignPrimaryTokenPrivilege
			SeTcbPrivilege
			SeSecurityPrivilege
			SeTakeOwnershipPrivilege
			SeLoadDriverPrivilege
			SeBackupPrivilege
			SeRestorePrivilege
			SeDebugPrivilege
			SeAuditPrivilege
			SeSystemEnvironmentPrivilege
			SeImpersonatePrivilege
			SeDelegateSessionUserImpersonatePrivilege",,,,,,,,,,,,,,,,,,,,,NT AUTHORITY,0x00000000000003e7,SYSTEM,S-1-5-18,,,,,,,,,,,,,,,,,,,,,,,,,,,
661,2026-04-01 16:31:53.427799+00:00,4624,Microsoft-Windows-Security-Auditing,,,,,,,,,,Negotiate,,,,,,,,,,,,,,,%%1842,,,,,,,,,,,,%%1833,-,-,,,0,,,,-,,,,,{00000000-0000-0000-0000-000000000000},,Advapi  ,5,,,,,,,,,,,,,,,,,,,,,,,,,,,,,,,,,0x00000000000002e4,C:\Windows\System32\services.exe,,,,,,-,,,,,-,,,,,,,WORKGROUP,0x00000000000003e7,NORMALVM$,S-1-5-18,NT AUTHORITY,,0x0000000000000000,,0x00000000000003e7,,-,-,,,,,SYSTEM,S-1-5-18,,,,-,,,,,,%%1843,,,-
662,2026-04-01 16:31:53.428173+00:00,4672,Microsoft-Windows-Security-Auditing,,,,,,,,,,,,,,,,,,,,,,,,,,,,,,,,,,,,,,,,,,,,,,,,,,,,,,,,,,,,,,,,,,,,,,,,,,,,,,,,,,,,,"SeAssignPrimaryTokenPrivilege
			SeTcbPrivilege
			SeSecurityPrivilege
			SeTakeOwnershipPrivilege
			SeLoadDriverPrivilege
			SeBackupPrivilege
			SeRestorePrivilege
			SeDebugPrivilege
			SeAuditPrivilege
			SeSystemEnvironmentPrivilege
			SeImpersonatePrivilege
			SeDelegateSessionUserImpersonatePrivilege",,,,,,,,,,,,,,,,,,,,,NT AUTHORITY,0x00000000000003e7,SYSTEM,S-1-5-18,,,,,,,,,,,,,,,,,,,,,,,,,,,
663,2026-04-01 16:31:53.583717+00:00,4624,Microsoft-Windows-Security-Auditing,,,,,,,,,,Negotiate,,,,,,,,,,,,,,,%%1842,,,,,,,,,,,,%%1833,-,-,,,0,,,,-,,,,,{00000000-0000-0000-0000-000000000000},,Advapi  ,5,,,,,,,,,,,,,,,,,,,,,,,,,,,,,,,,,0x00000000000002e4,C:\Windows\System32\services.exe,,,,,,-,,,,,-,,,,,,,WORKGROUP,0x00000000000003e7,NORMALVM$,S-1-5-18,NT AUTHORITY,,0x0000000000000000,,0x00000000000003e7,,-,-,,,,,SYSTEM,S-1-5-18,,,,-,,,,,,%%1843,,,-
664,2026-04-01 16:31:53.583723+00:00,4672,Microsoft-Windows-Security-Auditing,,,,,,,,,,,,,,,,,,,,,,,,,,,,,,,,,,,,,,,,,,,,,,,,,,,,,,,,,,,,,,,,,,,,,,,,,,,,,,,,,,,,,"SeAssignPrimaryTokenPrivilege
			SeTcbPrivilege
			SeSecurityPrivilege
			SeTakeOwnershipPrivilege
			SeLoadDriverPrivilege
			SeBackupPrivilege
			SeRestorePrivilege
			SeDebugPrivilege
			SeAuditPrivilege
			SeSystemEnvironmentPrivilege
			SeImpersonatePrivilege
			SeDelegateSessionUserImpersonatePrivilege",,,,,,,,,,,,,,,,,,,,,NT AUTHORITY,0x00000000000003e7,SYSTEM,S-1-5-18,,,,,,,,,,,,,,,,,,,,,,,,,,,
665,2026-04-01 16:31:53.694370+00:00,4624,Microsoft-Windows-Security-Auditing,,,,,,,,,,Negotiate,,,,,,,,,,,,,,,%%1842,,,,,,,,,,,,%%1833,-,-,,,0,,,,-,,,,,{00000000-0000-0000-0000-000000000000},,Advapi  ,5,,,,,,,,,,,,,,,,,,,,,,,,,,,,,,,,,0x00000000000002e4,C:\Windows\System32\services.exe,,,,,,-,,,,,-,,,,,,,WORKGROUP,0x00000000000003e7,NORMALVM$,S-1-5-18,NT AUTHORITY,,0x0000000000000000,,0x00000000000003e7,,-,-,,,,,SYSTEM,S-1-5-18,,,,-,,,,,,%%1843,,,-
666,2026-04-01 16:31:53.694376+00:00,4672,Microsoft-Windows-Security-Auditing,,,,,,,,,,,,,,,,,,,,,,,,,,,,,,,,,,,,,,,,,,,,,,,,,,,,,,,,,,,,,,,,,,,,,,,,,,,,,,,,,,,,,"SeAssignPrimaryTokenPrivilege
			SeTcbPrivilege
			SeSecurityPrivilege
			SeTakeOwnershipPrivilege
			SeLoadDriverPrivilege
			SeBackupPrivilege
			SeRestorePrivilege
			SeDebugPrivilege
			SeAuditPrivilege
			SeSystemEnvironmentPrivilege
			SeImpersonatePrivilege
			SeDelegateSessionUserImpersonatePrivilege",,,,,,,,,,,,,,,,,,,,,NT AUTHORITY,0x00000000000003e7,SYSTEM,S-1-5-18,,,,,,,,,,,,,,,,,,,,,,,,,,,
667,2026-04-01 16:31:53.994799+00:00,4624,Microsoft-Windows-Security-Auditing,,,,,,,,,,Negotiate,,,,,,,,,,,,,,,%%1842,,,,,,,,,,,,%%1833,-,-,,,0,,,,-,,,,,{00000000-0000-0000-0000-000000000000},,Advapi  ,5,,,,,,,,,,,,,,,,,,,,,,,,,,,,,,,,,0x00000000000002e4,C:\Windows\System32\services.exe,,,,,,-,,,,,-,,,,,,,WORKGROUP,0x00000000000003e7,NORMALVM$,S-1-5-18,NT AUTHORITY,,0x0000000000000000,,0x00000000000003e7,,-,-,,,,,SYSTEM,S-1-5-18,,,,-,,,,,,%%1843,,,-
668,2026-04-01 16:31:53.994802+00:00,4672,Microsoft-Windows-Security-Auditing,,,,,,,,,,,,,,,,,,,,,,,,,,,,,,,,,,,,,,,,,,,,,,,,,,,,,,,,,,,,,,,,,,,,,,,,,,,,,,,,,,,,,"SeAssignPrimaryTokenPrivilege
			SeTcbPrivilege
			SeSecurityPrivilege
			SeTakeOwnershipPrivilege
			SeLoadDriverPrivilege
			SeBackupPrivilege
			SeRestorePrivilege
			SeDebugPrivilege
			SeAuditPrivilege
			SeSystemEnvironmentPrivilege
			SeImpersonatePrivilege
			SeDelegateSessionUserImpersonatePrivilege",,,,,,,,,,,,,,,,,,,,,NT AUTHORITY,0x00000000000003e7,SYSTEM,S-1-5-18,,,,,,,,,,,,,,,,,,,,,,,,,,,
669,2026-04-01 16:31:54.275059+00:00,4624,Microsoft-Windows-Security-Auditing,,,,,,,,,,Negotiate,,,,,,,,,,,,,,,%%1842,,,,,,,,,,,,%%1833,-,-,,,0,,,,-,,,,,{00000000-0000-0000-0000-000000000000},,Advapi  ,5,,,,,,,,,,,,,,,,,,,,,,,,,,,,,,,,,0x00000000000002e4,C:\Windows\System32\services.exe,,,,,,-,,,,,-,,,,,,,WORKGROUP,0x00000000000003e7,NORMALVM$,S-1-5-18,NT AUTHORITY,,0x0000000000000000,,0x00000000000003e7,,-,-,,,,,SYSTEM,S-1-5-18,,,,-,,,,,,%%1843,,,-
670,2026-04-01 16:31:54.275063+00:00,4672,Microsoft-Windows-Security-Auditing,,,,,,,,,,,,,,,,,,,,,,,,,,,,,,,,,,,,,,,,,,,,,,,,,,,,,,,,,,,,,,,,,,,,,,,,,,,,,,,,,,,,,"SeAssignPrimaryTokenPrivilege
			SeTcbPrivilege
			SeSecurityPrivilege
			SeTakeOwnershipPrivilege
			SeLoadDriverPrivilege
			SeBackupPrivilege
			SeRestorePrivilege
			SeDebugPrivilege
			SeAuditPrivilege
			SeSystemEnvironmentPrivilege
			SeImpersonatePrivilege
			SeDelegateSessionUserImpersonatePrivilege",,,,,,,,,,,,,,,,,,,,,NT AUTHORITY,0x00000000000003e7,SYSTEM,S-1-5-18,,,,,,,,,,,,,,,,,,,,,,,,,,,
671,2026-04-01 16:31:54.282814+00:00,4624,Microsoft-Windows-Security-Auditing,,,,,,,,,,Negotiate,,,,,,,,,,,,,,,%%1842,,,,,,,,,,,,%%1833,-,-,,,0,,,,-,,,,,{00000000-0000-0000-0000-000000000000},,Advapi  ,5,,,,,,,,,,,,,,,,,,,,,,,,,,,,,,,,,0x00000000000002e4,C:\Windows\System32\services.exe,,,,,,-,,,,,-,,,,,,,WORKGROUP,0x00000000000003e7,NORMALVM$,S-1-5-18,NT AUTHORITY,,0x0000000000000000,,0x00000000000003e7,,-,-,,,,,SYSTEM,S-1-5-18,,,,-,,,,,,%%1843,,,-
672,2026-04-01 16:31:54.282833+00:00,4672,Microsoft-Windows-Security-Auditing,,,,,,,,,,,,,,,,,,,,,,,,,,,,,,,,,,,,,,,,,,,,,,,,,,,,,,,,,,,,,,,,,,,,,,,,,,,,,,,,,,,,,"SeAssignPrimaryTokenPrivilege
			SeTcbPrivilege
			SeSecurityPrivilege
			SeTakeOwnershipPrivilege
			SeLoadDriverPrivilege
			SeBackupPrivilege
			SeRestorePrivilege
			SeDebugPrivilege
			SeAuditPrivilege
			SeSystemEnvironmentPrivilege
			SeImpersonatePrivilege
			SeDelegateSessionUserImpersonatePrivilege",,,,,,,,,,,,,,,,,,,,,NT AUTHORITY,0x00000000000003e7,SYSTEM,S-1-5-18,,,,,,,,,,,,,,,,,,,,,,,,,,,
673,2026-04-01 16:31:54.595293+00:00,4624,Microsoft-Windows-Security-Auditing,,,,,,,,,,Negotiate,,,,,,,,,,,,,,,%%1842,,,,,,,,,,,,%%1833,-,-,,,0,,,,-,,,,,{00000000-0000-0000-0000-000000000000},,Advapi  ,5,,,,,,,,,,,,,,,,,,,,,,,,,,,,,,,,,0x00000000000002e4,C:\Windows\System32\services.exe,,,,,,-,,,,,-,,,,,,,WORKGROUP,0x00000000000003e7,NORMALVM$,S-1-5-18,NT AUTHORITY,,0x0000000000000000,,0x00000000000003e7,,-,-,,,,,SYSTEM,S-1-5-18,,,,-,,,,,,%%1843,,,-
674,2026-04-01 16:31:54.595301+00:00,4672,Microsoft-Windows-Security-Auditing,,,,,,,,,,,,,,,,,,,,,,,,,,,,,,,,,,,,,,,,,,,,,,,,,,,,,,,,,,,,,,,,,,,,,,,,,,,,,,,,,,,,,"SeAssignPrimaryTokenPrivilege
			SeTcbPrivilege
			SeSecurityPrivilege
			SeTakeOwnershipPrivilege
			SeLoadDriverPrivilege
			SeBackupPrivilege
			SeRestorePrivilege
			SeDebugPrivilege
			SeAuditPrivilege
			SeSystemEnvironmentPrivilege
			SeImpersonatePrivilege
			SeDelegateSessionUserImpersonatePrivilege",,,,,,,,,,,,,,,,,,,,,NT AUTHORITY,0x00000000000003e7,SYSTEM,S-1-5-18,,,,,,,,,,,,,,,,,,,,,,,,,,,
675,2026-04-01 16:31:54.686127+00:00,4799,Microsoft-Windows-Security-Auditing,,,,,,,,,,,0x000000000000057c,C:\Windows\System32\svchost.exe,,,,,,,,,,,,,,,,,,,,,,,,,,,,,,,,,,,,,,,,,,,,,,,,,,,,,,,,,,,,,,,,,,,,,,,,,,,,,,,,,,,,,,,,,,,,,,WORKGROUP,0x00000000000003e4,NORMALVM$,S-1-5-20,Builtin,,,,,,,,,,,S-1-5-32-544,Administrators,,,,,,,,,,,,,,
676,2026-04-01 16:31:54.847141+00:00,4624,Microsoft-Windows-Security-Auditing,,,,,,,,,,Negotiate,,,,,,,,,,,,,,,%%1842,,,,,,,,,,,,%%1833,-,-,,,0,,,,-,,,,,{00000000-0000-0000-0000-000000000000},,Advapi  ,5,,,,,,,,,,,,,,,,,,,,,,,,,,,,,,,,,0x00000000000002e4,C:\Windows\System32\services.exe,,,,,,-,,,,,-,,,,,,,WORKGROUP,0x00000000000003e7,NORMALVM$,S-1-5-18,NT AUTHORITY,,0x0000000000000000,,0x00000000000003e7,,-,-,,,,,SYSTEM,S-1-5-18,,,,-,,,,,,%%1843,,,-
677,2026-04-01 16:31:54.847149+00:00,4672,Microsoft-Windows-Security-Auditing,,,,,,,,,,,,,,,,,,,,,,,,,,,,,,,,,,,,,,,,,,,,,,,,,,,,,,,,,,,,,,,,,,,,,,,,,,,,,,,,,,,,,"SeAssignPrimaryTokenPrivilege
			SeTcbPrivilege
			SeSecurityPrivilege
			SeTakeOwnershipPrivilege
			SeLoadDriverPrivilege
			SeBackupPrivilege
			SeRestorePrivilege
			SeDebugPrivilege
			SeAuditPrivilege
			SeSystemEnvironmentPrivilege
			SeImpersonatePrivilege
			SeDelegateSessionUserImpersonatePrivilege",,,,,,,,,,,,,,,,,,,,,NT AUTHORITY,0x00000000000003e7,SYSTEM,S-1-5-18,,,,,,,,,,,,,,,,,,,,,,,,,,,
678,2026-04-01 16:31:55.348785+00:00,4798,Microsoft-Windows-Security-Auditing,,,,,,,,,,,0x00000000000002ec,C:\Windows\System32\lsass.exe,,,,,,,,,,,,,,,,,,,,,,,,,,,,,,,,,,,,,,,,,,,,,,,,,,,,,,,,,,,,,,,,,,,,,,,,,,,,,,,,,,,,,,,,,,,,,,WORKGROUP,0x00000000000003e7,NORMALVM$,S-1-5-18,NormalVM,,,,,,,,,,,S-1-5-21-2352865859-2334931103-2005901029-1000,defaultuser0,,,,,,,,,,,,,,
679,2026-04-01 16:31:55.399904+00:00,4648,Microsoft-Windows-Security-Auditing,,,,,,,,,,,,,,,,,,,,,,,,,,,,,,,,,,,,,,127.0.0.1,0,,,,,,,,,,,,{00000000-0000-0000-0000-000000000000},,,,,,,,,,,,,,,,,,,,,,,,,,,,,,,,,,,,0x000000000000050c,C:\Windows\System32\svchost.exe,,,,,,,,,,,,,,,,,,WORKGROUP,0x00000000000003e7,NORMALVM$,S-1-5-18,NormalVM,localhost,,{00000000-0000-0000-0000-000000000000},,,,,,,localhost,,defaultuser0,,,,,,,,,,,,,,
680,2026-04-01 16:31:55.399916+00:00,4624,Microsoft-Windows-Security-Auditing,,,,,,,,,,Negotiate,,,,,,,,,,,,,,,%%1842,,,,,,,,,,,,%%1833,127.0.0.1,0,,,0,,,,-,,,,,{00000000-0000-0000-0000-000000000000},,User32 ,2,,,,,,,,,,,,,,,,,,,,,,,,,,,,,,,,,0x000000000000050c,C:\Windows\System32\svchost.exe,,,,,,-,,,,,-,,,,,,,WORKGROUP,0x00000000000003e7,NORMALVM$,S-1-5-18,NormalVM,,0x000000000001ebe2,,0x000000000001eb93,,-,-,,,,,defaultuser0,S-1-5-21-2352865859-2334931103-2005901029-1000,,,,-,,,,,,%%1843,,,NORMALVM
681,2026-04-01 16:31:55.399925+00:00,4624,Microsoft-Windows-Security-Auditing,,,,,,,,,,Negotiate,,,,,,,,,,,,,,,%%1843,,,,,,,,,,,,%%1833,127.0.0.1,0,,,0,,,,-,,,,,{00000000-0000-0000-0000-000000000000},,User32 ,2,,,,,,,,,,,,,,,,,,,,,,,,,,,,,,,,,0x000000000000050c,C:\Windows\System32\svchost.exe,,,,,,-,,,,,-,,,,,,,WORKGROUP,0x00000000000003e7,NORMALVM$,S-1-5-18,NormalVM,,0x000000000001eb93,,0x000000000001ebe2,,-,-,,,,,defaultuser0,S-1-5-21-2352865859-2334931103-2005901029-1000,,,,-,,,,,,%%1843,,,NORMALVM
682,2026-04-01 16:31:55.399929+00:00,4672,Microsoft-Windows-Security-Auditing,,,,,,,,,,,,,,,,,,,,,,,,,,,,,,,,,,,,,,,,,,,,,,,,,,,,,,,,,,,,,,,,,,,,,,,,,,,,,,,,,,,,,"SeSecurityPrivilege
			SeTakeOwnershipPrivilege
			SeLoadDriverPrivilege
			SeBackupPrivilege
			SeRestorePrivilege
			SeDebugPrivilege
			SeSystemEnvironmentPrivilege
			SeImpersonatePrivilege
			SeDelegateSessionUserImpersonatePrivilege",,,,,,,,,,,,,,,,,,,,,NormalVM,0x000000000001eb93,defaultuser0,S-1-5-21-2352865859-2334931103-2005901029-1000,,,,,,,,,,,,,,,,,,,,,,,,,,,
683,2026-04-01 16:31:55.452261+00:00,4624,Microsoft-Windows-Security-Auditing,,,,,,,,,,Negotiate,,,,,,,,,,,,,,,%%1842,,,,,,,,,,,,%%1833,-,-,,,0,,,,-,,,,,{00000000-0000-0000-0000-000000000000},,Advapi  ,5,,,,,,,,,,,,,,,,,,,,,,,,,,,,,,,,,0x00000000000002e4,C:\Windows\System32\services.exe,,,,,,-,,,,,-,,,,,,,WORKGROUP,0x00000000000003e7,NORMALVM$,S-1-5-18,NT AUTHORITY,,0x0000000000000000,,0x00000000000003e7,,-,-,,,,,SYSTEM,S-1-5-18,,,,-,,,,,,%%1843,,,-
684,2026-04-01 16:31:55.452267+00:00,4672,Microsoft-Windows-Security-Auditing,,,,,,,,,,,,,,,,,,,,,,,,,,,,,,,,,,,,,,,,,,,,,,,,,,,,,,,,,,,,,,,,,,,,,,,,,,,,,,,,,,,,,"SeAssignPrimaryTokenPrivilege
			SeTcbPrivilege
			SeSecurityPrivilege
			SeTakeOwnershipPrivilege
			SeLoadDriverPrivilege
			SeBackupPrivilege
			SeRestorePrivilege
			SeDebugPrivilege
			SeAuditPrivilege
			SeSystemEnvironmentPrivilege
			SeImpersonatePrivilege
			SeDelegateSessionUserImpersonatePrivilege",,,,,,,,,,,,,,,,,,,,,NT AUTHORITY,0x00000000000003e7,SYSTEM,S-1-5-18,,,,,,,,,,,,,,,,,,,,,,,,,,,
685,2026-04-01 16:31:55.740259+00:00,4624,Microsoft-Windows-Security-Auditing,,,,,,,,,,Negotiate,,,,,,,,,,,,,,,%%1842,,,,,,,,,,,,%%1833,-,-,,,0,,,,-,,,,,{00000000-0000-0000-0000-000000000000},,Advapi  ,5,,,,,,,,,,,,,,,,,,,,,,,,,,,,,,,,,0x00000000000002e4,C:\Windows\System32\services.exe,,,,,,-,,,,,-,,,,,,,WORKGROUP,0x00000000000003e7,NORMALVM$,S-1-5-18,NT AUTHORITY,,0x0000000000000000,,0x00000000000003e7,,-,-,,,,,SYSTEM,S-1-5-18,,,,-,,,,,,%%1843,,,-
686,2026-04-01 16:31:55.740261+00:00,4672,Microsoft-Windows-Security-Auditing,,,,,,,,,,,,,,,,,,,,,,,,,,,,,,,,,,,,,,,,,,,,,,,,,,,,,,,,,,,,,,,,,,,,,,,,,,,,,,,,,,,,,"SeAssignPrimaryTokenPrivilege
			SeTcbPrivilege
			SeSecurityPrivilege
			SeTakeOwnershipPrivilege
			SeLoadDriverPrivilege
			SeBackupPrivilege
			SeRestorePrivilege
			SeDebugPrivilege
			SeAuditPrivilege
			SeSystemEnvironmentPrivilege
			SeImpersonatePrivilege
			SeDelegateSessionUserImpersonatePrivilege",,,,,,,,,,,,,,,,,,,,,NT AUTHORITY,0x00000000000003e7,SYSTEM,S-1-5-18,,,,,,,,,,,,,,,,,,,,,,,,,,,
687,2026-04-01 16:31:55.820629+00:00,4624,Microsoft-Windows-Security-Auditing,,,,,,,,,,Negotiate,,,,,,,,,,,,,,,%%1842,,,,,,,,,,,,%%1833,-,-,,,0,,,,-,,,,,{00000000-0000-0000-0000-000000000000},,Advapi  ,5,,,,,,,,,,,,,,,,,,,,,,,,,,,,,,,,,0x00000000000002e4,C:\Windows\System32\services.exe,,,,,,-,,,,,-,,,,,,,WORKGROUP,0x00000000000003e7,NORMALVM$,S-1-5-18,NT AUTHORITY,,0x0000000000000000,,0x00000000000003e7,,-,-,,,,,SYSTEM,S-1-5-18,,,,-,,,,,,%%1843,,,-
688,2026-04-01 16:31:55.820633+00:00,4672,Microsoft-Windows-Security-Auditing,,,,,,,,,,,,,,,,,,,,,,,,,,,,,,,,,,,,,,,,,,,,,,,,,,,,,,,,,,,,,,,,,,,,,,,,,,,,,,,,,,,,,"SeAssignPrimaryTokenPrivilege
			SeTcbPrivilege
			SeSecurityPrivilege
			SeTakeOwnershipPrivilege
			SeLoadDriverPrivilege
			SeBackupPrivilege
			SeRestorePrivilege
			SeDebugPrivilege
			SeAuditPrivilege
			SeSystemEnvironmentPrivilege
			SeImpersonatePrivilege
			SeDelegateSessionUserImpersonatePrivilege",,,,,,,,,,,,,,,,,,,,,NT AUTHORITY,0x00000000000003e7,SYSTEM,S-1-5-18,,,,,,,,,,,,,,,,,,,,,,,,,,,
689,2026-04-01 16:31:55.899158+00:00,4624,Microsoft-Windows-Security-Auditing,,,,,,,,,,Negotiate,,,,,,,,,,,,,,,%%1842,,,,,,,,,,,,%%1833,-,-,,,0,,,,-,,,,,{00000000-0000-0000-0000-000000000000},,Advapi  ,5,,,,,,,,,,,,,,,,,,,,,,,,,,,,,,,,,0x00000000000002e4,C:\Windows\System32\services.exe,,,,,,-,,,,,-,,,,,,,WORKGROUP,0x00000000000003e7,NORMALVM$,S-1-5-18,NT AUTHORITY,,0x0000000000000000,,0x00000000000003e7,,-,-,,,,,SYSTEM,S-1-5-18,,,,-,,,,,,%%1843,,,-
690,2026-04-01 16:31:55.899164+00:00,4672,Microsoft-Windows-Security-Auditing,,,,,,,,,,,,,,,,,,,,,,,,,,,,,,,,,,,,,,,,,,,,,,,,,,,,,,,,,,,,,,,,,,,,,,,,,,,,,,,,,,,,,"SeAssignPrimaryTokenPrivilege
			SeTcbPrivilege
			SeSecurityPrivilege
			SeTakeOwnershipPrivilege
			SeLoadDriverPrivilege
			SeBackupPrivilege
			SeRestorePrivilege
			SeDebugPrivilege
			SeAuditPrivilege
			SeSystemEnvironmentPrivilege
			SeImpersonatePrivilege
			SeDelegateSessionUserImpersonatePrivilege",,,,,,,,,,,,,,,,,,,,,NT AUTHORITY,0x00000000000003e7,SYSTEM,S-1-5-18,,,,,,,,,,,,,,,,,,,,,,,,,,,
691,2026-04-01 16:31:56.070568+00:00,5033,Microsoft-Windows-Security-Auditing,,,,,,,,,,,,,,,,,,,,,,,,,,,,,,,,,,,,,,,,,,,,,,,,,,,,,,,,,,,,,,,,,,,,,,,,,,,,,,,,,,,,,,,,,,,,,,,,,,,,,,,,,,,,,,,,,,,,,,,,,,,,,,,,,,,,,,,,
692,2026-04-01 16:31:56.837421+00:00,4624,Microsoft-Windows-Security-Auditing,,,,,,,,,,Negotiate,,,,,,,,,,,,,,,%%1842,,,,,,,,,,,,%%1833,-,-,,,0,,,,-,,,,,{00000000-0000-0000-0000-000000000000},,Advapi  ,5,,,,,,,,,,,,,,,,,,,,,,,,,,,,,,,,,0x00000000000002e4,C:\Windows\System32\services.exe,,,,,,-,,,,,-,,,,,,,WORKGROUP,0x00000000000003e7,NORMALVM$,S-1-5-18,NT AUTHORITY,,0x0000000000000000,,0x00000000000003e7,,-,-,,,,,SYSTEM,S-1-5-18,,,,-,,,,,,%%1843,,,-
