2978,2026-04-01 17:17:47.835705+00:00,4624,Microsoft-Windows-Security-Auditing,,,,,,,,,,Negotiate,,,,,,,,,,,,,,,%%1842,,,,,,,,,,,,%%1833,-,-,,,0,,,,-,,,,,{00000000-0000-0000-0000-000000000000},,Advapi  ,5,,,,,,,,,,,,,,,,,,,,,,,,,,,,,,,,,0x00000000000002dc,C:\Windows\System32\services.exe,,,,,,-,,,,,-,,,,,,,WORKGROUP,0x00000000000003e7,NORMALVM$,S-1-5-18,NT AUTHORITY,,0x0000000000000000,,0x00000000000003e7,,-,-,,,,,SYSTEM,S-1-5-18,,,,-,,,,,,%%1843,,,-
2979,2026-04-01 17:17:47.835711+00:00,4672,Microsoft-Windows-Security-Auditing,,,,,,,,,,,,,,,,,,,,,,,,,,,,,,,,,,,,,,,,,,,,,,,,,,,,,,,,,,,,,,,,,,,,,,,,,,,,,,,,,,,,,"SeAssignPrimaryTokenPrivilege
			SeTcbPrivilege
			SeSecurityPrivilege
			SeTakeOwnershipPrivilege
			SeLoadDriverPrivilege
			SeBackupPrivilege
			SeRestorePrivilege
			SeDebugPrivilege
			SeAuditPrivilege
			SeSystemEnvironmentPrivilege
			SeImpersonatePrivilege
			SeDelegateSessionUserImpersonatePrivilege",,,,,,,,,,,,,,,,,,,,,NT AUTHORITY,0x00000000000003e7,SYSTEM,S-1-5-18,,,,,,,,,,,,,,,,,,,,,,,,,,,
2980,2026-04-01 17:17:47.921877+00:00,4624,Microsoft-Windows-Security-Auditing,,,,,,,,,,Negotiate,,,,,,,,,,,,,,,%%1842,,,,,,,,,,,,%%1833,-,-,,,0,,,,-,,,,,{00000000-0000-0000-0000-000000000000},,Advapi  ,5,,,,,,,,,,,,,,,,,,,,,,,,,,,,,,,,,0x00000000000002dc,C:\Windows\System32\services.exe,,,,,,-,,,,,-,,,,,,,WORKGROUP,0x00000000000003e7,NORMALVM$,S-1-5-18,NT AUTHORITY,,0x0000000000000000,,0x00000000000003e7,,-,-,,,,,SYSTEM,S-1-5-18,,,,-,,,,,,%%1843,,,-
2981,2026-04-01 17:17:47.921881+00:00,4672,Microsoft-Windows-Security-Auditing,,,,,,,,,,,,,,,,,,,,,,,,,,,,,,,,,,,,,,,,,,,,,,,,,,,,,,,,,,,,,,,,,,,,,,,,,,,,,,,,,,,,,"SeAssignPrimaryTokenPrivilege
			SeTcbPrivilege
			SeSecurityPrivilege
			SeTakeOwnershipPrivilege
			SeLoadDriverPrivilege
			SeBackupPrivilege
			SeRestorePrivilege
			SeDebugPrivilege
			SeAuditPrivilege
			SeSystemEnvironmentPrivilege
			SeImpersonatePrivilege
			SeDelegateSessionUserImpersonatePrivilege",,,,,,,,,,,,,,,,,,,,,NT AUTHORITY,0x00000000000003e7,SYSTEM,S-1-5-18,,,,,,,,,,,,,,,,,,,,,,,,,,,
2982,2026-04-01 17:17:49.664537+00:00,5024,Microsoft-Windows-Security-Auditing,,,,,,,,,,,,,,,,,,,,,,,,,,,,,,,,,,,,,,,,,,,,,,,,,,,,,,,,,,,,,,,,,,,,,,,,,,,,,,,,,,,,,,,,,,,,,,,,,,,,,,,,,,,,,,,,,,,,,,,,,,,,,,,,,,,,,,,,
2983,2026-04-01 17:17:50.881762+00:00,5058,Microsoft-Windows-Security-Auditing,,,,,,,,UNKNOWN,,,,,2026-04-01 17:17:44.844425+00:00,2432,,,,,,,,,,,,,,,,,,,,,,,,,,,C:\WINDOWS\ServiceProfiles\LocalService\AppData\Roaming\Microsoft\Crypto\Keys\0eb0245868b8b5f081fb1f6046f6da9e_8a77c4b8-41bd-4429-86d0-b73425f5c602,,{FA40AA61-56AD-4D7A-872C-680B22DEE5BB},%%2500,,,,,,,,,,,,,,,,,,,,,,,,,,,,,,,,,%%2458,,,,,,,,,,,,,Microsoft Software Key Storage Provider,,,,,,,,,,0x00000000,,,,,,NT AUTHORITY,0x00000000000003e5,LOCAL SERVICE,S-1-5-19,,,,,,,,,,,,,,,,,,,,,,,,,,,
2984,2026-04-01 17:17:50.882305+00:00,5061,Microsoft-Windows-Security-Auditing,,,,,,,,RSA,,,,,,,,,,,,,,,,,,,,,,,,,,,,,,,,,,,{FA40AA61-56AD-4D7A-872C-680B22DEE5BB},%%2500,,,,,,,,,,,,,,,,,,,,,,,,,,,,,,,,,%%2480,,,,,,,,,,,,,Microsoft Software Key Storage Provider,,,,,,,,,,0x00000000,,,,,,NT AUTHORITY,0x00000000000003e5,LOCAL SERVICE,S-1-5-19,,,,,,,,,,,,,,,,,,,,,,,,,,,
2985,2026-04-01 17:17:50.882397+00:00,5059,Microsoft-Windows-Security-Auditing,,,,,,,,RSA,,,,,2026-04-01 17:17:44.844425+00:00,2432,,,,,,,,,,,,,,,,,,,,,,,,,,,,,{FA40AA61-56AD-4D7A-872C-680B22DEE5BB},%%2500,,,,,,,,,,,,,,,,,,,,,,,,,,,,,,,,,%%2464,,,,,,,,,,,,,Microsoft Software Key Storage Provider,,,,,,,,,,0x00000000,,,,,,NT AUTHORITY,0x00000000000003e5,LOCAL SERVICE,S-1-5-19,,,,,,,,,,,,,,,,,,,,,,,,,,,
2986,2026-04-01 17:17:50.941448+00:00,5059,Microsoft-Windows-Security-Auditing,,,,,,,,RSA,,,,,2026-04-01 17:17:44.844425+00:00,2432,,,,,,,,,,,,,,,,,,,,,,,,,,,,,{FA40AA61-56AD-4D7A-872C-680B22DEE5BB},%%2500,,,,,,,,,,,,,,,,,,,,,,,,,,,,,,,,,%%2464,,,,,,,,,,,,,Microsoft Software Key Storage Provider,,,,,,,,,,0x00000000,,,,,,NT AUTHORITY,0x00000000000003e5,LOCAL SERVICE,S-1-5-19,,,,,,,,,,,,,,,,,,,,,,,,,,,
2987,2026-04-01 17:17:50.961094+00:00,4624,Microsoft-Windows-Security-Auditing,,,,,,,,,,Negotiate,,,,,,,,,,,,,,,%%1842,,,,,,,,,,,,%%1833,-,-,,,0,,,,-,,,,,{00000000-0000-0000-0000-000000000000},,Advapi  ,5,,,,,,,,,,,,,,,,,,,,,,,,,,,,,,,,,0x00000000000002dc,C:\Windows\System32\services.exe,,,,,,-,,,,,-,,,,,,,WORKGROUP,0x00000000000003e7,NORMALVM$,S-1-5-18,NT AUTHORITY,,0x0000000000000000,,0x00000000000003e7,,-,-,,,,,SYSTEM,S-1-5-18,,,,-,,,,,,%%1843,,,-
2988,2026-04-01 17:17:50.961098+00:00,4672,Microsoft-Windows-Security-Auditing,,,,,,,,,,,,,,,,,,,,,,,,,,,,,,,,,,,,,,,,,,,,,,,,,,,,,,,,,,,,,,,,,,,,,,,,,,,,,,,,,,,,,"SeAssignPrimaryTokenPrivilege
			SeTcbPrivilege
			SeSecurityPrivilege
			SeTakeOwnershipPrivilege
			SeLoadDriverPrivilege
			SeBackupPrivilege
			SeRestorePrivilege
			SeDebugPrivilege
			SeAuditPrivilege
			SeSystemEnvironmentPrivilege
			SeImpersonatePrivilege
			SeDelegateSessionUserImpersonatePrivilege",,,,,,,,,,,,,,,,,,,,,NT AUTHORITY,0x00000000000003e7,SYSTEM,S-1-5-18,,,,,,,,,,,,,,,,,,,,,,,,,,,
2989,2026-04-01 17:17:50.978443+00:00,4738,Microsoft-Windows-Security-Auditing,,,,,,-,,,-,,,,,,,,,,pizza hut,,,,,-,,,,,,,-,-,,,,,,,,,,,,,,,,,,,,-,,,,,,,,,,,,,,,,,-,,,,,,,-,,,,,-,,,-,-,,,,-,,,,,,,,,,,,-,,,-,-,WORKGROUP,0x00000000000003e7,NORMALVM$,S-1-5-18,NormalVM,,,,,,,,,,,S-1-5-21-2352865859-2334931103-2005901029-1001,pizza,,,,,,,-,-,-,-,,,,
2990,2026-04-01 17:17:50.985662+00:00,4648,Microsoft-Windows-Security-Auditing,,,,,,,,,,,,,,,,,,,,,,,,,,,,,,,,,,,,,,127.0.0.1,0,,,,,,,,,,,,{00000000-0000-0000-0000-000000000000},,,,,,,,,,,,,,,,,,,,,,,,,,,,,,,,,,,,0x00000000000005b8,C:\Windows\System32\svchost.exe,,,,,,,,,,,,,,,,,,WORKGROUP,0x00000000000003e7,NORMALVM$,S-1-5-18,MicrosoftAccount,localhost,,{00000000-0000-0000-0000-000000000000},,,,,,,localhost,,pizzahuthacker@gmail.com,,,,,,,,,,,,,,
2991,2026-04-01 17:17:50.985683+00:00,4624,Microsoft-Windows-Security-Auditing,,,,,,,,,,Negotiate,,,,,,,,,,,,,,,%%1842,,,,,,,,,,,,%%1833,127.0.0.1,0,,,0,,,,-,,,,,{00000000-0000-0000-0000-000000000000},,User32 ,11,,,,,,,,,,,,,,,,,,,,,,,,,,,,,,,,,0x00000000000005b8,C:\Windows\System32\svchost.exe,,,,,,-,,,,,-,,,,,,,WORKGROUP,0x00000000000003e7,NORMALVM$,S-1-5-18,MicrosoftAccount,,0x000000000003f7ec,,0x000000000003f7ae,,-,-,,,,,pizzahuthacker@gmail.com,S-1-5-21-2352865859-2334931103-2005901029-1001,,,,-,,,,,,%%1843,,,NORMALVM
2992,2026-04-01 17:17:50.985693+00:00,4624,Microsoft-Windows-Security-Auditing,,,,,,,,,,Negotiate,,,,,,,,,,,,,,,%%1843,,,,,,,,,,,,%%1833,127.0.0.1,0,,,0,,,,-,,,,,{00000000-0000-0000-0000-000000000000},,User32 ,11,,,,,,,,,,,,,,,,,,,,,,,,,,,,,,,,,0x00000000000005b8,C:\Windows\System32\svchost.exe,,,,,,-,,,,,-,,,,,,,WORKGROUP,0x00000000000003e7,NORMALVM$,S-1-5-18,MicrosoftAccount,,0x000000000003f7ae,,0x000000000003f7ec,,-,-,,,,,pizzahuthacker@gmail.com,S-1-5-21-2352865859-2334931103-2005901029-1001,,,,-,,,,,,%%1843,,,NORMALVM
2993,2026-04-01 17:17:50.985697+00:00,4672,Microsoft-Windows-Security-Auditing,,,,,,,,,,,,,,,,,,,,,,,,,,,,,,,,,,,,,,,,,,,,,,,,,,,,,,,,,,,,,,,,,,,,,,,,,,,,,,,,,,,,,"SeSecurityPrivilege
			SeTakeOwnershipPrivilege
			SeLoadDriverPrivilege
			SeBackupPrivilege
			SeRestorePrivilege
			SeDebugPrivilege
			SeSystemEnvironmentPrivilege
			SeImpersonatePrivilege
			SeDelegateSessionUserImpersonatePrivilege",,,,,,,,,,,,,,,,,,,,,MicrosoftAccount,0x000000000003f7ae,pizzahuthacker@gmail.com,S-1-5-21-2352865859-2334931103-2005901029-1001,,,,,,,,,,,,,,,,,,,,,,,,,,,
2994,2026-04-01 17:17:51.027679+00:00,5059,Microsoft-Windows-Security-Auditing,,,,,,,,RSA,,,,,2026-04-01 17:17:44.844425+00:00,2432,,,,,,,,,,,,,,,,,,,,,,,,,,,,,{FA40AA61-56AD-4D7A-872C-680B22DEE5BB},%%2500,,,,,,,,,,,,,,,,,,,,,,,,,,,,,,,,,%%2464,,,,,,,,,,,,,Microsoft Software Key Storage Provider,,,,,,,,,,0x00000000,,,,,,NT AUTHORITY,0x00000000000003e5,LOCAL SERVICE,S-1-5-19,,,,,,,,,,,,,,,,,,,,,,,,,,,
2995,2026-04-01 17:17:51.035826+00:00,5059,Microsoft-Windows-Security-Auditing,,,,,,,,RSA,,,,,2026-04-01 17:17:44.844425+00:00,2432,,,,,,,,,,,,,,,,,,,,,,,,,,,,,{FA40AA61-56AD-4D7A-872C-680B22DEE5BB},%%2500,,,,,,,,,,,,,,,,,,,,,,,,,,,,,,,,,%%2464,,,,,,,,,,,,,Microsoft Software Key Storage Provider,,,,,,,,,,0x00000000,,,,,,NT AUTHORITY,0x00000000000003e5,LOCAL SERVICE,S-1-5-19,,,,,,,,,,,,,,,,,,,,,,,,,,,
2996,2026-04-01 17:17:51.199820+00:00,4799,Microsoft-Windows-Security-Auditing,,,,,,,,,,,0x0000000000000528,C:\Windows\System32\svchost.exe,,,,,,,,,,,,,,,,,,,,,,,,,,,,,,,,,,,,,,,,,,,,,,,,,,,,,,,,,,,,,,,,,,,,,,,,,,,,,,,,,,,,,,,,,,,,,,WORKGROUP,0x00000000000003e7,NORMALVM$,S-1-5-18,Builtin,,,,,,,,,,,S-1-5-32-544,Administrators,,,,,,,,,,,,,,
2997,2026-04-01 17:17:51.205578+00:00,4624,Microsoft-Windows-Security-Auditing,,,,,,,,,,Negotiate,,,,,,,,,,,,,,,%%1842,,,,,,,,,,,,%%1833,-,-,,,0,,,,-,,,,,{00000000-0000-0000-0000-000000000000},,Advapi  ,5,,,,,,,,,,,,,,,,,,,,,,,,,,,,,,,,,0x00000000000002dc,C:\Windows\System32\services.exe,,,,,,-,,,,,-,,,,,,,WORKGROUP,0x00000000000003e7,NORMALVM$,S-1-5-18,NT AUTHORITY,,0x0000000000000000,,0x00000000000003e7,,-,-,,,,,SYSTEM,S-1-5-18,,,,-,,,,,,%%1843,,,-
2998,2026-04-01 17:17:51.205584+00:00,4672,Microsoft-Windows-Security-Auditing,,,,,,,,,,,,,,,,,,,,,,,,,,,,,,,,,,,,,,,,,,,,,,,,,,,,,,,,,,,,,,,,,,,,,,,,,,,,,,,,,,,,,"SeAssignPrimaryTokenPrivilege
			SeTcbPrivilege
			SeSecurityPrivilege
			SeTakeOwnershipPrivilege
			SeLoadDriverPrivilege
			SeBackupPrivilege
			SeRestorePrivilege
			SeDebugPrivilege
			SeAuditPrivilege
			SeSystemEnvironmentPrivilege
			SeImpersonatePrivilege
			SeDelegateSessionUserImpersonatePrivilege",,,,,,,,,,,,,,,,,,,,,NT AUTHORITY,0x00000000000003e7,SYSTEM,S-1-5-18,,,,,,,,,,,,,,,,,,,,,,,,,,,
2999,2026-04-01 17:17:51.350269+00:00,4624,Microsoft-Windows-Security-Auditing,,,,,,,,,,Negotiate,,,,,,,,,,,,,,,%%1842,,,,,,,,,,,,%%1833,-,-,,,0,,,,-,,,,,{00000000-0000-0000-0000-000000000000},,Advapi  ,5,,,,,,,,,,,,,,,,,,,,,,,,,,,,,,,,,0x00000000000002dc,C:\Windows\System32\services.exe,,,,,,-,,,,,-,,,,,,,WORKGROUP,0x00000000000003e7,NORMALVM$,S-1-5-18,NT AUTHORITY,,0x0000000000000000,,0x00000000000003e7,,-,-,,,,,SYSTEM,S-1-5-18,,,,-,,,,,,%%1843,,,-
3000,2026-04-01 17:17:51.350275+00:00,4672,Microsoft-Windows-Security-Auditing,,,,,,,,,,,,,,,,,,,,,,,,,,,,,,,,,,,,,,,,,,,,,,,,,,,,,,,,,,,,,,,,,,,,,,,,,,,,,,,,,,,,,"SeAssignPrimaryTokenPrivilege
			SeTcbPrivilege
			SeSecurityPrivilege
			SeTakeOwnershipPrivilege
			SeLoadDriverPrivilege
			SeBackupPrivilege
			SeRestorePrivilege
			SeDebugPrivilege
			SeAuditPrivilege
			SeSystemEnvironmentPrivilege
			SeImpersonatePrivilege
			SeDelegateSessionUserImpersonatePrivilege",,,,,,,,,,,,,,,,,,,,,NT AUTHORITY,0x00000000000003e7,SYSTEM,S-1-5-18,,,,,,,,,,,,,,,,,,,,,,,,,,,
3001,2026-04-01 17:17:51.680189+00:00,4624,Microsoft-Windows-Security-Auditing,,,,,,,,,,Negotiate,,,,,,,,,,,,,,,%%1842,,,,,,,,,,,,%%1833,-,-,,,0,,,,-,,,,,{00000000-0000-0000-0000-000000000000},,Advapi  ,5,,,,,,,,,,,,,,,,,,,,,,,,,,,,,,,,,0x00000000000002dc,C:\Windows\System32\services.exe,,,,,,-,,,,,-,,,,,,,WORKGROUP,0x00000000000003e7,NORMALVM$,S-1-5-18,NT AUTHORITY,,0x0000000000000000,,0x00000000000003e7,,-,-,,,,,SYSTEM,S-1-5-18,,,,-,,,,,,%%1843,,,-
3002,2026-04-01 17:17:51.680195+00:00,4672,Microsoft-Windows-Security-Auditing,,,,,,,,,,,,,,,,,,,,,,,,,,,,,,,,,,,,,,,,,,,,,,,,,,,,,,,,,,,,,,,,,,,,,,,,,,,,,,,,,,,,,"SeAssignPrimaryTokenPrivilege
			SeTcbPrivilege
			SeSecurityPrivilege
			SeTakeOwnershipPrivilege
			SeLoadDriverPrivilege
			SeBackupPrivilege
			SeRestorePrivilege
			SeDebugPrivilege
			SeAuditPrivilege
			SeSystemEnvironmentPrivilege
			SeImpersonatePrivilege
			SeDelegateSessionUserImpersonatePrivilege",,,,,,,,,,,,,,,,,,,,,NT AUTHORITY,0x00000000000003e7,SYSTEM,S-1-5-18,,,,,,,,,,,,,,,,,,,,,,,,,,,
3003,2026-04-01 17:17:51.688946+00:00,5379,Microsoft-Windows-Security-Auditing,,,,,,,,,,,,,,3780,,,0,,,,,,,,,,,,,,,,,,,,,,,,,,,,,,,,,,,,,,,,,,,,,,,,,,,,,,,,,,,,,,,,,,,,,2026-04-01 17:17:51.206451+00:00,,,,,,,%%8100,,,,,,,3221226021,,,,,,WORKGROUP,0x00000000000003e7,NORMALVM$,S-1-5-18,,,,,,WindowsLive:(token):name=02gbacshevaotnyn;serviceuri=*,,,,,,,,,,,,,0,,,,,,,,
3004,2026-04-01 17:17:51.699451+00:00,5379,Microsoft-Windows-Security-Auditing,,,,,,,,,,,,,,3780,,,0,,,,,,,,,,,,,,,,,,,,,,,,,,,,,,,,,,,,,,,,,,,,,,,,,,,,,,,,,,,,,,,,,,,,,2026-04-01 17:17:51.206451+00:00,,,,,,,%%8100,,,,,,,3221226021,,,,,,WORKGROUP,0x00000000000003e7,NORMALVM$,S-1-5-18,,,,,,WindowsLive:(cert):name=02gbacshevaotnyn;serviceuri=*,,,,,,,,,,,,,0,,,,,,,,
3005,2026-04-01 17:17:51.699554+00:00,5379,Microsoft-Windows-Security-Auditing,,,,,,,,,,,,,,3780,,,1,,,,,,,,,,,,,,,,,,,,,,,,,,,,,,,,,,,,,,,,,,,,,,,,,,,,,,,,,,,,,,,,,,,,,2026-04-01 17:17:51.206451+00:00,,,,,,,%%8100,,,,,,,0,,,,,,WORKGROUP,0x00000000000003e7,NORMALVM$,S-1-5-18,,,,,,WindowsLive:target=virtualapp/didlogical,,,,,,,,,,,,,0,,,,,,,,
3006,2026-04-01 17:17:51.755341+00:00,5379,Microsoft-Windows-Security-Auditing,,,,,,,,,,,,,,3780,,,0,,,,,,,,,,,,,,,,,,,,,,,,,,,,,,,,,,,,,,,,,,,,,,,,,,,,,,,,,,,,,,,,,,,,,2026-04-01 17:17:51.206451+00:00,,,,,,,%%8100,,,,,,,3221226021,,,,,,NORMALVM,0x000000000003f7ec,pizza,S-1-5-21-2352865859-2334931103-2005901029-1001,,,,,,WindowsLive:(token):name=02hajktffambuots;serviceuri=*,,,,,,,,,,,,,0,,,,,,,,
3007,2026-04-01 17:17:51.779482+00:00,5379,Microsoft-Windows-Security-Auditing,,,,,,,,,,,,,,3780,,,0,,,,,,,,,,,,,,,,,,,,,,,,,,,,,,,,,,,,,,,,,,,,,,,,,,,,,,,,,,,,,,,,,,,,,2026-04-01 17:17:51.206451+00:00,,,,,,,%%8100,,,,,,,3221226021,,,,,,NORMALVM,0x000000000003f7ec,pizza,S-1-5-21-2352865859-2334931103-2005901029-1001,,,,,,WindowsLive:(cert):name=02hajktffambuots;serviceuri=*,,,,,,,,,,,,,0,,,,,,,,
3008,2026-04-01 17:17:51.779533+00:00,5379,Microsoft-Windows-Security-Auditing,,,,,,,,,,,,,,3780,,,1,,,,,,,,,,,,,,,,,,,,,,,,,,,,,,,,,,,,,,,,,,,,,,,,,,,,,,,,,,,,,,,,,,,,,2026-04-01 17:17:51.206451+00:00,,,,,,,%%8100,,,,,,,0,,,,,,NORMALVM,0x000000000003f7ec,pizza,S-1-5-21-2352865859-2334931103-2005901029-1001,,,,,,WindowsLive:target=virtualapp/didlogical,,,,,,,,,,,,,0,,,,,,,,
3009,2026-04-01 17:17:51.781027+00:00,5379,Microsoft-Windows-Security-Auditing,,,,,,,,,,,,,,3780,,,1,,,,,,,,,,,,,,,,,,,,,,,,,,,,,,,,,,,,,,,,,,,,,,,,,,,,,,,,,,,,,,,,,,,,,2026-04-01 17:17:51.206451+00:00,,,,,,,%%8100,,,,,,,0,,,,,,NORMALVM,0x000000000003f7ec,pizza,S-1-5-21-2352865859-2334931103-2005901029-1001,,,,,,MicrosoftAccount:user=pizzahuthacker@gmail.com,,,,,,,,,,,,,0,,,,,,,,
3010,2026-04-01 17:17:51.783403+00:00,5379,Microsoft-Windows-Security-Auditing,,,,,,,,,,,,,,3780,,,0,,,,,,,,,,,,,,,,,,,,,,,,,,,,,,,,,,,,,,,,,,,,,,,,,,,,,,,,,,,,,,,,,,,,,2026-04-01 17:17:51.206451+00:00,,,,,,,%%8100,,,,,,,3221226021,,,,,,NORMALVM,0x000000000003f7ec,pizza,S-1-5-21-2352865859-2334931103-2005901029-1001,,,,,,WindowsLive:(token):name=pizzahuthacker@gmail.com;serviceuri=*,,,,,,,,,,,,,0,,,,,,,,
3011,2026-04-01 17:17:51.783548+00:00,5379,Microsoft-Windows-Security-Auditing,,,,,,,,,,,,,,3780,,,0,,,,,,,,,,,,,,,,,,,,,,,,,,,,,,,,,,,,,,,,,,,,,,,,,,,,,,,,,,,,,,,,,,,,,2026-04-01 17:17:51.206451+00:00,,,,,,,%%8100,,,,,,,3221226021,,,,,,NORMALVM,0x000000000003f7ec,pizza,S-1-5-21-2352865859-2334931103-2005901029-1001,,,,,,WindowsLive:(cert):name=pizzahuthacker@gmail.com;serviceuri=*,,,,,,,,,,,,,0,,,,,,,,
3012,2026-04-01 17:17:53.053459+00:00,5379,Microsoft-Windows-Security-Auditing,,,,,,,,,,,,,,3780,,,0,,,,,,,,,,,,,,,,,,,,,,,,,,,,,,,,,,,,,,,,,,,,,,,,,,,,,,,,,,,,,,,,,,,,,2026-04-01 17:17:51.206451+00:00,,,,,,,%%8100,,,,,,,3221226021,,,,,,WORKGROUP,0x00000000000003e7,NORMALVM$,S-1-5-18,,,,,,MicrosoftAccount:user=pizzahuthacker@gmail.com,,,,,,,,,,,,,0,,,,,,,,
3013,2026-04-01 17:17:53.291822+00:00,5058,Microsoft-Windows-Security-Auditing,,,,,,,,UNKNOWN,,,,,2026-04-01 17:17:51.206451+00:00,3780,,,,,,,,,,,,,,,,,,,,,,,,,,,C:\ProgramData\Microsoft\Crypto\SystemKeys\828eb33a7aed77df3716aee830c7e2eb_8a77c4b8-41bd-4429-86d0-b73425f5c602,,9f5a31e8-3549-f7b8-f132-cbb245ba36e0,%%2500,,,,,,,,,,,,,,,,,,,,,,,,,,,,,,,,,%%2458,,,,,,,,,,,,,Microsoft Software Key Storage Provider,,,,,,,,,,0x00000000,,,,,,WORKGROUP,0x00000000000003e7,NORMALVM$,S-1-5-18,,,,,,,,,,,,,,,,,,,,,,,,,,,
3014,2026-04-01 17:17:53.292065+00:00,5061,Microsoft-Windows-Security-Auditing,,,,,,,,RSA,,,,,,,,,,,,,,,,,,,,,,,,,,,,,,,,,,,9f5a31e8-3549-f7b8-f132-cbb245ba36e0,%%2500,,,,,,,,,,,,,,,,,,,,,,,,,,,,,,,,,%%2480,,,,,,,,,,,,,Microsoft Software Key Storage Provider,,,,,,,,,,0x00000000,,,,,,WORKGROUP,0x00000000000003e7,NORMALVM$,S-1-5-18,,,,,,,,,,,,,,,,,,,,,,,,,,,
3015,2026-04-01 17:17:53.292082+00:00,5059,Microsoft-Windows-Security-Auditing,,,,,,,,RSA,,,,,2026-04-01 17:17:51.206451+00:00,3780,,,,,,,,,,,,,,,,,,,,,,,,,,,,,9f5a31e8-3549-f7b8-f132-cbb245ba36e0,%%2500,,,,,,,,,,,,,,,,,,,,,,,,,,,,,,,,,%%2464,,,,,,,,,,,,,Microsoft Software Key Storage Provider,,,,,,,,,,0x00000000,,,,,,WORKGROUP,0x00000000000003e7,NORMALVM$,S-1-5-18,,,,,,,,,,,,,,,,,,,,,,,,,,,
3016,2026-04-01 17:17:53.417786+00:00,5058,Microsoft-Windows-Security-Auditing,,,,,,,,UNKNOWN,,,,,2026-04-01 17:17:51.396048+00:00,3888,,,,,,,,,,,,,,,,,,,,,,,,,,,C:\Users\pizza\AppData\Roaming\Microsoft\Crypto\Keys\de7cf8a7901d2ad13e5c67c29e5d1662_8a77c4b8-41bd-4429-86d0-b73425f5c602,,Microsoft Connected Devices Platform device certificate,%%2500,,,,,,,,,,,,,,,,,,,,,,,,,,,,,,,,,%%2458,,,,,,,,,,,,,Microsoft Software Key Storage Provider,,,,,,,,,,0x00000000,,,,,,NORMALVM,0x000000000003f7ec,pizza,S-1-5-21-2352865859-2334931103-2005901029-1001,,,,,,,,,,,,,,,,,,,,,,,,,,,
3017,2026-04-01 17:17:53.418451+00:00,5061,Microsoft-Windows-Security-Auditing,,,,,,,,ECDSA_P256,,,,,,,,,,,,,,,,,,,,,,,,,,,,,,,,,,,Microsoft Connected Devices Platform device certificate,%%2500,,,,,,,,,,,,,,,,,,,,,,,,,,,,,,,,,%%2480,,,,,,,,,,,,,Microsoft Software Key Storage Provider,,,,,,,,,,0x00000000,,,,,,NORMALVM,0x000000000003f7ec,pizza,S-1-5-21-2352865859-2334931103-2005901029-1001,,,,,,,,,,,,,,,,,,,,,,,,,,,
3018,2026-04-01 17:17:53.419231+00:00,5059,Microsoft-Windows-Security-Auditing,,,,,,,,ECDSA_P256,,,,,2026-04-01 17:17:51.396048+00:00,3888,,,,,,,,,,,,,,,,,,,,,,,,,,,,,Microsoft Connected Devices Platform device certificate,%%2500,,,,,,,,,,,,,,,,,,,,,,,,,,,,,,,,,%%2464,,,,,,,,,,,,,Microsoft Software Key Storage Provider,,,,,,,,,,0x00000000,,,,,,NORMALVM,0x000000000003f7ec,pizza,S-1-5-21-2352865859-2334931103-2005901029-1001,,,,,,,,,,,,,,,,,,,,,,,,,,,
3019,2026-04-01 17:17:53.723541+00:00,5379,Microsoft-Windows-Security-Auditing,,,,,,,,,,,,,,3780,,,0,,,,,,,,,,,,,,,,,,,,,,,,,,,,,,,,,,,,,,,,,,,,,,,,,,,,,,,,,,,,,,,,,,,,,2026-04-01 17:17:51.206451+00:00,,,,,,,%%8100,,,,,,,3221226021,,,,,,WORKGROUP,0x00000000000003e7,NORMALVM$,S-1-5-18,,,,,,MicrosoftAccount:user=pizzahuthacker@gmail.com,,,,,,,,,,,,,0,,,,,,,,
3020,2026-04-01 17:17:53.724028+00:00,5379,Microsoft-Windows-Security-Auditing,,,,,,,,,,,,,,3780,,,0,,,,,,,,,,,,,,,,,,,,,,,,,,,,,,,,,,,,,,,,,,,,,,,,,,,,,,,,,,,,,,,,,,,,,2026-04-01 17:17:51.206451+00:00,,,,,,,%%8100,,,,,,,3221226021,,,,,,WORKGROUP,0x00000000000003e7,NORMALVM$,S-1-5-18,,,,,,MicrosoftAccount:user=pizzahuthacker@gmail.com,,,,,,,,,,,,,0,,,,,,,,
3021,2026-04-01 17:17:53.724457+00:00,5379,Microsoft-Windows-Security-Auditing,,,,,,,,,,,,,,3780,,,0,,,,,,,,,,,,,,,,,,,,,,,,,,,,,,,,,,,,,,,,,,,,,,,,,,,,,,,,,,,,,,,,,,,,,2026-04-01 17:17:51.206451+00:00,,,,,,,%%8100,,,,,,,3221226021,,,,,,WORKGROUP,0x00000000000003e7,NORMALVM$,S-1-5-18,,,,,,MicrosoftAccount:user=pizzahuthacker@gmail.com,,,,,,,,,,,,,0,,,,,,,,
3022,2026-04-01 17:17:53.724592+00:00,5379,Microsoft-Windows-Security-Auditing,,,,,,,,,,,,,,3780,,,0,,,,,,,,,,,,,,,,,,,,,,,,,,,,,,,,,,,,,,,,,,,,,,,,,,,,,,,,,,,,,,,,,,,,,2026-04-01 17:17:51.206451+00:00,,,,,,,%%8100,,,,,,,3221226021,,,,,,WORKGROUP,0x00000000000003e7,NORMALVM$,S-1-5-18,,,,,,MicrosoftAccount:user=pizzahuthacker@gmail.com,,,,,,,,,,,,,0,,,,,,,,
3023,2026-04-01 17:17:53.724695+00:00,5379,Microsoft-Windows-Security-Auditing,,,,,,,,,,,,,,3780,,,0,,,,,,,,,,,,,,,,,,,,,,,,,,,,,,,,,,,,,,,,,,,,,,,,,,,,,,,,,,,,,,,,,,,,,2026-04-01 17:17:51.206451+00:00,,,,,,,%%8100,,,,,,,3221226021,,,,,,WORKGROUP,0x00000000000003e7,NORMALVM$,S-1-5-18,,,,,,MicrosoftAccount:user=pizzahuthacker@gmail.com,,,,,,,,,,,,,0,,,,,,,,
3024,2026-04-01 17:17:53.725101+00:00,5379,Microsoft-Windows-Security-Auditing,,,,,,,,,,,,,,3780,,,0,,,,,,,,,,,,,,,,,,,,,,,,,,,,,,,,,,,,,,,,,,,,,,,,,,,,,,,,,,,,,,,,,,,,,2026-04-01 17:17:51.206451+00:00,,,,,,,%%8100,,,,,,,3221226021,,,,,,WORKGROUP,0x00000000000003e7,NORMALVM$,S-1-5-18,,,,,,MicrosoftAccount:user=pizzahuthacker@gmail.com,,,,,,,,,,,,,0,,,,,,,,
3025,2026-04-01 17:17:53.725271+00:00,5379,Microsoft-Windows-Security-Auditing,,,,,,,,,,,,,,3780,,,0,,,,,,,,,,,,,,,,,,,,,,,,,,,,,,,,,,,,,,,,,,,,,,,,,,,,,,,,,,,,,,,,,,,,,2026-04-01 17:17:51.206451+00:00,,,,,,,%%8100,,,,,,,3221226021,,,,,,WORKGROUP,0x00000000000003e7,NORMALVM$,S-1-5-18,,,,,,MicrosoftAccount:user=pizzahuthacker@gmail.com,,,,,,,,,,,,,0,,,,,,,,
3026,2026-04-01 17:17:53.725334+00:00,5379,Microsoft-Windows-Security-Auditing,,,,,,,,,,,,,,3780,,,0,,,,,,,,,,,,,,,,,,,,,,,,,,,,,,,,,,,,,,,,,,,,,,,,,,,,,,,,,,,,,,,,,,,,,2026-04-01 17:17:51.206451+00:00,,,,,,,%%8100,,,,,,,3221226021,,,,,,WORKGROUP,0x00000000000003e7,NORMALVM$,S-1-5-18,,,,,,MicrosoftAccount:user=pizzahuthacker@gmail.com,,,,,,,,,,,,,0,,,,,,,,
3027,2026-04-01 17:17:53.750990+00:00,5058,Microsoft-Windows-Security-Auditing,,,,,,,,UNKNOWN,,,,,2026-04-01 17:17:51.206451+00:00,3780,,,,,,,,,,,,,,,,,,,,,,,,,,,C:\ProgramData\Microsoft\Crypto\SystemKeys\828eb33a7aed77df3716aee830c7e2eb_8a77c4b8-41bd-4429-86d0-b73425f5c602,,9f5a31e8-3549-f7b8-f132-cbb245ba36e0,%%2500,,,,,,,,,,,,,,,,,,,,,,,,,,,,,,,,,%%2458,,,,,,,,,,,,,Microsoft Software Key Storage Provider,,,,,,,,,,0x00000000,,,,,,WORKGROUP,0x00000000000003e7,NORMALVM$,S-1-5-18,,,,,,,,,,,,,,,,,,,,,,,,,,,
3028,2026-04-01 17:17:53.751289+00:00,5061,Microsoft-Windows-Security-Auditing,,,,,,,,RSA,,,,,,,,,,,,,,,,,,,,,,,,,,,,,,,,,,,9f5a31e8-3549-f7b8-f132-cbb245ba36e0,%%2500,,,,,,,,,,,,,,,,,,,,,,,,,,,,,,,,,%%2480,,,,,,,,,,,,,Microsoft Software Key Storage Provider,,,,,,,,,,0x00000000,,,,,,WORKGROUP,0x00000000000003e7,NORMALVM$,S-1-5-18,,,,,,,,,,,,,,,,,,,,,,,,,,,
3029,2026-04-01 17:17:53.754459+00:00,5379,Microsoft-Windows-Security-Auditing,,,,,,,,,,,,,,3780,,,0,,,,,,,,,,,,,,,,,,,,,,,,,,,,,,,,,,,,,,,,,,,,,,,,,,,,,,,,,,,,,,,,,,,,,2026-04-01 17:17:51.206451+00:00,,,,,,,%%8100,,,,,,,3221226021,,,,,,WORKGROUP,0x00000000000003e7,NORMALVM$,S-1-5-18,,,,,,MicrosoftAccount:user=pizzahuthacker@gmail.com,,,,,,,,,,,,,0,,,,,,,,
3030,2026-04-01 17:17:53.754507+00:00,5379,Microsoft-Windows-Security-Auditing,,,,,,,,,,,,,,3780,,,0,,,,,,,,,,,,,,,,,,,,,,,,,,,,,,,,,,,,,,,,,,,,,,,,,,,,,,,,,,,,,,,,,,,,,2026-04-01 17:17:51.206451+00:00,,,,,,,%%8100,,,,,,,3221226021,,,,,,WORKGROUP,0x00000000000003e7,NORMALVM$,S-1-5-18,,,,,,MicrosoftAccount:user=pizzahuthacker@gmail.com,,,,,,,,,,,,,0,,,,,,,,
3031,2026-04-01 17:17:53.754536+00:00,5379,Microsoft-Windows-Security-Auditing,,,,,,,,,,,,,,3780,,,0,,,,,,,,,,,,,,,,,,,,,,,,,,,,,,,,,,,,,,,,,,,,,,,,,,,,,,,,,,,,,,,,,,,,,2026-04-01 17:17:51.206451+00:00,,,,,,,%%8100,,,,,,,3221226021,,,,,,WORKGROUP,0x00000000000003e7,NORMALVM$,S-1-5-18,,,,,,MicrosoftAccount:user=pizzahuthacker@gmail.com,,,,,,,,,,,,,0,,,,,,,,
3032,2026-04-01 17:17:53.754562+00:00,5379,Microsoft-Windows-Security-Auditing,,,,,,,,,,,,,,3780,,,0,,,,,,,,,,,,,,,,,,,,,,,,,,,,,,,,,,,,,,,,,,,,,,,,,,,,,,,,,,,,,,,,,,,,,2026-04-01 17:17:51.206451+00:00,,,,,,,%%8100,,,,,,,3221226021,,,,,,WORKGROUP,0x00000000000003e7,NORMALVM$,S-1-5-18,,,,,,MicrosoftAccount:user=pizzahuthacker@gmail.com,,,,,,,,,,,,,0,,,,,,,,
3033,2026-04-01 17:17:53.754589+00:00,5379,Microsoft-Windows-Security-Auditing,,,,,,,,,,,,,,3780,,,0,,,,,,,,,,,,,,,,,,,,,,,,,,,,,,,,,,,,,,,,,,,,,,,,,,,,,,,,,,,,,,,,,,,,,2026-04-01 17:17:51.206451+00:00,,,,,,,%%8100,,,,,,,3221226021,,,,,,WORKGROUP,0x00000000000003e7,NORMALVM$,S-1-5-18,,,,,,MicrosoftAccount:user=pizzahuthacker@gmail.com,,,,,,,,,,,,,0,,,,,,,,
3034,2026-04-01 17:17:53.754986+00:00,5379,Microsoft-Windows-Security-Auditing,,,,,,,,,,,,,,3780,,,0,,,,,,,,,,,,,,,,,,,,,,,,,,,,,,,,,,,,,,,,,,,,,,,,,,,,,,,,,,,,,,,,,,,,,2026-04-01 17:17:51.206451+00:00,,,,,,,%%8100,,,,,,,3221226021,,,,,,WORKGROUP,0x00000000000003e7,NORMALVM$,S-1-5-18,,,,,,MicrosoftAccount:user=pizzahuthacker@gmail.com,,,,,,,,,,,,,0,,,,,,,,
3035,2026-04-01 17:17:53.755135+00:00,5379,Microsoft-Windows-Security-Auditing,,,,,,,,,,,,,,3780,,,0,,,,,,,,,,,,,,,,,,,,,,,,,,,,,,,,,,,,,,,,,,,,,,,,,,,,,,,,,,,,,,,,,,,,,2026-04-01 17:17:51.206451+00:00,,,,,,,%%8100,,,,,,,3221226021,,,,,,WORKGROUP,0x00000000000003e7,NORMALVM$,S-1-5-18,,,,,,MicrosoftAccount:user=pizzahuthacker@gmail.com,,,,,,,,,,,,,0,,,,,,,,
3036,2026-04-01 17:17:53.940048+00:00,5058,Microsoft-Windows-Security-Auditing,,,,,,,,UNKNOWN,,,,,2026-04-01 17:17:53.439054+00:00,4236,,,,,,,,,,,,,,,,,,,,,,,,,,,C:\WINDOWS\ServiceProfiles\LocalService\AppData\Roaming\Microsoft\Crypto\Keys\de7cf8a7901d2ad13e5c67c29e5d1662_8a77c4b8-41bd-4429-86d0-b73425f5c602,,Microsoft Connected Devices Platform device certificate,%%2500,,,,,,,,,,,,,,,,,,,,,,,,,,,,,,,,,%%2458,,,,,,,,,,,,,Microsoft Software Key Storage Provider,,,,,,,,,,0x00000000,,,,,,NT AUTHORITY,0x00000000000003e5,LOCAL SERVICE,S-1-5-19,,,,,,,,,,,,,,,,,,,,,,,,,,,
3037,2026-04-01 17:17:53.940924+00:00,5061,Microsoft-Windows-Security-Auditing,,,,,,,,ECDSA_P256,,,,,,,,,,,,,,,,,,,,,,,,,,,,,,,,,,,Microsoft Connected Devices Platform device certificate,%%2500,,,,,,,,,,,,,,,,,,,,,,,,,,,,,,,,,%%2480,,,,,,,,,,,,,Microsoft Software Key Storage Provider,,,,,,,,,,0x00000000,,,,,,NT AUTHORITY,0x00000000000003e5,LOCAL SERVICE,S-1-5-19,,,,,,,,,,,,,,,,,,,,,,,,,,,
3038,2026-04-01 17:17:53.943110+00:00,5059,Microsoft-Windows-Security-Auditing,,,,,,,,ECDSA_P256,,,,,2026-04-01 17:17:53.439054+00:00,4236,,,,,,,,,,,,,,,,,,,,,,,,,,,,,Microsoft Connected Devices Platform device certificate,%%2500,,,,,,,,,,,,,,,,,,,,,,,,,,,,,,,,,%%2464,,,,,,,,,,,,,Microsoft Software Key Storage Provider,,,,,,,,,,0x00000000,,,,,,NT AUTHORITY,0x00000000000003e5,LOCAL SERVICE,S-1-5-19,,,,,,,,,,,,,,,,,,,,,,,,,,,
3039,2026-04-01 17:17:54.082293+00:00,4624,Microsoft-Windows-Security-Auditing,,,,,,,,,,Negotiate,,,,,,,,,,,,,,,%%1842,,,,,,,,,,,,%%1833,-,-,,,0,,,,-,,,,,{00000000-0000-0000-0000-000000000000},,Advapi  ,5,,,,,,,,,,,,,,,,,,,,,,,,,,,,,,,,,0x00000000000002dc,C:\Windows\System32\services.exe,,,,,,-,,,,,-,,,,,,,WORKGROUP,0x00000000000003e7,NORMALVM$,S-1-5-18,NT AUTHORITY,,0x0000000000000000,,0x00000000000003e7,,-,-,,,,,SYSTEM,S-1-5-18,,,,-,,,,,,%%1843,,,-
3040,2026-04-01 17:17:54.082296+00:00,4672,Microsoft-Windows-Security-Auditing,,,,,,,,,,,,,,,,,,,,,,,,,,,,,,,,,,,,,,,,,,,,,,,,,,,,,,,,,,,,,,,,,,,,,,,,,,,,,,,,,,,,,"SeAssignPrimaryTokenPrivilege
			SeTcbPrivilege
			SeSecurityPrivilege
			SeTakeOwnershipPrivilege
			SeLoadDriverPrivilege
			SeBackupPrivilege
			SeRestorePrivilege
			SeDebugPrivilege
			SeAuditPrivilege
			SeSystemEnvironmentPrivilege
			SeImpersonatePrivilege
			SeDelegateSessionUserImpersonatePrivilege",,,,,,,,,,,,,,,,,,,,,NT AUTHORITY,0x00000000000003e7,SYSTEM,S-1-5-18,,,,,,,,,,,,,,,,,,,,,,,,,,,
3041,2026-04-01 17:17:54.100878+00:00,5379,Microsoft-Windows-Security-Auditing,,,,,,,,,,,,,,3780,,,0,,,,,,,,,,,,,,,,,,,,,,,,,,,,,,,,,,,,,,,,,,,,,,,,,,,,,,,,,,,,,,,,,,,,,2026-04-01 17:17:51.206451+00:00,,,,,,,%%8100,,,,,,,3221226021,,,,,,WORKGROUP,0x00000000000003e7,NORMALVM$,S-1-5-18,,,,,,MicrosoftAccount:user=pizzahuthacker@gmail.com,,,,,,,,,,,,,0,,,,,,,,
3042,2026-04-01 17:17:54.101664+00:00,5379,Microsoft-Windows-Security-Auditing,,,,,,,,,,,,,,3780,,,0,,,,,,,,,,,,,,,,,,,,,,,,,,,,,,,,,,,,,,,,,,,,,,,,,,,,,,,,,,,,,,,,,,,,,2026-04-01 17:17:51.206451+00:00,,,,,,,%%8100,,,,,,,3221226021,,,,,,WORKGROUP,0x00000000000003e7,NORMALVM$,S-1-5-18,,,,,,MicrosoftAccount:user=pizzahuthacker@gmail.com,,,,,,,,,,,,,0,,,,,,,,
3043,2026-04-01 17:17:54.101900+00:00,5379,Microsoft-Windows-Security-Auditing,,,,,,,,,,,,,,3780,,,0,,,,,,,,,,,,,,,,,,,,,,,,,,,,,,,,,,,,,,,,,,,,,,,,,,,,,,,,,,,,,,,,,,,,,2026-04-01 17:17:51.206451+00:00,,,,,,,%%8100,,,,,,,3221226021,,,,,,WORKGROUP,0x00000000000003e7,NORMALVM$,S-1-5-18,,,,,,MicrosoftAccount:user=pizzahuthacker@gmail.com,,,,,,,,,,,,,0,,,,,,,,
3044,2026-04-01 17:17:54.102343+00:00,5379,Microsoft-Windows-Security-Auditing,,,,,,,,,,,,,,3780,,,0,,,,,,,,,,,,,,,,,,,,,,,,,,,,,,,,,,,,,,,,,,,,,,,,,,,,,,,,,,,,,,,,,,,,,2026-04-01 17:17:51.206451+00:00,,,,,,,%%8100,,,,,,,3221226021,,,,,,WORKGROUP,0x00000000000003e7,NORMALVM$,S-1-5-18,,,,,,MicrosoftAccount:user=pizzahuthacker@gmail.com,,,,,,,,,,,,,0,,,,,,,,
3045,2026-04-01 17:17:54.102482+00:00,5379,Microsoft-Windows-Security-Auditing,,,,,,,,,,,,,,3780,,,0,,,,,,,,,,,,,,,,,,,,,,,,,,,,,,,,,,,,,,,,,,,,,,,,,,,,,,,,,,,,,,,,,,,,,2026-04-01 17:17:51.206451+00:00,,,,,,,%%8100,,,,,,,3221226021,,,,,,WORKGROUP,0x00000000000003e7,NORMALVM$,S-1-5-18,,,,,,MicrosoftAccount:user=pizzahuthacker@gmail.com,,,,,,,,,,,,,0,,,,,,,,
3046,2026-04-01 17:17:54.102535+00:00,5379,Microsoft-Windows-Security-Auditing,,,,,,,,,,,,,,3780,,,0,,,,,,,,,,,,,,,,,,,,,,,,,,,,,,,,,,,,,,,,,,,,,,,,,,,,,,,,,,,,,,,,,,,,,2026-04-01 17:17:51.206451+00:00,,,,,,,%%8100,,,,,,,3221226021,,,,,,WORKGROUP,0x00000000000003e7,NORMALVM$,S-1-5-18,,,,,,MicrosoftAccount:user=pizzahuthacker@gmail.com,,,,,,,,,,,,,0,,,,,,,,
3047,2026-04-01 17:17:54.104527+00:00,5379,Microsoft-Windows-Security-Auditing,,,,,,,,,,,,,,3780,,,0,,,,,,,,,,,,,,,,,,,,,,,,,,,,,,,,,,,,,,,,,,,,,,,,,,,,,,,,,,,,,,,,,,,,,2026-04-01 17:17:51.206451+00:00,,,,,,,%%8100,,,,,,,3221226021,,,,,,WORKGROUP,0x00000000000003e7,NORMALVM$,S-1-5-18,,,,,,MicrosoftAccount:user=pizzahuthacker@gmail.com,,,,,,,,,,,,,0,,,,,,,,
3048,2026-04-01 17:17:54.104586+00:00,5379,Microsoft-Windows-Security-Auditing,,,,,,,,,,,,,,3780,,,0,,,,,,,,,,,,,,,,,,,,,,,,,,,,,,,,,,,,,,,,,,,,,,,,,,,,,,,,,,,,,,,,,,,,,2026-04-01 17:17:51.206451+00:00,,,,,,,%%8100,,,,,,,3221226021,,,,,,WORKGROUP,0x00000000000003e7,NORMALVM$,S-1-5-18,,,,,,MicrosoftAccount:user=pizzahuthacker@gmail.com,,,,,,,,,,,,,0,,,,,,,,
3049,2026-04-01 17:17:54.112305+00:00,5379,Microsoft-Windows-Security-Auditing,,,,,,,,,,,,,,3780,,,0,,,,,,,,,,,,,,,,,,,,,,,,,,,,,,,,,,,,,,,,,,,,,,,,,,,,,,,,,,,,,,,,,,,,,2026-04-01 17:17:51.206451+00:00,,,,,,,%%8100,,,,,,,3221226021,,,,,,WORKGROUP,0x00000000000003e7,NORMALVM$,S-1-5-18,,,,,,MicrosoftAccount:user=pizzahuthacker@gmail.com,,,,,,,,,,,,,0,,,,,,,,
3050,2026-04-01 17:17:54.112360+00:00,5379,Microsoft-Windows-Security-Auditing,,,,,,,,,,,,,,3780,,,0,,,,,,,,,,,,,,,,,,,,,,,,,,,,,,,,,,,,,,,,,,,,,,,,,,,,,,,,,,,,,,,,,,,,,2026-04-01 17:17:51.206451+00:00,,,,,,,%%8100,,,,,,,3221226021,,,,,,WORKGROUP,0x00000000000003e7,NORMALVM$,S-1-5-18,,,,,,WindowsLive:(token):name=pizzahuthacker@gmail.com;serviceuri=*,,,,,,,,,,,,,0,,,,,,,,
3051,2026-04-01 17:17:54.112389+00:00,5379,Microsoft-Windows-Security-Auditing,,,,,,,,,,,,,,3780,,,0,,,,,,,,,,,,,,,,,,,,,,,,,,,,,,,,,,,,,,,,,,,,,,,,,,,,,,,,,,,,,,,,,,,,,2026-04-01 17:17:51.206451+00:00,,,,,,,%%8100,,,,,,,3221226021,,,,,,WORKGROUP,0x00000000000003e7,NORMALVM$,S-1-5-18,,,,,,WindowsLive:(cert):name=pizzahuthacker@gmail.com;serviceuri=*,,,,,,,,,,,,,0,,,,,,,,
3052,2026-04-01 17:17:54.504839+00:00,5379,Microsoft-Windows-Security-Auditing,,,,,,,,,,,,,,3780,,,0,,,,,,,,,,,,,,,,,,,,,,,,,,,,,,,,,,,,,,,,,,,,,,,,,,,,,,,,,,,,,,,,,,,,,2026-04-01 17:17:51.206451+00:00,,,,,,,%%8100,,,,,,,3221226021,,,,,,WORKGROUP,0x00000000000003e7,NORMALVM$,S-1-5-18,,,,,,MicrosoftAccount:user=pizzahuthacker@gmail.com,,,,,,,,,,,,,0,,,,,,,,
3053,2026-04-01 17:17:54.505682+00:00,5379,Microsoft-Windows-Security-Auditing,,,,,,,,,,,,,,3780,,,0,,,,,,,,,,,,,,,,,,,,,,,,,,,,,,,,,,,,,,,,,,,,,,,,,,,,,,,,,,,,,,,,,,,,,2026-04-01 17:17:51.206451+00:00,,,,,,,%%8100,,,,,,,3221226021,,,,,,WORKGROUP,0x00000000000003e7,NORMALVM$,S-1-5-18,,,,,,MicrosoftAccount:user=pizzahuthacker@gmail.com,,,,,,,,,,,,,0,,,,,,,,
3054,2026-04-01 17:17:54.518354+00:00,5059,Microsoft-Windows-Security-Auditing,,,,,,,,RSA,,,,,2026-04-01 17:17:44.844425+00:00,2432,,,,,,,,,,,,,,,,,,,,,,,,,,,,,{FA40AA61-56AD-4D7A-872C-680B22DEE5BB},%%2500,,,,,,,,,,,,,,,,,,,,,,,,,,,,,,,,,%%2464,,,,,,,,,,,,,Microsoft Software Key Storage Provider,,,,,,,,,,0x00000000,,,,,,NT AUTHORITY,0x00000000000003e5,LOCAL SERVICE,S-1-5-19,,,,,,,,,,,,,,,,,,,,,,,,,,,
3055,2026-04-01 17:17:54.600164+00:00,4624,Microsoft-Windows-Security-Auditing,,,,,,,,,,Negotiate,,,,,,,,,,,,,,,%%1842,,,,,,,,,,,,%%1833,-,-,,,0,,,,-,,,,,{00000000-0000-0000-0000-000000000000},,Advapi  ,5,,,,,,,,,,,,,,,,,,,,,,,,,,,,,,,,,0x00000000000002dc,C:\Windows\System32\services.exe,,,,,,-,,,,,-,,,,,,,WORKGROUP,0x00000000000003e7,NORMALVM$,S-1-5-18,NT AUTHORITY,,0x0000000000000000,,0x00000000000003e7,,-,-,,,,,SYSTEM,S-1-5-18,,,,-,,,,,,%%1843,,,-
3056,2026-04-01 17:17:54.600168+00:00,4672,Microsoft-Windows-Security-Auditing,,,,,,,,,,,,,,,,,,,,,,,,,,,,,,,,,,,,,,,,,,,,,,,,,,,,,,,,,,,,,,,,,,,,,,,,,,,,,,,,,,,,,"SeAssignPrimaryTokenPrivilege
			SeTcbPrivilege
			SeSecurityPrivilege
			SeTakeOwnershipPrivilege
			SeLoadDriverPrivilege
			SeBackupPrivilege
			SeRestorePrivilege
			SeDebugPrivilege
			SeAuditPrivilege
			SeSystemEnvironmentPrivilege
			SeImpersonatePrivilege
			SeDelegateSessionUserImpersonatePrivilege",,,,,,,,,,,,,,,,,,,,,NT AUTHORITY,0x00000000000003e7,SYSTEM,S-1-5-18,,,,,,,,,,,,,,,,,,,,,,,,,,,
3057,2026-04-01 17:17:54.619844+00:00,5059,Microsoft-Windows-Security-Auditing,,,,,,,,RSA,,,,,2026-04-01 17:17:44.844425+00:00,2432,,,,,,,,,,,,,,,,,,,,,,,,,,,,,{FA40AA61-56AD-4D7A-872C-680B22DEE5BB},%%2500,,,,,,,,,,,,,,,,,,,,,,,,,,,,,,,,,%%2464,,,,,,,,,,,,,Microsoft Software Key Storage Provider,,,,,,,,,,0x00000000,,,,,,NT AUTHORITY,0x00000000000003e5,LOCAL SERVICE,S-1-5-19,,,,,,,,,,,,,,,,,,,,,,,,,,,
3058,2026-04-01 17:17:54.648817+00:00,5058,Microsoft-Windows-Security-Auditing,,,,,,,,UNKNOWN,,,,,2026-04-01 17:17:44.844425+00:00,2432,,,,,,,,,,,,,,,,,,,,,,,,,,,C:\WINDOWS\ServiceProfiles\LocalService\AppData\Roaming\Microsoft\Crypto\Keys\a927ccb252e076e49b7b9b5706b3e4d2_8a77c4b8-41bd-4429-86d0-b73425f5c602,,{C3AAA5B9-8111-44EA-887A-038407A7B302},%%2500,,,,,,,,,,,,,,,,,,,,,,,,,,,,,,,,,%%2458,,,,,,,,,,,,,Microsoft Software Key Storage Provider,,,,,,,,,,0x00000000,,,,,,NT AUTHORITY,0x00000000000003e5,LOCAL SERVICE,S-1-5-19,,,,,,,,,,,,,,,,,,,,,,,,,,,
3059,2026-04-01 17:17:54.649084+00:00,5061,Microsoft-Windows-Security-Auditing,,,,,,,,RSA,,,,,,,,,,,,,,,,,,,,,,,,,,,,,,,,,,,{C3AAA5B9-8111-44EA-887A-038407A7B302},%%2500,,,,,,,,,,,,,,,,,,,,,,,,,,,,,,,,,%%2480,,,,,,,,,,,,,Microsoft Software Key Storage Provider,,,,,,,,,,0x00000000,,,,,,NT AUTHORITY,0x00000000000003e5,LOCAL SERVICE,S-1-5-19,,,,,,,,,,,,,,,,,,,,,,,,,,,
3060,2026-04-01 17:17:54.649363+00:00,5059,Microsoft-Windows-Security-Auditing,,,,,,,,RSA,,,,,2026-04-01 17:17:44.844425+00:00,2432,,,,,,,,,,,,,,,,,,,,,,,,,,,,,{C3AAA5B9-8111-44EA-887A-038407A7B302},%%2500,,,,,,,,,,,,,,,,,,,,,,,,,,,,,,,,,%%2464,,,,,,,,,,,,,Microsoft Software Key Storage Provider,,,,,,,,,,0x00000000,,,,,,NT AUTHORITY,0x00000000000003e5,LOCAL SERVICE,S-1-5-19,,,,,,,,,,,,,,,,,,,,,,,,,,,
3061,2026-04-01 17:17:54.657948+00:00,5059,Microsoft-Windows-Security-Auditing,,,,,,,,RSA,,,,,2026-04-01 17:17:44.844425+00:00,2432,,,,,,,,,,,,,,,,,,,,,,,,,,,,,{C3AAA5B9-8111-44EA-887A-038407A7B302},%%2500,,,,,,,,,,,,,,,,,,,,,,,,,,,,,,,,,%%2464,,,,,,,,,,,,,Microsoft Software Key Storage Provider,,,,,,,,,,0x00000000,,,,,,NT AUTHORITY,0x00000000000003e5,LOCAL SERVICE,S-1-5-19,,,,,,,,,,,,,,,,,,,,,,,,,,,
3062,2026-04-01 17:17:54.658672+00:00,4738,Microsoft-Windows-Security-Auditing,,,,,,-,,,-,,,,,,,,,,pizza hut,,,,,-,,,,,,,-,-,,,,,,,,,,,,,,,,,,,,-,,,,,,,,,,,,,,,,,-,,,,,,,-,,,,,-,,,-,-,,,,-,,,,,,,,,,,,-,,,-,-,WORKGROUP,0x00000000000003e7,NORMALVM$,S-1-5-18,NormalVM,,,,,,,,,,,S-1-5-21-2352865859-2334931103-2005901029-1001,pizza,,,,,,,-,-,-,-,,,,
3063,2026-04-01 17:17:54.700232+00:00,5379,Microsoft-Windows-Security-Auditing,,,,,,,,,,,,,,3780,,,1,,,,,,,,,,,,,,,,,,,,,,,,,,,,,,,,,,,,,,,,,,,,,,,,,,,,,,,,,,,,,,,,,,,,,2026-04-01 17:17:51.206451+00:00,,,,,,,%%8100,,,,,,,0,,,,,,NORMALVM,0x000000000003f7ec,pizza,S-1-5-21-2352865859-2334931103-2005901029-1001,,,,,,MicrosoftAccount:user=pizzahuthacker@gmail.com,,,,,,,,,,,,,0,,,,,,,,
3064,2026-04-01 17:17:54.701208+00:00,5379,Microsoft-Windows-Security-Auditing,,,,,,,,,,,,,,3780,,,0,,,,,,,,,,,,,,,,,,,,,,,,,,,,,,,,,,,,,,,,,,,,,,,,,,,,,,,,,,,,,,,,,,,,,2026-04-01 17:17:51.206451+00:00,,,,,,,%%8100,,,,,,,3221226021,,,,,,NORMALVM,0x000000000003f7ec,pizza,S-1-5-21-2352865859-2334931103-2005901029-1001,,,,,,WindowsLive:(token):name=pizzahuthacker@gmail.com;serviceuri=*,,,,,,,,,,,,,0,,,,,,,,
3065,2026-04-01 17:17:54.701250+00:00,5379,Microsoft-Windows-Security-Auditing,,,,,,,,,,,,,,3780,,,0,,,,,,,,,,,,,,,,,,,,,,,,,,,,,,,,,,,,,,,,,,,,,,,,,,,,,,,,,,,,,,,,,,,,,2026-04-01 17:17:51.206451+00:00,,,,,,,%%8100,,,,,,,3221226021,,,,,,NORMALVM,0x000000000003f7ec,pizza,S-1-5-21-2352865859-2334931103-2005901029-1001,,,,,,WindowsLive:(cert):name=pizzahuthacker@gmail.com;serviceuri=*,,,,,,,,,,,,,0,,,,,,,,
3066,2026-04-01 17:17:54.721506+00:00,5379,Microsoft-Windows-Security-Auditing,,,,,,,,,,,,,,3780,,,1,,,,,,,,,,,,,,,,,,,,,,,,,,,,,,,,,,,,,,,,,,,,,,,,,,,,,,,,,,,,,,,,,,,,,2026-04-01 17:17:51.206451+00:00,,,,,,,%%8100,,,,,,,0,,,,,,NORMALVM,0x000000000003f7ec,pizza,S-1-5-21-2352865859-2334931103-2005901029-1001,,,,,,MicrosoftAccount:user=pizzahuthacker@gmail.com,,,,,,,,,,,,,0,,,,,,,,
3067,2026-04-01 17:17:54.721733+00:00,5379,Microsoft-Windows-Security-Auditing,,,,,,,,,,,,,,3780,,,1,,,,,,,,,,,,,,,,,,,,,,,,,,,,,,,,,,,,,,,,,,,,,,,,,,,,,,,,,,,,,,,,,,,,,2026-04-01 17:17:51.206451+00:00,,,,,,,%%8100,,,,,,,0,,,,,,NORMALVM,0x000000000003f7ec,pizza,S-1-5-21-2352865859-2334931103-2005901029-1001,,,,,,MicrosoftAccount:user=pizzahuthacker@gmail.com,,,,,,,,,,,,,0,,,,,,,,
3068,2026-04-01 17:17:54.722399+00:00,5379,Microsoft-Windows-Security-Auditing,,,,,,,,,,,,,,3780,,,1,,,,,,,,,,,,,,,,,,,,,,,,,,,,,,,,,,,,,,,,,,,,,,,,,,,,,,,,,,,,,,,,,,,,,2026-04-01 17:17:51.206451+00:00,,,,,,,%%8100,,,,,,,0,,,,,,NORMALVM,0x000000000003f7ec,pizza,S-1-5-21-2352865859-2334931103-2005901029-1001,,,,,,MicrosoftAccount:user=pizzahuthacker@gmail.com,,,,,,,,,,,,,0,,,,,,,,
3069,2026-04-01 17:17:54.723318+00:00,5379,Microsoft-Windows-Security-Auditing,,,,,,,,,,,,,,3780,,,0,,,,,,,,,,,,,,,,,,,,,,,,,,,,,,,,,,,,,,,,,,,,,,,,,,,,,,,,,,,,,,,,,,,,,2026-04-01 17:17:51.206451+00:00,,,,,,,%%8100,,,,,,,3221226021,,,,,,NORMALVM,0x000000000003f7ec,pizza,S-1-5-21-2352865859-2334931103-2005901029-1001,,,,,,WindowsLive:(token):name=pizzahuthacker@gmail.com;serviceuri=*,,,,,,,,,,,,,0,,,,,,,,
3070,2026-04-01 17:17:54.723454+00:00,5379,Microsoft-Windows-Security-Auditing,,,,,,,,,,,,,,3780,,,0,,,,,,,,,,,,,,,,,,,,,,,,,,,,,,,,,,,,,,,,,,,,,,,,,,,,,,,,,,,,,,,,,,,,,2026-04-01 17:17:51.206451+00:00,,,,,,,%%8100,,,,,,,3221226021,,,,,,NORMALVM,0x000000000003f7ec,pizza,S-1-5-21-2352865859-2334931103-2005901029-1001,,,,,,WindowsLive:(cert):name=pizzahuthacker@gmail.com;serviceuri=*,,,,,,,,,,,,,0,,,,,,,,
3071,2026-04-01 17:17:54.725229+00:00,5379,Microsoft-Windows-Security-Auditing,,,,,,,,,,,,,,3780,,,1,,,,,,,,,,,,,,,,,,,,,,,,,,,,,,,,,,,,,,,,,,,,,,,,,,,,,,,,,,,,,,,,,,,,,2026-04-01 17:17:51.206451+00:00,,,,,,,%%8100,,,,,,,0,,,,,,NORMALVM,0x000000000003f7ec,pizza,S-1-5-21-2352865859-2334931103-2005901029-1001,,,,,,MicrosoftAccount:user=pizzahuthacker@gmail.com,,,,,,,,,,,,,0,,,,,,,,
3072,2026-04-01 17:17:54.726801+00:00,5379,Microsoft-Windows-Security-Auditing,,,,,,,,,,,,,,3780,,,1,,,,,,,,,,,,,,,,,,,,,,,,,,,,,,,,,,,,,,,,,,,,,,,,,,,,,,,,,,,,,,,,,,,,,2026-04-01 17:17:51.206451+00:00,,,,,,,%%8100,,,,,,,0,,,,,,NORMALVM,0x000000000003f7ec,pizza,S-1-5-21-2352865859-2334931103-2005901029-1001,,,,,,MicrosoftAccount:user=pizzahuthacker@gmail.com,,,,,,,,,,,,,0,,,,,,,,
3073,2026-04-01 17:17:55.956776+00:00,5379,Microsoft-Windows-Security-Auditing,,,,,,,,,,,,,,3780,,,1,,,,,,,,,,,,,,,,,,,,,,,,,,,,,,,,,,,,,,,,,,,,,,,,,,,,,,,,,,,,,,,,,,,,,2026-04-01 17:17:51.206451+00:00,,,,,,,%%8100,,,,,,,0,,,,,,NORMALVM,0x000000000003f7ec,pizza,S-1-5-21-2352865859-2334931103-2005901029-1001,,,,,,MicrosoftAccount:user=pizzahuthacker@gmail.com,,,,,,,,,,,,,0,,,,,,,,
3074,2026-04-01 17:17:55.957335+00:00,5379,Microsoft-Windows-Security-Auditing,,,,,,,,,,,,,,3780,,,1,,,,,,,,,,,,,,,,,,,,,,,,,,,,,,,,,,,,,,,,,,,,,,,,,,,,,,,,,,,,,,,,,,,,,2026-04-01 17:17:51.206451+00:00,,,,,,,%%8100,,,,,,,0,,,,,,NORMALVM,0x000000000003f7ec,pizza,S-1-5-21-2352865859-2334931103-2005901029-1001,,,,,,MicrosoftAccount:user=pizzahuthacker@gmail.com,,,,,,,,,,,,,0,,,,,,,,
3075,2026-04-01 17:17:55.957638+00:00,5379,Microsoft-Windows-Security-Auditing,,,,,,,,,,,,,,3780,,,1,,,,,,,,,,,,,,,,,,,,,,,,,,,,,,,,,,,,,,,,,,,,,,,,,,,,,,,,,,,,,,,,,,,,,2026-04-01 17:17:51.206451+00:00,,,,,,,%%8100,,,,,,,0,,,,,,NORMALVM,0x000000000003f7ec,pizza,S-1-5-21-2352865859-2334931103-2005901029-1001,,,,,,MicrosoftAccount:user=pizzahuthacker@gmail.com,,,,,,,,,,,,,0,,,,,,,,
3076,2026-04-01 17:17:55.957870+00:00,5379,Microsoft-Windows-Security-Auditing,,,,,,,,,,,,,,3780,,,1,,,,,,,,,,,,,,,,,,,,,,,,,,,,,,,,,,,,,,,,,,,,,,,,,,,,,,,,,,,,,,,,,,,,,2026-04-01 17:17:51.206451+00:00,,,,,,,%%8100,,,,,,,0,,,,,,NORMALVM,0x000000000003f7ec,pizza,S-1-5-21-2352865859-2334931103-2005901029-1001,,,,,,MicrosoftAccount:user=pizzahuthacker@gmail.com,,,,,,,,,,,,,0,,,,,,,,
3077,2026-04-01 17:17:55.958158+00:00,5379,Microsoft-Windows-Security-Auditing,,,,,,,,,,,,,,3780,,,1,,,,,,,,,,,,,,,,,,,,,,,,,,,,,,,,,,,,,,,,,,,,,,,,,,,,,,,,,,,,,,,,,,,,,2026-04-01 17:17:51.206451+00:00,,,,,,,%%8100,,,,,,,0,,,,,,NORMALVM,0x000000000003f7ec,pizza,S-1-5-21-2352865859-2334931103-2005901029-1001,,,,,,MicrosoftAccount:user=pizzahuthacker@gmail.com,,,,,,,,,,,,,0,,,,,,,,
3078,2026-04-01 17:17:55.958403+00:00,5379,Microsoft-Windows-Security-Auditing,,,,,,,,,,,,,,3780,,,1,,,,,,,,,,,,,,,,,,,,,,,,,,,,,,,,,,,,,,,,,,,,,,,,,,,,,,,,,,,,,,,,,,,,,2026-04-01 17:17:51.206451+00:00,,,,,,,%%8100,,,,,,,0,,,,,,NORMALVM,0x000000000003f7ec,pizza,S-1-5-21-2352865859-2334931103-2005901029-1001,,,,,,MicrosoftAccount:user=pizzahuthacker@gmail.com,,,,,,,,,,,,,0,,,,,,,,
3079,2026-04-01 17:17:55.958834+00:00,5379,Microsoft-Windows-Security-Auditing,,,,,,,,,,,,,,3780,,,1,,,,,,,,,,,,,,,,,,,,,,,,,,,,,,,,,,,,,,,,,,,,,,,,,,,,,,,,,,,,,,,,,,,,,2026-04-01 17:17:51.206451+00:00,,,,,,,%%8100,,,,,,,0,,,,,,NORMALVM,0x000000000003f7ec,pizza,S-1-5-21-2352865859-2334931103-2005901029-1001,,,,,,MicrosoftAccount:user=pizzahuthacker@gmail.com,,,,,,,,,,,,,0,,,,,,,,
3080,2026-04-01 17:17:55.959330+00:00,5379,Microsoft-Windows-Security-Auditing,,,,,,,,,,,,,,3780,,,1,,,,,,,,,,,,,,,,,,,,,,,,,,,,,,,,,,,,,,,,,,,,,,,,,,,,,,,,,,,,,,,,,,,,,2026-04-01 17:17:51.206451+00:00,,,,,,,%%8100,,,,,,,0,,,,,,NORMALVM,0x000000000003f7ec,pizza,S-1-5-21-2352865859-2334931103-2005901029-1001,,,,,,MicrosoftAccount:user=pizzahuthacker@gmail.com,,,,,,,,,,,,,0,,,,,,,,
3081,2026-04-01 17:17:55.959858+00:00,5379,Microsoft-Windows-Security-Auditing,,,,,,,,,,,,,,3780,,,1,,,,,,,,,,,,,,,,,,,,,,,,,,,,,,,,,,,,,,,,,,,,,,,,,,,,,,,,,,,,,,,,,,,,,2026-04-01 17:17:51.206451+00:00,,,,,,,%%8100,,,,,,,0,,,,,,NORMALVM,0x000000000003f7ec,pizza,S-1-5-21-2352865859-2334931103-2005901029-1001,,,,,,MicrosoftAccount:user=pizzahuthacker@gmail.com,,,,,,,,,,,,,0,,,,,,,,
3082,2026-04-01 17:17:55.960129+00:00,5379,Microsoft-Windows-Security-Auditing,,,,,,,,,,,,,,3780,,,1,,,,,,,,,,,,,,,,,,,,,,,,,,,,,,,,,,,,,,,,,,,,,,,,,,,,,,,,,,,,,,,,,,,,,2026-04-01 17:17:51.206451+00:00,,,,,,,%%8100,,,,,,,0,,,,,,NORMALVM,0x000000000003f7ec,pizza,S-1-5-21-2352865859-2334931103-2005901029-1001,,,,,,MicrosoftAccount:user=pizzahuthacker@gmail.com,,,,,,,,,,,,,0,,,,,,,,
3083,2026-04-01 17:17:55.960285+00:00,5379,Microsoft-Windows-Security-Auditing,,,,,,,,,,,,,,3780,,,1,,,,,,,,,,,,,,,,,,,,,,,,,,,,,,,,,,,,,,,,,,,,,,,,,,,,,,,,,,,,,,,,,,,,,2026-04-01 17:17:51.206451+00:00,,,,,,,%%8100,,,,,,,0,,,,,,NORMALVM,0x000000000003f7ec,pizza,S-1-5-21-2352865859-2334931103-2005901029-1001,,,,,,MicrosoftAccount:user=pizzahuthacker@gmail.com,,,,,,,,,,,,,0,,,,,,,,
3084,2026-04-01 17:17:55.960657+00:00,5379,Microsoft-Windows-Security-Auditing,,,,,,,,,,,,,,3780,,,1,,,,,,,,,,,,,,,,,,,,,,,,,,,,,,,,,,,,,,,,,,,,,,,,,,,,,,,,,,,,,,,,,,,,,2026-04-01 17:17:51.206451+00:00,,,,,,,%%8100,,,,,,,0,,,,,,NORMALVM,0x000000000003f7ec,pizza,S-1-5-21-2352865859-2334931103-2005901029-1001,,,,,,MicrosoftAccount:user=pizzahuthacker@gmail.com,,,,,,,,,,,,,0,,,,,,,,
3085,2026-04-01 17:17:55.960941+00:00,5379,Microsoft-Windows-Security-Auditing,,,,,,,,,,,,,,3780,,,1,,,,,,,,,,,,,,,,,,,,,,,,,,,,,,,,,,,,,,,,,,,,,,,,,,,,,,,,,,,,,,,,,,,,,2026-04-01 17:17:51.206451+00:00,,,,,,,%%8100,,,,,,,0,,,,,,NORMALVM,0x000000000003f7ec,pizza,S-1-5-21-2352865859-2334931103-2005901029-1001,,,,,,MicrosoftAccount:user=pizzahuthacker@gmail.com,,,,,,,,,,,,,0,,,,,,,,
3086,2026-04-01 17:17:55.961134+00:00,5379,Microsoft-Windows-Security-Auditing,,,,,,,,,,,,,,3780,,,1,,,,,,,,,,,,,,,,,,,,,,,,,,,,,,,,,,,,,,,,,,,,,,,,,,,,,,,,,,,,,,,,,,,,,2026-04-01 17:17:51.206451+00:00,,,,,,,%%8100,,,,,,,0,,,,,,NORMALVM,0x000000000003f7ec,pizza,S-1-5-21-2352865859-2334931103-2005901029-1001,,,,,,MicrosoftAccount:user=pizzahuthacker@gmail.com,,,,,,,,,,,,,0,,,,,,,,
3087,2026-04-01 17:17:55.961439+00:00,5379,Microsoft-Windows-Security-Auditing,,,,,,,,,,,,,,3780,,,1,,,,,,,,,,,,,,,,,,,,,,,,,,,,,,,,,,,,,,,,,,,,,,,,,,,,,,,,,,,,,,,,,,,,,2026-04-01 17:17:51.206451+00:00,,,,,,,%%8100,,,,,,,0,,,,,,NORMALVM,0x000000000003f7ec,pizza,S-1-5-21-2352865859-2334931103-2005901029-1001,,,,,,MicrosoftAccount:user=pizzahuthacker@gmail.com,,,,,,,,,,,,,0,,,,,,,,
3088,2026-04-01 17:17:55.961884+00:00,5379,Microsoft-Windows-Security-Auditing,,,,,,,,,,,,,,3780,,,1,,,,,,,,,,,,,,,,,,,,,,,,,,,,,,,,,,,,,,,,,,,,,,,,,,,,,,,,,,,,,,,,,,,,,2026-04-01 17:17:51.206451+00:00,,,,,,,%%8099,,,,,,,0,,,,,,NORMALVM,0x000000000003f7ec,pizza,S-1-5-21-2352865859-2334931103-2005901029-1001,,,,,,MicrosoftAccount:user=pizzahuthacker@gmail.com,,,,,,,,,,,,,1,,,,,,,,
3089,2026-04-01 17:17:55.980696+00:00,5379,Microsoft-Windows-Security-Auditing,,,,,,,,,,,,,,3780,,,1,,,,,,,,,,,,,,,,,,,,,,,,,,,,,,,,,,,,,,,,,,,,,,,,,,,,,,,,,,,,,,,,,,,,,2026-04-01 17:17:51.206451+00:00,,,,,,,%%8100,,,,,,,0,,,,,,NORMALVM,0x000000000003f7ec,pizza,S-1-5-21-2352865859-2334931103-2005901029-1001,,,,,,MicrosoftAccount:user=pizzahuthacker@gmail.com,,,,,,,,,,,,,0,,,,,,,,
3090,2026-04-01 17:17:55.980824+00:00,5379,Microsoft-Windows-Security-Auditing,,,,,,,,,,,,,,3780,,,1,,,,,,,,,,,,,,,,,,,,,,,,,,,,,,,,,,,,,,,,,,,,,,,,,,,,,,,,,,,,,,,,,,,,,2026-04-01 17:17:51.206451+00:00,,,,,,,%%8100,,,,,,,0,,,,,,NORMALVM,0x000000000003f7ec,pizza,S-1-5-21-2352865859-2334931103-2005901029-1001,,,,,,MicrosoftAccount:user=pizzahuthacker@gmail.com,,,,,,,,,,,,,0,,,,,,,,
3091,2026-04-01 17:17:55.980976+00:00,5379,Microsoft-Windows-Security-Auditing,,,,,,,,,,,,,,3780,,,1,,,,,,,,,,,,,,,,,,,,,,,,,,,,,,,,,,,,,,,,,,,,,,,,,,,,,,,,,,,,,,,,,,,,,2026-04-01 17:17:51.206451+00:00,,,,,,,%%8100,,,,,,,0,,,,,,NORMALVM,0x000000000003f7ec,pizza,S-1-5-21-2352865859-2334931103-2005901029-1001,,,,,,MicrosoftAccount:user=pizzahuthacker@gmail.com,,,,,,,,,,,,,0,,,,,,,,
3092,2026-04-01 17:17:55.981073+00:00,5379,Microsoft-Windows-Security-Auditing,,,,,,,,,,,,,,3780,,,1,,,,,,,,,,,,,,,,,,,,,,,,,,,,,,,,,,,,,,,,,,,,,,,,,,,,,,,,,,,,,,,,,,,,,2026-04-01 17:17:51.206451+00:00,,,,,,,%%8100,,,,,,,0,,,,,,NORMALVM,0x000000000003f7ec,pizza,S-1-5-21-2352865859-2334931103-2005901029-1001,,,,,,MicrosoftAccount:user=pizzahuthacker@gmail.com,,,,,,,,,,,,,0,,,,,,,,
3093,2026-04-01 17:17:55.981176+00:00,5379,Microsoft-Windows-Security-Auditing,,,,,,,,,,,,,,3780,,,1,,,,,,,,,,,,,,,,,,,,,,,,,,,,,,,,,,,,,,,,,,,,,,,,,,,,,,,,,,,,,,,,,,,,,2026-04-01 17:17:51.206451+00:00,,,,,,,%%8100,,,,,,,0,,,,,,NORMALVM,0x000000000003f7ec,pizza,S-1-5-21-2352865859-2334931103-2005901029-1001,,,,,,MicrosoftAccount:user=pizzahuthacker@gmail.com,,,,,,,,,,,,,0,,,,,,,,
3094,2026-04-01 17:17:55.981255+00:00,5379,Microsoft-Windows-Security-Auditing,,,,,,,,,,,,,,3780,,,1,,,,,,,,,,,,,,,,,,,,,,,,,,,,,,,,,,,,,,,,,,,,,,,,,,,,,,,,,,,,,,,,,,,,,2026-04-01 17:17:51.206451+00:00,,,,,,,%%8100,,,,,,,0,,,,,,NORMALVM,0x000000000003f7ec,pizza,S-1-5-21-2352865859-2334931103-2005901029-1001,,,,,,MicrosoftAccount:user=pizzahuthacker@gmail.com,,,,,,,,,,,,,0,,,,,,,,
3095,2026-04-01 17:17:55.981344+00:00,5379,Microsoft-Windows-Security-Auditing,,,,,,,,,,,,,,3780,,,1,,,,,,,,,,,,,,,,,,,,,,,,,,,,,,,,,,,,,,,,,,,,,,,,,,,,,,,,,,,,,,,,,,,,,2026-04-01 17:17:51.206451+00:00,,,,,,,%%8100,,,,,,,0,,,,,,NORMALVM,0x000000000003f7ec,pizza,S-1-5-21-2352865859-2334931103-2005901029-1001,,,,,,MicrosoftAccount:user=pizzahuthacker@gmail.com,,,,,,,,,,,,,0,,,,,,,,
3096,2026-04-01 17:17:55.981415+00:00,5379,Microsoft-Windows-Security-Auditing,,,,,,,,,,,,,,3780,,,1,,,,,,,,,,,,,,,,,,,,,,,,,,,,,,,,,,,,,,,,,,,,,,,,,,,,,,,,,,,,,,,,,,,,,2026-04-01 17:17:51.206451+00:00,,,,,,,%%8100,,,,,,,0,,,,,,NORMALVM,0x000000000003f7ec,pizza,S-1-5-21-2352865859-2334931103-2005901029-1001,,,,,,MicrosoftAccount:user=pizzahuthacker@gmail.com,,,,,,,,,,,,,0,,,,,,,,
3097,2026-04-01 17:17:55.981503+00:00,5379,Microsoft-Windows-Security-Auditing,,,,,,,,,,,,,,3780,,,1,,,,,,,,,,,,,,,,,,,,,,,,,,,,,,,,,,,,,,,,,,,,,,,,,,,,,,,,,,,,,,,,,,,,,2026-04-01 17:17:51.206451+00:00,,,,,,,%%8100,,,,,,,0,,,,,,NORMALVM,0x000000000003f7ec,pizza,S-1-5-21-2352865859-2334931103-2005901029-1001,,,,,,MicrosoftAccount:user=pizzahuthacker@gmail.com,,,,,,,,,,,,,0,,,,,,,,
3098,2026-04-01 17:17:55.981592+00:00,5379,Microsoft-Windows-Security-Auditing,,,,,,,,,,,,,,3780,,,1,,,,,,,,,,,,,,,,,,,,,,,,,,,,,,,,,,,,,,,,,,,,,,,,,,,,,,,,,,,,,,,,,,,,,2026-04-01 17:17:51.206451+00:00,,,,,,,%%8100,,,,,,,0,,,,,,NORMALVM,0x000000000003f7ec,pizza,S-1-5-21-2352865859-2334931103-2005901029-1001,,,,,,MicrosoftAccount:user=pizzahuthacker@gmail.com,,,,,,,,,,,,,0,,,,,,,,
3099,2026-04-01 17:17:55.981682+00:00,5379,Microsoft-Windows-Security-Auditing,,,,,,,,,,,,,,3780,,,1,,,,,,,,,,,,,,,,,,,,,,,,,,,,,,,,,,,,,,,,,,,,,,,,,,,,,,,,,,,,,,,,,,,,,2026-04-01 17:17:51.206451+00:00,,,,,,,%%8100,,,,,,,0,,,,,,NORMALVM,0x000000000003f7ec,pizza,S-1-5-21-2352865859-2334931103-2005901029-1001,,,,,,MicrosoftAccount:user=pizzahuthacker@gmail.com,,,,,,,,,,,,,0,,,,,,,,
