2348,2026-04-01 16:50:27.035555+00:00,5379,Microsoft-Windows-Security-Auditing,,,,,,,,,,,,,,2452,,,1,,,,,,,,,,,,,,,,,,,,,,,,,,,,,,,,,,,,,,,,,,,,,,,,,,,,,,,,,,,,,,,,,,,,,2026-04-01 16:43:51.213001+00:00,,,,,,,%%8100,,,,,,,0,,,,,,NORMALVM,0x00000000001d0778,pizza,S-1-5-21-2352865859-2334931103-2005901029-1001,,,,,,MicrosoftAccount:user=pizzahuthacker@gmail.com,,,,,,,,,,,,,0,,,,,,,,
2349,2026-04-01 16:50:27.035692+00:00,5379,Microsoft-Windows-Security-Auditing,,,,,,,,,,,,,,2452,,,1,,,,,,,,,,,,,,,,,,,,,,,,,,,,,,,,,,,,,,,,,,,,,,,,,,,,,,,,,,,,,,,,,,,,,2026-04-01 16:43:51.213001+00:00,,,,,,,%%8100,,,,,,,0,,,,,,NORMALVM,0x00000000001d0778,pizza,S-1-5-21-2352865859-2334931103-2005901029-1001,,,,,,MicrosoftAccount:user=pizzahuthacker@gmail.com,,,,,,,,,,,,,0,,,,,,,,
2350,2026-04-01 16:50:27.035788+00:00,5379,Microsoft-Windows-Security-Auditing,,,,,,,,,,,,,,2452,,,1,,,,,,,,,,,,,,,,,,,,,,,,,,,,,,,,,,,,,,,,,,,,,,,,,,,,,,,,,,,,,,,,,,,,,2026-04-01 16:43:51.213001+00:00,,,,,,,%%8100,,,,,,,0,,,,,,NORMALVM,0x00000000001d0778,pizza,S-1-5-21-2352865859-2334931103-2005901029-1001,,,,,,MicrosoftAccount:user=pizzahuthacker@gmail.com,,,,,,,,,,,,,0,,,,,,,,
2351,2026-04-01 16:50:27.035896+00:00,5379,Microsoft-Windows-Security-Auditing,,,,,,,,,,,,,,2452,,,1,,,,,,,,,,,,,,,,,,,,,,,,,,,,,,,,,,,,,,,,,,,,,,,,,,,,,,,,,,,,,,,,,,,,,2026-04-01 16:43:51.213001+00:00,,,,,,,%%8100,,,,,,,0,,,,,,NORMALVM,0x00000000001d0778,pizza,S-1-5-21-2352865859-2334931103-2005901029-1001,,,,,,MicrosoftAccount:user=pizzahuthacker@gmail.com,,,,,,,,,,,,,0,,,,,,,,
2352,2026-04-01 16:50:27.035978+00:00,5379,Microsoft-Windows-Security-Auditing,,,,,,,,,,,,,,2452,,,1,,,,,,,,,,,,,,,,,,,,,,,,,,,,,,,,,,,,,,,,,,,,,,,,,,,,,,,,,,,,,,,,,,,,,2026-04-01 16:43:51.213001+00:00,,,,,,,%%8100,,,,,,,0,,,,,,NORMALVM,0x00000000001d0778,pizza,S-1-5-21-2352865859-2334931103-2005901029-1001,,,,,,MicrosoftAccount:user=pizzahuthacker@gmail.com,,,,,,,,,,,,,0,,,,,,,,
2353,2026-04-01 16:50:27.036070+00:00,5379,Microsoft-Windows-Security-Auditing,,,,,,,,,,,,,,2452,,,1,,,,,,,,,,,,,,,,,,,,,,,,,,,,,,,,,,,,,,,,,,,,,,,,,,,,,,,,,,,,,,,,,,,,,2026-04-01 16:43:51.213001+00:00,,,,,,,%%8100,,,,,,,0,,,,,,NORMALVM,0x00000000001d0778,pizza,S-1-5-21-2352865859-2334931103-2005901029-1001,,,,,,MicrosoftAccount:user=pizzahuthacker@gmail.com,,,,,,,,,,,,,0,,,,,,,,
2354,2026-04-01 16:50:27.036146+00:00,5379,Microsoft-Windows-Security-Auditing,,,,,,,,,,,,,,2452,,,1,,,,,,,,,,,,,,,,,,,,,,,,,,,,,,,,,,,,,,,,,,,,,,,,,,,,,,,,,,,,,,,,,,,,,2026-04-01 16:43:51.213001+00:00,,,,,,,%%8100,,,,,,,0,,,,,,NORMALVM,0x00000000001d0778,pizza,S-1-5-21-2352865859-2334931103-2005901029-1001,,,,,,MicrosoftAccount:user=pizzahuthacker@gmail.com,,,,,,,,,,,,,0,,,,,,,,
2355,2026-04-01 16:50:27.036236+00:00,5379,Microsoft-Windows-Security-Auditing,,,,,,,,,,,,,,2452,,,1,,,,,,,,,,,,,,,,,,,,,,,,,,,,,,,,,,,,,,,,,,,,,,,,,,,,,,,,,,,,,,,,,,,,,2026-04-01 16:43:51.213001+00:00,,,,,,,%%8100,,,,,,,0,,,,,,NORMALVM,0x00000000001d0778,pizza,S-1-5-21-2352865859-2334931103-2005901029-1001,,,,,,MicrosoftAccount:user=pizzahuthacker@gmail.com,,,,,,,,,,,,,0,,,,,,,,
2356,2026-04-01 16:50:27.036322+00:00,5379,Microsoft-Windows-Security-Auditing,,,,,,,,,,,,,,2452,,,1,,,,,,,,,,,,,,,,,,,,,,,,,,,,,,,,,,,,,,,,,,,,,,,,,,,,,,,,,,,,,,,,,,,,,2026-04-01 16:43:51.213001+00:00,,,,,,,%%8100,,,,,,,0,,,,,,NORMALVM,0x00000000001d0778,pizza,S-1-5-21-2352865859-2334931103-2005901029-1001,,,,,,MicrosoftAccount:user=pizzahuthacker@gmail.com,,,,,,,,,,,,,0,,,,,,,,
2357,2026-04-01 16:50:27.036407+00:00,5379,Microsoft-Windows-Security-Auditing,,,,,,,,,,,,,,2452,,,1,,,,,,,,,,,,,,,,,,,,,,,,,,,,,,,,,,,,,,,,,,,,,,,,,,,,,,,,,,,,,,,,,,,,,2026-04-01 16:43:51.213001+00:00,,,,,,,%%8100,,,,,,,0,,,,,,NORMALVM,0x00000000001d0778,pizza,S-1-5-21-2352865859-2334931103-2005901029-1001,,,,,,MicrosoftAccount:user=pizzahuthacker@gmail.com,,,,,,,,,,,,,0,,,,,,,,
2358,2026-04-01 16:50:27.036482+00:00,5379,Microsoft-Windows-Security-Auditing,,,,,,,,,,,,,,2452,,,1,,,,,,,,,,,,,,,,,,,,,,,,,,,,,,,,,,,,,,,,,,,,,,,,,,,,,,,,,,,,,,,,,,,,,2026-04-01 16:43:51.213001+00:00,,,,,,,%%8100,,,,,,,0,,,,,,NORMALVM,0x00000000001d0778,pizza,S-1-5-21-2352865859-2334931103-2005901029-1001,,,,,,MicrosoftAccount:user=pizzahuthacker@gmail.com,,,,,,,,,,,,,0,,,,,,,,
2359,2026-04-01 16:50:27.036572+00:00,5379,Microsoft-Windows-Security-Auditing,,,,,,,,,,,,,,2452,,,1,,,,,,,,,,,,,,,,,,,,,,,,,,,,,,,,,,,,,,,,,,,,,,,,,,,,,,,,,,,,,,,,,,,,,2026-04-01 16:43:51.213001+00:00,,,,,,,%%8100,,,,,,,0,,,,,,NORMALVM,0x00000000001d0778,pizza,S-1-5-21-2352865859-2334931103-2005901029-1001,,,,,,MicrosoftAccount:user=pizzahuthacker@gmail.com,,,,,,,,,,,,,0,,,,,,,,
2360,2026-04-01 16:50:27.037462+00:00,5379,Microsoft-Windows-Security-Auditing,,,,,,,,,,,,,,2452,,,1,,,,,,,,,,,,,,,,,,,,,,,,,,,,,,,,,,,,,,,,,,,,,,,,,,,,,,,,,,,,,,,,,,,,,2026-04-01 16:43:51.213001+00:00,,,,,,,%%8100,,,,,,,0,,,,,,NORMALVM,0x00000000001d0778,pizza,S-1-5-21-2352865859-2334931103-2005901029-1001,,,,,,MicrosoftAccount:user=pizzahuthacker@gmail.com,,,,,,,,,,,,,0,,,,,,,,
2361,2026-04-01 16:50:27.037693+00:00,5379,Microsoft-Windows-Security-Auditing,,,,,,,,,,,,,,2452,,,1,,,,,,,,,,,,,,,,,,,,,,,,,,,,,,,,,,,,,,,,,,,,,,,,,,,,,,,,,,,,,,,,,,,,,2026-04-01 16:43:51.213001+00:00,,,,,,,%%8100,,,,,,,0,,,,,,NORMALVM,0x00000000001d0778,pizza,S-1-5-21-2352865859-2334931103-2005901029-1001,,,,,,MicrosoftAccount:user=pizzahuthacker@gmail.com,,,,,,,,,,,,,0,,,,,,,,
2362,2026-04-01 16:50:27.037964+00:00,5379,Microsoft-Windows-Security-Auditing,,,,,,,,,,,,,,2452,,,1,,,,,,,,,,,,,,,,,,,,,,,,,,,,,,,,,,,,,,,,,,,,,,,,,,,,,,,,,,,,,,,,,,,,,2026-04-01 16:43:51.213001+00:00,,,,,,,%%8100,,,,,,,0,,,,,,NORMALVM,0x00000000001d0778,pizza,S-1-5-21-2352865859-2334931103-2005901029-1001,,,,,,MicrosoftAccount:user=pizzahuthacker@gmail.com,,,,,,,,,,,,,0,,,,,,,,
2363,2026-04-01 16:50:27.038061+00:00,5379,Microsoft-Windows-Security-Auditing,,,,,,,,,,,,,,2452,,,1,,,,,,,,,,,,,,,,,,,,,,,,,,,,,,,,,,,,,,,,,,,,,,,,,,,,,,,,,,,,,,,,,,,,,2026-04-01 16:43:51.213001+00:00,,,,,,,%%8100,,,,,,,0,,,,,,NORMALVM,0x00000000001d0778,pizza,S-1-5-21-2352865859-2334931103-2005901029-1001,,,,,,MicrosoftAccount:user=pizzahuthacker@gmail.com,,,,,,,,,,,,,0,,,,,,,,
2364,2026-04-01 16:50:27.038179+00:00,5379,Microsoft-Windows-Security-Auditing,,,,,,,,,,,,,,2452,,,1,,,,,,,,,,,,,,,,,,,,,,,,,,,,,,,,,,,,,,,,,,,,,,,,,,,,,,,,,,,,,,,,,,,,,2026-04-01 16:43:51.213001+00:00,,,,,,,%%8100,,,,,,,0,,,,,,NORMALVM,0x00000000001d0778,pizza,S-1-5-21-2352865859-2334931103-2005901029-1001,,,,,,MicrosoftAccount:user=pizzahuthacker@gmail.com,,,,,,,,,,,,,0,,,,,,,,
2365,2026-04-01 16:50:27.038252+00:00,5379,Microsoft-Windows-Security-Auditing,,,,,,,,,,,,,,2452,,,1,,,,,,,,,,,,,,,,,,,,,,,,,,,,,,,,,,,,,,,,,,,,,,,,,,,,,,,,,,,,,,,,,,,,,2026-04-01 16:43:51.213001+00:00,,,,,,,%%8100,,,,,,,0,,,,,,NORMALVM,0x00000000001d0778,pizza,S-1-5-21-2352865859-2334931103-2005901029-1001,,,,,,MicrosoftAccount:user=pizzahuthacker@gmail.com,,,,,,,,,,,,,0,,,,,,,,
2366,2026-04-01 16:50:27.038359+00:00,5379,Microsoft-Windows-Security-Auditing,,,,,,,,,,,,,,2452,,,1,,,,,,,,,,,,,,,,,,,,,,,,,,,,,,,,,,,,,,,,,,,,,,,,,,,,,,,,,,,,,,,,,,,,,2026-04-01 16:43:51.213001+00:00,,,,,,,%%8100,,,,,,,0,,,,,,NORMALVM,0x00000000001d0778,pizza,S-1-5-21-2352865859-2334931103-2005901029-1001,,,,,,MicrosoftAccount:user=pizzahuthacker@gmail.com,,,,,,,,,,,,,0,,,,,,,,
2367,2026-04-01 16:50:27.038546+00:00,5379,Microsoft-Windows-Security-Auditing,,,,,,,,,,,,,,2452,,,1,,,,,,,,,,,,,,,,,,,,,,,,,,,,,,,,,,,,,,,,,,,,,,,,,,,,,,,,,,,,,,,,,,,,,2026-04-01 16:43:51.213001+00:00,,,,,,,%%8100,,,,,,,0,,,,,,NORMALVM,0x00000000001d0778,pizza,S-1-5-21-2352865859-2334931103-2005901029-1001,,,,,,MicrosoftAccount:user=pizzahuthacker@gmail.com,,,,,,,,,,,,,0,,,,,,,,
2368,2026-04-01 16:50:27.038664+00:00,5379,Microsoft-Windows-Security-Auditing,,,,,,,,,,,,,,2452,,,1,,,,,,,,,,,,,,,,,,,,,,,,,,,,,,,,,,,,,,,,,,,,,,,,,,,,,,,,,,,,,,,,,,,,,2026-04-01 16:43:51.213001+00:00,,,,,,,%%8100,,,,,,,0,,,,,,NORMALVM,0x00000000001d0778,pizza,S-1-5-21-2352865859-2334931103-2005901029-1001,,,,,,MicrosoftAccount:user=pizzahuthacker@gmail.com,,,,,,,,,,,,,0,,,,,,,,
2369,2026-04-01 16:50:27.038734+00:00,5379,Microsoft-Windows-Security-Auditing,,,,,,,,,,,,,,2452,,,1,,,,,,,,,,,,,,,,,,,,,,,,,,,,,,,,,,,,,,,,,,,,,,,,,,,,,,,,,,,,,,,,,,,,,2026-04-01 16:43:51.213001+00:00,,,,,,,%%8100,,,,,,,0,,,,,,NORMALVM,0x00000000001d0778,pizza,S-1-5-21-2352865859-2334931103-2005901029-1001,,,,,,MicrosoftAccount:user=pizzahuthacker@gmail.com,,,,,,,,,,,,,0,,,,,,,,
2370,2026-04-01 16:50:27.038828+00:00,5379,Microsoft-Windows-Security-Auditing,,,,,,,,,,,,,,2452,,,1,,,,,,,,,,,,,,,,,,,,,,,,,,,,,,,,,,,,,,,,,,,,,,,,,,,,,,,,,,,,,,,,,,,,,2026-04-01 16:43:51.213001+00:00,,,,,,,%%8100,,,,,,,0,,,,,,NORMALVM,0x00000000001d0778,pizza,S-1-5-21-2352865859-2334931103-2005901029-1001,,,,,,MicrosoftAccount:user=pizzahuthacker@gmail.com,,,,,,,,,,,,,0,,,,,,,,
2371,2026-04-01 16:50:27.038895+00:00,5379,Microsoft-Windows-Security-Auditing,,,,,,,,,,,,,,2452,,,1,,,,,,,,,,,,,,,,,,,,,,,,,,,,,,,,,,,,,,,,,,,,,,,,,,,,,,,,,,,,,,,,,,,,,2026-04-01 16:43:51.213001+00:00,,,,,,,%%8100,,,,,,,0,,,,,,NORMALVM,0x00000000001d0778,pizza,S-1-5-21-2352865859-2334931103-2005901029-1001,,,,,,MicrosoftAccount:user=pizzahuthacker@gmail.com,,,,,,,,,,,,,0,,,,,,,,
2372,2026-04-01 16:50:27.038986+00:00,5379,Microsoft-Windows-Security-Auditing,,,,,,,,,,,,,,2452,,,1,,,,,,,,,,,,,,,,,,,,,,,,,,,,,,,,,,,,,,,,,,,,,,,,,,,,,,,,,,,,,,,,,,,,,2026-04-01 16:43:51.213001+00:00,,,,,,,%%8100,,,,,,,0,,,,,,NORMALVM,0x00000000001d0778,pizza,S-1-5-21-2352865859-2334931103-2005901029-1001,,,,,,MicrosoftAccount:user=pizzahuthacker@gmail.com,,,,,,,,,,,,,0,,,,,,,,
2373,2026-04-01 16:50:27.039053+00:00,5379,Microsoft-Windows-Security-Auditing,,,,,,,,,,,,,,2452,,,1,,,,,,,,,,,,,,,,,,,,,,,,,,,,,,,,,,,,,,,,,,,,,,,,,,,,,,,,,,,,,,,,,,,,,2026-04-01 16:43:51.213001+00:00,,,,,,,%%8100,,,,,,,0,,,,,,NORMALVM,0x00000000001d0778,pizza,S-1-5-21-2352865859-2334931103-2005901029-1001,,,,,,MicrosoftAccount:user=pizzahuthacker@gmail.com,,,,,,,,,,,,,0,,,,,,,,
2374,2026-04-01 16:50:27.039150+00:00,5379,Microsoft-Windows-Security-Auditing,,,,,,,,,,,,,,2452,,,1,,,,,,,,,,,,,,,,,,,,,,,,,,,,,,,,,,,,,,,,,,,,,,,,,,,,,,,,,,,,,,,,,,,,,2026-04-01 16:43:51.213001+00:00,,,,,,,%%8100,,,,,,,0,,,,,,NORMALVM,0x00000000001d0778,pizza,S-1-5-21-2352865859-2334931103-2005901029-1001,,,,,,MicrosoftAccount:user=pizzahuthacker@gmail.com,,,,,,,,,,,,,0,,,,,,,,
2375,2026-04-01 16:50:27.039301+00:00,5379,Microsoft-Windows-Security-Auditing,,,,,,,,,,,,,,2452,,,1,,,,,,,,,,,,,,,,,,,,,,,,,,,,,,,,,,,,,,,,,,,,,,,,,,,,,,,,,,,,,,,,,,,,,2026-04-01 16:43:51.213001+00:00,,,,,,,%%8100,,,,,,,0,,,,,,NORMALVM,0x00000000001d0778,pizza,S-1-5-21-2352865859-2334931103-2005901029-1001,,,,,,MicrosoftAccount:user=pizzahuthacker@gmail.com,,,,,,,,,,,,,0,,,,,,,,
2376,2026-04-01 16:50:27.496065+00:00,5379,Microsoft-Windows-Security-Auditing,,,,,,,,,,,,,,2452,,,0,,,,,,,,,,,,,,,,,,,,,,,,,,,,,,,,,,,,,,,,,,,,,,,,,,,,,,,,,,,,,,,,,,,,,2026-04-01 16:43:51.213001+00:00,,,,,,,%%8100,,,,,,,3221226021,,,,,,NORMALVM,0x00000000001d0778,pizza,S-1-5-21-2352865859-2334931103-2005901029-1001,,,,,,MicrosoftAccount:user=02hajktffambuots,,,,,,,,,,,,,0,,,,,,,,
2377,2026-04-01 16:50:27.496124+00:00,5379,Microsoft-Windows-Security-Auditing,,,,,,,,,,,,,,2452,,,0,,,,,,,,,,,,,,,,,,,,,,,,,,,,,,,,,,,,,,,,,,,,,,,,,,,,,,,,,,,,,,,,,,,,,2026-04-01 16:43:51.213001+00:00,,,,,,,%%8100,,,,,,,3221226021,,,,,,NORMALVM,0x00000000001d0778,pizza,S-1-5-21-2352865859-2334931103-2005901029-1001,,,,,,WindowsLive:(token):name=02hajktffambuots;serviceuri=*,,,,,,,,,,,,,0,,,,,,,,
2378,2026-04-01 16:50:27.496458+00:00,5379,Microsoft-Windows-Security-Auditing,,,,,,,,,,,,,,2452,,,0,,,,,,,,,,,,,,,,,,,,,,,,,,,,,,,,,,,,,,,,,,,,,,,,,,,,,,,,,,,,,,,,,,,,,2026-04-01 16:43:51.213001+00:00,,,,,,,%%8100,,,,,,,3221226021,,,,,,NORMALVM,0x00000000001d0778,pizza,S-1-5-21-2352865859-2334931103-2005901029-1001,,,,,,WindowsLive:(cert):name=02hajktffambuots;serviceuri=*,,,,,,,,,,,,,0,,,,,,,,
2379,2026-04-01 16:50:27.618923+00:00,5379,Microsoft-Windows-Security-Auditing,,,,,,,,,,,,,,2452,,,0,,,,,,,,,,,,,,,,,,,,,,,,,,,,,,,,,,,,,,,,,,,,,,,,,,,,,,,,,,,,,,,,,,,,,2026-04-01 16:43:51.213001+00:00,,,,,,,%%8100,,,,,,,3221226021,,,,,,NORMALVM,0x00000000001d0778,pizza,S-1-5-21-2352865859-2334931103-2005901029-1001,,,,,,MicrosoftAccount:user=02hajktffambuots,,,,,,,,,,,,,0,,,,,,,,
2380,2026-04-01 16:50:27.623802+00:00,5379,Microsoft-Windows-Security-Auditing,,,,,,,,,,,,,,2452,,,0,,,,,,,,,,,,,,,,,,,,,,,,,,,,,,,,,,,,,,,,,,,,,,,,,,,,,,,,,,,,,,,,,,,,,2026-04-01 16:43:51.213001+00:00,,,,,,,%%8100,,,,,,,3221226021,,,,,,NORMALVM,0x00000000001d0778,pizza,S-1-5-21-2352865859-2334931103-2005901029-1001,,,,,,MicrosoftAccount:user=02hajktffambuots,,,,,,,,,,,,,0,,,,,,,,
2381,2026-04-01 16:50:27.626942+00:00,5379,Microsoft-Windows-Security-Auditing,,,,,,,,,,,,,,2452,,,0,,,,,,,,,,,,,,,,,,,,,,,,,,,,,,,,,,,,,,,,,,,,,,,,,,,,,,,,,,,,,,,,,,,,,2026-04-01 16:43:51.213001+00:00,,,,,,,%%8100,,,,,,,3221226021,,,,,,NORMALVM,0x00000000001d0778,pizza,S-1-5-21-2352865859-2334931103-2005901029-1001,,,,,,MicrosoftAccount:user=02hajktffambuots,,,,,,,,,,,,,0,,,,,,,,
2382,2026-04-01 16:50:27.626993+00:00,5379,Microsoft-Windows-Security-Auditing,,,,,,,,,,,,,,2452,,,0,,,,,,,,,,,,,,,,,,,,,,,,,,,,,,,,,,,,,,,,,,,,,,,,,,,,,,,,,,,,,,,,,,,,,2026-04-01 16:43:51.213001+00:00,,,,,,,%%8100,,,,,,,3221226021,,,,,,NORMALVM,0x00000000001d0778,pizza,S-1-5-21-2352865859-2334931103-2005901029-1001,,,,,,MicrosoftAccount:user=02hajktffambuots,,,,,,,,,,,,,0,,,,,,,,
2383,2026-04-01 16:50:27.716990+00:00,5061,Microsoft-Windows-Security-Auditing,,,,,,,,UNKNOWN,,,,,,,,,,,,,,,,,,,,,,,,,,,,,,,,,,,1c6b2d13a42e19ff,%%2500,,,,,,,,,,,,,,,,,,,,,,,,,,,,,,,,,%%2480,,,,,,,,,,,,,Microsoft Software Key Storage Provider,,,,,,,,,,0x80090016,,,,,,NT AUTHORITY,0x00000000000003e5,LOCAL SERVICE,S-1-5-19,,,,,,,,,,,,,,,,,,,,,,,,,,,
2384,2026-04-01 16:50:27.717581+00:00,5061,Microsoft-Windows-Security-Auditing,,,,,,,,UNKNOWN,,,,,,,,,,,,,,,,,,,,,,,,,,,,,,,,,,,1c6b2d13a42e19ff,%%2500,,,,,,,,,,,,,,,,,,,,,,,,,,,,,,,,,%%2480,,,,,,,,,,,,,Microsoft Software Key Storage Provider,,,,,,,,,,0x80090016,,,,,,NT AUTHORITY,0x00000000000003e5,LOCAL SERVICE,S-1-5-19,,,,,,,,,,,,,,,,,,,,,,,,,,,
2385,2026-04-01 16:50:27.718504+00:00,5061,Microsoft-Windows-Security-Auditing,,,,,,,,UNKNOWN,,,,,,,,,,,,,,,,,,,,,,,,,,,,,,,,,,,1c6b2d13a42e19ff,%%2500,,,,,,,,,,,,,,,,,,,,,,,,,,,,,,,,,%%2480,,,,,,,,,,,,,Microsoft Software Key Storage Provider,,,,,,,,,,0x80090016,,,,,,NT AUTHORITY,0x00000000000003e5,LOCAL SERVICE,S-1-5-19,,,,,,,,,,,,,,,,,,,,,,,,,,,
2386,2026-04-01 16:50:27.719875+00:00,5058,Microsoft-Windows-Security-Auditing,,,,,,,,ECDSA_P256,,,,,2026-04-01 16:32:00.056252+00:00,3748,,,,,,,,,,,,,,,,,,,,,,,,,,,C:\WINDOWS\ServiceProfiles\LocalService\AppData\Roaming\Microsoft\Crypto\Keys\bbd5f57649bf312ade2b6701c8a8282b_8a77c4b8-41bd-4429-86d0-b73425f5c602,,1c6b2d13a42e19ff,%%2500,,,,,,,,,,,,,,,,,,,,,,,,,,,,,,,,,%%2459,,,,,,,,,,,,,Microsoft Software Key Storage Provider,,,,,,,,,,0x00000000,,,,,,NT AUTHORITY,0x00000000000003e5,LOCAL SERVICE,S-1-5-19,,,,,,,,,,,,,,,,,,,,,,,,,,,
2387,2026-04-01 16:50:27.720608+00:00,5061,Microsoft-Windows-Security-Auditing,,,,,,,,ECDSA_P256,,,,,,,,,,,,,,,,,,,,,,,,,,,,,,,,,,,1c6b2d13a42e19ff,%%2500,,,,,,,,,,,,,,,,,,,,,,,,,,,,,,,,,%%2481,,,,,,,,,,,,,Microsoft Software Key Storage Provider,,,,,,,,,,0x00000000,,,,,,NT AUTHORITY,0x00000000000003e5,LOCAL SERVICE,S-1-5-19,,,,,,,,,,,,,,,,,,,,,,,,,,,
2388,2026-04-01 16:50:27.721144+00:00,5058,Microsoft-Windows-Security-Auditing,,,,,,,,UNKNOWN,,,,,2026-04-01 16:32:00.056252+00:00,3748,,,,,,,,,,,,,,,,,,,,,,,,,,,C:\WINDOWS\ServiceProfiles\LocalService\AppData\Roaming\Microsoft\Crypto\Keys\bbd5f57649bf312ade2b6701c8a8282b_8a77c4b8-41bd-4429-86d0-b73425f5c602,,1c6b2d13a42e19ff,%%2500,,,,,,,,,,,,,,,,,,,,,,,,,,,,,,,,,%%2458,,,,,,,,,,,,,Microsoft Software Key Storage Provider,,,,,,,,,,0x00000000,,,,,,NT AUTHORITY,0x00000000000003e5,LOCAL SERVICE,S-1-5-19,,,,,,,,,,,,,,,,,,,,,,,,,,,
2389,2026-04-01 16:50:27.721310+00:00,5061,Microsoft-Windows-Security-Auditing,,,,,,,,ECDSA_P256,,,,,,,,,,,,,,,,,,,,,,,,,,,,,,,,,,,1c6b2d13a42e19ff,%%2500,,,,,,,,,,,,,,,,,,,,,,,,,,,,,,,,,%%2480,,,,,,,,,,,,,Microsoft Software Key Storage Provider,,,,,,,,,,0x00000000,,,,,,NT AUTHORITY,0x00000000000003e5,LOCAL SERVICE,S-1-5-19,,,,,,,,,,,,,,,,,,,,,,,,,,,
2390,2026-04-01 16:50:27.721537+00:00,5059,Microsoft-Windows-Security-Auditing,,,,,,,,ECDSA_P256,,,,,2026-04-01 16:32:00.056252+00:00,3748,,,,,,,,,,,,,,,,,,,,,,,,,,,,,1c6b2d13a42e19ff,%%2500,,,,,,,,,,,,,,,,,,,,,,,,,,,,,,,,,%%2464,,,,,,,,,,,,,Microsoft Software Key Storage Provider,,,,,,,,,,0x00000000,,,,,,NT AUTHORITY,0x00000000000003e5,LOCAL SERVICE,S-1-5-19,,,,,,,,,,,,,,,,,,,,,,,,,,,
2391,2026-04-01 16:50:27.721672+00:00,5059,Microsoft-Windows-Security-Auditing,,,,,,,,ECDSA_P256,,,,,2026-04-01 16:32:00.056252+00:00,3748,,,,,,,,,,,,,,,,,,,,,,,,,,,,,1c6b2d13a42e19ff,%%2500,,,,,,,,,,,,,,,,,,,,,,,,,,,,,,,,,%%2464,,,,,,,,,,,,,Microsoft Software Key Storage Provider,,,,,,,,,,0x00000000,,,,,,NT AUTHORITY,0x00000000000003e5,LOCAL SERVICE,S-1-5-19,,,,,,,,,,,,,,,,,,,,,,,,,,,
2392,2026-04-01 16:50:27.723055+00:00,5059,Microsoft-Windows-Security-Auditing,,,,,,,,ECDSA_P256,,,,,2026-04-01 16:32:00.056252+00:00,3748,,,,,,,,,,,,,,,,,,,,,,,,,,,,,1c6b2d13a42e19ff,%%2500,,,,,,,,,,,,,,,,,,,,,,,,,,,,,,,,,%%2464,,,,,,,,,,,,,Microsoft Software Key Storage Provider,,,,,,,,,,0x00000000,,,,,,NT AUTHORITY,0x00000000000003e5,LOCAL SERVICE,S-1-5-19,,,,,,,,,,,,,,,,,,,,,,,,,,,
2393,2026-04-01 16:50:27.754698+00:00,5379,Microsoft-Windows-Security-Auditing,,,,,,,,,,,,,,2452,,,1,,,,,,,,,,,,,,,,,,,,,,,,,,,,,,,,,,,,,,,,,,,,,,,,,,,,,,,,,,,,,,,,,,,,,2026-04-01 16:43:51.213001+00:00,,,,,,,%%8100,,,,,,,0,,,,,,NORMALVM,0x00000000001d0778,pizza,S-1-5-21-2352865859-2334931103-2005901029-1001,,,,,,MicrosoftAccount:user=pizzahuthacker@gmail.com,,,,,,,,,,,,,0,,,,,,,,
2394,2026-04-01 16:50:27.755512+00:00,5379,Microsoft-Windows-Security-Auditing,,,,,,,,,,,,,,2452,,,0,,,,,,,,,,,,,,,,,,,,,,,,,,,,,,,,,,,,,,,,,,,,,,,,,,,,,,,,,,,,,,,,,,,,,2026-04-01 16:43:51.213001+00:00,,,,,,,%%8100,,,,,,,3221226021,,,,,,NORMALVM,0x00000000001d0778,pizza,S-1-5-21-2352865859-2334931103-2005901029-1001,,,,,,WindowsLive:(token):name=pizzahuthacker@gmail.com;serviceuri=*,,,,,,,,,,,,,0,,,,,,,,
2395,2026-04-01 16:50:27.755554+00:00,5379,Microsoft-Windows-Security-Auditing,,,,,,,,,,,,,,2452,,,0,,,,,,,,,,,,,,,,,,,,,,,,,,,,,,,,,,,,,,,,,,,,,,,,,,,,,,,,,,,,,,,,,,,,,2026-04-01 16:43:51.213001+00:00,,,,,,,%%8100,,,,,,,3221226021,,,,,,NORMALVM,0x00000000001d0778,pizza,S-1-5-21-2352865859-2334931103-2005901029-1001,,,,,,WindowsLive:(cert):name=pizzahuthacker@gmail.com;serviceuri=*,,,,,,,,,,,,,0,,,,,,,,
2396,2026-04-01 16:50:27.766253+00:00,5379,Microsoft-Windows-Security-Auditing,,,,,,,,,,,,,,2452,,,1,,,,,,,,,,,,,,,,,,,,,,,,,,,,,,,,,,,,,,,,,,,,,,,,,,,,,,,,,,,,,,,,,,,,,2026-04-01 16:43:51.213001+00:00,,,,,,,%%8100,,,,,,,0,,,,,,NORMALVM,0x00000000001d0778,pizza,S-1-5-21-2352865859-2334931103-2005901029-1001,,,,,,MicrosoftAccount:user=pizzahuthacker@gmail.com,,,,,,,,,,,,,0,,,,,,,,
2397,2026-04-01 16:50:27.767408+00:00,5379,Microsoft-Windows-Security-Auditing,,,,,,,,,,,,,,2452,,,1,,,,,,,,,,,,,,,,,,,,,,,,,,,,,,,,,,,,,,,,,,,,,,,,,,,,,,,,,,,,,,,,,,,,,2026-04-01 16:43:51.213001+00:00,,,,,,,%%8100,,,,,,,0,,,,,,NORMALVM,0x00000000001d0778,pizza,S-1-5-21-2352865859-2334931103-2005901029-1001,,,,,,MicrosoftAccount:user=pizzahuthacker@gmail.com,,,,,,,,,,,,,0,,,,,,,,
2398,2026-04-01 16:50:27.930464+00:00,5379,Microsoft-Windows-Security-Auditing,,,,,,,,,,,,,,2452,,,1,,,,,,,,,,,,,,,,,,,,,,,,,,,,,,,,,,,,,,,,,,,,,,,,,,,,,,,,,,,,,,,,,,,,,2026-04-01 16:43:51.213001+00:00,,,,,,,%%8100,,,,,,,0,,,,,,NORMALVM,0x00000000001d0778,pizza,S-1-5-21-2352865859-2334931103-2005901029-1001,,,,,,MicrosoftAccount:user=pizzahuthacker@gmail.com,,,,,,,,,,,,,0,,,,,,,,
2399,2026-04-01 16:50:27.930681+00:00,5379,Microsoft-Windows-Security-Auditing,,,,,,,,,,,,,,2452,,,1,,,,,,,,,,,,,,,,,,,,,,,,,,,,,,,,,,,,,,,,,,,,,,,,,,,,,,,,,,,,,,,,,,,,,2026-04-01 16:43:51.213001+00:00,,,,,,,%%8100,,,,,,,0,,,,,,NORMALVM,0x00000000001d0778,pizza,S-1-5-21-2352865859-2334931103-2005901029-1001,,,,,,MicrosoftAccount:user=pizzahuthacker@gmail.com,,,,,,,,,,,,,0,,,,,,,,
2400,2026-04-01 16:50:27.930984+00:00,5379,Microsoft-Windows-Security-Auditing,,,,,,,,,,,,,,2452,,,1,,,,,,,,,,,,,,,,,,,,,,,,,,,,,,,,,,,,,,,,,,,,,,,,,,,,,,,,,,,,,,,,,,,,,2026-04-01 16:43:51.213001+00:00,,,,,,,%%8100,,,,,,,0,,,,,,NORMALVM,0x00000000001d0778,pizza,S-1-5-21-2352865859-2334931103-2005901029-1001,,,,,,MicrosoftAccount:user=pizzahuthacker@gmail.com,,,,,,,,,,,,,0,,,,,,,,
2401,2026-04-01 16:50:27.931112+00:00,5379,Microsoft-Windows-Security-Auditing,,,,,,,,,,,,,,2452,,,1,,,,,,,,,,,,,,,,,,,,,,,,,,,,,,,,,,,,,,,,,,,,,,,,,,,,,,,,,,,,,,,,,,,,,2026-04-01 16:43:51.213001+00:00,,,,,,,%%8100,,,,,,,0,,,,,,NORMALVM,0x00000000001d0778,pizza,S-1-5-21-2352865859-2334931103-2005901029-1001,,,,,,MicrosoftAccount:user=pizzahuthacker@gmail.com,,,,,,,,,,,,,0,,,,,,,,
2402,2026-04-01 16:50:27.931259+00:00,5379,Microsoft-Windows-Security-Auditing,,,,,,,,,,,,,,2452,,,1,,,,,,,,,,,,,,,,,,,,,,,,,,,,,,,,,,,,,,,,,,,,,,,,,,,,,,,,,,,,,,,,,,,,,2026-04-01 16:43:51.213001+00:00,,,,,,,%%8100,,,,,,,0,,,,,,NORMALVM,0x00000000001d0778,pizza,S-1-5-21-2352865859-2334931103-2005901029-1001,,,,,,MicrosoftAccount:user=pizzahuthacker@gmail.com,,,,,,,,,,,,,0,,,,,,,,
2403,2026-04-01 16:50:27.931339+00:00,5379,Microsoft-Windows-Security-Auditing,,,,,,,,,,,,,,2452,,,1,,,,,,,,,,,,,,,,,,,,,,,,,,,,,,,,,,,,,,,,,,,,,,,,,,,,,,,,,,,,,,,,,,,,,2026-04-01 16:43:51.213001+00:00,,,,,,,%%8100,,,,,,,0,,,,,,NORMALVM,0x00000000001d0778,pizza,S-1-5-21-2352865859-2334931103-2005901029-1001,,,,,,MicrosoftAccount:user=pizzahuthacker@gmail.com,,,,,,,,,,,,,0,,,,,,,,
2404,2026-04-01 16:50:27.931568+00:00,5379,Microsoft-Windows-Security-Auditing,,,,,,,,,,,,,,2452,,,1,,,,,,,,,,,,,,,,,,,,,,,,,,,,,,,,,,,,,,,,,,,,,,,,,,,,,,,,,,,,,,,,,,,,,2026-04-01 16:43:51.213001+00:00,,,,,,,%%8100,,,,,,,0,,,,,,NORMALVM,0x00000000001d0778,pizza,S-1-5-21-2352865859-2334931103-2005901029-1001,,,,,,MicrosoftAccount:user=pizzahuthacker@gmail.com,,,,,,,,,,,,,0,,,,,,,,
2405,2026-04-01 16:50:27.931656+00:00,5379,Microsoft-Windows-Security-Auditing,,,,,,,,,,,,,,2452,,,1,,,,,,,,,,,,,,,,,,,,,,,,,,,,,,,,,,,,,,,,,,,,,,,,,,,,,,,,,,,,,,,,,,,,,2026-04-01 16:43:51.213001+00:00,,,,,,,%%8100,,,,,,,0,,,,,,NORMALVM,0x00000000001d0778,pizza,S-1-5-21-2352865859-2334931103-2005901029-1001,,,,,,MicrosoftAccount:user=pizzahuthacker@gmail.com,,,,,,,,,,,,,0,,,,,,,,
2406,2026-04-01 16:50:27.931776+00:00,5379,Microsoft-Windows-Security-Auditing,,,,,,,,,,,,,,2452,,,1,,,,,,,,,,,,,,,,,,,,,,,,,,,,,,,,,,,,,,,,,,,,,,,,,,,,,,,,,,,,,,,,,,,,,2026-04-01 16:43:51.213001+00:00,,,,,,,%%8100,,,,,,,0,,,,,,NORMALVM,0x00000000001d0778,pizza,S-1-5-21-2352865859-2334931103-2005901029-1001,,,,,,MicrosoftAccount:user=pizzahuthacker@gmail.com,,,,,,,,,,,,,0,,,,,,,,
2407,2026-04-01 16:50:27.931852+00:00,5379,Microsoft-Windows-Security-Auditing,,,,,,,,,,,,,,2452,,,1,,,,,,,,,,,,,,,,,,,,,,,,,,,,,,,,,,,,,,,,,,,,,,,,,,,,,,,,,,,,,,,,,,,,,2026-04-01 16:43:51.213001+00:00,,,,,,,%%8100,,,,,,,0,,,,,,NORMALVM,0x00000000001d0778,pizza,S-1-5-21-2352865859-2334931103-2005901029-1001,,,,,,MicrosoftAccount:user=pizzahuthacker@gmail.com,,,,,,,,,,,,,0,,,,,,,,
2408,2026-04-01 16:50:27.931965+00:00,5379,Microsoft-Windows-Security-Auditing,,,,,,,,,,,,,,2452,,,1,,,,,,,,,,,,,,,,,,,,,,,,,,,,,,,,,,,,,,,,,,,,,,,,,,,,,,,,,,,,,,,,,,,,,2026-04-01 16:43:51.213001+00:00,,,,,,,%%8100,,,,,,,0,,,,,,NORMALVM,0x00000000001d0778,pizza,S-1-5-21-2352865859-2334931103-2005901029-1001,,,,,,MicrosoftAccount:user=pizzahuthacker@gmail.com,,,,,,,,,,,,,0,,,,,,,,
2409,2026-04-01 16:50:27.932127+00:00,5379,Microsoft-Windows-Security-Auditing,,,,,,,,,,,,,,2452,,,1,,,,,,,,,,,,,,,,,,,,,,,,,,,,,,,,,,,,,,,,,,,,,,,,,,,,,,,,,,,,,,,,,,,,,2026-04-01 16:43:51.213001+00:00,,,,,,,%%8100,,,,,,,0,,,,,,NORMALVM,0x00000000001d0778,pizza,S-1-5-21-2352865859-2334931103-2005901029-1001,,,,,,MicrosoftAccount:user=pizzahuthacker@gmail.com,,,,,,,,,,,,,0,,,,,,,,
2410,2026-04-01 16:50:27.932327+00:00,5379,Microsoft-Windows-Security-Auditing,,,,,,,,,,,,,,2452,,,1,,,,,,,,,,,,,,,,,,,,,,,,,,,,,,,,,,,,,,,,,,,,,,,,,,,,,,,,,,,,,,,,,,,,,2026-04-01 16:43:51.213001+00:00,,,,,,,%%8100,,,,,,,0,,,,,,NORMALVM,0x00000000001d0778,pizza,S-1-5-21-2352865859-2334931103-2005901029-1001,,,,,,MicrosoftAccount:user=pizzahuthacker@gmail.com,,,,,,,,,,,,,0,,,,,,,,
2411,2026-04-01 16:50:27.932442+00:00,5379,Microsoft-Windows-Security-Auditing,,,,,,,,,,,,,,2452,,,1,,,,,,,,,,,,,,,,,,,,,,,,,,,,,,,,,,,,,,,,,,,,,,,,,,,,,,,,,,,,,,,,,,,,,2026-04-01 16:43:51.213001+00:00,,,,,,,%%8100,,,,,,,0,,,,,,NORMALVM,0x00000000001d0778,pizza,S-1-5-21-2352865859-2334931103-2005901029-1001,,,,,,MicrosoftAccount:user=pizzahuthacker@gmail.com,,,,,,,,,,,,,0,,,,,,,,
2412,2026-04-01 16:50:27.932558+00:00,5379,Microsoft-Windows-Security-Auditing,,,,,,,,,,,,,,2452,,,1,,,,,,,,,,,,,,,,,,,,,,,,,,,,,,,,,,,,,,,,,,,,,,,,,,,,,,,,,,,,,,,,,,,,,2026-04-01 16:43:51.213001+00:00,,,,,,,%%8100,,,,,,,0,,,,,,NORMALVM,0x00000000001d0778,pizza,S-1-5-21-2352865859-2334931103-2005901029-1001,,,,,,MicrosoftAccount:user=pizzahuthacker@gmail.com,,,,,,,,,,,,,0,,,,,,,,
2413,2026-04-01 16:50:27.932819+00:00,5379,Microsoft-Windows-Security-Auditing,,,,,,,,,,,,,,2452,,,1,,,,,,,,,,,,,,,,,,,,,,,,,,,,,,,,,,,,,,,,,,,,,,,,,,,,,,,,,,,,,,,,,,,,,2026-04-01 16:43:51.213001+00:00,,,,,,,%%8099,,,,,,,0,,,,,,NORMALVM,0x00000000001d0778,pizza,S-1-5-21-2352865859-2334931103-2005901029-1001,,,,,,MicrosoftAccount:user=pizzahuthacker@gmail.com,,,,,,,,,,,,,1,,,,,,,,
2414,2026-04-01 16:50:27.940258+00:00,5379,Microsoft-Windows-Security-Auditing,,,,,,,,,,,,,,2452,,,1,,,,,,,,,,,,,,,,,,,,,,,,,,,,,,,,,,,,,,,,,,,,,,,,,,,,,,,,,,,,,,,,,,,,,2026-04-01 16:43:51.213001+00:00,,,,,,,%%8100,,,,,,,0,,,,,,NORMALVM,0x00000000001d0778,pizza,S-1-5-21-2352865859-2334931103-2005901029-1001,,,,,,MicrosoftAccount:user=pizzahuthacker@gmail.com,,,,,,,,,,,,,0,,,,,,,,
2415,2026-04-01 16:50:27.940399+00:00,5379,Microsoft-Windows-Security-Auditing,,,,,,,,,,,,,,2452,,,1,,,,,,,,,,,,,,,,,,,,,,,,,,,,,,,,,,,,,,,,,,,,,,,,,,,,,,,,,,,,,,,,,,,,,2026-04-01 16:43:51.213001+00:00,,,,,,,%%8100,,,,,,,0,,,,,,NORMALVM,0x00000000001d0778,pizza,S-1-5-21-2352865859-2334931103-2005901029-1001,,,,,,MicrosoftAccount:user=pizzahuthacker@gmail.com,,,,,,,,,,,,,0,,,,,,,,
2416,2026-04-01 16:50:27.940535+00:00,5379,Microsoft-Windows-Security-Auditing,,,,,,,,,,,,,,2452,,,1,,,,,,,,,,,,,,,,,,,,,,,,,,,,,,,,,,,,,,,,,,,,,,,,,,,,,,,,,,,,,,,,,,,,,2026-04-01 16:43:51.213001+00:00,,,,,,,%%8100,,,,,,,0,,,,,,NORMALVM,0x00000000001d0778,pizza,S-1-5-21-2352865859-2334931103-2005901029-1001,,,,,,MicrosoftAccount:user=pizzahuthacker@gmail.com,,,,,,,,,,,,,0,,,,,,,,
2417,2026-04-01 16:50:27.940613+00:00,5379,Microsoft-Windows-Security-Auditing,,,,,,,,,,,,,,2452,,,1,,,,,,,,,,,,,,,,,,,,,,,,,,,,,,,,,,,,,,,,,,,,,,,,,,,,,,,,,,,,,,,,,,,,,2026-04-01 16:43:51.213001+00:00,,,,,,,%%8100,,,,,,,0,,,,,,NORMALVM,0x00000000001d0778,pizza,S-1-5-21-2352865859-2334931103-2005901029-1001,,,,,,MicrosoftAccount:user=pizzahuthacker@gmail.com,,,,,,,,,,,,,0,,,,,,,,
2418,2026-04-01 16:50:27.940727+00:00,5379,Microsoft-Windows-Security-Auditing,,,,,,,,,,,,,,2452,,,1,,,,,,,,,,,,,,,,,,,,,,,,,,,,,,,,,,,,,,,,,,,,,,,,,,,,,,,,,,,,,,,,,,,,,2026-04-01 16:43:51.213001+00:00,,,,,,,%%8100,,,,,,,0,,,,,,NORMALVM,0x00000000001d0778,pizza,S-1-5-21-2352865859-2334931103-2005901029-1001,,,,,,MicrosoftAccount:user=pizzahuthacker@gmail.com,,,,,,,,,,,,,0,,,,,,,,
2419,2026-04-01 16:50:27.940804+00:00,5379,Microsoft-Windows-Security-Auditing,,,,,,,,,,,,,,2452,,,1,,,,,,,,,,,,,,,,,,,,,,,,,,,,,,,,,,,,,,,,,,,,,,,,,,,,,,,,,,,,,,,,,,,,,2026-04-01 16:43:51.213001+00:00,,,,,,,%%8100,,,,,,,0,,,,,,NORMALVM,0x00000000001d0778,pizza,S-1-5-21-2352865859-2334931103-2005901029-1001,,,,,,MicrosoftAccount:user=pizzahuthacker@gmail.com,,,,,,,,,,,,,0,,,,,,,,
2420,2026-04-01 16:50:27.940905+00:00,5379,Microsoft-Windows-Security-Auditing,,,,,,,,,,,,,,2452,,,1,,,,,,,,,,,,,,,,,,,,,,,,,,,,,,,,,,,,,,,,,,,,,,,,,,,,,,,,,,,,,,,,,,,,,2026-04-01 16:43:51.213001+00:00,,,,,,,%%8100,,,,,,,0,,,,,,NORMALVM,0x00000000001d0778,pizza,S-1-5-21-2352865859-2334931103-2005901029-1001,,,,,,MicrosoftAccount:user=pizzahuthacker@gmail.com,,,,,,,,,,,,,0,,,,,,,,
2421,2026-04-01 16:50:27.941019+00:00,5379,Microsoft-Windows-Security-Auditing,,,,,,,,,,,,,,2452,,,1,,,,,,,,,,,,,,,,,,,,,,,,,,,,,,,,,,,,,,,,,,,,,,,,,,,,,,,,,,,,,,,,,,,,,2026-04-01 16:43:51.213001+00:00,,,,,,,%%8100,,,,,,,0,,,,,,NORMALVM,0x00000000001d0778,pizza,S-1-5-21-2352865859-2334931103-2005901029-1001,,,,,,MicrosoftAccount:user=pizzahuthacker@gmail.com,,,,,,,,,,,,,0,,,,,,,,
2422,2026-04-01 16:50:27.941164+00:00,5379,Microsoft-Windows-Security-Auditing,,,,,,,,,,,,,,2452,,,1,,,,,,,,,,,,,,,,,,,,,,,,,,,,,,,,,,,,,,,,,,,,,,,,,,,,,,,,,,,,,,,,,,,,,2026-04-01 16:43:51.213001+00:00,,,,,,,%%8100,,,,,,,0,,,,,,NORMALVM,0x00000000001d0778,pizza,S-1-5-21-2352865859-2334931103-2005901029-1001,,,,,,MicrosoftAccount:user=pizzahuthacker@gmail.com,,,,,,,,,,,,,0,,,,,,,,
2423,2026-04-01 16:50:27.941248+00:00,5379,Microsoft-Windows-Security-Auditing,,,,,,,,,,,,,,2452,,,1,,,,,,,,,,,,,,,,,,,,,,,,,,,,,,,,,,,,,,,,,,,,,,,,,,,,,,,,,,,,,,,,,,,,,2026-04-01 16:43:51.213001+00:00,,,,,,,%%8100,,,,,,,0,,,,,,NORMALVM,0x00000000001d0778,pizza,S-1-5-21-2352865859-2334931103-2005901029-1001,,,,,,MicrosoftAccount:user=pizzahuthacker@gmail.com,,,,,,,,,,,,,0,,,,,,,,
2424,2026-04-01 16:50:27.941402+00:00,5379,Microsoft-Windows-Security-Auditing,,,,,,,,,,,,,,2452,,,1,,,,,,,,,,,,,,,,,,,,,,,,,,,,,,,,,,,,,,,,,,,,,,,,,,,,,,,,,,,,,,,,,,,,,2026-04-01 16:43:51.213001+00:00,,,,,,,%%8100,,,,,,,0,,,,,,NORMALVM,0x00000000001d0778,pizza,S-1-5-21-2352865859-2334931103-2005901029-1001,,,,,,MicrosoftAccount:user=pizzahuthacker@gmail.com,,,,,,,,,,,,,0,,,,,,,,
2425,2026-04-01 16:50:27.941488+00:00,5379,Microsoft-Windows-Security-Auditing,,,,,,,,,,,,,,2452,,,1,,,,,,,,,,,,,,,,,,,,,,,,,,,,,,,,,,,,,,,,,,,,,,,,,,,,,,,,,,,,,,,,,,,,,2026-04-01 16:43:51.213001+00:00,,,,,,,%%8100,,,,,,,0,,,,,,NORMALVM,0x00000000001d0778,pizza,S-1-5-21-2352865859-2334931103-2005901029-1001,,,,,,MicrosoftAccount:user=pizzahuthacker@gmail.com,,,,,,,,,,,,,0,,,,,,,,
2426,2026-04-01 16:50:27.941603+00:00,5379,Microsoft-Windows-Security-Auditing,,,,,,,,,,,,,,2452,,,1,,,,,,,,,,,,,,,,,,,,,,,,,,,,,,,,,,,,,,,,,,,,,,,,,,,,,,,,,,,,,,,,,,,,,2026-04-01 16:43:51.213001+00:00,,,,,,,%%8100,,,,,,,0,,,,,,NORMALVM,0x00000000001d0778,pizza,S-1-5-21-2352865859-2334931103-2005901029-1001,,,,,,MicrosoftAccount:user=pizzahuthacker@gmail.com,,,,,,,,,,,,,0,,,,,,,,
2427,2026-04-01 16:50:27.945223+00:00,5379,Microsoft-Windows-Security-Auditing,,,,,,,,,,,,,,2452,,,1,,,,,,,,,,,,,,,,,,,,,,,,,,,,,,,,,,,,,,,,,,,,,,,,,,,,,,,,,,,,,,,,,,,,,2026-04-01 16:43:51.213001+00:00,,,,,,,%%8100,,,,,,,0,,,,,,NORMALVM,0x00000000001d0778,pizza,S-1-5-21-2352865859-2334931103-2005901029-1001,,,,,,MicrosoftAccount:user=pizzahuthacker@gmail.com,,,,,,,,,,,,,0,,,,,,,,
2428,2026-04-01 16:50:27.945427+00:00,5379,Microsoft-Windows-Security-Auditing,,,,,,,,,,,,,,2452,,,1,,,,,,,,,,,,,,,,,,,,,,,,,,,,,,,,,,,,,,,,,,,,,,,,,,,,,,,,,,,,,,,,,,,,,2026-04-01 16:43:51.213001+00:00,,,,,,,%%8100,,,,,,,0,,,,,,NORMALVM,0x00000000001d0778,pizza,S-1-5-21-2352865859-2334931103-2005901029-1001,,,,,,MicrosoftAccount:user=pizzahuthacker@gmail.com,,,,,,,,,,,,,0,,,,,,,,
2429,2026-04-01 16:50:27.945580+00:00,5379,Microsoft-Windows-Security-Auditing,,,,,,,,,,,,,,2452,,,1,,,,,,,,,,,,,,,,,,,,,,,,,,,,,,,,,,,,,,,,,,,,,,,,,,,,,,,,,,,,,,,,,,,,,2026-04-01 16:43:51.213001+00:00,,,,,,,%%8100,,,,,,,0,,,,,,NORMALVM,0x00000000001d0778,pizza,S-1-5-21-2352865859-2334931103-2005901029-1001,,,,,,MicrosoftAccount:user=pizzahuthacker@gmail.com,,,,,,,,,,,,,0,,,,,,,,
2430,2026-04-01 16:50:27.945786+00:00,5379,Microsoft-Windows-Security-Auditing,,,,,,,,,,,,,,2452,,,1,,,,,,,,,,,,,,,,,,,,,,,,,,,,,,,,,,,,,,,,,,,,,,,,,,,,,,,,,,,,,,,,,,,,,2026-04-01 16:43:51.213001+00:00,,,,,,,%%8100,,,,,,,0,,,,,,NORMALVM,0x00000000001d0778,pizza,S-1-5-21-2352865859-2334931103-2005901029-1001,,,,,,MicrosoftAccount:user=pizzahuthacker@gmail.com,,,,,,,,,,,,,0,,,,,,,,
2431,2026-04-01 16:50:27.945904+00:00,5379,Microsoft-Windows-Security-Auditing,,,,,,,,,,,,,,2452,,,1,,,,,,,,,,,,,,,,,,,,,,,,,,,,,,,,,,,,,,,,,,,,,,,,,,,,,,,,,,,,,,,,,,,,,2026-04-01 16:43:51.213001+00:00,,,,,,,%%8100,,,,,,,0,,,,,,NORMALVM,0x00000000001d0778,pizza,S-1-5-21-2352865859-2334931103-2005901029-1001,,,,,,MicrosoftAccount:user=pizzahuthacker@gmail.com,,,,,,,,,,,,,0,,,,,,,,
2432,2026-04-01 16:50:27.945993+00:00,5379,Microsoft-Windows-Security-Auditing,,,,,,,,,,,,,,2452,,,1,,,,,,,,,,,,,,,,,,,,,,,,,,,,,,,,,,,,,,,,,,,,,,,,,,,,,,,,,,,,,,,,,,,,,2026-04-01 16:43:51.213001+00:00,,,,,,,%%8100,,,,,,,0,,,,,,NORMALVM,0x00000000001d0778,pizza,S-1-5-21-2352865859-2334931103-2005901029-1001,,,,,,MicrosoftAccount:user=pizzahuthacker@gmail.com,,,,,,,,,,,,,0,,,,,,,,
2433,2026-04-01 16:50:27.946093+00:00,5379,Microsoft-Windows-Security-Auditing,,,,,,,,,,,,,,2452,,,1,,,,,,,,,,,,,,,,,,,,,,,,,,,,,,,,,,,,,,,,,,,,,,,,,,,,,,,,,,,,,,,,,,,,,2026-04-01 16:43:51.213001+00:00,,,,,,,%%8100,,,,,,,0,,,,,,NORMALVM,0x00000000001d0778,pizza,S-1-5-21-2352865859-2334931103-2005901029-1001,,,,,,MicrosoftAccount:user=pizzahuthacker@gmail.com,,,,,,,,,,,,,0,,,,,,,,
2434,2026-04-01 16:50:27.946186+00:00,5379,Microsoft-Windows-Security-Auditing,,,,,,,,,,,,,,2452,,,1,,,,,,,,,,,,,,,,,,,,,,,,,,,,,,,,,,,,,,,,,,,,,,,,,,,,,,,,,,,,,,,,,,,,,2026-04-01 16:43:51.213001+00:00,,,,,,,%%8100,,,,,,,0,,,,,,NORMALVM,0x00000000001d0778,pizza,S-1-5-21-2352865859-2334931103-2005901029-1001,,,,,,MicrosoftAccount:user=pizzahuthacker@gmail.com,,,,,,,,,,,,,0,,,,,,,,
2435,2026-04-01 16:50:27.946289+00:00,5379,Microsoft-Windows-Security-Auditing,,,,,,,,,,,,,,2452,,,1,,,,,,,,,,,,,,,,,,,,,,,,,,,,,,,,,,,,,,,,,,,,,,,,,,,,,,,,,,,,,,,,,,,,,2026-04-01 16:43:51.213001+00:00,,,,,,,%%8100,,,,,,,0,,,,,,NORMALVM,0x00000000001d0778,pizza,S-1-5-21-2352865859-2334931103-2005901029-1001,,,,,,MicrosoftAccount:user=pizzahuthacker@gmail.com,,,,,,,,,,,,,0,,,,,,,,
2436,2026-04-01 16:50:27.946371+00:00,5379,Microsoft-Windows-Security-Auditing,,,,,,,,,,,,,,2452,,,1,,,,,,,,,,,,,,,,,,,,,,,,,,,,,,,,,,,,,,,,,,,,,,,,,,,,,,,,,,,,,,,,,,,,,2026-04-01 16:43:51.213001+00:00,,,,,,,%%8100,,,,,,,0,,,,,,NORMALVM,0x00000000001d0778,pizza,S-1-5-21-2352865859-2334931103-2005901029-1001,,,,,,MicrosoftAccount:user=pizzahuthacker@gmail.com,,,,,,,,,,,,,0,,,,,,,,
2437,2026-04-01 16:50:27.946466+00:00,5379,Microsoft-Windows-Security-Auditing,,,,,,,,,,,,,,2452,,,1,,,,,,,,,,,,,,,,,,,,,,,,,,,,,,,,,,,,,,,,,,,,,,,,,,,,,,,,,,,,,,,,,,,,,2026-04-01 16:43:51.213001+00:00,,,,,,,%%8100,,,,,,,0,,,,,,NORMALVM,0x00000000001d0778,pizza,S-1-5-21-2352865859-2334931103-2005901029-1001,,,,,,MicrosoftAccount:user=pizzahuthacker@gmail.com,,,,,,,,,,,,,0,,,,,,,,
2438,2026-04-01 16:50:27.946543+00:00,5379,Microsoft-Windows-Security-Auditing,,,,,,,,,,,,,,2452,,,1,,,,,,,,,,,,,,,,,,,,,,,,,,,,,,,,,,,,,,,,,,,,,,,,,,,,,,,,,,,,,,,,,,,,,2026-04-01 16:43:51.213001+00:00,,,,,,,%%8100,,,,,,,0,,,,,,NORMALVM,0x00000000001d0778,pizza,S-1-5-21-2352865859-2334931103-2005901029-1001,,,,,,MicrosoftAccount:user=pizzahuthacker@gmail.com,,,,,,,,,,,,,0,,,,,,,,
2439,2026-04-01 16:50:27.946722+00:00,5379,Microsoft-Windows-Security-Auditing,,,,,,,,,,,,,,2452,,,1,,,,,,,,,,,,,,,,,,,,,,,,,,,,,,,,,,,,,,,,,,,,,,,,,,,,,,,,,,,,,,,,,,,,,2026-04-01 16:43:51.213001+00:00,,,,,,,%%8100,,,,,,,0,,,,,,NORMALVM,0x00000000001d0778,pizza,S-1-5-21-2352865859-2334931103-2005901029-1001,,,,,,MicrosoftAccount:user=pizzahuthacker@gmail.com,,,,,,,,,,,,,0,,,,,,,,
2440,2026-04-01 16:50:27.947771+00:00,5379,Microsoft-Windows-Security-Auditing,,,,,,,,,,,,,,2452,,,1,,,,,,,,,,,,,,,,,,,,,,,,,,,,,,,,,,,,,,,,,,,,,,,,,,,,,,,,,,,,,,,,,,,,,2026-04-01 16:43:51.213001+00:00,,,,,,,%%8100,,,,,,,0,,,,,,NORMALVM,0x00000000001d0778,pizza,S-1-5-21-2352865859-2334931103-2005901029-1001,,,,,,MicrosoftAccount:user=pizzahuthacker@gmail.com,,,,,,,,,,,,,0,,,,,,,,
2441,2026-04-01 16:50:27.947981+00:00,5379,Microsoft-Windows-Security-Auditing,,,,,,,,,,,,,,2452,,,1,,,,,,,,,,,,,,,,,,,,,,,,,,,,,,,,,,,,,,,,,,,,,,,,,,,,,,,,,,,,,,,,,,,,,2026-04-01 16:43:51.213001+00:00,,,,,,,%%8100,,,,,,,0,,,,,,NORMALVM,0x00000000001d0778,pizza,S-1-5-21-2352865859-2334931103-2005901029-1001,,,,,,MicrosoftAccount:user=pizzahuthacker@gmail.com,,,,,,,,,,,,,0,,,,,,,,
2442,2026-04-01 16:50:27.967154+00:00,5379,Microsoft-Windows-Security-Auditing,,,,,,,,,,,,,,2452,,,1,,,,,,,,,,,,,,,,,,,,,,,,,,,,,,,,,,,,,,,,,,,,,,,,,,,,,,,,,,,,,,,,,,,,,2026-04-01 16:43:51.213001+00:00,,,,,,,%%8100,,,,,,,0,,,,,,NORMALVM,0x00000000001d0778,pizza,S-1-5-21-2352865859-2334931103-2005901029-1001,,,,,,MicrosoftAccount:user=pizzahuthacker@gmail.com,,,,,,,,,,,,,0,,,,,,,,
2443,2026-04-01 16:50:27.967319+00:00,5379,Microsoft-Windows-Security-Auditing,,,,,,,,,,,,,,2452,,,1,,,,,,,,,,,,,,,,,,,,,,,,,,,,,,,,,,,,,,,,,,,,,,,,,,,,,,,,,,,,,,,,,,,,,2026-04-01 16:43:51.213001+00:00,,,,,,,%%8100,,,,,,,0,,,,,,NORMALVM,0x00000000001d0778,pizza,S-1-5-21-2352865859-2334931103-2005901029-1001,,,,,,MicrosoftAccount:user=pizzahuthacker@gmail.com,,,,,,,,,,,,,0,,,,,,,,
2444,2026-04-01 16:50:27.967459+00:00,5379,Microsoft-Windows-Security-Auditing,,,,,,,,,,,,,,2452,,,1,,,,,,,,,,,,,,,,,,,,,,,,,,,,,,,,,,,,,,,,,,,,,,,,,,,,,,,,,,,,,,,,,,,,,2026-04-01 16:43:51.213001+00:00,,,,,,,%%8100,,,,,,,0,,,,,,NORMALVM,0x00000000001d0778,pizza,S-1-5-21-2352865859-2334931103-2005901029-1001,,,,,,MicrosoftAccount:user=pizzahuthacker@gmail.com,,,,,,,,,,,,,0,,,,,,,,
2445,2026-04-01 16:50:27.967569+00:00,5379,Microsoft-Windows-Security-Auditing,,,,,,,,,,,,,,2452,,,1,,,,,,,,,,,,,,,,,,,,,,,,,,,,,,,,,,,,,,,,,,,,,,,,,,,,,,,,,,,,,,,,,,,,,2026-04-01 16:43:51.213001+00:00,,,,,,,%%8100,,,,,,,0,,,,,,NORMALVM,0x00000000001d0778,pizza,S-1-5-21-2352865859-2334931103-2005901029-1001,,,,,,MicrosoftAccount:user=pizzahuthacker@gmail.com,,,,,,,,,,,,,0,,,,,,,,
2446,2026-04-01 16:50:27.967682+00:00,5379,Microsoft-Windows-Security-Auditing,,,,,,,,,,,,,,2452,,,1,,,,,,,,,,,,,,,,,,,,,,,,,,,,,,,,,,,,,,,,,,,,,,,,,,,,,,,,,,,,,,,,,,,,,2026-04-01 16:43:51.213001+00:00,,,,,,,%%8100,,,,,,,0,,,,,,NORMALVM,0x00000000001d0778,pizza,S-1-5-21-2352865859-2334931103-2005901029-1001,,,,,,MicrosoftAccount:user=pizzahuthacker@gmail.com,,,,,,,,,,,,,0,,,,,,,,
2447,2026-04-01 16:50:27.967779+00:00,5379,Microsoft-Windows-Security-Auditing,,,,,,,,,,,,,,2452,,,1,,,,,,,,,,,,,,,,,,,,,,,,,,,,,,,,,,,,,,,,,,,,,,,,,,,,,,,,,,,,,,,,,,,,,2026-04-01 16:43:51.213001+00:00,,,,,,,%%8100,,,,,,,0,,,,,,NORMALVM,0x00000000001d0778,pizza,S-1-5-21-2352865859-2334931103-2005901029-1001,,,,,,MicrosoftAccount:user=pizzahuthacker@gmail.com,,,,,,,,,,,,,0,,,,,,,,
2448,2026-04-01 16:50:27.967878+00:00,5379,Microsoft-Windows-Security-Auditing,,,,,,,,,,,,,,2452,,,1,,,,,,,,,,,,,,,,,,,,,,,,,,,,,,,,,,,,,,,,,,,,,,,,,,,,,,,,,,,,,,,,,,,,,2026-04-01 16:43:51.213001+00:00,,,,,,,%%8100,,,,,,,0,,,,,,NORMALVM,0x00000000001d0778,pizza,S-1-5-21-2352865859-2334931103-2005901029-1001,,,,,,MicrosoftAccount:user=pizzahuthacker@gmail.com,,,,,,,,,,,,,0,,,,,,,,
2449,2026-04-01 16:50:27.967995+00:00,5379,Microsoft-Windows-Security-Auditing,,,,,,,,,,,,,,2452,,,1,,,,,,,,,,,,,,,,,,,,,,,,,,,,,,,,,,,,,,,,,,,,,,,,,,,,,,,,,,,,,,,,,,,,,2026-04-01 16:43:51.213001+00:00,,,,,,,%%8100,,,,,,,0,,,,,,NORMALVM,0x00000000001d0778,pizza,S-1-5-21-2352865859-2334931103-2005901029-1001,,,,,,MicrosoftAccount:user=pizzahuthacker@gmail.com,,,,,,,,,,,,,0,,,,,,,,
2450,2026-04-01 16:50:27.968197+00:00,5379,Microsoft-Windows-Security-Auditing,,,,,,,,,,,,,,2452,,,1,,,,,,,,,,,,,,,,,,,,,,,,,,,,,,,,,,,,,,,,,,,,,,,,,,,,,,,,,,,,,,,,,,,,,2026-04-01 16:43:51.213001+00:00,,,,,,,%%8100,,,,,,,0,,,,,,NORMALVM,0x00000000001d0778,pizza,S-1-5-21-2352865859-2334931103-2005901029-1001,,,,,,MicrosoftAccount:user=pizzahuthacker@gmail.com,,,,,,,,,,,,,0,,,,,,,,
2451,2026-04-01 16:50:27.968285+00:00,5379,Microsoft-Windows-Security-Auditing,,,,,,,,,,,,,,2452,,,1,,,,,,,,,,,,,,,,,,,,,,,,,,,,,,,,,,,,,,,,,,,,,,,,,,,,,,,,,,,,,,,,,,,,,2026-04-01 16:43:51.213001+00:00,,,,,,,%%8100,,,,,,,0,,,,,,NORMALVM,0x00000000001d0778,pizza,S-1-5-21-2352865859-2334931103-2005901029-1001,,,,,,MicrosoftAccount:user=pizzahuthacker@gmail.com,,,,,,,,,,,,,0,,,,,,,,
2452,2026-04-01 16:50:27.968388+00:00,5379,Microsoft-Windows-Security-Auditing,,,,,,,,,,,,,,2452,,,1,,,,,,,,,,,,,,,,,,,,,,,,,,,,,,,,,,,,,,,,,,,,,,,,,,,,,,,,,,,,,,,,,,,,,2026-04-01 16:43:51.213001+00:00,,,,,,,%%8100,,,,,,,0,,,,,,NORMALVM,0x00000000001d0778,pizza,S-1-5-21-2352865859-2334931103-2005901029-1001,,,,,,MicrosoftAccount:user=pizzahuthacker@gmail.com,,,,,,,,,,,,,0,,,,,,,,
2453,2026-04-01 16:50:27.968458+00:00,5379,Microsoft-Windows-Security-Auditing,,,,,,,,,,,,,,2452,,,1,,,,,,,,,,,,,,,,,,,,,,,,,,,,,,,,,,,,,,,,,,,,,,,,,,,,,,,,,,,,,,,,,,,,,2026-04-01 16:43:51.213001+00:00,,,,,,,%%8100,,,,,,,0,,,,,,NORMALVM,0x00000000001d0778,pizza,S-1-5-21-2352865859-2334931103-2005901029-1001,,,,,,MicrosoftAccount:user=pizzahuthacker@gmail.com,,,,,,,,,,,,,0,,,,,,,,
2454,2026-04-01 16:50:27.968561+00:00,5379,Microsoft-Windows-Security-Auditing,,,,,,,,,,,,,,2452,,,1,,,,,,,,,,,,,,,,,,,,,,,,,,,,,,,,,,,,,,,,,,,,,,,,,,,,,,,,,,,,,,,,,,,,,2026-04-01 16:43:51.213001+00:00,,,,,,,%%8100,,,,,,,0,,,,,,NORMALVM,0x00000000001d0778,pizza,S-1-5-21-2352865859-2334931103-2005901029-1001,,,,,,MicrosoftAccount:user=pizzahuthacker@gmail.com,,,,,,,,,,,,,0,,,,,,,,
2455,2026-04-01 16:50:27.968634+00:00,5379,Microsoft-Windows-Security-Auditing,,,,,,,,,,,,,,2452,,,1,,,,,,,,,,,,,,,,,,,,,,,,,,,,,,,,,,,,,,,,,,,,,,,,,,,,,,,,,,,,,,,,,,,,,2026-04-01 16:43:51.213001+00:00,,,,,,,%%8100,,,,,,,0,,,,,,NORMALVM,0x00000000001d0778,pizza,S-1-5-21-2352865859-2334931103-2005901029-1001,,,,,,MicrosoftAccount:user=pizzahuthacker@gmail.com,,,,,,,,,,,,,0,,,,,,,,
2456,2026-04-01 16:50:37.980381+00:00,5379,Microsoft-Windows-Security-Auditing,,,,,,,,,,,,,,2452,,,1,,,,,,,,,,,,,,,,,,,,,,,,,,,,,,,,,,,,,,,,,,,,,,,,,,,,,,,,,,,,,,,,,,,,,2026-04-01 16:43:51.213001+00:00,,,,,,,%%8100,,,,,,,0,,,,,,NORMALVM,0x00000000001d0778,pizza,S-1-5-21-2352865859-2334931103-2005901029-1001,,,,,,MicrosoftAccount:user=pizzahuthacker@gmail.com,,,,,,,,,,,,,0,,,,,,,,
2457,2026-04-01 16:50:37.981453+00:00,5379,Microsoft-Windows-Security-Auditing,,,,,,,,,,,,,,2452,,,0,,,,,,,,,,,,,,,,,,,,,,,,,,,,,,,,,,,,,,,,,,,,,,,,,,,,,,,,,,,,,,,,,,,,,2026-04-01 16:43:51.213001+00:00,,,,,,,%%8100,,,,,,,3221226021,,,,,,NORMALVM,0x00000000001d0778,pizza,S-1-5-21-2352865859-2334931103-2005901029-1001,,,,,,WindowsLive:(token):name=pizzahuthacker@gmail.com;serviceuri=*,,,,,,,,,,,,,0,,,,,,,,
2458,2026-04-01 16:50:37.981503+00:00,5379,Microsoft-Windows-Security-Auditing,,,,,,,,,,,,,,2452,,,0,,,,,,,,,,,,,,,,,,,,,,,,,,,,,,,,,,,,,,,,,,,,,,,,,,,,,,,,,,,,,,,,,,,,,2026-04-01 16:43:51.213001+00:00,,,,,,,%%8100,,,,,,,3221226021,,,,,,NORMALVM,0x00000000001d0778,pizza,S-1-5-21-2352865859-2334931103-2005901029-1001,,,,,,WindowsLive:(cert):name=pizzahuthacker@gmail.com;serviceuri=*,,,,,,,,,,,,,0,,,,,,,,
2459,2026-04-01 16:50:37.984076+00:00,5379,Microsoft-Windows-Security-Auditing,,,,,,,,,,,,,,2452,,,1,,,,,,,,,,,,,,,,,,,,,,,,,,,,,,,,,,,,,,,,,,,,,,,,,,,,,,,,,,,,,,,,,,,,,2026-04-01 16:43:51.213001+00:00,,,,,,,%%8100,,,,,,,0,,,,,,NORMALVM,0x00000000001d0778,pizza,S-1-5-21-2352865859-2334931103-2005901029-1001,,,,,,MicrosoftAccount:user=pizzahuthacker@gmail.com,,,,,,,,,,,,,0,,,,,,,,
2460,2026-04-01 16:50:37.987045+00:00,5379,Microsoft-Windows-Security-Auditing,,,,,,,,,,,,,,2452,,,1,,,,,,,,,,,,,,,,,,,,,,,,,,,,,,,,,,,,,,,,,,,,,,,,,,,,,,,,,,,,,,,,,,,,,2026-04-01 16:43:51.213001+00:00,,,,,,,%%8100,,,,,,,0,,,,,,NORMALVM,0x00000000001d0778,pizza,S-1-5-21-2352865859-2334931103-2005901029-1001,,,,,,MicrosoftAccount:user=pizzahuthacker@gmail.com,,,,,,,,,,,,,0,,,,,,,,
2461,2026-04-01 16:50:38.111605+00:00,5379,Microsoft-Windows-Security-Auditing,,,,,,,,,,,,,,2452,,,1,,,,,,,,,,,,,,,,,,,,,,,,,,,,,,,,,,,,,,,,,,,,,,,,,,,,,,,,,,,,,,,,,,,,,2026-04-01 16:43:51.213001+00:00,,,,,,,%%8100,,,,,,,0,,,,,,NORMALVM,0x00000000001d0778,pizza,S-1-5-21-2352865859-2334931103-2005901029-1001,,,,,,MicrosoftAccount:user=pizzahuthacker@gmail.com,,,,,,,,,,,,,0,,,,,,,,
2462,2026-04-01 16:50:38.111816+00:00,5379,Microsoft-Windows-Security-Auditing,,,,,,,,,,,,,,2452,,,1,,,,,,,,,,,,,,,,,,,,,,,,,,,,,,,,,,,,,,,,,,,,,,,,,,,,,,,,,,,,,,,,,,,,,2026-04-01 16:43:51.213001+00:00,,,,,,,%%8100,,,,,,,0,,,,,,NORMALVM,0x00000000001d0778,pizza,S-1-5-21-2352865859-2334931103-2005901029-1001,,,,,,MicrosoftAccount:user=pizzahuthacker@gmail.com,,,,,,,,,,,,,0,,,,,,,,
2463,2026-04-01 16:50:38.112047+00:00,5379,Microsoft-Windows-Security-Auditing,,,,,,,,,,,,,,2452,,,1,,,,,,,,,,,,,,,,,,,,,,,,,,,,,,,,,,,,,,,,,,,,,,,,,,,,,,,,,,,,,,,,,,,,,2026-04-01 16:43:51.213001+00:00,,,,,,,%%8100,,,,,,,0,,,,,,NORMALVM,0x00000000001d0778,pizza,S-1-5-21-2352865859-2334931103-2005901029-1001,,,,,,MicrosoftAccount:user=pizzahuthacker@gmail.com,,,,,,,,,,,,,0,,,,,,,,
2464,2026-04-01 16:50:38.112173+00:00,5379,Microsoft-Windows-Security-Auditing,,,,,,,,,,,,,,2452,,,1,,,,,,,,,,,,,,,,,,,,,,,,,,,,,,,,,,,,,,,,,,,,,,,,,,,,,,,,,,,,,,,,,,,,,2026-04-01 16:43:51.213001+00:00,,,,,,,%%8100,,,,,,,0,,,,,,NORMALVM,0x00000000001d0778,pizza,S-1-5-21-2352865859-2334931103-2005901029-1001,,,,,,MicrosoftAccount:user=pizzahuthacker@gmail.com,,,,,,,,,,,,,0,,,,,,,,
2465,2026-04-01 16:50:38.112324+00:00,5379,Microsoft-Windows-Security-Auditing,,,,,,,,,,,,,,2452,,,1,,,,,,,,,,,,,,,,,,,,,,,,,,,,,,,,,,,,,,,,,,,,,,,,,,,,,,,,,,,,,,,,,,,,,2026-04-01 16:43:51.213001+00:00,,,,,,,%%8100,,,,,,,0,,,,,,NORMALVM,0x00000000001d0778,pizza,S-1-5-21-2352865859-2334931103-2005901029-1001,,,,,,MicrosoftAccount:user=pizzahuthacker@gmail.com,,,,,,,,,,,,,0,,,,,,,,
2466,2026-04-01 16:50:38.112411+00:00,5379,Microsoft-Windows-Security-Auditing,,,,,,,,,,,,,,2452,,,1,,,,,,,,,,,,,,,,,,,,,,,,,,,,,,,,,,,,,,,,,,,,,,,,,,,,,,,,,,,,,,,,,,,,,2026-04-01 16:43:51.213001+00:00,,,,,,,%%8100,,,,,,,0,,,,,,NORMALVM,0x00000000001d0778,pizza,S-1-5-21-2352865859-2334931103-2005901029-1001,,,,,,MicrosoftAccount:user=pizzahuthacker@gmail.com,,,,,,,,,,,,,0,,,,,,,,
2467,2026-04-01 16:50:38.112545+00:00,5379,Microsoft-Windows-Security-Auditing,,,,,,,,,,,,,,2452,,,1,,,,,,,,,,,,,,,,,,,,,,,,,,,,,,,,,,,,,,,,,,,,,,,,,,,,,,,,,,,,,,,,,,,,,2026-04-01 16:43:51.213001+00:00,,,,,,,%%8100,,,,,,,0,,,,,,NORMALVM,0x00000000001d0778,pizza,S-1-5-21-2352865859-2334931103-2005901029-1001,,,,,,MicrosoftAccount:user=pizzahuthacker@gmail.com,,,,,,,,,,,,,0,,,,,,,,
2468,2026-04-01 16:50:38.112785+00:00,5379,Microsoft-Windows-Security-Auditing,,,,,,,,,,,,,,2452,,,1,,,,,,,,,,,,,,,,,,,,,,,,,,,,,,,,,,,,,,,,,,,,,,,,,,,,,,,,,,,,,,,,,,,,,2026-04-01 16:43:51.213001+00:00,,,,,,,%%8100,,,,,,,0,,,,,,NORMALVM,0x00000000001d0778,pizza,S-1-5-21-2352865859-2334931103-2005901029-1001,,,,,,MicrosoftAccount:user=pizzahuthacker@gmail.com,,,,,,,,,,,,,0,,,,,,,,
2469,2026-04-01 16:50:38.112951+00:00,5379,Microsoft-Windows-Security-Auditing,,,,,,,,,,,,,,2452,,,1,,,,,,,,,,,,,,,,,,,,,,,,,,,,,,,,,,,,,,,,,,,,,,,,,,,,,,,,,,,,,,,,,,,,,2026-04-01 16:43:51.213001+00:00,,,,,,,%%8100,,,,,,,0,,,,,,NORMALVM,0x00000000001d0778,pizza,S-1-5-21-2352865859-2334931103-2005901029-1001,,,,,,MicrosoftAccount:user=pizzahuthacker@gmail.com,,,,,,,,,,,,,0,,,,,,,,
2470,2026-04-01 16:50:38.113762+00:00,5379,Microsoft-Windows-Security-Auditing,,,,,,,,,,,,,,2452,,,1,,,,,,,,,,,,,,,,,,,,,,,,,,,,,,,,,,,,,,,,,,,,,,,,,,,,,,,,,,,,,,,,,,,,,2026-04-01 16:43:51.213001+00:00,,,,,,,%%8100,,,,,,,0,,,,,,NORMALVM,0x00000000001d0778,pizza,S-1-5-21-2352865859-2334931103-2005901029-1001,,,,,,MicrosoftAccount:user=pizzahuthacker@gmail.com,,,,,,,,,,,,,0,,,,,,,,
2471,2026-04-01 16:50:38.113907+00:00,5379,Microsoft-Windows-Security-Auditing,,,,,,,,,,,,,,2452,,,1,,,,,,,,,,,,,,,,,,,,,,,,,,,,,,,,,,,,,,,,,,,,,,,,,,,,,,,,,,,,,,,,,,,,,2026-04-01 16:43:51.213001+00:00,,,,,,,%%8100,,,,,,,0,,,,,,NORMALVM,0x00000000001d0778,pizza,S-1-5-21-2352865859-2334931103-2005901029-1001,,,,,,MicrosoftAccount:user=pizzahuthacker@gmail.com,,,,,,,,,,,,,0,,,,,,,,
2472,2026-04-01 16:50:38.113987+00:00,5379,Microsoft-Windows-Security-Auditing,,,,,,,,,,,,,,2452,,,1,,,,,,,,,,,,,,,,,,,,,,,,,,,,,,,,,,,,,,,,,,,,,,,,,,,,,,,,,,,,,,,,,,,,,2026-04-01 16:43:51.213001+00:00,,,,,,,%%8100,,,,,,,0,,,,,,NORMALVM,0x00000000001d0778,pizza,S-1-5-21-2352865859-2334931103-2005901029-1001,,,,,,MicrosoftAccount:user=pizzahuthacker@gmail.com,,,,,,,,,,,,,0,,,,,,,,
2473,2026-04-01 16:50:38.114101+00:00,5379,Microsoft-Windows-Security-Auditing,,,,,,,,,,,,,,2452,,,1,,,,,,,,,,,,,,,,,,,,,,,,,,,,,,,,,,,,,,,,,,,,,,,,,,,,,,,,,,,,,,,,,,,,,2026-04-01 16:43:51.213001+00:00,,,,,,,%%8100,,,,,,,0,,,,,,NORMALVM,0x00000000001d0778,pizza,S-1-5-21-2352865859-2334931103-2005901029-1001,,,,,,MicrosoftAccount:user=pizzahuthacker@gmail.com,,,,,,,,,,,,,0,,,,,,,,
2474,2026-04-01 16:50:38.114178+00:00,5379,Microsoft-Windows-Security-Auditing,,,,,,,,,,,,,,2452,,,1,,,,,,,,,,,,,,,,,,,,,,,,,,,,,,,,,,,,,,,,,,,,,,,,,,,,,,,,,,,,,,,,,,,,,2026-04-01 16:43:51.213001+00:00,,,,,,,%%8100,,,,,,,0,,,,,,NORMALVM,0x00000000001d0778,pizza,S-1-5-21-2352865859-2334931103-2005901029-1001,,,,,,MicrosoftAccount:user=pizzahuthacker@gmail.com,,,,,,,,,,,,,0,,,,,,,,
2475,2026-04-01 16:50:38.114307+00:00,5379,Microsoft-Windows-Security-Auditing,,,,,,,,,,,,,,2452,,,1,,,,,,,,,,,,,,,,,,,,,,,,,,,,,,,,,,,,,,,,,,,,,,,,,,,,,,,,,,,,,,,,,,,,,2026-04-01 16:43:51.213001+00:00,,,,,,,%%8100,,,,,,,0,,,,,,NORMALVM,0x00000000001d0778,pizza,S-1-5-21-2352865859-2334931103-2005901029-1001,,,,,,MicrosoftAccount:user=pizzahuthacker@gmail.com,,,,,,,,,,,,,0,,,,,,,,
2476,2026-04-01 16:50:38.114653+00:00,5379,Microsoft-Windows-Security-Auditing,,,,,,,,,,,,,,2452,,,1,,,,,,,,,,,,,,,,,,,,,,,,,,,,,,,,,,,,,,,,,,,,,,,,,,,,,,,,,,,,,,,,,,,,,2026-04-01 16:43:51.213001+00:00,,,,,,,%%8099,,,,,,,0,,,,,,NORMALVM,0x00000000001d0778,pizza,S-1-5-21-2352865859-2334931103-2005901029-1001,,,,,,MicrosoftAccount:user=pizzahuthacker@gmail.com,,,,,,,,,,,,,1,,,,,,,,
