124,2026-04-01 19:16:19.850992+00:00,4672,Microsoft-Windows-Security-Auditing,,,,,,,,,,,,,,,,,,,,,,,,,,,,,,,,,,,,,,,,,,,,,,,,,,,,,,,,,,,,,,,,,,,,,,,,,,,,,,,,,,,,,"SeAssignPrimaryTokenPrivilege
			SeTcbPrivilege
			SeSecurityPrivilege
			SeTakeOwnershipPrivilege
			SeLoadDriverPrivilege
			SeBackupPrivilege
			SeRestorePrivilege
			SeDebugPrivilege
			SeAuditPrivilege
			SeSystemEnvironmentPrivilege
			SeImpersonatePrivilege
			SeDelegateSessionUserImpersonatePrivilege",,,,,,,,,,,,,,,,,,,,,NT AUTHORITY,0x00000000000003e7,SYSTEM,S-1-5-18,,,,,,,,,,,,,,,,,,,,,,,,,,,
125,2026-04-01 19:16:20.187067+00:00,5379,Microsoft-Windows-Security-Auditing,,,,,,,,,,,,,,2072,,,0,,,,,,,,,,,,,,,,,,,,,,,,,,,,,,,,,,,,,,,,,,,,,,,,,,,,,,,,,,,,,,,,,,,,,2026-04-01 19:16:19.851965+00:00,,,,,,,%%8100,,,,,,,3221226021,,,,,,,0x00000000000003e7,MINWINPC$,S-1-5-18,,,,,,,,,,,,,,,,,,,0,,,,,,,,
126,2026-04-01 19:16:20.194700+00:00,5379,Microsoft-Windows-Security-Auditing,,,,,,,,,,,,,,2072,,,0,,,,,,,,,,,,,,,,,,,,,,,,,,,,,,,,,,,,,,,,,,,,,,,,,,,,,,,,,,,,,,,,,,,,,2026-04-01 19:16:19.851965+00:00,,,,,,,%%8100,,,,,,,3221226021,,,,,,,0x00000000000003e7,MINWINPC$,S-1-5-18,,,,,,,,,,,,,,,,,,,0,,,,,,,,
127,2026-04-01 19:16:20.390850+00:00,4624,Microsoft-Windows-Security-Auditing,,,,,,,,,,Negotiate,,,,,,,,,,,,,,,%%1842,,,,,,,,,,,,%%1833,-,-,,,0,,,,-,,,,,{00000000-0000-0000-0000-000000000000},,Advapi  ,5,,,,,,,,,,,,,,,,,,,,,,,,,,,,,,,,,0x00000000000002dc,C:\Windows\System32\services.exe,,,,,,-,,,,,-,,,,,,,,0x00000000000003e7,MINWINPC$,S-1-5-18,NT AUTHORITY,,0x0000000000000000,,0x00000000000003e7,,-,-,,,,,SYSTEM,S-1-5-18,,,,-,,,,,,%%1843,,,-
128,2026-04-01 19:16:20.390856+00:00,4672,Microsoft-Windows-Security-Auditing,,,,,,,,,,,,,,,,,,,,,,,,,,,,,,,,,,,,,,,,,,,,,,,,,,,,,,,,,,,,,,,,,,,,,,,,,,,,,,,,,,,,,"SeAssignPrimaryTokenPrivilege
			SeTcbPrivilege
			SeSecurityPrivilege
			SeTakeOwnershipPrivilege
			SeLoadDriverPrivilege
			SeBackupPrivilege
			SeRestorePrivilege
			SeDebugPrivilege
			SeAuditPrivilege
			SeSystemEnvironmentPrivilege
			SeImpersonatePrivilege
			SeDelegateSessionUserImpersonatePrivilege",,,,,,,,,,,,,,,,,,,,,NT AUTHORITY,0x00000000000003e7,SYSTEM,S-1-5-18,,,,,,,,,,,,,,,,,,,,,,,,,,,
129,2026-04-01 19:16:20.774321+00:00,4624,Microsoft-Windows-Security-Auditing,,,,,,,,,,Negotiate,,,,,,,,,,,,,,,%%1842,,,,,,,,,,,,%%1833,-,-,,,0,,,,-,,,,,{00000000-0000-0000-0000-000000000000},,Advapi  ,5,,,,,,,,,,,,,,,,,,,,,,,,,,,,,,,,,0x00000000000002dc,C:\Windows\System32\services.exe,,,,,,-,,,,,-,,,,,,,,0x00000000000003e7,MINWINPC$,S-1-5-18,NT AUTHORITY,,0x0000000000000000,,0x00000000000003e7,,-,-,,,,,SYSTEM,S-1-5-18,,,,-,,,,,,%%1843,,,-
130,2026-04-01 19:16:20.774326+00:00,4672,Microsoft-Windows-Security-Auditing,,,,,,,,,,,,,,,,,,,,,,,,,,,,,,,,,,,,,,,,,,,,,,,,,,,,,,,,,,,,,,,,,,,,,,,,,,,,,,,,,,,,,"SeAssignPrimaryTokenPrivilege
			SeTcbPrivilege
			SeSecurityPrivilege
			SeTakeOwnershipPrivilege
			SeLoadDriverPrivilege
			SeBackupPrivilege
			SeRestorePrivilege
			SeDebugPrivilege
			SeAuditPrivilege
			SeSystemEnvironmentPrivilege
			SeImpersonatePrivilege
			SeDelegateSessionUserImpersonatePrivilege",,,,,,,,,,,,,,,,,,,,,NT AUTHORITY,0x00000000000003e7,SYSTEM,S-1-5-18,,,,,,,,,,,,,,,,,,,,,,,,,,,
131,2026-04-01 19:16:21.294901+00:00,4624,Microsoft-Windows-Security-Auditing,,,,,,,,,,Negotiate,,,,,,,,,,,,,,,%%1842,,,,,,,,,,,,%%1833,-,-,,,0,,,,-,,,,,{00000000-0000-0000-0000-000000000000},,Advapi  ,5,,,,,,,,,,,,,,,,,,,,,,,,,,,,,,,,,0x00000000000002dc,C:\Windows\System32\services.exe,,,,,,-,,,,,-,,,,,,,,0x00000000000003e7,MINWINPC$,S-1-5-18,NT AUTHORITY,,0x0000000000000000,,0x00000000000003e7,,-,-,,,,,SYSTEM,S-1-5-18,,,,-,,,,,,%%1843,,,-
132,2026-04-01 19:16:21.294907+00:00,4672,Microsoft-Windows-Security-Auditing,,,,,,,,,,,,,,,,,,,,,,,,,,,,,,,,,,,,,,,,,,,,,,,,,,,,,,,,,,,,,,,,,,,,,,,,,,,,,,,,,,,,,"SeAssignPrimaryTokenPrivilege
			SeTcbPrivilege
			SeSecurityPrivilege
			SeTakeOwnershipPrivilege
			SeLoadDriverPrivilege
			SeBackupPrivilege
			SeRestorePrivilege
			SeDebugPrivilege
			SeAuditPrivilege
			SeSystemEnvironmentPrivilege
			SeImpersonatePrivilege
			SeDelegateSessionUserImpersonatePrivilege",,,,,,,,,,,,,,,,,,,,,NT AUTHORITY,0x00000000000003e7,SYSTEM,S-1-5-18,,,,,,,,,,,,,,,,,,,,,,,,,,,
133,2026-04-01 19:16:21.331842+00:00,4624,Microsoft-Windows-Security-Auditing,,,,,,,,,,Negotiate,,,,,,,,,,,,,,,%%1842,,,,,,,,,,,,%%1833,-,-,,,0,,,,-,,,,,{00000000-0000-0000-0000-000000000000},,Advapi  ,5,,,,,,,,,,,,,,,,,,,,,,,,,,,,,,,,,0x00000000000002dc,C:\Windows\System32\services.exe,,,,,,-,,,,,-,,,,,,,,0x00000000000003e7,MINWINPC$,S-1-5-18,NT AUTHORITY,,0x0000000000000000,,0x00000000000003e7,,-,-,,,,,SYSTEM,S-1-5-18,,,,-,,,,,,%%1843,,,-
134,2026-04-01 19:16:21.331848+00:00,4672,Microsoft-Windows-Security-Auditing,,,,,,,,,,,,,,,,,,,,,,,,,,,,,,,,,,,,,,,,,,,,,,,,,,,,,,,,,,,,,,,,,,,,,,,,,,,,,,,,,,,,,"SeAssignPrimaryTokenPrivilege
			SeTcbPrivilege
			SeSecurityPrivilege
			SeTakeOwnershipPrivilege
			SeLoadDriverPrivilege
			SeBackupPrivilege
			SeRestorePrivilege
			SeDebugPrivilege
			SeAuditPrivilege
			SeSystemEnvironmentPrivilege
			SeImpersonatePrivilege
			SeDelegateSessionUserImpersonatePrivilege",,,,,,,,,,,,,,,,,,,,,NT AUTHORITY,0x00000000000003e7,SYSTEM,S-1-5-18,,,,,,,,,,,,,,,,,,,,,,,,,,,
135,2026-04-01 19:16:21.502905+00:00,4624,Microsoft-Windows-Security-Auditing,,,,,,,,,,Negotiate,,,,,,,,,,,,,,,%%1842,,,,,,,,,,,,%%1833,-,-,,,0,,,,-,,,,,{00000000-0000-0000-0000-000000000000},,Advapi  ,5,,,,,,,,,,,,,,,,,,,,,,,,,,,,,,,,,0x00000000000002dc,C:\Windows\System32\services.exe,,,,,,-,,,,,-,,,,,,,,0x00000000000003e7,MINWINPC$,S-1-5-18,NT AUTHORITY,,0x0000000000000000,,0x00000000000003e7,,-,-,,,,,SYSTEM,S-1-5-18,,,,-,,,,,,%%1843,,,-
136,2026-04-01 19:16:21.502911+00:00,4672,Microsoft-Windows-Security-Auditing,,,,,,,,,,,,,,,,,,,,,,,,,,,,,,,,,,,,,,,,,,,,,,,,,,,,,,,,,,,,,,,,,,,,,,,,,,,,,,,,,,,,,"SeAssignPrimaryTokenPrivilege
			SeTcbPrivilege
			SeSecurityPrivilege
			SeTakeOwnershipPrivilege
			SeLoadDriverPrivilege
			SeBackupPrivilege
			SeRestorePrivilege
			SeDebugPrivilege
			SeAuditPrivilege
			SeSystemEnvironmentPrivilege
			SeImpersonatePrivilege
			SeDelegateSessionUserImpersonatePrivilege",,,,,,,,,,,,,,,,,,,,,NT AUTHORITY,0x00000000000003e7,SYSTEM,S-1-5-18,,,,,,,,,,,,,,,,,,,,,,,,,,,
137,2026-04-01 19:16:21.680073+00:00,5033,Microsoft-Windows-Security-Auditing,,,,,,,,,,,,,,,,,,,,,,,,,,,,,,,,,,,,,,,,,,,,,,,,,,,,,,,,,,,,,,,,,,,,,,,,,,,,,,,,,,,,,,,,,,,,,,,,,,,,,,,,,,,,,,,,,,,,,,,,,,,,,,,,,,,,,,,,
138,2026-04-01 19:16:22.108730+00:00,4624,Microsoft-Windows-Security-Auditing,,,,,,,,,,Negotiate,,,,,,,,,,,,,,,%%1842,,,,,,,,,,,,%%1833,-,-,,,0,,,,-,,,,,{00000000-0000-0000-0000-000000000000},,Advapi  ,5,,,,,,,,,,,,,,,,,,,,,,,,,,,,,,,,,0x00000000000002dc,C:\Windows\System32\services.exe,,,,,,-,,,,,-,,,,,,,,0x00000000000003e7,MINWINPC$,S-1-5-18,NT AUTHORITY,,0x0000000000000000,,0x00000000000003e7,,-,-,,,,,SYSTEM,S-1-5-18,,,,-,,,,,,%%1843,,,-
139,2026-04-01 19:16:22.108734+00:00,4672,Microsoft-Windows-Security-Auditing,,,,,,,,,,,,,,,,,,,,,,,,,,,,,,,,,,,,,,,,,,,,,,,,,,,,,,,,,,,,,,,,,,,,,,,,,,,,,,,,,,,,,"SeAssignPrimaryTokenPrivilege
			SeTcbPrivilege
			SeSecurityPrivilege
			SeTakeOwnershipPrivilege
			SeLoadDriverPrivilege
			SeBackupPrivilege
			SeRestorePrivilege
			SeDebugPrivilege
			SeAuditPrivilege
			SeSystemEnvironmentPrivilege
			SeImpersonatePrivilege
			SeDelegateSessionUserImpersonatePrivilege",,,,,,,,,,,,,,,,,,,,,NT AUTHORITY,0x00000000000003e7,SYSTEM,S-1-5-18,,,,,,,,,,,,,,,,,,,,,,,,,,,
140,2026-04-01 19:16:22.111317+00:00,4624,Microsoft-Windows-Security-Auditing,,,,,,,,,,Negotiate,,,,,,,,,,,,,,,%%1842,,,,,,,,,,,,%%1833,-,-,,,0,,,,-,,,,,{00000000-0000-0000-0000-000000000000},,Advapi  ,5,,,,,,,,,,,,,,,,,,,,,,,,,,,,,,,,,0x00000000000002dc,C:\Windows\System32\services.exe,,,,,,-,,,,,-,,,,,,,,0x00000000000003e7,MINWINPC$,S-1-5-18,NT AUTHORITY,,0x0000000000000000,,0x00000000000003e7,,-,-,,,,,SYSTEM,S-1-5-18,,,,-,,,,,,%%1843,,,-
141,2026-04-01 19:16:22.111320+00:00,4672,Microsoft-Windows-Security-Auditing,,,,,,,,,,,,,,,,,,,,,,,,,,,,,,,,,,,,,,,,,,,,,,,,,,,,,,,,,,,,,,,,,,,,,,,,,,,,,,,,,,,,,"SeAssignPrimaryTokenPrivilege
			SeTcbPrivilege
			SeSecurityPrivilege
			SeTakeOwnershipPrivilege
			SeLoadDriverPrivilege
			SeBackupPrivilege
			SeRestorePrivilege
			SeDebugPrivilege
			SeAuditPrivilege
			SeSystemEnvironmentPrivilege
			SeImpersonatePrivilege
			SeDelegateSessionUserImpersonatePrivilege",,,,,,,,,,,,,,,,,,,,,NT AUTHORITY,0x00000000000003e7,SYSTEM,S-1-5-18,,,,,,,,,,,,,,,,,,,,,,,,,,,
142,2026-04-01 19:16:22.148119+00:00,4624,Microsoft-Windows-Security-Auditing,,,,,,,,,,Negotiate,,,,,,,,,,,,,,,%%1842,,,,,,,,,,,,%%1833,-,-,,,0,,,,-,,,,,{00000000-0000-0000-0000-000000000000},,Advapi  ,5,,,,,,,,,,,,,,,,,,,,,,,,,,,,,,,,,0x00000000000002dc,C:\Windows\System32\services.exe,,,,,,-,,,,,-,,,,,,,,0x00000000000003e7,MINWINPC$,S-1-5-18,NT AUTHORITY,,0x0000000000000000,,0x00000000000003e7,,-,-,,,,,SYSTEM,S-1-5-18,,,,-,,,,,,%%1843,,,-
143,2026-04-01 19:16:22.148125+00:00,4672,Microsoft-Windows-Security-Auditing,,,,,,,,,,,,,,,,,,,,,,,,,,,,,,,,,,,,,,,,,,,,,,,,,,,,,,,,,,,,,,,,,,,,,,,,,,,,,,,,,,,,,"SeAssignPrimaryTokenPrivilege
			SeTcbPrivilege
			SeSecurityPrivilege
			SeTakeOwnershipPrivilege
			SeLoadDriverPrivilege
			SeBackupPrivilege
			SeRestorePrivilege
			SeDebugPrivilege
			SeAuditPrivilege
			SeSystemEnvironmentPrivilege
			SeImpersonatePrivilege
			SeDelegateSessionUserImpersonatePrivilege",,,,,,,,,,,,,,,,,,,,,NT AUTHORITY,0x00000000000003e7,SYSTEM,S-1-5-18,,,,,,,,,,,,,,,,,,,,,,,,,,,
144,2026-04-01 19:16:22.182482+00:00,4624,Microsoft-Windows-Security-Auditing,,,,,,,,,,Negotiate,,,,,,,,,,,,,,,%%1842,,,,,,,,,,,,%%1833,-,-,,,0,,,,-,,,,,{00000000-0000-0000-0000-000000000000},,Advapi  ,5,,,,,,,,,,,,,,,,,,,,,,,,,,,,,,,,,0x00000000000002dc,C:\Windows\System32\services.exe,,,,,,-,,,,,-,,,,,,,,0x00000000000003e7,MINWINPC$,S-1-5-18,NT AUTHORITY,,0x0000000000000000,,0x00000000000003e7,,-,-,,,,,SYSTEM,S-1-5-18,,,,-,,,,,,%%1843,,,-
145,2026-04-01 19:16:22.182487+00:00,4672,Microsoft-Windows-Security-Auditing,,,,,,,,,,,,,,,,,,,,,,,,,,,,,,,,,,,,,,,,,,,,,,,,,,,,,,,,,,,,,,,,,,,,,,,,,,,,,,,,,,,,,"SeAssignPrimaryTokenPrivilege
			SeTcbPrivilege
			SeSecurityPrivilege
			SeTakeOwnershipPrivilege
			SeLoadDriverPrivilege
			SeBackupPrivilege
			SeRestorePrivilege
			SeDebugPrivilege
			SeAuditPrivilege
			SeSystemEnvironmentPrivilege
			SeImpersonatePrivilege
			SeDelegateSessionUserImpersonatePrivilege",,,,,,,,,,,,,,,,,,,,,NT AUTHORITY,0x00000000000003e7,SYSTEM,S-1-5-18,,,,,,,,,,,,,,,,,,,,,,,,,,,
146,2026-04-01 19:16:22.236755+00:00,4624,Microsoft-Windows-Security-Auditing,,,,,,,,,,Negotiate,,,,,,,,,,,,,,,%%1842,,,,,,,,,,,,%%1833,-,-,,,0,,,,-,,,,,{00000000-0000-0000-0000-000000000000},,Advapi  ,5,,,,,,,,,,,,,,,,,,,,,,,,,,,,,,,,,0x00000000000002dc,C:\Windows\System32\services.exe,,,,,,-,,,,,-,,,,,,,,0x00000000000003e7,MINWINPC$,S-1-5-18,NT AUTHORITY,,0x0000000000000000,,0x00000000000003e7,,-,-,,,,,SYSTEM,S-1-5-18,,,,-,,,,,,%%1843,,,-
147,2026-04-01 19:16:22.236759+00:00,4672,Microsoft-Windows-Security-Auditing,,,,,,,,,,,,,,,,,,,,,,,,,,,,,,,,,,,,,,,,,,,,,,,,,,,,,,,,,,,,,,,,,,,,,,,,,,,,,,,,,,,,,"SeAssignPrimaryTokenPrivilege
			SeTcbPrivilege
			SeSecurityPrivilege
			SeTakeOwnershipPrivilege
			SeLoadDriverPrivilege
			SeBackupPrivilege
			SeRestorePrivilege
			SeDebugPrivilege
			SeAuditPrivilege
			SeSystemEnvironmentPrivilege
			SeImpersonatePrivilege
			SeDelegateSessionUserImpersonatePrivilege",,,,,,,,,,,,,,,,,,,,,NT AUTHORITY,0x00000000000003e7,SYSTEM,S-1-5-18,,,,,,,,,,,,,,,,,,,,,,,,,,,
148,2026-04-01 19:16:22.239946+00:00,4624,Microsoft-Windows-Security-Auditing,,,,,,,,,,Negotiate,,,,,,,,,,,,,,,%%1842,,,,,,,,,,,,%%1833,-,-,,,0,,,,-,,,,,{00000000-0000-0000-0000-000000000000},,Advapi  ,5,,,,,,,,,,,,,,,,,,,,,,,,,,,,,,,,,0x00000000000002dc,C:\Windows\System32\services.exe,,,,,,-,,,,,-,,,,,,,,0x00000000000003e7,MINWINPC$,S-1-5-18,NT AUTHORITY,,0x0000000000000000,,0x00000000000003e7,,-,-,,,,,SYSTEM,S-1-5-18,,,,-,,,,,,%%1843,,,-
149,2026-04-01 19:16:22.239950+00:00,4672,Microsoft-Windows-Security-Auditing,,,,,,,,,,,,,,,,,,,,,,,,,,,,,,,,,,,,,,,,,,,,,,,,,,,,,,,,,,,,,,,,,,,,,,,,,,,,,,,,,,,,,"SeAssignPrimaryTokenPrivilege
			SeTcbPrivilege
			SeSecurityPrivilege
			SeTakeOwnershipPrivilege
			SeLoadDriverPrivilege
			SeBackupPrivilege
			SeRestorePrivilege
			SeDebugPrivilege
			SeAuditPrivilege
			SeSystemEnvironmentPrivilege
			SeImpersonatePrivilege
			SeDelegateSessionUserImpersonatePrivilege",,,,,,,,,,,,,,,,,,,,,NT AUTHORITY,0x00000000000003e7,SYSTEM,S-1-5-18,,,,,,,,,,,,,,,,,,,,,,,,,,,
150,2026-04-01 19:16:22.251974+00:00,4624,Microsoft-Windows-Security-Auditing,,,,,,,,,,Negotiate,,,,,,,,,,,,,,,%%1842,,,,,,,,,,,,%%1833,-,-,,,0,,,,-,,,,,{00000000-0000-0000-0000-000000000000},,Advapi  ,5,,,,,,,,,,,,,,,,,,,,,,,,,,,,,,,,,0x00000000000002dc,C:\Windows\System32\services.exe,,,,,,-,,,,,-,,,,,,,,0x00000000000003e7,MINWINPC$,S-1-5-18,NT AUTHORITY,,0x0000000000000000,,0x00000000000003e7,,-,-,,,,,SYSTEM,S-1-5-18,,,,-,,,,,,%%1843,,,-
151,2026-04-01 19:16:22.251978+00:00,4672,Microsoft-Windows-Security-Auditing,,,,,,,,,,,,,,,,,,,,,,,,,,,,,,,,,,,,,,,,,,,,,,,,,,,,,,,,,,,,,,,,,,,,,,,,,,,,,,,,,,,,,"SeAssignPrimaryTokenPrivilege
			SeTcbPrivilege
			SeSecurityPrivilege
			SeTakeOwnershipPrivilege
			SeLoadDriverPrivilege
			SeBackupPrivilege
			SeRestorePrivilege
			SeDebugPrivilege
			SeAuditPrivilege
			SeSystemEnvironmentPrivilege
			SeImpersonatePrivilege
			SeDelegateSessionUserImpersonatePrivilege",,,,,,,,,,,,,,,,,,,,,NT AUTHORITY,0x00000000000003e7,SYSTEM,S-1-5-18,,,,,,,,,,,,,,,,,,,,,,,,,,,
152,2026-04-01 19:16:22.385199+00:00,4624,Microsoft-Windows-Security-Auditing,,,,,,,,,,Negotiate,,,,,,,,,,,,,,,%%1842,,,,,,,,,,,,%%1833,-,-,,,0,,,,-,,,,,{00000000-0000-0000-0000-000000000000},,Advapi  ,5,,,,,,,,,,,,,,,,,,,,,,,,,,,,,,,,,0x00000000000002dc,C:\Windows\System32\services.exe,,,,,,-,,,,,-,,,,,,,,0x00000000000003e7,MINWINPC$,S-1-5-18,NT AUTHORITY,,0x0000000000000000,,0x00000000000003e7,,-,-,,,,,SYSTEM,S-1-5-18,,,,-,,,,,,%%1843,,,-
153,2026-04-01 19:16:22.385202+00:00,4672,Microsoft-Windows-Security-Auditing,,,,,,,,,,,,,,,,,,,,,,,,,,,,,,,,,,,,,,,,,,,,,,,,,,,,,,,,,,,,,,,,,,,,,,,,,,,,,,,,,,,,,"SeAssignPrimaryTokenPrivilege
			SeTcbPrivilege
			SeSecurityPrivilege
			SeTakeOwnershipPrivilege
			SeLoadDriverPrivilege
			SeBackupPrivilege
			SeRestorePrivilege
			SeDebugPrivilege
			SeAuditPrivilege
			SeSystemEnvironmentPrivilege
			SeImpersonatePrivilege
			SeDelegateSessionUserImpersonatePrivilege",,,,,,,,,,,,,,,,,,,,,NT AUTHORITY,0x00000000000003e7,SYSTEM,S-1-5-18,,,,,,,,,,,,,,,,,,,,,,,,,,,
154,2026-04-01 19:16:23.098995+00:00,5024,Microsoft-Windows-Security-Auditing,,,,,,,,,,,,,,,,,,,,,,,,,,,,,,,,,,,,,,,,,,,,,,,,,,,,,,,,,,,,,,,,,,,,,,,,,,,,,,,,,,,,,,,,,,,,,,,,,,,,,,,,,,,,,,,,,,,,,,,,,,,,,,,,,,,,,,,,
155,2026-04-01 19:16:40.920990+00:00,4624,Microsoft-Windows-Security-Auditing,,,,,,,,,,Negotiate,,,,,,,,,,,,,,,%%1842,,,,,,,,,,,,%%1833,-,-,,,0,,,,-,,,,,{00000000-0000-0000-0000-000000000000},,Advapi  ,5,,,,,,,,,,,,,,,,,,,,,,,,,,,,,,,,,0x00000000000002dc,C:\Windows\System32\services.exe,,,,,,-,,,,,-,,,,,,,,0x00000000000003e7,MINWINPC$,S-1-5-18,NT AUTHORITY,,0x0000000000000000,,0x00000000000003e7,,-,-,,,,,SYSTEM,S-1-5-18,,,,-,,,,,,%%1843,,,-
156,2026-04-01 19:16:40.920994+00:00,4672,Microsoft-Windows-Security-Auditing,,,,,,,,,,,,,,,,,,,,,,,,,,,,,,,,,,,,,,,,,,,,,,,,,,,,,,,,,,,,,,,,,,,,,,,,,,,,,,,,,,,,,"SeAssignPrimaryTokenPrivilege
			SeTcbPrivilege
			SeSecurityPrivilege
			SeTakeOwnershipPrivilege
			SeLoadDriverPrivilege
			SeBackupPrivilege
			SeRestorePrivilege
			SeDebugPrivilege
			SeAuditPrivilege
			SeSystemEnvironmentPrivilege
			SeImpersonatePrivilege
			SeDelegateSessionUserImpersonatePrivilege",,,,,,,,,,,,,,,,,,,,,NT AUTHORITY,0x00000000000003e7,SYSTEM,S-1-5-18,,,,,,,,,,,,,,,,,,,,,,,,,,,
157,2026-04-01 19:16:41.376554+00:00,4624,Microsoft-Windows-Security-Auditing,,,,,,,,,,Negotiate,,,,,,,,,,,,,,,%%1842,,,,,,,,,,,,%%1833,-,-,,,0,,,,-,,,,,{00000000-0000-0000-0000-000000000000},,Advapi  ,5,,,,,,,,,,,,,,,,,,,,,,,,,,,,,,,,,0x00000000000002dc,C:\Windows\System32\services.exe,,,,,,-,,,,,-,,,,,,,,0x00000000000003e7,MINWINPC$,S-1-5-18,NT AUTHORITY,,0x0000000000000000,,0x00000000000003e7,,-,-,,,,,SYSTEM,S-1-5-18,,,,-,,,,,,%%1843,,,-
158,2026-04-01 19:16:41.376560+00:00,4672,Microsoft-Windows-Security-Auditing,,,,,,,,,,,,,,,,,,,,,,,,,,,,,,,,,,,,,,,,,,,,,,,,,,,,,,,,,,,,,,,,,,,,,,,,,,,,,,,,,,,,,"SeAssignPrimaryTokenPrivilege
			SeTcbPrivilege
			SeSecurityPrivilege
			SeTakeOwnershipPrivilege
			SeLoadDriverPrivilege
			SeBackupPrivilege
			SeRestorePrivilege
			SeDebugPrivilege
			SeAuditPrivilege
			SeSystemEnvironmentPrivilege
			SeImpersonatePrivilege
			SeDelegateSessionUserImpersonatePrivilege",,,,,,,,,,,,,,,,,,,,,NT AUTHORITY,0x00000000000003e7,SYSTEM,S-1-5-18,,,,,,,,,,,,,,,,,,,,,,,,,,,
159,2026-04-01 19:16:47.228256+00:00,4624,Microsoft-Windows-Security-Auditing,,,,,,,,,,Negotiate,,,,,,,,,,,,,,,%%1842,,,,,,,,,,,,%%1833,-,-,,,0,,,,-,,,,,{00000000-0000-0000-0000-000000000000},,Advapi  ,5,,,,,,,,,,,,,,,,,,,,,,,,,,,,,,,,,0x00000000000002dc,C:\Windows\System32\services.exe,,,,,,-,,,,,-,,,,,,,,0x00000000000003e7,MINWINPC$,S-1-5-18,NT AUTHORITY,,0x0000000000000000,,0x00000000000003e7,,-,-,,,,,SYSTEM,S-1-5-18,,,,-,,,,,,%%1843,,,-
160,2026-04-01 19:16:47.228264+00:00,4672,Microsoft-Windows-Security-Auditing,,,,,,,,,,,,,,,,,,,,,,,,,,,,,,,,,,,,,,,,,,,,,,,,,,,,,,,,,,,,,,,,,,,,,,,,,,,,,,,,,,,,,"SeAssignPrimaryTokenPrivilege
			SeTcbPrivilege
			SeSecurityPrivilege
			SeTakeOwnershipPrivilege
			SeLoadDriverPrivilege
			SeBackupPrivilege
			SeRestorePrivilege
			SeDebugPrivilege
			SeAuditPrivilege
			SeSystemEnvironmentPrivilege
			SeImpersonatePrivilege
			SeDelegateSessionUserImpersonatePrivilege",,,,,,,,,,,,,,,,,,,,,NT AUTHORITY,0x00000000000003e7,SYSTEM,S-1-5-18,,,,,,,,,,,,,,,,,,,,,,,,,,,
161,2026-04-01 19:17:15.214504+00:00,4799,Microsoft-Windows-Security-Auditing,,,,,,,,,,,0x0000000000000e04,C:\Program Files (x86)\Microsoft\Edge\Application\145.0.3800.97\Installer\setup.exe,,,,,,,,,,,,,,,,,,,,,,,,,,,,,,,,,,,,,,,,,,,,,,,,,,,,,,,,,,,,,,,,,,,,,,,,,,,,,,,,,,,,,,,,,,,,,,,0x00000000000003e7,MINWINPC$,S-1-5-18,Builtin,,,,,,,,,,,S-1-5-32-545,Users,,,,,,,,,,,,,,
162,2026-04-01 19:17:22.768858+00:00,4624,Microsoft-Windows-Security-Auditing,,,,,,,,,,Negotiate,,,,,,,,,,,,,,,%%1842,,,,,,,,,,,,%%1833,-,-,,,0,,,,-,,,,,{00000000-0000-0000-0000-000000000000},,Advapi  ,5,,,,,,,,,,,,,,,,,,,,,,,,,,,,,,,,,0x00000000000002dc,C:\Windows\System32\services.exe,,,,,,-,,,,,-,,,,,,,,0x00000000000003e7,MINWINPC$,S-1-5-18,NT AUTHORITY,,0x0000000000000000,,0x00000000000003e7,,-,-,,,,,SYSTEM,S-1-5-18,,,,-,,,,,,%%1843,,,-
163,2026-04-01 19:17:22.768864+00:00,4672,Microsoft-Windows-Security-Auditing,,,,,,,,,,,,,,,,,,,,,,,,,,,,,,,,,,,,,,,,,,,,,,,,,,,,,,,,,,,,,,,,,,,,,,,,,,,,,,,,,,,,,"SeAssignPrimaryTokenPrivilege
			SeTcbPrivilege
			SeSecurityPrivilege
			SeTakeOwnershipPrivilege
			SeLoadDriverPrivilege
			SeBackupPrivilege
			SeRestorePrivilege
			SeDebugPrivilege
			SeAuditPrivilege
			SeSystemEnvironmentPrivilege
			SeImpersonatePrivilege
			SeDelegateSessionUserImpersonatePrivilege",,,,,,,,,,,,,,,,,,,,,NT AUTHORITY,0x00000000000003e7,SYSTEM,S-1-5-18,,,,,,,,,,,,,,,,,,,,,,,,,,,
164,2026-04-01 19:17:23.966871+00:00,4624,Microsoft-Windows-Security-Auditing,,,,,,,,,,Negotiate,,,,,,,,,,,,,,,%%1842,,,,,,,,,,,,%%1833,-,-,,,0,,,,-,,,,,{00000000-0000-0000-0000-000000000000},,Advapi  ,5,,,,,,,,,,,,,,,,,,,,,,,,,,,,,,,,,0x00000000000002dc,C:\Windows\System32\services.exe,,,,,,-,,,,,-,,,,,,,,0x00000000000003e7,MINWINPC$,S-1-5-18,NT AUTHORITY,,0x0000000000000000,,0x00000000000003e7,,-,-,,,,,SYSTEM,S-1-5-18,,,,-,,,,,,%%1843,,,-
165,2026-04-01 19:17:23.966877+00:00,4672,Microsoft-Windows-Security-Auditing,,,,,,,,,,,,,,,,,,,,,,,,,,,,,,,,,,,,,,,,,,,,,,,,,,,,,,,,,,,,,,,,,,,,,,,,,,,,,,,,,,,,,"SeAssignPrimaryTokenPrivilege
			SeTcbPrivilege
			SeSecurityPrivilege
			SeTakeOwnershipPrivilege
			SeLoadDriverPrivilege
			SeBackupPrivilege
			SeRestorePrivilege
			SeDebugPrivilege
			SeAuditPrivilege
			SeSystemEnvironmentPrivilege
			SeImpersonatePrivilege
			SeDelegateSessionUserImpersonatePrivilege",,,,,,,,,,,,,,,,,,,,,NT AUTHORITY,0x00000000000003e7,SYSTEM,S-1-5-18,,,,,,,,,,,,,,,,,,,,,,,,,,,
166,2026-04-01 19:17:43.983580+00:00,4738,Microsoft-Windows-Security-Auditing,,,,,,-,,,-,,,,,,,,,,-,,,,,-,,,,,,,-,-,,,,,,,,,,,,,,,,,,,,-,,,,,,,,,,,,,,,,,0x211,,,,,,,0x211,,,,,-,,,-,-,,,,-,,,,,,,,,,,,-,,,-,-,,0x00000000000003e7,MINWINPC$,S-1-5-18,MINWINPC,,,,,,,,,,,S-1-5-21-2352865859-2334931103-2005901029-500,Administrator,,,,,,,-,-,-,-,,,,
167,2026-04-01 19:17:44.545382+00:00,4624,Microsoft-Windows-Security-Auditing,,,,,,,,,,Negotiate,,,,,,,,,,,,,,,%%1842,,,,,,,,,,,,%%1833,-,-,,,0,,,,-,,,,,{00000000-0000-0000-0000-000000000000},,Advapi  ,5,,,,,,,,,,,,,,,,,,,,,,,,,,,,,,,,,0x00000000000002dc,C:\Windows\System32\services.exe,,,,,,-,,,,,-,,,,,,,,0x00000000000003e7,MINWINPC$,S-1-5-18,NT AUTHORITY,,0x0000000000000000,,0x00000000000003e7,,-,-,,,,,SYSTEM,S-1-5-18,,,,-,,,,,,%%1843,,,-
168,2026-04-01 19:17:44.545387+00:00,4672,Microsoft-Windows-Security-Auditing,,,,,,,,,,,,,,,,,,,,,,,,,,,,,,,,,,,,,,,,,,,,,,,,,,,,,,,,,,,,,,,,,,,,,,,,,,,,,,,,,,,,,"SeAssignPrimaryTokenPrivilege
			SeTcbPrivilege
			SeSecurityPrivilege
			SeTakeOwnershipPrivilege
			SeLoadDriverPrivilege
			SeBackupPrivilege
			SeRestorePrivilege
			SeDebugPrivilege
			SeAuditPrivilege
			SeSystemEnvironmentPrivilege
			SeImpersonatePrivilege
			SeDelegateSessionUserImpersonatePrivilege",,,,,,,,,,,,,,,,,,,,,NT AUTHORITY,0x00000000000003e7,SYSTEM,S-1-5-18,,,,,,,,,,,,,,,,,,,,,,,,,,,
169,2026-04-01 19:17:45.199560+00:00,4624,Microsoft-Windows-Security-Auditing,,,,,,,,,,Negotiate,,,,,,,,,,,,,,,%%1842,,,,,,,,,,,,%%1833,-,-,,,0,,,,-,,,,,{00000000-0000-0000-0000-000000000000},,Advapi  ,5,,,,,,,,,,,,,,,,,,,,,,,,,,,,,,,,,0x00000000000002dc,C:\Windows\System32\services.exe,,,,,,-,,,,,-,,,,,,,,0x00000000000003e7,MINWINPC$,S-1-5-18,NT AUTHORITY,,0x0000000000000000,,0x00000000000003e7,,-,-,,,,,SYSTEM,S-1-5-18,,,,-,,,,,,%%1843,,,-
170,2026-04-01 19:17:45.199600+00:00,4672,Microsoft-Windows-Security-Auditing,,,,,,,,,,,,,,,,,,,,,,,,,,,,,,,,,,,,,,,,,,,,,,,,,,,,,,,,,,,,,,,,,,,,,,,,,,,,,,,,,,,,,"SeAssignPrimaryTokenPrivilege
			SeTcbPrivilege
			SeSecurityPrivilege
			SeTakeOwnershipPrivilege
			SeLoadDriverPrivilege
			SeBackupPrivilege
			SeRestorePrivilege
			SeDebugPrivilege
			SeAuditPrivilege
			SeSystemEnvironmentPrivilege
			SeImpersonatePrivilege
			SeDelegateSessionUserImpersonatePrivilege",,,,,,,,,,,,,,,,,,,,,NT AUTHORITY,0x00000000000003e7,SYSTEM,S-1-5-18,,,,,,,,,,,,,,,,,,,,,,,,,,,
171,2026-04-01 19:17:45.653578+00:00,4624,Microsoft-Windows-Security-Auditing,,,,,,,,,,Negotiate,,,,,,,,,,,,,,,%%1842,,,,,,,,,,,,%%1833,-,-,,,0,,,,-,,,,,{00000000-0000-0000-0000-000000000000},,Advapi  ,5,,,,,,,,,,,,,,,,,,,,,,,,,,,,,,,,,0x00000000000002dc,C:\Windows\System32\services.exe,,,,,,-,,,,,-,,,,,,,,0x00000000000003e7,MINWINPC$,S-1-5-18,NT AUTHORITY,,0x0000000000000000,,0x00000000000003e7,,-,-,,,,,SYSTEM,S-1-5-18,,,,-,,,,,,%%1843,,,-
172,2026-04-01 19:17:45.653582+00:00,4672,Microsoft-Windows-Security-Auditing,,,,,,,,,,,,,,,,,,,,,,,,,,,,,,,,,,,,,,,,,,,,,,,,,,,,,,,,,,,,,,,,,,,,,,,,,,,,,,,,,,,,,"SeAssignPrimaryTokenPrivilege
			SeTcbPrivilege
			SeSecurityPrivilege
			SeTakeOwnershipPrivilege
			SeLoadDriverPrivilege
			SeBackupPrivilege
			SeRestorePrivilege
			SeDebugPrivilege
			SeAuditPrivilege
			SeSystemEnvironmentPrivilege
			SeImpersonatePrivilege
			SeDelegateSessionUserImpersonatePrivilege",,,,,,,,,,,,,,,,,,,,,NT AUTHORITY,0x00000000000003e7,SYSTEM,S-1-5-18,,,,,,,,,,,,,,,,,,,,,,,,,,,
173,2026-04-01 19:17:45.912867+00:00,4624,Microsoft-Windows-Security-Auditing,,,,,,,,,,Negotiate,,,,,,,,,,,,,,,%%1842,,,,,,,,,,,,%%1833,-,-,,,0,,,,-,,,,,{00000000-0000-0000-0000-000000000000},,Advapi  ,5,,,,,,,,,,,,,,,,,,,,,,,,,,,,,,,,,0x00000000000002dc,C:\Windows\System32\services.exe,,,,,,-,,,,,-,,,,,,,,0x00000000000003e7,MINWINPC$,S-1-5-18,NT AUTHORITY,,0x0000000000000000,,0x00000000000003e7,,-,-,,,,,SYSTEM,S-1-5-18,,,,-,,,,,,%%1843,,,-
174,2026-04-01 19:17:45.912872+00:00,4672,Microsoft-Windows-Security-Auditing,,,,,,,,,,,,,,,,,,,,,,,,,,,,,,,,,,,,,,,,,,,,,,,,,,,,,,,,,,,,,,,,,,,,,,,,,,,,,,,,,,,,,"SeAssignPrimaryTokenPrivilege
			SeTcbPrivilege
			SeSecurityPrivilege
			SeTakeOwnershipPrivilege
			SeLoadDriverPrivilege
			SeBackupPrivilege
			SeRestorePrivilege
			SeDebugPrivilege
			SeAuditPrivilege
			SeSystemEnvironmentPrivilege
			SeImpersonatePrivilege
			SeDelegateSessionUserImpersonatePrivilege",,,,,,,,,,,,,,,,,,,,,NT AUTHORITY,0x00000000000003e7,SYSTEM,S-1-5-18,,,,,,,,,,,,,,,,,,,,,,,,,,,
175,2026-04-01 19:17:46.253654+00:00,4624,Microsoft-Windows-Security-Auditing,,,,,,,,,,Negotiate,,,,,,,,,,,,,,,%%1842,,,,,,,,,,,,%%1833,-,-,,,0,,,,-,,,,,{00000000-0000-0000-0000-000000000000},,Advapi  ,5,,,,,,,,,,,,,,,,,,,,,,,,,,,,,,,,,0x00000000000002dc,C:\Windows\System32\services.exe,,,,,,-,,,,,-,,,,,,,,0x00000000000003e7,MINWINPC$,S-1-5-18,NT AUTHORITY,,0x0000000000000000,,0x00000000000003e7,,-,-,,,,,SYSTEM,S-1-5-18,,,,-,,,,,,%%1843,,,-
176,2026-04-01 19:17:46.253660+00:00,4672,Microsoft-Windows-Security-Auditing,,,,,,,,,,,,,,,,,,,,,,,,,,,,,,,,,,,,,,,,,,,,,,,,,,,,,,,,,,,,,,,,,,,,,,,,,,,,,,,,,,,,,"SeAssignPrimaryTokenPrivilege
			SeTcbPrivilege
			SeSecurityPrivilege
			SeTakeOwnershipPrivilege
			SeLoadDriverPrivilege
			SeBackupPrivilege
			SeRestorePrivilege
			SeDebugPrivilege
			SeAuditPrivilege
			SeSystemEnvironmentPrivilege
			SeImpersonatePrivilege
			SeDelegateSessionUserImpersonatePrivilege",,,,,,,,,,,,,,,,,,,,,NT AUTHORITY,0x00000000000003e7,SYSTEM,S-1-5-18,,,,,,,,,,,,,,,,,,,,,,,,,,,
177,2026-04-01 19:17:47.198507+00:00,4624,Microsoft-Windows-Security-Auditing,,,,,,,,,,Negotiate,,,,,,,,,,,,,,,%%1842,,,,,,,,,,,,%%1833,-,-,,,0,,,,-,,,,,{00000000-0000-0000-0000-000000000000},,Advapi  ,5,,,,,,,,,,,,,,,,,,,,,,,,,,,,,,,,,0x00000000000002dc,C:\Windows\System32\services.exe,,,,,,-,,,,,-,,,,,,,,0x00000000000003e7,MINWINPC$,S-1-5-18,NT AUTHORITY,,0x0000000000000000,,0x00000000000003e7,,-,-,,,,,SYSTEM,S-1-5-18,,,,-,,,,,,%%1843,,,-
178,2026-04-01 19:17:47.198513+00:00,4672,Microsoft-Windows-Security-Auditing,,,,,,,,,,,,,,,,,,,,,,,,,,,,,,,,,,,,,,,,,,,,,,,,,,,,,,,,,,,,,,,,,,,,,,,,,,,,,,,,,,,,,"SeAssignPrimaryTokenPrivilege
			SeTcbPrivilege
			SeSecurityPrivilege
			SeTakeOwnershipPrivilege
			SeLoadDriverPrivilege
			SeBackupPrivilege
			SeRestorePrivilege
			SeDebugPrivilege
			SeAuditPrivilege
			SeSystemEnvironmentPrivilege
			SeImpersonatePrivilege
			SeDelegateSessionUserImpersonatePrivilege",,,,,,,,,,,,,,,,,,,,,NT AUTHORITY,0x00000000000003e7,SYSTEM,S-1-5-18,,,,,,,,,,,,,,,,,,,,,,,,,,,
179,2026-04-01 19:17:47.895535+00:00,4624,Microsoft-Windows-Security-Auditing,,,,,,,,,,Negotiate,,,,,,,,,,,,,,,%%1842,,,,,,,,,,,,%%1833,-,-,,,0,,,,-,,,,,{00000000-0000-0000-0000-000000000000},,Advapi  ,5,,,,,,,,,,,,,,,,,,,,,,,,,,,,,,,,,0x00000000000002dc,C:\Windows\System32\services.exe,,,,,,-,,,,,-,,,,,,,,0x00000000000003e7,MINWINPC$,S-1-5-18,NT AUTHORITY,,0x0000000000000000,,0x00000000000003e7,,-,-,,,,,SYSTEM,S-1-5-18,,,,-,,,,,,%%1843,,,-
180,2026-04-01 19:17:47.895540+00:00,4672,Microsoft-Windows-Security-Auditing,,,,,,,,,,,,,,,,,,,,,,,,,,,,,,,,,,,,,,,,,,,,,,,,,,,,,,,,,,,,,,,,,,,,,,,,,,,,,,,,,,,,,"SeAssignPrimaryTokenPrivilege
			SeTcbPrivilege
			SeSecurityPrivilege
			SeTakeOwnershipPrivilege
			SeLoadDriverPrivilege
			SeBackupPrivilege
			SeRestorePrivilege
			SeDebugPrivilege
			SeAuditPrivilege
			SeSystemEnvironmentPrivilege
			SeImpersonatePrivilege
			SeDelegateSessionUserImpersonatePrivilege",,,,,,,,,,,,,,,,,,,,,NT AUTHORITY,0x00000000000003e7,SYSTEM,S-1-5-18,,,,,,,,,,,,,,,,,,,,,,,,,,,
181,2026-04-01 19:17:53.180197+00:00,4624,Microsoft-Windows-Security-Auditing,,,,,,,,,,Negotiate,,,,,,,,,,,,,,,%%1842,,,,,,,,,,,,%%1833,-,-,,,0,,,,-,,,,,{00000000-0000-0000-0000-000000000000},,Advapi  ,5,,,,,,,,,,,,,,,,,,,,,,,,,,,,,,,,,0x00000000000002dc,C:\Windows\System32\services.exe,,,,,,-,,,,,-,,,,,,,,0x00000000000003e7,MINWINPC$,S-1-5-18,NT AUTHORITY,,0x0000000000000000,,0x00000000000003e7,,-,-,,,,,SYSTEM,S-1-5-18,,,,-,,,,,,%%1843,,,-
182,2026-04-01 19:17:53.180201+00:00,4672,Microsoft-Windows-Security-Auditing,,,,,,,,,,,,,,,,,,,,,,,,,,,,,,,,,,,,,,,,,,,,,,,,,,,,,,,,,,,,,,,,,,,,,,,,,,,,,,,,,,,,,"SeAssignPrimaryTokenPrivilege
			SeTcbPrivilege
			SeSecurityPrivilege
			SeTakeOwnershipPrivilege
			SeLoadDriverPrivilege
			SeBackupPrivilege
			SeRestorePrivilege
			SeDebugPrivilege
			SeAuditPrivilege
			SeSystemEnvironmentPrivilege
			SeImpersonatePrivilege
			SeDelegateSessionUserImpersonatePrivilege",,,,,,,,,,,,,,,,,,,,,NT AUTHORITY,0x00000000000003e7,SYSTEM,S-1-5-18,,,,,,,,,,,,,,,,,,,,,,,,,,,
183,2026-04-01 19:17:57.929235+00:00,1100,Microsoft-Windows-Eventlog,,,,,,,,,,,,,,,,,,,,,,,,,,,,,,,,,,,,,,,,,,,,,,,,,,,,,,,,,,,,,,,,,,,,,,,,,,,,,,,,,,,,,,,,,,,,,,,,,,,,,,,,,,,,,,,,,,,,,,,,,,,,,,,,,,,,,,,,
184,2026-04-01 19:18:08.623955+00:00,4688,Microsoft-Windows-Security-Auditing,,,,,,,,,,,,,,,,,,,,,,,,,,,,,,,,,,,,,,,,,,,,,,,,,,,,,,,,S-1-16-16384,,,,,,,0x000000000000004c,Registry,,,,,,,,,,,,,,,,,,,,,,,0x0000000000000004,,,,,,,,,,,,,,,,,,,-,0x00000000000003e7,-,S-1-5-18,-,,,,0x0000000000000000,,,,,,,,-,S-1-0-0,,%%1936,,,,,,,,,,,
185,2026-04-01 19:18:08.624395+00:00,4696,Microsoft-Windows-Security-Auditing,,,,,,,,,,,,,,,,,,,,,,,,,,,,,,,,,,,,,,,,,,,,,,,,,,,,,,,,,,,,,,,,,,,,,,,,,,,,,,,,,,,,,,,0x0000000000000004,,,,,,,,,,,,,,,,,,,-,0x00000000000003e7,-,S-1-5-18,-,,,,0x00000000000003e7,,,,0x000000000000004c,Registry,,,-,S-1-0-0,,,,,,,,,,,,,
186,2026-04-01 19:18:08.624397+00:00,4826,Microsoft-Windows-Security-Auditing,,,,,,,%%1843,,,,,,,,,%%1846,,%%1843,,,,,,,,,,%%1843,,,,,%%1843,%%1848,-,,,,,%%1843,,,,,,,-,,,,,,,,,,,,,,,,,,,,,,,,,,,,,,,,,,,,,,,,,,,,,,,,%%1843,,,,,,,,,,,-,0x00000000000003e7,-,S-1-5-18,,,,,,,,,,,,,,,%%1843,,,,,,,,,,%%1848,,
187,2026-04-01 19:18:08.624399+00:00,4688,Microsoft-Windows-Security-Auditing,,,,,,,,,,,,,,,,,,,,,,,,,,,,,,,,,,,,,,,,,,,,,,,,,,,,,,,,S-1-16-16384,,,,,,,0x000000000000017c,C:\Windows\System32\smss.exe,,,,,,,,,,,,,,,,,,,,,,,0x0000000000000004,,,,,,,,,,,,,,,,,,,-,0x00000000000003e7,-,S-1-5-18,-,,,,0x0000000000000000,,,,,,,,-,S-1-0-0,,%%1936,,,,,,,,,,,
188,2026-04-01 19:18:09.293869+00:00,4688,Microsoft-Windows-Security-Auditing,,,,,,,,,,,,,,,,,,,,,,,,,,,,,,,,,,,,,,,,,,,,,,,,,,,,,,,,S-1-16-16384,,,,,,,0x000000000000019c,C:\Windows\System32\autochk.exe,,,,,,,,,,,,,,,C:\Windows\System32\smss.exe,,,,,,,,0x000000000000017c,,,,,,,,,,,,,,,,,,,-,0x00000000000003e7,-,S-1-5-18,-,,,,0x0000000000000000,,,,,,,,-,S-1-0-0,,%%1936,,,,,,,,,,,
189,2026-04-01 19:18:09.476419+00:00,4688,Microsoft-Windows-Security-Auditing,,,,,,,,,,,,,,,,,,,,,,,,,,,,,,,,,,,,,,,,,,,,,,,,,,,,,,,,S-1-16-16384,,,,,,,0x000000000000020c,C:\Windows\System32\smss.exe,,,,,,,,,,,,,,,C:\Windows\System32\smss.exe,,,,,,,,0x000000000000017c,,,,,,,,,,,,,,,,,,,-,0x00000000000003e7,-,S-1-5-18,-,,,,0x0000000000000000,,,,,,,,-,S-1-0-0,,%%1936,,,,,,,,,,,
190,2026-04-01 19:18:09.563272+00:00,4688,Microsoft-Windows-Security-Auditing,,,,,,,,,,,,,,,,,,,,,,,,,,,,,,,,,,,,,,,,,,,,,,,,,,,,,,,,S-1-16-16384,,,,,,,0x0000000000000228,C:\Windows\System32\csrss.exe,,,,,,,,,,,,,,,C:\Windows\System32\smss.exe,,,,,,,,0x000000000000020c,,,,,,,,,,,,,,,,,,,-,0x00000000000003e7,-,S-1-5-18,-,,,,0x0000000000000000,,,,,,,,-,S-1-0-0,,%%1936,,,,,,,,,,,
191,2026-04-01 19:18:09.654806+00:00,4688,Microsoft-Windows-Security-Auditing,,,,,,,,,,,,,,,,,,,,,,,,,,,,,,,,,,,,,,,,,,,,,,,,,,,,,,,,S-1-16-16384,,,,,,,0x0000000000000264,C:\Windows\System32\smss.exe,,,,,,,,,,,,,,,C:\Windows\System32\smss.exe,,,,,,,,0x000000000000017c,,,,,,,,,,,,,,,,,,,-,0x00000000000003e7,-,S-1-5-18,-,,,,0x0000000000000000,,,,,,,,-,S-1-0-0,,%%1936,,,,,,,,,,,
192,2026-04-01 19:18:09.660124+00:00,4688,Microsoft-Windows-Security-Auditing,,,,,,,,,,,,,,,,,,,,,,,,,,,,,,,,,,,,,,,,,,,,,,,,,,,,,,,,S-1-16-16384,,,,,,,0x000000000000026c,C:\Windows\System32\wininit.exe,,,,,,,,,,,,,,,C:\Windows\System32\smss.exe,,,,,,,,0x000000000000020c,,,,,,,,,,,,,,,,,,,-,0x00000000000003e7,-,S-1-5-18,-,,,,0x0000000000000000,,,,,,,,-,S-1-0-0,,%%1936,,,,,,,,,,,
193,2026-04-01 19:18:09.669640+00:00,4688,Microsoft-Windows-Security-Auditing,,,,,,,,,,,,,,,,,,,,,,,,,,,,,,,,,,,,,,,,,,,,,,,,,,,,,,,,S-1-16-16384,,,,,,,0x0000000000000274,C:\Windows\System32\csrss.exe,,,,,,,,,,,,,,,C:\Windows\System32\smss.exe,,,,,,,,0x0000000000000264,,,,,,,,,,,,,,,,,,,-,0x00000000000003e7,-,S-1-5-18,-,,,,0x0000000000000000,,,,,,,,-,S-1-0-0,,%%1936,,,,,,,,,,,
194,2026-04-01 19:18:09.690563+00:00,4688,Microsoft-Windows-Security-Auditing,,,,,,,,,,,,,,,,,,,,,,,,,,,,,,,,,,,,,,,,,,,,,,,,,,,,,,,,S-1-16-16384,,,,,,,0x00000000000002a4,C:\Windows\System32\winlogon.exe,,,,,,,,,,,,,,,C:\Windows\System32\smss.exe,,,,,,,,0x0000000000000264,,,,,,,,,,,,,,,,,,,-,0x00000000000003e7,-,S-1-5-18,-,,,,0x0000000000000000,,,,,,,,-,S-1-0-0,,%%1936,,,,,,,,,,,
195,2026-04-01 19:18:09.823618+00:00,4688,Microsoft-Windows-Security-Auditing,,,,,,,,,,,,,,,,,,,,,,,,,,,,,,,,,,,,,,,,,,,,,,,,,,,,,,,,S-1-16-16384,,,,,,,0x00000000000002e4,C:\Windows\System32\services.exe,,,,,,,,,,,,,,,C:\Windows\System32\wininit.exe,,,,,,,,0x000000000000026c,,,,,,,,,,,,,,,,,,,-,0x00000000000003e7,-,S-1-5-18,-,,,,0x0000000000000000,,,,,,,,-,S-1-0-0,,%%1936,,,,,,,,,,,
196,2026-04-01 19:18:09.855448+00:00,4688,Microsoft-Windows-Security-Auditing,,,,,,,,,,,,,,,,,,,,,,,,,,,,,,,,,,,,,,,,,,,,,,,,,,,,,,,,S-1-16-16384,,,,,,,0x00000000000002ec,C:\Windows\System32\lsass.exe,,,,,,,,,,,,,,,C:\Windows\System32\wininit.exe,,,,,,,,0x000000000000026c,,,,,,,,,,,,,,,,,,,-,0x00000000000003e7,-,S-1-5-18,-,,,,0x0000000000000000,,,,,,,,-,S-1-0-0,,%%1936,,,,,,,,,,,
197,2026-04-01 19:18:09.960361+00:00,6417,Microsoft-Windows-Security-Auditing,,,,,,,,,,,,,,,,,,,,,,,,,,,,,,,,,,,,,,,,,,,,,,,,,,,,,,,,,,,,,,,,,,,,,,,,,,,,,,,,,,,,,,,0x00000000000002ec,C:\Windows\System32\lsass.exe,,,,,,,,,,,,,,,,,,,,,,,,,,,,,,,,,,,,,,,,,,,,,,,,
198,2026-04-01 19:18:09.963463+00:00,4608,Microsoft-Windows-Security-Auditing,,,,,,,,,,,,,,,,,,,,,,,,,,,,,,,,,,,,,,,,,,,,,,,,,,,,,,,,,,,,,,,,,,,,,,,,,,,,,,,,,,,,,,,,,,,,,,,,,,,,,,,,,,,,,,,,,,,,,,,,,,,,,,,,,,,,,,,,
199,2026-04-01 19:18:09.968235+00:00,4624,Microsoft-Windows-Security-Auditing,,,,,,,,,,-,,,,,,,,,,,,,,,%%1842,,,,,,,,,,,,-,-,-,,,0,,,,-,,,,,{00000000-0000-0000-0000-000000000000},,-,0,,,,,,,,,,,,,,,,,,,,,,,,,,,,,,,,,0x0000000000000004,,,,,,,-,,,,,-,,,,,,,-,0x0000000000000000,-,S-1-0-0,NT AUTHORITY,,0x0000000000000000,,0x00000000000003e7,,-,-,,,,,SYSTEM,S-1-5-18,,,,-,,,,,,%%1843,,,-
200,2026-04-01 19:18:10.123363+00:00,4902,Microsoft-Windows-Security-Auditing,,,,,,,,,,,,,,,,,,,,,,,,,,,,,,,,,,,,,,,,,,,,,,,,,,,,,,,,,,,,,,,,,,,,,,,,,,,,,,,,,,,,,,,,,,,0,0x000000000000c560,,,,,,,,,,,,,,,,,,,,,,,,,,,,,,,,,,,,,,,,,,,,
201,2026-04-01 19:18:10.169743+00:00,4648,Microsoft-Windows-Security-Auditing,,,,,,,,,,,,,,,,,,,,,,,,,,,,,,,,,,,,,,-,-,,,,,,,,,,,,{00000000-0000-0000-0000-000000000000},,,,,,,,,,,,,,,,,,,,,,,,,,,,,,,,,,,,0x000000000000026c,C:\Windows\System32\wininit.exe,,,,,,,,,,,,,,,,,,WORKGROUP,0x00000000000003e7,WIN-2RR949GCCSV$,S-1-5-18,Font Driver Host,localhost,,{00000000-0000-0000-0000-000000000000},,,,,,,localhost,,UMFD-0,,,,,,,,,,,,,,
202,2026-04-01 19:18:10.169762+00:00,4624,Microsoft-Windows-Security-Auditing,,,,,,,,,,Negotiate,,,,,,,,,,,,,,,%%1843,,,,,,,,,,,,%%1833,-,-,,,0,,,,-,,,,,{00000000-0000-0000-0000-000000000000},,Advapi  ,2,,,,,,,,,,,,,,,,,,,,,,,,,,,,,,,,,0x000000000000026c,C:\Windows\System32\wininit.exe,,,,,,-,,,,,-,,,,,,,WORKGROUP,0x00000000000003e7,WIN-2RR949GCCSV$,S-1-5-18,Font Driver Host,,0x0000000000000000,,0x000000000000c727,,-,-,,,,,UMFD-0,S-1-5-96-0-0,,,,-,,,,,,%%1842,,,-
203,2026-04-01 19:18:10.171413+00:00,4648,Microsoft-Windows-Security-Auditing,,,,,,,,,,,,,,,,,,,,,,,,,,,,,,,,,,,,,,-,-,,,,,,,,,,,,{00000000-0000-0000-0000-000000000000},,,,,,,,,,,,,,,,,,,,,,,,,,,,,,,,,,,,0x00000000000002a4,C:\Windows\System32\winlogon.exe,,,,,,,,,,,,,,,,,,WORKGROUP,0x00000000000003e7,WIN-2RR949GCCSV$,S-1-5-18,Font Driver Host,localhost,,{00000000-0000-0000-0000-000000000000},,,,,,,localhost,,UMFD-1,,,,,,,,,,,,,,
204,2026-04-01 19:18:10.171518+00:00,4624,Microsoft-Windows-Security-Auditing,,,,,,,,,,Negotiate,,,,,,,,,,,,,,,%%1843,,,,,,,,,,,,%%1833,-,-,,,0,,,,-,,,,,{00000000-0000-0000-0000-000000000000},,Advapi  ,2,,,,,,,,,,,,,,,,,,,,,,,,,,,,,,,,,0x00000000000002a4,C:\Windows\System32\winlogon.exe,,,,,,-,,,,,-,,,,,,,WORKGROUP,0x00000000000003e7,WIN-2RR949GCCSV$,S-1-5-18,Font Driver Host,,0x0000000000000000,,0x000000000000c749,,-,-,,,,,UMFD-1,S-1-5-96-0-1,,,,-,,,,,,%%1842,,,-
205,2026-04-01 19:18:10.204308+00:00,4624,Microsoft-Windows-Security-Auditing,,,,,,,,,,Negotiate,,,,,,,,,,,,,,,%%1842,,,,,,,,,,,,%%1833,-,-,,,0,,,,-,,,,,{00000000-0000-0000-0000-000000000000},,Advapi  ,5,,,,,,,,,,,,,,,,,,,,,,,,,,,,,,,,,0x00000000000002e4,C:\Windows\System32\services.exe,,,,,,-,,,,,-,,,,,,,WORKGROUP,0x00000000000003e7,WIN-2RR949GCCSV$,S-1-5-18,NT AUTHORITY,,0x0000000000000000,,0x00000000000003e7,,-,-,,,,,SYSTEM,S-1-5-18,,,,-,,,,,,%%1843,,,-
206,2026-04-01 19:18:10.204313+00:00,4672,Microsoft-Windows-Security-Auditing,,,,,,,,,,,,,,,,,,,,,,,,,,,,,,,,,,,,,,,,,,,,,,,,,,,,,,,,,,,,,,,,,,,,,,,,,,,,,,,,,,,,,"SeAssignPrimaryTokenPrivilege
			SeTcbPrivilege
			SeSecurityPrivilege
			SeTakeOwnershipPrivilege
			SeLoadDriverPrivilege
			SeBackupPrivilege
			SeRestorePrivilege
			SeDebugPrivilege
			SeAuditPrivilege
			SeSystemEnvironmentPrivilege
			SeImpersonatePrivilege
			SeDelegateSessionUserImpersonatePrivilege",,,,,,,,,,,,,,,,,,,,,NT AUTHORITY,0x00000000000003e7,SYSTEM,S-1-5-18,,,,,,,,,,,,,,,,,,,,,,,,,,,
207,2026-04-01 19:18:10.425344+00:00,4624,Microsoft-Windows-Security-Auditing,,,,,,,,,,Negotiate,,,,,,,,,,,,,,,%%1842,,,,,,,,,,,,%%1833,-,-,,,0,,,,-,,,,,{00000000-0000-0000-0000-000000000000},,Advapi  ,5,,,,,,,,,,,,,,,,,,,,,,,,,,,,,,,,,0x00000000000002e4,C:\Windows\System32\services.exe,,,,,,-,,,,,-,,,,,,,WORKGROUP,0x00000000000003e7,WIN-2RR949GCCSV$,S-1-5-18,NT AUTHORITY,,0x0000000000000000,,0x00000000000003e4,,-,-,,,,,NETWORK SERVICE,S-1-5-20,,,,-,,,,,,%%1843,,,-
208,2026-04-01 19:18:10.425350+00:00,4672,Microsoft-Windows-Security-Auditing,,,,,,,,,,,,,,,,,,,,,,,,,,,,,,,,,,,,,,,,,,,,,,,,,,,,,,,,,,,,,,,,,,,,,,,,,,,,,,,,,,,,,"SeAssignPrimaryTokenPrivilege
			SeAuditPrivilege
			SeImpersonatePrivilege",,,,,,,,,,,,,,,,,,,,,NT AUTHORITY,0x00000000000003e4,NETWORK SERVICE,S-1-5-20,,,,,,,,,,,,,,,,,,,,,,,,,,,
209,2026-04-01 19:18:10.502325+00:00,4624,Microsoft-Windows-Security-Auditing,,,,,,,,,,Negotiate,,,,,,,,,,,,,,,%%1842,,,,,,,,,,,,%%1833,-,-,,,0,,,,-,,,,,{00000000-0000-0000-0000-000000000000},,Advapi  ,5,,,,,,,,,,,,,,,,,,,,,,,,,,,,,,,,,0x00000000000002e4,C:\Windows\System32\services.exe,,,,,,-,,,,,-,,,,,,,WORKGROUP,0x00000000000003e7,WIN-2RR949GCCSV$,S-1-5-18,NT AUTHORITY,,0x0000000000000000,,0x00000000000003e7,,-,-,,,,,SYSTEM,S-1-5-18,,,,-,,,,,,%%1843,,,-
210,2026-04-01 19:18:10.502331+00:00,4672,Microsoft-Windows-Security-Auditing,,,,,,,,,,,,,,,,,,,,,,,,,,,,,,,,,,,,,,,,,,,,,,,,,,,,,,,,,,,,,,,,,,,,,,,,,,,,,,,,,,,,,"SeAssignPrimaryTokenPrivilege
			SeTcbPrivilege
			SeSecurityPrivilege
			SeTakeOwnershipPrivilege
			SeLoadDriverPrivilege
			SeBackupPrivilege
			SeRestorePrivilege
			SeDebugPrivilege
			SeAuditPrivilege
			SeSystemEnvironmentPrivilege
			SeImpersonatePrivilege
			SeDelegateSessionUserImpersonatePrivilege",,,,,,,,,,,,,,,,,,,,,NT AUTHORITY,0x00000000000003e7,SYSTEM,S-1-5-18,,,,,,,,,,,,,,,,,,,,,,,,,,,
211,2026-04-01 19:18:10.630209+00:00,4648,Microsoft-Windows-Security-Auditing,,,,,,,,,,,,,,,,,,,,,,,,,,,,,,,,,,,,,,-,-,,,,,,,,,,,,{00000000-0000-0000-0000-000000000000},,,,,,,,,,,,,,,,,,,,,,,,,,,,,,,,,,,,0x00000000000002a4,C:\Windows\System32\winlogon.exe,,,,,,,,,,,,,,,,,,WORKGROUP,0x00000000000003e7,WIN-2RR949GCCSV$,S-1-5-18,Window Manager,localhost,,{00000000-0000-0000-0000-000000000000},,,,,,,localhost,,DWM-1,,,,,,,,,,,,,,
212,2026-04-01 19:18:10.630220+00:00,4624,Microsoft-Windows-Security-Auditing,,,,,,,,,,Negotiate,,,,,,,,,,,,,,,%%1842,,,,,,,,,,,,%%1833,-,-,,,0,,,,-,,,,,{00000000-0000-0000-0000-000000000000},,Advapi  ,2,,,,,,,,,,,,,,,,,,,,,,,,,,,,,,,,,0x00000000000002a4,C:\Windows\System32\winlogon.exe,,,,,,-,,,,,-,,,,,,,WORKGROUP,0x00000000000003e7,WIN-2RR949GCCSV$,S-1-5-18,Window Manager,,0x00000000000123ea,,0x00000000000122ef,,-,-,,,,,DWM-1,S-1-5-90-0-1,,,,-,,,,,,%%1842,,,-
213,2026-04-01 19:18:10.630234+00:00,4624,Microsoft-Windows-Security-Auditing,,,,,,,,,,Negotiate,,,,,,,,,,,,,,,%%1843,,,,,,,,,,,,%%1833,-,-,,,0,,,,-,,,,,{00000000-0000-0000-0000-000000000000},,Advapi  ,2,,,,,,,,,,,,,,,,,,,,,,,,,,,,,,,,,0x00000000000002a4,C:\Windows\System32\winlogon.exe,,,,,,-,,,,,-,,,,,,,WORKGROUP,0x00000000000003e7,WIN-2RR949GCCSV$,S-1-5-18,Window Manager,,0x00000000000122ef,,0x00000000000123ea,,-,-,,,,,DWM-1,S-1-5-90-0-1,,,,-,,,,,,%%1842,,,-
214,2026-04-01 19:18:10.630236+00:00,4672,Microsoft-Windows-Security-Auditing,,,,,,,,,,,,,,,,,,,,,,,,,,,,,,,,,,,,,,,,,,,,,,,,,,,,,,,,,,,,,,,,,,,,,,,,,,,,,,,,,,,,,"SeAssignPrimaryTokenPrivilege
			SeAuditPrivilege
			SeImpersonatePrivilege",,,,,,,,,,,,,,,,,,,,,Window Manager,0x00000000000122ef,DWM-1,S-1-5-90-0-1,,,,,,,,,,,,,,,,,,,,,,,,,,,
215,2026-04-01 19:18:10.630236+00:00,4672,Microsoft-Windows-Security-Auditing,,,,,,,,,,,,,,,,,,,,,,,,,,,,,,,,,,,,,,,,,,,,,,,,,,,,,,,,,,,,,,,,,,,,,,,,,,,,,,,,,,,,,"SeAssignPrimaryTokenPrivilege
			SeAuditPrivilege",,,,,,,,,,,,,,,,,,,,,Window Manager,0x00000000000123ea,DWM-1,S-1-5-90-0-1,,,,,,,,,,,,,,,,,,,,,,,,,,,
216,2026-04-01 19:18:10.822014+00:00,4624,Microsoft-Windows-Security-Auditing,,,,,,,,,,Negotiate,,,,,,,,,,,,,,,%%1842,,,,,,,,,,,,%%1833,-,-,,,0,,,,-,,,,,{00000000-0000-0000-0000-000000000000},,Advapi  ,5,,,,,,,,,,,,,,,,,,,,,,,,,,,,,,,,,0x00000000000002e4,C:\Windows\System32\services.exe,,,,,,-,,,,,-,,,,,,,WORKGROUP,0x00000000000003e7,WIN-2RR949GCCSV$,S-1-5-18,NT AUTHORITY,,0x0000000000000000,,0x00000000000003e7,,-,-,,,,,SYSTEM,S-1-5-18,,,,-,,,,,,%%1843,,,-
217,2026-04-01 19:18:10.822018+00:00,4672,Microsoft-Windows-Security-Auditing,,,,,,,,,,,,,,,,,,,,,,,,,,,,,,,,,,,,,,,,,,,,,,,,,,,,,,,,,,,,,,,,,,,,,,,,,,,,,,,,,,,,,"SeAssignPrimaryTokenPrivilege
			SeTcbPrivilege
			SeSecurityPrivilege
			SeTakeOwnershipPrivilege
			SeLoadDriverPrivilege
			SeBackupPrivilege
			SeRestorePrivilege
			SeDebugPrivilege
			SeAuditPrivilege
			SeSystemEnvironmentPrivilege
			SeImpersonatePrivilege
			SeDelegateSessionUserImpersonatePrivilege",,,,,,,,,,,,,,,,,,,,,NT AUTHORITY,0x00000000000003e7,SYSTEM,S-1-5-18,,,,,,,,,,,,,,,,,,,,,,,,,,,
218,2026-04-01 19:18:10.838484+00:00,4624,Microsoft-Windows-Security-Auditing,,,,,,,,,,Negotiate,,,,,,,,,,,,,,,%%1842,,,,,,,,,,,,%%1833,-,-,,,0,,,,-,,,,,{00000000-0000-0000-0000-000000000000},,Advapi  ,5,,,,,,,,,,,,,,,,,,,,,,,,,,,,,,,,,0x00000000000002e4,C:\Windows\System32\services.exe,,,,,,-,,,,,-,,,,,,,WORKGROUP,0x00000000000003e7,WIN-2RR949GCCSV$,S-1-5-18,NT AUTHORITY,,0x0000000000000000,,0x00000000000003e7,,-,-,,,,,SYSTEM,S-1-5-18,,,,-,,,,,,%%1843,,,-
219,2026-04-01 19:18:10.838490+00:00,4672,Microsoft-Windows-Security-Auditing,,,,,,,,,,,,,,,,,,,,,,,,,,,,,,,,,,,,,,,,,,,,,,,,,,,,,,,,,,,,,,,,,,,,,,,,,,,,,,,,,,,,,"SeAssignPrimaryTokenPrivilege
			SeTcbPrivilege
			SeSecurityPrivilege
			SeTakeOwnershipPrivilege
			SeLoadDriverPrivilege
			SeBackupPrivilege
			SeRestorePrivilege
			SeDebugPrivilege
			SeAuditPrivilege
			SeSystemEnvironmentPrivilege
			SeImpersonatePrivilege
			SeDelegateSessionUserImpersonatePrivilege",,,,,,,,,,,,,,,,,,,,,NT AUTHORITY,0x00000000000003e7,SYSTEM,S-1-5-18,,,,,,,,,,,,,,,,,,,,,,,,,,,
220,2026-04-01 19:18:10.868052+00:00,4624,Microsoft-Windows-Security-Auditing,,,,,,,,,,Negotiate,,,,,,,,,,,,,,,%%1842,,,,,,,,,,,,%%1833,-,-,,,0,,,,-,,,,,{00000000-0000-0000-0000-000000000000},,Advapi  ,5,,,,,,,,,,,,,,,,,,,,,,,,,,,,,,,,,0x00000000000002e4,C:\Windows\System32\services.exe,,,,,,-,,,,,-,,,,,,,WORKGROUP,0x00000000000003e7,WIN-2RR949GCCSV$,S-1-5-18,NT AUTHORITY,,0x0000000000000000,,0x00000000000003e5,,-,-,,,,,LOCAL SERVICE,S-1-5-19,,,,-,,,,,,%%1843,,,-
221,2026-04-01 19:18:10.868053+00:00,4672,Microsoft-Windows-Security-Auditing,,,,,,,,,,,,,,,,,,,,,,,,,,,,,,,,,,,,,,,,,,,,,,,,,,,,,,,,,,,,,,,,,,,,,,,,,,,,,,,,,,,,,"SeAssignPrimaryTokenPrivilege
			SeAuditPrivilege
			SeImpersonatePrivilege",,,,,,,,,,,,,,,,,,,,,NT AUTHORITY,0x00000000000003e5,LOCAL SERVICE,S-1-5-19,,,,,,,,,,,,,,,,,,,,,,,,,,,
222,2026-04-01 19:18:11.048117+00:00,4624,Microsoft-Windows-Security-Auditing,,,,,,,,,,Negotiate,,,,,,,,,,,,,,,%%1842,,,,,,,,,,,,%%1833,-,-,,,0,,,,-,,,,,{00000000-0000-0000-0000-000000000000},,Advapi  ,5,,,,,,,,,,,,,,,,,,,,,,,,,,,,,,,,,0x00000000000002e4,C:\Windows\System32\services.exe,,,,,,-,,,,,-,,,,,,,WORKGROUP,0x00000000000003e7,WIN-2RR949GCCSV$,S-1-5-18,NT AUTHORITY,,0x0000000000000000,,0x00000000000003e7,,-,-,,,,,SYSTEM,S-1-5-18,,,,-,,,,,,%%1843,,,-
223,2026-04-01 19:18:11.048120+00:00,4672,Microsoft-Windows-Security-Auditing,,,,,,,,,,,,,,,,,,,,,,,,,,,,,,,,,,,,,,,,,,,,,,,,,,,,,,,,,,,,,,,,,,,,,,,,,,,,,,,,,,,,,"SeAssignPrimaryTokenPrivilege
			SeTcbPrivilege
			SeSecurityPrivilege
			SeTakeOwnershipPrivilege
			SeLoadDriverPrivilege
			SeBackupPrivilege
			SeRestorePrivilege
			SeDebugPrivilege
			SeAuditPrivilege
			SeSystemEnvironmentPrivilege
			SeImpersonatePrivilege
			SeDelegateSessionUserImpersonatePrivilege",,,,,,,,,,,,,,,,,,,,,NT AUTHORITY,0x00000000000003e7,SYSTEM,S-1-5-18,,,,,,,,,,,,,,,,,,,,,,,,,,,
224,2026-04-01 19:18:11.124107+00:00,4624,Microsoft-Windows-Security-Auditing,,,,,,,,,,Negotiate,,,,,,,,,,,,,,,%%1842,,,,,,,,,,,,%%1833,-,-,,,0,,,,-,,,,,{00000000-0000-0000-0000-000000000000},,Advapi  ,5,,,,,,,,,,,,,,,,,,,,,,,,,,,,,,,,,0x00000000000002e4,C:\Windows\System32\services.exe,,,,,,-,,,,,-,,,,,,,WORKGROUP,0x00000000000003e7,WIN-2RR949GCCSV$,S-1-5-18,NT AUTHORITY,,0x0000000000000000,,0x00000000000003e7,,-,-,,,,,SYSTEM,S-1-5-18,,,,-,,,,,,%%1843,,,-
225,2026-04-01 19:18:11.124113+00:00,4672,Microsoft-Windows-Security-Auditing,,,,,,,,,,,,,,,,,,,,,,,,,,,,,,,,,,,,,,,,,,,,,,,,,,,,,,,,,,,,,,,,,,,,,,,,,,,,,,,,,,,,,"SeAssignPrimaryTokenPrivilege
			SeTcbPrivilege
			SeSecurityPrivilege
			SeTakeOwnershipPrivilege
			SeLoadDriverPrivilege
			SeBackupPrivilege
			SeRestorePrivilege
			SeDebugPrivilege
			SeAuditPrivilege
			SeSystemEnvironmentPrivilege
			SeImpersonatePrivilege
			SeDelegateSessionUserImpersonatePrivilege",,,,,,,,,,,,,,,,,,,,,NT AUTHORITY,0x00000000000003e7,SYSTEM,S-1-5-18,,,,,,,,,,,,,,,,,,,,,,,,,,,
226,2026-04-01 19:18:16.129421+00:00,4624,Microsoft-Windows-Security-Auditing,,,,,,,,,,Negotiate,,,,,,,,,,,,,,,%%1842,,,,,,,,,,,,%%1833,-,-,,,0,,,,-,,,,,{00000000-0000-0000-0000-000000000000},,Advapi  ,5,,,,,,,,,,,,,,,,,,,,,,,,,,,,,,,,,0x00000000000002e4,C:\Windows\System32\services.exe,,,,,,-,,,,,-,,,,,,,WORKGROUP,0x00000000000003e7,WIN-2RR949GCCSV$,S-1-5-18,NT AUTHORITY,,0x0000000000000000,,0x00000000000003e7,,-,-,,,,,SYSTEM,S-1-5-18,,,,-,,,,,,%%1843,,,-
227,2026-04-01 19:18:16.129427+00:00,4672,Microsoft-Windows-Security-Auditing,,,,,,,,,,,,,,,,,,,,,,,,,,,,,,,,,,,,,,,,,,,,,,,,,,,,,,,,,,,,,,,,,,,,,,,,,,,,,,,,,,,,,"SeAssignPrimaryTokenPrivilege
			SeTcbPrivilege
			SeSecurityPrivilege
			SeTakeOwnershipPrivilege
			SeLoadDriverPrivilege
			SeBackupPrivilege
			SeRestorePrivilege
			SeDebugPrivilege
			SeAuditPrivilege
			SeSystemEnvironmentPrivilege
			SeImpersonatePrivilege
			SeDelegateSessionUserImpersonatePrivilege",,,,,,,,,,,,,,,,,,,,,NT AUTHORITY,0x00000000000003e7,SYSTEM,S-1-5-18,,,,,,,,,,,,,,,,,,,,,,,,,,,
228,2026-04-01 19:18:16.409567+00:00,4624,Microsoft-Windows-Security-Auditing,,,,,,,,,,Negotiate,,,,,,,,,,,,,,,%%1842,,,,,,,,,,,,%%1833,-,-,,,0,,,,-,,,,,{00000000-0000-0000-0000-000000000000},,Advapi  ,5,,,,,,,,,,,,,,,,,,,,,,,,,,,,,,,,,0x00000000000002e4,C:\Windows\System32\services.exe,,,,,,-,,,,,-,,,,,,,WORKGROUP,0x00000000000003e7,WIN-2RR949GCCSV$,S-1-5-18,NT AUTHORITY,,0x0000000000000000,,0x00000000000003e7,,-,-,,,,,SYSTEM,S-1-5-18,,,,-,,,,,,%%1843,,,-
229,2026-04-01 19:18:16.409573+00:00,4672,Microsoft-Windows-Security-Auditing,,,,,,,,,,,,,,,,,,,,,,,,,,,,,,,,,,,,,,,,,,,,,,,,,,,,,,,,,,,,,,,,,,,,,,,,,,,,,,,,,,,,,"SeAssignPrimaryTokenPrivilege
			SeTcbPrivilege
			SeSecurityPrivilege
			SeTakeOwnershipPrivilege
			SeLoadDriverPrivilege
			SeBackupPrivilege
			SeRestorePrivilege
			SeDebugPrivilege
			SeAuditPrivilege
			SeSystemEnvironmentPrivilege
			SeImpersonatePrivilege
			SeDelegateSessionUserImpersonatePrivilege",,,,,,,,,,,,,,,,,,,,,NT AUTHORITY,0x00000000000003e7,SYSTEM,S-1-5-18,,,,,,,,,,,,,,,,,,,,,,,,,,,
230,2026-04-01 19:18:17.171230+00:00,4624,Microsoft-Windows-Security-Auditing,,,,,,,,,,Negotiate,,,,,,,,,,,,,,,%%1842,,,,,,,,,,,,%%1833,-,-,,,0,,,,-,,,,,{00000000-0000-0000-0000-000000000000},,Advapi  ,5,,,,,,,,,,,,,,,,,,,,,,,,,,,,,,,,,0x00000000000002e4,C:\Windows\System32\services.exe,,,,,,-,,,,,-,,,,,,,WORKGROUP,0x00000000000003e7,WIN-2RR949GCCSV$,S-1-5-18,NT AUTHORITY,,0x0000000000000000,,0x00000000000003e7,,-,-,,,,,SYSTEM,S-1-5-18,,,,-,,,,,,%%1843,,,-
231,2026-04-01 19:18:17.171234+00:00,4672,Microsoft-Windows-Security-Auditing,,,,,,,,,,,,,,,,,,,,,,,,,,,,,,,,,,,,,,,,,,,,,,,,,,,,,,,,,,,,,,,,,,,,,,,,,,,,,,,,,,,,,"SeAssignPrimaryTokenPrivilege
			SeTcbPrivilege
			SeSecurityPrivilege
			SeTakeOwnershipPrivilege
			SeLoadDriverPrivilege
			SeBackupPrivilege
			SeRestorePrivilege
			SeDebugPrivilege
			SeAuditPrivilege
			SeSystemEnvironmentPrivilege
			SeImpersonatePrivilege
			SeDelegateSessionUserImpersonatePrivilege",,,,,,,,,,,,,,,,,,,,,NT AUTHORITY,0x00000000000003e7,SYSTEM,S-1-5-18,,,,,,,,,,,,,,,,,,,,,,,,,,,
232,2026-04-01 19:18:17.261183+00:00,4624,Microsoft-Windows-Security-Auditing,,,,,,,,,,Negotiate,,,,,,,,,,,,,,,%%1842,,,,,,,,,,,,%%1833,-,-,,,0,,,,-,,,,,{00000000-0000-0000-0000-000000000000},,Advapi  ,5,,,,,,,,,,,,,,,,,,,,,,,,,,,,,,,,,0x00000000000002e4,C:\Windows\System32\services.exe,,,,,,-,,,,,-,,,,,,,WORKGROUP,0x00000000000003e7,WIN-2RR949GCCSV$,S-1-5-18,NT AUTHORITY,,0x0000000000000000,,0x00000000000003e7,,-,-,,,,,SYSTEM,S-1-5-18,,,,-,,,,,,%%1843,,,-
