4513,2026-04-01 17:21:14.834660+00:00,5379,Microsoft-Windows-Security-Auditing,,,,,,,,,,,,,,3780,,,1,,,,,,,,,,,,,,,,,,,,,,,,,,,,,,,,,,,,,,,,,,,,,,,,,,,,,,,,,,,,,,,,,,,,,2026-04-01 17:17:51.206451+00:00,,,,,,,%%8100,,,,,,,0,,,,,,NORMALVM,0x000000000003f7ec,pizza,S-1-5-21-2352865859-2334931103-2005901029-1001,,,,,,MicrosoftAccount:user=pizzahuthacker@gmail.com,,,,,,,,,,,,,0,,,,,,,,
4514,2026-04-01 17:21:14.834753+00:00,5379,Microsoft-Windows-Security-Auditing,,,,,,,,,,,,,,3780,,,1,,,,,,,,,,,,,,,,,,,,,,,,,,,,,,,,,,,,,,,,,,,,,,,,,,,,,,,,,,,,,,,,,,,,,2026-04-01 17:17:51.206451+00:00,,,,,,,%%8100,,,,,,,0,,,,,,NORMALVM,0x000000000003f7ec,pizza,S-1-5-21-2352865859-2334931103-2005901029-1001,,,,,,MicrosoftAccount:user=pizzahuthacker@gmail.com,,,,,,,,,,,,,0,,,,,,,,
4515,2026-04-01 17:21:14.834892+00:00,5379,Microsoft-Windows-Security-Auditing,,,,,,,,,,,,,,3780,,,1,,,,,,,,,,,,,,,,,,,,,,,,,,,,,,,,,,,,,,,,,,,,,,,,,,,,,,,,,,,,,,,,,,,,,2026-04-01 17:17:51.206451+00:00,,,,,,,%%8100,,,,,,,0,,,,,,NORMALVM,0x000000000003f7ec,pizza,S-1-5-21-2352865859-2334931103-2005901029-1001,,,,,,MicrosoftAccount:user=pizzahuthacker@gmail.com,,,,,,,,,,,,,0,,,,,,,,
4516,2026-04-01 17:21:14.835066+00:00,5379,Microsoft-Windows-Security-Auditing,,,,,,,,,,,,,,3780,,,1,,,,,,,,,,,,,,,,,,,,,,,,,,,,,,,,,,,,,,,,,,,,,,,,,,,,,,,,,,,,,,,,,,,,,2026-04-01 17:17:51.206451+00:00,,,,,,,%%8100,,,,,,,0,,,,,,NORMALVM,0x000000000003f7ec,pizza,S-1-5-21-2352865859-2334931103-2005901029-1001,,,,,,MicrosoftAccount:user=pizzahuthacker@gmail.com,,,,,,,,,,,,,0,,,,,,,,
4517,2026-04-01 17:21:14.835224+00:00,5379,Microsoft-Windows-Security-Auditing,,,,,,,,,,,,,,3780,,,1,,,,,,,,,,,,,,,,,,,,,,,,,,,,,,,,,,,,,,,,,,,,,,,,,,,,,,,,,,,,,,,,,,,,,2026-04-01 17:17:51.206451+00:00,,,,,,,%%8100,,,,,,,0,,,,,,NORMALVM,0x000000000003f7ec,pizza,S-1-5-21-2352865859-2334931103-2005901029-1001,,,,,,MicrosoftAccount:user=pizzahuthacker@gmail.com,,,,,,,,,,,,,0,,,,,,,,
4518,2026-04-01 17:21:14.835312+00:00,5379,Microsoft-Windows-Security-Auditing,,,,,,,,,,,,,,3780,,,1,,,,,,,,,,,,,,,,,,,,,,,,,,,,,,,,,,,,,,,,,,,,,,,,,,,,,,,,,,,,,,,,,,,,,2026-04-01 17:17:51.206451+00:00,,,,,,,%%8100,,,,,,,0,,,,,,NORMALVM,0x000000000003f7ec,pizza,S-1-5-21-2352865859-2334931103-2005901029-1001,,,,,,MicrosoftAccount:user=pizzahuthacker@gmail.com,,,,,,,,,,,,,0,,,,,,,,
4519,2026-04-01 17:21:14.835424+00:00,5379,Microsoft-Windows-Security-Auditing,,,,,,,,,,,,,,3780,,,1,,,,,,,,,,,,,,,,,,,,,,,,,,,,,,,,,,,,,,,,,,,,,,,,,,,,,,,,,,,,,,,,,,,,,2026-04-01 17:17:51.206451+00:00,,,,,,,%%8100,,,,,,,0,,,,,,NORMALVM,0x000000000003f7ec,pizza,S-1-5-21-2352865859-2334931103-2005901029-1001,,,,,,MicrosoftAccount:user=pizzahuthacker@gmail.com,,,,,,,,,,,,,0,,,,,,,,
4520,2026-04-01 17:21:14.835499+00:00,5379,Microsoft-Windows-Security-Auditing,,,,,,,,,,,,,,3780,,,1,,,,,,,,,,,,,,,,,,,,,,,,,,,,,,,,,,,,,,,,,,,,,,,,,,,,,,,,,,,,,,,,,,,,,2026-04-01 17:17:51.206451+00:00,,,,,,,%%8100,,,,,,,0,,,,,,NORMALVM,0x000000000003f7ec,pizza,S-1-5-21-2352865859-2334931103-2005901029-1001,,,,,,MicrosoftAccount:user=pizzahuthacker@gmail.com,,,,,,,,,,,,,0,,,,,,,,
4521,2026-04-01 17:21:14.835602+00:00,5379,Microsoft-Windows-Security-Auditing,,,,,,,,,,,,,,3780,,,1,,,,,,,,,,,,,,,,,,,,,,,,,,,,,,,,,,,,,,,,,,,,,,,,,,,,,,,,,,,,,,,,,,,,,2026-04-01 17:17:51.206451+00:00,,,,,,,%%8100,,,,,,,0,,,,,,NORMALVM,0x000000000003f7ec,pizza,S-1-5-21-2352865859-2334931103-2005901029-1001,,,,,,MicrosoftAccount:user=pizzahuthacker@gmail.com,,,,,,,,,,,,,0,,,,,,,,
4522,2026-04-01 17:21:14.835674+00:00,5379,Microsoft-Windows-Security-Auditing,,,,,,,,,,,,,,3780,,,1,,,,,,,,,,,,,,,,,,,,,,,,,,,,,,,,,,,,,,,,,,,,,,,,,,,,,,,,,,,,,,,,,,,,,2026-04-01 17:17:51.206451+00:00,,,,,,,%%8100,,,,,,,0,,,,,,NORMALVM,0x000000000003f7ec,pizza,S-1-5-21-2352865859-2334931103-2005901029-1001,,,,,,MicrosoftAccount:user=pizzahuthacker@gmail.com,,,,,,,,,,,,,0,,,,,,,,
4523,2026-04-01 17:21:14.835812+00:00,5379,Microsoft-Windows-Security-Auditing,,,,,,,,,,,,,,3780,,,1,,,,,,,,,,,,,,,,,,,,,,,,,,,,,,,,,,,,,,,,,,,,,,,,,,,,,,,,,,,,,,,,,,,,,2026-04-01 17:17:51.206451+00:00,,,,,,,%%8100,,,,,,,0,,,,,,NORMALVM,0x000000000003f7ec,pizza,S-1-5-21-2352865859-2334931103-2005901029-1001,,,,,,MicrosoftAccount:user=pizzahuthacker@gmail.com,,,,,,,,,,,,,0,,,,,,,,
4524,2026-04-01 17:21:14.835890+00:00,5379,Microsoft-Windows-Security-Auditing,,,,,,,,,,,,,,3780,,,1,,,,,,,,,,,,,,,,,,,,,,,,,,,,,,,,,,,,,,,,,,,,,,,,,,,,,,,,,,,,,,,,,,,,,2026-04-01 17:17:51.206451+00:00,,,,,,,%%8100,,,,,,,0,,,,,,NORMALVM,0x000000000003f7ec,pizza,S-1-5-21-2352865859-2334931103-2005901029-1001,,,,,,MicrosoftAccount:user=pizzahuthacker@gmail.com,,,,,,,,,,,,,0,,,,,,,,
4525,2026-04-01 17:21:14.906126+00:00,4799,Microsoft-Windows-Security-Auditing,,,,,,,,,,,0x0000000000001f90,C:\Windows\System32\taskhostw.exe,,,,,,,,,,,,,,,,,,,,,,,,,,,,,,,,,,,,,,,,,,,,,,,,,,,,,,,,,,,,,,,,,,,,,,,,,,,,,,,,,,,,,,,,,,,,,,NORMALVM,0x000000000003f7ae,pizza,S-1-5-21-2352865859-2334931103-2005901029-1001,Builtin,,,,,,,,,,,S-1-5-32-544,Administrators,,,,,,,,,,,,,,
4526,2026-04-01 17:21:16.912064+00:00,5379,Microsoft-Windows-Security-Auditing,,,,,,,,,,,,,,8900,,,0,,,,,,,,,,,,,,,,,,,,,,,,,,,,,,,,,,,,,,,,,,,,,,,,,,,,,,,,,,,,,,,,,,,,,2026-04-01 17:21:14.895987+00:00,,,,,,,%%8100,,,,,,,3221226021,,,,,,NORMALVM,0x000000000003f7ec,pizza,S-1-5-21-2352865859-2334931103-2005901029-1001,,,,,,MicrosoftOffice16_Data:live:cid=*,,,,,,,,,,,,,0,,,,,,,,
4527,2026-04-01 17:21:17.526310+00:00,5379,Microsoft-Windows-Security-Auditing,,,,,,,,,,,,,,3780,,,1,,,,,,,,,,,,,,,,,,,,,,,,,,,,,,,,,,,,,,,,,,,,,,,,,,,,,,,,,,,,,,,,,,,,,2026-04-01 17:17:51.206451+00:00,,,,,,,%%8100,,,,,,,0,,,,,,NORMALVM,0x000000000003f7ec,pizza,S-1-5-21-2352865859-2334931103-2005901029-1001,,,,,,MicrosoftAccount:user=pizzahuthacker@gmail.com,,,,,,,,,,,,,0,,,,,,,,
4528,2026-04-01 17:21:17.528204+00:00,5379,Microsoft-Windows-Security-Auditing,,,,,,,,,,,,,,3780,,,0,,,,,,,,,,,,,,,,,,,,,,,,,,,,,,,,,,,,,,,,,,,,,,,,,,,,,,,,,,,,,,,,,,,,,2026-04-01 17:17:51.206451+00:00,,,,,,,%%8100,,,,,,,3221226021,,,,,,NORMALVM,0x000000000003f7ec,pizza,S-1-5-21-2352865859-2334931103-2005901029-1001,,,,,,WindowsLive:(token):name=pizzahuthacker@gmail.com;serviceuri=*,,,,,,,,,,,,,0,,,,,,,,
4529,2026-04-01 17:21:17.528444+00:00,5379,Microsoft-Windows-Security-Auditing,,,,,,,,,,,,,,3780,,,0,,,,,,,,,,,,,,,,,,,,,,,,,,,,,,,,,,,,,,,,,,,,,,,,,,,,,,,,,,,,,,,,,,,,,2026-04-01 17:17:51.206451+00:00,,,,,,,%%8100,,,,,,,3221226021,,,,,,NORMALVM,0x000000000003f7ec,pizza,S-1-5-21-2352865859-2334931103-2005901029-1001,,,,,,WindowsLive:(cert):name=pizzahuthacker@gmail.com;serviceuri=*,,,,,,,,,,,,,0,,,,,,,,
4530,2026-04-01 17:21:17.541615+00:00,5379,Microsoft-Windows-Security-Auditing,,,,,,,,,,,,,,3780,,,1,,,,,,,,,,,,,,,,,,,,,,,,,,,,,,,,,,,,,,,,,,,,,,,,,,,,,,,,,,,,,,,,,,,,,2026-04-01 17:17:51.206451+00:00,,,,,,,%%8100,,,,,,,0,,,,,,NORMALVM,0x000000000003f7ec,pizza,S-1-5-21-2352865859-2334931103-2005901029-1001,,,,,,MicrosoftAccount:user=pizzahuthacker@gmail.com,,,,,,,,,,,,,0,,,,,,,,
4531,2026-04-01 17:21:17.543911+00:00,5379,Microsoft-Windows-Security-Auditing,,,,,,,,,,,,,,3780,,,1,,,,,,,,,,,,,,,,,,,,,,,,,,,,,,,,,,,,,,,,,,,,,,,,,,,,,,,,,,,,,,,,,,,,,2026-04-01 17:17:51.206451+00:00,,,,,,,%%8100,,,,,,,0,,,,,,NORMALVM,0x000000000003f7ec,pizza,S-1-5-21-2352865859-2334931103-2005901029-1001,,,,,,MicrosoftAccount:user=pizzahuthacker@gmail.com,,,,,,,,,,,,,0,,,,,,,,
4532,2026-04-01 17:21:17.818174+00:00,5379,Microsoft-Windows-Security-Auditing,,,,,,,,,,,,,,3780,,,1,,,,,,,,,,,,,,,,,,,,,,,,,,,,,,,,,,,,,,,,,,,,,,,,,,,,,,,,,,,,,,,,,,,,,2026-04-01 17:17:51.206451+00:00,,,,,,,%%8100,,,,,,,0,,,,,,NORMALVM,0x000000000003f7ec,pizza,S-1-5-21-2352865859-2334931103-2005901029-1001,,,,,,MicrosoftAccount:user=pizzahuthacker@gmail.com,,,,,,,,,,,,,0,,,,,,,,
4533,2026-04-01 17:21:17.818542+00:00,5379,Microsoft-Windows-Security-Auditing,,,,,,,,,,,,,,3780,,,1,,,,,,,,,,,,,,,,,,,,,,,,,,,,,,,,,,,,,,,,,,,,,,,,,,,,,,,,,,,,,,,,,,,,,2026-04-01 17:17:51.206451+00:00,,,,,,,%%8100,,,,,,,0,,,,,,NORMALVM,0x000000000003f7ec,pizza,S-1-5-21-2352865859-2334931103-2005901029-1001,,,,,,MicrosoftAccount:user=pizzahuthacker@gmail.com,,,,,,,,,,,,,0,,,,,,,,
4534,2026-04-01 17:21:17.818844+00:00,5379,Microsoft-Windows-Security-Auditing,,,,,,,,,,,,,,3780,,,1,,,,,,,,,,,,,,,,,,,,,,,,,,,,,,,,,,,,,,,,,,,,,,,,,,,,,,,,,,,,,,,,,,,,,2026-04-01 17:17:51.206451+00:00,,,,,,,%%8100,,,,,,,0,,,,,,NORMALVM,0x000000000003f7ec,pizza,S-1-5-21-2352865859-2334931103-2005901029-1001,,,,,,MicrosoftAccount:user=pizzahuthacker@gmail.com,,,,,,,,,,,,,0,,,,,,,,
4535,2026-04-01 17:21:17.819094+00:00,5379,Microsoft-Windows-Security-Auditing,,,,,,,,,,,,,,3780,,,1,,,,,,,,,,,,,,,,,,,,,,,,,,,,,,,,,,,,,,,,,,,,,,,,,,,,,,,,,,,,,,,,,,,,,2026-04-01 17:17:51.206451+00:00,,,,,,,%%8100,,,,,,,0,,,,,,NORMALVM,0x000000000003f7ec,pizza,S-1-5-21-2352865859-2334931103-2005901029-1001,,,,,,MicrosoftAccount:user=pizzahuthacker@gmail.com,,,,,,,,,,,,,0,,,,,,,,
4536,2026-04-01 17:21:17.819305+00:00,5379,Microsoft-Windows-Security-Auditing,,,,,,,,,,,,,,3780,,,1,,,,,,,,,,,,,,,,,,,,,,,,,,,,,,,,,,,,,,,,,,,,,,,,,,,,,,,,,,,,,,,,,,,,,2026-04-01 17:17:51.206451+00:00,,,,,,,%%8100,,,,,,,0,,,,,,NORMALVM,0x000000000003f7ec,pizza,S-1-5-21-2352865859-2334931103-2005901029-1001,,,,,,MicrosoftAccount:user=pizzahuthacker@gmail.com,,,,,,,,,,,,,0,,,,,,,,
4537,2026-04-01 17:21:17.819416+00:00,5379,Microsoft-Windows-Security-Auditing,,,,,,,,,,,,,,3780,,,1,,,,,,,,,,,,,,,,,,,,,,,,,,,,,,,,,,,,,,,,,,,,,,,,,,,,,,,,,,,,,,,,,,,,,2026-04-01 17:17:51.206451+00:00,,,,,,,%%8100,,,,,,,0,,,,,,NORMALVM,0x000000000003f7ec,pizza,S-1-5-21-2352865859-2334931103-2005901029-1001,,,,,,MicrosoftAccount:user=pizzahuthacker@gmail.com,,,,,,,,,,,,,0,,,,,,,,
4538,2026-04-01 17:21:17.819555+00:00,5379,Microsoft-Windows-Security-Auditing,,,,,,,,,,,,,,3780,,,1,,,,,,,,,,,,,,,,,,,,,,,,,,,,,,,,,,,,,,,,,,,,,,,,,,,,,,,,,,,,,,,,,,,,,2026-04-01 17:17:51.206451+00:00,,,,,,,%%8100,,,,,,,0,,,,,,NORMALVM,0x000000000003f7ec,pizza,S-1-5-21-2352865859-2334931103-2005901029-1001,,,,,,MicrosoftAccount:user=pizzahuthacker@gmail.com,,,,,,,,,,,,,0,,,,,,,,
4539,2026-04-01 17:21:17.819645+00:00,5379,Microsoft-Windows-Security-Auditing,,,,,,,,,,,,,,3780,,,1,,,,,,,,,,,,,,,,,,,,,,,,,,,,,,,,,,,,,,,,,,,,,,,,,,,,,,,,,,,,,,,,,,,,,2026-04-01 17:17:51.206451+00:00,,,,,,,%%8100,,,,,,,0,,,,,,NORMALVM,0x000000000003f7ec,pizza,S-1-5-21-2352865859-2334931103-2005901029-1001,,,,,,MicrosoftAccount:user=pizzahuthacker@gmail.com,,,,,,,,,,,,,0,,,,,,,,
4540,2026-04-01 17:21:17.819834+00:00,5379,Microsoft-Windows-Security-Auditing,,,,,,,,,,,,,,3780,,,1,,,,,,,,,,,,,,,,,,,,,,,,,,,,,,,,,,,,,,,,,,,,,,,,,,,,,,,,,,,,,,,,,,,,,2026-04-01 17:17:51.206451+00:00,,,,,,,%%8100,,,,,,,0,,,,,,NORMALVM,0x000000000003f7ec,pizza,S-1-5-21-2352865859-2334931103-2005901029-1001,,,,,,MicrosoftAccount:user=pizzahuthacker@gmail.com,,,,,,,,,,,,,0,,,,,,,,
4541,2026-04-01 17:21:17.819925+00:00,5379,Microsoft-Windows-Security-Auditing,,,,,,,,,,,,,,3780,,,1,,,,,,,,,,,,,,,,,,,,,,,,,,,,,,,,,,,,,,,,,,,,,,,,,,,,,,,,,,,,,,,,,,,,,2026-04-01 17:17:51.206451+00:00,,,,,,,%%8100,,,,,,,0,,,,,,NORMALVM,0x000000000003f7ec,pizza,S-1-5-21-2352865859-2334931103-2005901029-1001,,,,,,MicrosoftAccount:user=pizzahuthacker@gmail.com,,,,,,,,,,,,,0,,,,,,,,
4542,2026-04-01 17:21:17.820873+00:00,5379,Microsoft-Windows-Security-Auditing,,,,,,,,,,,,,,3780,,,1,,,,,,,,,,,,,,,,,,,,,,,,,,,,,,,,,,,,,,,,,,,,,,,,,,,,,,,,,,,,,,,,,,,,,2026-04-01 17:17:51.206451+00:00,,,,,,,%%8100,,,,,,,0,,,,,,NORMALVM,0x000000000003f7ec,pizza,S-1-5-21-2352865859-2334931103-2005901029-1001,,,,,,MicrosoftAccount:user=pizzahuthacker@gmail.com,,,,,,,,,,,,,0,,,,,,,,
4543,2026-04-01 17:21:17.821016+00:00,5379,Microsoft-Windows-Security-Auditing,,,,,,,,,,,,,,3780,,,1,,,,,,,,,,,,,,,,,,,,,,,,,,,,,,,,,,,,,,,,,,,,,,,,,,,,,,,,,,,,,,,,,,,,,2026-04-01 17:17:51.206451+00:00,,,,,,,%%8100,,,,,,,0,,,,,,NORMALVM,0x000000000003f7ec,pizza,S-1-5-21-2352865859-2334931103-2005901029-1001,,,,,,MicrosoftAccount:user=pizzahuthacker@gmail.com,,,,,,,,,,,,,0,,,,,,,,
4544,2026-04-01 17:21:17.821157+00:00,5379,Microsoft-Windows-Security-Auditing,,,,,,,,,,,,,,3780,,,1,,,,,,,,,,,,,,,,,,,,,,,,,,,,,,,,,,,,,,,,,,,,,,,,,,,,,,,,,,,,,,,,,,,,,2026-04-01 17:17:51.206451+00:00,,,,,,,%%8100,,,,,,,0,,,,,,NORMALVM,0x000000000003f7ec,pizza,S-1-5-21-2352865859-2334931103-2005901029-1001,,,,,,MicrosoftAccount:user=pizzahuthacker@gmail.com,,,,,,,,,,,,,0,,,,,,,,
4545,2026-04-01 17:21:17.821243+00:00,5379,Microsoft-Windows-Security-Auditing,,,,,,,,,,,,,,3780,,,1,,,,,,,,,,,,,,,,,,,,,,,,,,,,,,,,,,,,,,,,,,,,,,,,,,,,,,,,,,,,,,,,,,,,,2026-04-01 17:17:51.206451+00:00,,,,,,,%%8100,,,,,,,0,,,,,,NORMALVM,0x000000000003f7ec,pizza,S-1-5-21-2352865859-2334931103-2005901029-1001,,,,,,MicrosoftAccount:user=pizzahuthacker@gmail.com,,,,,,,,,,,,,0,,,,,,,,
4546,2026-04-01 17:21:17.821363+00:00,5379,Microsoft-Windows-Security-Auditing,,,,,,,,,,,,,,3780,,,1,,,,,,,,,,,,,,,,,,,,,,,,,,,,,,,,,,,,,,,,,,,,,,,,,,,,,,,,,,,,,,,,,,,,,2026-04-01 17:17:51.206451+00:00,,,,,,,%%8100,,,,,,,0,,,,,,NORMALVM,0x000000000003f7ec,pizza,S-1-5-21-2352865859-2334931103-2005901029-1001,,,,,,MicrosoftAccount:user=pizzahuthacker@gmail.com,,,,,,,,,,,,,0,,,,,,,,
4547,2026-04-01 17:21:17.821630+00:00,5379,Microsoft-Windows-Security-Auditing,,,,,,,,,,,,,,3780,,,1,,,,,,,,,,,,,,,,,,,,,,,,,,,,,,,,,,,,,,,,,,,,,,,,,,,,,,,,,,,,,,,,,,,,,2026-04-01 17:17:51.206451+00:00,,,,,,,%%8099,,,,,,,0,,,,,,NORMALVM,0x000000000003f7ec,pizza,S-1-5-21-2352865859-2334931103-2005901029-1001,,,,,,MicrosoftAccount:user=pizzahuthacker@gmail.com,,,,,,,,,,,,,1,,,,,,,,
4548,2026-04-01 17:21:17.828436+00:00,5379,Microsoft-Windows-Security-Auditing,,,,,,,,,,,,,,3780,,,1,,,,,,,,,,,,,,,,,,,,,,,,,,,,,,,,,,,,,,,,,,,,,,,,,,,,,,,,,,,,,,,,,,,,,2026-04-01 17:17:51.206451+00:00,,,,,,,%%8100,,,,,,,0,,,,,,NORMALVM,0x000000000003f7ec,pizza,S-1-5-21-2352865859-2334931103-2005901029-1001,,,,,,MicrosoftAccount:user=pizzahuthacker@gmail.com,,,,,,,,,,,,,0,,,,,,,,
4549,2026-04-01 17:21:17.828678+00:00,5379,Microsoft-Windows-Security-Auditing,,,,,,,,,,,,,,3780,,,1,,,,,,,,,,,,,,,,,,,,,,,,,,,,,,,,,,,,,,,,,,,,,,,,,,,,,,,,,,,,,,,,,,,,,2026-04-01 17:17:51.206451+00:00,,,,,,,%%8100,,,,,,,0,,,,,,NORMALVM,0x000000000003f7ec,pizza,S-1-5-21-2352865859-2334931103-2005901029-1001,,,,,,MicrosoftAccount:user=pizzahuthacker@gmail.com,,,,,,,,,,,,,0,,,,,,,,
4550,2026-04-01 17:21:17.828926+00:00,5379,Microsoft-Windows-Security-Auditing,,,,,,,,,,,,,,3780,,,1,,,,,,,,,,,,,,,,,,,,,,,,,,,,,,,,,,,,,,,,,,,,,,,,,,,,,,,,,,,,,,,,,,,,,2026-04-01 17:17:51.206451+00:00,,,,,,,%%8100,,,,,,,0,,,,,,NORMALVM,0x000000000003f7ec,pizza,S-1-5-21-2352865859-2334931103-2005901029-1001,,,,,,MicrosoftAccount:user=pizzahuthacker@gmail.com,,,,,,,,,,,,,0,,,,,,,,
4551,2026-04-01 17:21:17.829119+00:00,5379,Microsoft-Windows-Security-Auditing,,,,,,,,,,,,,,3780,,,1,,,,,,,,,,,,,,,,,,,,,,,,,,,,,,,,,,,,,,,,,,,,,,,,,,,,,,,,,,,,,,,,,,,,,2026-04-01 17:17:51.206451+00:00,,,,,,,%%8100,,,,,,,0,,,,,,NORMALVM,0x000000000003f7ec,pizza,S-1-5-21-2352865859-2334931103-2005901029-1001,,,,,,MicrosoftAccount:user=pizzahuthacker@gmail.com,,,,,,,,,,,,,0,,,,,,,,
4552,2026-04-01 17:21:17.829355+00:00,5379,Microsoft-Windows-Security-Auditing,,,,,,,,,,,,,,3780,,,1,,,,,,,,,,,,,,,,,,,,,,,,,,,,,,,,,,,,,,,,,,,,,,,,,,,,,,,,,,,,,,,,,,,,,2026-04-01 17:17:51.206451+00:00,,,,,,,%%8100,,,,,,,0,,,,,,NORMALVM,0x000000000003f7ec,pizza,S-1-5-21-2352865859-2334931103-2005901029-1001,,,,,,MicrosoftAccount:user=pizzahuthacker@gmail.com,,,,,,,,,,,,,0,,,,,,,,
4553,2026-04-01 17:21:17.829535+00:00,5379,Microsoft-Windows-Security-Auditing,,,,,,,,,,,,,,3780,,,1,,,,,,,,,,,,,,,,,,,,,,,,,,,,,,,,,,,,,,,,,,,,,,,,,,,,,,,,,,,,,,,,,,,,,2026-04-01 17:17:51.206451+00:00,,,,,,,%%8100,,,,,,,0,,,,,,NORMALVM,0x000000000003f7ec,pizza,S-1-5-21-2352865859-2334931103-2005901029-1001,,,,,,MicrosoftAccount:user=pizzahuthacker@gmail.com,,,,,,,,,,,,,0,,,,,,,,
4554,2026-04-01 17:21:17.829683+00:00,5379,Microsoft-Windows-Security-Auditing,,,,,,,,,,,,,,3780,,,1,,,,,,,,,,,,,,,,,,,,,,,,,,,,,,,,,,,,,,,,,,,,,,,,,,,,,,,,,,,,,,,,,,,,,2026-04-01 17:17:51.206451+00:00,,,,,,,%%8100,,,,,,,0,,,,,,NORMALVM,0x000000000003f7ec,pizza,S-1-5-21-2352865859-2334931103-2005901029-1001,,,,,,MicrosoftAccount:user=pizzahuthacker@gmail.com,,,,,,,,,,,,,0,,,,,,,,
4555,2026-04-01 17:21:17.829782+00:00,5379,Microsoft-Windows-Security-Auditing,,,,,,,,,,,,,,3780,,,1,,,,,,,,,,,,,,,,,,,,,,,,,,,,,,,,,,,,,,,,,,,,,,,,,,,,,,,,,,,,,,,,,,,,,2026-04-01 17:17:51.206451+00:00,,,,,,,%%8100,,,,,,,0,,,,,,NORMALVM,0x000000000003f7ec,pizza,S-1-5-21-2352865859-2334931103-2005901029-1001,,,,,,MicrosoftAccount:user=pizzahuthacker@gmail.com,,,,,,,,,,,,,0,,,,,,,,
4556,2026-04-01 17:21:17.830023+00:00,5379,Microsoft-Windows-Security-Auditing,,,,,,,,,,,,,,3780,,,1,,,,,,,,,,,,,,,,,,,,,,,,,,,,,,,,,,,,,,,,,,,,,,,,,,,,,,,,,,,,,,,,,,,,,2026-04-01 17:17:51.206451+00:00,,,,,,,%%8100,,,,,,,0,,,,,,NORMALVM,0x000000000003f7ec,pizza,S-1-5-21-2352865859-2334931103-2005901029-1001,,,,,,MicrosoftAccount:user=pizzahuthacker@gmail.com,,,,,,,,,,,,,0,,,,,,,,
4557,2026-04-01 17:21:17.830132+00:00,5379,Microsoft-Windows-Security-Auditing,,,,,,,,,,,,,,3780,,,1,,,,,,,,,,,,,,,,,,,,,,,,,,,,,,,,,,,,,,,,,,,,,,,,,,,,,,,,,,,,,,,,,,,,,2026-04-01 17:17:51.206451+00:00,,,,,,,%%8100,,,,,,,0,,,,,,NORMALVM,0x000000000003f7ec,pizza,S-1-5-21-2352865859-2334931103-2005901029-1001,,,,,,MicrosoftAccount:user=pizzahuthacker@gmail.com,,,,,,,,,,,,,0,,,,,,,,
4558,2026-04-01 17:21:17.830240+00:00,5379,Microsoft-Windows-Security-Auditing,,,,,,,,,,,,,,3780,,,1,,,,,,,,,,,,,,,,,,,,,,,,,,,,,,,,,,,,,,,,,,,,,,,,,,,,,,,,,,,,,,,,,,,,,2026-04-01 17:17:51.206451+00:00,,,,,,,%%8100,,,,,,,0,,,,,,NORMALVM,0x000000000003f7ec,pizza,S-1-5-21-2352865859-2334931103-2005901029-1001,,,,,,MicrosoftAccount:user=pizzahuthacker@gmail.com,,,,,,,,,,,,,0,,,,,,,,
4559,2026-04-01 17:21:17.830320+00:00,5379,Microsoft-Windows-Security-Auditing,,,,,,,,,,,,,,3780,,,1,,,,,,,,,,,,,,,,,,,,,,,,,,,,,,,,,,,,,,,,,,,,,,,,,,,,,,,,,,,,,,,,,,,,,2026-04-01 17:17:51.206451+00:00,,,,,,,%%8100,,,,,,,0,,,,,,NORMALVM,0x000000000003f7ec,pizza,S-1-5-21-2352865859-2334931103-2005901029-1001,,,,,,MicrosoftAccount:user=pizzahuthacker@gmail.com,,,,,,,,,,,,,0,,,,,,,,
4560,2026-04-01 17:21:17.830490+00:00,5379,Microsoft-Windows-Security-Auditing,,,,,,,,,,,,,,3780,,,1,,,,,,,,,,,,,,,,,,,,,,,,,,,,,,,,,,,,,,,,,,,,,,,,,,,,,,,,,,,,,,,,,,,,,2026-04-01 17:17:51.206451+00:00,,,,,,,%%8100,,,,,,,0,,,,,,NORMALVM,0x000000000003f7ec,pizza,S-1-5-21-2352865859-2334931103-2005901029-1001,,,,,,MicrosoftAccount:user=pizzahuthacker@gmail.com,,,,,,,,,,,,,0,,,,,,,,
4561,2026-04-01 17:21:17.835571+00:00,5379,Microsoft-Windows-Security-Auditing,,,,,,,,,,,,,,3780,,,1,,,,,,,,,,,,,,,,,,,,,,,,,,,,,,,,,,,,,,,,,,,,,,,,,,,,,,,,,,,,,,,,,,,,,2026-04-01 17:17:51.206451+00:00,,,,,,,%%8100,,,,,,,0,,,,,,NORMALVM,0x000000000003f7ec,pizza,S-1-5-21-2352865859-2334931103-2005901029-1001,,,,,,MicrosoftAccount:user=pizzahuthacker@gmail.com,,,,,,,,,,,,,0,,,,,,,,
4562,2026-04-01 17:21:17.835741+00:00,5379,Microsoft-Windows-Security-Auditing,,,,,,,,,,,,,,3780,,,1,,,,,,,,,,,,,,,,,,,,,,,,,,,,,,,,,,,,,,,,,,,,,,,,,,,,,,,,,,,,,,,,,,,,,2026-04-01 17:17:51.206451+00:00,,,,,,,%%8100,,,,,,,0,,,,,,NORMALVM,0x000000000003f7ec,pizza,S-1-5-21-2352865859-2334931103-2005901029-1001,,,,,,MicrosoftAccount:user=pizzahuthacker@gmail.com,,,,,,,,,,,,,0,,,,,,,,
4563,2026-04-01 17:21:17.835920+00:00,5379,Microsoft-Windows-Security-Auditing,,,,,,,,,,,,,,3780,,,1,,,,,,,,,,,,,,,,,,,,,,,,,,,,,,,,,,,,,,,,,,,,,,,,,,,,,,,,,,,,,,,,,,,,,2026-04-01 17:17:51.206451+00:00,,,,,,,%%8100,,,,,,,0,,,,,,NORMALVM,0x000000000003f7ec,pizza,S-1-5-21-2352865859-2334931103-2005901029-1001,,,,,,MicrosoftAccount:user=pizzahuthacker@gmail.com,,,,,,,,,,,,,0,,,,,,,,
4564,2026-04-01 17:21:17.836020+00:00,5379,Microsoft-Windows-Security-Auditing,,,,,,,,,,,,,,3780,,,1,,,,,,,,,,,,,,,,,,,,,,,,,,,,,,,,,,,,,,,,,,,,,,,,,,,,,,,,,,,,,,,,,,,,,2026-04-01 17:17:51.206451+00:00,,,,,,,%%8100,,,,,,,0,,,,,,NORMALVM,0x000000000003f7ec,pizza,S-1-5-21-2352865859-2334931103-2005901029-1001,,,,,,MicrosoftAccount:user=pizzahuthacker@gmail.com,,,,,,,,,,,,,0,,,,,,,,
4565,2026-04-01 17:21:17.836132+00:00,5379,Microsoft-Windows-Security-Auditing,,,,,,,,,,,,,,3780,,,1,,,,,,,,,,,,,,,,,,,,,,,,,,,,,,,,,,,,,,,,,,,,,,,,,,,,,,,,,,,,,,,,,,,,,2026-04-01 17:17:51.206451+00:00,,,,,,,%%8100,,,,,,,0,,,,,,NORMALVM,0x000000000003f7ec,pizza,S-1-5-21-2352865859-2334931103-2005901029-1001,,,,,,MicrosoftAccount:user=pizzahuthacker@gmail.com,,,,,,,,,,,,,0,,,,,,,,
4566,2026-04-01 17:21:17.836292+00:00,5379,Microsoft-Windows-Security-Auditing,,,,,,,,,,,,,,3780,,,1,,,,,,,,,,,,,,,,,,,,,,,,,,,,,,,,,,,,,,,,,,,,,,,,,,,,,,,,,,,,,,,,,,,,,2026-04-01 17:17:51.206451+00:00,,,,,,,%%8100,,,,,,,0,,,,,,NORMALVM,0x000000000003f7ec,pizza,S-1-5-21-2352865859-2334931103-2005901029-1001,,,,,,MicrosoftAccount:user=pizzahuthacker@gmail.com,,,,,,,,,,,,,0,,,,,,,,
4567,2026-04-01 17:21:17.836452+00:00,5379,Microsoft-Windows-Security-Auditing,,,,,,,,,,,,,,3780,,,1,,,,,,,,,,,,,,,,,,,,,,,,,,,,,,,,,,,,,,,,,,,,,,,,,,,,,,,,,,,,,,,,,,,,,2026-04-01 17:17:51.206451+00:00,,,,,,,%%8100,,,,,,,0,,,,,,NORMALVM,0x000000000003f7ec,pizza,S-1-5-21-2352865859-2334931103-2005901029-1001,,,,,,MicrosoftAccount:user=pizzahuthacker@gmail.com,,,,,,,,,,,,,0,,,,,,,,
4568,2026-04-01 17:21:17.836563+00:00,5379,Microsoft-Windows-Security-Auditing,,,,,,,,,,,,,,3780,,,1,,,,,,,,,,,,,,,,,,,,,,,,,,,,,,,,,,,,,,,,,,,,,,,,,,,,,,,,,,,,,,,,,,,,,2026-04-01 17:17:51.206451+00:00,,,,,,,%%8100,,,,,,,0,,,,,,NORMALVM,0x000000000003f7ec,pizza,S-1-5-21-2352865859-2334931103-2005901029-1001,,,,,,MicrosoftAccount:user=pizzahuthacker@gmail.com,,,,,,,,,,,,,0,,,,,,,,
4569,2026-04-01 17:21:17.836666+00:00,5379,Microsoft-Windows-Security-Auditing,,,,,,,,,,,,,,3780,,,1,,,,,,,,,,,,,,,,,,,,,,,,,,,,,,,,,,,,,,,,,,,,,,,,,,,,,,,,,,,,,,,,,,,,,2026-04-01 17:17:51.206451+00:00,,,,,,,%%8100,,,,,,,0,,,,,,NORMALVM,0x000000000003f7ec,pizza,S-1-5-21-2352865859-2334931103-2005901029-1001,,,,,,MicrosoftAccount:user=pizzahuthacker@gmail.com,,,,,,,,,,,,,0,,,,,,,,
4570,2026-04-01 17:21:17.836750+00:00,5379,Microsoft-Windows-Security-Auditing,,,,,,,,,,,,,,3780,,,1,,,,,,,,,,,,,,,,,,,,,,,,,,,,,,,,,,,,,,,,,,,,,,,,,,,,,,,,,,,,,,,,,,,,,2026-04-01 17:17:51.206451+00:00,,,,,,,%%8100,,,,,,,0,,,,,,NORMALVM,0x000000000003f7ec,pizza,S-1-5-21-2352865859-2334931103-2005901029-1001,,,,,,MicrosoftAccount:user=pizzahuthacker@gmail.com,,,,,,,,,,,,,0,,,,,,,,
4571,2026-04-01 17:21:17.836845+00:00,5379,Microsoft-Windows-Security-Auditing,,,,,,,,,,,,,,3780,,,1,,,,,,,,,,,,,,,,,,,,,,,,,,,,,,,,,,,,,,,,,,,,,,,,,,,,,,,,,,,,,,,,,,,,,2026-04-01 17:17:51.206451+00:00,,,,,,,%%8100,,,,,,,0,,,,,,NORMALVM,0x000000000003f7ec,pizza,S-1-5-21-2352865859-2334931103-2005901029-1001,,,,,,MicrosoftAccount:user=pizzahuthacker@gmail.com,,,,,,,,,,,,,0,,,,,,,,
4572,2026-04-01 17:21:17.838001+00:00,5379,Microsoft-Windows-Security-Auditing,,,,,,,,,,,,,,3780,,,1,,,,,,,,,,,,,,,,,,,,,,,,,,,,,,,,,,,,,,,,,,,,,,,,,,,,,,,,,,,,,,,,,,,,,2026-04-01 17:17:51.206451+00:00,,,,,,,%%8100,,,,,,,0,,,,,,NORMALVM,0x000000000003f7ec,pizza,S-1-5-21-2352865859-2334931103-2005901029-1001,,,,,,MicrosoftAccount:user=pizzahuthacker@gmail.com,,,,,,,,,,,,,0,,,,,,,,
4573,2026-04-01 17:21:17.838545+00:00,5379,Microsoft-Windows-Security-Auditing,,,,,,,,,,,,,,3780,,,1,,,,,,,,,,,,,,,,,,,,,,,,,,,,,,,,,,,,,,,,,,,,,,,,,,,,,,,,,,,,,,,,,,,,,2026-04-01 17:17:51.206451+00:00,,,,,,,%%8100,,,,,,,0,,,,,,NORMALVM,0x000000000003f7ec,pizza,S-1-5-21-2352865859-2334931103-2005901029-1001,,,,,,MicrosoftAccount:user=pizzahuthacker@gmail.com,,,,,,,,,,,,,0,,,,,,,,
4574,2026-04-01 17:21:17.839678+00:00,5379,Microsoft-Windows-Security-Auditing,,,,,,,,,,,,,,3780,,,1,,,,,,,,,,,,,,,,,,,,,,,,,,,,,,,,,,,,,,,,,,,,,,,,,,,,,,,,,,,,,,,,,,,,,2026-04-01 17:17:51.206451+00:00,,,,,,,%%8100,,,,,,,0,,,,,,NORMALVM,0x000000000003f7ec,pizza,S-1-5-21-2352865859-2334931103-2005901029-1001,,,,,,MicrosoftAccount:user=pizzahuthacker@gmail.com,,,,,,,,,,,,,0,,,,,,,,
4575,2026-04-01 17:21:17.839869+00:00,5379,Microsoft-Windows-Security-Auditing,,,,,,,,,,,,,,3780,,,1,,,,,,,,,,,,,,,,,,,,,,,,,,,,,,,,,,,,,,,,,,,,,,,,,,,,,,,,,,,,,,,,,,,,,2026-04-01 17:17:51.206451+00:00,,,,,,,%%8100,,,,,,,0,,,,,,NORMALVM,0x000000000003f7ec,pizza,S-1-5-21-2352865859-2334931103-2005901029-1001,,,,,,MicrosoftAccount:user=pizzahuthacker@gmail.com,,,,,,,,,,,,,0,,,,,,,,
4576,2026-04-01 17:21:17.860172+00:00,5379,Microsoft-Windows-Security-Auditing,,,,,,,,,,,,,,3780,,,1,,,,,,,,,,,,,,,,,,,,,,,,,,,,,,,,,,,,,,,,,,,,,,,,,,,,,,,,,,,,,,,,,,,,,2026-04-01 17:17:51.206451+00:00,,,,,,,%%8100,,,,,,,0,,,,,,NORMALVM,0x000000000003f7ec,pizza,S-1-5-21-2352865859-2334931103-2005901029-1001,,,,,,MicrosoftAccount:user=pizzahuthacker@gmail.com,,,,,,,,,,,,,0,,,,,,,,
4577,2026-04-01 17:21:17.860332+00:00,5379,Microsoft-Windows-Security-Auditing,,,,,,,,,,,,,,3780,,,1,,,,,,,,,,,,,,,,,,,,,,,,,,,,,,,,,,,,,,,,,,,,,,,,,,,,,,,,,,,,,,,,,,,,,2026-04-01 17:17:51.206451+00:00,,,,,,,%%8100,,,,,,,0,,,,,,NORMALVM,0x000000000003f7ec,pizza,S-1-5-21-2352865859-2334931103-2005901029-1001,,,,,,MicrosoftAccount:user=pizzahuthacker@gmail.com,,,,,,,,,,,,,0,,,,,,,,
4578,2026-04-01 17:21:17.860533+00:00,5379,Microsoft-Windows-Security-Auditing,,,,,,,,,,,,,,3780,,,1,,,,,,,,,,,,,,,,,,,,,,,,,,,,,,,,,,,,,,,,,,,,,,,,,,,,,,,,,,,,,,,,,,,,,2026-04-01 17:17:51.206451+00:00,,,,,,,%%8100,,,,,,,0,,,,,,NORMALVM,0x000000000003f7ec,pizza,S-1-5-21-2352865859-2334931103-2005901029-1001,,,,,,MicrosoftAccount:user=pizzahuthacker@gmail.com,,,,,,,,,,,,,0,,,,,,,,
4579,2026-04-01 17:21:17.860668+00:00,5379,Microsoft-Windows-Security-Auditing,,,,,,,,,,,,,,3780,,,1,,,,,,,,,,,,,,,,,,,,,,,,,,,,,,,,,,,,,,,,,,,,,,,,,,,,,,,,,,,,,,,,,,,,,2026-04-01 17:17:51.206451+00:00,,,,,,,%%8100,,,,,,,0,,,,,,NORMALVM,0x000000000003f7ec,pizza,S-1-5-21-2352865859-2334931103-2005901029-1001,,,,,,MicrosoftAccount:user=pizzahuthacker@gmail.com,,,,,,,,,,,,,0,,,,,,,,
4580,2026-04-01 17:21:17.860798+00:00,5379,Microsoft-Windows-Security-Auditing,,,,,,,,,,,,,,3780,,,1,,,,,,,,,,,,,,,,,,,,,,,,,,,,,,,,,,,,,,,,,,,,,,,,,,,,,,,,,,,,,,,,,,,,,2026-04-01 17:17:51.206451+00:00,,,,,,,%%8100,,,,,,,0,,,,,,NORMALVM,0x000000000003f7ec,pizza,S-1-5-21-2352865859-2334931103-2005901029-1001,,,,,,MicrosoftAccount:user=pizzahuthacker@gmail.com,,,,,,,,,,,,,0,,,,,,,,
4581,2026-04-01 17:21:17.860891+00:00,5379,Microsoft-Windows-Security-Auditing,,,,,,,,,,,,,,3780,,,1,,,,,,,,,,,,,,,,,,,,,,,,,,,,,,,,,,,,,,,,,,,,,,,,,,,,,,,,,,,,,,,,,,,,,2026-04-01 17:17:51.206451+00:00,,,,,,,%%8100,,,,,,,0,,,,,,NORMALVM,0x000000000003f7ec,pizza,S-1-5-21-2352865859-2334931103-2005901029-1001,,,,,,MicrosoftAccount:user=pizzahuthacker@gmail.com,,,,,,,,,,,,,0,,,,,,,,
4582,2026-04-01 17:21:17.861061+00:00,5379,Microsoft-Windows-Security-Auditing,,,,,,,,,,,,,,3780,,,1,,,,,,,,,,,,,,,,,,,,,,,,,,,,,,,,,,,,,,,,,,,,,,,,,,,,,,,,,,,,,,,,,,,,,2026-04-01 17:17:51.206451+00:00,,,,,,,%%8100,,,,,,,0,,,,,,NORMALVM,0x000000000003f7ec,pizza,S-1-5-21-2352865859-2334931103-2005901029-1001,,,,,,MicrosoftAccount:user=pizzahuthacker@gmail.com,,,,,,,,,,,,,0,,,,,,,,
4583,2026-04-01 17:21:17.861166+00:00,5379,Microsoft-Windows-Security-Auditing,,,,,,,,,,,,,,3780,,,1,,,,,,,,,,,,,,,,,,,,,,,,,,,,,,,,,,,,,,,,,,,,,,,,,,,,,,,,,,,,,,,,,,,,,2026-04-01 17:17:51.206451+00:00,,,,,,,%%8100,,,,,,,0,,,,,,NORMALVM,0x000000000003f7ec,pizza,S-1-5-21-2352865859-2334931103-2005901029-1001,,,,,,MicrosoftAccount:user=pizzahuthacker@gmail.com,,,,,,,,,,,,,0,,,,,,,,
4584,2026-04-01 17:21:17.861280+00:00,5379,Microsoft-Windows-Security-Auditing,,,,,,,,,,,,,,3780,,,1,,,,,,,,,,,,,,,,,,,,,,,,,,,,,,,,,,,,,,,,,,,,,,,,,,,,,,,,,,,,,,,,,,,,,2026-04-01 17:17:51.206451+00:00,,,,,,,%%8100,,,,,,,0,,,,,,NORMALVM,0x000000000003f7ec,pizza,S-1-5-21-2352865859-2334931103-2005901029-1001,,,,,,MicrosoftAccount:user=pizzahuthacker@gmail.com,,,,,,,,,,,,,0,,,,,,,,
4585,2026-04-01 17:21:17.861362+00:00,5379,Microsoft-Windows-Security-Auditing,,,,,,,,,,,,,,3780,,,1,,,,,,,,,,,,,,,,,,,,,,,,,,,,,,,,,,,,,,,,,,,,,,,,,,,,,,,,,,,,,,,,,,,,,2026-04-01 17:17:51.206451+00:00,,,,,,,%%8100,,,,,,,0,,,,,,NORMALVM,0x000000000003f7ec,pizza,S-1-5-21-2352865859-2334931103-2005901029-1001,,,,,,MicrosoftAccount:user=pizzahuthacker@gmail.com,,,,,,,,,,,,,0,,,,,,,,
4586,2026-04-01 17:21:17.861460+00:00,5379,Microsoft-Windows-Security-Auditing,,,,,,,,,,,,,,3780,,,1,,,,,,,,,,,,,,,,,,,,,,,,,,,,,,,,,,,,,,,,,,,,,,,,,,,,,,,,,,,,,,,,,,,,,2026-04-01 17:17:51.206451+00:00,,,,,,,%%8100,,,,,,,0,,,,,,NORMALVM,0x000000000003f7ec,pizza,S-1-5-21-2352865859-2334931103-2005901029-1001,,,,,,MicrosoftAccount:user=pizzahuthacker@gmail.com,,,,,,,,,,,,,0,,,,,,,,
4587,2026-04-01 17:21:17.861864+00:00,5379,Microsoft-Windows-Security-Auditing,,,,,,,,,,,,,,3780,,,1,,,,,,,,,,,,,,,,,,,,,,,,,,,,,,,,,,,,,,,,,,,,,,,,,,,,,,,,,,,,,,,,,,,,,2026-04-01 17:17:51.206451+00:00,,,,,,,%%8100,,,,,,,0,,,,,,NORMALVM,0x000000000003f7ec,pizza,S-1-5-21-2352865859-2334931103-2005901029-1001,,,,,,MicrosoftAccount:user=pizzahuthacker@gmail.com,,,,,,,,,,,,,0,,,,,,,,
4588,2026-04-01 17:21:17.862638+00:00,5379,Microsoft-Windows-Security-Auditing,,,,,,,,,,,,,,3780,,,1,,,,,,,,,,,,,,,,,,,,,,,,,,,,,,,,,,,,,,,,,,,,,,,,,,,,,,,,,,,,,,,,,,,,,2026-04-01 17:17:51.206451+00:00,,,,,,,%%8100,,,,,,,0,,,,,,NORMALVM,0x000000000003f7ec,pizza,S-1-5-21-2352865859-2334931103-2005901029-1001,,,,,,MicrosoftAccount:user=pizzahuthacker@gmail.com,,,,,,,,,,,,,0,,,,,,,,
4589,2026-04-01 17:21:17.862837+00:00,5379,Microsoft-Windows-Security-Auditing,,,,,,,,,,,,,,3780,,,1,,,,,,,,,,,,,,,,,,,,,,,,,,,,,,,,,,,,,,,,,,,,,,,,,,,,,,,,,,,,,,,,,,,,,2026-04-01 17:17:51.206451+00:00,,,,,,,%%8100,,,,,,,0,,,,,,NORMALVM,0x000000000003f7ec,pizza,S-1-5-21-2352865859-2334931103-2005901029-1001,,,,,,MicrosoftAccount:user=pizzahuthacker@gmail.com,,,,,,,,,,,,,0,,,,,,,,
4590,2026-04-01 17:21:35.163136+00:00,5379,Microsoft-Windows-Security-Auditing,,,,,,,,,,,,,,4488,,,0,,,,,,,,,,,,,,,,,,,,,,,,,,,,,,,,,,,,,,,,,,,,,,,,,,,,,,,,,,,,,,,,,,,,,2026-04-01 17:21:21.526781+00:00,,,,,,,%%8100,,,,,,,3221226021,,,,,,NORMALVM,0x000000000003f7ec,pizza,S-1-5-21-2352865859-2334931103-2005901029-1001,,,,,,OneDriveCachedCredential*,,,,,,,,,,,,,0,,,,,,,,
4591,2026-04-01 17:21:35.163216+00:00,5379,Microsoft-Windows-Security-Auditing,,,,,,,,,,,,,,4488,,,0,,,,,,,,,,,,,,,,,,,,,,,,,,,,,,,,,,,,,,,,,,,,,,,,,,,,,,,,,,,,,,,,,,,,,2026-04-01 17:21:21.526781+00:00,,,,,,,%%8100,,,,,,,3221226021,,,,,,NORMALVM,0x000000000003f7ec,pizza,S-1-5-21-2352865859-2334931103-2005901029-1001,,,,,,OneDrive-INTCachedCredential*,,,,,,,,,,,,,0,,,,,,,,
4592,2026-04-01 17:21:35.302588+00:00,5379,Microsoft-Windows-Security-Auditing,,,,,,,,,,,,,,4488,,,1,,,,,,,,,,,,,,,,,,,,,,,,,,,,,,,,,,,,,,,,,,,,,,,,,,,,,,,,,,,,,,,,,,,,,2026-04-01 17:21:21.526781+00:00,,,,,,,%%8099,,,,,,,3221226021,,,,,,NORMALVM,0x000000000003f7ec,pizza,S-1-5-21-2352865859-2334931103-2005901029-1001,,,,,,SkyDrive Cached Credential,,,,,,,,,,,,,1,,,,,,,,
4593,2026-04-01 17:21:35.302660+00:00,5379,Microsoft-Windows-Security-Auditing,,,,,,,,,,,,,,4488,,,1,,,,,,,,,,,,,,,,,,,,,,,,,,,,,,,,,,,,,,,,,,,,,,,,,,,,,,,,,,,,,,,,,,,,,2026-04-01 17:21:21.526781+00:00,,,,,,,%%8099,,,,,,,3221226021,,,,,,NORMALVM,0x000000000003f7ec,pizza,S-1-5-21-2352865859-2334931103-2005901029-1001,,,,,,SkyDrive-INT Cached Credential,,,,,,,,,,,,,1,,,,,,,,
4594,2026-04-01 17:21:35.636345+00:00,5379,Microsoft-Windows-Security-Auditing,,,,,,,,,,,,,,4488,,,0,,,,,,,,,,,,,,,,,,,,,,,,,,,,,,,,,,,,,,,,,,,,,,,,,,,,,,,,,,,,,,,,,,,,,2026-04-01 17:21:21.526781+00:00,,,,,,,%%8100,,,,,,,3221226021,,,,,,NORMALVM,0x000000000003f7ec,pizza,S-1-5-21-2352865859-2334931103-2005901029-1001,,,,,,OneDriveCachedCredential*,,,,,,,,,,,,,0,,,,,,,,
4595,2026-04-01 17:21:35.651377+00:00,5379,Microsoft-Windows-Security-Auditing,,,,,,,,,,,,,,4488,,,0,,,,,,,,,,,,,,,,,,,,,,,,,,,,,,,,,,,,,,,,,,,,,,,,,,,,,,,,,,,,,,,,,,,,,2026-04-01 17:21:21.526781+00:00,,,,,,,%%8100,,,,,,,3221226021,,,,,,NORMALVM,0x000000000003f7ec,pizza,S-1-5-21-2352865859-2334931103-2005901029-1001,,,,,,OneDrive-INTCachedCredential*,,,,,,,,,,,,,0,,,,,,,,
4596,2026-04-01 17:21:40.732969+00:00,4799,Microsoft-Windows-Security-Auditing,,,,,,,,,,,0x0000000000001f90,C:\Windows\System32\taskhostw.exe,,,,,,,,,,,,,,,,,,,,,,,,,,,,,,,,,,,,,,,,,,,,,,,,,,,,,,,,,,,,,,,,,,,,,,,,,,,,,,,,,,,,,,,,,,,,,,NORMALVM,0x000000000003f7ae,pizza,S-1-5-21-2352865859-2334931103-2005901029-1001,Builtin,,,,,,,,,,,S-1-5-32-544,Administrators,,,,,,,,,,,,,,
4597,2026-04-01 17:21:42.086386+00:00,5379,Microsoft-Windows-Security-Auditing,,,,,,,,,,,,,,3780,,,1,,,,,,,,,,,,,,,,,,,,,,,,,,,,,,,,,,,,,,,,,,,,,,,,,,,,,,,,,,,,,,,,,,,,,2026-04-01 17:17:51.206451+00:00,,,,,,,%%8100,,,,,,,0,,,,,,NORMALVM,0x000000000003f7ec,pizza,S-1-5-21-2352865859-2334931103-2005901029-1001,,,,,,MicrosoftAccount:user=pizzahuthacker@gmail.com,,,,,,,,,,,,,0,,,,,,,,
4598,2026-04-01 17:21:42.101227+00:00,5379,Microsoft-Windows-Security-Auditing,,,,,,,,,,,,,,3780,,,0,,,,,,,,,,,,,,,,,,,,,,,,,,,,,,,,,,,,,,,,,,,,,,,,,,,,,,,,,,,,,,,,,,,,,2026-04-01 17:17:51.206451+00:00,,,,,,,%%8100,,,,,,,3221226021,,,,,,NORMALVM,0x000000000003f7ec,pizza,S-1-5-21-2352865859-2334931103-2005901029-1001,,,,,,WindowsLive:(token):name=pizzahuthacker@gmail.com;serviceuri=*,,,,,,,,,,,,,0,,,,,,,,
4599,2026-04-01 17:21:42.105742+00:00,5379,Microsoft-Windows-Security-Auditing,,,,,,,,,,,,,,3780,,,0,,,,,,,,,,,,,,,,,,,,,,,,,,,,,,,,,,,,,,,,,,,,,,,,,,,,,,,,,,,,,,,,,,,,,2026-04-01 17:17:51.206451+00:00,,,,,,,%%8100,,,,,,,3221226021,,,,,,NORMALVM,0x000000000003f7ec,pizza,S-1-5-21-2352865859-2334931103-2005901029-1001,,,,,,WindowsLive:(cert):name=pizzahuthacker@gmail.com;serviceuri=*,,,,,,,,,,,,,0,,,,,,,,
4600,2026-04-01 17:21:42.112055+00:00,5379,Microsoft-Windows-Security-Auditing,,,,,,,,,,,,,,3780,,,1,,,,,,,,,,,,,,,,,,,,,,,,,,,,,,,,,,,,,,,,,,,,,,,,,,,,,,,,,,,,,,,,,,,,,2026-04-01 17:17:51.206451+00:00,,,,,,,%%8100,,,,,,,0,,,,,,NORMALVM,0x000000000003f7ec,pizza,S-1-5-21-2352865859-2334931103-2005901029-1001,,,,,,MicrosoftAccount:user=pizzahuthacker@gmail.com,,,,,,,,,,,,,0,,,,,,,,
4601,2026-04-01 17:21:42.113487+00:00,5379,Microsoft-Windows-Security-Auditing,,,,,,,,,,,,,,3780,,,1,,,,,,,,,,,,,,,,,,,,,,,,,,,,,,,,,,,,,,,,,,,,,,,,,,,,,,,,,,,,,,,,,,,,,2026-04-01 17:17:51.206451+00:00,,,,,,,%%8100,,,,,,,0,,,,,,NORMALVM,0x000000000003f7ec,pizza,S-1-5-21-2352865859-2334931103-2005901029-1001,,,,,,MicrosoftAccount:user=pizzahuthacker@gmail.com,,,,,,,,,,,,,0,,,,,,,,
4602,2026-04-01 17:21:42.394388+00:00,5379,Microsoft-Windows-Security-Auditing,,,,,,,,,,,,,,3780,,,1,,,,,,,,,,,,,,,,,,,,,,,,,,,,,,,,,,,,,,,,,,,,,,,,,,,,,,,,,,,,,,,,,,,,,2026-04-01 17:17:51.206451+00:00,,,,,,,%%8100,,,,,,,0,,,,,,NORMALVM,0x000000000003f7ec,pizza,S-1-5-21-2352865859-2334931103-2005901029-1001,,,,,,MicrosoftAccount:user=pizzahuthacker@gmail.com,,,,,,,,,,,,,0,,,,,,,,
4603,2026-04-01 17:21:42.394661+00:00,5379,Microsoft-Windows-Security-Auditing,,,,,,,,,,,,,,3780,,,1,,,,,,,,,,,,,,,,,,,,,,,,,,,,,,,,,,,,,,,,,,,,,,,,,,,,,,,,,,,,,,,,,,,,,2026-04-01 17:17:51.206451+00:00,,,,,,,%%8100,,,,,,,0,,,,,,NORMALVM,0x000000000003f7ec,pizza,S-1-5-21-2352865859-2334931103-2005901029-1001,,,,,,MicrosoftAccount:user=pizzahuthacker@gmail.com,,,,,,,,,,,,,0,,,,,,,,
4604,2026-04-01 17:21:42.394857+00:00,5379,Microsoft-Windows-Security-Auditing,,,,,,,,,,,,,,3780,,,1,,,,,,,,,,,,,,,,,,,,,,,,,,,,,,,,,,,,,,,,,,,,,,,,,,,,,,,,,,,,,,,,,,,,,2026-04-01 17:17:51.206451+00:00,,,,,,,%%8100,,,,,,,0,,,,,,NORMALVM,0x000000000003f7ec,pizza,S-1-5-21-2352865859-2334931103-2005901029-1001,,,,,,MicrosoftAccount:user=pizzahuthacker@gmail.com,,,,,,,,,,,,,0,,,,,,,,
4605,2026-04-01 17:21:42.394993+00:00,5379,Microsoft-Windows-Security-Auditing,,,,,,,,,,,,,,3780,,,1,,,,,,,,,,,,,,,,,,,,,,,,,,,,,,,,,,,,,,,,,,,,,,,,,,,,,,,,,,,,,,,,,,,,,2026-04-01 17:17:51.206451+00:00,,,,,,,%%8100,,,,,,,0,,,,,,NORMALVM,0x000000000003f7ec,pizza,S-1-5-21-2352865859-2334931103-2005901029-1001,,,,,,MicrosoftAccount:user=pizzahuthacker@gmail.com,,,,,,,,,,,,,0,,,,,,,,
4606,2026-04-01 17:21:42.395199+00:00,5379,Microsoft-Windows-Security-Auditing,,,,,,,,,,,,,,3780,,,1,,,,,,,,,,,,,,,,,,,,,,,,,,,,,,,,,,,,,,,,,,,,,,,,,,,,,,,,,,,,,,,,,,,,,2026-04-01 17:17:51.206451+00:00,,,,,,,%%8100,,,,,,,0,,,,,,NORMALVM,0x000000000003f7ec,pizza,S-1-5-21-2352865859-2334931103-2005901029-1001,,,,,,MicrosoftAccount:user=pizzahuthacker@gmail.com,,,,,,,,,,,,,0,,,,,,,,
4607,2026-04-01 17:21:42.398188+00:00,5379,Microsoft-Windows-Security-Auditing,,,,,,,,,,,,,,3780,,,1,,,,,,,,,,,,,,,,,,,,,,,,,,,,,,,,,,,,,,,,,,,,,,,,,,,,,,,,,,,,,,,,,,,,,2026-04-01 17:17:51.206451+00:00,,,,,,,%%8100,,,,,,,0,,,,,,NORMALVM,0x000000000003f7ec,pizza,S-1-5-21-2352865859-2334931103-2005901029-1001,,,,,,MicrosoftAccount:user=pizzahuthacker@gmail.com,,,,,,,,,,,,,0,,,,,,,,
4608,2026-04-01 17:21:42.402365+00:00,5379,Microsoft-Windows-Security-Auditing,,,,,,,,,,,,,,3780,,,1,,,,,,,,,,,,,,,,,,,,,,,,,,,,,,,,,,,,,,,,,,,,,,,,,,,,,,,,,,,,,,,,,,,,,2026-04-01 17:17:51.206451+00:00,,,,,,,%%8100,,,,,,,0,,,,,,NORMALVM,0x000000000003f7ec,pizza,S-1-5-21-2352865859-2334931103-2005901029-1001,,,,,,MicrosoftAccount:user=pizzahuthacker@gmail.com,,,,,,,,,,,,,0,,,,,,,,
4609,2026-04-01 17:21:42.405403+00:00,5379,Microsoft-Windows-Security-Auditing,,,,,,,,,,,,,,3780,,,1,,,,,,,,,,,,,,,,,,,,,,,,,,,,,,,,,,,,,,,,,,,,,,,,,,,,,,,,,,,,,,,,,,,,,2026-04-01 17:17:51.206451+00:00,,,,,,,%%8100,,,,,,,0,,,,,,NORMALVM,0x000000000003f7ec,pizza,S-1-5-21-2352865859-2334931103-2005901029-1001,,,,,,MicrosoftAccount:user=pizzahuthacker@gmail.com,,,,,,,,,,,,,0,,,,,,,,
4610,2026-04-01 17:21:42.405594+00:00,5379,Microsoft-Windows-Security-Auditing,,,,,,,,,,,,,,3780,,,1,,,,,,,,,,,,,,,,,,,,,,,,,,,,,,,,,,,,,,,,,,,,,,,,,,,,,,,,,,,,,,,,,,,,,2026-04-01 17:17:51.206451+00:00,,,,,,,%%8100,,,,,,,0,,,,,,NORMALVM,0x000000000003f7ec,pizza,S-1-5-21-2352865859-2334931103-2005901029-1001,,,,,,MicrosoftAccount:user=pizzahuthacker@gmail.com,,,,,,,,,,,,,0,,,,,,,,
4611,2026-04-01 17:21:42.405701+00:00,5379,Microsoft-Windows-Security-Auditing,,,,,,,,,,,,,,3780,,,1,,,,,,,,,,,,,,,,,,,,,,,,,,,,,,,,,,,,,,,,,,,,,,,,,,,,,,,,,,,,,,,,,,,,,2026-04-01 17:17:51.206451+00:00,,,,,,,%%8100,,,,,,,0,,,,,,NORMALVM,0x000000000003f7ec,pizza,S-1-5-21-2352865859-2334931103-2005901029-1001,,,,,,MicrosoftAccount:user=pizzahuthacker@gmail.com,,,,,,,,,,,,,0,,,,,,,,
4612,2026-04-01 17:21:42.405813+00:00,5379,Microsoft-Windows-Security-Auditing,,,,,,,,,,,,,,3780,,,1,,,,,,,,,,,,,,,,,,,,,,,,,,,,,,,,,,,,,,,,,,,,,,,,,,,,,,,,,,,,,,,,,,,,,2026-04-01 17:17:51.206451+00:00,,,,,,,%%8100,,,,,,,0,,,,,,NORMALVM,0x000000000003f7ec,pizza,S-1-5-21-2352865859-2334931103-2005901029-1001,,,,,,MicrosoftAccount:user=pizzahuthacker@gmail.com,,,,,,,,,,,,,0,,,,,,,,
4613,2026-04-01 17:21:42.405891+00:00,5379,Microsoft-Windows-Security-Auditing,,,,,,,,,,,,,,3780,,,1,,,,,,,,,,,,,,,,,,,,,,,,,,,,,,,,,,,,,,,,,,,,,,,,,,,,,,,,,,,,,,,,,,,,,2026-04-01 17:17:51.206451+00:00,,,,,,,%%8100,,,,,,,0,,,,,,NORMALVM,0x000000000003f7ec,pizza,S-1-5-21-2352865859-2334931103-2005901029-1001,,,,,,MicrosoftAccount:user=pizzahuthacker@gmail.com,,,,,,,,,,,,,0,,,,,,,,
4614,2026-04-01 17:21:42.406120+00:00,5379,Microsoft-Windows-Security-Auditing,,,,,,,,,,,,,,3780,,,1,,,,,,,,,,,,,,,,,,,,,,,,,,,,,,,,,,,,,,,,,,,,,,,,,,,,,,,,,,,,,,,,,,,,,2026-04-01 17:17:51.206451+00:00,,,,,,,%%8100,,,,,,,0,,,,,,NORMALVM,0x000000000003f7ec,pizza,S-1-5-21-2352865859-2334931103-2005901029-1001,,,,,,MicrosoftAccount:user=pizzahuthacker@gmail.com,,,,,,,,,,,,,0,,,,,,,,
4615,2026-04-01 17:21:42.406477+00:00,5379,Microsoft-Windows-Security-Auditing,,,,,,,,,,,,,,3780,,,1,,,,,,,,,,,,,,,,,,,,,,,,,,,,,,,,,,,,,,,,,,,,,,,,,,,,,,,,,,,,,,,,,,,,,2026-04-01 17:17:51.206451+00:00,,,,,,,%%8100,,,,,,,0,,,,,,NORMALVM,0x000000000003f7ec,pizza,S-1-5-21-2352865859-2334931103-2005901029-1001,,,,,,MicrosoftAccount:user=pizzahuthacker@gmail.com,,,,,,,,,,,,,0,,,,,,,,
4616,2026-04-01 17:21:42.406610+00:00,5379,Microsoft-Windows-Security-Auditing,,,,,,,,,,,,,,3780,,,1,,,,,,,,,,,,,,,,,,,,,,,,,,,,,,,,,,,,,,,,,,,,,,,,,,,,,,,,,,,,,,,,,,,,,2026-04-01 17:17:51.206451+00:00,,,,,,,%%8100,,,,,,,0,,,,,,NORMALVM,0x000000000003f7ec,pizza,S-1-5-21-2352865859-2334931103-2005901029-1001,,,,,,MicrosoftAccount:user=pizzahuthacker@gmail.com,,,,,,,,,,,,,0,,,,,,,,
4617,2026-04-01 17:21:42.406883+00:00,5379,Microsoft-Windows-Security-Auditing,,,,,,,,,,,,,,3780,,,1,,,,,,,,,,,,,,,,,,,,,,,,,,,,,,,,,,,,,,,,,,,,,,,,,,,,,,,,,,,,,,,,,,,,,2026-04-01 17:17:51.206451+00:00,,,,,,,%%8099,,,,,,,0,,,,,,NORMALVM,0x000000000003f7ec,pizza,S-1-5-21-2352865859-2334931103-2005901029-1001,,,,,,MicrosoftAccount:user=pizzahuthacker@gmail.com,,,,,,,,,,,,,1,,,,,,,,
4618,2026-04-01 17:21:42.410913+00:00,5379,Microsoft-Windows-Security-Auditing,,,,,,,,,,,,,,3780,,,1,,,,,,,,,,,,,,,,,,,,,,,,,,,,,,,,,,,,,,,,,,,,,,,,,,,,,,,,,,,,,,,,,,,,,2026-04-01 17:17:51.206451+00:00,,,,,,,%%8100,,,,,,,0,,,,,,NORMALVM,0x000000000003f7ec,pizza,S-1-5-21-2352865859-2334931103-2005901029-1001,,,,,,MicrosoftAccount:user=pizzahuthacker@gmail.com,,,,,,,,,,,,,0,,,,,,,,
4619,2026-04-01 17:21:42.411032+00:00,5379,Microsoft-Windows-Security-Auditing,,,,,,,,,,,,,,3780,,,1,,,,,,,,,,,,,,,,,,,,,,,,,,,,,,,,,,,,,,,,,,,,,,,,,,,,,,,,,,,,,,,,,,,,,2026-04-01 17:17:51.206451+00:00,,,,,,,%%8100,,,,,,,0,,,,,,NORMALVM,0x000000000003f7ec,pizza,S-1-5-21-2352865859-2334931103-2005901029-1001,,,,,,MicrosoftAccount:user=pizzahuthacker@gmail.com,,,,,,,,,,,,,0,,,,,,,,
4620,2026-04-01 17:21:42.411221+00:00,5379,Microsoft-Windows-Security-Auditing,,,,,,,,,,,,,,3780,,,1,,,,,,,,,,,,,,,,,,,,,,,,,,,,,,,,,,,,,,,,,,,,,,,,,,,,,,,,,,,,,,,,,,,,,2026-04-01 17:17:51.206451+00:00,,,,,,,%%8100,,,,,,,0,,,,,,NORMALVM,0x000000000003f7ec,pizza,S-1-5-21-2352865859-2334931103-2005901029-1001,,,,,,MicrosoftAccount:user=pizzahuthacker@gmail.com,,,,,,,,,,,,,0,,,,,,,,
4621,2026-04-01 17:21:42.411316+00:00,5379,Microsoft-Windows-Security-Auditing,,,,,,,,,,,,,,3780,,,1,,,,,,,,,,,,,,,,,,,,,,,,,,,,,,,,,,,,,,,,,,,,,,,,,,,,,,,,,,,,,,,,,,,,,2026-04-01 17:17:51.206451+00:00,,,,,,,%%8100,,,,,,,0,,,,,,NORMALVM,0x000000000003f7ec,pizza,S-1-5-21-2352865859-2334931103-2005901029-1001,,,,,,MicrosoftAccount:user=pizzahuthacker@gmail.com,,,,,,,,,,,,,0,,,,,,,,
4622,2026-04-01 17:21:42.411413+00:00,5379,Microsoft-Windows-Security-Auditing,,,,,,,,,,,,,,3780,,,1,,,,,,,,,,,,,,,,,,,,,,,,,,,,,,,,,,,,,,,,,,,,,,,,,,,,,,,,,,,,,,,,,,,,,2026-04-01 17:17:51.206451+00:00,,,,,,,%%8100,,,,,,,0,,,,,,NORMALVM,0x000000000003f7ec,pizza,S-1-5-21-2352865859-2334931103-2005901029-1001,,,,,,MicrosoftAccount:user=pizzahuthacker@gmail.com,,,,,,,,,,,,,0,,,,,,,,
4623,2026-04-01 17:21:42.411493+00:00,5379,Microsoft-Windows-Security-Auditing,,,,,,,,,,,,,,3780,,,1,,,,,,,,,,,,,,,,,,,,,,,,,,,,,,,,,,,,,,,,,,,,,,,,,,,,,,,,,,,,,,,,,,,,,2026-04-01 17:17:51.206451+00:00,,,,,,,%%8100,,,,,,,0,,,,,,NORMALVM,0x000000000003f7ec,pizza,S-1-5-21-2352865859-2334931103-2005901029-1001,,,,,,MicrosoftAccount:user=pizzahuthacker@gmail.com,,,,,,,,,,,,,0,,,,,,,,
4624,2026-04-01 17:21:42.411600+00:00,5379,Microsoft-Windows-Security-Auditing,,,,,,,,,,,,,,3780,,,1,,,,,,,,,,,,,,,,,,,,,,,,,,,,,,,,,,,,,,,,,,,,,,,,,,,,,,,,,,,,,,,,,,,,,2026-04-01 17:17:51.206451+00:00,,,,,,,%%8100,,,,,,,0,,,,,,NORMALVM,0x000000000003f7ec,pizza,S-1-5-21-2352865859-2334931103-2005901029-1001,,,,,,MicrosoftAccount:user=pizzahuthacker@gmail.com,,,,,,,,,,,,,0,,,,,,,,
4625,2026-04-01 17:21:42.411676+00:00,5379,Microsoft-Windows-Security-Auditing,,,,,,,,,,,,,,3780,,,1,,,,,,,,,,,,,,,,,,,,,,,,,,,,,,,,,,,,,,,,,,,,,,,,,,,,,,,,,,,,,,,,,,,,,2026-04-01 17:17:51.206451+00:00,,,,,,,%%8100,,,,,,,0,,,,,,NORMALVM,0x000000000003f7ec,pizza,S-1-5-21-2352865859-2334931103-2005901029-1001,,,,,,MicrosoftAccount:user=pizzahuthacker@gmail.com,,,,,,,,,,,,,0,,,,,,,,
4626,2026-04-01 17:21:42.411762+00:00,5379,Microsoft-Windows-Security-Auditing,,,,,,,,,,,,,,3780,,,1,,,,,,,,,,,,,,,,,,,,,,,,,,,,,,,,,,,,,,,,,,,,,,,,,,,,,,,,,,,,,,,,,,,,,2026-04-01 17:17:51.206451+00:00,,,,,,,%%8100,,,,,,,0,,,,,,NORMALVM,0x000000000003f7ec,pizza,S-1-5-21-2352865859-2334931103-2005901029-1001,,,,,,MicrosoftAccount:user=pizzahuthacker@gmail.com,,,,,,,,,,,,,0,,,,,,,,
4627,2026-04-01 17:21:42.411869+00:00,5379,Microsoft-Windows-Security-Auditing,,,,,,,,,,,,,,3780,,,1,,,,,,,,,,,,,,,,,,,,,,,,,,,,,,,,,,,,,,,,,,,,,,,,,,,,,,,,,,,,,,,,,,,,,2026-04-01 17:17:51.206451+00:00,,,,,,,%%8100,,,,,,,0,,,,,,NORMALVM,0x000000000003f7ec,pizza,S-1-5-21-2352865859-2334931103-2005901029-1001,,,,,,MicrosoftAccount:user=pizzahuthacker@gmail.com,,,,,,,,,,,,,0,,,,,,,,
4628,2026-04-01 17:21:42.411964+00:00,5379,Microsoft-Windows-Security-Auditing,,,,,,,,,,,,,,3780,,,1,,,,,,,,,,,,,,,,,,,,,,,,,,,,,,,,,,,,,,,,,,,,,,,,,,,,,,,,,,,,,,,,,,,,,2026-04-01 17:17:51.206451+00:00,,,,,,,%%8100,,,,,,,0,,,,,,NORMALVM,0x000000000003f7ec,pizza,S-1-5-21-2352865859-2334931103-2005901029-1001,,,,,,MicrosoftAccount:user=pizzahuthacker@gmail.com,,,,,,,,,,,,,0,,,,,,,,
4629,2026-04-01 17:21:42.412041+00:00,5379,Microsoft-Windows-Security-Auditing,,,,,,,,,,,,,,3780,,,1,,,,,,,,,,,,,,,,,,,,,,,,,,,,,,,,,,,,,,,,,,,,,,,,,,,,,,,,,,,,,,,,,,,,,2026-04-01 17:17:51.206451+00:00,,,,,,,%%8100,,,,,,,0,,,,,,NORMALVM,0x000000000003f7ec,pizza,S-1-5-21-2352865859-2334931103-2005901029-1001,,,,,,MicrosoftAccount:user=pizzahuthacker@gmail.com,,,,,,,,,,,,,0,,,,,,,,
4630,2026-04-01 17:21:42.412130+00:00,5379,Microsoft-Windows-Security-Auditing,,,,,,,,,,,,,,3780,,,1,,,,,,,,,,,,,,,,,,,,,,,,,,,,,,,,,,,,,,,,,,,,,,,,,,,,,,,,,,,,,,,,,,,,,2026-04-01 17:17:51.206451+00:00,,,,,,,%%8100,,,,,,,0,,,,,,NORMALVM,0x000000000003f7ec,pizza,S-1-5-21-2352865859-2334931103-2005901029-1001,,,,,,MicrosoftAccount:user=pizzahuthacker@gmail.com,,,,,,,,,,,,,0,,,,,,,,
4631,2026-04-01 17:21:42.415668+00:00,5379,Microsoft-Windows-Security-Auditing,,,,,,,,,,,,,,3780,,,1,,,,,,,,,,,,,,,,,,,,,,,,,,,,,,,,,,,,,,,,,,,,,,,,,,,,,,,,,,,,,,,,,,,,,2026-04-01 17:17:51.206451+00:00,,,,,,,%%8100,,,,,,,0,,,,,,NORMALVM,0x000000000003f7ec,pizza,S-1-5-21-2352865859-2334931103-2005901029-1001,,,,,,MicrosoftAccount:user=pizzahuthacker@gmail.com,,,,,,,,,,,,,0,,,,,,,,
4632,2026-04-01 17:21:42.415810+00:00,5379,Microsoft-Windows-Security-Auditing,,,,,,,,,,,,,,3780,,,1,,,,,,,,,,,,,,,,,,,,,,,,,,,,,,,,,,,,,,,,,,,,,,,,,,,,,,,,,,,,,,,,,,,,,2026-04-01 17:17:51.206451+00:00,,,,,,,%%8100,,,,,,,0,,,,,,NORMALVM,0x000000000003f7ec,pizza,S-1-5-21-2352865859-2334931103-2005901029-1001,,,,,,MicrosoftAccount:user=pizzahuthacker@gmail.com,,,,,,,,,,,,,0,,,,,,,,
4633,2026-04-01 17:21:42.415951+00:00,5379,Microsoft-Windows-Security-Auditing,,,,,,,,,,,,,,3780,,,1,,,,,,,,,,,,,,,,,,,,,,,,,,,,,,,,,,,,,,,,,,,,,,,,,,,,,,,,,,,,,,,,,,,,,2026-04-01 17:17:51.206451+00:00,,,,,,,%%8100,,,,,,,0,,,,,,NORMALVM,0x000000000003f7ec,pizza,S-1-5-21-2352865859-2334931103-2005901029-1001,,,,,,MicrosoftAccount:user=pizzahuthacker@gmail.com,,,,,,,,,,,,,0,,,,,,,,
4634,2026-04-01 17:21:42.416031+00:00,5379,Microsoft-Windows-Security-Auditing,,,,,,,,,,,,,,3780,,,1,,,,,,,,,,,,,,,,,,,,,,,,,,,,,,,,,,,,,,,,,,,,,,,,,,,,,,,,,,,,,,,,,,,,,2026-04-01 17:17:51.206451+00:00,,,,,,,%%8100,,,,,,,0,,,,,,NORMALVM,0x000000000003f7ec,pizza,S-1-5-21-2352865859-2334931103-2005901029-1001,,,,,,MicrosoftAccount:user=pizzahuthacker@gmail.com,,,,,,,,,,,,,0,,,,,,,,
4635,2026-04-01 17:21:42.416138+00:00,5379,Microsoft-Windows-Security-Auditing,,,,,,,,,,,,,,3780,,,1,,,,,,,,,,,,,,,,,,,,,,,,,,,,,,,,,,,,,,,,,,,,,,,,,,,,,,,,,,,,,,,,,,,,,2026-04-01 17:17:51.206451+00:00,,,,,,,%%8100,,,,,,,0,,,,,,NORMALVM,0x000000000003f7ec,pizza,S-1-5-21-2352865859-2334931103-2005901029-1001,,,,,,MicrosoftAccount:user=pizzahuthacker@gmail.com,,,,,,,,,,,,,0,,,,,,,,
4636,2026-04-01 17:21:42.416206+00:00,5379,Microsoft-Windows-Security-Auditing,,,,,,,,,,,,,,3780,,,1,,,,,,,,,,,,,,,,,,,,,,,,,,,,,,,,,,,,,,,,,,,,,,,,,,,,,,,,,,,,,,,,,,,,,2026-04-01 17:17:51.206451+00:00,,,,,,,%%8100,,,,,,,0,,,,,,NORMALVM,0x000000000003f7ec,pizza,S-1-5-21-2352865859-2334931103-2005901029-1001,,,,,,MicrosoftAccount:user=pizzahuthacker@gmail.com,,,,,,,,,,,,,0,,,,,,,,
4637,2026-04-01 17:21:42.416336+00:00,5379,Microsoft-Windows-Security-Auditing,,,,,,,,,,,,,,3780,,,1,,,,,,,,,,,,,,,,,,,,,,,,,,,,,,,,,,,,,,,,,,,,,,,,,,,,,,,,,,,,,,,,,,,,,2026-04-01 17:17:51.206451+00:00,,,,,,,%%8100,,,,,,,0,,,,,,NORMALVM,0x000000000003f7ec,pizza,S-1-5-21-2352865859-2334931103-2005901029-1001,,,,,,MicrosoftAccount:user=pizzahuthacker@gmail.com,,,,,,,,,,,,,0,,,,,,,,
4638,2026-04-01 17:21:42.416428+00:00,5379,Microsoft-Windows-Security-Auditing,,,,,,,,,,,,,,3780,,,1,,,,,,,,,,,,,,,,,,,,,,,,,,,,,,,,,,,,,,,,,,,,,,,,,,,,,,,,,,,,,,,,,,,,,2026-04-01 17:17:51.206451+00:00,,,,,,,%%8100,,,,,,,0,,,,,,NORMALVM,0x000000000003f7ec,pizza,S-1-5-21-2352865859-2334931103-2005901029-1001,,,,,,MicrosoftAccount:user=pizzahuthacker@gmail.com,,,,,,,,,,,,,0,,,,,,,,
4639,2026-04-01 17:21:42.416531+00:00,5379,Microsoft-Windows-Security-Auditing,,,,,,,,,,,,,,3780,,,1,,,,,,,,,,,,,,,,,,,,,,,,,,,,,,,,,,,,,,,,,,,,,,,,,,,,,,,,,,,,,,,,,,,,,2026-04-01 17:17:51.206451+00:00,,,,,,,%%8100,,,,,,,0,,,,,,NORMALVM,0x000000000003f7ec,pizza,S-1-5-21-2352865859-2334931103-2005901029-1001,,,,,,MicrosoftAccount:user=pizzahuthacker@gmail.com,,,,,,,,,,,,,0,,,,,,,,
4640,2026-04-01 17:21:42.416599+00:00,5379,Microsoft-Windows-Security-Auditing,,,,,,,,,,,,,,3780,,,1,,,,,,,,,,,,,,,,,,,,,,,,,,,,,,,,,,,,,,,,,,,,,,,,,,,,,,,,,,,,,,,,,,,,,2026-04-01 17:17:51.206451+00:00,,,,,,,%%8100,,,,,,,0,,,,,,NORMALVM,0x000000000003f7ec,pizza,S-1-5-21-2352865859-2334931103-2005901029-1001,,,,,,MicrosoftAccount:user=pizzahuthacker@gmail.com,,,,,,,,,,,,,0,,,,,,,,
4641,2026-04-01 17:21:42.416693+00:00,5379,Microsoft-Windows-Security-Auditing,,,,,,,,,,,,,,3780,,,1,,,,,,,,,,,,,,,,,,,,,,,,,,,,,,,,,,,,,,,,,,,,,,,,,,,,,,,,,,,,,,,,,,,,,2026-04-01 17:17:51.206451+00:00,,,,,,,%%8100,,,,,,,0,,,,,,NORMALVM,0x000000000003f7ec,pizza,S-1-5-21-2352865859-2334931103-2005901029-1001,,,,,,MicrosoftAccount:user=pizzahuthacker@gmail.com,,,,,,,,,,,,,0,,,,,,,,
4642,2026-04-01 17:21:42.416758+00:00,5379,Microsoft-Windows-Security-Auditing,,,,,,,,,,,,,,3780,,,1,,,,,,,,,,,,,,,,,,,,,,,,,,,,,,,,,,,,,,,,,,,,,,,,,,,,,,,,,,,,,,,,,,,,,2026-04-01 17:17:51.206451+00:00,,,,,,,%%8100,,,,,,,0,,,,,,NORMALVM,0x000000000003f7ec,pizza,S-1-5-21-2352865859-2334931103-2005901029-1001,,,,,,MicrosoftAccount:user=pizzahuthacker@gmail.com,,,,,,,,,,,,,0,,,,,,,,
