354,2026-04-01 19:18:20.315184+00:00,4672,Microsoft-Windows-Security-Auditing,,,,,,,,,,,,,,,,,,,,,,,,,,,,,,,,,,,,,,,,,,,,,,,,,,,,,,,,,,,,,,,,,,,,,,,,,,,,,,,,,,,,,"SeAssignPrimaryTokenPrivilege
			SeTcbPrivilege
			SeSecurityPrivilege
			SeTakeOwnershipPrivilege
			SeLoadDriverPrivilege
			SeBackupPrivilege
			SeRestorePrivilege
			SeDebugPrivilege
			SeAuditPrivilege
			SeSystemEnvironmentPrivilege
			SeImpersonatePrivilege
			SeDelegateSessionUserImpersonatePrivilege",,,,,,,,,,,,,,,,,,,,,NT AUTHORITY,0x00000000000003e7,SYSTEM,S-1-5-18,,,,,,,,,,,,,,,,,,,,,,,,,,,
355,2026-04-01 19:18:21.561762+00:00,5024,Microsoft-Windows-Security-Auditing,,,,,,,,,,,,,,,,,,,,,,,,,,,,,,,,,,,,,,,,,,,,,,,,,,,,,,,,,,,,,,,,,,,,,,,,,,,,,,,,,,,,,,,,,,,,,,,,,,,,,,,,,,,,,,,,,,,,,,,,,,,,,,,,,,,,,,,,
356,2026-04-01 19:18:22.408123+00:00,4624,Microsoft-Windows-Security-Auditing,,,,,,,,,,Negotiate,,,,,,,,,,,,,,,%%1842,,,,,,,,,,,,%%1833,-,-,,,0,,,,-,,,,,{00000000-0000-0000-0000-000000000000},,Advapi  ,5,,,,,,,,,,,,,,,,,,,,,,,,,,,,,,,,,0x00000000000002e4,C:\Windows\System32\services.exe,,,,,,-,,,,,-,,,,,,,WORKGROUP,0x00000000000003e7,WIN-2RR949GCCSV$,S-1-5-18,NT AUTHORITY,,0x0000000000000000,,0x00000000000003e7,,-,-,,,,,SYSTEM,S-1-5-18,,,,-,,,,,,%%1843,,,-
357,2026-04-01 19:18:22.408127+00:00,4672,Microsoft-Windows-Security-Auditing,,,,,,,,,,,,,,,,,,,,,,,,,,,,,,,,,,,,,,,,,,,,,,,,,,,,,,,,,,,,,,,,,,,,,,,,,,,,,,,,,,,,,"SeAssignPrimaryTokenPrivilege
			SeTcbPrivilege
			SeSecurityPrivilege
			SeTakeOwnershipPrivilege
			SeLoadDriverPrivilege
			SeBackupPrivilege
			SeRestorePrivilege
			SeDebugPrivilege
			SeAuditPrivilege
			SeSystemEnvironmentPrivilege
			SeImpersonatePrivilege
			SeDelegateSessionUserImpersonatePrivilege",,,,,,,,,,,,,,,,,,,,,NT AUTHORITY,0x00000000000003e7,SYSTEM,S-1-5-18,,,,,,,,,,,,,,,,,,,,,,,,,,,
358,2026-04-01 19:18:22.540434+00:00,4907,Microsoft-Windows-Security-Auditing,,,,,,,,,,,,,,,,,,,,,,,,,,,,,,0x000000000000090c,,,,,,,,,,,,,,,,,,,,,,,,,,,,,,,,,,,S:(AU;SAFA;DCLCRPCRSDWDWO;;;WD),,,,,C:\Windows\Temp\winre\ExtractedFromWim,Security,File,,,,,,,,,,,,,,,0x000000000000052c,C:\Windows\System32\oobe\msoobe.exe,,,,,,,,,,,,,,,,,,WORKGROUP,0x00000000000003e7,WIN-2RR949GCCSV$,S-1-5-18,,,,,,,,,,,,,,,,,,,,,,,,,,,
359,2026-04-01 16:17:45.135418+00:00,4616,Microsoft-Windows-Security-Auditing,,,,,,,,,,,,,,,,,,,,,,,,,,,,,,,,,,,,,,,,,,,,,,,,,,,,,,,,,,,,,,,,,,,,2026-04-01 16:17:45.134933+00:00,,,,,,,,,,,,,,,2026-04-01 19:18:23.133074+00:00,,,,0x00000000000005f8,C:\Windows\System32\svchost.exe,,,,,,,,,,,,,,,,,,NT AUTHORITY,0x00000000000003e5,LOCAL SERVICE,S-1-5-19,,,,,,,,,,,,,,,,,,,,,,,,,,,
360,2026-04-01 16:17:45.138172+00:00,4616,Microsoft-Windows-Security-Auditing,,,,,,,,,,,,,,,,,,,,,,,,,,,,,,,,,,,,,,,,,,,,,,,,,,,,,,,,,,,,,,,,,,,,2026-04-01 16:17:45.136721+00:00,,,,,,,,,,,,,,,2026-04-01 16:17:45.134933+00:00,,,,0x00000000000005f8,C:\Windows\System32\svchost.exe,,,,,,,,,,,,,,,,,,NT AUTHORITY,0x00000000000003e5,LOCAL SERVICE,S-1-5-19,,,,,,,,,,,,,,,,,,,,,,,,,,,
361,2026-04-01 16:17:45.205181+00:00,4624,Microsoft-Windows-Security-Auditing,,,,,,,,,,Negotiate,,,,,,,,,,,,,,,%%1842,,,,,,,,,,,,%%1833,-,-,,,0,,,,-,,,,,{00000000-0000-0000-0000-000000000000},,Advapi  ,5,,,,,,,,,,,,,,,,,,,,,,,,,,,,,,,,,0x00000000000002e4,C:\Windows\System32\services.exe,,,,,,-,,,,,-,,,,,,,WORKGROUP,0x00000000000003e7,WIN-2RR949GCCSV$,S-1-5-18,NT AUTHORITY,,0x0000000000000000,,0x00000000000003e7,,-,-,,,,,SYSTEM,S-1-5-18,,,,-,,,,,,%%1843,,,-
362,2026-04-01 16:17:45.205185+00:00,4672,Microsoft-Windows-Security-Auditing,,,,,,,,,,,,,,,,,,,,,,,,,,,,,,,,,,,,,,,,,,,,,,,,,,,,,,,,,,,,,,,,,,,,,,,,,,,,,,,,,,,,,"SeAssignPrimaryTokenPrivilege
			SeTcbPrivilege
			SeSecurityPrivilege
			SeTakeOwnershipPrivilege
			SeLoadDriverPrivilege
			SeBackupPrivilege
			SeRestorePrivilege
			SeDebugPrivilege
			SeAuditPrivilege
			SeSystemEnvironmentPrivilege
			SeImpersonatePrivilege
			SeDelegateSessionUserImpersonatePrivilege",,,,,,,,,,,,,,,,,,,,,NT AUTHORITY,0x00000000000003e7,SYSTEM,S-1-5-18,,,,,,,,,,,,,,,,,,,,,,,,,,,
363,2026-04-01 16:17:45.213703+00:00,4616,Microsoft-Windows-Security-Auditing,,,,,,,,,,,,,,,,,,,,,,,,,,,,,,,,,,,,,,,,,,,,,,,,,,,,,,,,,,,,,,,,,,,,2026-04-01 16:17:45.209757+00:00,,,,,,,,,,,,,,,2026-04-01 16:17:45.208841+00:00,,,,0x00000000000005f8,C:\Windows\System32\svchost.exe,,,,,,,,,,,,,,,,,,NT AUTHORITY,0x00000000000003e5,LOCAL SERVICE,S-1-5-19,,,,,,,,,,,,,,,,,,,,,,,,,,,
364,2026-04-01 16:17:45.852949+00:00,4624,Microsoft-Windows-Security-Auditing,,,,,,,,,,Negotiate,,,,,,,,,,,,,,,%%1842,,,,,,,,,,,,%%1833,-,-,,,0,,,,-,,,,,{00000000-0000-0000-0000-000000000000},,Advapi  ,5,,,,,,,,,,,,,,,,,,,,,,,,,,,,,,,,,0x00000000000002e4,C:\Windows\System32\services.exe,,,,,,-,,,,,-,,,,,,,WORKGROUP,0x00000000000003e7,WIN-2RR949GCCSV$,S-1-5-18,NT AUTHORITY,,0x0000000000000000,,0x00000000000003e7,,-,-,,,,,SYSTEM,S-1-5-18,,,,-,,,,,,%%1843,,,-
365,2026-04-01 16:17:45.852955+00:00,4672,Microsoft-Windows-Security-Auditing,,,,,,,,,,,,,,,,,,,,,,,,,,,,,,,,,,,,,,,,,,,,,,,,,,,,,,,,,,,,,,,,,,,,,,,,,,,,,,,,,,,,,"SeAssignPrimaryTokenPrivilege
			SeTcbPrivilege
			SeSecurityPrivilege
			SeTakeOwnershipPrivilege
			SeLoadDriverPrivilege
			SeBackupPrivilege
			SeRestorePrivilege
			SeDebugPrivilege
			SeAuditPrivilege
			SeSystemEnvironmentPrivilege
			SeImpersonatePrivilege
			SeDelegateSessionUserImpersonatePrivilege",,,,,,,,,,,,,,,,,,,,,NT AUTHORITY,0x00000000000003e7,SYSTEM,S-1-5-18,,,,,,,,,,,,,,,,,,,,,,,,,,,
366,2026-04-01 16:17:46.514307+00:00,4799,Microsoft-Windows-Security-Auditing,,,,,,,,,,,0x0000000000000ed8,C:\Windows\System32\SearchIndexer.exe,,,,,,,,,,,,,,,,,,,,,,,,,,,,,,,,,,,,,,,,,,,,,,,,,,,,,,,,,,,,,,,,,,,,,,,,,,,,,,,,,,,,,,,,,,,,,,WORKGROUP,0x00000000000003e7,WIN-2RR949GCCSV$,S-1-5-18,Builtin,,,,,,,,,,,S-1-5-32-544,Administrators,,,,,,,,,,,,,,
367,2026-04-01 16:17:46.810417+00:00,4624,Microsoft-Windows-Security-Auditing,,,,,,,,,,Negotiate,,,,,,,,,,,,,,,%%1842,,,,,,,,,,,,%%1833,-,-,,,0,,,,-,,,,,{00000000-0000-0000-0000-000000000000},,Advapi  ,5,,,,,,,,,,,,,,,,,,,,,,,,,,,,,,,,,0x00000000000002e4,C:\Windows\System32\services.exe,,,,,,-,,,,,-,,,,,,,WORKGROUP,0x00000000000003e7,WIN-2RR949GCCSV$,S-1-5-18,NT AUTHORITY,,0x0000000000000000,,0x00000000000003e7,,-,-,,,,,SYSTEM,S-1-5-18,,,,-,,,,,,%%1843,,,-
368,2026-04-01 16:17:46.810421+00:00,4672,Microsoft-Windows-Security-Auditing,,,,,,,,,,,,,,,,,,,,,,,,,,,,,,,,,,,,,,,,,,,,,,,,,,,,,,,,,,,,,,,,,,,,,,,,,,,,,,,,,,,,,"SeAssignPrimaryTokenPrivilege
			SeTcbPrivilege
			SeSecurityPrivilege
			SeTakeOwnershipPrivilege
			SeLoadDriverPrivilege
			SeBackupPrivilege
			SeRestorePrivilege
			SeDebugPrivilege
			SeAuditPrivilege
			SeSystemEnvironmentPrivilege
			SeImpersonatePrivilege
			SeDelegateSessionUserImpersonatePrivilege",,,,,,,,,,,,,,,,,,,,,NT AUTHORITY,0x00000000000003e7,SYSTEM,S-1-5-18,,,,,,,,,,,,,,,,,,,,,,,,,,,
369,2026-04-01 16:17:48.406427+00:00,4799,Microsoft-Windows-Security-Auditing,,,,,,,,,,,0x0000000000000bec,C:\Windows\System32\svchost.exe,,,,,,,,,,,,,,,,,,,,,,,,,,,,,,,,,,,,,,,,,,,,,,,,,,,,,,,,,,,,,,,,,,,,,,,,,,,,,,,,,,,,,,,,,,,,,,WORKGROUP,0x00000000000003e7,WIN-2RR949GCCSV$,S-1-5-18,Builtin,,,,,,,,,,,S-1-5-32-544,Administrators,,,,,,,,,,,,,,
370,2026-04-01 16:17:51.442734+00:00,4624,Microsoft-Windows-Security-Auditing,,,,,,,,,,Negotiate,,,,,,,,,,,,,,,%%1842,,,,,,,,,,,,%%1833,-,-,,,0,,,,-,,,,,{00000000-0000-0000-0000-000000000000},,Advapi  ,5,,,,,,,,,,,,,,,,,,,,,,,,,,,,,,,,,0x00000000000002e4,C:\Windows\System32\services.exe,,,,,,-,,,,,-,,,,,,,WORKGROUP,0x00000000000003e7,WIN-2RR949GCCSV$,S-1-5-18,NT AUTHORITY,,0x0000000000000000,,0x00000000000003e7,,-,-,,,,,SYSTEM,S-1-5-18,,,,-,,,,,,%%1843,,,-
371,2026-04-01 16:17:51.442739+00:00,4672,Microsoft-Windows-Security-Auditing,,,,,,,,,,,,,,,,,,,,,,,,,,,,,,,,,,,,,,,,,,,,,,,,,,,,,,,,,,,,,,,,,,,,,,,,,,,,,,,,,,,,,"SeAssignPrimaryTokenPrivilege
			SeTcbPrivilege
			SeSecurityPrivilege
			SeTakeOwnershipPrivilege
			SeLoadDriverPrivilege
			SeBackupPrivilege
			SeRestorePrivilege
			SeDebugPrivilege
			SeAuditPrivilege
			SeSystemEnvironmentPrivilege
			SeImpersonatePrivilege
			SeDelegateSessionUserImpersonatePrivilege",,,,,,,,,,,,,,,,,,,,,NT AUTHORITY,0x00000000000003e7,SYSTEM,S-1-5-18,,,,,,,,,,,,,,,,,,,,,,,,,,,
372,2026-04-01 16:17:54.357697+00:00,4624,Microsoft-Windows-Security-Auditing,,,,,,,,,,Negotiate,,,,,,,,,,,,,,,%%1842,,,,,,,,,,,,%%1833,-,-,,,0,,,,-,,,,,{00000000-0000-0000-0000-000000000000},,Advapi  ,5,,,,,,,,,,,,,,,,,,,,,,,,,,,,,,,,,0x00000000000002e4,C:\Windows\System32\services.exe,,,,,,-,,,,,-,,,,,,,WORKGROUP,0x00000000000003e7,WIN-2RR949GCCSV$,S-1-5-18,NT AUTHORITY,,0x0000000000000000,,0x00000000000003e7,,-,-,,,,,SYSTEM,S-1-5-18,,,,-,,,,,,%%1843,,,-
373,2026-04-01 16:17:54.357702+00:00,4672,Microsoft-Windows-Security-Auditing,,,,,,,,,,,,,,,,,,,,,,,,,,,,,,,,,,,,,,,,,,,,,,,,,,,,,,,,,,,,,,,,,,,,,,,,,,,,,,,,,,,,,"SeAssignPrimaryTokenPrivilege
			SeTcbPrivilege
			SeSecurityPrivilege
			SeTakeOwnershipPrivilege
			SeLoadDriverPrivilege
			SeBackupPrivilege
			SeRestorePrivilege
			SeDebugPrivilege
			SeAuditPrivilege
			SeSystemEnvironmentPrivilege
			SeImpersonatePrivilege
			SeDelegateSessionUserImpersonatePrivilege",,,,,,,,,,,,,,,,,,,,,NT AUTHORITY,0x00000000000003e7,SYSTEM,S-1-5-18,,,,,,,,,,,,,,,,,,,,,,,,,,,
374,2026-04-01 16:17:55.313711+00:00,4624,Microsoft-Windows-Security-Auditing,,,,,,,,,,Negotiate,,,,,,,,,,,,,,,%%1842,,,,,,,,,,,,%%1833,-,-,,,0,,,,-,,,,,{00000000-0000-0000-0000-000000000000},,Advapi  ,5,,,,,,,,,,,,,,,,,,,,,,,,,,,,,,,,,0x00000000000002e4,C:\Windows\System32\services.exe,,,,,,-,,,,,-,,,,,,,WORKGROUP,0x00000000000003e7,WIN-2RR949GCCSV$,S-1-5-18,NT AUTHORITY,,0x0000000000000000,,0x00000000000003e7,,-,-,,,,,SYSTEM,S-1-5-18,,,,-,,,,,,%%1843,,,-
375,2026-04-01 16:17:55.313717+00:00,4672,Microsoft-Windows-Security-Auditing,,,,,,,,,,,,,,,,,,,,,,,,,,,,,,,,,,,,,,,,,,,,,,,,,,,,,,,,,,,,,,,,,,,,,,,,,,,,,,,,,,,,,"SeAssignPrimaryTokenPrivilege
			SeTcbPrivilege
			SeSecurityPrivilege
			SeTakeOwnershipPrivilege
			SeLoadDriverPrivilege
			SeBackupPrivilege
			SeRestorePrivilege
			SeDebugPrivilege
			SeAuditPrivilege
			SeSystemEnvironmentPrivilege
			SeImpersonatePrivilege
			SeDelegateSessionUserImpersonatePrivilege",,,,,,,,,,,,,,,,,,,,,NT AUTHORITY,0x00000000000003e7,SYSTEM,S-1-5-18,,,,,,,,,,,,,,,,,,,,,,,,,,,
376,2026-04-01 16:17:55.577250+00:00,4798,Microsoft-Windows-Security-Auditing,,,,,,,,,,,0x00000000000002ec,C:\Windows\System32\lsass.exe,,,,,,,,,,,,,,,,,,,,,,,,,,,,,,,,,,,,,,,,,,,,,,,,,,,,,,,,,,,,,,,,,,,,,,,,,,,,,,,,,,,,,,,,,,,,,,WORKGROUP,0x00000000000003e7,WIN-2RR949GCCSV$,S-1-5-18,DESKTOP-3RQPMJ6,,,,,,,,,,,S-1-5-21-2352865859-2334931103-2005901029-1000,defaultuser0,,,,,,,,,,,,,,
377,2026-04-01 16:17:55.609381+00:00,4648,Microsoft-Windows-Security-Auditing,,,,,,,,,,,,,,,,,,,,,,,,,,,,,,,,,,,,,,127.0.0.1,0,,,,,,,,,,,,{00000000-0000-0000-0000-000000000000},,,,,,,,,,,,,,,,,,,,,,,,,,,,,,,,,,,,0x0000000000000468,C:\Windows\System32\svchost.exe,,,,,,,,,,,,,,,,,,WORKGROUP,0x00000000000003e7,WIN-2RR949GCCSV$,S-1-5-18,DESKTOP-3RQPMJ6,localhost,,{00000000-0000-0000-0000-000000000000},,,,,,,localhost,,defaultuser0,,,,,,,,,,,,,,
378,2026-04-01 16:17:55.609400+00:00,4624,Microsoft-Windows-Security-Auditing,,,,,,,,,,Negotiate,,,,,,,,,,,,,,,%%1842,,,,,,,,,,,,%%1833,127.0.0.1,0,,,0,,,,-,,,,,{00000000-0000-0000-0000-000000000000},,User32 ,2,,,,,,,,,,,,,,,,,,,,,,,,,,,,,,,,,0x0000000000000468,C:\Windows\System32\svchost.exe,,,,,,-,,,,,-,,,,,,,WORKGROUP,0x00000000000003e7,WIN-2RR949GCCSV$,S-1-5-18,DESKTOP-3RQPMJ6,,0x000000000005613e,,0x0000000000056113,,-,-,,,,,defaultuser0,S-1-5-21-2352865859-2334931103-2005901029-1000,,,,-,,,,,,%%1843,,,WIN-2RR949GCCSV
379,2026-04-01 16:17:55.609411+00:00,4624,Microsoft-Windows-Security-Auditing,,,,,,,,,,Negotiate,,,,,,,,,,,,,,,%%1843,,,,,,,,,,,,%%1833,127.0.0.1,0,,,0,,,,-,,,,,{00000000-0000-0000-0000-000000000000},,User32 ,2,,,,,,,,,,,,,,,,,,,,,,,,,,,,,,,,,0x0000000000000468,C:\Windows\System32\svchost.exe,,,,,,-,,,,,-,,,,,,,WORKGROUP,0x00000000000003e7,WIN-2RR949GCCSV$,S-1-5-18,DESKTOP-3RQPMJ6,,0x0000000000056113,,0x000000000005613e,,-,-,,,,,defaultuser0,S-1-5-21-2352865859-2334931103-2005901029-1000,,,,-,,,,,,%%1843,,,WIN-2RR949GCCSV
380,2026-04-01 16:17:55.609415+00:00,4672,Microsoft-Windows-Security-Auditing,,,,,,,,,,,,,,,,,,,,,,,,,,,,,,,,,,,,,,,,,,,,,,,,,,,,,,,,,,,,,,,,,,,,,,,,,,,,,,,,,,,,,"SeSecurityPrivilege
			SeTakeOwnershipPrivilege
			SeLoadDriverPrivilege
			SeBackupPrivilege
			SeRestorePrivilege
			SeDebugPrivilege
			SeSystemEnvironmentPrivilege
			SeImpersonatePrivilege
			SeDelegateSessionUserImpersonatePrivilege",,,,,,,,,,,,,,,,,,,,,DESKTOP-3RQPMJ6,0x0000000000056113,defaultuser0,S-1-5-21-2352865859-2334931103-2005901029-1000,,,,,,,,,,,,,,,,,,,,,,,,,,,
381,2026-04-01 16:17:55.690266+00:00,4799,Microsoft-Windows-Security-Auditing,,,,,,,,,,,0x000000000000042c,C:\Windows\System32\svchost.exe,,,,,,,,,,,,,,,,,,,,,,,,,,,,,,,,,,,,,,,,,,,,,,,,,,,,,,,,,,,,,,,,,,,,,,,,,,,,,,,,,,,,,,,,,,,,,,WORKGROUP,0x00000000000003e7,WIN-2RR949GCCSV$,S-1-5-18,Builtin,,,,,,,,,,,S-1-5-32-544,Administrators,,,,,,,,,,,,,,
382,2026-04-01 16:17:56.200569+00:00,5379,Microsoft-Windows-Security-Auditing,,,,,,,,,,,,,,1508,,,0,,,,,,,,,,,,,,,,,,,,,,,,,,,,,,,,,,,,,,,,,,,,,,,,,,,,,,,,,,,,,,,,,,,,,2026-04-01 19:18:17.263266+00:00,,,,,,,%%8100,,,,,,,3221226021,,,,,,DESKTOP-3RQPMJ6,0x000000000005613e,defaultuser0,S-1-5-21-2352865859-2334931103-2005901029-1000,,,,,,WindowsLive:name=*,,,,,,,,,,,,,0,,,,,,,,
383,2026-04-01 16:17:56.200655+00:00,5379,Microsoft-Windows-Security-Auditing,,,,,,,,,,,,,,1508,,,0,,,,,,,,,,,,,,,,,,,,,,,,,,,,,,,,,,,,,,,,,,,,,,,,,,,,,,,,,,,,,,,,,,,,,2026-04-01 19:18:17.263266+00:00,,,,,,,%%8100,,,,,,,3221226021,,,,,,DESKTOP-3RQPMJ6,0x000000000005613e,defaultuser0,S-1-5-21-2352865859-2334931103-2005901029-1000,,,,,,WindowsLive:user=*,,,,,,,,,,,,,0,,,,,,,,
384,2026-04-01 16:17:56.510620+00:00,4624,Microsoft-Windows-Security-Auditing,,,,,,,,,,Negotiate,,,,,,,,,,,,,,,%%1842,,,,,,,,,,,,%%1833,-,-,,,0,,,,-,,,,,{00000000-0000-0000-0000-000000000000},,Advapi  ,5,,,,,,,,,,,,,,,,,,,,,,,,,,,,,,,,,0x00000000000002e4,C:\Windows\System32\services.exe,,,,,,-,,,,,-,,,,,,,WORKGROUP,0x00000000000003e7,WIN-2RR949GCCSV$,S-1-5-18,NT AUTHORITY,,0x0000000000000000,,0x00000000000003e7,,-,-,,,,,SYSTEM,S-1-5-18,,,,-,,,,,,%%1843,,,-
385,2026-04-01 16:17:56.510626+00:00,4672,Microsoft-Windows-Security-Auditing,,,,,,,,,,,,,,,,,,,,,,,,,,,,,,,,,,,,,,,,,,,,,,,,,,,,,,,,,,,,,,,,,,,,,,,,,,,,,,,,,,,,,"SeAssignPrimaryTokenPrivilege
			SeTcbPrivilege
			SeSecurityPrivilege
			SeTakeOwnershipPrivilege
			SeLoadDriverPrivilege
			SeBackupPrivilege
			SeRestorePrivilege
			SeDebugPrivilege
			SeAuditPrivilege
			SeSystemEnvironmentPrivilege
			SeImpersonatePrivilege
			SeDelegateSessionUserImpersonatePrivilege",,,,,,,,,,,,,,,,,,,,,NT AUTHORITY,0x00000000000003e7,SYSTEM,S-1-5-18,,,,,,,,,,,,,,,,,,,,,,,,,,,
386,2026-04-01 16:17:57.305420+00:00,5061,Microsoft-Windows-Security-Auditing,,,,,,,,UNKNOWN,,,,,,,,,,,,,,,,,,,,,,,,,,,,,,,,,,,Microsoft Connected Devices Platform device certificate,%%2500,,,,,,,,,,,,,,,,,,,,,,,,,,,,,,,,,%%2480,,,,,,,,,,,,,Microsoft Software Key Storage Provider,,,,,,,,,,0x80090016,,,,,,DESKTOP-3RQPMJ6,0x000000000005613e,defaultuser0,S-1-5-21-2352865859-2334931103-2005901029-1000,,,,,,,,,,,,,,,,,,,,,,,,,,,
387,2026-04-01 16:17:57.306593+00:00,5061,Microsoft-Windows-Security-Auditing,,,,,,,,UNKNOWN,,,,,,,,,,,,,,,,,,,,,,,,,,,,,,,,,,,Microsoft Connected Devices Platform device certificate,%%2500,,,,,,,,,,,,,,,,,,,,,,,,,,,,,,,,,%%2480,,,,,,,,,,,,,Microsoft Software Key Storage Provider,,,,,,,,,,0x80090016,,,,,,DESKTOP-3RQPMJ6,0x000000000005613e,defaultuser0,S-1-5-21-2352865859-2334931103-2005901029-1000,,,,,,,,,,,,,,,,,,,,,,,,,,,
388,2026-04-01 16:17:57.307665+00:00,5061,Microsoft-Windows-Security-Auditing,,,,,,,,UNKNOWN,,,,,,,,,,,,,,,,,,,,,,,,,,,,,,,,,,,Microsoft Connected Devices Platform device certificate,%%2500,,,,,,,,,,,,,,,,,,,,,,,,,,,,,,,,,%%2480,,,,,,,,,,,,,Microsoft Software Key Storage Provider,,,,,,,,,,0x80090016,,,,,,DESKTOP-3RQPMJ6,0x000000000005613e,defaultuser0,S-1-5-21-2352865859-2334931103-2005901029-1000,,,,,,,,,,,,,,,,,,,,,,,,,,,
389,2026-04-01 16:17:57.313019+00:00,5058,Microsoft-Windows-Security-Auditing,,,,,,,,ECDSA_P256,,,,,2026-04-01 16:17:56.315020+00:00,2732,,,,,,,,,,,,,,,,,,,,,,,,,,,C:\Users\defaultuser0\AppData\Roaming\Microsoft\Crypto\Keys\de7cf8a7901d2ad13e5c67c29e5d1662_8a77c4b8-41bd-4429-86d0-b73425f5c602,,Microsoft Connected Devices Platform device certificate,%%2500,,,,,,,,,,,,,,,,,,,,,,,,,,,,,,,,,%%2459,,,,,,,,,,,,,Microsoft Software Key Storage Provider,,,,,,,,,,0x00000000,,,,,,DESKTOP-3RQPMJ6,0x000000000005613e,defaultuser0,S-1-5-21-2352865859-2334931103-2005901029-1000,,,,,,,,,,,,,,,,,,,,,,,,,,,
390,2026-04-01 16:17:57.313835+00:00,5061,Microsoft-Windows-Security-Auditing,,,,,,,,ECDSA_P256,,,,,,,,,,,,,,,,,,,,,,,,,,,,,,,,,,,Microsoft Connected Devices Platform device certificate,%%2500,,,,,,,,,,,,,,,,,,,,,,,,,,,,,,,,,%%2481,,,,,,,,,,,,,Microsoft Software Key Storage Provider,,,,,,,,,,0x00000000,,,,,,DESKTOP-3RQPMJ6,0x000000000005613e,defaultuser0,S-1-5-21-2352865859-2334931103-2005901029-1000,,,,,,,,,,,,,,,,,,,,,,,,,,,
391,2026-04-01 16:17:57.344656+00:00,5058,Microsoft-Windows-Security-Auditing,,,,,,,,UNKNOWN,,,,,2026-04-01 16:17:56.315020+00:00,2732,,,,,,,,,,,,,,,,,,,,,,,,,,,C:\Users\defaultuser0\AppData\Roaming\Microsoft\Crypto\Keys\de7cf8a7901d2ad13e5c67c29e5d1662_8a77c4b8-41bd-4429-86d0-b73425f5c602,,Microsoft Connected Devices Platform device certificate,%%2500,,,,,,,,,,,,,,,,,,,,,,,,,,,,,,,,,%%2458,,,,,,,,,,,,,Microsoft Software Key Storage Provider,,,,,,,,,,0x00000000,,,,,,DESKTOP-3RQPMJ6,0x000000000005613e,defaultuser0,S-1-5-21-2352865859-2334931103-2005901029-1000,,,,,,,,,,,,,,,,,,,,,,,,,,,
392,2026-04-01 16:17:57.344904+00:00,5061,Microsoft-Windows-Security-Auditing,,,,,,,,ECDSA_P256,,,,,,,,,,,,,,,,,,,,,,,,,,,,,,,,,,,Microsoft Connected Devices Platform device certificate,%%2500,,,,,,,,,,,,,,,,,,,,,,,,,,,,,,,,,%%2480,,,,,,,,,,,,,Microsoft Software Key Storage Provider,,,,,,,,,,0x00000000,,,,,,DESKTOP-3RQPMJ6,0x000000000005613e,defaultuser0,S-1-5-21-2352865859-2334931103-2005901029-1000,,,,,,,,,,,,,,,,,,,,,,,,,,,
393,2026-04-01 16:17:57.345104+00:00,5059,Microsoft-Windows-Security-Auditing,,,,,,,,ECDSA_P256,,,,,2026-04-01 16:17:56.315020+00:00,2732,,,,,,,,,,,,,,,,,,,,,,,,,,,,,Microsoft Connected Devices Platform device certificate,%%2500,,,,,,,,,,,,,,,,,,,,,,,,,,,,,,,,,%%2464,,,,,,,,,,,,,Microsoft Software Key Storage Provider,,,,,,,,,,0x00000000,,,,,,DESKTOP-3RQPMJ6,0x000000000005613e,defaultuser0,S-1-5-21-2352865859-2334931103-2005901029-1000,,,,,,,,,,,,,,,,,,,,,,,,,,,
394,2026-04-01 16:17:57.346279+00:00,5059,Microsoft-Windows-Security-Auditing,,,,,,,,ECDSA_P256,,,,,2026-04-01 16:17:56.315020+00:00,2732,,,,,,,,,,,,,,,,,,,,,,,,,,,,,Microsoft Connected Devices Platform device certificate,%%2500,,,,,,,,,,,,,,,,,,,,,,,,,,,,,,,,,%%2464,,,,,,,,,,,,,Microsoft Software Key Storage Provider,,,,,,,,,,0x00000000,,,,,,DESKTOP-3RQPMJ6,0x000000000005613e,defaultuser0,S-1-5-21-2352865859-2334931103-2005901029-1000,,,,,,,,,,,,,,,,,,,,,,,,,,,
395,2026-04-01 16:17:57.348709+00:00,5059,Microsoft-Windows-Security-Auditing,,,,,,,,ECDSA_P256,,,,,2026-04-01 16:17:56.315020+00:00,2732,,,,,,,,,,,,,,,,,,,,,,,,,,,,,Microsoft Connected Devices Platform device certificate,%%2500,,,,,,,,,,,,,,,,,,,,,,,,,,,,,,,,,%%2464,,,,,,,,,,,,,Microsoft Software Key Storage Provider,,,,,,,,,,0x00000000,,,,,,DESKTOP-3RQPMJ6,0x000000000005613e,defaultuser0,S-1-5-21-2352865859-2334931103-2005901029-1000,,,,,,,,,,,,,,,,,,,,,,,,,,,
396,2026-04-01 16:17:57.690580+00:00,5061,Microsoft-Windows-Security-Auditing,,,,,,,,UNKNOWN,,,,,,,,,,,,,,,,,,,,,,,,,,,,,,,,,,,Microsoft Connected Devices Platform device certificate,%%2500,,,,,,,,,,,,,,,,,,,,,,,,,,,,,,,,,%%2480,,,,,,,,,,,,,Microsoft Software Key Storage Provider,,,,,,,,,,0x80090016,,,,,,NT AUTHORITY,0x00000000000003e5,LOCAL SERVICE,S-1-5-19,,,,,,,,,,,,,,,,,,,,,,,,,,,
397,2026-04-01 16:17:57.695782+00:00,5061,Microsoft-Windows-Security-Auditing,,,,,,,,UNKNOWN,,,,,,,,,,,,,,,,,,,,,,,,,,,,,,,,,,,Microsoft Connected Devices Platform device certificate,%%2500,,,,,,,,,,,,,,,,,,,,,,,,,,,,,,,,,%%2480,,,,,,,,,,,,,Microsoft Software Key Storage Provider,,,,,,,,,,0x80090016,,,,,,NT AUTHORITY,0x00000000000003e5,LOCAL SERVICE,S-1-5-19,,,,,,,,,,,,,,,,,,,,,,,,,,,
398,2026-04-01 16:17:57.696735+00:00,5061,Microsoft-Windows-Security-Auditing,,,,,,,,UNKNOWN,,,,,,,,,,,,,,,,,,,,,,,,,,,,,,,,,,,Microsoft Connected Devices Platform device certificate,%%2500,,,,,,,,,,,,,,,,,,,,,,,,,,,,,,,,,%%2480,,,,,,,,,,,,,Microsoft Software Key Storage Provider,,,,,,,,,,0x80090016,,,,,,NT AUTHORITY,0x00000000000003e5,LOCAL SERVICE,S-1-5-19,,,,,,,,,,,,,,,,,,,,,,,,,,,
399,2026-04-01 16:17:57.706062+00:00,5058,Microsoft-Windows-Security-Auditing,,,,,,,,ECDSA_P256,,,,,2026-04-01 16:17:57.374592+00:00,4384,,,,,,,,,,,,,,,,,,,,,,,,,,,C:\WINDOWS\ServiceProfiles\LocalService\AppData\Roaming\Microsoft\Crypto\Keys\de7cf8a7901d2ad13e5c67c29e5d1662_8a77c4b8-41bd-4429-86d0-b73425f5c602,,Microsoft Connected Devices Platform device certificate,%%2500,,,,,,,,,,,,,,,,,,,,,,,,,,,,,,,,,%%2459,,,,,,,,,,,,,Microsoft Software Key Storage Provider,,,,,,,,,,0x00000000,,,,,,NT AUTHORITY,0x00000000000003e5,LOCAL SERVICE,S-1-5-19,,,,,,,,,,,,,,,,,,,,,,,,,,,
400,2026-04-01 16:17:57.707687+00:00,5061,Microsoft-Windows-Security-Auditing,,,,,,,,ECDSA_P256,,,,,,,,,,,,,,,,,,,,,,,,,,,,,,,,,,,Microsoft Connected Devices Platform device certificate,%%2500,,,,,,,,,,,,,,,,,,,,,,,,,,,,,,,,,%%2481,,,,,,,,,,,,,Microsoft Software Key Storage Provider,,,,,,,,,,0x00000000,,,,,,NT AUTHORITY,0x00000000000003e5,LOCAL SERVICE,S-1-5-19,,,,,,,,,,,,,,,,,,,,,,,,,,,
401,2026-04-01 16:17:57.722775+00:00,5058,Microsoft-Windows-Security-Auditing,,,,,,,,UNKNOWN,,,,,2026-04-01 16:17:57.374592+00:00,4384,,,,,,,,,,,,,,,,,,,,,,,,,,,C:\WINDOWS\ServiceProfiles\LocalService\AppData\Roaming\Microsoft\Crypto\Keys\de7cf8a7901d2ad13e5c67c29e5d1662_8a77c4b8-41bd-4429-86d0-b73425f5c602,,Microsoft Connected Devices Platform device certificate,%%2500,,,,,,,,,,,,,,,,,,,,,,,,,,,,,,,,,%%2458,,,,,,,,,,,,,Microsoft Software Key Storage Provider,,,,,,,,,,0x00000000,,,,,,NT AUTHORITY,0x00000000000003e5,LOCAL SERVICE,S-1-5-19,,,,,,,,,,,,,,,,,,,,,,,,,,,
402,2026-04-01 16:17:57.722969+00:00,5061,Microsoft-Windows-Security-Auditing,,,,,,,,ECDSA_P256,,,,,,,,,,,,,,,,,,,,,,,,,,,,,,,,,,,Microsoft Connected Devices Platform device certificate,%%2500,,,,,,,,,,,,,,,,,,,,,,,,,,,,,,,,,%%2480,,,,,,,,,,,,,Microsoft Software Key Storage Provider,,,,,,,,,,0x00000000,,,,,,NT AUTHORITY,0x00000000000003e5,LOCAL SERVICE,S-1-5-19,,,,,,,,,,,,,,,,,,,,,,,,,,,
403,2026-04-01 16:17:57.723169+00:00,5059,Microsoft-Windows-Security-Auditing,,,,,,,,ECDSA_P256,,,,,2026-04-01 16:17:57.374592+00:00,4384,,,,,,,,,,,,,,,,,,,,,,,,,,,,,Microsoft Connected Devices Platform device certificate,%%2500,,,,,,,,,,,,,,,,,,,,,,,,,,,,,,,,,%%2464,,,,,,,,,,,,,Microsoft Software Key Storage Provider,,,,,,,,,,0x00000000,,,,,,NT AUTHORITY,0x00000000000003e5,LOCAL SERVICE,S-1-5-19,,,,,,,,,,,,,,,,,,,,,,,,,,,
404,2026-04-01 16:17:57.723606+00:00,5059,Microsoft-Windows-Security-Auditing,,,,,,,,ECDSA_P256,,,,,2026-04-01 16:17:57.374592+00:00,4384,,,,,,,,,,,,,,,,,,,,,,,,,,,,,Microsoft Connected Devices Platform device certificate,%%2500,,,,,,,,,,,,,,,,,,,,,,,,,,,,,,,,,%%2464,,,,,,,,,,,,,Microsoft Software Key Storage Provider,,,,,,,,,,0x00000000,,,,,,NT AUTHORITY,0x00000000000003e5,LOCAL SERVICE,S-1-5-19,,,,,,,,,,,,,,,,,,,,,,,,,,,
405,2026-04-01 16:17:57.726082+00:00,5059,Microsoft-Windows-Security-Auditing,,,,,,,,ECDSA_P256,,,,,2026-04-01 16:17:57.374592+00:00,4384,,,,,,,,,,,,,,,,,,,,,,,,,,,,,Microsoft Connected Devices Platform device certificate,%%2500,,,,,,,,,,,,,,,,,,,,,,,,,,,,,,,,,%%2464,,,,,,,,,,,,,Microsoft Software Key Storage Provider,,,,,,,,,,0x00000000,,,,,,NT AUTHORITY,0x00000000000003e5,LOCAL SERVICE,S-1-5-19,,,,,,,,,,,,,,,,,,,,,,,,,,,
406,2026-04-01 16:17:58.360941+00:00,5379,Microsoft-Windows-Security-Auditing,,,,,,,,,,,,,,1508,,,0,,,,,,,,,,,,,,,,,,,,,,,,,,,,,,,,,,,,,,,,,,,,,,,,,,,,,,,,,,,,,,,,,,,,,2026-04-01 19:18:17.263266+00:00,,,,,,,%%8100,,,,,,,3221226021,,,,,,DESKTOP-3RQPMJ6,0x000000000005613e,defaultuser0,S-1-5-21-2352865859-2334931103-2005901029-1000,,,,,,WindowsLive:(token):name=02vnijqmqqscdvka;serviceuri=*,,,,,,,,,,,,,0,,,,,,,,
407,2026-04-01 16:17:58.361200+00:00,5379,Microsoft-Windows-Security-Auditing,,,,,,,,,,,,,,1508,,,0,,,,,,,,,,,,,,,,,,,,,,,,,,,,,,,,,,,,,,,,,,,,,,,,,,,,,,,,,,,,,,,,,,,,,2026-04-01 19:18:17.263266+00:00,,,,,,,%%8100,,,,,,,3221226021,,,,,,DESKTOP-3RQPMJ6,0x000000000005613e,defaultuser0,S-1-5-21-2352865859-2334931103-2005901029-1000,,,,,,WindowsLive:(cert):name=02vnijqmqqscdvka;serviceuri=*,,,,,,,,,,,,,0,,,,,,,,
408,2026-04-01 16:17:58.395428+00:00,5379,Microsoft-Windows-Security-Auditing,,,,,,,,,,,,,,1508,,,0,,,,,,,,,,,,,,,,,,,,,,,,,,,,,,,,,,,,,,,,,,,,,,,,,,,,,,,,,,,,,,,,,,,,,2026-04-01 19:18:17.263266+00:00,,,,,,,%%8100,,,,,,,3221226021,,,,,,DESKTOP-3RQPMJ6,0x000000000005613e,defaultuser0,S-1-5-21-2352865859-2334931103-2005901029-1000,,,,,,WindowsLive:target=virtualapp/didlogical,,,,,,,,,,,,,0,,,,,,,,
409,2026-04-01 16:17:58.953020+00:00,4624,Microsoft-Windows-Security-Auditing,,,,,,,,,,Negotiate,,,,,,,,,,,,,,,%%1842,,,,,,,,,,,,%%1833,-,-,,,0,,,,-,,,,,{00000000-0000-0000-0000-000000000000},,Advapi  ,5,,,,,,,,,,,,,,,,,,,,,,,,,,,,,,,,,0x00000000000002e4,C:\Windows\System32\services.exe,,,,,,-,,,,,-,,,,,,,WORKGROUP,0x00000000000003e7,WIN-2RR949GCCSV$,S-1-5-18,NT AUTHORITY,,0x0000000000000000,,0x00000000000003e7,,-,-,,,,,SYSTEM,S-1-5-18,,,,-,,,,,,%%1843,,,-
410,2026-04-01 16:17:58.953041+00:00,4672,Microsoft-Windows-Security-Auditing,,,,,,,,,,,,,,,,,,,,,,,,,,,,,,,,,,,,,,,,,,,,,,,,,,,,,,,,,,,,,,,,,,,,,,,,,,,,,,,,,,,,,"SeAssignPrimaryTokenPrivilege
			SeTcbPrivilege
			SeSecurityPrivilege
			SeTakeOwnershipPrivilege
			SeLoadDriverPrivilege
			SeBackupPrivilege
			SeRestorePrivilege
			SeDebugPrivilege
			SeAuditPrivilege
			SeSystemEnvironmentPrivilege
			SeImpersonatePrivilege
			SeDelegateSessionUserImpersonatePrivilege",,,,,,,,,,,,,,,,,,,,,NT AUTHORITY,0x00000000000003e7,SYSTEM,S-1-5-18,,,,,,,,,,,,,,,,,,,,,,,,,,,
411,2026-04-01 16:18:01.731007+00:00,4624,Microsoft-Windows-Security-Auditing,,,,,,,,,,Negotiate,,,,,,,,,,,,,,,%%1842,,,,,,,,,,,,%%1833,-,-,,,0,,,,-,,,,,{00000000-0000-0000-0000-000000000000},,Advapi  ,5,,,,,,,,,,,,,,,,,,,,,,,,,,,,,,,,,0x00000000000002e4,C:\Windows\System32\services.exe,,,,,,-,,,,,-,,,,,,,WORKGROUP,0x00000000000003e7,WIN-2RR949GCCSV$,S-1-5-18,NT AUTHORITY,,0x0000000000000000,,0x00000000000003e7,,-,-,,,,,SYSTEM,S-1-5-18,,,,-,,,,,,%%1843,,,-
412,2026-04-01 16:18:01.731012+00:00,4672,Microsoft-Windows-Security-Auditing,,,,,,,,,,,,,,,,,,,,,,,,,,,,,,,,,,,,,,,,,,,,,,,,,,,,,,,,,,,,,,,,,,,,,,,,,,,,,,,,,,,,,"SeAssignPrimaryTokenPrivilege
			SeTcbPrivilege
			SeSecurityPrivilege
			SeTakeOwnershipPrivilege
			SeLoadDriverPrivilege
			SeBackupPrivilege
			SeRestorePrivilege
			SeDebugPrivilege
			SeAuditPrivilege
			SeSystemEnvironmentPrivilege
			SeImpersonatePrivilege
			SeDelegateSessionUserImpersonatePrivilege",,,,,,,,,,,,,,,,,,,,,NT AUTHORITY,0x00000000000003e7,SYSTEM,S-1-5-18,,,,,,,,,,,,,,,,,,,,,,,,,,,
413,2026-04-01 16:18:01.834095+00:00,4624,Microsoft-Windows-Security-Auditing,,,,,,,,,,Negotiate,,,,,,,,,,,,,,,%%1842,,,,,,,,,,,,%%1833,-,-,,,0,,,,-,,,,,{00000000-0000-0000-0000-000000000000},,Advapi  ,5,,,,,,,,,,,,,,,,,,,,,,,,,,,,,,,,,0x00000000000002e4,C:\Windows\System32\services.exe,,,,,,-,,,,,-,,,,,,,WORKGROUP,0x00000000000003e7,WIN-2RR949GCCSV$,S-1-5-18,NT AUTHORITY,,0x0000000000000000,,0x00000000000003e7,,-,-,,,,,SYSTEM,S-1-5-18,,,,-,,,,,,%%1843,,,-
414,2026-04-01 16:18:01.834101+00:00,4672,Microsoft-Windows-Security-Auditing,,,,,,,,,,,,,,,,,,,,,,,,,,,,,,,,,,,,,,,,,,,,,,,,,,,,,,,,,,,,,,,,,,,,,,,,,,,,,,,,,,,,,"SeAssignPrimaryTokenPrivilege
			SeTcbPrivilege
			SeSecurityPrivilege
			SeTakeOwnershipPrivilege
			SeLoadDriverPrivilege
			SeBackupPrivilege
			SeRestorePrivilege
			SeDebugPrivilege
			SeAuditPrivilege
			SeSystemEnvironmentPrivilege
			SeImpersonatePrivilege
			SeDelegateSessionUserImpersonatePrivilege",,,,,,,,,,,,,,,,,,,,,NT AUTHORITY,0x00000000000003e7,SYSTEM,S-1-5-18,,,,,,,,,,,,,,,,,,,,,,,,,,,
415,2026-04-01 16:18:02.745985+00:00,4624,Microsoft-Windows-Security-Auditing,,,,,,,,,,Negotiate,,,,,,,,,,,,,,,%%1842,,,,,,,,,,,,%%1833,-,-,,,0,,,,-,,,,,{00000000-0000-0000-0000-000000000000},,Advapi  ,5,,,,,,,,,,,,,,,,,,,,,,,,,,,,,,,,,0x00000000000002e4,C:\Windows\System32\services.exe,,,,,,-,,,,,-,,,,,,,WORKGROUP,0x00000000000003e7,WIN-2RR949GCCSV$,S-1-5-18,NT AUTHORITY,,0x0000000000000000,,0x00000000000003e7,,-,-,,,,,SYSTEM,S-1-5-18,,,,-,,,,,,%%1843,,,-
416,2026-04-01 16:18:02.745989+00:00,4672,Microsoft-Windows-Security-Auditing,,,,,,,,,,,,,,,,,,,,,,,,,,,,,,,,,,,,,,,,,,,,,,,,,,,,,,,,,,,,,,,,,,,,,,,,,,,,,,,,,,,,,"SeAssignPrimaryTokenPrivilege
			SeTcbPrivilege
			SeSecurityPrivilege
			SeTakeOwnershipPrivilege
			SeLoadDriverPrivilege
			SeBackupPrivilege
			SeRestorePrivilege
			SeDebugPrivilege
			SeAuditPrivilege
			SeSystemEnvironmentPrivilege
			SeImpersonatePrivilege
			SeDelegateSessionUserImpersonatePrivilege",,,,,,,,,,,,,,,,,,,,,NT AUTHORITY,0x00000000000003e7,SYSTEM,S-1-5-18,,,,,,,,,,,,,,,,,,,,,,,,,,,
417,2026-04-01 16:18:04.270588+00:00,5379,Microsoft-Windows-Security-Auditing,,,,,,,,,,,,,,1508,,,0,,,,,,,,,,,,,,,,,,,,,,,,,,,,,,,,,,,,,,,,,,,,,,,,,,,,,,,,,,,,,,,,,,,,,2026-04-01 19:18:17.263266+00:00,,,,,,,%%8100,,,,,,,3221226021,,,,,,WORKGROUP,0x00000000000003e7,WIN-2RR949GCCSV$,S-1-5-18,,,,,,WindowsLive:(token):name=02gbacshevaotnyn;serviceuri=*,,,,,,,,,,,,,0,,,,,,,,
418,2026-04-01 16:18:04.271021+00:00,5379,Microsoft-Windows-Security-Auditing,,,,,,,,,,,,,,1508,,,0,,,,,,,,,,,,,,,,,,,,,,,,,,,,,,,,,,,,,,,,,,,,,,,,,,,,,,,,,,,,,,,,,,,,,2026-04-01 19:18:17.263266+00:00,,,,,,,%%8100,,,,,,,3221226021,,,,,,WORKGROUP,0x00000000000003e7,WIN-2RR949GCCSV$,S-1-5-18,,,,,,WindowsLive:(cert):name=02gbacshevaotnyn;serviceuri=*,,,,,,,,,,,,,0,,,,,,,,
419,2026-04-01 16:18:04.271074+00:00,5379,Microsoft-Windows-Security-Auditing,,,,,,,,,,,,,,1508,,,0,,,,,,,,,,,,,,,,,,,,,,,,,,,,,,,,,,,,,,,,,,,,,,,,,,,,,,,,,,,,,,,,,,,,,2026-04-01 19:18:17.263266+00:00,,,,,,,%%8100,,,,,,,3221226021,,,,,,WORKGROUP,0x00000000000003e7,WIN-2RR949GCCSV$,S-1-5-18,,,,,,WindowsLive:target=virtualapp/didlogical,,,,,,,,,,,,,0,,,,,,,,
420,2026-04-01 16:18:04.390137+00:00,4624,Microsoft-Windows-Security-Auditing,,,,,,,,,,Negotiate,,,,,,,,,,,,,,,%%1842,,,,,,,,,,,,%%1833,-,-,,,0,,,,-,,,,,{00000000-0000-0000-0000-000000000000},,Advapi  ,5,,,,,,,,,,,,,,,,,,,,,,,,,,,,,,,,,0x00000000000002e4,C:\Windows\System32\services.exe,,,,,,-,,,,,-,,,,,,,WORKGROUP,0x00000000000003e7,WIN-2RR949GCCSV$,S-1-5-18,NT AUTHORITY,,0x0000000000000000,,0x00000000000003e7,,-,-,,,,,SYSTEM,S-1-5-18,,,,-,,,,,,%%1843,,,-
421,2026-04-01 16:18:04.390141+00:00,4672,Microsoft-Windows-Security-Auditing,,,,,,,,,,,,,,,,,,,,,,,,,,,,,,,,,,,,,,,,,,,,,,,,,,,,,,,,,,,,,,,,,,,,,,,,,,,,,,,,,,,,,"SeAssignPrimaryTokenPrivilege
			SeTcbPrivilege
			SeSecurityPrivilege
			SeTakeOwnershipPrivilege
			SeLoadDriverPrivilege
			SeBackupPrivilege
			SeRestorePrivilege
			SeDebugPrivilege
			SeAuditPrivilege
			SeSystemEnvironmentPrivilege
			SeImpersonatePrivilege
			SeDelegateSessionUserImpersonatePrivilege",,,,,,,,,,,,,,,,,,,,,NT AUTHORITY,0x00000000000003e7,SYSTEM,S-1-5-18,,,,,,,,,,,,,,,,,,,,,,,,,,,
422,2026-04-01 16:18:04.492638+00:00,4798,Microsoft-Windows-Security-Auditing,,,,,,,,,,,0x0000000000000ea4,C:\Windows\System32\DeviceCensus.exe,,,,,,,,,,,,,,,,,,,,,,,,,,,,,,,,,,,,,,,,,,,,,,,,,,,,,,,,,,,,,,,,,,,,,,,,,,,,,,,,,,,,,,,,,,,,,,WORKGROUP,0x00000000000003e7,WIN-2RR949GCCSV$,S-1-5-18,DESKTOP-3RQPMJ6,,,,,,,,,,,S-1-5-21-2352865859-2334931103-2005901029-1000,defaultuser0,,,,,,,,,,,,,,
423,2026-04-01 16:18:05.060810+00:00,5382,Microsoft-Windows-Security-Auditing,,,,,,,,,,,,,,1612,,,,,,,,,,,,,0,,,,,,,,,01050000000000051500000043E23D8C9F382C8BE59E8F77E8030000,,,,,,,,,,,,,,,,,,,,,,,,,,,,,,,,,,,,,,,,,,,,,,,,,,2026-04-01 16:17:51.444338+00:00,,,,,,,,,,NGC Local Accoount Logon Vault Resource,,,,1168,,{1d4350a3-330d-4af9-b3ff-a927a45998ac},NGC Local Accoount Logon Vault Resource Schema,,,WORKGROUP,0x00000000000003e7,WIN-2RR949GCCSV$,S-1-5-18,,,,,,,,,,,,,,,,,,,,,,,,,,,
424,2026-04-01 16:18:05.355858+00:00,4624,Microsoft-Windows-Security-Auditing,,,,,,,,,,Negotiate,,,,,,,,,,,,,,,%%1842,,,,,,,,,,,,%%1833,-,-,,,0,,,,-,,,,,{00000000-0000-0000-0000-000000000000},,Advapi  ,5,,,,,,,,,,,,,,,,,,,,,,,,,,,,,,,,,0x00000000000002e4,C:\Windows\System32\services.exe,,,,,,-,,,,,-,,,,,,,WORKGROUP,0x00000000000003e7,WIN-2RR949GCCSV$,S-1-5-18,NT AUTHORITY,,0x0000000000000000,,0x00000000000003e7,,-,-,,,,,SYSTEM,S-1-5-18,,,,-,,,,,,%%1843,,,-
425,2026-04-01 16:18:05.355864+00:00,4672,Microsoft-Windows-Security-Auditing,,,,,,,,,,,,,,,,,,,,,,,,,,,,,,,,,,,,,,,,,,,,,,,,,,,,,,,,,,,,,,,,,,,,,,,,,,,,,,,,,,,,,"SeAssignPrimaryTokenPrivilege
			SeTcbPrivilege
			SeSecurityPrivilege
			SeTakeOwnershipPrivilege
			SeLoadDriverPrivilege
			SeBackupPrivilege
			SeRestorePrivilege
			SeDebugPrivilege
			SeAuditPrivilege
			SeSystemEnvironmentPrivilege
			SeImpersonatePrivilege
			SeDelegateSessionUserImpersonatePrivilege",,,,,,,,,,,,,,,,,,,,,NT AUTHORITY,0x00000000000003e7,SYSTEM,S-1-5-18,,,,,,,,,,,,,,,,,,,,,,,,,,,
426,2026-04-01 16:18:05.992851+00:00,5379,Microsoft-Windows-Security-Auditing,,,,,,,,,,,,,,1508,,,0,,,,,,,,,,,,,,,,,,,,,,,,,,,,,,,,,,,,,,,,,,,,,,,,,,,,,,,,,,,,,,,,,,,,,2026-04-01 19:18:17.263266+00:00,,,,,,,%%8100,,,,,,,3221226021,,,,,,WORKGROUP,0x00000000000003e7,WIN-2RR949GCCSV$,S-1-5-18,,,,,,WindowsLive:target=virtualapp/didlogical,,,,,,,,,,,,,0,,,,,,,,
427,2026-04-01 16:18:06.145210+00:00,5379,Microsoft-Windows-Security-Auditing,,,,,,,,,,,,,,1508,,,0,,,,,,,,,,,,,,,,,,,,,,,,,,,,,,,,,,,,,,,,,,,,,,,,,,,,,,,,,,,,,,,,,,,,,2026-04-01 19:18:17.263266+00:00,,,,,,,%%8100,,,,,,,3221226021,,,,,,NT AUTHORITY,0x00000000000003e5,LOCAL SERVICE,S-1-5-19,,,,,,WindowsLive:(token):name=02dkhqimvlzeuqjc;serviceuri=*,,,,,,,,,,,,,0,,,,,,,,
428,2026-04-01 16:18:06.145594+00:00,5379,Microsoft-Windows-Security-Auditing,,,,,,,,,,,,,,1508,,,0,,,,,,,,,,,,,,,,,,,,,,,,,,,,,,,,,,,,,,,,,,,,,,,,,,,,,,,,,,,,,,,,,,,,,2026-04-01 19:18:17.263266+00:00,,,,,,,%%8100,,,,,,,3221226021,,,,,,NT AUTHORITY,0x00000000000003e5,LOCAL SERVICE,S-1-5-19,,,,,,WindowsLive:(cert):name=02dkhqimvlzeuqjc;serviceuri=*,,,,,,,,,,,,,0,,,,,,,,
429,2026-04-01 16:18:06.145636+00:00,5379,Microsoft-Windows-Security-Auditing,,,,,,,,,,,,,,1508,,,0,,,,,,,,,,,,,,,,,,,,,,,,,,,,,,,,,,,,,,,,,,,,,,,,,,,,,,,,,,,,,,,,,,,,,2026-04-01 19:18:17.263266+00:00,,,,,,,%%8100,,,,,,,3221226021,,,,,,NT AUTHORITY,0x00000000000003e5,LOCAL SERVICE,S-1-5-19,,,,,,WindowsLive:target=virtualapp/didlogical,,,,,,,,,,,,,0,,,,,,,,
430,2026-04-01 16:18:06.636183+00:00,5379,Microsoft-Windows-Security-Auditing,,,,,,,,,,,,,,1508,,,0,,,,,,,,,,,,,,,,,,,,,,,,,,,,,,,,,,,,,,,,,,,,,,,,,,,,,,,,,,,,,,,,,,,,,2026-04-01 19:18:17.263266+00:00,,,,,,,%%8100,,,,,,,3221226021,,,,,,WORKGROUP,0x00000000000003e7,WIN-2RR949GCCSV$,S-1-5-18,,,,,,MicrosoftAccount:user=02gbacshevaotnyn,,,,,,,,,,,,,0,,,,,,,,
431,2026-04-01 16:18:06.660156+00:00,5379,Microsoft-Windows-Security-Auditing,,,,,,,,,,,,,,1508,,,1,,,,,,,,,,,,,,,,,,,,,,,,,,,,,,,,,,,,,,,,,,,,,,,,,,,,,,,,,,,,,,,,,,,,,2026-04-01 19:18:17.263266+00:00,,,,,,,%%8099,,,,,,,3221226021,,,,,,WORKGROUP,0x00000000000003e7,WIN-2RR949GCCSV$,S-1-5-18,,,,,,MicrosoftAccount:user=02gbacshevaotnyn,,,,,,,,,,,,,1,,,,,,,,
432,2026-04-01 16:18:06.660347+00:00,5379,Microsoft-Windows-Security-Auditing,,,,,,,,,,,,,,1508,,,0,,,,,,,,,,,,,,,,,,,,,,,,,,,,,,,,,,,,,,,,,,,,,,,,,,,,,,,,,,,,,,,,,,,,,2026-04-01 19:18:17.263266+00:00,,,,,,,%%8100,,,,,,,3221226021,,,,,,WORKGROUP,0x00000000000003e7,WIN-2RR949GCCSV$,S-1-5-18,,,,,,MicrosoftAccount:user=02gbacshevaotnyn,,,,,,,,,,,,,0,,,,,,,,
433,2026-04-01 16:18:06.660599+00:00,5379,Microsoft-Windows-Security-Auditing,,,,,,,,,,,,,,1508,,,0,,,,,,,,,,,,,,,,,,,,,,,,,,,,,,,,,,,,,,,,,,,,,,,,,,,,,,,,,,,,,,,,,,,,,2026-04-01 19:18:17.263266+00:00,,,,,,,%%8100,,,,,,,3221226021,,,,,,WORKGROUP,0x00000000000003e7,WIN-2RR949GCCSV$,S-1-5-18,,,,,,WindowsLive:target=virtualapp/didlogical,,,,,,,,,,,,,0,,,,,,,,
434,2026-04-01 16:18:06.664083+00:00,5379,Microsoft-Windows-Security-Auditing,,,,,,,,,,,,,,1508,,,0,,,,,,,,,,,,,,,,,,,,,,,,,,,,,,,,,,,,,,,,,,,,,,,,,,,,,,,,,,,,,,,,,,,,,2026-04-01 19:18:17.263266+00:00,,,,,,,%%8100,,,,,,,3221226021,,,,,,WORKGROUP,0x00000000000003e7,WIN-2RR949GCCSV$,S-1-5-18,,,,,,MicrosoftAccount:user=02gbacshevaotnyn,,,,,,,,,,,,,0,,,,,,,,
435,2026-04-01 16:18:06.664139+00:00,5379,Microsoft-Windows-Security-Auditing,,,,,,,,,,,,,,1508,,,0,,,,,,,,,,,,,,,,,,,,,,,,,,,,,,,,,,,,,,,,,,,,,,,,,,,,,,,,,,,,,,,,,,,,,2026-04-01 19:18:17.263266+00:00,,,,,,,%%8100,,,,,,,3221226021,,,,,,WORKGROUP,0x00000000000003e7,WIN-2RR949GCCSV$,S-1-5-18,,,,,,WindowsLive:(token):name=02gbacshevaotnyn;serviceuri=*,,,,,,,,,,,,,0,,,,,,,,
436,2026-04-01 16:18:06.664289+00:00,5379,Microsoft-Windows-Security-Auditing,,,,,,,,,,,,,,1508,,,0,,,,,,,,,,,,,,,,,,,,,,,,,,,,,,,,,,,,,,,,,,,,,,,,,,,,,,,,,,,,,,,,,,,,,2026-04-01 19:18:17.263266+00:00,,,,,,,%%8100,,,,,,,3221226021,,,,,,WORKGROUP,0x00000000000003e7,WIN-2RR949GCCSV$,S-1-5-18,,,,,,WindowsLive:(cert):name=02gbacshevaotnyn;serviceuri=*,,,,,,,,,,,,,0,,,,,,,,
437,2026-04-01 16:18:06.965572+00:00,5379,Microsoft-Windows-Security-Auditing,,,,,,,,,,,,,,1508,,,0,,,,,,,,,,,,,,,,,,,,,,,,,,,,,,,,,,,,,,,,,,,,,,,,,,,,,,,,,,,,,,,,,,,,,2026-04-01 19:18:17.263266+00:00,,,,,,,%%8100,,,,,,,3221226021,,,,,,DESKTOP-3RQPMJ6,0x000000000005613e,defaultuser0,S-1-5-21-2352865859-2334931103-2005901029-1000,,,,,,MicrosoftAccount:user=02vnijqmqqscdvka,,,,,,,,,,,,,0,,,,,,,,
438,2026-04-01 16:18:06.965746+00:00,5379,Microsoft-Windows-Security-Auditing,,,,,,,,,,,,,,1508,,,1,,,,,,,,,,,,,,,,,,,,,,,,,,,,,,,,,,,,,,,,,,,,,,,,,,,,,,,,,,,,,,,,,,,,,2026-04-01 19:18:17.263266+00:00,,,,,,,%%8099,,,,,,,3221226021,,,,,,DESKTOP-3RQPMJ6,0x000000000005613e,defaultuser0,S-1-5-21-2352865859-2334931103-2005901029-1000,,,,,,MicrosoftAccount:user=02vnijqmqqscdvka,,,,,,,,,,,,,1,,,,,,,,
439,2026-04-01 16:18:06.967043+00:00,5379,Microsoft-Windows-Security-Auditing,,,,,,,,,,,,,,1508,,,0,,,,,,,,,,,,,,,,,,,,,,,,,,,,,,,,,,,,,,,,,,,,,,,,,,,,,,,,,,,,,,,,,,,,,2026-04-01 19:18:17.263266+00:00,,,,,,,%%8100,,,,,,,3221226021,,,,,,DESKTOP-3RQPMJ6,0x000000000005613e,defaultuser0,S-1-5-21-2352865859-2334931103-2005901029-1000,,,,,,MicrosoftAccount:user=02vnijqmqqscdvka,,,,,,,,,,,,,0,,,,,,,,
440,2026-04-01 16:18:06.967224+00:00,5379,Microsoft-Windows-Security-Auditing,,,,,,,,,,,,,,1508,,,0,,,,,,,,,,,,,,,,,,,,,,,,,,,,,,,,,,,,,,,,,,,,,,,,,,,,,,,,,,,,,,,,,,,,,2026-04-01 19:18:17.263266+00:00,,,,,,,%%8100,,,,,,,3221226021,,,,,,DESKTOP-3RQPMJ6,0x000000000005613e,defaultuser0,S-1-5-21-2352865859-2334931103-2005901029-1000,,,,,,WindowsLive:target=virtualapp/didlogical,,,,,,,,,,,,,0,,,,,,,,
441,2026-04-01 16:18:06.999599+00:00,5379,Microsoft-Windows-Security-Auditing,,,,,,,,,,,,,,1508,,,0,,,,,,,,,,,,,,,,,,,,,,,,,,,,,,,,,,,,,,,,,,,,,,,,,,,,,,,,,,,,,,,,,,,,,2026-04-01 19:18:17.263266+00:00,,,,,,,%%8100,,,,,,,3221226021,,,,,,WORKGROUP,0x00000000000003e7,WIN-2RR949GCCSV$,S-1-5-18,,,,,,MicrosoftAccount:user=02gbacshevaotnyn,,,,,,,,,,,,,0,,,,,,,,
442,2026-04-01 16:18:07.043612+00:00,5379,Microsoft-Windows-Security-Auditing,,,,,,,,,,,,,,1508,,,1,,,,,,,,,,,,,,,,,,,,,,,,,,,,,,,,,,,,,,,,,,,,,,,,,,,,,,,,,,,,,,,,,,,,,2026-04-01 19:18:17.263266+00:00,,,,,,,%%8099,,,,,,,3221226021,,,,,,WORKGROUP,0x00000000000003e7,WIN-2RR949GCCSV$,S-1-5-18,,,,,,MicrosoftAccount:user=02gbacshevaotnyn,,,,,,,,,,,,,1,,,,,,,,
443,2026-04-01 16:18:07.082260+00:00,5379,Microsoft-Windows-Security-Auditing,,,,,,,,,,,,,,1508,,,0,,,,,,,,,,,,,,,,,,,,,,,,,,,,,,,,,,,,,,,,,,,,,,,,,,,,,,,,,,,,,,,,,,,,,2026-04-01 19:18:17.263266+00:00,,,,,,,%%8100,,,,,,,3221226021,,,,,,WORKGROUP,0x00000000000003e7,WIN-2RR949GCCSV$,S-1-5-18,,,,,,MicrosoftAccount:user=02gbacshevaotnyn,,,,,,,,,,,,,0,,,,,,,,
444,2026-04-01 16:18:07.082712+00:00,5379,Microsoft-Windows-Security-Auditing,,,,,,,,,,,,,,1508,,,1,,,,,,,,,,,,,,,,,,,,,,,,,,,,,,,,,,,,,,,,,,,,,,,,,,,,,,,,,,,,,,,,,,,,,2026-04-01 19:18:17.263266+00:00,,,,,,,%%8100,,,,,,,0,,,,,,WORKGROUP,0x00000000000003e7,WIN-2RR949GCCSV$,S-1-5-18,,,,,,WindowsLive:target=virtualapp/didlogical,,,,,,,,,,,,,0,,,,,,,,
445,2026-04-01 16:18:07.086817+00:00,5379,Microsoft-Windows-Security-Auditing,,,,,,,,,,,,,,1508,,,0,,,,,,,,,,,,,,,,,,,,,,,,,,,,,,,,,,,,,,,,,,,,,,,,,,,,,,,,,,,,,,,,,,,,,2026-04-01 19:18:17.263266+00:00,,,,,,,%%8100,,,,,,,3221226021,,,,,,NT AUTHORITY,0x00000000000003e5,LOCAL SERVICE,S-1-5-19,,,,,,WindowsLive:target=virtualapp/didlogical,,,,,,,,,,,,,0,,,,,,,,
446,2026-04-01 16:18:07.094133+00:00,5379,Microsoft-Windows-Security-Auditing,,,,,,,,,,,,,,1508,,,0,,,,,,,,,,,,,,,,,,,,,,,,,,,,,,,,,,,,,,,,,,,,,,,,,,,,,,,,,,,,,,,,,,,,,2026-04-01 19:18:17.263266+00:00,,,,,,,%%8100,,,,,,,3221226021,,,,,,NT AUTHORITY,0x00000000000003e5,LOCAL SERVICE,S-1-5-19,,,,,,WindowsLive:(token):name=02cujtmaqqfviozq;serviceuri=*,,,,,,,,,,,,,0,,,,,,,,
447,2026-04-01 16:18:07.096670+00:00,5379,Microsoft-Windows-Security-Auditing,,,,,,,,,,,,,,1508,,,0,,,,,,,,,,,,,,,,,,,,,,,,,,,,,,,,,,,,,,,,,,,,,,,,,,,,,,,,,,,,,,,,,,,,,2026-04-01 19:18:17.263266+00:00,,,,,,,%%8100,,,,,,,3221226021,,,,,,NT AUTHORITY,0x00000000000003e5,LOCAL SERVICE,S-1-5-19,,,,,,WindowsLive:(cert):name=02cujtmaqqfviozq;serviceuri=*,,,,,,,,,,,,,0,,,,,,,,
448,2026-04-01 16:18:07.096731+00:00,5379,Microsoft-Windows-Security-Auditing,,,,,,,,,,,,,,1508,,,0,,,,,,,,,,,,,,,,,,,,,,,,,,,,,,,,,,,,,,,,,,,,,,,,,,,,,,,,,,,,,,,,,,,,,2026-04-01 19:18:17.263266+00:00,,,,,,,%%8100,,,,,,,3221226021,,,,,,NT AUTHORITY,0x00000000000003e5,LOCAL SERVICE,S-1-5-19,,,,,,WindowsLive:target=virtualapp/didlogical,,,,,,,,,,,,,0,,,,,,,,
449,2026-04-01 16:18:07.288576+00:00,5379,Microsoft-Windows-Security-Auditing,,,,,,,,,,,,,,1508,,,0,,,,,,,,,,,,,,,,,,,,,,,,,,,,,,,,,,,,,,,,,,,,,,,,,,,,,,,,,,,,,,,,,,,,,2026-04-01 19:18:17.263266+00:00,,,,,,,%%8100,,,,,,,3221226021,,,,,,DESKTOP-3RQPMJ6,0x000000000005613e,defaultuser0,S-1-5-21-2352865859-2334931103-2005901029-1000,,,,,,MicrosoftAccount:user=02vnijqmqqscdvka,,,,,,,,,,,,,0,,,,,,,,
450,2026-04-01 16:18:07.356365+00:00,5379,Microsoft-Windows-Security-Auditing,,,,,,,,,,,,,,1508,,,0,,,,,,,,,,,,,,,,,,,,,,,,,,,,,,,,,,,,,,,,,,,,,,,,,,,,,,,,,,,,,,,,,,,,,2026-04-01 19:18:17.263266+00:00,,,,,,,%%8100,,,,,,,3221226021,,,,,,WORKGROUP,0x00000000000003e7,WIN-2RR949GCCSV$,S-1-5-18,,,,,,MicrosoftAccount:user=02gbacshevaotnyn,,,,,,,,,,,,,0,,,,,,,,
451,2026-04-01 16:18:07.356707+00:00,5379,Microsoft-Windows-Security-Auditing,,,,,,,,,,,,,,1508,,,0,,,,,,,,,,,,,,,,,,,,,,,,,,,,,,,,,,,,,,,,,,,,,,,,,,,,,,,,,,,,,,,,,,,,,2026-04-01 19:18:17.263266+00:00,,,,,,,%%8100,,,,,,,3221226021,,,,,,WORKGROUP,0x00000000000003e7,WIN-2RR949GCCSV$,S-1-5-18,,,,,,MicrosoftAccount:user=02gbacshevaotnyn,,,,,,,,,,,,,0,,,,,,,,
452,2026-04-01 16:18:07.364315+00:00,5379,Microsoft-Windows-Security-Auditing,,,,,,,,,,,,,,1508,,,0,,,,,,,,,,,,,,,,,,,,,,,,,,,,,,,,,,,,,,,,,,,,,,,,,,,,,,,,,,,,,,,,,,,,,2026-04-01 19:18:17.263266+00:00,,,,,,,%%8100,,,,,,,3221226021,,,,,,WORKGROUP,0x00000000000003e7,WIN-2RR949GCCSV$,S-1-5-18,,,,,,MicrosoftAccount:user=02gbacshevaotnyn,,,,,,,,,,,,,0,,,,,,,,
453,2026-04-01 16:18:07.364367+00:00,5379,Microsoft-Windows-Security-Auditing,,,,,,,,,,,,,,1508,,,0,,,,,,,,,,,,,,,,,,,,,,,,,,,,,,,,,,,,,,,,,,,,,,,,,,,,,,,,,,,,,,,,,,,,,2026-04-01 19:18:17.263266+00:00,,,,,,,%%8100,,,,,,,3221226021,,,,,,WORKGROUP,0x00000000000003e7,WIN-2RR949GCCSV$,S-1-5-18,,,,,,MicrosoftAccount:user=02gbacshevaotnyn,,,,,,,,,,,,,0,,,,,,,,
454,2026-04-01 16:18:08.105684+00:00,5379,Microsoft-Windows-Security-Auditing,,,,,,,,,,,,,,1508,,,0,,,,,,,,,,,,,,,,,,,,,,,,,,,,,,,,,,,,,,,,,,,,,,,,,,,,,,,,,,,,,,,,,,,,,2026-04-01 19:18:17.263266+00:00,,,,,,,%%8100,,,,,,,3221226021,,,,,,NT AUTHORITY,0x00000000000003e5,LOCAL SERVICE,S-1-5-19,,,,,,MicrosoftAccount:user=02cujtmaqqfviozq,,,,,,,,,,,,,0,,,,,,,,
455,2026-04-01 16:18:08.178734+00:00,5379,Microsoft-Windows-Security-Auditing,,,,,,,,,,,,,,1508,,,1,,,,,,,,,,,,,,,,,,,,,,,,,,,,,,,,,,,,,,,,,,,,,,,,,,,,,,,,,,,,,,,,,,,,,2026-04-01 19:18:17.263266+00:00,,,,,,,%%8099,,,,,,,3221226021,,,,,,NT AUTHORITY,0x00000000000003e5,LOCAL SERVICE,S-1-5-19,,,,,,MicrosoftAccount:user=02cujtmaqqfviozq,,,,,,,,,,,,,1,,,,,,,,
456,2026-04-01 16:18:08.227270+00:00,5379,Microsoft-Windows-Security-Auditing,,,,,,,,,,,,,,1508,,,0,,,,,,,,,,,,,,,,,,,,,,,,,,,,,,,,,,,,,,,,,,,,,,,,,,,,,,,,,,,,,,,,,,,,,2026-04-01 19:18:17.263266+00:00,,,,,,,%%8100,,,,,,,3221226021,,,,,,NT AUTHORITY,0x00000000000003e5,LOCAL SERVICE,S-1-5-19,,,,,,MicrosoftAccount:user=02cujtmaqqfviozq,,,,,,,,,,,,,0,,,,,,,,
457,2026-04-01 16:18:08.227556+00:00,5379,Microsoft-Windows-Security-Auditing,,,,,,,,,,,,,,1508,,,0,,,,,,,,,,,,,,,,,,,,,,,,,,,,,,,,,,,,,,,,,,,,,,,,,,,,,,,,,,,,,,,,,,,,,2026-04-01 19:18:17.263266+00:00,,,,,,,%%8100,,,,,,,3221226021,,,,,,NT AUTHORITY,0x00000000000003e5,LOCAL SERVICE,S-1-5-19,,,,,,WindowsLive:target=virtualapp/didlogical,,,,,,,,,,,,,0,,,,,,,,
458,2026-04-01 16:18:08.230524+00:00,5379,Microsoft-Windows-Security-Auditing,,,,,,,,,,,,,,1508,,,0,,,,,,,,,,,,,,,,,,,,,,,,,,,,,,,,,,,,,,,,,,,,,,,,,,,,,,,,,,,,,,,,,,,,,2026-04-01 19:18:17.263266+00:00,,,,,,,%%8100,,,,,,,3221226021,,,,,,NT AUTHORITY,0x00000000000003e5,LOCAL SERVICE,S-1-5-19,,,,,,MicrosoftAccount:user=02cujtmaqqfviozq,,,,,,,,,,,,,0,,,,,,,,
459,2026-04-01 16:18:08.230579+00:00,5379,Microsoft-Windows-Security-Auditing,,,,,,,,,,,,,,1508,,,0,,,,,,,,,,,,,,,,,,,,,,,,,,,,,,,,,,,,,,,,,,,,,,,,,,,,,,,,,,,,,,,,,,,,,2026-04-01 19:18:17.263266+00:00,,,,,,,%%8100,,,,,,,3221226021,,,,,,NT AUTHORITY,0x00000000000003e5,LOCAL SERVICE,S-1-5-19,,,,,,WindowsLive:(token):name=02cujtmaqqfviozq;serviceuri=*,,,,,,,,,,,,,0,,,,,,,,
460,2026-04-01 16:18:08.230745+00:00,5379,Microsoft-Windows-Security-Auditing,,,,,,,,,,,,,,1508,,,0,,,,,,,,,,,,,,,,,,,,,,,,,,,,,,,,,,,,,,,,,,,,,,,,,,,,,,,,,,,,,,,,,,,,,2026-04-01 19:18:17.263266+00:00,,,,,,,%%8100,,,,,,,3221226021,,,,,,NT AUTHORITY,0x00000000000003e5,LOCAL SERVICE,S-1-5-19,,,,,,WindowsLive:(cert):name=02cujtmaqqfviozq;serviceuri=*,,,,,,,,,,,,,0,,,,,,,,
461,2026-04-01 16:18:09.352661+00:00,5379,Microsoft-Windows-Security-Auditing,,,,,,,,,,,,,,1508,,,0,,,,,,,,,,,,,,,,,,,,,,,,,,,,,,,,,,,,,,,,,,,,,,,,,,,,,,,,,,,,,,,,,,,,,2026-04-01 19:18:17.263266+00:00,,,,,,,%%8100,,,,,,,3221226021,,,,,,NT AUTHORITY,0x00000000000003e5,LOCAL SERVICE,S-1-5-19,,,,,,MicrosoftAccount:user=02cujtmaqqfviozq,,,,,,,,,,,,,0,,,,,,,,
462,2026-04-01 16:18:09.377171+00:00,5379,Microsoft-Windows-Security-Auditing,,,,,,,,,,,,,,1508,,,0,,,,,,,,,,,,,,,,,,,,,,,,,,,,,,,,,,,,,,,,,,,,,,,,,,,,,,,,,,,,,,,,,,,,,2026-04-01 19:18:17.263266+00:00,,,,,,,%%8100,,,,,,,3221226021,,,,,,NT AUTHORITY,0x00000000000003e5,LOCAL SERVICE,S-1-5-19,,,,,,MicrosoftAccount:user=02cujtmaqqfviozq,,,,,,,,,,,,,0,,,,,,,,
463,2026-04-01 16:18:09.546577+00:00,5379,Microsoft-Windows-Security-Auditing,,,,,,,,,,,,,,1508,,,0,,,,,,,,,,,,,,,,,,,,,,,,,,,,,,,,,,,,,,,,,,,,,,,,,,,,,,,,,,,,,,,,,,,,,2026-04-01 19:18:17.263266+00:00,,,,,,,%%8100,,,,,,,3221226021,,,,,,NT AUTHORITY,0x00000000000003e5,LOCAL SERVICE,S-1-5-19,,,,,,MicrosoftAccount:user=02cujtmaqqfviozq,,,,,,,,,,,,,0,,,,,,,,
464,2026-04-01 16:18:09.546629+00:00,5379,Microsoft-Windows-Security-Auditing,,,,,,,,,,,,,,1508,,,0,,,,,,,,,,,,,,,,,,,,,,,,,,,,,,,,,,,,,,,,,,,,,,,,,,,,,,,,,,,,,,,,,,,,,2026-04-01 19:18:17.263266+00:00,,,,,,,%%8100,,,,,,,3221226021,,,,,,NT AUTHORITY,0x00000000000003e5,LOCAL SERVICE,S-1-5-19,,,,,,MicrosoftAccount:user=02cujtmaqqfviozq,,,,,,,,,,,,,0,,,,,,,,
465,2026-04-01 16:18:14.348148+00:00,4624,Microsoft-Windows-Security-Auditing,,,,,,,,,,Negotiate,,,,,,,,,,,,,,,%%1842,,,,,,,,,,,,%%1833,-,-,,,0,,,,-,,,,,{00000000-0000-0000-0000-000000000000},,Advapi  ,5,,,,,,,,,,,,,,,,,,,,,,,,,,,,,,,,,0x00000000000002e4,C:\Windows\System32\services.exe,,,,,,-,,,,,-,,,,,,,WORKGROUP,0x00000000000003e7,WIN-2RR949GCCSV$,S-1-5-18,NT AUTHORITY,,0x0000000000000000,,0x00000000000003e7,,-,-,,,,,SYSTEM,S-1-5-18,,,,-,,,,,,%%1843,,,-
466,2026-04-01 16:18:14.348154+00:00,4672,Microsoft-Windows-Security-Auditing,,,,,,,,,,,,,,,,,,,,,,,,,,,,,,,,,,,,,,,,,,,,,,,,,,,,,,,,,,,,,,,,,,,,,,,,,,,,,,,,,,,,,"SeAssignPrimaryTokenPrivilege
			SeTcbPrivilege
			SeSecurityPrivilege
			SeTakeOwnershipPrivilege
			SeLoadDriverPrivilege
			SeBackupPrivilege
			SeRestorePrivilege
			SeDebugPrivilege
			SeAuditPrivilege
			SeSystemEnvironmentPrivilege
			SeImpersonatePrivilege
			SeDelegateSessionUserImpersonatePrivilege",,,,,,,,,,,,,,,,,,,,,NT AUTHORITY,0x00000000000003e7,SYSTEM,S-1-5-18,,,,,,,,,,,,,,,,,,,,,,,,,,,
467,2026-04-01 16:18:16.386715+00:00,4624,Microsoft-Windows-Security-Auditing,,,,,,,,,,Negotiate,,,,,,,,,,,,,,,%%1842,,,,,,,,,,,,%%1833,-,-,,,0,,,,-,,,,,{00000000-0000-0000-0000-000000000000},,Advapi  ,5,,,,,,,,,,,,,,,,,,,,,,,,,,,,,,,,,0x00000000000002e4,C:\Windows\System32\services.exe,,,,,,-,,,,,-,,,,,,,WORKGROUP,0x00000000000003e7,WIN-2RR949GCCSV$,S-1-5-18,NT AUTHORITY,,0x0000000000000000,,0x00000000000003e7,,-,-,,,,,SYSTEM,S-1-5-18,,,,-,,,,,,%%1843,,,-
468,2026-04-01 16:18:16.386719+00:00,4672,Microsoft-Windows-Security-Auditing,,,,,,,,,,,,,,,,,,,,,,,,,,,,,,,,,,,,,,,,,,,,,,,,,,,,,,,,,,,,,,,,,,,,,,,,,,,,,,,,,,,,,"SeAssignPrimaryTokenPrivilege
			SeTcbPrivilege
			SeSecurityPrivilege
			SeTakeOwnershipPrivilege
			SeLoadDriverPrivilege
			SeBackupPrivilege
			SeRestorePrivilege
			SeDebugPrivilege
			SeAuditPrivilege
			SeSystemEnvironmentPrivilege
			SeImpersonatePrivilege
			SeDelegateSessionUserImpersonatePrivilege",,,,,,,,,,,,,,,,,,,,,NT AUTHORITY,0x00000000000003e7,SYSTEM,S-1-5-18,,,,,,,,,,,,,,,,,,,,,,,,,,,
