933,2026-04-01 16:48:00.659065+00:00,5379,Microsoft-Windows-Security-Auditing,,,,,,,,,,,,,,2452,,,1,,,,,,,,,,,,,,,,,,,,,,,,,,,,,,,,,,,,,,,,,,,,,,,,,,,,,,,,,,,,,,,,,,,,,2026-04-01 16:43:51.213001+00:00,,,,,,,%%8100,,,,,,,0,,,,,,NORMALVM,0x000000000012f329,pizza,S-1-5-21-2352865859-2334931103-2005901029-1001,,,,,,MicrosoftAccount:user=pizzahuthacker@gmail.com,,,,,,,,,,,,,0,,,,,,,,
934,2026-04-01 16:48:00.685913+00:00,5379,Microsoft-Windows-Security-Auditing,,,,,,,,,,,,,,2452,,,1,,,,,,,,,,,,,,,,,,,,,,,,,,,,,,,,,,,,,,,,,,,,,,,,,,,,,,,,,,,,,,,,,,,,,2026-04-01 16:43:51.213001+00:00,,,,,,,%%8100,,,,,,,0,,,,,,NORMALVM,0x000000000012f329,pizza,S-1-5-21-2352865859-2334931103-2005901029-1001,,,,,,MicrosoftAccount:user=pizzahuthacker@gmail.com,,,,,,,,,,,,,0,,,,,,,,
935,2026-04-01 16:48:00.686146+00:00,5379,Microsoft-Windows-Security-Auditing,,,,,,,,,,,,,,2452,,,1,,,,,,,,,,,,,,,,,,,,,,,,,,,,,,,,,,,,,,,,,,,,,,,,,,,,,,,,,,,,,,,,,,,,,2026-04-01 16:43:51.213001+00:00,,,,,,,%%8100,,,,,,,0,,,,,,NORMALVM,0x000000000012f329,pizza,S-1-5-21-2352865859-2334931103-2005901029-1001,,,,,,MicrosoftAccount:user=pizzahuthacker@gmail.com,,,,,,,,,,,,,0,,,,,,,,
936,2026-04-01 16:48:00.686295+00:00,5379,Microsoft-Windows-Security-Auditing,,,,,,,,,,,,,,2452,,,1,,,,,,,,,,,,,,,,,,,,,,,,,,,,,,,,,,,,,,,,,,,,,,,,,,,,,,,,,,,,,,,,,,,,,2026-04-01 16:43:51.213001+00:00,,,,,,,%%8100,,,,,,,0,,,,,,NORMALVM,0x000000000012f329,pizza,S-1-5-21-2352865859-2334931103-2005901029-1001,,,,,,MicrosoftAccount:user=pizzahuthacker@gmail.com,,,,,,,,,,,,,0,,,,,,,,
937,2026-04-01 16:48:00.686392+00:00,5379,Microsoft-Windows-Security-Auditing,,,,,,,,,,,,,,2452,,,1,,,,,,,,,,,,,,,,,,,,,,,,,,,,,,,,,,,,,,,,,,,,,,,,,,,,,,,,,,,,,,,,,,,,,2026-04-01 16:43:51.213001+00:00,,,,,,,%%8100,,,,,,,0,,,,,,NORMALVM,0x000000000012f329,pizza,S-1-5-21-2352865859-2334931103-2005901029-1001,,,,,,MicrosoftAccount:user=pizzahuthacker@gmail.com,,,,,,,,,,,,,0,,,,,,,,
938,2026-04-01 16:48:00.691599+00:00,4799,Microsoft-Windows-Security-Auditing,,,,,,,,,,,0x00000000000004c4,C:\Windows\System32\svchost.exe,,,,,,,,,,,,,,,,,,,,,,,,,,,,,,,,,,,,,,,,,,,,,,,,,,,,,,,,,,,,,,,,,,,,,,,,,,,,,,,,,,,,,,,,,,,,,,WORKGROUP,0x00000000000003e7,NORMALVM$,S-1-5-18,Builtin,,,,,,,,,,,S-1-5-32-544,Administrators,,,,,,,,,,,,,,
939,2026-04-01 16:48:00.710836+00:00,4634,Microsoft-Windows-Security-Auditing,,,,,,,,,,,,,,,,,,,,,,,,,,,,,,,,,,,,,,,,,,,,,,,,,,,,,,2,,,,,,,,,,,,,,,,,,,,,,,,,,,,,,,,,,,,,,,,,,,,,,,,,,,,,,,,NORMALVM,,,,0x000000000012f329,,,,,,,,pizza,S-1-5-21-2352865859-2334931103-2005901029-1001,,,,,,,,,,,,,
940,2026-04-01 16:48:00.713055+00:00,4634,Microsoft-Windows-Security-Auditing,,,,,,,,,,,,,,,,,,,,,,,,,,,,,,,,,,,,,,,,,,,,,,,,,,,,,,2,,,,,,,,,,,,,,,,,,,,,,,,,,,,,,,,,,,,,,,,,,,,,,,,,,,,,,,,NORMALVM,,,,0x000000000012f2ad,,,,,,,,pizza,S-1-5-21-2352865859-2334931103-2005901029-1001,,,,,,,,,,,,,
941,2026-04-01 16:48:02.421202+00:00,4738,Microsoft-Windows-Security-Auditing,,,,,,-,,,-,,,,,,,,,,pizza hut,,,,,-,,,,,,,-,-,,,,,,,,,,,,,,,,,,,,-,,,,,,,,,,,,,,,,,-,,,,,,,-,,,,,-,,,-,-,,,,-,,,,,,,,,,,,-,,,-,-,NormalVM,0x000000000001ebe2,defaultuser0,S-1-5-21-2352865859-2334931103-2005901029-1000,NormalVM,,,,,,,,,,,S-1-5-21-2352865859-2334931103-2005901029-1001,pizza,,,,,,,-,-,-,-,,,,
942,2026-04-01 16:48:02.424736+00:00,4648,Microsoft-Windows-Security-Auditing,,,,,,,,,,,,,,,,,,,,,,,,,,,,,,,,,,,,,,-,-,,,,,,,,,,,,{00000000-0000-0000-0000-000000000000},,,,,,,,,,,,,,,,,,,,,,,,,,,,,,,,,,,,0x000000000000169c,C:\Windows\System32\CloudExperienceHostBroker.exe,,,,,,,,,,,,,,,,,,NormalVM,0x000000000001ebe2,defaultuser0,S-1-5-21-2352865859-2334931103-2005901029-1000,MicrosoftAccount,localhost,,{00000000-0000-0000-0000-000000000000},,,,,,,localhost,,pizzahuthacker@gmail.com,,,,,,,,,,,,,,
943,2026-04-01 16:48:02.424753+00:00,4624,Microsoft-Windows-Security-Auditing,,,,,,,,,,Negotiate,,,,,,,,,,,,,,,%%1842,,,,,,,,,,,,%%1833,-,-,,,0,,,,-,,,,,{00000000-0000-0000-0000-000000000000},,OOBE,2,,,,,,,,,,,,,,,,,,,,,,,,,,,,,,,,,0x000000000000169c,C:\Windows\System32\CloudExperienceHostBroker.exe,,,,,,-,,,,,-,,,,,,,NormalVM,0x000000000001ebe2,defaultuser0,S-1-5-21-2352865859-2334931103-2005901029-1000,MicrosoftAccount,,0x000000000013894d,,0x000000000013891e,,-,-,,,,,pizzahuthacker@gmail.com,S-1-5-21-2352865859-2334931103-2005901029-1001,,,,-,,,,,,%%1843,,,NORMALVM
944,2026-04-01 16:48:02.424761+00:00,4624,Microsoft-Windows-Security-Auditing,,,,,,,,,,Negotiate,,,,,,,,,,,,,,,%%1843,,,,,,,,,,,,%%1833,-,-,,,0,,,,-,,,,,{00000000-0000-0000-0000-000000000000},,OOBE,2,,,,,,,,,,,,,,,,,,,,,,,,,,,,,,,,,0x000000000000169c,C:\Windows\System32\CloudExperienceHostBroker.exe,,,,,,-,,,,,-,,,,,,,NormalVM,0x000000000001ebe2,defaultuser0,S-1-5-21-2352865859-2334931103-2005901029-1000,MicrosoftAccount,,0x000000000013891e,,0x000000000013894d,,-,-,,,,,pizzahuthacker@gmail.com,S-1-5-21-2352865859-2334931103-2005901029-1001,,,,-,,,,,,%%1843,,,NORMALVM
945,2026-04-01 16:48:02.424765+00:00,4672,Microsoft-Windows-Security-Auditing,,,,,,,,,,,,,,,,,,,,,,,,,,,,,,,,,,,,,,,,,,,,,,,,,,,,,,,,,,,,,,,,,,,,,,,,,,,,,,,,,,,,,"SeSecurityPrivilege
			SeTakeOwnershipPrivilege
			SeLoadDriverPrivilege
			SeBackupPrivilege
			SeRestorePrivilege
			SeDebugPrivilege
			SeSystemEnvironmentPrivilege
			SeImpersonatePrivilege
			SeDelegateSessionUserImpersonatePrivilege",,,,,,,,,,,,,,,,,,,,,MicrosoftAccount,0x000000000013891e,pizzahuthacker@gmail.com,S-1-5-21-2352865859-2334931103-2005901029-1001,,,,,,,,,,,,,,,,,,,,,,,,,,,
946,2026-04-01 16:48:02.535698+00:00,4799,Microsoft-Windows-Security-Auditing,,,,,,,,,,,0x00000000000004c4,C:\Windows\System32\svchost.exe,,,,,,,,,,,,,,,,,,,,,,,,,,,,,,,,,,,,,,,,,,,,,,,,,,,,,,,,,,,,,,,,,,,,,,,,,,,,,,,,,,,,,,,,,,,,,,WORKGROUP,0x00000000000003e7,NORMALVM$,S-1-5-18,Builtin,,,,,,,,,,,S-1-5-32-544,Administrators,,,,,,,,,,,,,,
947,2026-04-01 16:48:02.888866+00:00,5379,Microsoft-Windows-Security-Auditing,,,,,,,,,,,,,,2452,,,1,,,,,,,,,,,,,,,,,,,,,,,,,,,,,,,,,,,,,,,,,,,,,,,,,,,,,,,,,,,,,,,,,,,,,2026-04-01 16:43:51.213001+00:00,,,,,,,%%8100,,,,,,,0,,,,,,NORMALVM,0x000000000013894d,pizza,S-1-5-21-2352865859-2334931103-2005901029-1001,,,,,,MicrosoftAccount:user=pizzahuthacker@gmail.com,,,,,,,,,,,,,0,,,,,,,,
948,2026-04-01 16:48:02.889797+00:00,5379,Microsoft-Windows-Security-Auditing,,,,,,,,,,,,,,2452,,,0,,,,,,,,,,,,,,,,,,,,,,,,,,,,,,,,,,,,,,,,,,,,,,,,,,,,,,,,,,,,,,,,,,,,,2026-04-01 16:43:51.213001+00:00,,,,,,,%%8100,,,,,,,3221226021,,,,,,NORMALVM,0x000000000013894d,pizza,S-1-5-21-2352865859-2334931103-2005901029-1001,,,,,,WindowsLive:(token):name=pizzahuthacker@gmail.com;serviceuri=*,,,,,,,,,,,,,0,,,,,,,,
949,2026-04-01 16:48:02.889841+00:00,5379,Microsoft-Windows-Security-Auditing,,,,,,,,,,,,,,2452,,,0,,,,,,,,,,,,,,,,,,,,,,,,,,,,,,,,,,,,,,,,,,,,,,,,,,,,,,,,,,,,,,,,,,,,,2026-04-01 16:43:51.213001+00:00,,,,,,,%%8100,,,,,,,3221226021,,,,,,NORMALVM,0x000000000013894d,pizza,S-1-5-21-2352865859-2334931103-2005901029-1001,,,,,,WindowsLive:(cert):name=pizzahuthacker@gmail.com;serviceuri=*,,,,,,,,,,,,,0,,,,,,,,
950,2026-04-01 16:48:02.892397+00:00,5379,Microsoft-Windows-Security-Auditing,,,,,,,,,,,,,,2452,,,1,,,,,,,,,,,,,,,,,,,,,,,,,,,,,,,,,,,,,,,,,,,,,,,,,,,,,,,,,,,,,,,,,,,,,2026-04-01 16:43:51.213001+00:00,,,,,,,%%8100,,,,,,,0,,,,,,NORMALVM,0x000000000013894d,pizza,S-1-5-21-2352865859-2334931103-2005901029-1001,,,,,,MicrosoftAccount:user=pizzahuthacker@gmail.com,,,,,,,,,,,,,0,,,,,,,,
951,2026-04-01 16:48:02.902456+00:00,5379,Microsoft-Windows-Security-Auditing,,,,,,,,,,,,,,2452,,,1,,,,,,,,,,,,,,,,,,,,,,,,,,,,,,,,,,,,,,,,,,,,,,,,,,,,,,,,,,,,,,,,,,,,,2026-04-01 16:43:51.213001+00:00,,,,,,,%%8100,,,,,,,0,,,,,,NORMALVM,0x000000000013894d,pizza,S-1-5-21-2352865859-2334931103-2005901029-1001,,,,,,MicrosoftAccount:user=pizzahuthacker@gmail.com,,,,,,,,,,,,,0,,,,,,,,
952,2026-04-01 16:48:03.257776+00:00,5379,Microsoft-Windows-Security-Auditing,,,,,,,,,,,,,,2452,,,1,,,,,,,,,,,,,,,,,,,,,,,,,,,,,,,,,,,,,,,,,,,,,,,,,,,,,,,,,,,,,,,,,,,,,2026-04-01 16:43:51.213001+00:00,,,,,,,%%8100,,,,,,,0,,,,,,NORMALVM,0x000000000013894d,pizza,S-1-5-21-2352865859-2334931103-2005901029-1001,,,,,,MicrosoftAccount:user=pizzahuthacker@gmail.com,,,,,,,,,,,,,0,,,,,,,,
953,2026-04-01 16:48:03.257942+00:00,5379,Microsoft-Windows-Security-Auditing,,,,,,,,,,,,,,2452,,,1,,,,,,,,,,,,,,,,,,,,,,,,,,,,,,,,,,,,,,,,,,,,,,,,,,,,,,,,,,,,,,,,,,,,,2026-04-01 16:43:51.213001+00:00,,,,,,,%%8100,,,,,,,0,,,,,,NORMALVM,0x000000000013894d,pizza,S-1-5-21-2352865859-2334931103-2005901029-1001,,,,,,MicrosoftAccount:user=pizzahuthacker@gmail.com,,,,,,,,,,,,,0,,,,,,,,
954,2026-04-01 16:48:03.258083+00:00,5379,Microsoft-Windows-Security-Auditing,,,,,,,,,,,,,,2452,,,1,,,,,,,,,,,,,,,,,,,,,,,,,,,,,,,,,,,,,,,,,,,,,,,,,,,,,,,,,,,,,,,,,,,,,2026-04-01 16:43:51.213001+00:00,,,,,,,%%8100,,,,,,,0,,,,,,NORMALVM,0x000000000013894d,pizza,S-1-5-21-2352865859-2334931103-2005901029-1001,,,,,,MicrosoftAccount:user=pizzahuthacker@gmail.com,,,,,,,,,,,,,0,,,,,,,,
955,2026-04-01 16:48:03.258162+00:00,5379,Microsoft-Windows-Security-Auditing,,,,,,,,,,,,,,2452,,,1,,,,,,,,,,,,,,,,,,,,,,,,,,,,,,,,,,,,,,,,,,,,,,,,,,,,,,,,,,,,,,,,,,,,,2026-04-01 16:43:51.213001+00:00,,,,,,,%%8100,,,,,,,0,,,,,,NORMALVM,0x000000000013894d,pizza,S-1-5-21-2352865859-2334931103-2005901029-1001,,,,,,MicrosoftAccount:user=pizzahuthacker@gmail.com,,,,,,,,,,,,,0,,,,,,,,
956,2026-04-01 16:48:03.258274+00:00,5379,Microsoft-Windows-Security-Auditing,,,,,,,,,,,,,,2452,,,1,,,,,,,,,,,,,,,,,,,,,,,,,,,,,,,,,,,,,,,,,,,,,,,,,,,,,,,,,,,,,,,,,,,,,2026-04-01 16:43:51.213001+00:00,,,,,,,%%8100,,,,,,,0,,,,,,NORMALVM,0x000000000013894d,pizza,S-1-5-21-2352865859-2334931103-2005901029-1001,,,,,,MicrosoftAccount:user=pizzahuthacker@gmail.com,,,,,,,,,,,,,0,,,,,,,,
957,2026-04-01 16:48:03.258347+00:00,5379,Microsoft-Windows-Security-Auditing,,,,,,,,,,,,,,2452,,,1,,,,,,,,,,,,,,,,,,,,,,,,,,,,,,,,,,,,,,,,,,,,,,,,,,,,,,,,,,,,,,,,,,,,,2026-04-01 16:43:51.213001+00:00,,,,,,,%%8100,,,,,,,0,,,,,,NORMALVM,0x000000000013894d,pizza,S-1-5-21-2352865859-2334931103-2005901029-1001,,,,,,MicrosoftAccount:user=pizzahuthacker@gmail.com,,,,,,,,,,,,,0,,,,,,,,
958,2026-04-01 16:48:03.258465+00:00,5379,Microsoft-Windows-Security-Auditing,,,,,,,,,,,,,,2452,,,1,,,,,,,,,,,,,,,,,,,,,,,,,,,,,,,,,,,,,,,,,,,,,,,,,,,,,,,,,,,,,,,,,,,,,2026-04-01 16:43:51.213001+00:00,,,,,,,%%8100,,,,,,,0,,,,,,NORMALVM,0x000000000013894d,pizza,S-1-5-21-2352865859-2334931103-2005901029-1001,,,,,,MicrosoftAccount:user=pizzahuthacker@gmail.com,,,,,,,,,,,,,0,,,,,,,,
959,2026-04-01 16:48:03.258533+00:00,5379,Microsoft-Windows-Security-Auditing,,,,,,,,,,,,,,2452,,,1,,,,,,,,,,,,,,,,,,,,,,,,,,,,,,,,,,,,,,,,,,,,,,,,,,,,,,,,,,,,,,,,,,,,,2026-04-01 16:43:51.213001+00:00,,,,,,,%%8100,,,,,,,0,,,,,,NORMALVM,0x000000000013894d,pizza,S-1-5-21-2352865859-2334931103-2005901029-1001,,,,,,MicrosoftAccount:user=pizzahuthacker@gmail.com,,,,,,,,,,,,,0,,,,,,,,
960,2026-04-01 16:48:03.258636+00:00,5379,Microsoft-Windows-Security-Auditing,,,,,,,,,,,,,,2452,,,1,,,,,,,,,,,,,,,,,,,,,,,,,,,,,,,,,,,,,,,,,,,,,,,,,,,,,,,,,,,,,,,,,,,,,2026-04-01 16:43:51.213001+00:00,,,,,,,%%8100,,,,,,,0,,,,,,NORMALVM,0x000000000013894d,pizza,S-1-5-21-2352865859-2334931103-2005901029-1001,,,,,,MicrosoftAccount:user=pizzahuthacker@gmail.com,,,,,,,,,,,,,0,,,,,,,,
961,2026-04-01 16:48:03.258705+00:00,5379,Microsoft-Windows-Security-Auditing,,,,,,,,,,,,,,2452,,,1,,,,,,,,,,,,,,,,,,,,,,,,,,,,,,,,,,,,,,,,,,,,,,,,,,,,,,,,,,,,,,,,,,,,,2026-04-01 16:43:51.213001+00:00,,,,,,,%%8100,,,,,,,0,,,,,,NORMALVM,0x000000000013894d,pizza,S-1-5-21-2352865859-2334931103-2005901029-1001,,,,,,MicrosoftAccount:user=pizzahuthacker@gmail.com,,,,,,,,,,,,,0,,,,,,,,
962,2026-04-01 16:48:03.258804+00:00,5379,Microsoft-Windows-Security-Auditing,,,,,,,,,,,,,,2452,,,1,,,,,,,,,,,,,,,,,,,,,,,,,,,,,,,,,,,,,,,,,,,,,,,,,,,,,,,,,,,,,,,,,,,,,2026-04-01 16:43:51.213001+00:00,,,,,,,%%8100,,,,,,,0,,,,,,NORMALVM,0x000000000013894d,pizza,S-1-5-21-2352865859-2334931103-2005901029-1001,,,,,,MicrosoftAccount:user=pizzahuthacker@gmail.com,,,,,,,,,,,,,0,,,,,,,,
963,2026-04-01 16:48:03.258911+00:00,5379,Microsoft-Windows-Security-Auditing,,,,,,,,,,,,,,2452,,,1,,,,,,,,,,,,,,,,,,,,,,,,,,,,,,,,,,,,,,,,,,,,,,,,,,,,,,,,,,,,,,,,,,,,,2026-04-01 16:43:51.213001+00:00,,,,,,,%%8100,,,,,,,0,,,,,,NORMALVM,0x000000000013894d,pizza,S-1-5-21-2352865859-2334931103-2005901029-1001,,,,,,MicrosoftAccount:user=pizzahuthacker@gmail.com,,,,,,,,,,,,,0,,,,,,,,
964,2026-04-01 16:48:03.259037+00:00,5379,Microsoft-Windows-Security-Auditing,,,,,,,,,,,,,,2452,,,1,,,,,,,,,,,,,,,,,,,,,,,,,,,,,,,,,,,,,,,,,,,,,,,,,,,,,,,,,,,,,,,,,,,,,2026-04-01 16:43:51.213001+00:00,,,,,,,%%8100,,,,,,,0,,,,,,NORMALVM,0x000000000013894d,pizza,S-1-5-21-2352865859-2334931103-2005901029-1001,,,,,,MicrosoftAccount:user=pizzahuthacker@gmail.com,,,,,,,,,,,,,0,,,,,,,,
965,2026-04-01 16:48:03.259111+00:00,5379,Microsoft-Windows-Security-Auditing,,,,,,,,,,,,,,2452,,,1,,,,,,,,,,,,,,,,,,,,,,,,,,,,,,,,,,,,,,,,,,,,,,,,,,,,,,,,,,,,,,,,,,,,,2026-04-01 16:43:51.213001+00:00,,,,,,,%%8100,,,,,,,0,,,,,,NORMALVM,0x000000000013894d,pizza,S-1-5-21-2352865859-2334931103-2005901029-1001,,,,,,MicrosoftAccount:user=pizzahuthacker@gmail.com,,,,,,,,,,,,,0,,,,,,,,
966,2026-04-01 16:48:03.259207+00:00,5379,Microsoft-Windows-Security-Auditing,,,,,,,,,,,,,,2452,,,1,,,,,,,,,,,,,,,,,,,,,,,,,,,,,,,,,,,,,,,,,,,,,,,,,,,,,,,,,,,,,,,,,,,,,2026-04-01 16:43:51.213001+00:00,,,,,,,%%8100,,,,,,,0,,,,,,NORMALVM,0x000000000013894d,pizza,S-1-5-21-2352865859-2334931103-2005901029-1001,,,,,,MicrosoftAccount:user=pizzahuthacker@gmail.com,,,,,,,,,,,,,0,,,,,,,,
967,2026-04-01 16:48:03.259460+00:00,5379,Microsoft-Windows-Security-Auditing,,,,,,,,,,,,,,2452,,,1,,,,,,,,,,,,,,,,,,,,,,,,,,,,,,,,,,,,,,,,,,,,,,,,,,,,,,,,,,,,,,,,,,,,,2026-04-01 16:43:51.213001+00:00,,,,,,,%%8099,,,,,,,0,,,,,,NORMALVM,0x000000000013894d,pizza,S-1-5-21-2352865859-2334931103-2005901029-1001,,,,,,MicrosoftAccount:user=pizzahuthacker@gmail.com,,,,,,,,,,,,,1,,,,,,,,
968,2026-04-01 16:48:03.263708+00:00,5379,Microsoft-Windows-Security-Auditing,,,,,,,,,,,,,,2452,,,1,,,,,,,,,,,,,,,,,,,,,,,,,,,,,,,,,,,,,,,,,,,,,,,,,,,,,,,,,,,,,,,,,,,,,2026-04-01 16:43:51.213001+00:00,,,,,,,%%8100,,,,,,,0,,,,,,NORMALVM,0x000000000013894d,pizza,S-1-5-21-2352865859-2334931103-2005901029-1001,,,,,,MicrosoftAccount:user=pizzahuthacker@gmail.com,,,,,,,,,,,,,0,,,,,,,,
969,2026-04-01 16:48:03.264019+00:00,5379,Microsoft-Windows-Security-Auditing,,,,,,,,,,,,,,2452,,,1,,,,,,,,,,,,,,,,,,,,,,,,,,,,,,,,,,,,,,,,,,,,,,,,,,,,,,,,,,,,,,,,,,,,,2026-04-01 16:43:51.213001+00:00,,,,,,,%%8100,,,,,,,0,,,,,,NORMALVM,0x000000000013894d,pizza,S-1-5-21-2352865859-2334931103-2005901029-1001,,,,,,MicrosoftAccount:user=pizzahuthacker@gmail.com,,,,,,,,,,,,,0,,,,,,,,
970,2026-04-01 16:48:03.264170+00:00,5379,Microsoft-Windows-Security-Auditing,,,,,,,,,,,,,,2452,,,1,,,,,,,,,,,,,,,,,,,,,,,,,,,,,,,,,,,,,,,,,,,,,,,,,,,,,,,,,,,,,,,,,,,,,2026-04-01 16:43:51.213001+00:00,,,,,,,%%8100,,,,,,,0,,,,,,NORMALVM,0x000000000013894d,pizza,S-1-5-21-2352865859-2334931103-2005901029-1001,,,,,,MicrosoftAccount:user=pizzahuthacker@gmail.com,,,,,,,,,,,,,0,,,,,,,,
971,2026-04-01 16:48:03.264254+00:00,5379,Microsoft-Windows-Security-Auditing,,,,,,,,,,,,,,2452,,,1,,,,,,,,,,,,,,,,,,,,,,,,,,,,,,,,,,,,,,,,,,,,,,,,,,,,,,,,,,,,,,,,,,,,,2026-04-01 16:43:51.213001+00:00,,,,,,,%%8100,,,,,,,0,,,,,,NORMALVM,0x000000000013894d,pizza,S-1-5-21-2352865859-2334931103-2005901029-1001,,,,,,MicrosoftAccount:user=pizzahuthacker@gmail.com,,,,,,,,,,,,,0,,,,,,,,
972,2026-04-01 16:48:03.264364+00:00,5379,Microsoft-Windows-Security-Auditing,,,,,,,,,,,,,,2452,,,1,,,,,,,,,,,,,,,,,,,,,,,,,,,,,,,,,,,,,,,,,,,,,,,,,,,,,,,,,,,,,,,,,,,,,2026-04-01 16:43:51.213001+00:00,,,,,,,%%8100,,,,,,,0,,,,,,NORMALVM,0x000000000013894d,pizza,S-1-5-21-2352865859-2334931103-2005901029-1001,,,,,,MicrosoftAccount:user=pizzahuthacker@gmail.com,,,,,,,,,,,,,0,,,,,,,,
973,2026-04-01 16:48:03.264439+00:00,5379,Microsoft-Windows-Security-Auditing,,,,,,,,,,,,,,2452,,,1,,,,,,,,,,,,,,,,,,,,,,,,,,,,,,,,,,,,,,,,,,,,,,,,,,,,,,,,,,,,,,,,,,,,,2026-04-01 16:43:51.213001+00:00,,,,,,,%%8100,,,,,,,0,,,,,,NORMALVM,0x000000000013894d,pizza,S-1-5-21-2352865859-2334931103-2005901029-1001,,,,,,MicrosoftAccount:user=pizzahuthacker@gmail.com,,,,,,,,,,,,,0,,,,,,,,
974,2026-04-01 16:48:03.264538+00:00,5379,Microsoft-Windows-Security-Auditing,,,,,,,,,,,,,,2452,,,1,,,,,,,,,,,,,,,,,,,,,,,,,,,,,,,,,,,,,,,,,,,,,,,,,,,,,,,,,,,,,,,,,,,,,2026-04-01 16:43:51.213001+00:00,,,,,,,%%8100,,,,,,,0,,,,,,NORMALVM,0x000000000013894d,pizza,S-1-5-21-2352865859-2334931103-2005901029-1001,,,,,,MicrosoftAccount:user=pizzahuthacker@gmail.com,,,,,,,,,,,,,0,,,,,,,,
975,2026-04-01 16:48:03.264608+00:00,5379,Microsoft-Windows-Security-Auditing,,,,,,,,,,,,,,2452,,,1,,,,,,,,,,,,,,,,,,,,,,,,,,,,,,,,,,,,,,,,,,,,,,,,,,,,,,,,,,,,,,,,,,,,,2026-04-01 16:43:51.213001+00:00,,,,,,,%%8100,,,,,,,0,,,,,,NORMALVM,0x000000000013894d,pizza,S-1-5-21-2352865859-2334931103-2005901029-1001,,,,,,MicrosoftAccount:user=pizzahuthacker@gmail.com,,,,,,,,,,,,,0,,,,,,,,
976,2026-04-01 16:48:03.264706+00:00,5379,Microsoft-Windows-Security-Auditing,,,,,,,,,,,,,,2452,,,1,,,,,,,,,,,,,,,,,,,,,,,,,,,,,,,,,,,,,,,,,,,,,,,,,,,,,,,,,,,,,,,,,,,,,2026-04-01 16:43:51.213001+00:00,,,,,,,%%8100,,,,,,,0,,,,,,NORMALVM,0x000000000013894d,pizza,S-1-5-21-2352865859-2334931103-2005901029-1001,,,,,,MicrosoftAccount:user=pizzahuthacker@gmail.com,,,,,,,,,,,,,0,,,,,,,,
977,2026-04-01 16:48:03.264776+00:00,5379,Microsoft-Windows-Security-Auditing,,,,,,,,,,,,,,2452,,,1,,,,,,,,,,,,,,,,,,,,,,,,,,,,,,,,,,,,,,,,,,,,,,,,,,,,,,,,,,,,,,,,,,,,,2026-04-01 16:43:51.213001+00:00,,,,,,,%%8100,,,,,,,0,,,,,,NORMALVM,0x000000000013894d,pizza,S-1-5-21-2352865859-2334931103-2005901029-1001,,,,,,MicrosoftAccount:user=pizzahuthacker@gmail.com,,,,,,,,,,,,,0,,,,,,,,
978,2026-04-01 16:48:03.280416+00:00,5379,Microsoft-Windows-Security-Auditing,,,,,,,,,,,,,,2452,,,1,,,,,,,,,,,,,,,,,,,,,,,,,,,,,,,,,,,,,,,,,,,,,,,,,,,,,,,,,,,,,,,,,,,,,2026-04-01 16:43:51.213001+00:00,,,,,,,%%8100,,,,,,,0,,,,,,NORMALVM,0x000000000013894d,pizza,S-1-5-21-2352865859-2334931103-2005901029-1001,,,,,,MicrosoftAccount:user=pizzahuthacker@gmail.com,,,,,,,,,,,,,0,,,,,,,,
979,2026-04-01 16:48:03.280619+00:00,5379,Microsoft-Windows-Security-Auditing,,,,,,,,,,,,,,2452,,,1,,,,,,,,,,,,,,,,,,,,,,,,,,,,,,,,,,,,,,,,,,,,,,,,,,,,,,,,,,,,,,,,,,,,,2026-04-01 16:43:51.213001+00:00,,,,,,,%%8100,,,,,,,0,,,,,,NORMALVM,0x000000000013894d,pizza,S-1-5-21-2352865859-2334931103-2005901029-1001,,,,,,MicrosoftAccount:user=pizzahuthacker@gmail.com,,,,,,,,,,,,,0,,,,,,,,
980,2026-04-01 16:48:03.280794+00:00,5379,Microsoft-Windows-Security-Auditing,,,,,,,,,,,,,,2452,,,1,,,,,,,,,,,,,,,,,,,,,,,,,,,,,,,,,,,,,,,,,,,,,,,,,,,,,,,,,,,,,,,,,,,,,2026-04-01 16:43:51.213001+00:00,,,,,,,%%8100,,,,,,,0,,,,,,NORMALVM,0x000000000013894d,pizza,S-1-5-21-2352865859-2334931103-2005901029-1001,,,,,,MicrosoftAccount:user=pizzahuthacker@gmail.com,,,,,,,,,,,,,0,,,,,,,,
981,2026-04-01 16:48:03.296438+00:00,5379,Microsoft-Windows-Security-Auditing,,,,,,,,,,,,,,2452,,,1,,,,,,,,,,,,,,,,,,,,,,,,,,,,,,,,,,,,,,,,,,,,,,,,,,,,,,,,,,,,,,,,,,,,,2026-04-01 16:43:51.213001+00:00,,,,,,,%%8100,,,,,,,0,,,,,,NORMALVM,0x000000000013894d,pizza,S-1-5-21-2352865859-2334931103-2005901029-1001,,,,,,MicrosoftAccount:user=pizzahuthacker@gmail.com,,,,,,,,,,,,,0,,,,,,,,
982,2026-04-01 16:48:03.296761+00:00,5379,Microsoft-Windows-Security-Auditing,,,,,,,,,,,,,,2452,,,1,,,,,,,,,,,,,,,,,,,,,,,,,,,,,,,,,,,,,,,,,,,,,,,,,,,,,,,,,,,,,,,,,,,,,2026-04-01 16:43:51.213001+00:00,,,,,,,%%8100,,,,,,,0,,,,,,NORMALVM,0x000000000013894d,pizza,S-1-5-21-2352865859-2334931103-2005901029-1001,,,,,,MicrosoftAccount:user=pizzahuthacker@gmail.com,,,,,,,,,,,,,0,,,,,,,,
983,2026-04-01 16:48:03.296999+00:00,5379,Microsoft-Windows-Security-Auditing,,,,,,,,,,,,,,2452,,,1,,,,,,,,,,,,,,,,,,,,,,,,,,,,,,,,,,,,,,,,,,,,,,,,,,,,,,,,,,,,,,,,,,,,,2026-04-01 16:43:51.213001+00:00,,,,,,,%%8100,,,,,,,0,,,,,,NORMALVM,0x000000000013894d,pizza,S-1-5-21-2352865859-2334931103-2005901029-1001,,,,,,MicrosoftAccount:user=pizzahuthacker@gmail.com,,,,,,,,,,,,,0,,,,,,,,
984,2026-04-01 16:48:03.297106+00:00,5379,Microsoft-Windows-Security-Auditing,,,,,,,,,,,,,,2452,,,1,,,,,,,,,,,,,,,,,,,,,,,,,,,,,,,,,,,,,,,,,,,,,,,,,,,,,,,,,,,,,,,,,,,,,2026-04-01 16:43:51.213001+00:00,,,,,,,%%8100,,,,,,,0,,,,,,NORMALVM,0x000000000013894d,pizza,S-1-5-21-2352865859-2334931103-2005901029-1001,,,,,,MicrosoftAccount:user=pizzahuthacker@gmail.com,,,,,,,,,,,,,0,,,,,,,,
985,2026-04-01 16:48:03.297232+00:00,5379,Microsoft-Windows-Security-Auditing,,,,,,,,,,,,,,2452,,,1,,,,,,,,,,,,,,,,,,,,,,,,,,,,,,,,,,,,,,,,,,,,,,,,,,,,,,,,,,,,,,,,,,,,,2026-04-01 16:43:51.213001+00:00,,,,,,,%%8100,,,,,,,0,,,,,,NORMALVM,0x000000000013894d,pizza,S-1-5-21-2352865859-2334931103-2005901029-1001,,,,,,MicrosoftAccount:user=pizzahuthacker@gmail.com,,,,,,,,,,,,,0,,,,,,,,
986,2026-04-01 16:48:03.297312+00:00,5379,Microsoft-Windows-Security-Auditing,,,,,,,,,,,,,,2452,,,1,,,,,,,,,,,,,,,,,,,,,,,,,,,,,,,,,,,,,,,,,,,,,,,,,,,,,,,,,,,,,,,,,,,,,2026-04-01 16:43:51.213001+00:00,,,,,,,%%8100,,,,,,,0,,,,,,NORMALVM,0x000000000013894d,pizza,S-1-5-21-2352865859-2334931103-2005901029-1001,,,,,,MicrosoftAccount:user=pizzahuthacker@gmail.com,,,,,,,,,,,,,0,,,,,,,,
987,2026-04-01 16:48:03.297403+00:00,5379,Microsoft-Windows-Security-Auditing,,,,,,,,,,,,,,2452,,,1,,,,,,,,,,,,,,,,,,,,,,,,,,,,,,,,,,,,,,,,,,,,,,,,,,,,,,,,,,,,,,,,,,,,,2026-04-01 16:43:51.213001+00:00,,,,,,,%%8100,,,,,,,0,,,,,,NORMALVM,0x000000000013894d,pizza,S-1-5-21-2352865859-2334931103-2005901029-1001,,,,,,MicrosoftAccount:user=pizzahuthacker@gmail.com,,,,,,,,,,,,,0,,,,,,,,
988,2026-04-01 16:48:03.307222+00:00,5379,Microsoft-Windows-Security-Auditing,,,,,,,,,,,,,,2452,,,1,,,,,,,,,,,,,,,,,,,,,,,,,,,,,,,,,,,,,,,,,,,,,,,,,,,,,,,,,,,,,,,,,,,,,2026-04-01 16:43:51.213001+00:00,,,,,,,%%8100,,,,,,,0,,,,,,NORMALVM,0x000000000013894d,pizza,S-1-5-21-2352865859-2334931103-2005901029-1001,,,,,,MicrosoftAccount:user=pizzahuthacker@gmail.com,,,,,,,,,,,,,0,,,,,,,,
989,2026-04-01 16:48:03.307415+00:00,5379,Microsoft-Windows-Security-Auditing,,,,,,,,,,,,,,2452,,,1,,,,,,,,,,,,,,,,,,,,,,,,,,,,,,,,,,,,,,,,,,,,,,,,,,,,,,,,,,,,,,,,,,,,,2026-04-01 16:43:51.213001+00:00,,,,,,,%%8100,,,,,,,0,,,,,,NORMALVM,0x000000000013894d,pizza,S-1-5-21-2352865859-2334931103-2005901029-1001,,,,,,MicrosoftAccount:user=pizzahuthacker@gmail.com,,,,,,,,,,,,,0,,,,,,,,
990,2026-04-01 16:48:03.307520+00:00,5379,Microsoft-Windows-Security-Auditing,,,,,,,,,,,,,,2452,,,1,,,,,,,,,,,,,,,,,,,,,,,,,,,,,,,,,,,,,,,,,,,,,,,,,,,,,,,,,,,,,,,,,,,,,2026-04-01 16:43:51.213001+00:00,,,,,,,%%8100,,,,,,,0,,,,,,NORMALVM,0x000000000013894d,pizza,S-1-5-21-2352865859-2334931103-2005901029-1001,,,,,,MicrosoftAccount:user=pizzahuthacker@gmail.com,,,,,,,,,,,,,0,,,,,,,,
991,2026-04-01 16:48:03.307930+00:00,5379,Microsoft-Windows-Security-Auditing,,,,,,,,,,,,,,2452,,,1,,,,,,,,,,,,,,,,,,,,,,,,,,,,,,,,,,,,,,,,,,,,,,,,,,,,,,,,,,,,,,,,,,,,,2026-04-01 16:43:51.213001+00:00,,,,,,,%%8100,,,,,,,0,,,,,,NORMALVM,0x000000000013894d,pizza,S-1-5-21-2352865859-2334931103-2005901029-1001,,,,,,MicrosoftAccount:user=pizzahuthacker@gmail.com,,,,,,,,,,,,,0,,,,,,,,
992,2026-04-01 16:48:03.308216+00:00,5379,Microsoft-Windows-Security-Auditing,,,,,,,,,,,,,,2452,,,1,,,,,,,,,,,,,,,,,,,,,,,,,,,,,,,,,,,,,,,,,,,,,,,,,,,,,,,,,,,,,,,,,,,,,2026-04-01 16:43:51.213001+00:00,,,,,,,%%8100,,,,,,,0,,,,,,NORMALVM,0x000000000013894d,pizza,S-1-5-21-2352865859-2334931103-2005901029-1001,,,,,,MicrosoftAccount:user=pizzahuthacker@gmail.com,,,,,,,,,,,,,0,,,,,,,,
993,2026-04-01 16:48:03.308392+00:00,5379,Microsoft-Windows-Security-Auditing,,,,,,,,,,,,,,2452,,,1,,,,,,,,,,,,,,,,,,,,,,,,,,,,,,,,,,,,,,,,,,,,,,,,,,,,,,,,,,,,,,,,,,,,,2026-04-01 16:43:51.213001+00:00,,,,,,,%%8100,,,,,,,0,,,,,,NORMALVM,0x000000000013894d,pizza,S-1-5-21-2352865859-2334931103-2005901029-1001,,,,,,MicrosoftAccount:user=pizzahuthacker@gmail.com,,,,,,,,,,,,,0,,,,,,,,
994,2026-04-01 16:48:03.308506+00:00,5379,Microsoft-Windows-Security-Auditing,,,,,,,,,,,,,,2452,,,1,,,,,,,,,,,,,,,,,,,,,,,,,,,,,,,,,,,,,,,,,,,,,,,,,,,,,,,,,,,,,,,,,,,,,2026-04-01 16:43:51.213001+00:00,,,,,,,%%8100,,,,,,,0,,,,,,NORMALVM,0x000000000013894d,pizza,S-1-5-21-2352865859-2334931103-2005901029-1001,,,,,,MicrosoftAccount:user=pizzahuthacker@gmail.com,,,,,,,,,,,,,0,,,,,,,,
995,2026-04-01 16:48:04.858847+00:00,4799,Microsoft-Windows-Security-Auditing,,,,,,,,,,,0x00000000000015ac,C:\Windows\System32\oobe\UserOOBEBroker.exe,,,,,,,,,,,,,,,,,,,,,,,,,,,,,,,,,,,,,,,,,,,,,,,,,,,,,,,,,,,,,,,,,,,,,,,,,,,,,,,,,,,,,,,,,,,,,,NORMALVM,0x000000000013894d,pizza,S-1-5-21-2352865859-2334931103-2005901029-1001,Builtin,,,,,,,,,,,S-1-5-32-544,Administrators,,,,,,,,,,,,,,
996,2026-04-01 16:48:05.779190+00:00,4624,Microsoft-Windows-Security-Auditing,,,,,,,,,,Negotiate,,,,,,,,,,,,,,,%%1842,,,,,,,,,,,,%%1833,-,-,,,0,,,,-,,,,,{00000000-0000-0000-0000-000000000000},,Advapi  ,5,,,,,,,,,,,,,,,,,,,,,,,,,,,,,,,,,0x00000000000002e4,C:\Windows\System32\services.exe,,,,,,-,,,,,-,,,,,,,WORKGROUP,0x00000000000003e7,NORMALVM$,S-1-5-18,NT AUTHORITY,,0x0000000000000000,,0x00000000000003e7,,-,-,,,,,SYSTEM,S-1-5-18,,,,-,,,,,,%%1843,,,-
997,2026-04-01 16:48:05.779194+00:00,4672,Microsoft-Windows-Security-Auditing,,,,,,,,,,,,,,,,,,,,,,,,,,,,,,,,,,,,,,,,,,,,,,,,,,,,,,,,,,,,,,,,,,,,,,,,,,,,,,,,,,,,,"SeAssignPrimaryTokenPrivilege
			SeTcbPrivilege
			SeSecurityPrivilege
			SeTakeOwnershipPrivilege
			SeLoadDriverPrivilege
			SeBackupPrivilege
			SeRestorePrivilege
			SeDebugPrivilege
			SeAuditPrivilege
			SeSystemEnvironmentPrivilege
			SeImpersonatePrivilege
			SeDelegateSessionUserImpersonatePrivilege",,,,,,,,,,,,,,,,,,,,,NT AUTHORITY,0x00000000000003e7,SYSTEM,S-1-5-18,,,,,,,,,,,,,,,,,,,,,,,,,,,
998,2026-04-01 16:48:10.372208+00:00,4798,Microsoft-Windows-Security-Auditing,,,,,,,,,,,0x0000000000000668,C:\Windows\System32\taskhostw.exe,,,,,,,,,,,,,,,,,,,,,,,,,,,,,,,,,,,,,,,,,,,,,,,,,,,,,,,,,,,,,,,,,,,,,,,,,,,,,,,,,,,,,,,,,,,,,,WORKGROUP,0x00000000000003e7,NORMALVM$,S-1-5-18,NormalVM,,,,,,,,,,,S-1-5-21-2352865859-2334931103-2005901029-500,Administrator,,,,,,,,,,,,,,
999,2026-04-01 16:48:10.372547+00:00,4798,Microsoft-Windows-Security-Auditing,,,,,,,,,,,0x0000000000000668,C:\Windows\System32\taskhostw.exe,,,,,,,,,,,,,,,,,,,,,,,,,,,,,,,,,,,,,,,,,,,,,,,,,,,,,,,,,,,,,,,,,,,,,,,,,,,,,,,,,,,,,,,,,,,,,,WORKGROUP,0x00000000000003e7,NORMALVM$,S-1-5-18,NormalVM,,,,,,,,,,,S-1-5-21-2352865859-2334931103-2005901029-503,DefaultAccount,,,,,,,,,,,,,,
1000,2026-04-01 16:48:10.372881+00:00,4798,Microsoft-Windows-Security-Auditing,,,,,,,,,,,0x0000000000000668,C:\Windows\System32\taskhostw.exe,,,,,,,,,,,,,,,,,,,,,,,,,,,,,,,,,,,,,,,,,,,,,,,,,,,,,,,,,,,,,,,,,,,,,,,,,,,,,,,,,,,,,,,,,,,,,,WORKGROUP,0x00000000000003e7,NORMALVM$,S-1-5-18,NormalVM,,,,,,,,,,,S-1-5-21-2352865859-2334931103-2005901029-1000,defaultuser0,,,,,,,,,,,,,,
1001,2026-04-01 16:48:10.373241+00:00,4798,Microsoft-Windows-Security-Auditing,,,,,,,,,,,0x0000000000000668,C:\Windows\System32\taskhostw.exe,,,,,,,,,,,,,,,,,,,,,,,,,,,,,,,,,,,,,,,,,,,,,,,,,,,,,,,,,,,,,,,,,,,,,,,,,,,,,,,,,,,,,,,,,,,,,,WORKGROUP,0x00000000000003e7,NORMALVM$,S-1-5-18,NormalVM,,,,,,,,,,,S-1-5-21-2352865859-2334931103-2005901029-501,Guest,,,,,,,,,,,,,,
1002,2026-04-01 16:48:10.373569+00:00,4798,Microsoft-Windows-Security-Auditing,,,,,,,,,,,0x0000000000000668,C:\Windows\System32\taskhostw.exe,,,,,,,,,,,,,,,,,,,,,,,,,,,,,,,,,,,,,,,,,,,,,,,,,,,,,,,,,,,,,,,,,,,,,,,,,,,,,,,,,,,,,,,,,,,,,,WORKGROUP,0x00000000000003e7,NORMALVM$,S-1-5-18,NormalVM,,,,,,,,,,,S-1-5-21-2352865859-2334931103-2005901029-1001,pizza,,,,,,,,,,,,,,
1003,2026-04-01 16:48:10.374832+00:00,4798,Microsoft-Windows-Security-Auditing,,,,,,,,,,,0x0000000000000668,C:\Windows\System32\taskhostw.exe,,,,,,,,,,,,,,,,,,,,,,,,,,,,,,,,,,,,,,,,,,,,,,,,,,,,,,,,,,,,,,,,,,,,,,,,,,,,,,,,,,,,,,,,,,,,,,WORKGROUP,0x00000000000003e7,NORMALVM$,S-1-5-18,NormalVM,,,,,,,,,,,S-1-5-21-2352865859-2334931103-2005901029-500,Administrator,,,,,,,,,,,,,,
1004,2026-04-01 16:48:10.375111+00:00,4798,Microsoft-Windows-Security-Auditing,,,,,,,,,,,0x0000000000000668,C:\Windows\System32\taskhostw.exe,,,,,,,,,,,,,,,,,,,,,,,,,,,,,,,,,,,,,,,,,,,,,,,,,,,,,,,,,,,,,,,,,,,,,,,,,,,,,,,,,,,,,,,,,,,,,,WORKGROUP,0x00000000000003e7,NORMALVM$,S-1-5-18,NormalVM,,,,,,,,,,,S-1-5-21-2352865859-2334931103-2005901029-503,DefaultAccount,,,,,,,,,,,,,,
1005,2026-04-01 16:48:10.375467+00:00,4798,Microsoft-Windows-Security-Auditing,,,,,,,,,,,0x0000000000000668,C:\Windows\System32\taskhostw.exe,,,,,,,,,,,,,,,,,,,,,,,,,,,,,,,,,,,,,,,,,,,,,,,,,,,,,,,,,,,,,,,,,,,,,,,,,,,,,,,,,,,,,,,,,,,,,,WORKGROUP,0x00000000000003e7,NORMALVM$,S-1-5-18,NormalVM,,,,,,,,,,,S-1-5-21-2352865859-2334931103-2005901029-1000,defaultuser0,,,,,,,,,,,,,,
1006,2026-04-01 16:48:10.375750+00:00,4798,Microsoft-Windows-Security-Auditing,,,,,,,,,,,0x0000000000000668,C:\Windows\System32\taskhostw.exe,,,,,,,,,,,,,,,,,,,,,,,,,,,,,,,,,,,,,,,,,,,,,,,,,,,,,,,,,,,,,,,,,,,,,,,,,,,,,,,,,,,,,,,,,,,,,,WORKGROUP,0x00000000000003e7,NORMALVM$,S-1-5-18,NormalVM,,,,,,,,,,,S-1-5-21-2352865859-2334931103-2005901029-501,Guest,,,,,,,,,,,,,,
1007,2026-04-01 16:48:10.376057+00:00,4798,Microsoft-Windows-Security-Auditing,,,,,,,,,,,0x0000000000000668,C:\Windows\System32\taskhostw.exe,,,,,,,,,,,,,,,,,,,,,,,,,,,,,,,,,,,,,,,,,,,,,,,,,,,,,,,,,,,,,,,,,,,,,,,,,,,,,,,,,,,,,,,,,,,,,,WORKGROUP,0x00000000000003e7,NORMALVM$,S-1-5-18,NormalVM,,,,,,,,,,,S-1-5-21-2352865859-2334931103-2005901029-1001,pizza,,,,,,,,,,,,,,
1008,2026-04-01 16:48:10.884724+00:00,5379,Microsoft-Windows-Security-Auditing,,,,,,,,,,,,,,2452,,,1,,,,,,,,,,,,,,,,,,,,,,,,,,,,,,,,,,,,,,,,,,,,,,,,,,,,,,,,,,,,,,,,,,,,,2026-04-01 16:43:51.213001+00:00,,,,,,,%%8100,,,,,,,0,,,,,,NORMALVM,0x000000000013894d,pizza,S-1-5-21-2352865859-2334931103-2005901029-1001,,,,,,MicrosoftAccount:user=pizzahuthacker@gmail.com,,,,,,,,,,,,,0,,,,,,,,
1009,2026-04-01 16:48:10.885546+00:00,5379,Microsoft-Windows-Security-Auditing,,,,,,,,,,,,,,2452,,,0,,,,,,,,,,,,,,,,,,,,,,,,,,,,,,,,,,,,,,,,,,,,,,,,,,,,,,,,,,,,,,,,,,,,,2026-04-01 16:43:51.213001+00:00,,,,,,,%%8100,,,,,,,3221226021,,,,,,NORMALVM,0x000000000013894d,pizza,S-1-5-21-2352865859-2334931103-2005901029-1001,,,,,,WindowsLive:(token):name=pizzahuthacker@gmail.com;serviceuri=*,,,,,,,,,,,,,0,,,,,,,,
1010,2026-04-01 16:48:10.885593+00:00,5379,Microsoft-Windows-Security-Auditing,,,,,,,,,,,,,,2452,,,0,,,,,,,,,,,,,,,,,,,,,,,,,,,,,,,,,,,,,,,,,,,,,,,,,,,,,,,,,,,,,,,,,,,,,2026-04-01 16:43:51.213001+00:00,,,,,,,%%8100,,,,,,,3221226021,,,,,,NORMALVM,0x000000000013894d,pizza,S-1-5-21-2352865859-2334931103-2005901029-1001,,,,,,WindowsLive:(cert):name=pizzahuthacker@gmail.com;serviceuri=*,,,,,,,,,,,,,0,,,,,,,,
1011,2026-04-01 16:48:10.888147+00:00,5379,Microsoft-Windows-Security-Auditing,,,,,,,,,,,,,,2452,,,1,,,,,,,,,,,,,,,,,,,,,,,,,,,,,,,,,,,,,,,,,,,,,,,,,,,,,,,,,,,,,,,,,,,,,2026-04-01 16:43:51.213001+00:00,,,,,,,%%8100,,,,,,,0,,,,,,NORMALVM,0x000000000013894d,pizza,S-1-5-21-2352865859-2334931103-2005901029-1001,,,,,,MicrosoftAccount:user=pizzahuthacker@gmail.com,,,,,,,,,,,,,0,,,,,,,,
1012,2026-04-01 16:48:10.897383+00:00,5379,Microsoft-Windows-Security-Auditing,,,,,,,,,,,,,,2452,,,1,,,,,,,,,,,,,,,,,,,,,,,,,,,,,,,,,,,,,,,,,,,,,,,,,,,,,,,,,,,,,,,,,,,,,2026-04-01 16:43:51.213001+00:00,,,,,,,%%8100,,,,,,,0,,,,,,NORMALVM,0x000000000013894d,pizza,S-1-5-21-2352865859-2334931103-2005901029-1001,,,,,,MicrosoftAccount:user=pizzahuthacker@gmail.com,,,,,,,,,,,,,0,,,,,,,,
1013,2026-04-01 16:48:11.327179+00:00,4624,Microsoft-Windows-Security-Auditing,,,,,,,,,,Negotiate,,,,,,,,,,,,,,,%%1842,,,,,,,,,,,,%%1833,-,-,,,0,,,,-,,,,,{00000000-0000-0000-0000-000000000000},,Advapi  ,5,,,,,,,,,,,,,,,,,,,,,,,,,,,,,,,,,0x00000000000002e4,C:\Windows\System32\services.exe,,,,,,-,,,,,-,,,,,,,WORKGROUP,0x00000000000003e7,NORMALVM$,S-1-5-18,NT AUTHORITY,,0x0000000000000000,,0x00000000000003e7,,-,-,,,,,SYSTEM,S-1-5-18,,,,-,,,,,,%%1843,,,-
1014,2026-04-01 16:48:11.327183+00:00,4672,Microsoft-Windows-Security-Auditing,,,,,,,,,,,,,,,,,,,,,,,,,,,,,,,,,,,,,,,,,,,,,,,,,,,,,,,,,,,,,,,,,,,,,,,,,,,,,,,,,,,,,"SeAssignPrimaryTokenPrivilege
			SeTcbPrivilege
			SeSecurityPrivilege
			SeTakeOwnershipPrivilege
			SeLoadDriverPrivilege
			SeBackupPrivilege
			SeRestorePrivilege
			SeDebugPrivilege
			SeAuditPrivilege
			SeSystemEnvironmentPrivilege
			SeImpersonatePrivilege
			SeDelegateSessionUserImpersonatePrivilege",,,,,,,,,,,,,,,,,,,,,NT AUTHORITY,0x00000000000003e7,SYSTEM,S-1-5-18,,,,,,,,,,,,,,,,,,,,,,,,,,,
1015,2026-04-01 16:48:11.516447+00:00,5379,Microsoft-Windows-Security-Auditing,,,,,,,,,,,,,,2452,,,1,,,,,,,,,,,,,,,,,,,,,,,,,,,,,,,,,,,,,,,,,,,,,,,,,,,,,,,,,,,,,,,,,,,,,2026-04-01 16:43:51.213001+00:00,,,,,,,%%8100,,,,,,,0,,,,,,NORMALVM,0x000000000013894d,pizza,S-1-5-21-2352865859-2334931103-2005901029-1001,,,,,,MicrosoftAccount:user=pizzahuthacker@gmail.com,,,,,,,,,,,,,0,,,,,,,,
1016,2026-04-01 16:48:11.516613+00:00,5379,Microsoft-Windows-Security-Auditing,,,,,,,,,,,,,,2452,,,1,,,,,,,,,,,,,,,,,,,,,,,,,,,,,,,,,,,,,,,,,,,,,,,,,,,,,,,,,,,,,,,,,,,,,2026-04-01 16:43:51.213001+00:00,,,,,,,%%8100,,,,,,,0,,,,,,NORMALVM,0x000000000013894d,pizza,S-1-5-21-2352865859-2334931103-2005901029-1001,,,,,,MicrosoftAccount:user=pizzahuthacker@gmail.com,,,,,,,,,,,,,0,,,,,,,,
1017,2026-04-01 16:48:11.516754+00:00,5379,Microsoft-Windows-Security-Auditing,,,,,,,,,,,,,,2452,,,1,,,,,,,,,,,,,,,,,,,,,,,,,,,,,,,,,,,,,,,,,,,,,,,,,,,,,,,,,,,,,,,,,,,,,2026-04-01 16:43:51.213001+00:00,,,,,,,%%8100,,,,,,,0,,,,,,NORMALVM,0x000000000013894d,pizza,S-1-5-21-2352865859-2334931103-2005901029-1001,,,,,,MicrosoftAccount:user=pizzahuthacker@gmail.com,,,,,,,,,,,,,0,,,,,,,,
1018,2026-04-01 16:48:11.516834+00:00,5379,Microsoft-Windows-Security-Auditing,,,,,,,,,,,,,,2452,,,1,,,,,,,,,,,,,,,,,,,,,,,,,,,,,,,,,,,,,,,,,,,,,,,,,,,,,,,,,,,,,,,,,,,,,2026-04-01 16:43:51.213001+00:00,,,,,,,%%8100,,,,,,,0,,,,,,NORMALVM,0x000000000013894d,pizza,S-1-5-21-2352865859-2334931103-2005901029-1001,,,,,,MicrosoftAccount:user=pizzahuthacker@gmail.com,,,,,,,,,,,,,0,,,,,,,,
1019,2026-04-01 16:48:11.516966+00:00,5379,Microsoft-Windows-Security-Auditing,,,,,,,,,,,,,,2452,,,1,,,,,,,,,,,,,,,,,,,,,,,,,,,,,,,,,,,,,,,,,,,,,,,,,,,,,,,,,,,,,,,,,,,,,2026-04-01 16:43:51.213001+00:00,,,,,,,%%8100,,,,,,,0,,,,,,NORMALVM,0x000000000013894d,pizza,S-1-5-21-2352865859-2334931103-2005901029-1001,,,,,,MicrosoftAccount:user=pizzahuthacker@gmail.com,,,,,,,,,,,,,0,,,,,,,,
1020,2026-04-01 16:48:11.517040+00:00,5379,Microsoft-Windows-Security-Auditing,,,,,,,,,,,,,,2452,,,1,,,,,,,,,,,,,,,,,,,,,,,,,,,,,,,,,,,,,,,,,,,,,,,,,,,,,,,,,,,,,,,,,,,,,2026-04-01 16:43:51.213001+00:00,,,,,,,%%8100,,,,,,,0,,,,,,NORMALVM,0x000000000013894d,pizza,S-1-5-21-2352865859-2334931103-2005901029-1001,,,,,,MicrosoftAccount:user=pizzahuthacker@gmail.com,,,,,,,,,,,,,0,,,,,,,,
1021,2026-04-01 16:48:11.517294+00:00,5379,Microsoft-Windows-Security-Auditing,,,,,,,,,,,,,,2452,,,1,,,,,,,,,,,,,,,,,,,,,,,,,,,,,,,,,,,,,,,,,,,,,,,,,,,,,,,,,,,,,,,,,,,,,2026-04-01 16:43:51.213001+00:00,,,,,,,%%8100,,,,,,,0,,,,,,NORMALVM,0x000000000013894d,pizza,S-1-5-21-2352865859-2334931103-2005901029-1001,,,,,,MicrosoftAccount:user=pizzahuthacker@gmail.com,,,,,,,,,,,,,0,,,,,,,,
1022,2026-04-01 16:48:11.517445+00:00,5379,Microsoft-Windows-Security-Auditing,,,,,,,,,,,,,,2452,,,1,,,,,,,,,,,,,,,,,,,,,,,,,,,,,,,,,,,,,,,,,,,,,,,,,,,,,,,,,,,,,,,,,,,,,2026-04-01 16:43:51.213001+00:00,,,,,,,%%8100,,,,,,,0,,,,,,NORMALVM,0x000000000013894d,pizza,S-1-5-21-2352865859-2334931103-2005901029-1001,,,,,,MicrosoftAccount:user=pizzahuthacker@gmail.com,,,,,,,,,,,,,0,,,,,,,,
1023,2026-04-01 16:48:11.517597+00:00,5379,Microsoft-Windows-Security-Auditing,,,,,,,,,,,,,,2452,,,1,,,,,,,,,,,,,,,,,,,,,,,,,,,,,,,,,,,,,,,,,,,,,,,,,,,,,,,,,,,,,,,,,,,,,2026-04-01 16:43:51.213001+00:00,,,,,,,%%8100,,,,,,,0,,,,,,NORMALVM,0x000000000013894d,pizza,S-1-5-21-2352865859-2334931103-2005901029-1001,,,,,,MicrosoftAccount:user=pizzahuthacker@gmail.com,,,,,,,,,,,,,0,,,,,,,,
1024,2026-04-01 16:48:11.517681+00:00,5379,Microsoft-Windows-Security-Auditing,,,,,,,,,,,,,,2452,,,1,,,,,,,,,,,,,,,,,,,,,,,,,,,,,,,,,,,,,,,,,,,,,,,,,,,,,,,,,,,,,,,,,,,,,2026-04-01 16:43:51.213001+00:00,,,,,,,%%8100,,,,,,,0,,,,,,NORMALVM,0x000000000013894d,pizza,S-1-5-21-2352865859-2334931103-2005901029-1001,,,,,,MicrosoftAccount:user=pizzahuthacker@gmail.com,,,,,,,,,,,,,0,,,,,,,,
1025,2026-04-01 16:48:11.517797+00:00,5379,Microsoft-Windows-Security-Auditing,,,,,,,,,,,,,,2452,,,1,,,,,,,,,,,,,,,,,,,,,,,,,,,,,,,,,,,,,,,,,,,,,,,,,,,,,,,,,,,,,,,,,,,,,2026-04-01 16:43:51.213001+00:00,,,,,,,%%8100,,,,,,,0,,,,,,NORMALVM,0x000000000013894d,pizza,S-1-5-21-2352865859-2334931103-2005901029-1001,,,,,,MicrosoftAccount:user=pizzahuthacker@gmail.com,,,,,,,,,,,,,0,,,,,,,,
1026,2026-04-01 16:48:11.517870+00:00,5379,Microsoft-Windows-Security-Auditing,,,,,,,,,,,,,,2452,,,1,,,,,,,,,,,,,,,,,,,,,,,,,,,,,,,,,,,,,,,,,,,,,,,,,,,,,,,,,,,,,,,,,,,,,2026-04-01 16:43:51.213001+00:00,,,,,,,%%8100,,,,,,,0,,,,,,NORMALVM,0x000000000013894d,pizza,S-1-5-21-2352865859-2334931103-2005901029-1001,,,,,,MicrosoftAccount:user=pizzahuthacker@gmail.com,,,,,,,,,,,,,0,,,,,,,,
1027,2026-04-01 16:48:11.517979+00:00,5379,Microsoft-Windows-Security-Auditing,,,,,,,,,,,,,,2452,,,1,,,,,,,,,,,,,,,,,,,,,,,,,,,,,,,,,,,,,,,,,,,,,,,,,,,,,,,,,,,,,,,,,,,,,2026-04-01 16:43:51.213001+00:00,,,,,,,%%8100,,,,,,,0,,,,,,NORMALVM,0x000000000013894d,pizza,S-1-5-21-2352865859-2334931103-2005901029-1001,,,,,,MicrosoftAccount:user=pizzahuthacker@gmail.com,,,,,,,,,,,,,0,,,,,,,,
1028,2026-04-01 16:48:11.518051+00:00,5379,Microsoft-Windows-Security-Auditing,,,,,,,,,,,,,,2452,,,1,,,,,,,,,,,,,,,,,,,,,,,,,,,,,,,,,,,,,,,,,,,,,,,,,,,,,,,,,,,,,,,,,,,,,2026-04-01 16:43:51.213001+00:00,,,,,,,%%8100,,,,,,,0,,,,,,NORMALVM,0x000000000013894d,pizza,S-1-5-21-2352865859-2334931103-2005901029-1001,,,,,,MicrosoftAccount:user=pizzahuthacker@gmail.com,,,,,,,,,,,,,0,,,,,,,,
1029,2026-04-01 16:48:11.518160+00:00,5379,Microsoft-Windows-Security-Auditing,,,,,,,,,,,,,,2452,,,1,,,,,,,,,,,,,,,,,,,,,,,,,,,,,,,,,,,,,,,,,,,,,,,,,,,,,,,,,,,,,,,,,,,,,2026-04-01 16:43:51.213001+00:00,,,,,,,%%8100,,,,,,,0,,,,,,NORMALVM,0x000000000013894d,pizza,S-1-5-21-2352865859-2334931103-2005901029-1001,,,,,,MicrosoftAccount:user=pizzahuthacker@gmail.com,,,,,,,,,,,,,0,,,,,,,,
1030,2026-04-01 16:48:11.518427+00:00,5379,Microsoft-Windows-Security-Auditing,,,,,,,,,,,,,,2452,,,1,,,,,,,,,,,,,,,,,,,,,,,,,,,,,,,,,,,,,,,,,,,,,,,,,,,,,,,,,,,,,,,,,,,,,2026-04-01 16:43:51.213001+00:00,,,,,,,%%8099,,,,,,,0,,,,,,NORMALVM,0x000000000013894d,pizza,S-1-5-21-2352865859-2334931103-2005901029-1001,,,,,,MicrosoftAccount:user=pizzahuthacker@gmail.com,,,,,,,,,,,,,1,,,,,,,,
1031,2026-04-01 16:48:11.554262+00:00,5379,Microsoft-Windows-Security-Auditing,,,,,,,,,,,,,,2452,,,1,,,,,,,,,,,,,,,,,,,,,,,,,,,,,,,,,,,,,,,,,,,,,,,,,,,,,,,,,,,,,,,,,,,,,2026-04-01 16:43:51.213001+00:00,,,,,,,%%8100,,,,,,,0,,,,,,NORMALVM,0x000000000013894d,pizza,S-1-5-21-2352865859-2334931103-2005901029-1001,,,,,,MicrosoftAccount:user=pizzahuthacker@gmail.com,,,,,,,,,,,,,0,,,,,,,,
1032,2026-04-01 16:48:11.554556+00:00,5379,Microsoft-Windows-Security-Auditing,,,,,,,,,,,,,,2452,,,1,,,,,,,,,,,,,,,,,,,,,,,,,,,,,,,,,,,,,,,,,,,,,,,,,,,,,,,,,,,,,,,,,,,,,2026-04-01 16:43:51.213001+00:00,,,,,,,%%8100,,,,,,,0,,,,,,NORMALVM,0x000000000013894d,pizza,S-1-5-21-2352865859-2334931103-2005901029-1001,,,,,,MicrosoftAccount:user=pizzahuthacker@gmail.com,,,,,,,,,,,,,0,,,,,,,,
1033,2026-04-01 16:48:11.554722+00:00,5379,Microsoft-Windows-Security-Auditing,,,,,,,,,,,,,,2452,,,1,,,,,,,,,,,,,,,,,,,,,,,,,,,,,,,,,,,,,,,,,,,,,,,,,,,,,,,,,,,,,,,,,,,,,2026-04-01 16:43:51.213001+00:00,,,,,,,%%8100,,,,,,,0,,,,,,NORMALVM,0x000000000013894d,pizza,S-1-5-21-2352865859-2334931103-2005901029-1001,,,,,,MicrosoftAccount:user=pizzahuthacker@gmail.com,,,,,,,,,,,,,0,,,,,,,,
1034,2026-04-01 16:48:11.554829+00:00,5379,Microsoft-Windows-Security-Auditing,,,,,,,,,,,,,,2452,,,1,,,,,,,,,,,,,,,,,,,,,,,,,,,,,,,,,,,,,,,,,,,,,,,,,,,,,,,,,,,,,,,,,,,,,2026-04-01 16:43:51.213001+00:00,,,,,,,%%8100,,,,,,,0,,,,,,NORMALVM,0x000000000013894d,pizza,S-1-5-21-2352865859-2334931103-2005901029-1001,,,,,,MicrosoftAccount:user=pizzahuthacker@gmail.com,,,,,,,,,,,,,0,,,,,,,,
1035,2026-04-01 16:48:11.554939+00:00,5379,Microsoft-Windows-Security-Auditing,,,,,,,,,,,,,,2452,,,1,,,,,,,,,,,,,,,,,,,,,,,,,,,,,,,,,,,,,,,,,,,,,,,,,,,,,,,,,,,,,,,,,,,,,2026-04-01 16:43:51.213001+00:00,,,,,,,%%8100,,,,,,,0,,,,,,NORMALVM,0x000000000013894d,pizza,S-1-5-21-2352865859-2334931103-2005901029-1001,,,,,,MicrosoftAccount:user=pizzahuthacker@gmail.com,,,,,,,,,,,,,0,,,,,,,,
1036,2026-04-01 16:48:11.555014+00:00,5379,Microsoft-Windows-Security-Auditing,,,,,,,,,,,,,,2452,,,1,,,,,,,,,,,,,,,,,,,,,,,,,,,,,,,,,,,,,,,,,,,,,,,,,,,,,,,,,,,,,,,,,,,,,2026-04-01 16:43:51.213001+00:00,,,,,,,%%8100,,,,,,,0,,,,,,NORMALVM,0x000000000013894d,pizza,S-1-5-21-2352865859-2334931103-2005901029-1001,,,,,,MicrosoftAccount:user=pizzahuthacker@gmail.com,,,,,,,,,,,,,0,,,,,,,,
1037,2026-04-01 16:48:11.555117+00:00,5379,Microsoft-Windows-Security-Auditing,,,,,,,,,,,,,,2452,,,1,,,,,,,,,,,,,,,,,,,,,,,,,,,,,,,,,,,,,,,,,,,,,,,,,,,,,,,,,,,,,,,,,,,,,2026-04-01 16:43:51.213001+00:00,,,,,,,%%8100,,,,,,,0,,,,,,NORMALVM,0x000000000013894d,pizza,S-1-5-21-2352865859-2334931103-2005901029-1001,,,,,,MicrosoftAccount:user=pizzahuthacker@gmail.com,,,,,,,,,,,,,0,,,,,,,,
1038,2026-04-01 16:48:11.555187+00:00,5379,Microsoft-Windows-Security-Auditing,,,,,,,,,,,,,,2452,,,1,,,,,,,,,,,,,,,,,,,,,,,,,,,,,,,,,,,,,,,,,,,,,,,,,,,,,,,,,,,,,,,,,,,,,2026-04-01 16:43:51.213001+00:00,,,,,,,%%8100,,,,,,,0,,,,,,NORMALVM,0x000000000013894d,pizza,S-1-5-21-2352865859-2334931103-2005901029-1001,,,,,,MicrosoftAccount:user=pizzahuthacker@gmail.com,,,,,,,,,,,,,0,,,,,,,,
1039,2026-04-01 16:48:11.555288+00:00,5379,Microsoft-Windows-Security-Auditing,,,,,,,,,,,,,,2452,,,1,,,,,,,,,,,,,,,,,,,,,,,,,,,,,,,,,,,,,,,,,,,,,,,,,,,,,,,,,,,,,,,,,,,,,2026-04-01 16:43:51.213001+00:00,,,,,,,%%8100,,,,,,,0,,,,,,NORMALVM,0x000000000013894d,pizza,S-1-5-21-2352865859-2334931103-2005901029-1001,,,,,,MicrosoftAccount:user=pizzahuthacker@gmail.com,,,,,,,,,,,,,0,,,,,,,,
1040,2026-04-01 16:48:11.555357+00:00,5379,Microsoft-Windows-Security-Auditing,,,,,,,,,,,,,,2452,,,1,,,,,,,,,,,,,,,,,,,,,,,,,,,,,,,,,,,,,,,,,,,,,,,,,,,,,,,,,,,,,,,,,,,,,2026-04-01 16:43:51.213001+00:00,,,,,,,%%8100,,,,,,,0,,,,,,NORMALVM,0x000000000013894d,pizza,S-1-5-21-2352865859-2334931103-2005901029-1001,,,,,,MicrosoftAccount:user=pizzahuthacker@gmail.com,,,,,,,,,,,,,0,,,,,,,,
1041,2026-04-01 16:48:11.555458+00:00,5379,Microsoft-Windows-Security-Auditing,,,,,,,,,,,,,,2452,,,1,,,,,,,,,,,,,,,,,,,,,,,,,,,,,,,,,,,,,,,,,,,,,,,,,,,,,,,,,,,,,,,,,,,,,2026-04-01 16:43:51.213001+00:00,,,,,,,%%8100,,,,,,,0,,,,,,NORMALVM,0x000000000013894d,pizza,S-1-5-21-2352865859-2334931103-2005901029-1001,,,,,,MicrosoftAccount:user=pizzahuthacker@gmail.com,,,,,,,,,,,,,0,,,,,,,,
1042,2026-04-01 16:48:11.555529+00:00,5379,Microsoft-Windows-Security-Auditing,,,,,,,,,,,,,,2452,,,1,,,,,,,,,,,,,,,,,,,,,,,,,,,,,,,,,,,,,,,,,,,,,,,,,,,,,,,,,,,,,,,,,,,,,2026-04-01 16:43:51.213001+00:00,,,,,,,%%8100,,,,,,,0,,,,,,NORMALVM,0x000000000013894d,pizza,S-1-5-21-2352865859-2334931103-2005901029-1001,,,,,,MicrosoftAccount:user=pizzahuthacker@gmail.com,,,,,,,,,,,,,0,,,,,,,,
1043,2026-04-01 16:48:11.555771+00:00,5379,Microsoft-Windows-Security-Auditing,,,,,,,,,,,,,,2452,,,1,,,,,,,,,,,,,,,,,,,,,,,,,,,,,,,,,,,,,,,,,,,,,,,,,,,,,,,,,,,,,,,,,,,,,2026-04-01 16:43:51.213001+00:00,,,,,,,%%8100,,,,,,,0,,,,,,NORMALVM,0x000000000013894d,pizza,S-1-5-21-2352865859-2334931103-2005901029-1001,,,,,,MicrosoftAccount:user=pizzahuthacker@gmail.com,,,,,,,,,,,,,0,,,,,,,,
1044,2026-04-01 16:48:11.860882+00:00,5379,Microsoft-Windows-Security-Auditing,,,,,,,,,,,,,,2452,,,1,,,,,,,,,,,,,,,,,,,,,,,,,,,,,,,,,,,,,,,,,,,,,,,,,,,,,,,,,,,,,,,,,,,,,2026-04-01 16:43:51.213001+00:00,,,,,,,%%8100,,,,,,,0,,,,,,NORMALVM,0x000000000013894d,pizza,S-1-5-21-2352865859-2334931103-2005901029-1001,,,,,,MicrosoftAccount:user=pizzahuthacker@gmail.com,,,,,,,,,,,,,0,,,,,,,,
1045,2026-04-01 16:48:11.861111+00:00,5379,Microsoft-Windows-Security-Auditing,,,,,,,,,,,,,,2452,,,1,,,,,,,,,,,,,,,,,,,,,,,,,,,,,,,,,,,,,,,,,,,,,,,,,,,,,,,,,,,,,,,,,,,,,2026-04-01 16:43:51.213001+00:00,,,,,,,%%8100,,,,,,,0,,,,,,NORMALVM,0x000000000013894d,pizza,S-1-5-21-2352865859-2334931103-2005901029-1001,,,,,,MicrosoftAccount:user=pizzahuthacker@gmail.com,,,,,,,,,,,,,0,,,,,,,,
1046,2026-04-01 16:48:11.876410+00:00,5379,Microsoft-Windows-Security-Auditing,,,,,,,,,,,,,,2452,,,1,,,,,,,,,,,,,,,,,,,,,,,,,,,,,,,,,,,,,,,,,,,,,,,,,,,,,,,,,,,,,,,,,,,,,2026-04-01 16:43:51.213001+00:00,,,,,,,%%8100,,,,,,,0,,,,,,NORMALVM,0x000000000013894d,pizza,S-1-5-21-2352865859-2334931103-2005901029-1001,,,,,,MicrosoftAccount:user=pizzahuthacker@gmail.com,,,,,,,,,,,,,0,,,,,,,,
1047,2026-04-01 16:48:11.876965+00:00,5379,Microsoft-Windows-Security-Auditing,,,,,,,,,,,,,,2452,,,1,,,,,,,,,,,,,,,,,,,,,,,,,,,,,,,,,,,,,,,,,,,,,,,,,,,,,,,,,,,,,,,,,,,,,2026-04-01 16:43:51.213001+00:00,,,,,,,%%8100,,,,,,,0,,,,,,NORMALVM,0x000000000013894d,pizza,S-1-5-21-2352865859-2334931103-2005901029-1001,,,,,,MicrosoftAccount:user=pizzahuthacker@gmail.com,,,,,,,,,,,,,0,,,,,,,,
1048,2026-04-01 16:48:11.877199+00:00,5379,Microsoft-Windows-Security-Auditing,,,,,,,,,,,,,,2452,,,1,,,,,,,,,,,,,,,,,,,,,,,,,,,,,,,,,,,,,,,,,,,,,,,,,,,,,,,,,,,,,,,,,,,,,2026-04-01 16:43:51.213001+00:00,,,,,,,%%8100,,,,,,,0,,,,,,NORMALVM,0x000000000013894d,pizza,S-1-5-21-2352865859-2334931103-2005901029-1001,,,,,,MicrosoftAccount:user=pizzahuthacker@gmail.com,,,,,,,,,,,,,0,,,,,,,,
1049,2026-04-01 16:48:11.877371+00:00,5379,Microsoft-Windows-Security-Auditing,,,,,,,,,,,,,,2452,,,1,,,,,,,,,,,,,,,,,,,,,,,,,,,,,,,,,,,,,,,,,,,,,,,,,,,,,,,,,,,,,,,,,,,,,2026-04-01 16:43:51.213001+00:00,,,,,,,%%8100,,,,,,,0,,,,,,NORMALVM,0x000000000013894d,pizza,S-1-5-21-2352865859-2334931103-2005901029-1001,,,,,,MicrosoftAccount:user=pizzahuthacker@gmail.com,,,,,,,,,,,,,0,,,,,,,,
1050,2026-04-01 16:48:11.877501+00:00,5379,Microsoft-Windows-Security-Auditing,,,,,,,,,,,,,,2452,,,1,,,,,,,,,,,,,,,,,,,,,,,,,,,,,,,,,,,,,,,,,,,,,,,,,,,,,,,,,,,,,,,,,,,,,2026-04-01 16:43:51.213001+00:00,,,,,,,%%8100,,,,,,,0,,,,,,NORMALVM,0x000000000013894d,pizza,S-1-5-21-2352865859-2334931103-2005901029-1001,,,,,,MicrosoftAccount:user=pizzahuthacker@gmail.com,,,,,,,,,,,,,0,,,,,,,,
1051,2026-04-01 16:48:11.893736+00:00,5379,Microsoft-Windows-Security-Auditing,,,,,,,,,,,,,,2452,,,1,,,,,,,,,,,,,,,,,,,,,,,,,,,,,,,,,,,,,,,,,,,,,,,,,,,,,,,,,,,,,,,,,,,,,2026-04-01 16:43:51.213001+00:00,,,,,,,%%8100,,,,,,,0,,,,,,NORMALVM,0x000000000013894d,pizza,S-1-5-21-2352865859-2334931103-2005901029-1001,,,,,,MicrosoftAccount:user=pizzahuthacker@gmail.com,,,,,,,,,,,,,0,,,,,,,,
1052,2026-04-01 16:48:11.902752+00:00,5379,Microsoft-Windows-Security-Auditing,,,,,,,,,,,,,,2452,,,1,,,,,,,,,,,,,,,,,,,,,,,,,,,,,,,,,,,,,,,,,,,,,,,,,,,,,,,,,,,,,,,,,,,,,2026-04-01 16:43:51.213001+00:00,,,,,,,%%8100,,,,,,,0,,,,,,NORMALVM,0x000000000013894d,pizza,S-1-5-21-2352865859-2334931103-2005901029-1001,,,,,,MicrosoftAccount:user=pizzahuthacker@gmail.com,,,,,,,,,,,,,0,,,,,,,,
1053,2026-04-01 16:48:11.903246+00:00,5379,Microsoft-Windows-Security-Auditing,,,,,,,,,,,,,,2452,,,1,,,,,,,,,,,,,,,,,,,,,,,,,,,,,,,,,,,,,,,,,,,,,,,,,,,,,,,,,,,,,,,,,,,,,2026-04-01 16:43:51.213001+00:00,,,,,,,%%8100,,,,,,,0,,,,,,NORMALVM,0x000000000013894d,pizza,S-1-5-21-2352865859-2334931103-2005901029-1001,,,,,,MicrosoftAccount:user=pizzahuthacker@gmail.com,,,,,,,,,,,,,0,,,,,,,,
1054,2026-04-01 16:48:11.903625+00:00,5379,Microsoft-Windows-Security-Auditing,,,,,,,,,,,,,,2452,,,1,,,,,,,,,,,,,,,,,,,,,,,,,,,,,,,,,,,,,,,,,,,,,,,,,,,,,,,,,,,,,,,,,,,,,2026-04-01 16:43:51.213001+00:00,,,,,,,%%8100,,,,,,,0,,,,,,NORMALVM,0x000000000013894d,pizza,S-1-5-21-2352865859-2334931103-2005901029-1001,,,,,,MicrosoftAccount:user=pizzahuthacker@gmail.com,,,,,,,,,,,,,0,,,,,,,,
1055,2026-04-01 16:48:11.903889+00:00,5379,Microsoft-Windows-Security-Auditing,,,,,,,,,,,,,,2452,,,1,,,,,,,,,,,,,,,,,,,,,,,,,,,,,,,,,,,,,,,,,,,,,,,,,,,,,,,,,,,,,,,,,,,,,2026-04-01 16:43:51.213001+00:00,,,,,,,%%8100,,,,,,,0,,,,,,NORMALVM,0x000000000013894d,pizza,S-1-5-21-2352865859-2334931103-2005901029-1001,,,,,,MicrosoftAccount:user=pizzahuthacker@gmail.com,,,,,,,,,,,,,0,,,,,,,,
1056,2026-04-01 16:48:11.904051+00:00,5379,Microsoft-Windows-Security-Auditing,,,,,,,,,,,,,,2452,,,1,,,,,,,,,,,,,,,,,,,,,,,,,,,,,,,,,,,,,,,,,,,,,,,,,,,,,,,,,,,,,,,,,,,,,2026-04-01 16:43:51.213001+00:00,,,,,,,%%8100,,,,,,,0,,,,,,NORMALVM,0x000000000013894d,pizza,S-1-5-21-2352865859-2334931103-2005901029-1001,,,,,,MicrosoftAccount:user=pizzahuthacker@gmail.com,,,,,,,,,,,,,0,,,,,,,,
1057,2026-04-01 16:48:11.904154+00:00,5379,Microsoft-Windows-Security-Auditing,,,,,,,,,,,,,,2452,,,1,,,,,,,,,,,,,,,,,,,,,,,,,,,,,,,,,,,,,,,,,,,,,,,,,,,,,,,,,,,,,,,,,,,,,2026-04-01 16:43:51.213001+00:00,,,,,,,%%8100,,,,,,,0,,,,,,NORMALVM,0x000000000013894d,pizza,S-1-5-21-2352865859-2334931103-2005901029-1001,,,,,,MicrosoftAccount:user=pizzahuthacker@gmail.com,,,,,,,,,,,,,0,,,,,,,,
1058,2026-04-01 16:48:11.924198+00:00,5379,Microsoft-Windows-Security-Auditing,,,,,,,,,,,,,,2452,,,1,,,,,,,,,,,,,,,,,,,,,,,,,,,,,,,,,,,,,,,,,,,,,,,,,,,,,,,,,,,,,,,,,,,,,2026-04-01 16:43:51.213001+00:00,,,,,,,%%8100,,,,,,,0,,,,,,NORMALVM,0x000000000013894d,pizza,S-1-5-21-2352865859-2334931103-2005901029-1001,,,,,,MicrosoftAccount:user=pizzahuthacker@gmail.com,,,,,,,,,,,,,0,,,,,,,,
1059,2026-04-01 16:48:11.924953+00:00,5379,Microsoft-Windows-Security-Auditing,,,,,,,,,,,,,,2452,,,0,,,,,,,,,,,,,,,,,,,,,,,,,,,,,,,,,,,,,,,,,,,,,,,,,,,,,,,,,,,,,,,,,,,,,2026-04-01 16:43:51.213001+00:00,,,,,,,%%8100,,,,,,,3221226021,,,,,,NORMALVM,0x000000000013894d,pizza,S-1-5-21-2352865859-2334931103-2005901029-1001,,,,,,WindowsLive:(token):name=pizzahuthacker@gmail.com;serviceuri=*,,,,,,,,,,,,,0,,,,,,,,
1060,2026-04-01 16:48:11.925278+00:00,5379,Microsoft-Windows-Security-Auditing,,,,,,,,,,,,,,2452,,,0,,,,,,,,,,,,,,,,,,,,,,,,,,,,,,,,,,,,,,,,,,,,,,,,,,,,,,,,,,,,,,,,,,,,,2026-04-01 16:43:51.213001+00:00,,,,,,,%%8100,,,,,,,3221226021,,,,,,NORMALVM,0x000000000013894d,pizza,S-1-5-21-2352865859-2334931103-2005901029-1001,,,,,,WindowsLive:(cert):name=pizzahuthacker@gmail.com;serviceuri=*,,,,,,,,,,,,,0,,,,,,,,
