RecordNumber,Timestamp,EventID,EventName,MessageText,AccessGranted,AccessList,AccessMask,AccessRemoved,AccountExpires,AdvancedOptions,AlgorithmName,AllowedToDelegateTo,AuthenticationPackageName,CallerProcessId,CallerProcessName,ClientCreationTime,ClientProcessId,CommandLine,ConfigAccessPolicy,CountOfCredentialsReturned,DisableIntegrityChecks,DisplayName,DomainBehaviorVersion,DomainName,DomainPolicyChanged,DomainSid,Dummy,ElevatedToken,FileName,Flags,FlightSigning,ForceLogoff,HandleId,HomeDirectory,HomePath,HypervisorDebug,HypervisorLaunchType,HypervisorLoadOptions,Identity,ImpersonationLevel,IpAddress,IpPort,KernelDebug,KeyFilePath,KeyLength,KeyName,KeyType,LinkName,LmPackageName,LoadOptions,LockoutDuration,LockoutObservationWindow,LockoutThreshold,LogonGuid,LogonHours,LogonProcessName,LogonType,MachineAccountQuota,MandatoryLabel,MaxPasswordAge,MemberName,MemberSid,MinPasswordAge,MinPasswordLength,MixedDomainMode,NewProcessId,NewProcessName,NewSd,NewState,NewTargetUserName,NewTime,NewUacValue,ObjectName,ObjectServer,ObjectType,OemInformation,OldSd,OldTargetUserName,OldUacValue,Operation,PackageSid,ParentProcessName,PasswordHistoryLength,PasswordLastSet,PasswordProperties,PreviousTime,PrimaryGroupId,PrivilegeList,ProcessCreationTime,ProcessId,ProcessName,ProfilePath,ProviderName,PuaCount,PuaPolicyId,ReadOperation,RemoteCredentialGuard,RemoteEventLogging,Resource,ResourceAttributes,ResourceManager,RestrictedAdminMode,ReturnCode,SamAccountName,Schema,SchemaFriendlyName,ScriptPath,SidHistory,SubjectDomainName,SubjectLogonId,SubjectUserName,SubjectUserSid,TargetDomainName,TargetInfo,TargetLinkedLogonId,TargetLogonGuid,TargetLogonId,TargetName,TargetOutboundDomainName,TargetOutboundUserName,TargetProcessId,TargetProcessName,TargetServerName,TargetSid,TargetUserName,TargetUserSid,TestSigning,TokenElevationType,TransactionId,TransmittedServices,Type,UserAccountControl,UserParameters,UserPrincipalName,UserWorkstations,VirtualAccount,VsmLaunchType,Workstation,WorkstationName
1,2026-04-01 19:15:52.325634+00:00,4688,Microsoft-Windows-Security-Auditing,,,,,,,,,,,,,,,,,,,,,,,,,,,,,,,,,,,,,,,,,,,,,,,,,,,,,,,,S-1-16-16384,,,,,,,0x000000000000004c,Registry,,,,,,,,,,,,,,,,,,,,,,,0x0000000000000004,,,,,,,,,,,,,,,,,,,-,0x00000000000003e7,-,S-1-5-18,-,,,,0x0000000000000000,,,,,,,,-,S-1-0-0,,%%1936,,,,,,,,,,,
2,2026-04-01 19:15:52.325876+00:00,4696,Microsoft-Windows-Security-Auditing,,,,,,,,,,,,,,,,,,,,,,,,,,,,,,,,,,,,,,,,,,,,,,,,,,,,,,,,,,,,,,,,,,,,,,,,,,,,,,,,,,,,,,,0x0000000000000004,,,,,,,,,,,,,,,,,,,-,0x00000000000003e7,-,S-1-5-18,-,,,,0x00000000000003e7,,,,0x000000000000004c,Registry,,,-,S-1-0-0,,,,,,,,,,,,,
3,2026-04-01 19:15:52.325880+00:00,4826,Microsoft-Windows-Security-Auditing,,,,,,,%%1843,,,,,,,,,%%1846,,%%1843,,,,,,,,,,%%1843,,,,,%%1843,%%1848,-,,,,,%%1843,,,,,,,-,,,,,,,,,,,,,,,,,,,,,,,,,,,,,,,,,,,,,,,,,,,,,,,,%%1843,,,,,,,,,,,-,0x00000000000003e7,-,S-1-5-18,,,,,,,,,,,,,,,%%1843,,,,,,,,,,%%1848,,
4,2026-04-01 19:15:52.327856+00:00,4688,Microsoft-Windows-Security-Auditing,,,,,,,,,,,,,,,,,,,,,,,,,,,,,,,,,,,,,,,,,,,,,,,,,,,,,,,,S-1-16-16384,,,,,,,0x0000000000000190,C:\Windows\System32\smss.exe,,,,,,,,,,,,,,,,,,,,,,,0x0000000000000004,,,,,,,,,,,,,,,,,,,-,0x00000000000003e7,-,S-1-5-18,-,,,,0x0000000000000000,,,,,,,,-,S-1-0-0,,%%1936,,,,,,,,,,,
5,2026-04-01 19:15:53.161638+00:00,4688,Microsoft-Windows-Security-Auditing,,,,,,,,,,,,,,,,,,,,,,,,,,,,,,,,,,,,,,,,,,,,,,,,,,,,,,,,S-1-16-16384,,,,,,,0x00000000000001a0,C:\Windows\System32\autochk.exe,,,,,,,,,,,,,,,C:\Windows\System32\smss.exe,,,,,,,,0x0000000000000190,,,,,,,,,,,,,,,,,,,-,0x00000000000003e7,-,S-1-5-18,-,,,,0x0000000000000000,,,,,,,,-,S-1-0-0,,%%1936,,,,,,,,,,,
6,2026-04-01 19:15:53.666651+00:00,4688,Microsoft-Windows-Security-Auditing,,,,,,,,,,,,,,,,,,,,,,,,,,,,,,,,,,,,,,,,,,,,,,,,,,,,,,,,S-1-16-16384,,,,,,,0x00000000000001f8,C:\Windows\System32\setupcl.exe,,,,,,,,,,,,,,,C:\Windows\System32\smss.exe,,,,,,,,0x0000000000000190,,,,,,,,,,,,,,,,,,,-,0x00000000000003e7,-,S-1-5-18,-,,,,0x0000000000000000,,,,,,,,-,S-1-0-0,,%%1936,,,,,,,,,,,
7,2026-04-01 19:15:57.540720+00:00,4688,Microsoft-Windows-Security-Auditing,,,,,,,,,,,,,,,,,,,,,,,,,,,,,,,,,,,,,,,,,,,,,,,,,,,,,,,,S-1-16-16384,,,,,,,0x0000000000000218,C:\Windows\System32\smss.exe,,,,,,,,,,,,,,,C:\Windows\System32\smss.exe,,,,,,,,0x0000000000000190,,,,,,,,,,,,,,,,,,,-,0x00000000000003e7,-,S-1-5-18,-,,,,0x0000000000000000,,,,,,,,-,S-1-0-0,,%%1936,,,,,,,,,,,
8,2026-04-01 19:15:57.632614+00:00,4688,Microsoft-Windows-Security-Auditing,,,,,,,,,,,,,,,,,,,,,,,,,,,,,,,,,,,,,,,,,,,,,,,,,,,,,,,,S-1-16-16384,,,,,,,0x0000000000000220,C:\Windows\System32\csrss.exe,,,,,,,,,,,,,,,C:\Windows\System32\smss.exe,,,,,,,,0x0000000000000218,,,,,,,,,,,,,,,,,,,-,0x00000000000003e7,-,S-1-5-18,-,,,,0x0000000000000000,,,,,,,,-,S-1-0-0,,%%1936,,,,,,,,,,,
9,2026-04-01 19:15:57.690784+00:00,4688,Microsoft-Windows-Security-Auditing,,,,,,,,,,,,,,,,,,,,,,,,,,,,,,,,,,,,,,,,,,,,,,,,,,,,,,,,S-1-16-16384,,,,,,,0x0000000000000258,C:\Windows\System32\smss.exe,,,,,,,,,,,,,,,C:\Windows\System32\smss.exe,,,,,,,,0x0000000000000190,,,,,,,,,,,,,,,,,,,-,0x00000000000003e7,-,S-1-5-18,-,,,,0x0000000000000000,,,,,,,,-,S-1-0-0,,%%1936,,,,,,,,,,,
10,2026-04-01 19:15:57.694523+00:00,4688,Microsoft-Windows-Security-Auditing,,,,,,,,,,,,,,,,,,,,,,,,,,,,,,,,,,,,,,,,,,,,,,,,,,,,,,,,S-1-16-16384,,,,,,,0x0000000000000260,C:\Windows\System32\wininit.exe,,,,,,,,,,,,,,,C:\Windows\System32\smss.exe,,,,,,,,0x0000000000000218,,,,,,,,,,,,,,,,,,,-,0x00000000000003e7,-,S-1-5-18,-,,,,0x0000000000000000,,,,,,,,-,S-1-0-0,,%%1936,,,,,,,,,,,
11,2026-04-01 19:15:57.696304+00:00,4688,Microsoft-Windows-Security-Auditing,,,,,,,,,,,,,,,,,,,,,,,,,,,,,,,,,,,,,,,,,,,,,,,,,,,,,,,,S-1-16-16384,,,,,,,0x0000000000000268,C:\Windows\System32\csrss.exe,,,,,,,,,,,,,,,C:\Windows\System32\smss.exe,,,,,,,,0x0000000000000258,,,,,,,,,,,,,,,,,,,-,0x00000000000003e7,-,S-1-5-18,-,,,,0x0000000000000000,,,,,,,,-,S-1-0-0,,%%1936,,,,,,,,,,,
12,2026-04-01 19:15:57.724939+00:00,4688,Microsoft-Windows-Security-Auditing,,,,,,,,,,,,,,,,,,,,,,,,,,,,,,,,,,,,,,,,,,,,,,,,,,,,,,,,S-1-16-16384,,,,,,,0x0000000000000298,C:\Windows\System32\winlogon.exe,,,,,,,,,,,,,,,C:\Windows\System32\smss.exe,,,,,,,,0x0000000000000258,,,,,,,,,,,,,,,,,,,-,0x00000000000003e7,-,S-1-5-18,-,,,,0x0000000000000000,,,,,,,,-,S-1-0-0,,%%1936,,,,,,,,,,,
13,2026-04-01 19:15:57.819704+00:00,4688,Microsoft-Windows-Security-Auditing,,,,,,,,,,,,,,,,,,,,,,,,,,,,,,,,,,,,,,,,,,,,,,,,,,,,,,,,S-1-16-16384,,,,,,,0x00000000000002dc,C:\Windows\System32\services.exe,,,,,,,,,,,,,,,C:\Windows\System32\wininit.exe,,,,,,,,0x0000000000000260,,,,,,,,,,,,,,,,,,,-,0x00000000000003e7,-,S-1-5-18,-,,,,0x0000000000000000,,,,,,,,-,S-1-0-0,,%%1936,,,,,,,,,,,
14,2026-04-01 19:15:57.888369+00:00,4688,Microsoft-Windows-Security-Auditing,,,,,,,,,,,,,,,,,,,,,,,,,,,,,,,,,,,,,,,,,,,,,,,,,,,,,,,,S-1-16-16384,,,,,,,0x00000000000002e4,C:\Windows\System32\lsass.exe,,,,,,,,,,,,,,,C:\Windows\System32\wininit.exe,,,,,,,,0x0000000000000260,,,,,,,,,,,,,,,,,,,-,0x00000000000003e7,-,S-1-5-18,-,,,,0x0000000000000000,,,,,,,,-,S-1-0-0,,%%1936,,,,,,,,,,,
15,2026-04-01 19:15:57.961256+00:00,6417,Microsoft-Windows-Security-Auditing,,,,,,,,,,,,,,,,,,,,,,,,,,,,,,,,,,,,,,,,,,,,,,,,,,,,,,,,,,,,,,,,,,,,,,,,,,,,,,,,,,,,,,,0x00000000000002e4,C:\Windows\System32\lsass.exe,,,,,,,,,,,,,,,,,,,,,,,,,,,,,,,,,,,,,,,,,,,,,,,,
16,2026-04-01 19:15:57.968834+00:00,4608,Microsoft-Windows-Security-Auditing,,,,,,,,,,,,,,,,,,,,,,,,,,,,,,,,,,,,,,,,,,,,,,,,,,,,,,,,,,,,,,,,,,,,,,,,,,,,,,,,,,,,,,,,,,,,,,,,,,,,,,,,,,,,,,,,,,,,,,,,,,,,,,,,,,,,,,,,
17,2026-04-01 19:15:57.975025+00:00,4624,Microsoft-Windows-Security-Auditing,,,,,,,,,,-,,,,,,,,,,,,,,,%%1842,,,,,,,,,,,,-,-,-,,,0,,,,-,,,,,{00000000-0000-0000-0000-000000000000},,-,0,,,,,,,,,,,,,,,,,,,,,,,,,,,,,,,,,0x0000000000000004,,,,,,,-,,,,,-,,,,,,,-,0x0000000000000000,-,S-1-0-0,NT AUTHORITY,,0x0000000000000000,,0x00000000000003e7,,-,-,,,,,SYSTEM,S-1-5-18,,,,-,,,,,,%%1843,,,-
18,2026-04-01 19:15:58.151655+00:00,4902,Microsoft-Windows-Security-Auditing,,,,,,,,,,,,,,,,,,,,,,,,,,,,,,,,,,,,,,,,,,,,,,,,,,,,,,,,,,,,,,,,,,,,,,,,,,,,,,,,,,,,,,,,,,,0,0x000000000005f5a9,,,,,,,,,,,,,,,,,,,,,,,,,,,,,,,,,,,,,,,,,,,,
19,2026-04-01 19:15:58.180679+00:00,4717,Microsoft-Windows-Security-Auditing,,SeServiceLogonRight,,,,,,,,,,,,,,,,,,,,,,,,,,,,,,,,,,,,,,,,,,,,,,,,,,,,,,,,,,,,,,,,,,,,,,,,,,,,,,,,,,,,,,,,,,,,,,,,,,,,,,,,,0x00000000000003e7,MINWINPC$,S-1-5-18,,,,,,,,,,,,S-1-5-80-3169285310-278349998-1452333686-3865143136-4212226833,,,,,,,,,,,,,,,
20,2026-04-01 19:15:58.195372+00:00,4731,Microsoft-Windows-Security-Auditing,,,,,,,,,,,,,,,,,,,,,,,,,,,,,,,,,,,,,,,,,,,,,,,,,,,,,,,,,,,,,,,,,,,,,,,,,,,,,,,,,,,,,-,,,,,,,,,,,,,,,,Performance Monitor Users,,,,-,,0x00000000000003e7,MINWINPC$,S-1-5-18,Builtin,,,,,,,,,,,S-1-5-32-558,Performance Monitor Users,,,,,,,,,,,,,,
21,2026-04-01 19:15:58.195400+00:00,4735,Microsoft-Windows-Security-Auditing,,,,,,,,,,,,,,,,,,,,,,,,,,,,,,,,,,,,,,,,,,,,,,,,,,,,,,,,,,,,,,,,,,,,,,,,,,,,,,,,,,,,,-,,,,,,,,,,,,,,,,-,,,,-,,0x00000000000003e7,MINWINPC$,S-1-5-18,Builtin,,,,,,,,,,,S-1-5-32-558,Performance Monitor Users,,,,,,,,,,,,,,
22,2026-04-01 19:15:58.195526+00:00,4731,Microsoft-Windows-Security-Auditing,,,,,,,,,,,,,,,,,,,,,,,,,,,,,,,,,,,,,,,,,,,,,,,,,,,,,,,,,,,,,,,,,,,,,,,,,,,,,,,,,,,,,-,,,,,,,,,,,,,,,,Performance Log Users,,,,-,,0x00000000000003e7,MINWINPC$,S-1-5-18,Builtin,,,,,,,,,,,S-1-5-32-559,Performance Log Users,,,,,,,,,,,,,,
23,2026-04-01 19:15:58.195549+00:00,4735,Microsoft-Windows-Security-Auditing,,,,,,,,,,,,,,,,,,,,,,,,,,,,,,,,,,,,,,,,,,,,,,,,,,,,,,,,,,,,,,,,,,,,,,,,,,,,,,,,,,,,,-,,,,,,,,,,,,,,,,-,,,,-,,0x00000000000003e7,MINWINPC$,S-1-5-18,Builtin,,,,,,,,,,,S-1-5-32-559,Performance Log Users,,,,,,,,,,,,,,
24,2026-04-01 19:15:58.196070+00:00,4731,Microsoft-Windows-Security-Auditing,,,,,,,,,,,,,,,,,,,,,,,,,,,,,,,,,,,,,,,,,,,,,,,,,,,,,,,,,,,,,,,,,,,,,,,,,,,,,,,,,,,,,-,,,,,,,,,,,,,,,,Distributed COM Users,,,,-,,0x00000000000003e7,MINWINPC$,S-1-5-18,Builtin,,,,,,,,,,,S-1-5-32-562,Distributed COM Users,,,,,,,,,,,,,,
25,2026-04-01 19:15:58.196093+00:00,4735,Microsoft-Windows-Security-Auditing,,,,,,,,,,,,,,,,,,,,,,,,,,,,,,,,,,,,,,,,,,,,,,,,,,,,,,,,,,,,,,,,,,,,,,,,,,,,,,,,,,,,,-,,,,,,,,,,,,,,,,-,,,,-,,0x00000000000003e7,MINWINPC$,S-1-5-18,Builtin,,,,,,,,,,,S-1-5-32-562,Distributed COM Users,,,,,,,,,,,,,,
26,2026-04-01 19:15:58.196224+00:00,4731,Microsoft-Windows-Security-Auditing,,,,,,,,,,,,,,,,,,,,,,,,,,,,,,,,,,,,,,,,,,,,,,,,,,,,,,,,,,,,,,,,,,,,,,,,,,,,,,,,,,,,,-,,,,,,,,,,,,,,,,IIS_IUSRS,,,,-,,0x00000000000003e7,MINWINPC$,S-1-5-18,Builtin,,,,,,,,,,,S-1-5-32-568,IIS_IUSRS,,,,,,,,,,,,,,
27,2026-04-01 19:15:58.196245+00:00,4735,Microsoft-Windows-Security-Auditing,,,,,,,,,,,,,,,,,,,,,,,,,,,,,,,,,,,,,,,,,,,,,,,,,,,,,,,,,,,,,,,,,,,,,,,,,,,,,,,,,,,,,-,,,,,,,,,,,,,,,,-,,,,-,,0x00000000000003e7,MINWINPC$,S-1-5-18,Builtin,,,,,,,,,,,S-1-5-32-568,IIS_IUSRS,,,,,,,,,,,,,,
28,2026-04-01 19:15:58.196278+00:00,4732,Microsoft-Windows-Security-Auditing,,,,,,,,,,,,,,,,,,,,,,,,,,,,,,,,,,,,,,,,,,,,,,,,,,,,,,,,,,-,S-1-5-17,,,,,,,,,,,,,,,,,,,,,,,,,,-,,,,,,,,,,,,,,,,,,,,,,0x00000000000003e7,MINWINPC$,S-1-5-18,Builtin,,,,,,,,,,,S-1-5-32-568,IIS_IUSRS,,,,,,,,,,,,,,
29,2026-04-01 19:15:58.196507+00:00,4731,Microsoft-Windows-Security-Auditing,,,,,,,,,,,,,,,,,,,,,,,,,,,,,,,,,,,,,,,,,,,,,,,,,,,,,,,,,,,,,,,,,,,,,,,,,,,,,,,,,,,,,-,,,,,,,,,,,,,,,,Event Log Readers,,,,-,,0x00000000000003e7,MINWINPC$,S-1-5-18,Builtin,,,,,,,,,,,S-1-5-32-573,Event Log Readers,,,,,,,,,,,,,,
30,2026-04-01 19:15:58.196527+00:00,4735,Microsoft-Windows-Security-Auditing,,,,,,,,,,,,,,,,,,,,,,,,,,,,,,,,,,,,,,,,,,,,,,,,,,,,,,,,,,,,,,,,,,,,,,,,,,,,,,,,,,,,,-,,,,,,,,,,,,,,,,-,,,,-,,0x00000000000003e7,MINWINPC$,S-1-5-18,Builtin,,,,,,,,,,,S-1-5-32-573,Event Log Readers,,,,,,,,,,,,,,
31,2026-04-01 19:15:58.196951+00:00,4731,Microsoft-Windows-Security-Auditing,,,,,,,,,,,,,,,,,,,,,,,,,,,,,,,,,,,,,,,,,,,,,,,,,,,,,,,,,,,,,,,,,,,,,,,,,,,,,,,,,,,,,-,,,,,,,,,,,,,,,,Remote Management Users,,,,-,,0x00000000000003e7,MINWINPC$,S-1-5-18,Builtin,,,,,,,,,,,S-1-5-32-580,Remote Management Users,,,,,,,,,,,,,,
32,2026-04-01 19:15:58.196974+00:00,4735,Microsoft-Windows-Security-Auditing,,,,,,,,,,,,,,,,,,,,,,,,,,,,,,,,,,,,,,,,,,,,,,,,,,,,,,,,,,,,,,,,,,,,,,,,,,,,,,,,,,,,,-,,,,,,,,,,,,,,,,-,,,,-,,0x00000000000003e7,MINWINPC$,S-1-5-18,Builtin,,,,,,,,,,,S-1-5-32-580,Remote Management Users,,,,,,,,,,,,,,
33,2026-04-01 19:15:58.197277+00:00,4728,Microsoft-Windows-Security-Auditing,,,,,,,,,,,,,,,,,,,,,,,,,,,,,,,,,,,,,,,,,,,,,,,,,,,,,,,,,,-,S-1-5-21-2352865859-2334931103-2005901029-504,,,,,,,,,,,,,,,,,,,,,,,,,,-,,,,,,,,,,,,,,,,,,,,,,0x00000000000003e7,MINWINPC$,S-1-5-18,MINWINPC,,,,,,,,,,,S-1-5-21-2352865859-2334931103-2005901029-513,None,,,,,,,,,,,,,,
34,2026-04-01 19:15:58.197731+00:00,4720,Microsoft-Windows-Security-Auditing,,,,,,%%1794,,,-,,,,,,,,,,%%1793,,,,,,,,,,,,%%1793,%%1793,,,,,,,,,,,,,,,,,,,,%%1797,,,,,,,,,,,,,,,,,0x15,,,,,,,0x0,,,,,%%1794,,,513,-,,,,%%1793,,,,,,,,,,,,WDAGUtilityAccount,,,%%1793,-,,0x00000000000003e7,MINWINPC$,S-1-5-18,MINWINPC,,,,,,,,,,,S-1-5-21-2352865859-2334931103-2005901029-504,WDAGUtilityAccount,,,,,,,"
		%%2080
		%%2082
		%%2084",%%1793,-,%%1793,,,,
35,2026-04-01 19:15:58.197878+00:00,4738,Microsoft-Windows-Security-Auditing,,,,,,-,,,-,,,,,,,,,,-,,,,,-,,,,,,,-,-,,,,,,,,,,,,,,,,,,,,-,,,,,,,,,,,,,,,,,0x11,,,,,,,0x15,,,,,-,,,-,-,,,,-,,,,,,,,,,,,-,,,-,-,,0x00000000000003e7,MINWINPC$,S-1-5-18,MINWINPC,,,,,,,,,,,S-1-5-21-2352865859-2334931103-2005901029-504,WDAGUtilityAccount,,,,,,,"
		%%2050",-,-,-,,,,
36,2026-04-01 19:15:58.239479+00:00,4738,Microsoft-Windows-Security-Auditing,,,,,,-,,,-,,,,,,,,,,-,,,,,-,,,,,,,-,-,,,,,,,,,,,,,,,,,,,,-,,,,,,,,,,,,,,,,,-,,,,,,,-,,,,,-,,,-,-,,,,-,,,,,,,,,,,,-,,,-,-,,0x00000000000003e7,MINWINPC$,S-1-5-18,MINWINPC,,,,,,,,,,,S-1-5-21-2352865859-2334931103-2005901029-504,WDAGUtilityAccount,,,,,,,-,-,-,-,,,,
37,2026-04-01 19:15:58.239567+00:00,4738,Microsoft-Windows-Security-Auditing,,,,,,-,,,-,,,,,,,,,,-,,,,,-,,,,,,,-,-,,,,,,,,,,,,,,,,,,,,-,,,,,,,,,,,,,,,,,-,,,,,,,-,,,,,-,,,-,-,,,,-,,,,,,,,,,,,-,,,-,-,,0x00000000000003e7,MINWINPC$,S-1-5-18,MINWINPC,,,,,,,,,,,S-1-5-21-2352865859-2334931103-2005901029-504,WDAGUtilityAccount,,,,,,,-,-,-,-,,,,
38,2026-04-01 19:15:58.239906+00:00,4731,Microsoft-Windows-Security-Auditing,,,,,,,,,,,,,,,,,,,,,,,,,,,,,,,,,,,,,,,,,,,,,,,,,,,,,,,,,,,,,,,,,,,,,,,,,,,,,,,,,,,,,-,,,,,,,,,,,,,,,,OpenSSH Users,,,,-,,0x00000000000003e7,MINWINPC$,S-1-5-18,Builtin,,,,,,,,,,,S-1-5-32-585,OpenSSH Users,,,,,,,,,,,,,,
39,2026-04-01 19:15:58.239931+00:00,4735,Microsoft-Windows-Security-Auditing,,,,,,,,,,,,,,,,,,,,,,,,,,,,,,,,,,,,,,,,,,,,,,,,,,,,,,,,,,,,,,,,,,,,,,,,,,,,,,,,,,,,,-,,,,,,,,,,,,,,,,-,,,,-,,0x00000000000003e7,MINWINPC$,S-1-5-18,Builtin,,,,,,,,,,,S-1-5-32-585,OpenSSH Users,,,,,,,,,,,,,,
40,2026-04-01 19:15:58.241457+00:00,4731,Microsoft-Windows-Security-Auditing,,,,,,,,,,,,,,,,,,,,,,,,,,,,,,,,,,,,,,,,,,,,,,,,,,,,,,,,,,,,,,,,,,,,,,,,,,,,,,,,,,,,,-,,,,,,,,,,,,,,,,Hyper-V Administrators,,,,-,,0x00000000000003e7,MINWINPC$,S-1-5-18,Builtin,,,,,,,,,,,S-1-5-32-578,Hyper-V Administrators,,,,,,,,,,,,,,
41,2026-04-01 19:15:58.241556+00:00,4735,Microsoft-Windows-Security-Auditing,,,,,,,,,,,,,,,,,,,,,,,,,,,,,,,,,,,,,,,,,,,,,,,,,,,,,,,,,,,,,,,,,,,,,,,,,,,,,,,,,,,,,-,,,,,,,,,,,,,,,,-,,,,-,,0x00000000000003e7,MINWINPC$,S-1-5-18,Builtin,,,,,,,,,,,S-1-5-32-578,Hyper-V Administrators,,,,,,,,,,,,,,
42,2026-04-01 19:15:58.297096+00:00,4648,Microsoft-Windows-Security-Auditing,,,,,,,,,,,,,,,,,,,,,,,,,,,,,,,,,,,,,,-,-,,,,,,,,,,,,{00000000-0000-0000-0000-000000000000},,,,,,,,,,,,,,,,,,,,,,,,,,,,,,,,,,,,0x0000000000000298,C:\Windows\System32\winlogon.exe,,,,,,,,,,,,,,,,,,,0x00000000000003e7,MINWINPC$,S-1-5-18,Font Driver Host,localhost,,{00000000-0000-0000-0000-000000000000},,,,,,,localhost,,UMFD-1,,,,,,,,,,,,,,
43,2026-04-01 19:15:58.297108+00:00,4624,Microsoft-Windows-Security-Auditing,,,,,,,,,,Negotiate,,,,,,,,,,,,,,,%%1843,,,,,,,,,,,,%%1833,-,-,,,0,,,,-,,,,,{00000000-0000-0000-0000-000000000000},,Advapi  ,2,,,,,,,,,,,,,,,,,,,,,,,,,,,,,,,,,0x0000000000000298,C:\Windows\System32\winlogon.exe,,,,,,-,,,,,-,,,,,,,,0x00000000000003e7,MINWINPC$,S-1-5-18,Font Driver Host,,0x0000000000000000,,0x000000000005fab5,,-,-,,,,,UMFD-1,S-1-5-96-0-1,,,,-,,,,,,%%1842,,,-
44,2026-04-01 19:15:58.297251+00:00,4624,Microsoft-Windows-Security-Auditing,,,,,,,,,,Negotiate,,,,,,,,,,,,,,,%%1842,,,,,,,,,,,,%%1833,-,-,,,0,,,,-,,,,,{00000000-0000-0000-0000-000000000000},,Advapi  ,5,,,,,,,,,,,,,,,,,,,,,,,,,,,,,,,,,0x00000000000002dc,C:\Windows\System32\services.exe,,,,,,-,,,,,-,,,,,,,,0x00000000000003e7,MINWINPC$,S-1-5-18,NT AUTHORITY,,0x0000000000000000,,0x00000000000003e7,,-,-,,,,,SYSTEM,S-1-5-18,,,,-,,,,,,%%1843,,,-
45,2026-04-01 19:15:58.297255+00:00,4672,Microsoft-Windows-Security-Auditing,,,,,,,,,,,,,,,,,,,,,,,,,,,,,,,,,,,,,,,,,,,,,,,,,,,,,,,,,,,,,,,,,,,,,,,,,,,,,,,,,,,,,"SeAssignPrimaryTokenPrivilege
			SeTcbPrivilege
			SeSecurityPrivilege
			SeTakeOwnershipPrivilege
			SeLoadDriverPrivilege
			SeBackupPrivilege
			SeRestorePrivilege
			SeDebugPrivilege
			SeAuditPrivilege
			SeSystemEnvironmentPrivilege
			SeImpersonatePrivilege
			SeDelegateSessionUserImpersonatePrivilege",,,,,,,,,,,,,,,,,,,,,NT AUTHORITY,0x00000000000003e7,SYSTEM,S-1-5-18,,,,,,,,,,,,,,,,,,,,,,,,,,,
46,2026-04-01 19:15:58.299259+00:00,4648,Microsoft-Windows-Security-Auditing,,,,,,,,,,,,,,,,,,,,,,,,,,,,,,,,,,,,,,-,-,,,,,,,,,,,,{00000000-0000-0000-0000-000000000000},,,,,,,,,,,,,,,,,,,,,,,,,,,,,,,,,,,,0x0000000000000260,C:\Windows\System32\wininit.exe,,,,,,,,,,,,,,,,,,,0x00000000000003e7,MINWINPC$,S-1-5-18,Font Driver Host,localhost,,{00000000-0000-0000-0000-000000000000},,,,,,,localhost,,UMFD-0,,,,,,,,,,,,,,
47,2026-04-01 19:15:58.299271+00:00,4624,Microsoft-Windows-Security-Auditing,,,,,,,,,,Negotiate,,,,,,,,,,,,,,,%%1843,,,,,,,,,,,,%%1833,-,-,,,0,,,,-,,,,,{00000000-0000-0000-0000-000000000000},,Advapi  ,2,,,,,,,,,,,,,,,,,,,,,,,,,,,,,,,,,0x0000000000000260,C:\Windows\System32\wininit.exe,,,,,,-,,,,,-,,,,,,,,0x00000000000003e7,MINWINPC$,S-1-5-18,Font Driver Host,,0x0000000000000000,,0x000000000005fbf9,,-,-,,,,,UMFD-0,S-1-5-96-0-0,,,,-,,,,,,%%1842,,,-
48,2026-04-01 19:15:58.610851+00:00,4624,Microsoft-Windows-Security-Auditing,,,,,,,,,,Negotiate,,,,,,,,,,,,,,,%%1842,,,,,,,,,,,,%%1833,-,-,,,0,,,,-,,,,,{00000000-0000-0000-0000-000000000000},,Advapi  ,5,,,,,,,,,,,,,,,,,,,,,,,,,,,,,,,,,0x00000000000002dc,C:\Windows\System32\services.exe,,,,,,-,,,,,-,,,,,,,,0x00000000000003e7,MINWINPC$,S-1-5-18,NT AUTHORITY,,0x0000000000000000,,0x00000000000003e4,,-,-,,,,,NETWORK SERVICE,S-1-5-20,,,,-,,,,,,%%1843,,,-
49,2026-04-01 19:15:58.610855+00:00,4672,Microsoft-Windows-Security-Auditing,,,,,,,,,,,,,,,,,,,,,,,,,,,,,,,,,,,,,,,,,,,,,,,,,,,,,,,,,,,,,,,,,,,,,,,,,,,,,,,,,,,,,"SeAssignPrimaryTokenPrivilege
			SeAuditPrivilege
			SeImpersonatePrivilege",,,,,,,,,,,,,,,,,,,,,NT AUTHORITY,0x00000000000003e4,NETWORK SERVICE,S-1-5-20,,,,,,,,,,,,,,,,,,,,,,,,,,,
50,2026-04-01 19:16:00.180449+00:00,4624,Microsoft-Windows-Security-Auditing,,,,,,,,,,Negotiate,,,,,,,,,,,,,,,%%1842,,,,,,,,,,,,%%1833,-,-,,,0,,,,-,,,,,{00000000-0000-0000-0000-000000000000},,Advapi  ,5,,,,,,,,,,,,,,,,,,,,,,,,,,,,,,,,,0x00000000000002dc,C:\Windows\System32\services.exe,,,,,,-,,,,,-,,,,,,,,0x00000000000003e7,MINWINPC$,S-1-5-18,NT AUTHORITY,,0x0000000000000000,,0x00000000000003e7,,-,-,,,,,SYSTEM,S-1-5-18,,,,-,,,,,,%%1843,,,-
51,2026-04-01 19:16:00.180454+00:00,4672,Microsoft-Windows-Security-Auditing,,,,,,,,,,,,,,,,,,,,,,,,,,,,,,,,,,,,,,,,,,,,,,,,,,,,,,,,,,,,,,,,,,,,,,,,,,,,,,,,,,,,,"SeAssignPrimaryTokenPrivilege
			SeTcbPrivilege
			SeSecurityPrivilege
			SeTakeOwnershipPrivilege
			SeLoadDriverPrivilege
			SeBackupPrivilege
			SeRestorePrivilege
			SeDebugPrivilege
			SeAuditPrivilege
			SeSystemEnvironmentPrivilege
			SeImpersonatePrivilege
			SeDelegateSessionUserImpersonatePrivilege",,,,,,,,,,,,,,,,,,,,,NT AUTHORITY,0x00000000000003e7,SYSTEM,S-1-5-18,,,,,,,,,,,,,,,,,,,,,,,,,,,
52,2026-04-01 19:16:00.548418+00:00,4648,Microsoft-Windows-Security-Auditing,,,,,,,,,,,,,,,,,,,,,,,,,,,,,,,,,,,,,,-,-,,,,,,,,,,,,{00000000-0000-0000-0000-000000000000},,,,,,,,,,,,,,,,,,,,,,,,,,,,,,,,,,,,0x0000000000000298,C:\Windows\System32\winlogon.exe,,,,,,,,,,,,,,,,,,,0x00000000000003e7,MINWINPC$,S-1-5-18,Window Manager,localhost,,{00000000-0000-0000-0000-000000000000},,,,,,,localhost,,DWM-1,,,,,,,,,,,,,,
53,2026-04-01 19:16:00.548429+00:00,4624,Microsoft-Windows-Security-Auditing,,,,,,,,,,Negotiate,,,,,,,,,,,,,,,%%1842,,,,,,,,,,,,%%1833,-,-,,,0,,,,-,,,,,{00000000-0000-0000-0000-000000000000},,Advapi  ,2,,,,,,,,,,,,,,,,,,,,,,,,,,,,,,,,,0x0000000000000298,C:\Windows\System32\winlogon.exe,,,,,,-,,,,,-,,,,,,,,0x00000000000003e7,MINWINPC$,S-1-5-18,Window Manager,,0x0000000000067937,,0x000000000006790b,,-,-,,,,,DWM-1,S-1-5-90-0-1,,,,-,,,,,,%%1842,,,-
54,2026-04-01 19:16:00.548437+00:00,4624,Microsoft-Windows-Security-Auditing,,,,,,,,,,Negotiate,,,,,,,,,,,,,,,%%1843,,,,,,,,,,,,%%1833,-,-,,,0,,,,-,,,,,{00000000-0000-0000-0000-000000000000},,Advapi  ,2,,,,,,,,,,,,,,,,,,,,,,,,,,,,,,,,,0x0000000000000298,C:\Windows\System32\winlogon.exe,,,,,,-,,,,,-,,,,,,,,0x00000000000003e7,MINWINPC$,S-1-5-18,Window Manager,,0x000000000006790b,,0x0000000000067937,,-,-,,,,,DWM-1,S-1-5-90-0-1,,,,-,,,,,,%%1842,,,-
55,2026-04-01 19:16:00.548441+00:00,4672,Microsoft-Windows-Security-Auditing,,,,,,,,,,,,,,,,,,,,,,,,,,,,,,,,,,,,,,,,,,,,,,,,,,,,,,,,,,,,,,,,,,,,,,,,,,,,,,,,,,,,,"SeAssignPrimaryTokenPrivilege
			SeAuditPrivilege
			SeImpersonatePrivilege",,,,,,,,,,,,,,,,,,,,,Window Manager,0x000000000006790b,DWM-1,S-1-5-90-0-1,,,,,,,,,,,,,,,,,,,,,,,,,,,
56,2026-04-01 19:16:00.548443+00:00,4672,Microsoft-Windows-Security-Auditing,,,,,,,,,,,,,,,,,,,,,,,,,,,,,,,,,,,,,,,,,,,,,,,,,,,,,,,,,,,,,,,,,,,,,,,,,,,,,,,,,,,,,"SeAssignPrimaryTokenPrivilege
			SeAuditPrivilege",,,,,,,,,,,,,,,,,,,,,Window Manager,0x0000000000067937,DWM-1,S-1-5-90-0-1,,,,,,,,,,,,,,,,,,,,,,,,,,,
57,2026-04-01 19:16:01.692139+00:00,4624,Microsoft-Windows-Security-Auditing,,,,,,,,,,Negotiate,,,,,,,,,,,,,,,%%1842,,,,,,,,,,,,%%1833,-,-,,,0,,,,-,,,,,{00000000-0000-0000-0000-000000000000},,Advapi  ,5,,,,,,,,,,,,,,,,,,,,,,,,,,,,,,,,,0x00000000000002dc,C:\Windows\System32\services.exe,,,,,,-,,,,,-,,,,,,,,0x00000000000003e7,MINWINPC$,S-1-5-18,NT AUTHORITY,,0x0000000000000000,,0x00000000000003e5,,-,-,,,,,LOCAL SERVICE,S-1-5-19,,,,-,,,,,,%%1843,,,-
58,2026-04-01 19:16:01.692142+00:00,4672,Microsoft-Windows-Security-Auditing,,,,,,,,,,,,,,,,,,,,,,,,,,,,,,,,,,,,,,,,,,,,,,,,,,,,,,,,,,,,,,,,,,,,,,,,,,,,,,,,,,,,,"SeAssignPrimaryTokenPrivilege
			SeAuditPrivilege
			SeImpersonatePrivilege",,,,,,,,,,,,,,,,,,,,,NT AUTHORITY,0x00000000000003e5,LOCAL SERVICE,S-1-5-19,,,,,,,,,,,,,,,,,,,,,,,,,,,
59,2026-04-01 19:16:01.787657+00:00,4624,Microsoft-Windows-Security-Auditing,,,,,,,,,,Negotiate,,,,,,,,,,,,,,,%%1842,,,,,,,,,,,,%%1833,-,-,,,0,,,,-,,,,,{00000000-0000-0000-0000-000000000000},,Advapi  ,5,,,,,,,,,,,,,,,,,,,,,,,,,,,,,,,,,0x00000000000002dc,C:\Windows\System32\services.exe,,,,,,-,,,,,-,,,,,,,,0x00000000000003e7,MINWINPC$,S-1-5-18,NT AUTHORITY,,0x0000000000000000,,0x00000000000003e7,,-,-,,,,,SYSTEM,S-1-5-18,,,,-,,,,,,%%1843,,,-
60,2026-04-01 19:16:01.787663+00:00,4672,Microsoft-Windows-Security-Auditing,,,,,,,,,,,,,,,,,,,,,,,,,,,,,,,,,,,,,,,,,,,,,,,,,,,,,,,,,,,,,,,,,,,,,,,,,,,,,,,,,,,,,"SeAssignPrimaryTokenPrivilege
			SeTcbPrivilege
			SeSecurityPrivilege
			SeTakeOwnershipPrivilege
			SeLoadDriverPrivilege
			SeBackupPrivilege
			SeRestorePrivilege
			SeDebugPrivilege
			SeAuditPrivilege
			SeSystemEnvironmentPrivilege
			SeImpersonatePrivilege
			SeDelegateSessionUserImpersonatePrivilege",,,,,,,,,,,,,,,,,,,,,NT AUTHORITY,0x00000000000003e7,SYSTEM,S-1-5-18,,,,,,,,,,,,,,,,,,,,,,,,,,,
61,2026-04-01 19:16:01.940012+00:00,4624,Microsoft-Windows-Security-Auditing,,,,,,,,,,Negotiate,,,,,,,,,,,,,,,%%1842,,,,,,,,,,,,%%1833,-,-,,,0,,,,-,,,,,{00000000-0000-0000-0000-000000000000},,Advapi  ,5,,,,,,,,,,,,,,,,,,,,,,,,,,,,,,,,,0x00000000000002dc,C:\Windows\System32\services.exe,,,,,,-,,,,,-,,,,,,,,0x00000000000003e7,MINWINPC$,S-1-5-18,NT AUTHORITY,,0x0000000000000000,,0x00000000000003e7,,-,-,,,,,SYSTEM,S-1-5-18,,,,-,,,,,,%%1843,,,-
62,2026-04-01 19:16:01.940018+00:00,4672,Microsoft-Windows-Security-Auditing,,,,,,,,,,,,,,,,,,,,,,,,,,,,,,,,,,,,,,,,,,,,,,,,,,,,,,,,,,,,,,,,,,,,,,,,,,,,,,,,,,,,,"SeAssignPrimaryTokenPrivilege
			SeTcbPrivilege
			SeSecurityPrivilege
			SeTakeOwnershipPrivilege
			SeLoadDriverPrivilege
			SeBackupPrivilege
			SeRestorePrivilege
			SeDebugPrivilege
			SeAuditPrivilege
			SeSystemEnvironmentPrivilege
			SeImpersonatePrivilege
			SeDelegateSessionUserImpersonatePrivilege",,,,,,,,,,,,,,,,,,,,,NT AUTHORITY,0x00000000000003e7,SYSTEM,S-1-5-18,,,,,,,,,,,,,,,,,,,,,,,,,,,
63,2026-04-01 19:16:01.964949+00:00,4624,Microsoft-Windows-Security-Auditing,,,,,,,,,,Negotiate,,,,,,,,,,,,,,,%%1842,,,,,,,,,,,,%%1833,-,-,,,0,,,,-,,,,,{00000000-0000-0000-0000-000000000000},,Advapi  ,5,,,,,,,,,,,,,,,,,,,,,,,,,,,,,,,,,0x00000000000002dc,C:\Windows\System32\services.exe,,,,,,-,,,,,-,,,,,,,,0x00000000000003e7,MINWINPC$,S-1-5-18,NT AUTHORITY,,0x0000000000000000,,0x00000000000003e7,,-,-,,,,,SYSTEM,S-1-5-18,,,,-,,,,,,%%1843,,,-
64,2026-04-01 19:16:01.964952+00:00,4672,Microsoft-Windows-Security-Auditing,,,,,,,,,,,,,,,,,,,,,,,,,,,,,,,,,,,,,,,,,,,,,,,,,,,,,,,,,,,,,,,,,,,,,,,,,,,,,,,,,,,,,"SeAssignPrimaryTokenPrivilege
			SeTcbPrivilege
			SeSecurityPrivilege
			SeTakeOwnershipPrivilege
			SeLoadDriverPrivilege
			SeBackupPrivilege
			SeRestorePrivilege
			SeDebugPrivilege
			SeAuditPrivilege
			SeSystemEnvironmentPrivilege
			SeImpersonatePrivilege
			SeDelegateSessionUserImpersonatePrivilege",,,,,,,,,,,,,,,,,,,,,NT AUTHORITY,0x00000000000003e7,SYSTEM,S-1-5-18,,,,,,,,,,,,,,,,,,,,,,,,,,,
65,2026-04-01 19:16:02.071671+00:00,4624,Microsoft-Windows-Security-Auditing,,,,,,,,,,Negotiate,,,,,,,,,,,,,,,%%1842,,,,,,,,,,,,%%1833,-,-,,,0,,,,-,,,,,{00000000-0000-0000-0000-000000000000},,Advapi  ,5,,,,,,,,,,,,,,,,,,,,,,,,,,,,,,,,,0x00000000000002dc,C:\Windows\System32\services.exe,,,,,,-,,,,,-,,,,,,,,0x00000000000003e7,MINWINPC$,S-1-5-18,NT AUTHORITY,,0x0000000000000000,,0x00000000000003e7,,-,-,,,,,SYSTEM,S-1-5-18,,,,-,,,,,,%%1843,,,-
66,2026-04-01 19:16:02.071674+00:00,4672,Microsoft-Windows-Security-Auditing,,,,,,,,,,,,,,,,,,,,,,,,,,,,,,,,,,,,,,,,,,,,,,,,,,,,,,,,,,,,,,,,,,,,,,,,,,,,,,,,,,,,,"SeAssignPrimaryTokenPrivilege
			SeTcbPrivilege
			SeSecurityPrivilege
			SeTakeOwnershipPrivilege
			SeLoadDriverPrivilege
			SeBackupPrivilege
			SeRestorePrivilege
			SeDebugPrivilege
			SeAuditPrivilege
			SeSystemEnvironmentPrivilege
			SeImpersonatePrivilege
			SeDelegateSessionUserImpersonatePrivilege",,,,,,,,,,,,,,,,,,,,,NT AUTHORITY,0x00000000000003e7,SYSTEM,S-1-5-18,,,,,,,,,,,,,,,,,,,,,,,,,,,
67,2026-04-01 19:16:08.080885+00:00,4624,Microsoft-Windows-Security-Auditing,,,,,,,,,,Negotiate,,,,,,,,,,,,,,,%%1842,,,,,,,,,,,,%%1833,-,-,,,0,,,,-,,,,,{00000000-0000-0000-0000-000000000000},,Advapi  ,5,,,,,,,,,,,,,,,,,,,,,,,,,,,,,,,,,0x00000000000002dc,C:\Windows\System32\services.exe,,,,,,-,,,,,-,,,,,,,,0x00000000000003e7,MINWINPC$,S-1-5-18,NT AUTHORITY,,0x0000000000000000,,0x00000000000003e7,,-,-,,,,,SYSTEM,S-1-5-18,,,,-,,,,,,%%1843,,,-
68,2026-04-01 19:16:08.081018+00:00,4672,Microsoft-Windows-Security-Auditing,,,,,,,,,,,,,,,,,,,,,,,,,,,,,,,,,,,,,,,,,,,,,,,,,,,,,,,,,,,,,,,,,,,,,,,,,,,,,,,,,,,,,"SeAssignPrimaryTokenPrivilege
			SeTcbPrivilege
			SeSecurityPrivilege
			SeTakeOwnershipPrivilege
			SeLoadDriverPrivilege
			SeBackupPrivilege
			SeRestorePrivilege
			SeDebugPrivilege
			SeAuditPrivilege
			SeSystemEnvironmentPrivilege
			SeImpersonatePrivilege
			SeDelegateSessionUserImpersonatePrivilege",,,,,,,,,,,,,,,,,,,,,NT AUTHORITY,0x00000000000003e7,SYSTEM,S-1-5-18,,,,,,,,,,,,,,,,,,,,,,,,,,,
69,2026-04-01 19:16:09.215139+00:00,4624,Microsoft-Windows-Security-Auditing,,,,,,,,,,Negotiate,,,,,,,,,,,,,,,%%1842,,,,,,,,,,,,%%1833,-,-,,,0,,,,-,,,,,{00000000-0000-0000-0000-000000000000},,Advapi  ,5,,,,,,,,,,,,,,,,,,,,,,,,,,,,,,,,,0x00000000000002dc,C:\Windows\System32\services.exe,,,,,,-,,,,,-,,,,,,,,0x00000000000003e7,MINWINPC$,S-1-5-18,NT AUTHORITY,,0x0000000000000000,,0x00000000000003e7,,-,-,,,,,SYSTEM,S-1-5-18,,,,-,,,,,,%%1843,,,-
70,2026-04-01 19:16:09.215143+00:00,4672,Microsoft-Windows-Security-Auditing,,,,,,,,,,,,,,,,,,,,,,,,,,,,,,,,,,,,,,,,,,,,,,,,,,,,,,,,,,,,,,,,,,,,,,,,,,,,,,,,,,,,,"SeAssignPrimaryTokenPrivilege
			SeTcbPrivilege
			SeSecurityPrivilege
			SeTakeOwnershipPrivilege
			SeLoadDriverPrivilege
			SeBackupPrivilege
			SeRestorePrivilege
			SeDebugPrivilege
			SeAuditPrivilege
			SeSystemEnvironmentPrivilege
			SeImpersonatePrivilege
			SeDelegateSessionUserImpersonatePrivilege",,,,,,,,,,,,,,,,,,,,,NT AUTHORITY,0x00000000000003e7,SYSTEM,S-1-5-18,,,,,,,,,,,,,,,,,,,,,,,,,,,
71,2026-04-01 19:16:14.044662+00:00,4624,Microsoft-Windows-Security-Auditing,,,,,,,,,,Negotiate,,,,,,,,,,,,,,,%%1842,,,,,,,,,,,,%%1833,-,-,,,0,,,,-,,,,,{00000000-0000-0000-0000-000000000000},,Advapi  ,5,,,,,,,,,,,,,,,,,,,,,,,,,,,,,,,,,0x00000000000002dc,C:\Windows\System32\services.exe,,,,,,-,,,,,-,,,,,,,,0x00000000000003e7,MINWINPC$,S-1-5-18,NT AUTHORITY,,0x0000000000000000,,0x00000000000003e7,,-,-,,,,,SYSTEM,S-1-5-18,,,,-,,,,,,%%1843,,,-
72,2026-04-01 19:16:14.044666+00:00,4672,Microsoft-Windows-Security-Auditing,,,,,,,,,,,,,,,,,,,,,,,,,,,,,,,,,,,,,,,,,,,,,,,,,,,,,,,,,,,,,,,,,,,,,,,,,,,,,,,,,,,,,"SeAssignPrimaryTokenPrivilege
			SeTcbPrivilege
			SeSecurityPrivilege
			SeTakeOwnershipPrivilege
			SeLoadDriverPrivilege
			SeBackupPrivilege
			SeRestorePrivilege
			SeDebugPrivilege
			SeAuditPrivilege
			SeSystemEnvironmentPrivilege
			SeImpersonatePrivilege
			SeDelegateSessionUserImpersonatePrivilege",,,,,,,,,,,,,,,,,,,,,NT AUTHORITY,0x00000000000003e7,SYSTEM,S-1-5-18,,,,,,,,,,,,,,,,,,,,,,,,,,,
73,2026-04-01 19:16:18.720411+00:00,4718,Microsoft-Windows-Security-Auditing,,,,,SeInteractiveLogonRight,,,,,,,,,,,,,,,,,,,,,,,,,,,,,,,,,,,,,,,,,,,,,,,,,,,,,,,,,,,,,,,,,,,,,,,,,,,,,,,,,,,,,,,,,,,,,,,,,,,,,,0x00000000000003e7,MINWINPC$,S-1-5-18,,,,,,,,,,,,S-1-5-32-546,,,,,,,,,,,,,,,
74,2026-04-01 19:16:18.722746+00:00,4718,Microsoft-Windows-Security-Auditing,,,,,SeInteractiveLogonRight,,,,,,,,,,,,,,,,,,,,,,,,,,,,,,,,,,,,,,,,,,,,,,,,,,,,,,,,,,,,,,,,,,,,,,,,,,,,,,,,,,,,,,,,,,,,,,,,,,,,,,0x00000000000003e7,MINWINPC$,S-1-5-18,,,,,,,,,,,,S-1-5-32-581,,,,,,,,,,,,,,,
75,2026-04-01 19:16:18.722748+00:00,4718,Microsoft-Windows-Security-Auditing,,,,,SeNetworkLogonRight,,,,,,,,,,,,,,,,,,,,,,,,,,,,,,,,,,,,,,,,,,,,,,,,,,,,,,,,,,,,,,,,,,,,,,,,,,,,,,,,,,,,,,,,,,,,,,,,,,,,,,0x00000000000003e7,MINWINPC$,S-1-5-18,,,,,,,,,,,,S-1-5-32-581,,,,,,,,,,,,,,,
76,2026-04-01 19:16:18.725214+00:00,4718,Microsoft-Windows-Security-Auditing,,,,,SeInteractiveLogonRight,,,,,,,,,,,,,,,,,,,,,,,,,,,,,,,,,,,,,,,,,,,,,,,,,,,,,,,,,,,,,,,,,,,,,,,,,,,,,,,,,,,,,,,,,,,,,,,,,,,,,,0x00000000000003e7,MINWINPC$,S-1-5-18,,,,,,,,,,,,S-1-5-32-583,,,,,,,,,,,,,,,
77,2026-04-01 19:16:18.725216+00:00,4718,Microsoft-Windows-Security-Auditing,,,,,SeNetworkLogonRight,,,,,,,,,,,,,,,,,,,,,,,,,,,,,,,,,,,,,,,,,,,,,,,,,,,,,,,,,,,,,,,,,,,,,,,,,,,,,,,,,,,,,,,,,,,,,,,,,,,,,,0x00000000000003e7,MINWINPC$,S-1-5-18,,,,,,,,,,,,S-1-5-32-583,,,,,,,,,,,,,,,
78,2026-04-01 19:16:18.730228+00:00,4718,Microsoft-Windows-Security-Auditing,,,,,SeServiceLogonRight,,,,,,,,,,,,,,,,,,,,,,,,,,,,,,,,,,,,,,,,,,,,,,,,,,,,,,,,,,,,,,,,,,,,,,,,,,,,,,,,,,,,,,,,,,,,,,,,,,,,,,0x00000000000003e7,MINWINPC$,S-1-5-18,,,,,,,,,,,,S-1-5-80-3169285310-278349998-1452333686-3865143136-4212226833,,,,,,,,,,,,,,,
79,2026-04-01 19:16:18.736149+00:00,4717,Microsoft-Windows-Security-Auditing,,SeRemoteInteractiveLogonRight,,,,,,,,,,,,,,,,,,,,,,,,,,,,,,,,,,,,,,,,,,,,,,,,,,,,,,,,,,,,,,,,,,,,,,,,,,,,,,,,,,,,,,,,,,,,,,,,,,,,,,,,,0x00000000000003e7,MINWINPC$,S-1-5-18,,,,,,,,,,,,S-1-5-32-544,,,,,,,,,,,,,,,
80,2026-04-01 19:16:18.755789+00:00,4717,Microsoft-Windows-Security-Auditing,,SeNetworkLogonRight,,,,,,,,,,,,,,,,,,,,,,,,,,,,,,,,,,,,,,,,,,,,,,,,,,,,,,,,,,,,,,,,,,,,,,,,,,,,,,,,,,,,,,,,,,,,,,,,,,,,,,,,,0x00000000000003e7,MINWINPC$,S-1-5-18,,,,,,,,,,,,S-1-5-32-551,,,,,,,,,,,,,,,
81,2026-04-01 19:16:18.755791+00:00,4717,Microsoft-Windows-Security-Auditing,,SeBatchLogonRight,,,,,,,,,,,,,,,,,,,,,,,,,,,,,,,,,,,,,,,,,,,,,,,,,,,,,,,,,,,,,,,,,,,,,,,,,,,,,,,,,,,,,,,,,,,,,,,,,,,,,,,,,0x00000000000003e7,MINWINPC$,S-1-5-18,,,,,,,,,,,,S-1-5-32-551,,,,,,,,,,,,,,,
82,2026-04-01 19:16:18.757730+00:00,4717,Microsoft-Windows-Security-Auditing,,SeBatchLogonRight,,,,,,,,,,,,,,,,,,,,,,,,,,,,,,,,,,,,,,,,,,,,,,,,,,,,,,,,,,,,,,,,,,,,,,,,,,,,,,,,,,,,,,,,,,,,,,,,,,,,,,,,,0x00000000000003e7,MINWINPC$,S-1-5-18,,,,,,,,,,,,S-1-5-32-559,,,,,,,,,,,,,,,
83,2026-04-01 19:16:18.759354+00:00,4718,Microsoft-Windows-Security-Auditing,,,,,SeInteractiveLogonRight,,,,,,,,,,,,,,,,,,,,,,,,,,,,,,,,,,,,,,,,,,,,,,,,,,,,,,,,,,,,,,,,,,,,,,,,,,,,,,,,,,,,,,,,,,,,,,,,,,,,,,0x00000000000003e7,MINWINPC$,S-1-5-18,,,,,,,,,,,,S-1-1-0,,,,,,,,,,,,,,,
84,2026-04-01 19:16:18.759356+00:00,4718,Microsoft-Windows-Security-Auditing,,,,,SeRemoteInteractiveLogonRight,,,,,,,,,,,,,,,,,,,,,,,,,,,,,,,,,,,,,,,,,,,,,,,,,,,,,,,,,,,,,,,,,,,,,,,,,,,,,,,,,,,,,,,,,,,,,,,,,,,,,,0x00000000000003e7,MINWINPC$,S-1-5-18,,,,,,,,,,,,S-1-1-0,,,,,,,,,,,,,,,
85,2026-04-01 19:16:18.761473+00:00,4717,Microsoft-Windows-Security-Auditing,,SeInteractiveLogonRight,,,,,,,,,,,,,,,,,,,,,,,,,,,,,,,,,,,,,,,,,,,,,,,,,,,,,,,,,,,,,,,,,,,,,,,,,,,,,,,,,,,,,,,,,,,,,,,,,,,,,,,,,0x00000000000003e7,MINWINPC$,S-1-5-18,,,,,,,,,,,,S-1-5-21-2352865859-2334931103-2005901029-501,,,,,,,,,,,,,,,
86,2026-04-01 19:16:18.761475+00:00,4717,Microsoft-Windows-Security-Auditing,,SeDenyInteractiveLogonRight,,,,,,,,,,,,,,,,,,,,,,,,,,,,,,,,,,,,,,,,,,,,,,,,,,,,,,,,,,,,,,,,,,,,,,,,,,,,,,,,,,,,,,,,,,,,,,,,,,,,,,,,,0x00000000000003e7,MINWINPC$,S-1-5-18,,,,,,,,,,,,S-1-5-21-2352865859-2334931103-2005901029-501,,,,,,,,,,,,,,,
87,2026-04-01 19:16:18.761477+00:00,4717,Microsoft-Windows-Security-Auditing,,SeDenyNetworkLogonRight,,,,,,,,,,,,,,,,,,,,,,,,,,,,,,,,,,,,,,,,,,,,,,,,,,,,,,,,,,,,,,,,,,,,,,,,,,,,,,,,,,,,,,,,,,,,,,,,,,,,,,,,,0x00000000000003e7,MINWINPC$,S-1-5-18,,,,,,,,,,,,S-1-5-21-2352865859-2334931103-2005901029-501,,,,,,,,,,,,,,,
88,2026-04-01 19:16:18.762342+00:00,4718,Microsoft-Windows-Security-Auditing,,,,,SeInteractiveLogonRight,,,,,,,,,,,,,,,,,,,,,,,,,,,,,,,,,,,,,,,,,,,,,,,,,,,,,,,,,,,,,,,,,,,,,,,,,,,,,,,,,,,,,,,,,,,,,,,,,,,,,,0x00000000000003e7,MINWINPC$,S-1-5-18,,,,,,,,,,,,S-1-5-90-0,,,,,,,,,,,,,,,
89,2026-04-01 19:16:18.763535+00:00,4717,Microsoft-Windows-Security-Auditing,,SeRemoteInteractiveLogonRight,,,,,,,,,,,,,,,,,,,,,,,,,,,,,,,,,,,,,,,,,,,,,,,,,,,,,,,,,,,,,,,,,,,,,,,,,,,,,,,,,,,,,,,,,,,,,,,,,,,,,,,,,0x00000000000003e7,MINWINPC$,S-1-5-18,,,,,,,,,,,,S-1-5-32-555,,,,,,,,,,,,,,,
90,2026-04-01 19:16:18.764681+00:00,4717,Microsoft-Windows-Security-Auditing,,SeServiceLogonRight,,,,,,,,,,,,,,,,,,,,,,,,,,,,,,,,,,,,,,,,,,,,,,,,,,,,,,,,,,,,,,,,,,,,,,,,,,,,,,,,,,,,,,,,,,,,,,,,,,,,,,,,,0x00000000000003e7,MINWINPC$,S-1-5-18,,,,,,,,,,,,S-1-5-80-0,,,,,,,,,,,,,,,
91,2026-04-01 19:16:18.768469+00:00,4799,Microsoft-Windows-Security-Auditing,,,,,,,,,,,0x00000000000002dc,C:\Windows\System32\services.exe,,,,,,,,,,,,,,,,,,,,,,,,,,,,,,,,,,,,,,,,,,,,,,,,,,,,,,,,,,,,,,,,,,,,,,,,,,,,,,,,,,,,,,,,,,,,,,,0x00000000000003e7,MINWINPC$,S-1-5-18,Builtin,,,,,,,,,,,S-1-5-32-545,Users,,,,,,,,,,,,,,
92,2026-04-01 19:16:18.768560+00:00,4732,Microsoft-Windows-Security-Auditing,,,,,,,,,,,,,,,,,,,,,,,,,,,,,,,,,,,,,,,,,,,,,,,,,,,,,,,,,,-,S-1-5-4,,,,,,,,,,,,,,,,,,,,,,,,,,-,,,,,,,,,,,,,,,,,,,,,,0x00000000000003e7,MINWINPC$,S-1-5-18,Builtin,,,,,,,,,,,S-1-5-32-545,Users,,,,,,,,,,,,,,
93,2026-04-01 19:16:18.770046+00:00,4732,Microsoft-Windows-Security-Auditing,,,,,,,,,,,,,,,,,,,,,,,,,,,,,,,,,,,,,,,,,,,,,,,,,,,,,,,,,,-,S-1-5-11,,,,,,,,,,,,,,,,,,,,,,,,,,-,,,,,,,,,,,,,,,,,,,,,,0x00000000000003e7,MINWINPC$,S-1-5-18,Builtin,,,,,,,,,,,S-1-5-32-545,Users,,,,,,,,,,,,,,
94,2026-04-01 19:16:18.772184+00:00,4739,Microsoft-Windows-Security-Auditing,,,,,,,,,,,,,,,,,,,,-,MINWINPC,Password Policy,S-1-5-21-2352865859-2334931103-2005901029,,,,,,-,,,,,,,,,,,,,,,,,,,-,-,-,,,,,-,,42:00:00:00,,,unavailable,0,-,,,,,,,,,,,-,,,,,,,0,,8,,,-,,,,,,,,,,,,,,,,,,,,,,0x00000000000003e7,MINWINPC$,S-1-5-18,,,,,,,,,,,,,,,,,,,,,,,,,,,
95,2026-04-01 19:16:18.772570+00:00,4725,Microsoft-Windows-Security-Auditing,,,,,,,,,,,,,,,,,,,,,,,,,,,,,,,,,,,,,,,,,,,,,,,,,,,,,,,,,,,,,,,,,,,,,,,,,,,,,,,,,,,,,,,,,,,,,,,,,,,,,,,,,,,0x00000000000003e7,MINWINPC$,S-1-5-18,MINWINPC,,,,,,,,,,,S-1-5-21-2352865859-2334931103-2005901029-500,Administrator,,,,,,,,,,,,,,
96,2026-04-01 19:16:18.772581+00:00,4738,Microsoft-Windows-Security-Auditing,,,,,,-,,,-,,,,,,,,,,-,,,,,-,,,,,,,-,-,,,,,,,,,,,,,,,,,,,,-,,,,,,,,,,,,,,,,,0x211,,,,,,,0x210,,,,,-,,,-,-,,,,-,,,,,,,,,,,,-,,,-,-,,0x00000000000003e7,MINWINPC$,S-1-5-18,MINWINPC,,,,,,,,,,,S-1-5-21-2352865859-2334931103-2005901029-500,Administrator,,,,,,,"
		%%2080",-,-,-,,,,
97,2026-04-01 19:16:18.772865+00:00,4725,Microsoft-Windows-Security-Auditing,,,,,,,,,,,,,,,,,,,,,,,,,,,,,,,,,,,,,,,,,,,,,,,,,,,,,,,,,,,,,,,,,,,,,,,,,,,,,,,,,,,,,,,,,,,,,,,,,,,,,,,,,,,0x00000000000003e7,MINWINPC$,S-1-5-18,MINWINPC,,,,,,,,,,,S-1-5-21-2352865859-2334931103-2005901029-501,Guest,,,,,,,,,,,,,,
98,2026-04-01 19:16:18.772873+00:00,4738,Microsoft-Windows-Security-Auditing,,,,,,-,,,-,,,,,,,,,,-,,,,,-,,,,,,,-,-,,,,,,,,,,,,,,,,,,,,-,,,,,,,,,,,,,,,,,0x215,,,,,,,0x214,,,,,-,,,-,-,,,,-,,,,,,,,,,,,-,,,-,-,,0x00000000000003e7,MINWINPC$,S-1-5-18,MINWINPC,,,,,,,,,,,S-1-5-21-2352865859-2334931103-2005901029-501,Guest,,,,,,,"
		%%2080",-,-,-,,,,
99,2026-04-01 19:16:19.220549+00:00,4624,Microsoft-Windows-Security-Auditing,,,,,,,,,,Negotiate,,,,,,,,,,,,,,,%%1842,,,,,,,,,,,,%%1833,-,-,,,0,,,,-,,,,,{00000000-0000-0000-0000-000000000000},,Advapi  ,5,,,,,,,,,,,,,,,,,,,,,,,,,,,,,,,,,0x00000000000002dc,C:\Windows\System32\services.exe,,,,,,-,,,,,-,,,,,,,,0x00000000000003e7,MINWINPC$,S-1-5-18,NT AUTHORITY,,0x0000000000000000,,0x00000000000003e7,,-,-,,,,,SYSTEM,S-1-5-18,,,,-,,,,,,%%1843,,,-
100,2026-04-01 19:16:19.220552+00:00,4672,Microsoft-Windows-Security-Auditing,,,,,,,,,,,,,,,,,,,,,,,,,,,,,,,,,,,,,,,,,,,,,,,,,,,,,,,,,,,,,,,,,,,,,,,,,,,,,,,,,,,,,"SeAssignPrimaryTokenPrivilege
			SeTcbPrivilege
			SeSecurityPrivilege
			SeTakeOwnershipPrivilege
			SeLoadDriverPrivilege
			SeBackupPrivilege
			SeRestorePrivilege
			SeDebugPrivilege
			SeAuditPrivilege
			SeSystemEnvironmentPrivilege
			SeImpersonatePrivilege
			SeDelegateSessionUserImpersonatePrivilege",,,,,,,,,,,,,,,,,,,,,NT AUTHORITY,0x00000000000003e7,SYSTEM,S-1-5-18,,,,,,,,,,,,,,,,,,,,,,,,,,,
101,2026-04-01 19:16:19.220711+00:00,4624,Microsoft-Windows-Security-Auditing,,,,,,,,,,Negotiate,,,,,,,,,,,,,,,%%1842,,,,,,,,,,,,%%1833,-,-,,,0,,,,-,,,,,{00000000-0000-0000-0000-000000000000},,Advapi  ,5,,,,,,,,,,,,,,,,,,,,,,,,,,,,,,,,,0x00000000000002dc,C:\Windows\System32\services.exe,,,,,,-,,,,,-,,,,,,,,0x00000000000003e7,MINWINPC$,S-1-5-18,NT AUTHORITY,,0x0000000000000000,,0x00000000000003e7,,-,-,,,,,SYSTEM,S-1-5-18,,,,-,,,,,,%%1843,,,-
102,2026-04-01 19:16:19.220715+00:00,4672,Microsoft-Windows-Security-Auditing,,,,,,,,,,,,,,,,,,,,,,,,,,,,,,,,,,,,,,,,,,,,,,,,,,,,,,,,,,,,,,,,,,,,,,,,,,,,,,,,,,,,,"SeAssignPrimaryTokenPrivilege
			SeTcbPrivilege
			SeSecurityPrivilege
			SeTakeOwnershipPrivilege
			SeLoadDriverPrivilege
			SeBackupPrivilege
			SeRestorePrivilege
			SeDebugPrivilege
			SeAuditPrivilege
			SeSystemEnvironmentPrivilege
			SeImpersonatePrivilege
			SeDelegateSessionUserImpersonatePrivilege",,,,,,,,,,,,,,,,,,,,,NT AUTHORITY,0x00000000000003e7,SYSTEM,S-1-5-18,,,,,,,,,,,,,,,,,,,,,,,,,,,
103,2026-04-01 19:16:19.237110+00:00,4624,Microsoft-Windows-Security-Auditing,,,,,,,,,,Negotiate,,,,,,,,,,,,,,,%%1842,,,,,,,,,,,,%%1833,-,-,,,0,,,,-,,,,,{00000000-0000-0000-0000-000000000000},,Advapi  ,5,,,,,,,,,,,,,,,,,,,,,,,,,,,,,,,,,0x00000000000002dc,C:\Windows\System32\services.exe,,,,,,-,,,,,-,,,,,,,,0x00000000000003e7,MINWINPC$,S-1-5-18,NT AUTHORITY,,0x0000000000000000,,0x00000000000003e7,,-,-,,,,,SYSTEM,S-1-5-18,,,,-,,,,,,%%1843,,,-
104,2026-04-01 19:16:19.237114+00:00,4672,Microsoft-Windows-Security-Auditing,,,,,,,,,,,,,,,,,,,,,,,,,,,,,,,,,,,,,,,,,,,,,,,,,,,,,,,,,,,,,,,,,,,,,,,,,,,,,,,,,,,,,"SeAssignPrimaryTokenPrivilege
			SeTcbPrivilege
			SeSecurityPrivilege
			SeTakeOwnershipPrivilege
			SeLoadDriverPrivilege
			SeBackupPrivilege
			SeRestorePrivilege
			SeDebugPrivilege
			SeAuditPrivilege
			SeSystemEnvironmentPrivilege
			SeImpersonatePrivilege
			SeDelegateSessionUserImpersonatePrivilege",,,,,,,,,,,,,,,,,,,,,NT AUTHORITY,0x00000000000003e7,SYSTEM,S-1-5-18,,,,,,,,,,,,,,,,,,,,,,,,,,,
105,2026-04-01 19:16:19.303881+00:00,4624,Microsoft-Windows-Security-Auditing,,,,,,,,,,Negotiate,,,,,,,,,,,,,,,%%1842,,,,,,,,,,,,%%1833,-,-,,,0,,,,-,,,,,{00000000-0000-0000-0000-000000000000},,Advapi  ,5,,,,,,,,,,,,,,,,,,,,,,,,,,,,,,,,,0x00000000000002dc,C:\Windows\System32\services.exe,,,,,,-,,,,,-,,,,,,,,0x00000000000003e7,MINWINPC$,S-1-5-18,NT AUTHORITY,,0x0000000000000000,,0x00000000000003e7,,-,-,,,,,SYSTEM,S-1-5-18,,,,-,,,,,,%%1843,,,-
106,2026-04-01 19:16:19.303886+00:00,4672,Microsoft-Windows-Security-Auditing,,,,,,,,,,,,,,,,,,,,,,,,,,,,,,,,,,,,,,,,,,,,,,,,,,,,,,,,,,,,,,,,,,,,,,,,,,,,,,,,,,,,,"SeAssignPrimaryTokenPrivilege
			SeTcbPrivilege
			SeSecurityPrivilege
			SeTakeOwnershipPrivilege
			SeLoadDriverPrivilege
			SeBackupPrivilege
			SeRestorePrivilege
			SeDebugPrivilege
			SeAuditPrivilege
			SeSystemEnvironmentPrivilege
			SeImpersonatePrivilege
			SeDelegateSessionUserImpersonatePrivilege",,,,,,,,,,,,,,,,,,,,,NT AUTHORITY,0x00000000000003e7,SYSTEM,S-1-5-18,,,,,,,,,,,,,,,,,,,,,,,,,,,
107,2026-04-01 19:16:19.428486+00:00,5379,Microsoft-Windows-Security-Auditing,,,,,,,,,,,,,,1792,,,0,,,,,,,,,,,,,,,,,,,,,,,,,,,,,,,,,,,,,,,,,,,,,,,,,,,,,,,,,,,,,,,,,,,,,2026-04-01 19:16:19.237883+00:00,,,,,,,%%8100,,,,,,,3221226021,,,,,,,0x00000000000003e7,MINWINPC$,S-1-5-18,,,,,,WindowsLive:name=*,,,,,,,,,,,,,0,,,,,,,,
108,2026-04-01 19:16:19.428614+00:00,5379,Microsoft-Windows-Security-Auditing,,,,,,,,,,,,,,1792,,,0,,,,,,,,,,,,,,,,,,,,,,,,,,,,,,,,,,,,,,,,,,,,,,,,,,,,,,,,,,,,,,,,,,,,,2026-04-01 19:16:19.237883+00:00,,,,,,,%%8100,,,,,,,3221226021,,,,,,,0x00000000000003e7,MINWINPC$,S-1-5-18,,,,,,WindowsLive:user=*,,,,,,,,,,,,,0,,,,,,,,
109,2026-04-01 19:16:19.580603+00:00,4624,Microsoft-Windows-Security-Auditing,,,,,,,,,,Negotiate,,,,,,,,,,,,,,,%%1842,,,,,,,,,,,,%%1833,-,-,,,0,,,,-,,,,,{00000000-0000-0000-0000-000000000000},,Advapi  ,5,,,,,,,,,,,,,,,,,,,,,,,,,,,,,,,,,0x00000000000002dc,C:\Windows\System32\services.exe,,,,,,-,,,,,-,,,,,,,,0x00000000000003e7,MINWINPC$,S-1-5-18,NT AUTHORITY,,0x0000000000000000,,0x00000000000003e7,,-,-,,,,,SYSTEM,S-1-5-18,,,,-,,,,,,%%1843,,,-
110,2026-04-01 19:16:19.580606+00:00,4672,Microsoft-Windows-Security-Auditing,,,,,,,,,,,,,,,,,,,,,,,,,,,,,,,,,,,,,,,,,,,,,,,,,,,,,,,,,,,,,,,,,,,,,,,,,,,,,,,,,,,,,"SeAssignPrimaryTokenPrivilege
			SeTcbPrivilege
			SeSecurityPrivilege
			SeTakeOwnershipPrivilege
			SeLoadDriverPrivilege
			SeBackupPrivilege
			SeRestorePrivilege
			SeDebugPrivilege
			SeAuditPrivilege
			SeSystemEnvironmentPrivilege
			SeImpersonatePrivilege
			SeDelegateSessionUserImpersonatePrivilege",,,,,,,,,,,,,,,,,,,,,NT AUTHORITY,0x00000000000003e7,SYSTEM,S-1-5-18,,,,,,,,,,,,,,,,,,,,,,,,,,,
111,2026-04-01 19:16:19.701611+00:00,4624,Microsoft-Windows-Security-Auditing,,,,,,,,,,Negotiate,,,,,,,,,,,,,,,%%1842,,,,,,,,,,,,%%1833,-,-,,,0,,,,-,,,,,{00000000-0000-0000-0000-000000000000},,Advapi  ,5,,,,,,,,,,,,,,,,,,,,,,,,,,,,,,,,,0x00000000000002dc,C:\Windows\System32\services.exe,,,,,,-,,,,,-,,,,,,,,0x00000000000003e7,MINWINPC$,S-1-5-18,NT AUTHORITY,,0x0000000000000000,,0x00000000000003e7,,-,-,,,,,SYSTEM,S-1-5-18,,,,-,,,,,,%%1843,,,-
112,2026-04-01 19:16:19.701616+00:00,4672,Microsoft-Windows-Security-Auditing,,,,,,,,,,,,,,,,,,,,,,,,,,,,,,,,,,,,,,,,,,,,,,,,,,,,,,,,,,,,,,,,,,,,,,,,,,,,,,,,,,,,,"SeAssignPrimaryTokenPrivilege
			SeTcbPrivilege
			SeSecurityPrivilege
			SeTakeOwnershipPrivilege
			SeLoadDriverPrivilege
			SeBackupPrivilege
			SeRestorePrivilege
			SeDebugPrivilege
			SeAuditPrivilege
			SeSystemEnvironmentPrivilege
			SeImpersonatePrivilege
			SeDelegateSessionUserImpersonatePrivilege",,,,,,,,,,,,,,,,,,,,,NT AUTHORITY,0x00000000000003e7,SYSTEM,S-1-5-18,,,,,,,,,,,,,,,,,,,,,,,,,,,
113,2026-04-01 19:16:19.726469+00:00,4624,Microsoft-Windows-Security-Auditing,,,,,,,,,,Negotiate,,,,,,,,,,,,,,,%%1842,,,,,,,,,,,,%%1833,-,-,,,0,,,,-,,,,,{00000000-0000-0000-0000-000000000000},,Advapi  ,5,,,,,,,,,,,,,,,,,,,,,,,,,,,,,,,,,0x00000000000002dc,C:\Windows\System32\services.exe,,,,,,-,,,,,-,,,,,,,,0x00000000000003e7,MINWINPC$,S-1-5-18,NT AUTHORITY,,0x0000000000000000,,0x00000000000003e7,,-,-,,,,,SYSTEM,S-1-5-18,,,,-,,,,,,%%1843,,,-
114,2026-04-01 19:16:19.726473+00:00,4672,Microsoft-Windows-Security-Auditing,,,,,,,,,,,,,,,,,,,,,,,,,,,,,,,,,,,,,,,,,,,,,,,,,,,,,,,,,,,,,,,,,,,,,,,,,,,,,,,,,,,,,"SeAssignPrimaryTokenPrivilege
			SeTcbPrivilege
			SeSecurityPrivilege
			SeTakeOwnershipPrivilege
			SeLoadDriverPrivilege
			SeBackupPrivilege
			SeRestorePrivilege
			SeDebugPrivilege
			SeAuditPrivilege
			SeSystemEnvironmentPrivilege
			SeImpersonatePrivilege
			SeDelegateSessionUserImpersonatePrivilege",,,,,,,,,,,,,,,,,,,,,NT AUTHORITY,0x00000000000003e7,SYSTEM,S-1-5-18,,,,,,,,,,,,,,,,,,,,,,,,,,,
115,2026-04-01 19:16:19.726559+00:00,4624,Microsoft-Windows-Security-Auditing,,,,,,,,,,Negotiate,,,,,,,,,,,,,,,%%1842,,,,,,,,,,,,%%1833,-,-,,,0,,,,-,,,,,{00000000-0000-0000-0000-000000000000},,Advapi  ,5,,,,,,,,,,,,,,,,,,,,,,,,,,,,,,,,,0x00000000000002dc,C:\Windows\System32\services.exe,,,,,,-,,,,,-,,,,,,,,0x00000000000003e7,MINWINPC$,S-1-5-18,NT AUTHORITY,,0x0000000000000000,,0x00000000000003e7,,-,-,,,,,SYSTEM,S-1-5-18,,,,-,,,,,,%%1843,,,-
116,2026-04-01 19:16:19.726559+00:00,4672,Microsoft-Windows-Security-Auditing,,,,,,,,,,,,,,,,,,,,,,,,,,,,,,,,,,,,,,,,,,,,,,,,,,,,,,,,,,,,,,,,,,,,,,,,,,,,,,,,,,,,,"SeAssignPrimaryTokenPrivilege
			SeTcbPrivilege
			SeSecurityPrivilege
			SeTakeOwnershipPrivilege
			SeLoadDriverPrivilege
			SeBackupPrivilege
			SeRestorePrivilege
			SeDebugPrivilege
			SeAuditPrivilege
			SeSystemEnvironmentPrivilege
			SeImpersonatePrivilege
			SeDelegateSessionUserImpersonatePrivilege",,,,,,,,,,,,,,,,,,,,,NT AUTHORITY,0x00000000000003e7,SYSTEM,S-1-5-18,,,,,,,,,,,,,,,,,,,,,,,,,,,
117,2026-04-01 19:16:19.744499+00:00,4624,Microsoft-Windows-Security-Auditing,,,,,,,,,,Negotiate,,,,,,,,,,,,,,,%%1842,,,,,,,,,,,,%%1833,-,-,,,0,,,,-,,,,,{00000000-0000-0000-0000-000000000000},,Advapi  ,5,,,,,,,,,,,,,,,,,,,,,,,,,,,,,,,,,0x00000000000002dc,C:\Windows\System32\services.exe,,,,,,-,,,,,-,,,,,,,,0x00000000000003e7,MINWINPC$,S-1-5-18,NT AUTHORITY,,0x0000000000000000,,0x00000000000003e7,,-,-,,,,,SYSTEM,S-1-5-18,,,,-,,,,,,%%1843,,,-
118,2026-04-01 19:16:19.744501+00:00,4672,Microsoft-Windows-Security-Auditing,,,,,,,,,,,,,,,,,,,,,,,,,,,,,,,,,,,,,,,,,,,,,,,,,,,,,,,,,,,,,,,,,,,,,,,,,,,,,,,,,,,,,"SeAssignPrimaryTokenPrivilege
			SeTcbPrivilege
			SeSecurityPrivilege
			SeTakeOwnershipPrivilege
			SeLoadDriverPrivilege
			SeBackupPrivilege
			SeRestorePrivilege
			SeDebugPrivilege
			SeAuditPrivilege
			SeSystemEnvironmentPrivilege
			SeImpersonatePrivilege
			SeDelegateSessionUserImpersonatePrivilege",,,,,,,,,,,,,,,,,,,,,NT AUTHORITY,0x00000000000003e7,SYSTEM,S-1-5-18,,,,,,,,,,,,,,,,,,,,,,,,,,,
119,2026-04-01 19:16:19.805307+00:00,4624,Microsoft-Windows-Security-Auditing,,,,,,,,,,Negotiate,,,,,,,,,,,,,,,%%1842,,,,,,,,,,,,%%1833,-,-,,,0,,,,-,,,,,{00000000-0000-0000-0000-000000000000},,Advapi  ,5,,,,,,,,,,,,,,,,,,,,,,,,,,,,,,,,,0x00000000000002dc,C:\Windows\System32\services.exe,,,,,,-,,,,,-,,,,,,,,0x00000000000003e7,MINWINPC$,S-1-5-18,NT AUTHORITY,,0x0000000000000000,,0x00000000000003e7,,-,-,,,,,SYSTEM,S-1-5-18,,,,-,,,,,,%%1843,,,-
120,2026-04-01 19:16:19.805311+00:00,4672,Microsoft-Windows-Security-Auditing,,,,,,,,,,,,,,,,,,,,,,,,,,,,,,,,,,,,,,,,,,,,,,,,,,,,,,,,,,,,,,,,,,,,,,,,,,,,,,,,,,,,,"SeAssignPrimaryTokenPrivilege
			SeTcbPrivilege
			SeSecurityPrivilege
			SeTakeOwnershipPrivilege
			SeLoadDriverPrivilege
			SeBackupPrivilege
			SeRestorePrivilege
			SeDebugPrivilege
			SeAuditPrivilege
			SeSystemEnvironmentPrivilege
			SeImpersonatePrivilege
			SeDelegateSessionUserImpersonatePrivilege",,,,,,,,,,,,,,,,,,,,,NT AUTHORITY,0x00000000000003e7,SYSTEM,S-1-5-18,,,,,,,,,,,,,,,,,,,,,,,,,,,
121,2026-04-01 19:16:19.827787+00:00,4624,Microsoft-Windows-Security-Auditing,,,,,,,,,,Negotiate,,,,,,,,,,,,,,,%%1842,,,,,,,,,,,,%%1833,-,-,,,0,,,,-,,,,,{00000000-0000-0000-0000-000000000000},,Advapi  ,5,,,,,,,,,,,,,,,,,,,,,,,,,,,,,,,,,0x00000000000002dc,C:\Windows\System32\services.exe,,,,,,-,,,,,-,,,,,,,,0x00000000000003e7,MINWINPC$,S-1-5-18,NT AUTHORITY,,0x0000000000000000,,0x00000000000003e7,,-,-,,,,,SYSTEM,S-1-5-18,,,,-,,,,,,%%1843,,,-
122,2026-04-01 19:16:19.827791+00:00,4672,Microsoft-Windows-Security-Auditing,,,,,,,,,,,,,,,,,,,,,,,,,,,,,,,,,,,,,,,,,,,,,,,,,,,,,,,,,,,,,,,,,,,,,,,,,,,,,,,,,,,,,"SeAssignPrimaryTokenPrivilege
			SeTcbPrivilege
			SeSecurityPrivilege
			SeTakeOwnershipPrivilege
			SeLoadDriverPrivilege
			SeBackupPrivilege
			SeRestorePrivilege
			SeDebugPrivilege
			SeAuditPrivilege
			SeSystemEnvironmentPrivilege
			SeImpersonatePrivilege
			SeDelegateSessionUserImpersonatePrivilege",,,,,,,,,,,,,,,,,,,,,NT AUTHORITY,0x00000000000003e7,SYSTEM,S-1-5-18,,,,,,,,,,,,,,,,,,,,,,,,,,,
123,2026-04-01 19:16:19.850986+00:00,4624,Microsoft-Windows-Security-Auditing,,,,,,,,,,Negotiate,,,,,,,,,,,,,,,%%1842,,,,,,,,,,,,%%1833,-,-,,,0,,,,-,,,,,{00000000-0000-0000-0000-000000000000},,Advapi  ,5,,,,,,,,,,,,,,,,,,,,,,,,,,,,,,,,,0x00000000000002dc,C:\Windows\System32\services.exe,,,,,,-,,,,,-,,,,,,,,0x00000000000003e7,MINWINPC$,S-1-5-18,NT AUTHORITY,,0x0000000000000000,,0x00000000000003e7,,-,-,,,,,SYSTEM,S-1-5-18,,,,-,,,,,,%%1843,,,-
