469,2026-04-01 16:18:16.530336+00:00,4624,Microsoft-Windows-Security-Auditing,,,,,,,,,,Negotiate,,,,,,,,,,,,,,,%%1842,,,,,,,,,,,,%%1833,-,-,,,0,,,,-,,,,,{00000000-0000-0000-0000-000000000000},,Advapi  ,5,,,,,,,,,,,,,,,,,,,,,,,,,,,,,,,,,0x00000000000002e4,C:\Windows\System32\services.exe,,,,,,-,,,,,-,,,,,,,WORKGROUP,0x00000000000003e7,WIN-2RR949GCCSV$,S-1-5-18,NT AUTHORITY,,0x0000000000000000,,0x00000000000003e7,,-,-,,,,,SYSTEM,S-1-5-18,,,,-,,,,,,%%1843,,,-
470,2026-04-01 16:18:16.530342+00:00,4672,Microsoft-Windows-Security-Auditing,,,,,,,,,,,,,,,,,,,,,,,,,,,,,,,,,,,,,,,,,,,,,,,,,,,,,,,,,,,,,,,,,,,,,,,,,,,,,,,,,,,,,"SeAssignPrimaryTokenPrivilege
			SeTcbPrivilege
			SeSecurityPrivilege
			SeTakeOwnershipPrivilege
			SeLoadDriverPrivilege
			SeBackupPrivilege
			SeRestorePrivilege
			SeDebugPrivilege
			SeAuditPrivilege
			SeSystemEnvironmentPrivilege
			SeImpersonatePrivilege
			SeDelegateSessionUserImpersonatePrivilege",,,,,,,,,,,,,,,,,,,,,NT AUTHORITY,0x00000000000003e7,SYSTEM,S-1-5-18,,,,,,,,,,,,,,,,,,,,,,,,,,,
471,2026-04-01 16:18:16.750933+00:00,4624,Microsoft-Windows-Security-Auditing,,,,,,,,,,Negotiate,,,,,,,,,,,,,,,%%1842,,,,,,,,,,,,%%1833,-,-,,,0,,,,-,,,,,{00000000-0000-0000-0000-000000000000},,Advapi  ,5,,,,,,,,,,,,,,,,,,,,,,,,,,,,,,,,,0x00000000000002e4,C:\Windows\System32\services.exe,,,,,,-,,,,,-,,,,,,,WORKGROUP,0x00000000000003e7,WIN-2RR949GCCSV$,S-1-5-18,NT AUTHORITY,,0x0000000000000000,,0x00000000000003e7,,-,-,,,,,SYSTEM,S-1-5-18,,,,-,,,,,,%%1843,,,-
472,2026-04-01 16:18:16.750937+00:00,4672,Microsoft-Windows-Security-Auditing,,,,,,,,,,,,,,,,,,,,,,,,,,,,,,,,,,,,,,,,,,,,,,,,,,,,,,,,,,,,,,,,,,,,,,,,,,,,,,,,,,,,,"SeAssignPrimaryTokenPrivilege
			SeTcbPrivilege
			SeSecurityPrivilege
			SeTakeOwnershipPrivilege
			SeLoadDriverPrivilege
			SeBackupPrivilege
			SeRestorePrivilege
			SeDebugPrivilege
			SeAuditPrivilege
			SeSystemEnvironmentPrivilege
			SeImpersonatePrivilege
			SeDelegateSessionUserImpersonatePrivilege",,,,,,,,,,,,,,,,,,,,,NT AUTHORITY,0x00000000000003e7,SYSTEM,S-1-5-18,,,,,,,,,,,,,,,,,,,,,,,,,,,
473,2026-04-01 16:18:30.872818+00:00,4624,Microsoft-Windows-Security-Auditing,,,,,,,,,,Negotiate,,,,,,,,,,,,,,,%%1842,,,,,,,,,,,,%%1833,-,-,,,0,,,,-,,,,,{00000000-0000-0000-0000-000000000000},,Advapi  ,5,,,,,,,,,,,,,,,,,,,,,,,,,,,,,,,,,0x00000000000002e4,C:\Windows\System32\services.exe,,,,,,-,,,,,-,,,,,,,WORKGROUP,0x00000000000003e7,WIN-2RR949GCCSV$,S-1-5-18,NT AUTHORITY,,0x0000000000000000,,0x00000000000003e7,,-,-,,,,,SYSTEM,S-1-5-18,,,,-,,,,,,%%1843,,,-
474,2026-04-01 16:18:30.872826+00:00,4672,Microsoft-Windows-Security-Auditing,,,,,,,,,,,,,,,,,,,,,,,,,,,,,,,,,,,,,,,,,,,,,,,,,,,,,,,,,,,,,,,,,,,,,,,,,,,,,,,,,,,,,"SeAssignPrimaryTokenPrivilege
			SeTcbPrivilege
			SeSecurityPrivilege
			SeTakeOwnershipPrivilege
			SeLoadDriverPrivilege
			SeBackupPrivilege
			SeRestorePrivilege
			SeDebugPrivilege
			SeAuditPrivilege
			SeSystemEnvironmentPrivilege
			SeImpersonatePrivilege
			SeDelegateSessionUserImpersonatePrivilege",,,,,,,,,,,,,,,,,,,,,NT AUTHORITY,0x00000000000003e7,SYSTEM,S-1-5-18,,,,,,,,,,,,,,,,,,,,,,,,,,,
475,2026-04-01 16:18:30.979315+00:00,4624,Microsoft-Windows-Security-Auditing,,,,,,,,,,Negotiate,,,,,,,,,,,,,,,%%1842,,,,,,,,,,,,%%1833,-,-,,,0,,,,-,,,,,{00000000-0000-0000-0000-000000000000},,Advapi  ,5,,,,,,,,,,,,,,,,,,,,,,,,,,,,,,,,,0x00000000000002e4,C:\Windows\System32\services.exe,,,,,,-,,,,,-,,,,,,,WORKGROUP,0x00000000000003e7,WIN-2RR949GCCSV$,S-1-5-18,NT AUTHORITY,,0x0000000000000000,,0x00000000000003e7,,-,-,,,,,SYSTEM,S-1-5-18,,,,-,,,,,,%%1843,,,-
476,2026-04-01 16:18:30.979319+00:00,4672,Microsoft-Windows-Security-Auditing,,,,,,,,,,,,,,,,,,,,,,,,,,,,,,,,,,,,,,,,,,,,,,,,,,,,,,,,,,,,,,,,,,,,,,,,,,,,,,,,,,,,,"SeAssignPrimaryTokenPrivilege
			SeTcbPrivilege
			SeSecurityPrivilege
			SeTakeOwnershipPrivilege
			SeLoadDriverPrivilege
			SeBackupPrivilege
			SeRestorePrivilege
			SeDebugPrivilege
			SeAuditPrivilege
			SeSystemEnvironmentPrivilege
			SeImpersonatePrivilege
			SeDelegateSessionUserImpersonatePrivilege",,,,,,,,,,,,,,,,,,,,,NT AUTHORITY,0x00000000000003e7,SYSTEM,S-1-5-18,,,,,,,,,,,,,,,,,,,,,,,,,,,
477,2026-04-01 16:18:33.006931+00:00,4624,Microsoft-Windows-Security-Auditing,,,,,,,,,,Negotiate,,,,,,,,,,,,,,,%%1842,,,,,,,,,,,,%%1833,-,-,,,0,,,,-,,,,,{00000000-0000-0000-0000-000000000000},,Advapi  ,5,,,,,,,,,,,,,,,,,,,,,,,,,,,,,,,,,0x00000000000002e4,C:\Windows\System32\services.exe,,,,,,-,,,,,-,,,,,,,WORKGROUP,0x00000000000003e7,WIN-2RR949GCCSV$,S-1-5-18,NT AUTHORITY,,0x0000000000000000,,0x00000000000003e7,,-,-,,,,,SYSTEM,S-1-5-18,,,,-,,,,,,%%1843,,,-
478,2026-04-01 16:18:33.006935+00:00,4672,Microsoft-Windows-Security-Auditing,,,,,,,,,,,,,,,,,,,,,,,,,,,,,,,,,,,,,,,,,,,,,,,,,,,,,,,,,,,,,,,,,,,,,,,,,,,,,,,,,,,,,"SeAssignPrimaryTokenPrivilege
			SeTcbPrivilege
			SeSecurityPrivilege
			SeTakeOwnershipPrivilege
			SeLoadDriverPrivilege
			SeBackupPrivilege
			SeRestorePrivilege
			SeDebugPrivilege
			SeAuditPrivilege
			SeSystemEnvironmentPrivilege
			SeImpersonatePrivilege
			SeDelegateSessionUserImpersonatePrivilege",,,,,,,,,,,,,,,,,,,,,NT AUTHORITY,0x00000000000003e7,SYSTEM,S-1-5-18,,,,,,,,,,,,,,,,,,,,,,,,,,,
479,2026-04-01 16:18:33.571484+00:00,5379,Microsoft-Windows-Security-Auditing,,,,,,,,,,,,,,1508,,,0,,,,,,,,,,,,,,,,,,,,,,,,,,,,,,,,,,,,,,,,,,,,,,,,,,,,,,,,,,,,,,,,,,,,,2026-04-01 19:18:17.263266+00:00,,,,,,,%%8100,,,,,,,3221226021,,,,,,WORKGROUP,0x00000000000003e7,WIN-2RR949GCCSV$,S-1-5-18,,,,,,MicrosoftAccount:user=02gbacshevaotnyn,,,,,,,,,,,,,0,,,,,,,,
480,2026-04-01 16:18:33.571547+00:00,5379,Microsoft-Windows-Security-Auditing,,,,,,,,,,,,,,1508,,,0,,,,,,,,,,,,,,,,,,,,,,,,,,,,,,,,,,,,,,,,,,,,,,,,,,,,,,,,,,,,,,,,,,,,,2026-04-01 19:18:17.263266+00:00,,,,,,,%%8100,,,,,,,3221226021,,,,,,WORKGROUP,0x00000000000003e7,WIN-2RR949GCCSV$,S-1-5-18,,,,,,WindowsLive:(token):name=02gbacshevaotnyn;serviceuri=*,,,,,,,,,,,,,0,,,,,,,,
481,2026-04-01 16:18:33.572109+00:00,5379,Microsoft-Windows-Security-Auditing,,,,,,,,,,,,,,1508,,,0,,,,,,,,,,,,,,,,,,,,,,,,,,,,,,,,,,,,,,,,,,,,,,,,,,,,,,,,,,,,,,,,,,,,,2026-04-01 19:18:17.263266+00:00,,,,,,,%%8100,,,,,,,3221226021,,,,,,WORKGROUP,0x00000000000003e7,WIN-2RR949GCCSV$,S-1-5-18,,,,,,WindowsLive:(cert):name=02gbacshevaotnyn;serviceuri=*,,,,,,,,,,,,,0,,,,,,,,
482,2026-04-01 16:18:33.934021+00:00,5379,Microsoft-Windows-Security-Auditing,,,,,,,,,,,,,,1508,,,0,,,,,,,,,,,,,,,,,,,,,,,,,,,,,,,,,,,,,,,,,,,,,,,,,,,,,,,,,,,,,,,,,,,,,2026-04-01 19:18:17.263266+00:00,,,,,,,%%8100,,,,,,,3221226021,,,,,,WORKGROUP,0x00000000000003e7,WIN-2RR949GCCSV$,S-1-5-18,,,,,,MicrosoftAccount:user=02gbacshevaotnyn,,,,,,,,,,,,,0,,,,,,,,
483,2026-04-01 16:18:33.937868+00:00,5379,Microsoft-Windows-Security-Auditing,,,,,,,,,,,,,,1508,,,0,,,,,,,,,,,,,,,,,,,,,,,,,,,,,,,,,,,,,,,,,,,,,,,,,,,,,,,,,,,,,,,,,,,,,2026-04-01 19:18:17.263266+00:00,,,,,,,%%8100,,,,,,,3221226021,,,,,,WORKGROUP,0x00000000000003e7,WIN-2RR949GCCSV$,S-1-5-18,,,,,,MicrosoftAccount:user=02gbacshevaotnyn,,,,,,,,,,,,,0,,,,,,,,
484,2026-04-01 16:18:33.942101+00:00,5379,Microsoft-Windows-Security-Auditing,,,,,,,,,,,,,,1508,,,0,,,,,,,,,,,,,,,,,,,,,,,,,,,,,,,,,,,,,,,,,,,,,,,,,,,,,,,,,,,,,,,,,,,,,2026-04-01 19:18:17.263266+00:00,,,,,,,%%8100,,,,,,,3221226021,,,,,,WORKGROUP,0x00000000000003e7,WIN-2RR949GCCSV$,S-1-5-18,,,,,,MicrosoftAccount:user=02gbacshevaotnyn,,,,,,,,,,,,,0,,,,,,,,
485,2026-04-01 16:18:33.942245+00:00,5379,Microsoft-Windows-Security-Auditing,,,,,,,,,,,,,,1508,,,0,,,,,,,,,,,,,,,,,,,,,,,,,,,,,,,,,,,,,,,,,,,,,,,,,,,,,,,,,,,,,,,,,,,,,2026-04-01 19:18:17.263266+00:00,,,,,,,%%8100,,,,,,,3221226021,,,,,,WORKGROUP,0x00000000000003e7,WIN-2RR949GCCSV$,S-1-5-18,,,,,,MicrosoftAccount:user=02gbacshevaotnyn,,,,,,,,,,,,,0,,,,,,,,
486,2026-04-01 16:18:48.995403+00:00,5379,Microsoft-Windows-Security-Auditing,,,,,,,,,,,,,,1508,,,0,,,,,,,,,,,,,,,,,,,,,,,,,,,,,,,,,,,,,,,,,,,,,,,,,,,,,,,,,,,,,,,,,,,,,2026-04-01 19:18:17.263266+00:00,,,,,,,%%8100,,,,,,,3221226021,,,,,,WORKGROUP,0x00000000000003e7,WIN-2RR949GCCSV$,S-1-5-18,,,,,,MicrosoftAccount:user=02gbacshevaotnyn,,,,,,,,,,,,,0,,,,,,,,
487,2026-04-01 16:18:48.995478+00:00,5379,Microsoft-Windows-Security-Auditing,,,,,,,,,,,,,,1508,,,0,,,,,,,,,,,,,,,,,,,,,,,,,,,,,,,,,,,,,,,,,,,,,,,,,,,,,,,,,,,,,,,,,,,,,2026-04-01 19:18:17.263266+00:00,,,,,,,%%8100,,,,,,,3221226021,,,,,,WORKGROUP,0x00000000000003e7,WIN-2RR949GCCSV$,S-1-5-18,,,,,,WindowsLive:(token):name=02gbacshevaotnyn;serviceuri=*,,,,,,,,,,,,,0,,,,,,,,
488,2026-04-01 16:18:48.995781+00:00,5379,Microsoft-Windows-Security-Auditing,,,,,,,,,,,,,,1508,,,0,,,,,,,,,,,,,,,,,,,,,,,,,,,,,,,,,,,,,,,,,,,,,,,,,,,,,,,,,,,,,,,,,,,,,2026-04-01 19:18:17.263266+00:00,,,,,,,%%8100,,,,,,,3221226021,,,,,,WORKGROUP,0x00000000000003e7,WIN-2RR949GCCSV$,S-1-5-18,,,,,,WindowsLive:(cert):name=02gbacshevaotnyn;serviceuri=*,,,,,,,,,,,,,0,,,,,,,,
489,2026-04-01 16:18:49.673038+00:00,5379,Microsoft-Windows-Security-Auditing,,,,,,,,,,,,,,1508,,,0,,,,,,,,,,,,,,,,,,,,,,,,,,,,,,,,,,,,,,,,,,,,,,,,,,,,,,,,,,,,,,,,,,,,,2026-04-01 19:18:17.263266+00:00,,,,,,,%%8100,,,,,,,3221226021,,,,,,WORKGROUP,0x00000000000003e7,WIN-2RR949GCCSV$,S-1-5-18,,,,,,MicrosoftAccount:user=02gbacshevaotnyn,,,,,,,,,,,,,0,,,,,,,,
490,2026-04-01 16:18:49.673693+00:00,5379,Microsoft-Windows-Security-Auditing,,,,,,,,,,,,,,1508,,,0,,,,,,,,,,,,,,,,,,,,,,,,,,,,,,,,,,,,,,,,,,,,,,,,,,,,,,,,,,,,,,,,,,,,,2026-04-01 19:18:17.263266+00:00,,,,,,,%%8100,,,,,,,3221226021,,,,,,WORKGROUP,0x00000000000003e7,WIN-2RR949GCCSV$,S-1-5-18,,,,,,MicrosoftAccount:user=02gbacshevaotnyn,,,,,,,,,,,,,0,,,,,,,,
491,2026-04-01 16:18:49.891714+00:00,5379,Microsoft-Windows-Security-Auditing,,,,,,,,,,,,,,1508,,,0,,,,,,,,,,,,,,,,,,,,,,,,,,,,,,,,,,,,,,,,,,,,,,,,,,,,,,,,,,,,,,,,,,,,,2026-04-01 19:18:17.263266+00:00,,,,,,,%%8100,,,,,,,3221226021,,,,,,WORKGROUP,0x00000000000003e7,WIN-2RR949GCCSV$,S-1-5-18,,,,,,MicrosoftAccount:user=02gbacshevaotnyn,,,,,,,,,,,,,0,,,,,,,,
492,2026-04-01 16:18:49.891802+00:00,5379,Microsoft-Windows-Security-Auditing,,,,,,,,,,,,,,1508,,,0,,,,,,,,,,,,,,,,,,,,,,,,,,,,,,,,,,,,,,,,,,,,,,,,,,,,,,,,,,,,,,,,,,,,,2026-04-01 19:18:17.263266+00:00,,,,,,,%%8100,,,,,,,3221226021,,,,,,WORKGROUP,0x00000000000003e7,WIN-2RR949GCCSV$,S-1-5-18,,,,,,MicrosoftAccount:user=02gbacshevaotnyn,,,,,,,,,,,,,0,,,,,,,,
493,2026-04-01 16:18:50.621017+00:00,5379,Microsoft-Windows-Security-Auditing,,,,,,,,,,,,,,1508,,,1,,,,,,,,,,,,,,,,,,,,,,,,,,,,,,,,,,,,,,,,,,,,,,,,,,,,,,,,,,,,,,,,,,,,,2026-04-01 19:18:17.263266+00:00,,,,,,,%%8100,,,,,,,0,,,,,,DESKTOP-3RQPMJ6,0x000000000005613e,defaultuser0,S-1-5-21-2352865859-2334931103-2005901029-1000,,,,,,WindowsLive:target=virtualapp/didlogical,,,,,,,,,,,,,0,,,,,,,,
494,2026-04-01 16:18:50.621992+00:00,5379,Microsoft-Windows-Security-Auditing,,,,,,,,,,,,,,1508,,,0,,,,,,,,,,,,,,,,,,,,,,,,,,,,,,,,,,,,,,,,,,,,,,,,,,,,,,,,,,,,,,,,,,,,,2026-04-01 19:18:17.263266+00:00,,,,,,,%%8100,,,,,,,3221226021,,,,,,DESKTOP-3RQPMJ6,0x000000000005613e,defaultuser0,S-1-5-21-2352865859-2334931103-2005901029-1000,,,,,,WindowsLive:(token):name=02cdlbmzdcrkqvxq;serviceuri=*,,,,,,,,,,,,,0,,,,,,,,
495,2026-04-01 16:18:50.622314+00:00,5379,Microsoft-Windows-Security-Auditing,,,,,,,,,,,,,,1508,,,0,,,,,,,,,,,,,,,,,,,,,,,,,,,,,,,,,,,,,,,,,,,,,,,,,,,,,,,,,,,,,,,,,,,,,2026-04-01 19:18:17.263266+00:00,,,,,,,%%8100,,,,,,,3221226021,,,,,,DESKTOP-3RQPMJ6,0x000000000005613e,defaultuser0,S-1-5-21-2352865859-2334931103-2005901029-1000,,,,,,WindowsLive:(cert):name=02cdlbmzdcrkqvxq;serviceuri=*,,,,,,,,,,,,,0,,,,,,,,
496,2026-04-01 16:18:50.622362+00:00,5379,Microsoft-Windows-Security-Auditing,,,,,,,,,,,,,,1508,,,0,,,,,,,,,,,,,,,,,,,,,,,,,,,,,,,,,,,,,,,,,,,,,,,,,,,,,,,,,,,,,,,,,,,,,2026-04-01 19:18:17.263266+00:00,,,,,,,%%8100,,,,,,,3221226021,,,,,,DESKTOP-3RQPMJ6,0x000000000005613e,defaultuser0,S-1-5-21-2352865859-2334931103-2005901029-1000,,,,,,WindowsLive:target=virtualapp/didlogical,,,,,,,,,,,,,0,,,,,,,,
497,2026-04-01 16:18:51.231720+00:00,5379,Microsoft-Windows-Security-Auditing,,,,,,,,,,,,,,1508,,,0,,,,,,,,,,,,,,,,,,,,,,,,,,,,,,,,,,,,,,,,,,,,,,,,,,,,,,,,,,,,,,,,,,,,,2026-04-01 19:18:17.263266+00:00,,,,,,,%%8100,,,,,,,3221226021,,,,,,DESKTOP-3RQPMJ6,0x000000000005613e,defaultuser0,S-1-5-21-2352865859-2334931103-2005901029-1000,,,,,,MicrosoftAccount:user=02cdlbmzdcrkqvxq,,,,,,,,,,,,,0,,,,,,,,
498,2026-04-01 16:18:51.730278+00:00,5379,Microsoft-Windows-Security-Auditing,,,,,,,,,,,,,,1508,,,1,,,,,,,,,,,,,,,,,,,,,,,,,,,,,,,,,,,,,,,,,,,,,,,,,,,,,,,,,,,,,,,,,,,,,2026-04-01 19:18:17.263266+00:00,,,,,,,%%8099,,,,,,,3221226021,,,,,,DESKTOP-3RQPMJ6,0x000000000005613e,defaultuser0,S-1-5-21-2352865859-2334931103-2005901029-1000,,,,,,MicrosoftAccount:user=02cdlbmzdcrkqvxq,,,,,,,,,,,,,1,,,,,,,,
499,2026-04-01 16:18:51.892080+00:00,5379,Microsoft-Windows-Security-Auditing,,,,,,,,,,,,,,1508,,,0,,,,,,,,,,,,,,,,,,,,,,,,,,,,,,,,,,,,,,,,,,,,,,,,,,,,,,,,,,,,,,,,,,,,,2026-04-01 19:18:17.263266+00:00,,,,,,,%%8100,,,,,,,3221226021,,,,,,DESKTOP-3RQPMJ6,0x000000000005613e,defaultuser0,S-1-5-21-2352865859-2334931103-2005901029-1000,,,,,,MicrosoftAccount:user=02cdlbmzdcrkqvxq,,,,,,,,,,,,,0,,,,,,,,
500,2026-04-01 16:18:51.892933+00:00,5379,Microsoft-Windows-Security-Auditing,,,,,,,,,,,,,,1508,,,0,,,,,,,,,,,,,,,,,,,,,,,,,,,,,,,,,,,,,,,,,,,,,,,,,,,,,,,,,,,,,,,,,,,,,2026-04-01 19:18:17.263266+00:00,,,,,,,%%8100,,,,,,,3221226021,,,,,,DESKTOP-3RQPMJ6,0x000000000005613e,defaultuser0,S-1-5-21-2352865859-2334931103-2005901029-1000,,,,,,WindowsLive:target=virtualapp/didlogical,,,,,,,,,,,,,0,,,,,,,,
501,2026-04-01 16:18:51.905991+00:00,5379,Microsoft-Windows-Security-Auditing,,,,,,,,,,,,,,1508,,,0,,,,,,,,,,,,,,,,,,,,,,,,,,,,,,,,,,,,,,,,,,,,,,,,,,,,,,,,,,,,,,,,,,,,,2026-04-01 19:18:17.263266+00:00,,,,,,,%%8100,,,,,,,3221226021,,,,,,DESKTOP-3RQPMJ6,0x000000000005613e,defaultuser0,S-1-5-21-2352865859-2334931103-2005901029-1000,,,,,,MicrosoftAccount:user=02cdlbmzdcrkqvxq,,,,,,,,,,,,,0,,,,,,,,
502,2026-04-01 16:18:51.906069+00:00,5379,Microsoft-Windows-Security-Auditing,,,,,,,,,,,,,,1508,,,0,,,,,,,,,,,,,,,,,,,,,,,,,,,,,,,,,,,,,,,,,,,,,,,,,,,,,,,,,,,,,,,,,,,,,2026-04-01 19:18:17.263266+00:00,,,,,,,%%8100,,,,,,,3221226021,,,,,,DESKTOP-3RQPMJ6,0x000000000005613e,defaultuser0,S-1-5-21-2352865859-2334931103-2005901029-1000,,,,,,WindowsLive:(token):name=02cdlbmzdcrkqvxq;serviceuri=*,,,,,,,,,,,,,0,,,,,,,,
503,2026-04-01 16:18:51.915873+00:00,5379,Microsoft-Windows-Security-Auditing,,,,,,,,,,,,,,1508,,,0,,,,,,,,,,,,,,,,,,,,,,,,,,,,,,,,,,,,,,,,,,,,,,,,,,,,,,,,,,,,,,,,,,,,,2026-04-01 19:18:17.263266+00:00,,,,,,,%%8100,,,,,,,3221226021,,,,,,DESKTOP-3RQPMJ6,0x000000000005613e,defaultuser0,S-1-5-21-2352865859-2334931103-2005901029-1000,,,,,,WindowsLive:(cert):name=02cdlbmzdcrkqvxq;serviceuri=*,,,,,,,,,,,,,0,,,,,,,,
504,2026-04-01 16:18:52.255442+00:00,5379,Microsoft-Windows-Security-Auditing,,,,,,,,,,,,,,1508,,,0,,,,,,,,,,,,,,,,,,,,,,,,,,,,,,,,,,,,,,,,,,,,,,,,,,,,,,,,,,,,,,,,,,,,,2026-04-01 19:18:17.263266+00:00,,,,,,,%%8100,,,,,,,3221226021,,,,,,DESKTOP-3RQPMJ6,0x000000000005613e,defaultuser0,S-1-5-21-2352865859-2334931103-2005901029-1000,,,,,,MicrosoftAccount:user=02cdlbmzdcrkqvxq,,,,,,,,,,,,,0,,,,,,,,
505,2026-04-01 16:18:52.355621+00:00,5379,Microsoft-Windows-Security-Auditing,,,,,,,,,,,,,,1508,,,0,,,,,,,,,,,,,,,,,,,,,,,,,,,,,,,,,,,,,,,,,,,,,,,,,,,,,,,,,,,,,,,,,,,,,2026-04-01 19:18:17.263266+00:00,,,,,,,%%8100,,,,,,,3221226021,,,,,,DESKTOP-3RQPMJ6,0x000000000005613e,defaultuser0,S-1-5-21-2352865859-2334931103-2005901029-1000,,,,,,MicrosoftAccount:user=02cdlbmzdcrkqvxq,,,,,,,,,,,,,0,,,,,,,,
506,2026-04-01 16:18:52.356096+00:00,5379,Microsoft-Windows-Security-Auditing,,,,,,,,,,,,,,1508,,,0,,,,,,,,,,,,,,,,,,,,,,,,,,,,,,,,,,,,,,,,,,,,,,,,,,,,,,,,,,,,,,,,,,,,,2026-04-01 19:18:17.263266+00:00,,,,,,,%%8100,,,,,,,3221226021,,,,,,DESKTOP-3RQPMJ6,0x000000000005613e,defaultuser0,S-1-5-21-2352865859-2334931103-2005901029-1000,,,,,,MicrosoftAccount:user=02cdlbmzdcrkqvxq,,,,,,,,,,,,,0,,,,,,,,
507,2026-04-01 16:18:52.356146+00:00,5379,Microsoft-Windows-Security-Auditing,,,,,,,,,,,,,,1508,,,0,,,,,,,,,,,,,,,,,,,,,,,,,,,,,,,,,,,,,,,,,,,,,,,,,,,,,,,,,,,,,,,,,,,,,2026-04-01 19:18:17.263266+00:00,,,,,,,%%8100,,,,,,,3221226021,,,,,,DESKTOP-3RQPMJ6,0x000000000005613e,defaultuser0,S-1-5-21-2352865859-2334931103-2005901029-1000,,,,,,MicrosoftAccount:user=02cdlbmzdcrkqvxq,,,,,,,,,,,,,0,,,,,,,,
508,2026-04-01 16:18:54.193529+00:00,5379,Microsoft-Windows-Security-Auditing,,,,,,,,,,,,,,1508,,,0,,,,,,,,,,,,,,,,,,,,,,,,,,,,,,,,,,,,,,,,,,,,,,,,,,,,,,,,,,,,,,,,,,,,,2026-04-01 19:18:17.263266+00:00,,,,,,,%%8100,,,,,,,3221226021,,,,,,DESKTOP-3RQPMJ6,0x000000000005613e,defaultuser0,S-1-5-21-2352865859-2334931103-2005901029-1000,,,,,,MicrosoftAccount:user=02cdlbmzdcrkqvxq,,,,,,,,,,,,,0,,,,,,,,
509,2026-04-01 16:18:54.193594+00:00,5379,Microsoft-Windows-Security-Auditing,,,,,,,,,,,,,,1508,,,0,,,,,,,,,,,,,,,,,,,,,,,,,,,,,,,,,,,,,,,,,,,,,,,,,,,,,,,,,,,,,,,,,,,,,2026-04-01 19:18:17.263266+00:00,,,,,,,%%8100,,,,,,,3221226021,,,,,,DESKTOP-3RQPMJ6,0x000000000005613e,defaultuser0,S-1-5-21-2352865859-2334931103-2005901029-1000,,,,,,WindowsLive:(token):name=02cdlbmzdcrkqvxq;serviceuri=*,,,,,,,,,,,,,0,,,,,,,,
510,2026-04-01 16:18:54.193869+00:00,5379,Microsoft-Windows-Security-Auditing,,,,,,,,,,,,,,1508,,,0,,,,,,,,,,,,,,,,,,,,,,,,,,,,,,,,,,,,,,,,,,,,,,,,,,,,,,,,,,,,,,,,,,,,,2026-04-01 19:18:17.263266+00:00,,,,,,,%%8100,,,,,,,3221226021,,,,,,DESKTOP-3RQPMJ6,0x000000000005613e,defaultuser0,S-1-5-21-2352865859-2334931103-2005901029-1000,,,,,,WindowsLive:(cert):name=02cdlbmzdcrkqvxq;serviceuri=*,,,,,,,,,,,,,0,,,,,,,,
511,2026-04-01 16:18:55.106749+00:00,5379,Microsoft-Windows-Security-Auditing,,,,,,,,,,,,,,1508,,,0,,,,,,,,,,,,,,,,,,,,,,,,,,,,,,,,,,,,,,,,,,,,,,,,,,,,,,,,,,,,,,,,,,,,,2026-04-01 19:18:17.263266+00:00,,,,,,,%%8100,,,,,,,3221226021,,,,,,DESKTOP-3RQPMJ6,0x000000000005613e,defaultuser0,S-1-5-21-2352865859-2334931103-2005901029-1000,,,,,,MicrosoftAccount:user=02cdlbmzdcrkqvxq,,,,,,,,,,,,,0,,,,,,,,
512,2026-04-01 16:18:55.145124+00:00,5379,Microsoft-Windows-Security-Auditing,,,,,,,,,,,,,,1508,,,0,,,,,,,,,,,,,,,,,,,,,,,,,,,,,,,,,,,,,,,,,,,,,,,,,,,,,,,,,,,,,,,,,,,,,2026-04-01 19:18:17.263266+00:00,,,,,,,%%8100,,,,,,,3221226021,,,,,,DESKTOP-3RQPMJ6,0x000000000005613e,defaultuser0,S-1-5-21-2352865859-2334931103-2005901029-1000,,,,,,MicrosoftAccount:user=02cdlbmzdcrkqvxq,,,,,,,,,,,,,0,,,,,,,,
513,2026-04-01 16:18:57.383366+00:00,5379,Microsoft-Windows-Security-Auditing,,,,,,,,,,,,,,1508,,,0,,,,,,,,,,,,,,,,,,,,,,,,,,,,,,,,,,,,,,,,,,,,,,,,,,,,,,,,,,,,,,,,,,,,,2026-04-01 19:18:17.263266+00:00,,,,,,,%%8100,,,,,,,3221226021,,,,,,DESKTOP-3RQPMJ6,0x000000000005613e,defaultuser0,S-1-5-21-2352865859-2334931103-2005901029-1000,,,,,,MicrosoftAccount:user=02cdlbmzdcrkqvxq,,,,,,,,,,,,,0,,,,,,,,
514,2026-04-01 16:18:57.393414+00:00,5379,Microsoft-Windows-Security-Auditing,,,,,,,,,,,,,,1508,,,0,,,,,,,,,,,,,,,,,,,,,,,,,,,,,,,,,,,,,,,,,,,,,,,,,,,,,,,,,,,,,,,,,,,,,2026-04-01 19:18:17.263266+00:00,,,,,,,%%8100,,,,,,,3221226021,,,,,,DESKTOP-3RQPMJ6,0x000000000005613e,defaultuser0,S-1-5-21-2352865859-2334931103-2005901029-1000,,,,,,MicrosoftAccount:user=02cdlbmzdcrkqvxq,,,,,,,,,,,,,0,,,,,,,,
515,2026-04-01 16:18:57.665684+00:00,4624,Microsoft-Windows-Security-Auditing,,,,,,,,,,Negotiate,,,,,,,,,,,,,,,%%1842,,,,,,,,,,,,%%1833,-,-,,,0,,,,-,,,,,{00000000-0000-0000-0000-000000000000},,Advapi  ,5,,,,,,,,,,,,,,,,,,,,,,,,,,,,,,,,,0x00000000000002e4,C:\Windows\System32\services.exe,,,,,,-,,,,,-,,,,,,,WORKGROUP,0x00000000000003e7,WIN-2RR949GCCSV$,S-1-5-18,NT AUTHORITY,,0x0000000000000000,,0x00000000000003e7,,-,-,,,,,SYSTEM,S-1-5-18,,,,-,,,,,,%%1843,,,-
516,2026-04-01 16:18:57.665689+00:00,4672,Microsoft-Windows-Security-Auditing,,,,,,,,,,,,,,,,,,,,,,,,,,,,,,,,,,,,,,,,,,,,,,,,,,,,,,,,,,,,,,,,,,,,,,,,,,,,,,,,,,,,,"SeAssignPrimaryTokenPrivilege
			SeTcbPrivilege
			SeSecurityPrivilege
			SeTakeOwnershipPrivilege
			SeLoadDriverPrivilege
			SeBackupPrivilege
			SeRestorePrivilege
			SeDebugPrivilege
			SeAuditPrivilege
			SeSystemEnvironmentPrivilege
			SeImpersonatePrivilege
			SeDelegateSessionUserImpersonatePrivilege",,,,,,,,,,,,,,,,,,,,,NT AUTHORITY,0x00000000000003e7,SYSTEM,S-1-5-18,,,,,,,,,,,,,,,,,,,,,,,,,,,
517,2026-04-01 16:18:59.341112+00:00,4624,Microsoft-Windows-Security-Auditing,,,,,,,,,,Negotiate,,,,,,,,,,,,,,,%%1842,,,,,,,,,,,,%%1833,-,-,,,0,,,,-,,,,,{00000000-0000-0000-0000-000000000000},,Advapi  ,5,,,,,,,,,,,,,,,,,,,,,,,,,,,,,,,,,0x00000000000002e4,C:\Windows\System32\services.exe,,,,,,-,,,,,-,,,,,,,WORKGROUP,0x00000000000003e7,WIN-2RR949GCCSV$,S-1-5-18,NT AUTHORITY,,0x0000000000000000,,0x00000000000003e7,,-,-,,,,,SYSTEM,S-1-5-18,,,,-,,,,,,%%1843,,,-
518,2026-04-01 16:18:59.341116+00:00,4672,Microsoft-Windows-Security-Auditing,,,,,,,,,,,,,,,,,,,,,,,,,,,,,,,,,,,,,,,,,,,,,,,,,,,,,,,,,,,,,,,,,,,,,,,,,,,,,,,,,,,,,"SeAssignPrimaryTokenPrivilege
			SeTcbPrivilege
			SeSecurityPrivilege
			SeTakeOwnershipPrivilege
			SeLoadDriverPrivilege
			SeBackupPrivilege
			SeRestorePrivilege
			SeDebugPrivilege
			SeAuditPrivilege
			SeSystemEnvironmentPrivilege
			SeImpersonatePrivilege
			SeDelegateSessionUserImpersonatePrivilege",,,,,,,,,,,,,,,,,,,,,NT AUTHORITY,0x00000000000003e7,SYSTEM,S-1-5-18,,,,,,,,,,,,,,,,,,,,,,,,,,,
519,2026-04-01 16:19:01.520340+00:00,5379,Microsoft-Windows-Security-Auditing,,,,,,,,,,,,,,1508,,,0,,,,,,,,,,,,,,,,,,,,,,,,,,,,,,,,,,,,,,,,,,,,,,,,,,,,,,,,,,,,,,,,,,,,,2026-04-01 19:18:17.263266+00:00,,,,,,,%%8100,,,,,,,3221226021,,,,,,WORKGROUP,0x00000000000003e7,WIN-2RR949GCCSV$,S-1-5-18,,,,,,MicrosoftAccount:user=02gbacshevaotnyn,,,,,,,,,,,,,0,,,,,,,,
520,2026-04-01 16:19:01.520422+00:00,5379,Microsoft-Windows-Security-Auditing,,,,,,,,,,,,,,1508,,,0,,,,,,,,,,,,,,,,,,,,,,,,,,,,,,,,,,,,,,,,,,,,,,,,,,,,,,,,,,,,,,,,,,,,,2026-04-01 19:18:17.263266+00:00,,,,,,,%%8100,,,,,,,3221226021,,,,,,WORKGROUP,0x00000000000003e7,WIN-2RR949GCCSV$,S-1-5-18,,,,,,WindowsLive:(token):name=02gbacshevaotnyn;serviceuri=*,,,,,,,,,,,,,0,,,,,,,,
521,2026-04-01 16:19:01.521187+00:00,5379,Microsoft-Windows-Security-Auditing,,,,,,,,,,,,,,1508,,,0,,,,,,,,,,,,,,,,,,,,,,,,,,,,,,,,,,,,,,,,,,,,,,,,,,,,,,,,,,,,,,,,,,,,,2026-04-01 19:18:17.263266+00:00,,,,,,,%%8100,,,,,,,3221226021,,,,,,WORKGROUP,0x00000000000003e7,WIN-2RR949GCCSV$,S-1-5-18,,,,,,WindowsLive:(cert):name=02gbacshevaotnyn;serviceuri=*,,,,,,,,,,,,,0,,,,,,,,
522,2026-04-01 16:19:01.858271+00:00,5379,Microsoft-Windows-Security-Auditing,,,,,,,,,,,,,,1508,,,0,,,,,,,,,,,,,,,,,,,,,,,,,,,,,,,,,,,,,,,,,,,,,,,,,,,,,,,,,,,,,,,,,,,,,2026-04-01 19:18:17.263266+00:00,,,,,,,%%8100,,,,,,,3221226021,,,,,,WORKGROUP,0x00000000000003e7,WIN-2RR949GCCSV$,S-1-5-18,,,,,,MicrosoftAccount:user=02gbacshevaotnyn,,,,,,,,,,,,,0,,,,,,,,
523,2026-04-01 16:19:01.858662+00:00,5379,Microsoft-Windows-Security-Auditing,,,,,,,,,,,,,,1508,,,0,,,,,,,,,,,,,,,,,,,,,,,,,,,,,,,,,,,,,,,,,,,,,,,,,,,,,,,,,,,,,,,,,,,,,2026-04-01 19:18:17.263266+00:00,,,,,,,%%8100,,,,,,,3221226021,,,,,,WORKGROUP,0x00000000000003e7,WIN-2RR949GCCSV$,S-1-5-18,,,,,,MicrosoftAccount:user=02gbacshevaotnyn,,,,,,,,,,,,,0,,,,,,,,
524,2026-04-01 16:19:12.727770+00:00,5379,Microsoft-Windows-Security-Auditing,,,,,,,,,,,,,,1508,,,0,,,,,,,,,,,,,,,,,,,,,,,,,,,,,,,,,,,,,,,,,,,,,,,,,,,,,,,,,,,,,,,,,,,,,2026-04-01 19:18:17.263266+00:00,,,,,,,%%8100,,,,,,,3221226021,,,,,,WORKGROUP,0x00000000000003e7,WIN-2RR949GCCSV$,S-1-5-18,,,,,,MicrosoftAccount:user=02gbacshevaotnyn,,,,,,,,,,,,,0,,,,,,,,
525,2026-04-01 16:19:12.729763+00:00,5379,Microsoft-Windows-Security-Auditing,,,,,,,,,,,,,,1508,,,0,,,,,,,,,,,,,,,,,,,,,,,,,,,,,,,,,,,,,,,,,,,,,,,,,,,,,,,,,,,,,,,,,,,,,2026-04-01 19:18:17.263266+00:00,,,,,,,%%8100,,,,,,,3221226021,,,,,,WORKGROUP,0x00000000000003e7,WIN-2RR949GCCSV$,S-1-5-18,,,,,,MicrosoftAccount:user=02gbacshevaotnyn,,,,,,,,,,,,,0,,,,,,,,
526,2026-04-01 16:19:26.231731+00:00,4624,Microsoft-Windows-Security-Auditing,,,,,,,,,,Negotiate,,,,,,,,,,,,,,,%%1842,,,,,,,,,,,,%%1833,-,-,,,0,,,,-,,,,,{00000000-0000-0000-0000-000000000000},,Advapi  ,5,,,,,,,,,,,,,,,,,,,,,,,,,,,,,,,,,0x00000000000002e4,C:\Windows\System32\services.exe,,,,,,-,,,,,-,,,,,,,WORKGROUP,0x00000000000003e7,WIN-2RR949GCCSV$,S-1-5-18,NT AUTHORITY,,0x0000000000000000,,0x00000000000003e7,,-,-,,,,,SYSTEM,S-1-5-18,,,,-,,,,,,%%1843,,,-
527,2026-04-01 16:19:26.231737+00:00,4672,Microsoft-Windows-Security-Auditing,,,,,,,,,,,,,,,,,,,,,,,,,,,,,,,,,,,,,,,,,,,,,,,,,,,,,,,,,,,,,,,,,,,,,,,,,,,,,,,,,,,,,"SeAssignPrimaryTokenPrivilege
			SeTcbPrivilege
			SeSecurityPrivilege
			SeTakeOwnershipPrivilege
			SeLoadDriverPrivilege
			SeBackupPrivilege
			SeRestorePrivilege
			SeDebugPrivilege
			SeAuditPrivilege
			SeSystemEnvironmentPrivilege
			SeImpersonatePrivilege
			SeDelegateSessionUserImpersonatePrivilege",,,,,,,,,,,,,,,,,,,,,NT AUTHORITY,0x00000000000003e7,SYSTEM,S-1-5-18,,,,,,,,,,,,,,,,,,,,,,,,,,,
528,2026-04-01 16:19:32.031483+00:00,4799,Microsoft-Windows-Security-Auditing,,,,,,,,,,,0x0000000000000c98,C:\Windows\System32\svchost.exe,,,,,,,,,,,,,,,,,,,,,,,,,,,,,,,,,,,,,,,,,,,,,,,,,,,,,,,,,,,,,,,,,,,,,,,,,,,,,,,,,,,,,,,,,,,,,,WORKGROUP,0x00000000000003e7,WIN-2RR949GCCSV$,S-1-5-18,Builtin,,,,,,,,,,,S-1-5-32-544,Administrators,,,,,,,,,,,,,,
529,2026-04-01 16:19:35.104158+00:00,4799,Microsoft-Windows-Security-Auditing,,,,,,,,,,,0x00000000000019c0,C:\Program Files (x86)\Microsoft\EdgeUpdate\Install\{1599EDAC-EF90-4FF0-B6C4-2AE6CF4F172F}\EDGEMITMP_C93BA.tmp\setup.exe,,,,,,,,,,,,,,,,,,,,,,,,,,,,,,,,,,,,,,,,,,,,,,,,,,,,,,,,,,,,,,,,,,,,,,,,,,,,,,,,,,,,,,,,,,,,,,WORKGROUP,0x00000000000003e7,WIN-2RR949GCCSV$,S-1-5-18,Builtin,,,,,,,,,,,S-1-5-32-545,Users,,,,,,,,,,,,,,
530,2026-04-01 16:19:42.209938+00:00,5379,Microsoft-Windows-Security-Auditing,,,,,,,,,,,,,,1508,,,0,,,,,,,,,,,,,,,,,,,,,,,,,,,,,,,,,,,,,,,,,,,,,,,,,,,,,,,,,,,,,,,,,,,,,2026-04-01 19:18:17.263266+00:00,,,,,,,%%8100,,,,,,,3221226021,,,,,,WORKGROUP,0x00000000000003e7,WIN-2RR949GCCSV$,S-1-5-18,,,,,,MicrosoftAccount:user=02gbacshevaotnyn,,,,,,,,,,,,,0,,,,,,,,
531,2026-04-01 16:19:42.210011+00:00,5379,Microsoft-Windows-Security-Auditing,,,,,,,,,,,,,,1508,,,0,,,,,,,,,,,,,,,,,,,,,,,,,,,,,,,,,,,,,,,,,,,,,,,,,,,,,,,,,,,,,,,,,,,,,2026-04-01 19:18:17.263266+00:00,,,,,,,%%8100,,,,,,,3221226021,,,,,,WORKGROUP,0x00000000000003e7,WIN-2RR949GCCSV$,S-1-5-18,,,,,,WindowsLive:(token):name=02gbacshevaotnyn;serviceuri=*,,,,,,,,,,,,,0,,,,,,,,
532,2026-04-01 16:19:42.211021+00:00,5379,Microsoft-Windows-Security-Auditing,,,,,,,,,,,,,,1508,,,0,,,,,,,,,,,,,,,,,,,,,,,,,,,,,,,,,,,,,,,,,,,,,,,,,,,,,,,,,,,,,,,,,,,,,2026-04-01 19:18:17.263266+00:00,,,,,,,%%8100,,,,,,,3221226021,,,,,,WORKGROUP,0x00000000000003e7,WIN-2RR949GCCSV$,S-1-5-18,,,,,,WindowsLive:(cert):name=02gbacshevaotnyn;serviceuri=*,,,,,,,,,,,,,0,,,,,,,,
533,2026-04-01 16:19:42.433687+00:00,5379,Microsoft-Windows-Security-Auditing,,,,,,,,,,,,,,1508,,,0,,,,,,,,,,,,,,,,,,,,,,,,,,,,,,,,,,,,,,,,,,,,,,,,,,,,,,,,,,,,,,,,,,,,,2026-04-01 19:18:17.263266+00:00,,,,,,,%%8100,,,,,,,3221226021,,,,,,WORKGROUP,0x00000000000003e7,WIN-2RR949GCCSV$,S-1-5-18,,,,,,MicrosoftAccount:user=02gbacshevaotnyn,,,,,,,,,,,,,0,,,,,,,,
534,2026-04-01 16:19:42.442469+00:00,5379,Microsoft-Windows-Security-Auditing,,,,,,,,,,,,,,1508,,,0,,,,,,,,,,,,,,,,,,,,,,,,,,,,,,,,,,,,,,,,,,,,,,,,,,,,,,,,,,,,,,,,,,,,,2026-04-01 19:18:17.263266+00:00,,,,,,,%%8100,,,,,,,3221226021,,,,,,WORKGROUP,0x00000000000003e7,WIN-2RR949GCCSV$,S-1-5-18,,,,,,MicrosoftAccount:user=02gbacshevaotnyn,,,,,,,,,,,,,0,,,,,,,,
535,2026-04-01 16:19:42.467770+00:00,4624,Microsoft-Windows-Security-Auditing,,,,,,,,,,Negotiate,,,,,,,,,,,,,,,%%1842,,,,,,,,,,,,%%1833,-,-,,,0,,,,-,,,,,{00000000-0000-0000-0000-000000000000},,Advapi  ,5,,,,,,,,,,,,,,,,,,,,,,,,,,,,,,,,,0x00000000000002e4,C:\Windows\System32\services.exe,,,,,,-,,,,,-,,,,,,,WORKGROUP,0x00000000000003e7,WIN-2RR949GCCSV$,S-1-5-18,NT AUTHORITY,,0x0000000000000000,,0x00000000000003e7,,-,-,,,,,SYSTEM,S-1-5-18,,,,-,,,,,,%%1843,,,-
536,2026-04-01 16:19:42.467775+00:00,4672,Microsoft-Windows-Security-Auditing,,,,,,,,,,,,,,,,,,,,,,,,,,,,,,,,,,,,,,,,,,,,,,,,,,,,,,,,,,,,,,,,,,,,,,,,,,,,,,,,,,,,,"SeAssignPrimaryTokenPrivilege
			SeTcbPrivilege
			SeSecurityPrivilege
			SeTakeOwnershipPrivilege
			SeLoadDriverPrivilege
			SeBackupPrivilege
			SeRestorePrivilege
			SeDebugPrivilege
			SeAuditPrivilege
			SeSystemEnvironmentPrivilege
			SeImpersonatePrivilege
			SeDelegateSessionUserImpersonatePrivilege",,,,,,,,,,,,,,,,,,,,,NT AUTHORITY,0x00000000000003e7,SYSTEM,S-1-5-18,,,,,,,,,,,,,,,,,,,,,,,,,,,
537,2026-04-01 16:19:42.494152+00:00,5379,Microsoft-Windows-Security-Auditing,,,,,,,,,,,,,,1508,,,0,,,,,,,,,,,,,,,,,,,,,,,,,,,,,,,,,,,,,,,,,,,,,,,,,,,,,,,,,,,,,,,,,,,,,2026-04-01 19:18:17.263266+00:00,,,,,,,%%8100,,,,,,,3221226021,,,,,,WORKGROUP,0x00000000000003e7,WIN-2RR949GCCSV$,S-1-5-18,,,,,,MicrosoftAccount:user=02gbacshevaotnyn,,,,,,,,,,,,,0,,,,,,,,
538,2026-04-01 16:19:42.494265+00:00,5379,Microsoft-Windows-Security-Auditing,,,,,,,,,,,,,,1508,,,0,,,,,,,,,,,,,,,,,,,,,,,,,,,,,,,,,,,,,,,,,,,,,,,,,,,,,,,,,,,,,,,,,,,,,2026-04-01 19:18:17.263266+00:00,,,,,,,%%8100,,,,,,,3221226021,,,,,,WORKGROUP,0x00000000000003e7,WIN-2RR949GCCSV$,S-1-5-18,,,,,,MicrosoftAccount:user=02gbacshevaotnyn,,,,,,,,,,,,,0,,,,,,,,
539,2026-04-01 16:19:53.750954+00:00,4624,Microsoft-Windows-Security-Auditing,,,,,,,,,,Negotiate,,,,,,,,,,,,,,,%%1842,,,,,,,,,,,,%%1833,-,-,,,0,,,,-,,,,,{00000000-0000-0000-0000-000000000000},,Advapi  ,5,,,,,,,,,,,,,,,,,,,,,,,,,,,,,,,,,0x00000000000002e4,C:\Windows\System32\services.exe,,,,,,-,,,,,-,,,,,,,WORKGROUP,0x00000000000003e7,WIN-2RR949GCCSV$,S-1-5-18,NT AUTHORITY,,0x0000000000000000,,0x00000000000003e7,,-,-,,,,,SYSTEM,S-1-5-18,,,,-,,,,,,%%1843,,,-
540,2026-04-01 16:19:53.750999+00:00,4672,Microsoft-Windows-Security-Auditing,,,,,,,,,,,,,,,,,,,,,,,,,,,,,,,,,,,,,,,,,,,,,,,,,,,,,,,,,,,,,,,,,,,,,,,,,,,,,,,,,,,,,"SeAssignPrimaryTokenPrivilege
			SeTcbPrivilege
			SeSecurityPrivilege
			SeTakeOwnershipPrivilege
			SeLoadDriverPrivilege
			SeBackupPrivilege
			SeRestorePrivilege
			SeDebugPrivilege
			SeAuditPrivilege
			SeSystemEnvironmentPrivilege
			SeImpersonatePrivilege
			SeDelegateSessionUserImpersonatePrivilege",,,,,,,,,,,,,,,,,,,,,NT AUTHORITY,0x00000000000003e7,SYSTEM,S-1-5-18,,,,,,,,,,,,,,,,,,,,,,,,,,,
541,2026-04-01 16:19:55.996265+00:00,4624,Microsoft-Windows-Security-Auditing,,,,,,,,,,Negotiate,,,,,,,,,,,,,,,%%1842,,,,,,,,,,,,%%1833,-,-,,,0,,,,-,,,,,{00000000-0000-0000-0000-000000000000},,Advapi  ,5,,,,,,,,,,,,,,,,,,,,,,,,,,,,,,,,,0x00000000000002e4,C:\Windows\System32\services.exe,,,,,,-,,,,,-,,,,,,,WORKGROUP,0x00000000000003e7,WIN-2RR949GCCSV$,S-1-5-18,NT AUTHORITY,,0x0000000000000000,,0x00000000000003e7,,-,-,,,,,SYSTEM,S-1-5-18,,,,-,,,,,,%%1843,,,-
542,2026-04-01 16:19:55.996271+00:00,4672,Microsoft-Windows-Security-Auditing,,,,,,,,,,,,,,,,,,,,,,,,,,,,,,,,,,,,,,,,,,,,,,,,,,,,,,,,,,,,,,,,,,,,,,,,,,,,,,,,,,,,,"SeAssignPrimaryTokenPrivilege
			SeTcbPrivilege
			SeSecurityPrivilege
			SeTakeOwnershipPrivilege
			SeLoadDriverPrivilege
			SeBackupPrivilege
			SeRestorePrivilege
			SeDebugPrivilege
			SeAuditPrivilege
			SeSystemEnvironmentPrivilege
			SeImpersonatePrivilege
			SeDelegateSessionUserImpersonatePrivilege",,,,,,,,,,,,,,,,,,,,,NT AUTHORITY,0x00000000000003e7,SYSTEM,S-1-5-18,,,,,,,,,,,,,,,,,,,,,,,,,,,
543,2026-04-01 16:19:58.569038+00:00,5379,Microsoft-Windows-Security-Auditing,,,,,,,,,,,,,,1508,,,0,,,,,,,,,,,,,,,,,,,,,,,,,,,,,,,,,,,,,,,,,,,,,,,,,,,,,,,,,,,,,,,,,,,,,2026-04-01 19:18:17.263266+00:00,,,,,,,%%8100,,,,,,,3221226021,,,,,,DESKTOP-3RQPMJ6,0x000000000005613e,defaultuser0,S-1-5-21-2352865859-2334931103-2005901029-1000,,,,,,MicrosoftAccount:user=02cdlbmzdcrkqvxq,,,,,,,,,,,,,0,,,,,,,,
544,2026-04-01 16:19:58.569115+00:00,5379,Microsoft-Windows-Security-Auditing,,,,,,,,,,,,,,1508,,,0,,,,,,,,,,,,,,,,,,,,,,,,,,,,,,,,,,,,,,,,,,,,,,,,,,,,,,,,,,,,,,,,,,,,,2026-04-01 19:18:17.263266+00:00,,,,,,,%%8100,,,,,,,3221226021,,,,,,DESKTOP-3RQPMJ6,0x000000000005613e,defaultuser0,S-1-5-21-2352865859-2334931103-2005901029-1000,,,,,,WindowsLive:(token):name=02cdlbmzdcrkqvxq;serviceuri=*,,,,,,,,,,,,,0,,,,,,,,
545,2026-04-01 16:19:58.569620+00:00,5379,Microsoft-Windows-Security-Auditing,,,,,,,,,,,,,,1508,,,0,,,,,,,,,,,,,,,,,,,,,,,,,,,,,,,,,,,,,,,,,,,,,,,,,,,,,,,,,,,,,,,,,,,,,2026-04-01 19:18:17.263266+00:00,,,,,,,%%8100,,,,,,,3221226021,,,,,,DESKTOP-3RQPMJ6,0x000000000005613e,defaultuser0,S-1-5-21-2352865859-2334931103-2005901029-1000,,,,,,WindowsLive:(cert):name=02cdlbmzdcrkqvxq;serviceuri=*,,,,,,,,,,,,,0,,,,,,,,
546,2026-04-01 16:19:58.889988+00:00,5379,Microsoft-Windows-Security-Auditing,,,,,,,,,,,,,,1508,,,0,,,,,,,,,,,,,,,,,,,,,,,,,,,,,,,,,,,,,,,,,,,,,,,,,,,,,,,,,,,,,,,,,,,,,2026-04-01 19:18:17.263266+00:00,,,,,,,%%8100,,,,,,,3221226021,,,,,,DESKTOP-3RQPMJ6,0x000000000005613e,defaultuser0,S-1-5-21-2352865859-2334931103-2005901029-1000,,,,,,MicrosoftAccount:user=02cdlbmzdcrkqvxq,,,,,,,,,,,,,0,,,,,,,,
547,2026-04-01 16:19:58.903784+00:00,5379,Microsoft-Windows-Security-Auditing,,,,,,,,,,,,,,1508,,,0,,,,,,,,,,,,,,,,,,,,,,,,,,,,,,,,,,,,,,,,,,,,,,,,,,,,,,,,,,,,,,,,,,,,,2026-04-01 19:18:17.263266+00:00,,,,,,,%%8100,,,,,,,3221226021,,,,,,DESKTOP-3RQPMJ6,0x000000000005613e,defaultuser0,S-1-5-21-2352865859-2334931103-2005901029-1000,,,,,,MicrosoftAccount:user=02cdlbmzdcrkqvxq,,,,,,,,,,,,,0,,,,,,,,
548,2026-04-01 16:19:58.905792+00:00,5379,Microsoft-Windows-Security-Auditing,,,,,,,,,,,,,,1508,,,0,,,,,,,,,,,,,,,,,,,,,,,,,,,,,,,,,,,,,,,,,,,,,,,,,,,,,,,,,,,,,,,,,,,,,2026-04-01 19:18:17.263266+00:00,,,,,,,%%8100,,,,,,,3221226021,,,,,,DESKTOP-3RQPMJ6,0x000000000005613e,defaultuser0,S-1-5-21-2352865859-2334931103-2005901029-1000,,,,,,MicrosoftAccount:user=02cdlbmzdcrkqvxq,,,,,,,,,,,,,0,,,,,,,,
549,2026-04-01 16:19:58.905838+00:00,5379,Microsoft-Windows-Security-Auditing,,,,,,,,,,,,,,1508,,,0,,,,,,,,,,,,,,,,,,,,,,,,,,,,,,,,,,,,,,,,,,,,,,,,,,,,,,,,,,,,,,,,,,,,,2026-04-01 19:18:17.263266+00:00,,,,,,,%%8100,,,,,,,3221226021,,,,,,DESKTOP-3RQPMJ6,0x000000000005613e,defaultuser0,S-1-5-21-2352865859-2334931103-2005901029-1000,,,,,,MicrosoftAccount:user=02cdlbmzdcrkqvxq,,,,,,,,,,,,,0,,,,,,,,
550,2026-04-01 16:20:35.662596+00:00,5379,Microsoft-Windows-Security-Auditing,,,,,,,,,,,,,,1508,,,0,,,,,,,,,,,,,,,,,,,,,,,,,,,,,,,,,,,,,,,,,,,,,,,,,,,,,,,,,,,,,,,,,,,,,2026-04-01 19:18:17.263266+00:00,,,,,,,%%8100,,,,,,,3221226021,,,,,,WORKGROUP,0x00000000000003e7,WIN-2RR949GCCSV$,S-1-5-18,,,,,,MicrosoftAccount:user=02gbacshevaotnyn,,,,,,,,,,,,,0,,,,,,,,
551,2026-04-01 16:20:35.662840+00:00,5379,Microsoft-Windows-Security-Auditing,,,,,,,,,,,,,,1508,,,0,,,,,,,,,,,,,,,,,,,,,,,,,,,,,,,,,,,,,,,,,,,,,,,,,,,,,,,,,,,,,,,,,,,,,2026-04-01 19:18:17.263266+00:00,,,,,,,%%8100,,,,,,,3221226021,,,,,,WORKGROUP,0x00000000000003e7,WIN-2RR949GCCSV$,S-1-5-18,,,,,,WindowsLive:(token):name=02gbacshevaotnyn;serviceuri=*,,,,,,,,,,,,,0,,,,,,,,
552,2026-04-01 16:20:35.663399+00:00,5379,Microsoft-Windows-Security-Auditing,,,,,,,,,,,,,,1508,,,0,,,,,,,,,,,,,,,,,,,,,,,,,,,,,,,,,,,,,,,,,,,,,,,,,,,,,,,,,,,,,,,,,,,,,2026-04-01 19:18:17.263266+00:00,,,,,,,%%8100,,,,,,,3221226021,,,,,,WORKGROUP,0x00000000000003e7,WIN-2RR949GCCSV$,S-1-5-18,,,,,,WindowsLive:(cert):name=02gbacshevaotnyn;serviceuri=*,,,,,,,,,,,,,0,,,,,,,,
553,2026-04-01 16:20:35.880693+00:00,5379,Microsoft-Windows-Security-Auditing,,,,,,,,,,,,,,1508,,,0,,,,,,,,,,,,,,,,,,,,,,,,,,,,,,,,,,,,,,,,,,,,,,,,,,,,,,,,,,,,,,,,,,,,,2026-04-01 19:18:17.263266+00:00,,,,,,,%%8100,,,,,,,3221226021,,,,,,WORKGROUP,0x00000000000003e7,WIN-2RR949GCCSV$,S-1-5-18,,,,,,MicrosoftAccount:user=02gbacshevaotnyn,,,,,,,,,,,,,0,,,,,,,,
554,2026-04-01 16:20:35.881166+00:00,5379,Microsoft-Windows-Security-Auditing,,,,,,,,,,,,,,1508,,,0,,,,,,,,,,,,,,,,,,,,,,,,,,,,,,,,,,,,,,,,,,,,,,,,,,,,,,,,,,,,,,,,,,,,,2026-04-01 19:18:17.263266+00:00,,,,,,,%%8100,,,,,,,3221226021,,,,,,WORKGROUP,0x00000000000003e7,WIN-2RR949GCCSV$,S-1-5-18,,,,,,MicrosoftAccount:user=02gbacshevaotnyn,,,,,,,,,,,,,0,,,,,,,,
555,2026-04-01 16:20:35.884672+00:00,5379,Microsoft-Windows-Security-Auditing,,,,,,,,,,,,,,1508,,,0,,,,,,,,,,,,,,,,,,,,,,,,,,,,,,,,,,,,,,,,,,,,,,,,,,,,,,,,,,,,,,,,,,,,,2026-04-01 19:18:17.263266+00:00,,,,,,,%%8100,,,,,,,3221226021,,,,,,WORKGROUP,0x00000000000003e7,WIN-2RR949GCCSV$,S-1-5-18,,,,,,MicrosoftAccount:user=02gbacshevaotnyn,,,,,,,,,,,,,0,,,,,,,,
556,2026-04-01 16:20:35.884743+00:00,5379,Microsoft-Windows-Security-Auditing,,,,,,,,,,,,,,1508,,,0,,,,,,,,,,,,,,,,,,,,,,,,,,,,,,,,,,,,,,,,,,,,,,,,,,,,,,,,,,,,,,,,,,,,,2026-04-01 19:18:17.263266+00:00,,,,,,,%%8100,,,,,,,3221226021,,,,,,WORKGROUP,0x00000000000003e7,WIN-2RR949GCCSV$,S-1-5-18,,,,,,MicrosoftAccount:user=02gbacshevaotnyn,,,,,,,,,,,,,0,,,,,,,,
557,2026-04-01 16:20:42.042547+00:00,4624,Microsoft-Windows-Security-Auditing,,,,,,,,,,Negotiate,,,,,,,,,,,,,,,%%1842,,,,,,,,,,,,%%1833,-,-,,,0,,,,-,,,,,{00000000-0000-0000-0000-000000000000},,Advapi  ,5,,,,,,,,,,,,,,,,,,,,,,,,,,,,,,,,,0x00000000000002e4,C:\Windows\System32\services.exe,,,,,,-,,,,,-,,,,,,,WORKGROUP,0x00000000000003e7,WIN-2RR949GCCSV$,S-1-5-18,NT AUTHORITY,,0x0000000000000000,,0x00000000000003e7,,-,-,,,,,SYSTEM,S-1-5-18,,,,-,,,,,,%%1843,,,-
558,2026-04-01 16:20:42.042551+00:00,4672,Microsoft-Windows-Security-Auditing,,,,,,,,,,,,,,,,,,,,,,,,,,,,,,,,,,,,,,,,,,,,,,,,,,,,,,,,,,,,,,,,,,,,,,,,,,,,,,,,,,,,,"SeAssignPrimaryTokenPrivilege
			SeTcbPrivilege
			SeSecurityPrivilege
			SeTakeOwnershipPrivilege
			SeLoadDriverPrivilege
			SeBackupPrivilege
			SeRestorePrivilege
			SeDebugPrivilege
			SeAuditPrivilege
			SeSystemEnvironmentPrivilege
			SeImpersonatePrivilege
			SeDelegateSessionUserImpersonatePrivilege",,,,,,,,,,,,,,,,,,,,,NT AUTHORITY,0x00000000000003e7,SYSTEM,S-1-5-18,,,,,,,,,,,,,,,,,,,,,,,,,,,
559,2026-04-01 16:20:51.913786+00:00,4624,Microsoft-Windows-Security-Auditing,,,,,,,,,,Negotiate,,,,,,,,,,,,,,,%%1842,,,,,,,,,,,,%%1833,-,-,,,0,,,,-,,,,,{00000000-0000-0000-0000-000000000000},,Advapi  ,5,,,,,,,,,,,,,,,,,,,,,,,,,,,,,,,,,0x00000000000002e4,C:\Windows\System32\services.exe,,,,,,-,,,,,-,,,,,,,WORKGROUP,0x00000000000003e7,WIN-2RR949GCCSV$,S-1-5-18,NT AUTHORITY,,0x0000000000000000,,0x00000000000003e7,,-,-,,,,,SYSTEM,S-1-5-18,,,,-,,,,,,%%1843,,,-
560,2026-04-01 16:20:51.913794+00:00,4672,Microsoft-Windows-Security-Auditing,,,,,,,,,,,,,,,,,,,,,,,,,,,,,,,,,,,,,,,,,,,,,,,,,,,,,,,,,,,,,,,,,,,,,,,,,,,,,,,,,,,,,"SeAssignPrimaryTokenPrivilege
			SeTcbPrivilege
			SeSecurityPrivilege
			SeTakeOwnershipPrivilege
			SeLoadDriverPrivilege
			SeBackupPrivilege
			SeRestorePrivilege
			SeDebugPrivilege
			SeAuditPrivilege
			SeSystemEnvironmentPrivilege
			SeImpersonatePrivilege
			SeDelegateSessionUserImpersonatePrivilege",,,,,,,,,,,,,,,,,,,,,NT AUTHORITY,0x00000000000003e7,SYSTEM,S-1-5-18,,,,,,,,,,,,,,,,,,,,,,,,,,,
561,2026-04-01 16:21:51.996244+00:00,4907,Microsoft-Windows-Security-Auditing,,,,,,,,,,,,,,,,,,,,,,,,,,,,,,0x000000000000063c,,,,,,,,,,,,,,,,,,,,,,,,,,,,,,,,,,,S:ARAI(AU;SAFA;0x1f0116;;;WD),,,,,C:\Windows\servicing\Packages\Package_for_KB5078674~31bf3856ad364e35~amd64~~26100.7900.1.5.cat,Security,File,,,,,,,,,,,,,,,0x0000000000000ac4,C:\Windows\WinSxS\amd64_microsoft-windows-servicingstack_31bf3856ad364e35_10.0.26100.8035_none_a54f1c79772e807e\TiWorker.exe,,,,,,,,,,,,,,,,,,WORKGROUP,0x00000000000003e7,WIN-2RR949GCCSV$,S-1-5-18,,,,,,,,,,,,,,,,,,,,,,,,,,,
562,2026-04-01 16:21:51.997320+00:00,4907,Microsoft-Windows-Security-Auditing,,,,,,,,,,,,,,,,,,,,,,,,,,,,,,0x000000000000063c,,,,,,,,,,,,,,,,,,,,,,,,,,,,,,,,,,,S:ARAI(AU;SAFA;0x1f0116;;;WD),,,,,C:\Windows\servicing\Packages\Package_for_KB5078674~31bf3856ad364e35~amd64~~26100.7900.1.5.mum,Security,File,,,,,,,,,,,,,,,0x0000000000000ac4,C:\Windows\WinSxS\amd64_microsoft-windows-servicingstack_31bf3856ad364e35_10.0.26100.8035_none_a54f1c79772e807e\TiWorker.exe,,,,,,,,,,,,,,,,,,WORKGROUP,0x00000000000003e7,WIN-2RR949GCCSV$,S-1-5-18,,,,,,,,,,,,,,,,,,,,,,,,,,,
563,2026-04-01 16:21:52.030958+00:00,4907,Microsoft-Windows-Security-Auditing,,,,,,,,,,,,,,,,,,,,,,,,,,,,,,0x0000000000000670,,,,,,,,,,,,,,,,,,,,,,,,,,,,,,,,,,,S:ARAI(AU;SAFA;0x1f0116;;;WD),,,,,C:\Windows\servicing\Packages\Wrapper-88AAEAF64461DE69E9B184D8EE1ECA648126205E373927879ABA135CF568530C~31bf3856ad364e35~amd64~~10.0.26100.7900.cat,Security,File,,,,,,,,,,,,,,,0x0000000000000ac4,C:\Windows\WinSxS\amd64_microsoft-windows-servicingstack_31bf3856ad364e35_10.0.26100.8035_none_a54f1c79772e807e\TiWorker.exe,,,,,,,,,,,,,,,,,,WORKGROUP,0x00000000000003e7,WIN-2RR949GCCSV$,S-1-5-18,,,,,,,,,,,,,,,,,,,,,,,,,,,
564,2026-04-01 16:21:52.042624+00:00,4907,Microsoft-Windows-Security-Auditing,,,,,,,,,,,,,,,,,,,,,,,,,,,,,,0x0000000000000658,,,,,,,,,,,,,,,,,,,,,,,,,,,,,,,,,,,S:ARAI(AU;SAFA;0x1f0116;;;WD),,,,,C:\Windows\servicing\Packages\Wrapper-88AAEAF64461DE69E9B184D8EE1ECA648126205E373927879ABA135CF568530C~31bf3856ad364e35~amd64~~10.0.26100.7900.mum,Security,File,,,,,,,,,,,,,,,0x0000000000000ac4,C:\Windows\WinSxS\amd64_microsoft-windows-servicingstack_31bf3856ad364e35_10.0.26100.8035_none_a54f1c79772e807e\TiWorker.exe,,,,,,,,,,,,,,,,,,WORKGROUP,0x00000000000003e7,WIN-2RR949GCCSV$,S-1-5-18,,,,,,,,,,,,,,,,,,,,,,,,,,,
565,2026-04-01 16:21:52.972462+00:00,4907,Microsoft-Windows-Security-Auditing,,,,,,,,,,,,,,,,,,,,,,,,,,,,,,0x000000000000063c,,,,,,,,,,,,,,,,,,,,,,,,,,,,,,,,,,,S:ARAI(AU;SAFA;0x1f0116;;;WD),,,,,C:\Windows\servicing\Packages\Shared-632E49C12A18C142C55D419C7B9C9A8E8CC4B61170C2BAA7ADBDE969114B0582~31bf3856ad364e35~amd64~~10.0.26100.7900.cat,Security,File,,,,,,,,,,,,,,,0x0000000000000ac4,C:\Windows\WinSxS\amd64_microsoft-windows-servicingstack_31bf3856ad364e35_10.0.26100.8035_none_a54f1c79772e807e\TiWorker.exe,,,,,,,,,,,,,,,,,,WORKGROUP,0x00000000000003e7,WIN-2RR949GCCSV$,S-1-5-18,,,,,,,,,,,,,,,,,,,,,,,,,,,
566,2026-04-01 16:21:52.973940+00:00,4907,Microsoft-Windows-Security-Auditing,,,,,,,,,,,,,,,,,,,,,,,,,,,,,,0x0000000000000674,,,,,,,,,,,,,,,,,,,,,,,,,,,,,,,,,,,S:ARAI(AU;SAFA;0x1f0116;;;WD),,,,,C:\Windows\servicing\Packages\Shared-632E49C12A18C142C55D419C7B9C9A8E8CC4B61170C2BAA7ADBDE969114B0582~31bf3856ad364e35~amd64~~10.0.26100.7900.mum,Security,File,,,,,,,,,,,,,,,0x0000000000000ac4,C:\Windows\WinSxS\amd64_microsoft-windows-servicingstack_31bf3856ad364e35_10.0.26100.8035_none_a54f1c79772e807e\TiWorker.exe,,,,,,,,,,,,,,,,,,WORKGROUP,0x00000000000003e7,WIN-2RR949GCCSV$,S-1-5-18,,,,,,,,,,,,,,,,,,,,,,,,,,,
567,2026-04-01 16:21:53.113480+00:00,4907,Microsoft-Windows-Security-Auditing,,,,,,,,,,,,,,,,,,,,,,,,,,,,,,0x000000000000066c,,,,,,,,,,,,,,,,,,,,,,,,,,,,,,,,,,,S:ARAI(AU;SAFA;0x1f0116;;;WD),,,,,C:\Windows\servicing\Packages\Language-31EA21179938BBCDD83300FCBD56FF81767A5C2113F51CDF63ABF0BD662BDB23~31bf3856ad364e35~amd64~en-US~10.0.26100.7900.cat,Security,File,,,,,,,,,,,,,,,0x0000000000000ac4,C:\Windows\WinSxS\amd64_microsoft-windows-servicingstack_31bf3856ad364e35_10.0.26100.8035_none_a54f1c79772e807e\TiWorker.exe,,,,,,,,,,,,,,,,,,WORKGROUP,0x00000000000003e7,WIN-2RR949GCCSV$,S-1-5-18,,,,,,,,,,,,,,,,,,,,,,,,,,,
568,2026-04-01 16:21:53.115070+00:00,4907,Microsoft-Windows-Security-Auditing,,,,,,,,,,,,,,,,,,,,,,,,,,,,,,0x000000000000066c,,,,,,,,,,,,,,,,,,,,,,,,,,,,,,,,,,,S:ARAI(AU;SAFA;0x1f0116;;;WD),,,,,C:\Windows\servicing\Packages\Language-31EA21179938BBCDD83300FCBD56FF81767A5C2113F51CDF63ABF0BD662BDB23~31bf3856ad364e35~amd64~en-US~10.0.26100.7900.mum,Security,File,,,,,,,,,,,,,,,0x0000000000000ac4,C:\Windows\WinSxS\amd64_microsoft-windows-servicingstack_31bf3856ad364e35_10.0.26100.8035_none_a54f1c79772e807e\TiWorker.exe,,,,,,,,,,,,,,,,,,WORKGROUP,0x00000000000003e7,WIN-2RR949GCCSV$,S-1-5-18,,,,,,,,,,,,,,,,,,,,,,,,,,,
569,2026-04-01 16:21:53.132895+00:00,4907,Microsoft-Windows-Security-Auditing,,,,,,,,,,,,,,,,,,,,,,,,,,,,,,0x000000000000066c,,,,,,,,,,,,,,,,,,,,,,,,,,,,,,,,,,,S:ARAI(AU;SAFA;0x1f0116;;;WD),,,,,C:\Windows\servicing\Packages\Wrapper-8A891B52AE695B794B59C395989DB9AAC870442F7078DD0D90F49700EF6B419E~31bf3856ad364e35~amd64~~10.0.26100.7900.cat,Security,File,,,,,,,,,,,,,,,0x0000000000000ac4,C:\Windows\WinSxS\amd64_microsoft-windows-servicingstack_31bf3856ad364e35_10.0.26100.8035_none_a54f1c79772e807e\TiWorker.exe,,,,,,,,,,,,,,,,,,WORKGROUP,0x00000000000003e7,WIN-2RR949GCCSV$,S-1-5-18,,,,,,,,,,,,,,,,,,,,,,,,,,,
570,2026-04-01 16:21:53.149933+00:00,4907,Microsoft-Windows-Security-Auditing,,,,,,,,,,,,,,,,,,,,,,,,,,,,,,0x000000000000063c,,,,,,,,,,,,,,,,,,,,,,,,,,,,,,,,,,,S:ARAI(AU;SAFA;0x1f0116;;;WD),,,,,C:\Windows\servicing\Packages\Wrapper-8A891B52AE695B794B59C395989DB9AAC870442F7078DD0D90F49700EF6B419E~31bf3856ad364e35~amd64~~10.0.26100.7900.mum,Security,File,,,,,,,,,,,,,,,0x0000000000000ac4,C:\Windows\WinSxS\amd64_microsoft-windows-servicingstack_31bf3856ad364e35_10.0.26100.8035_none_a54f1c79772e807e\TiWorker.exe,,,,,,,,,,,,,,,,,,WORKGROUP,0x00000000000003e7,WIN-2RR949GCCSV$,S-1-5-18,,,,,,,,,,,,,,,,,,,,,,,,,,,
571,2026-04-01 16:22:04.142483+00:00,4907,Microsoft-Windows-Security-Auditing,,,,,,,,,,,,,,,,,,,,,,,,,,,,,,0x0000000000000648,,,,,,,,,,,,,,,,,,,,,,,,,,,,,,,,,,,S:NO_ACCESS_CONTROL,,,,,C:\Windows\servicing\Packages\Shared-632E49C12A18C142C55D419C7B9C9A8E8CC4B61170C2BAA7ADBDE969114B0582~31bf3856ad364e35~amd64~~10.0.26100.7900.cat,Security,File,,S:AI(AU;SAFA;0x1f0116;;;WD),,,,,,,,,,,,,0x0000000000000ac4,C:\Windows\WinSxS\amd64_microsoft-windows-servicingstack_31bf3856ad364e35_10.0.26100.8035_none_a54f1c79772e807e\TiWorker.exe,,,,,,,,,,,,,,,,,,WORKGROUP,0x00000000000003e7,WIN-2RR949GCCSV$,S-1-5-18,,,,,,,,,,,,,,,,,,,,,,,,,,,
572,2026-04-01 16:22:04.163416+00:00,4907,Microsoft-Windows-Security-Auditing,,,,,,,,,,,,,,,,,,,,,,,,,,,,,,0x00000000000005a8,,,,,,,,,,,,,,,,,,,,,,,,,,,,,,,,,,,S:NO_ACCESS_CONTROL,,,,,C:\Windows\servicing\Packages\Language-31EA21179938BBCDD83300FCBD56FF81767A5C2113F51CDF63ABF0BD662BDB23~31bf3856ad364e35~amd64~en-US~10.0.26100.7900.cat,Security,File,,S:AI(AU;SAFA;0x1f0116;;;WD),,,,,,,,,,,,,0x0000000000000ac4,C:\Windows\WinSxS\amd64_microsoft-windows-servicingstack_31bf3856ad364e35_10.0.26100.8035_none_a54f1c79772e807e\TiWorker.exe,,,,,,,,,,,,,,,,,,WORKGROUP,0x00000000000003e7,WIN-2RR949GCCSV$,S-1-5-18,,,,,,,,,,,,,,,,,,,,,,,,,,,
573,2026-04-01 16:22:06.808535+00:00,4907,Microsoft-Windows-Security-Auditing,,,,,,,,,,,,,,,,,,,,,,,,,,,,,,0x0000000000000fbc,,,,,,,,,,,,,,,,,,,,,,,,,,,,,,,,,,,S:(AU;SAFA;0x1f0116;;;WD),,,,,C:\Windows\WinSxS\FileMaps\_0000000000000000.cdf-ms,Security,File,,,,,,,,,,,,,,,0x0000000000000ac4,C:\Windows\WinSxS\amd64_microsoft-windows-servicingstack_31bf3856ad364e35_10.0.26100.8035_none_a54f1c79772e807e\TiWorker.exe,,,,,,,,,,,,,,,,,,WORKGROUP,0x00000000000003e7,WIN-2RR949GCCSV$,S-1-5-18,,,,,,,,,,,,,,,,,,,,,,,,,,,
574,2026-04-01 16:22:06.810650+00:00,4907,Microsoft-Windows-Security-Auditing,,,,,,,,,,,,,,,,,,,,,,,,,,,,,,0x0000000000000fbc,,,,,,,,,,,,,,,,,,,,,,,,,,,,,,,,,,,S:(AU;SAFA;0x1f0116;;;WD),,,,,C:\Windows\WinSxS\FileMaps\$$.cdf-ms,Security,File,,,,,,,,,,,,,,,0x0000000000000ac4,C:\Windows\WinSxS\amd64_microsoft-windows-servicingstack_31bf3856ad364e35_10.0.26100.8035_none_a54f1c79772e807e\TiWorker.exe,,,,,,,,,,,,,,,,,,WORKGROUP,0x00000000000003e7,WIN-2RR949GCCSV$,S-1-5-18,,,,,,,,,,,,,,,,,,,,,,,,,,,
575,2026-04-01 16:22:06.811951+00:00,4907,Microsoft-Windows-Security-Auditing,,,,,,,,,,,,,,,,,,,,,,,,,,,,,,0x0000000000000fbc,,,,,,,,,,,,,,,,,,,,,,,,,,,,,,,,,,,S:(AU;SAFA;0x1f0116;;;WD),,,,,C:\Windows\WinSxS\FileMaps\$$_systemapps_microsoft.windows.cloudexperiencehost_cw5n1h2txyewy_e92250ef2519d1f6.cdf-ms,Security,File,,,,,,,,,,,,,,,0x0000000000000ac4,C:\Windows\WinSxS\amd64_microsoft-windows-servicingstack_31bf3856ad364e35_10.0.26100.8035_none_a54f1c79772e807e\TiWorker.exe,,,,,,,,,,,,,,,,,,WORKGROUP,0x00000000000003e7,WIN-2RR949GCCSV$,S-1-5-18,,,,,,,,,,,,,,,,,,,,,,,,,,,
576,2026-04-01 16:22:06.813913+00:00,4907,Microsoft-Windows-Security-Auditing,,,,,,,,,,,,,,,,,,,,,,,,,,,,,,0x0000000000000fbc,,,,,,,,,,,,,,,,,,,,,,,,,,,,,,,,,,,S:(AU;SAFA;0x1f0116;;;WD),,,,,C:\Windows\WinSxS\FileMaps\$$_systemapps_microsoft.windows.cloudexperiencehost_cw5n1h2txyewy_pris_4436110b27fc8d08.cdf-ms,Security,File,,,,,,,,,,,,,,,0x0000000000000ac4,C:\Windows\WinSxS\amd64_microsoft-windows-servicingstack_31bf3856ad364e35_10.0.26100.8035_none_a54f1c79772e807e\TiWorker.exe,,,,,,,,,,,,,,,,,,WORKGROUP,0x00000000000003e7,WIN-2RR949GCCSV$,S-1-5-18,,,,,,,,,,,,,,,,,,,,,,,,,,,
577,2026-04-01 16:27:42.811846+00:00,4624,Microsoft-Windows-Security-Auditing,,,,,,,,,,Negotiate,,,,,,,,,,,,,,,%%1842,,,,,,,,,,,,%%1833,-,-,,,0,,,,-,,,,,{00000000-0000-0000-0000-000000000000},,Advapi  ,5,,,,,,,,,,,,,,,,,,,,,,,,,,,,,,,,,0x00000000000002e4,C:\Windows\System32\services.exe,,,,,,-,,,,,-,,,,,,,WORKGROUP,0x00000000000003e7,WIN-2RR949GCCSV$,S-1-5-18,NT AUTHORITY,,0x0000000000000000,,0x00000000000003e7,,-,-,,,,,SYSTEM,S-1-5-18,,,,-,,,,,,%%1843,,,-
578,2026-04-01 16:27:42.811852+00:00,4672,Microsoft-Windows-Security-Auditing,,,,,,,,,,,,,,,,,,,,,,,,,,,,,,,,,,,,,,,,,,,,,,,,,,,,,,,,,,,,,,,,,,,,,,,,,,,,,,,,,,,,,"SeAssignPrimaryTokenPrivilege
			SeTcbPrivilege
			SeSecurityPrivilege
			SeTakeOwnershipPrivilege
			SeLoadDriverPrivilege
			SeBackupPrivilege
			SeRestorePrivilege
			SeDebugPrivilege
			SeAuditPrivilege
			SeSystemEnvironmentPrivilege
			SeImpersonatePrivilege
			SeDelegateSessionUserImpersonatePrivilege",,,,,,,,,,,,,,,,,,,,,NT AUTHORITY,0x00000000000003e7,SYSTEM,S-1-5-18,,,,,,,,,,,,,,,,,,,,,,,,,,,
579,2026-04-01 16:28:09.813042+00:00,4624,Microsoft-Windows-Security-Auditing,,,,,,,,,,Negotiate,,,,,,,,,,,,,,,%%1842,,,,,,,,,,,,%%1833,-,-,,,0,,,,-,,,,,{00000000-0000-0000-0000-000000000000},,Advapi  ,5,,,,,,,,,,,,,,,,,,,,,,,,,,,,,,,,,0x00000000000002e4,C:\Windows\System32\services.exe,,,,,,-,,,,,-,,,,,,,WORKGROUP,0x00000000000003e7,WIN-2RR949GCCSV$,S-1-5-18,NT AUTHORITY,,0x0000000000000000,,0x00000000000003e7,,-,-,,,,,SYSTEM,S-1-5-18,,,,-,,,,,,%%1843,,,-
580,2026-04-01 16:28:09.813047+00:00,4672,Microsoft-Windows-Security-Auditing,,,,,,,,,,,,,,,,,,,,,,,,,,,,,,,,,,,,,,,,,,,,,,,,,,,,,,,,,,,,,,,,,,,,,,,,,,,,,,,,,,,,,"SeAssignPrimaryTokenPrivilege
			SeTcbPrivilege
			SeSecurityPrivilege
			SeTakeOwnershipPrivilege
			SeLoadDriverPrivilege
			SeBackupPrivilege
			SeRestorePrivilege
			SeDebugPrivilege
			SeAuditPrivilege
			SeSystemEnvironmentPrivilege
			SeImpersonatePrivilege
			SeDelegateSessionUserImpersonatePrivilege",,,,,,,,,,,,,,,,,,,,,NT AUTHORITY,0x00000000000003e7,SYSTEM,S-1-5-18,,,,,,,,,,,,,,,,,,,,,,,,,,,
